Topic to send: test-topic
Topic to acks: -2
Records: 80000
Size:30000
[23:55:50]    __________  ________________ 
[23:55:50]   /  _/ ___/ |/ /  _/_  __/ __/ 
[23:55:50]  _/ // (7 7    // /  / / / _/   
[23:55:50] /___/\___/_/|_/___/ /_/ /___/  
[23:55:50] 
[23:55:50] ver. 2.7.6#20190911-sha1:21f7ca41
[23:55:50] 2019 Copyright(C) Apache Software Foundation
[23:55:50] 
[23:55:50] Ignite documentation: http://ignite.apache.org
[23:55:50] 
[23:55:50] Quiet mode.
[23:55:50]   ^-- Logging by 'JavaLogger [quiet=true, config=null]'
[23:55:50]   ^-- To see **FULL** console log here add -DIGNITE_QUIET=false or "-v" to ignite.{sh|bat}
[23:55:50] 
[23:55:50] OS: Linux 5.0.0-38-generic amd64
[23:55:50] VM information: OpenJDK Runtime Environment 11.0.5+10-post-Ubuntu-0ubuntu1.119.04 Private Build OpenJDK 64-Bit Server VM 11.0.5+10-post-Ubuntu-0ubuntu1.119.04
[23:55:50] Please set system property '-Djava.net.preferIPv4Stack=true' to avoid possible problems in mixed environments.
[23:55:50] Initial heap size is 126MB (should be no less than 512MB, use -Xms512m -Xmx512m).
[23:55:50] Configured plugins:
[23:55:50]   ^-- None
[23:55:50] 
[23:55:50] Configured failure handler: [hnd=StopNodeOrHaltFailureHandler [tryStop=false, timeout=0, super=AbstractFailureHandler [ignoredFailureTypes=[SYSTEM_WORKER_BLOCKED, SYSTEM_CRITICAL_OPERATION_TIMEOUT]]]]
[23:55:50] Message queue limit is set to 0 which may lead to potential OOMEs when running cache operations in FULL_ASYNC or PRIMARY_SYNC modes due to message queues growth on sender and receiver sides.
[23:55:50] Security status [authentication=off, tls/ssl=off]
[23:55:51] REST protocols do not start on client node. To start the protocols on client node set '-DIGNITE_REST_START_ON_CLIENT=true' system property.
[23:55:53] Performance suggestions for grid  (fix if possible)
[23:55:53] To disable, set -DIGNITE_PERFORMANCE_SUGGESTIONS_DISABLED=true
[23:55:53]   ^-- Switch to the most recent 1.8 JVM version
[23:55:53]   ^-- Specify JVM heap max size (add '-Xmx<size>[g|G|m|M|k|K]' to JVM options)
[23:55:53]   ^-- Set max direct memory size if getting 'OOME: Direct buffer memory' (add '-XX:MaxDirectMemorySize=<size>[g|G|m|M|k|K]' to JVM options)
[23:55:53]   ^-- Disable processing of calls to System.gc() (add '-XX:+DisableExplicitGC' to JVM options)
[23:55:53] Refer to this page for more performance suggestions: https://apacheignite.readme.io/docs/jvm-and-system-tuning
[23:55:53] 
[23:55:53] To start Console Management & Monitoring run ignitevisorcmd.{sh|bat}
[23:55:53] 
[23:55:53] Ignite node started OK (id=f7ba4af8)
[23:55:53] Topology snapshot [ver=124, locNode=f7ba4af8, servers=1, clients=1, state=ACTIVE, CPUs=8, offheap=1.5GB, heap=3.9GB]
1067 records sent, 145,9 records/sec (4,17 MB/sec), 6,8 ms avg latency, 3863,0 ms max latency.
875 records sent, 174,4 records/sec (4,99 MB/sec), 5,7 ms avg latency, 129,0 ms max latency.
894 records sent, 178,7 records/sec (5,11 MB/sec), 5,6 ms avg latency, 124,0 ms max latency.
881 records sent, 175,3 records/sec (5,02 MB/sec), 5,7 ms avg latency, 119,0 ms max latency.
900 records sent, 179,8 records/sec (5,14 MB/sec), 5,5 ms avg latency, 115,0 ms max latency.
865 records sent, 171,5 records/sec (4,91 MB/sec), 5,8 ms avg latency, 263,0 ms max latency.
900 records sent, 179,6 records/sec (5,14 MB/sec), 5,5 ms avg latency, 120,0 ms max latency.
910 records sent, 178,0 records/sec (5,09 MB/sec), 5,6 ms avg latency, 119,0 ms max latency.
900 records sent, 178,9 records/sec (5,12 MB/sec), 5,6 ms avg latency, 124,0 ms max latency.
900 records sent, 179,8 records/sec (5,14 MB/sec), 5,5 ms avg latency, 124,0 ms max latency.
924 records sent, 184,5 records/sec (5,28 MB/sec), 5,4 ms avg latency, 115,0 ms max latency.
901 records sent, 177,2 records/sec (5,07 MB/sec), 5,6 ms avg latency, 118,0 ms max latency.
850 records sent, 168,8 records/sec (4,83 MB/sec), 5,9 ms avg latency, 313,0 ms max latency.
900 records sent, 178,0 records/sec (5,09 MB/sec), 5,6 ms avg latency, 118,0 ms max latency.
925 records sent, 182,0 records/sec (5,21 MB/sec), 5,5 ms avg latency, 118,0 ms max latency.
925 records sent, 181,4 records/sec (5,19 MB/sec), 5,5 ms avg latency, 116,0 ms max latency.
925 records sent, 181,6 records/sec (5,20 MB/sec), 5,5 ms avg latency, 120,0 ms max latency.
925 records sent, 181,5 records/sec (5,19 MB/sec), 5,5 ms avg latency, 122,0 ms max latency.
925 records sent, 181,3 records/sec (5,19 MB/sec), 5,5 ms avg latency, 116,0 ms max latency.
925 records sent, 182,0 records/sec (5,21 MB/sec), 5,5 ms avg latency, 115,0 ms max latency.
875 records sent, 174,5 records/sec (4,99 MB/sec), 5,7 ms avg latency, 118,0 ms max latency.
925 records sent, 181,5 records/sec (5,19 MB/sec), 5,5 ms avg latency, 116,0 ms max latency.
900 records sent, 177,2 records/sec (5,07 MB/sec), 5,6 ms avg latency, 118,0 ms max latency.
925 records sent, 181,6 records/sec (5,19 MB/sec), 5,5 ms avg latency, 119,0 ms max latency.
887 records sent, 177,4 records/sec (5,08 MB/sec), 5,6 ms avg latency, 140,0 ms max latency.
909 records sent, 181,8 records/sec (5,20 MB/sec), 5,5 ms avg latency, 119,0 ms max latency.
904 records sent, 179,2 records/sec (5,13 MB/sec), 5,6 ms avg latency, 119,0 ms max latency.
875 records sent, 172,4 records/sec (4,93 MB/sec), 5,8 ms avg latency, 149,0 ms max latency.
925 records sent, 182,2 records/sec (5,21 MB/sec), 5,5 ms avg latency, 116,0 ms max latency.
925 records sent, 181,9 records/sec (5,20 MB/sec), 5,5 ms avg latency, 114,0 ms max latency.
925 records sent, 181,4 records/sec (5,19 MB/sec), 5,5 ms avg latency, 115,0 ms max latency.
925 records sent, 181,8 records/sec (5,20 MB/sec), 5,5 ms avg latency, 115,0 ms max latency.
900 records sent, 179,6 records/sec (5,14 MB/sec), 5,6 ms avg latency, 119,0 ms max latency.
925 records sent, 181,4 records/sec (5,19 MB/sec), 5,5 ms avg latency, 117,0 ms max latency.
900 records sent, 178,4 records/sec (5,10 MB/sec), 5,6 ms avg latency, 119,0 ms max latency.
925 records sent, 181,8 records/sec (5,20 MB/sec), 5,5 ms avg latency, 118,0 ms max latency.
923 records sent, 184,6 records/sec (5,28 MB/sec), 5,4 ms avg latency, 115,0 ms max latency.
902 records sent, 178,4 records/sec (5,10 MB/sec), 5,6 ms avg latency, 115,0 ms max latency.
925 records sent, 181,1 records/sec (5,18 MB/sec), 5,5 ms avg latency, 117,0 ms max latency.
925 records sent, 182,2 records/sec (5,21 MB/sec), 5,5 ms avg latency, 118,0 ms max latency.
900 records sent, 179,0 records/sec (5,12 MB/sec), 5,6 ms avg latency, 118,0 ms max latency.
924 records sent, 184,6 records/sec (5,28 MB/sec), 5,4 ms avg latency, 118,0 ms max latency.
901 records sent, 178,0 records/sec (5,09 MB/sec), 5,6 ms avg latency, 116,0 ms max latency.
825 records sent, 163,7 records/sec (4,68 MB/sec), 6,1 ms avg latency, 119,0 ms max latency.
925 records sent, 181,8 records/sec (5,20 MB/sec), 5,5 ms avg latency, 115,0 ms max latency.
925 records sent, 182,1 records/sec (5,21 MB/sec), 5,5 ms avg latency, 116,0 ms max latency.
925 records sent, 181,6 records/sec (5,20 MB/sec), 5,5 ms avg latency, 119,0 ms max latency.
875 records sent, 174,4 records/sec (4,99 MB/sec), 5,7 ms avg latency, 119,0 ms max latency.
918 records sent, 183,6 records/sec (5,25 MB/sec), 5,4 ms avg latency, 117,0 ms max latency.
857 records sent, 171,2 records/sec (4,90 MB/sec), 5,8 ms avg latency, 202,0 ms max latency.
900 records sent, 178,5 records/sec (5,11 MB/sec), 5,6 ms avg latency, 120,0 ms max latency.
923 records sent, 184,4 records/sec (5,28 MB/sec), 5,4 ms avg latency, 120,0 ms max latency.
902 records sent, 178,7 records/sec (5,11 MB/sec), 5,6 ms avg latency, 117,0 ms max latency.
892 records sent, 178,3 records/sec (5,10 MB/sec), 5,6 ms avg latency, 136,0 ms max latency.
858 records sent, 169,8 records/sec (4,86 MB/sec), 5,9 ms avg latency, 118,0 ms max latency.
850 records sent, 169,3 records/sec (4,84 MB/sec), 5,9 ms avg latency, 198,0 ms max latency.
900 records sent, 179,7 records/sec (5,14 MB/sec), 5,5 ms avg latency, 123,0 ms max latency.
924 records sent, 184,7 records/sec (5,28 MB/sec), 5,4 ms avg latency, 114,0 ms max latency.
901 records sent, 178,1 records/sec (5,10 MB/sec), 5,6 ms avg latency, 119,0 ms max latency.
925 records sent, 181,8 records/sec (5,20 MB/sec), 5,5 ms avg latency, 117,0 ms max latency.
850 records sent, 170,0 records/sec (4,86 MB/sec), 5,9 ms avg latency, 200,0 ms max latency.
895 records sent, 178,9 records/sec (5,12 MB/sec), 5,6 ms avg latency, 118,0 ms max latency.
905 records sent, 178,0 records/sec (5,09 MB/sec), 5,6 ms avg latency, 120,0 ms max latency.
875 records sent, 173,7 records/sec (4,97 MB/sec), 5,7 ms avg latency, 140,0 ms max latency.
918 records sent, 183,6 records/sec (5,25 MB/sec), 5,4 ms avg latency, 119,0 ms max latency.
907 records sent, 179,3 records/sec (5,13 MB/sec), 5,6 ms avg latency, 113,0 ms max latency.
920 records sent, 183,9 records/sec (5,26 MB/sec), 5,4 ms avg latency, 117,0 ms max latency.
905 records sent, 178,7 records/sec (5,11 MB/sec), 5,6 ms avg latency, 119,0 ms max latency.
725 records sent, 144,3 records/sec (4,13 MB/sec), 6,9 ms avg latency, 251,0 ms max latency.
924 records sent, 184,7 records/sec (5,29 MB/sec), 5,4 ms avg latency, 119,0 ms max latency.
901 records sent, 177,9 records/sec (5,09 MB/sec), 5,6 ms avg latency, 118,0 ms max latency.
923 records sent, 184,6 records/sec (5,28 MB/sec), 5,4 ms avg latency, 121,0 ms max latency.
902 records sent, 177,1 records/sec (5,07 MB/sec), 5,6 ms avg latency, 119,0 ms max latency.
924 records sent, 184,8 records/sec (5,29 MB/sec), 5,4 ms avg latency, 121,0 ms max latency.
901 records sent, 177,6 records/sec (5,08 MB/sec), 5,6 ms avg latency, 117,0 ms max latency.
850 records sent, 168,4 records/sec (4,82 MB/sec), 5,9 ms avg latency, 244,0 ms max latency.
925 records sent, 181,7 records/sec (5,20 MB/sec), 5,5 ms avg latency, 114,0 ms max latency.
925 records sent, 181,4 records/sec (5,19 MB/sec), 5,5 ms avg latency, 117,0 ms max latency.
925 records sent, 181,3 records/sec (5,19 MB/sec), 5,5 ms avg latency, 120,0 ms max latency.
925 records sent, 181,1 records/sec (5,18 MB/sec), 5,5 ms avg latency, 118,0 ms max latency.
925 records sent, 181,9 records/sec (5,21 MB/sec), 5,5 ms avg latency, 117,0 ms max latency.
875 records sent, 172,4 records/sec (4,93 MB/sec), 5,8 ms avg latency, 119,0 ms max latency.
900 records sent, 177,8 records/sec (5,09 MB/sec), 5,6 ms avg latency, 118,0 ms max latency.
925 records sent, 181,7 records/sec (5,20 MB/sec), 5,5 ms avg latency, 117,0 ms max latency.
900 records sent, 179,8 records/sec (5,14 MB/sec), 5,6 ms avg latency, 115,0 ms max latency.
900 records sent, 178,9 records/sec (5,12 MB/sec), 5,6 ms avg latency, 118,0 ms max latency.
850 records sent, 167,8 records/sec (4,80 MB/sec), 5,9 ms avg latency, 195,0 ms max latency.
925 records sent, 181,7 records/sec (5,20 MB/sec), 5,5 ms avg latency, 122,0 ms max latency.
80000 records sent, 177,981072 records/sec (5,09 MB/sec), 5,60 ms avg latency, 3863,00 ms max latency, 0 ms 50th, 10 ms 95th, 109 ms 99th, 118 ms 99.9th.

Metric Name                                                                          Value
app-info:commit-id:{client-id=producer-1}                                          : d4284cbebb6f0a4c
app-info:start-time-ms:{client-id=producer-1}                                      : 1590720950038
app-info:version:{client-id=producer-1}                                            : 2.3.1
kafka-metrics-count:count:{client-id=producer-1}                                   : 126,000
producer-metrics:batch-size-avg:{client-id=producer-1}                             : 30077,000
producer-metrics:batch-size-max:{client-id=producer-1}                             : 30077,000
producer-metrics:batch-split-rate:{client-id=producer-1}                           : 0,000
producer-metrics:batch-split-total:{client-id=producer-1}                          : 0,000
producer-metrics:buffer-available-bytes:{client-id=producer-1}                     : 33554432,000
producer-metrics:buffer-exhausted-rate:{client-id=producer-1}                      : 0,000
producer-metrics:buffer-exhausted-total:{client-id=producer-1}                     : 0,000
producer-metrics:buffer-total-bytes:{client-id=producer-1}                         : 33554432,000
producer-metrics:bufferpool-wait-ratio:{client-id=producer-1}                      : 0,000
producer-metrics:bufferpool-wait-time-total:{client-id=producer-1}                 : 0,000
producer-metrics:compression-rate-avg:{client-id=producer-1}                       : 1,000
producer-metrics:connection-close-rate:{client-id=producer-1}                      : 0,000
producer-metrics:connection-close-total:{client-id=producer-1}                     : 0,000
producer-metrics:connection-count:{client-id=producer-1}                           : 4,000
producer-metrics:connection-creation-rate:{client-id=producer-1}                   : 0,000
producer-metrics:connection-creation-total:{client-id=producer-1}                  : 4,000
producer-metrics:failed-authentication-rate:{client-id=producer-1}                 : 0,000
producer-metrics:failed-authentication-total:{client-id=producer-1}                : 0,000
producer-metrics:failed-reauthentication-rate:{client-id=producer-1}               : 0,000
producer-metrics:failed-reauthentication-total:{client-id=producer-1}              : 0,000
producer-metrics:incoming-byte-rate:{client-id=producer-1}                         : 0,000
producer-metrics:incoming-byte-total:{client-id=producer-1}                        : 1746,000
producer-metrics:io-ratio:{client-id=producer-1}                                   : 0,007
producer-metrics:io-time-ns-avg:{client-id=producer-1}                             : 18896,238
producer-metrics:io-wait-ratio:{client-id=producer-1}                              : 0,974
producer-metrics:io-wait-time-ns-avg:{client-id=producer-1}                        : 2681184,391
producer-metrics:io-waittime-total:{client-id=producer-1}                          : 435510053733,000
producer-metrics:iotime-total:{client-id=producer-1}                               : 3311179351,000
producer-metrics:metadata-age:{client-id=producer-1}                               : 149,136
producer-metrics:network-io-rate:{client-id=producer-1}                            : 178,825
producer-metrics:network-io-total:{client-id=producer-1}                           : 80012,000
producer-metrics:outgoing-byte-rate:{client-id=producer-1}                         : 5393371,675
producer-metrics:outgoing-byte-total:{client-id=producer-1}                        : 2412549072,000
producer-metrics:produce-throttle-time-avg:{client-id=producer-1}                  : NaN
producer-metrics:produce-throttle-time-max:{client-id=producer-1}                  : NaN
producer-metrics:reauthentication-latency-avg:{client-id=producer-1}               : NaN
producer-metrics:reauthentication-latency-max:{client-id=producer-1}               : NaN
producer-metrics:record-error-rate:{client-id=producer-1}                          : 0,000
producer-metrics:record-error-total:{client-id=producer-1}                         : 0,000
producer-metrics:record-queue-time-avg:{client-id=producer-1}                      : 0,019
producer-metrics:record-queue-time-max:{client-id=producer-1}                      : 1,000
producer-metrics:record-retry-rate:{client-id=producer-1}                          : 0,000
producer-metrics:record-retry-total:{client-id=producer-1}                         : 0,000
producer-metrics:record-send-rate:{client-id=producer-1}                           : 178,834
producer-metrics:record-send-total:{client-id=producer-1}                          : 80000,000
producer-metrics:record-size-avg:{client-id=producer-1}                            : 30092,000
producer-metrics:record-size-max:{client-id=producer-1}                            : 30092,000
producer-metrics:records-per-request-avg:{client-id=producer-1}                    : 1,000
producer-metrics:request-latency-avg:{client-id=producer-1}                        : NaN
producer-metrics:request-latency-max:{client-id=producer-1}                        : NaN
producer-metrics:request-rate:{client-id=producer-1}                               : 178,825
producer-metrics:request-size-avg:{client-id=producer-1}                           : 30157,000
producer-metrics:request-size-max:{client-id=producer-1}                           : 30157,000
producer-metrics:request-total:{client-id=producer-1}                              : 80006,000
producer-metrics:requests-in-flight:{client-id=producer-1}                         : 0,000
producer-metrics:response-rate:{client-id=producer-1}                              : 0,000
producer-metrics:response-total:{client-id=producer-1}                             : 6,000
producer-metrics:select-rate:{client-id=producer-1}                                : 363,313
producer-metrics:select-total:{client-id=producer-1}                               : 161685,000
producer-metrics:successful-authentication-no-reauth-total:{client-id=producer-1}  : 0,000
producer-metrics:successful-authentication-rate:{client-id=producer-1}             : 0,000
producer-metrics:successful-authentication-total:{client-id=producer-1}            : 0,000
producer-metrics:successful-reauthentication-rate:{client-id=producer-1}           : 0,000
producer-metrics:successful-reauthentication-total:{client-id=producer-1}          : 0,000
producer-metrics:waiting-threads:{client-id=producer-1}                            : 0,000
producer-node-metrics:incoming-byte-rate:{client-id=producer-1, node-id=node--2}   : 0,000
producer-node-metrics:incoming-byte-rate:{client-id=producer-1, node-id=node-1}    : 0,000
producer-node-metrics:incoming-byte-rate:{client-id=producer-1, node-id=node-3}    : 0,000
producer-node-metrics:incoming-byte-rate:{client-id=producer-1, node-id=node-6}    : 0,000
producer-node-metrics:incoming-byte-total:{client-id=producer-1, node-id=node--2}  : 579,000
producer-node-metrics:incoming-byte-total:{client-id=producer-1, node-id=node-1}   : 294,000
producer-node-metrics:incoming-byte-total:{client-id=producer-1, node-id=node-3}   : 294,000
producer-node-metrics:incoming-byte-total:{client-id=producer-1, node-id=node-6}   : 579,000
producer-node-metrics:outgoing-byte-rate:{client-id=producer-1, node-id=node--2}   : 0,000
producer-node-metrics:outgoing-byte-rate:{client-id=producer-1, node-id=node-1}    : 1795465,604
producer-node-metrics:outgoing-byte-rate:{client-id=producer-1, node-id=node-3}    : 1828710,192
producer-node-metrics:outgoing-byte-rate:{client-id=producer-1, node-id=node-6}    : 1765488,087
producer-node-metrics:outgoing-byte-total:{client-id=producer-1, node-id=node--2}  : 67,000
producer-node-metrics:outgoing-byte-total:{client-id=producer-1, node-id=node-1}   : 804886660,000
producer-node-metrics:outgoing-byte-total:{client-id=producer-1, node-id=node-3}   : 807118153,000
producer-node-metrics:outgoing-byte-total:{client-id=producer-1, node-id=node-6}   : 800544192,000
producer-node-metrics:request-latency-avg:{client-id=producer-1, node-id=node--2}  : NaN
producer-node-metrics:request-latency-avg:{client-id=producer-1, node-id=node-1}   : NaN
producer-node-metrics:request-latency-avg:{client-id=producer-1, node-id=node-3}   : NaN
producer-node-metrics:request-latency-avg:{client-id=producer-1, node-id=node-6}   : NaN
producer-node-metrics:request-latency-max:{client-id=producer-1, node-id=node--2}  : NaN
producer-node-metrics:request-latency-max:{client-id=producer-1, node-id=node-1}   : NaN
producer-node-metrics:request-latency-max:{client-id=producer-1, node-id=node-3}   : NaN
producer-node-metrics:request-latency-max:{client-id=producer-1, node-id=node-6}   : NaN
producer-node-metrics:request-rate:{client-id=producer-1, node-id=node--2}         : 0,000
producer-node-metrics:request-rate:{client-id=producer-1, node-id=node-1}          : 59,534
producer-node-metrics:request-rate:{client-id=producer-1, node-id=node-3}          : 60,636
producer-node-metrics:request-rate:{client-id=producer-1, node-id=node-6}          : 58,539
producer-node-metrics:request-size-avg:{client-id=producer-1, node-id=node--2}     : NaN
producer-node-metrics:request-size-avg:{client-id=producer-1, node-id=node-1}      : 30157,000
producer-node-metrics:request-size-avg:{client-id=producer-1, node-id=node-3}      : 30157,000
producer-node-metrics:request-size-avg:{client-id=producer-1, node-id=node-6}      : 30157,000
producer-node-metrics:request-size-max:{client-id=producer-1, node-id=node--2}     : NaN
producer-node-metrics:request-size-max:{client-id=producer-1, node-id=node-1}      : 30157,000
producer-node-metrics:request-size-max:{client-id=producer-1, node-id=node-3}      : 30157,000
producer-node-metrics:request-size-max:{client-id=producer-1, node-id=node-6}      : 30157,000
producer-node-metrics:request-total:{client-id=producer-1, node-id=node--2}        : 2,000
producer-node-metrics:request-total:{client-id=producer-1, node-id=node-1}         : 26691,000
producer-node-metrics:request-total:{client-id=producer-1, node-id=node-3}         : 26765,000
producer-node-metrics:request-total:{client-id=producer-1, node-id=node-6}         : 26548,000
producer-node-metrics:response-rate:{client-id=producer-1, node-id=node--2}        : 0,000
producer-node-metrics:response-rate:{client-id=producer-1, node-id=node-1}         : 0,000
producer-node-metrics:response-rate:{client-id=producer-1, node-id=node-3}         : 0,000
producer-node-metrics:response-rate:{client-id=producer-1, node-id=node-6}         : 0,000
producer-node-metrics:response-total:{client-id=producer-1, node-id=node--2}       : 2,000
producer-node-metrics:response-total:{client-id=producer-1, node-id=node-1}        : 1,000
producer-node-metrics:response-total:{client-id=producer-1, node-id=node-3}        : 1,000
producer-node-metrics:response-total:{client-id=producer-1, node-id=node-6}        : 2,000
producer-topic-metrics:byte-rate:{client-id=producer-1, topic=test-topic}          : 5378606,558
producer-topic-metrics:byte-total:{client-id=producer-1, topic=test-topic}         : 2406148890,000
producer-topic-metrics:compression-rate:{client-id=producer-1, topic=test-topic}   : 1,000
producer-topic-metrics:record-error-rate:{client-id=producer-1, topic=test-topic}  : 0,000
producer-topic-metrics:record-error-total:{client-id=producer-1, topic=test-topic} : 0,000
producer-topic-metrics:record-retry-rate:{client-id=producer-1, topic=test-topic}  : 0,000
producer-topic-metrics:record-retry-total:{client-id=producer-1, topic=test-topic} : 0,000
producer-topic-metrics:record-send-rate:{client-id=producer-1, topic=test-topic}   : 178,834
producer-topic-metrics:record-send-total:{client-id=producer-1, topic=test-topic}  : 80000,000
Produce Time: 449.485
[00:03:19] Ignite node stopped OK [uptime=00:07:26.266]
Aplication time: 450.545
