Topic to send: test-topic
Topic to acks: -2
Records: 80000
Size:20000
[17:20:57]    __________  ________________ 
[17:20:57]   /  _/ ___/ |/ /  _/_  __/ __/ 
[17:20:57]  _/ // (7 7    // /  / / / _/   
[17:20:57] /___/\___/_/|_/___/ /_/ /___/  
[17:20:57] 
[17:20:57] ver. 2.7.6#20190911-sha1:21f7ca41
[17:20:57] 2019 Copyright(C) Apache Software Foundation
[17:20:57] 
[17:20:57] Ignite documentation: http://ignite.apache.org
[17:20:57] 
[17:20:57] Quiet mode.
[17:20:57]   ^-- Logging by 'JavaLogger [quiet=true, config=null]'
[17:20:57]   ^-- To see **FULL** console log here add -DIGNITE_QUIET=false or "-v" to ignite.{sh|bat}
[17:20:57] 
[17:20:57] OS: Linux 5.0.0-38-generic amd64
[17:20:57] VM information: OpenJDK Runtime Environment 11.0.5+10-post-Ubuntu-0ubuntu1.119.04 Private Build OpenJDK 64-Bit Server VM 11.0.5+10-post-Ubuntu-0ubuntu1.119.04
[17:20:57] Please set system property '-Djava.net.preferIPv4Stack=true' to avoid possible problems in mixed environments.
[17:20:57] Initial heap size is 126MB (should be no less than 512MB, use -Xms512m -Xmx512m).
[17:20:57] Configured plugins:
[17:20:57]   ^-- None
[17:20:57] 
[17:20:57] Configured failure handler: [hnd=StopNodeOrHaltFailureHandler [tryStop=false, timeout=0, super=AbstractFailureHandler [ignoredFailureTypes=[SYSTEM_WORKER_BLOCKED, SYSTEM_CRITICAL_OPERATION_TIMEOUT]]]]
[17:20:57] Message queue limit is set to 0 which may lead to potential OOMEs when running cache operations in FULL_ASYNC or PRIMARY_SYNC modes due to message queues growth on sender and receiver sides.
[17:20:57] Security status [authentication=off, tls/ssl=off]
[17:20:58] REST protocols do not start on client node. To start the protocols on client node set '-DIGNITE_REST_START_ON_CLIENT=true' system property.
[17:21:00] Performance suggestions for grid  (fix if possible)
[17:21:00] To disable, set -DIGNITE_PERFORMANCE_SUGGESTIONS_DISABLED=true
[17:21:00]   ^-- Switch to the most recent 1.8 JVM version
[17:21:00]   ^-- Specify JVM heap max size (add '-Xmx<size>[g|G|m|M|k|K]' to JVM options)
[17:21:00]   ^-- Set max direct memory size if getting 'OOME: Direct buffer memory' (add '-XX:MaxDirectMemorySize=<size>[g|G|m|M|k|K]' to JVM options)
[17:21:00]   ^-- Disable processing of calls to System.gc() (add '-XX:+DisableExplicitGC' to JVM options)
[17:21:00] Refer to this page for more performance suggestions: https://apacheignite.readme.io/docs/jvm-and-system-tuning
[17:21:00] 
[17:21:00] To start Console Management & Monitoring run ignitevisorcmd.{sh|bat}
[17:21:00] 
[17:21:00] Ignite node started OK (id=5e7fcd1c)
[17:21:00] Topology snapshot [ver=46, locNode=5e7fcd1c, servers=1, clients=1, state=ACTIVE, CPUs=8, offheap=1.5GB, heap=3.9GB]
1395 records sent, 197,1 records/sec (3,76 MB/sec), 5,0 ms avg latency, 3736,0 ms max latency.
1275 records sent, 254,0 records/sec (4,85 MB/sec), 3,9 ms avg latency, 105,0 ms max latency.
1300 records sent, 256,4 records/sec (4,89 MB/sec), 3,9 ms avg latency, 93,0 ms max latency.
1300 records sent, 259,5 records/sec (4,95 MB/sec), 3,8 ms avg latency, 91,0 ms max latency.
1300 records sent, 257,7 records/sec (4,91 MB/sec), 3,8 ms avg latency, 95,0 ms max latency.
1325 records sent, 262,8 records/sec (5,01 MB/sec), 3,8 ms avg latency, 92,0 ms max latency.
1325 records sent, 261,0 records/sec (4,98 MB/sec), 3,8 ms avg latency, 91,0 ms max latency.
1325 records sent, 261,7 records/sec (4,99 MB/sec), 3,8 ms avg latency, 92,0 ms max latency.
1325 records sent, 264,6 records/sec (5,05 MB/sec), 3,8 ms avg latency, 94,0 ms max latency.
1325 records sent, 264,7 records/sec (5,05 MB/sec), 3,8 ms avg latency, 94,0 ms max latency.
1275 records sent, 253,5 records/sec (4,83 MB/sec), 3,9 ms avg latency, 128,0 ms max latency.
1344 records sent, 268,4 records/sec (5,12 MB/sec), 3,7 ms avg latency, 94,0 ms max latency.
1256 records sent, 251,1 records/sec (4,79 MB/sec), 4,0 ms avg latency, 148,0 ms max latency.
1325 records sent, 263,8 records/sec (5,03 MB/sec), 3,8 ms avg latency, 91,0 ms max latency.
1350 records sent, 267,5 records/sec (5,10 MB/sec), 3,7 ms avg latency, 92,0 ms max latency.
1350 records sent, 267,6 records/sec (5,10 MB/sec), 3,7 ms avg latency, 91,0 ms max latency.
1345 records sent, 268,9 records/sec (5,13 MB/sec), 3,7 ms avg latency, 91,0 ms max latency.
1330 records sent, 263,6 records/sec (5,03 MB/sec), 3,8 ms avg latency, 91,0 ms max latency.
1350 records sent, 267,3 records/sec (5,10 MB/sec), 3,7 ms avg latency, 93,0 ms max latency.
1350 records sent, 267,1 records/sec (5,09 MB/sec), 3,7 ms avg latency, 94,0 ms max latency.
1325 records sent, 263,3 records/sec (5,02 MB/sec), 3,8 ms avg latency, 91,0 ms max latency.
1317 records sent, 263,3 records/sec (5,02 MB/sec), 3,8 ms avg latency, 91,0 ms max latency.
1333 records sent, 264,5 records/sec (5,04 MB/sec), 3,8 ms avg latency, 90,0 ms max latency.
1350 records sent, 266,9 records/sec (5,09 MB/sec), 3,7 ms avg latency, 95,0 ms max latency.
1350 records sent, 267,1 records/sec (5,09 MB/sec), 3,7 ms avg latency, 93,0 ms max latency.
1325 records sent, 263,2 records/sec (5,02 MB/sec), 3,8 ms avg latency, 93,0 ms max latency.
1350 records sent, 267,4 records/sec (5,10 MB/sec), 3,7 ms avg latency, 91,0 ms max latency.
1149 records sent, 229,6 records/sec (4,38 MB/sec), 4,3 ms avg latency, 149,0 ms max latency.
1326 records sent, 263,3 records/sec (5,02 MB/sec), 3,8 ms avg latency, 94,0 ms max latency.
1350 records sent, 267,1 records/sec (5,09 MB/sec), 3,7 ms avg latency, 93,0 ms max latency.
1350 records sent, 267,4 records/sec (5,10 MB/sec), 3,7 ms avg latency, 94,0 ms max latency.
1350 records sent, 267,0 records/sec (5,09 MB/sec), 3,7 ms avg latency, 91,0 ms max latency.
1350 records sent, 267,3 records/sec (5,10 MB/sec), 3,7 ms avg latency, 90,0 ms max latency.
1325 records sent, 264,0 records/sec (5,04 MB/sec), 3,8 ms avg latency, 94,0 ms max latency.
1300 records sent, 259,2 records/sec (4,94 MB/sec), 3,8 ms avg latency, 94,0 ms max latency.
1350 records sent, 267,2 records/sec (5,10 MB/sec), 3,7 ms avg latency, 93,0 ms max latency.
1321 records sent, 264,0 records/sec (5,04 MB/sec), 3,8 ms avg latency, 167,0 ms max latency.
1329 records sent, 263,4 records/sec (5,02 MB/sec), 3,8 ms avg latency, 93,0 ms max latency.
1348 records sent, 269,1 records/sec (5,13 MB/sec), 3,7 ms avg latency, 91,0 ms max latency.
1327 records sent, 263,7 records/sec (5,03 MB/sec), 3,8 ms avg latency, 90,0 ms max latency.
1325 records sent, 262,9 records/sec (5,02 MB/sec), 3,8 ms avg latency, 94,0 ms max latency.
1325 records sent, 262,0 records/sec (5,00 MB/sec), 3,8 ms avg latency, 90,0 ms max latency.
1350 records sent, 267,5 records/sec (5,10 MB/sec), 3,7 ms avg latency, 90,0 ms max latency.
1325 records sent, 263,1 records/sec (5,02 MB/sec), 3,8 ms avg latency, 91,0 ms max latency.
1350 records sent, 267,4 records/sec (5,10 MB/sec), 3,7 ms avg latency, 90,0 ms max latency.
1350 records sent, 267,3 records/sec (5,10 MB/sec), 3,7 ms avg latency, 94,0 ms max latency.
1298 records sent, 259,5 records/sec (4,95 MB/sec), 3,8 ms avg latency, 90,0 ms max latency.
1327 records sent, 262,8 records/sec (5,01 MB/sec), 3,8 ms avg latency, 91,0 ms max latency.
1325 records sent, 261,5 records/sec (4,99 MB/sec), 3,8 ms avg latency, 90,0 ms max latency.
1350 records sent, 267,4 records/sec (5,10 MB/sec), 3,7 ms avg latency, 91,0 ms max latency.
1275 records sent, 253,2 records/sec (4,83 MB/sec), 3,9 ms avg latency, 90,0 ms max latency.
1350 records sent, 267,5 records/sec (5,10 MB/sec), 3,7 ms avg latency, 90,0 ms max latency.
1325 records sent, 264,6 records/sec (5,05 MB/sec), 3,8 ms avg latency, 90,0 ms max latency.
1347 records sent, 269,4 records/sec (5,14 MB/sec), 3,7 ms avg latency, 90,0 ms max latency.
1328 records sent, 262,0 records/sec (5,00 MB/sec), 3,8 ms avg latency, 90,0 ms max latency.
1350 records sent, 268,2 records/sec (5,12 MB/sec), 3,7 ms avg latency, 90,0 ms max latency.
1325 records sent, 261,9 records/sec (4,99 MB/sec), 3,8 ms avg latency, 90,0 ms max latency.
1325 records sent, 261,9 records/sec (5,00 MB/sec), 3,8 ms avg latency, 90,0 ms max latency.
1302 records sent, 260,4 records/sec (4,97 MB/sec), 3,8 ms avg latency, 90,0 ms max latency.
1348 records sent, 266,2 records/sec (5,08 MB/sec), 3,7 ms avg latency, 92,0 ms max latency.
80000 records sent, 261,614028 records/sec (4,99 MB/sec), 3,81 ms avg latency, 3736,00 ms max latency, 0 ms 50th, 7 ms 95th, 89 ms 99th, 91 ms 99.9th.

Metric Name                                                                          Value
app-info:commit-id:{client-id=producer-1}                                          : d4284cbebb6f0a4c
app-info:start-time-ms:{client-id=producer-1}                                      : 1590697256997
app-info:version:{client-id=producer-1}                                            : 2.3.1
kafka-metrics-count:count:{client-id=producer-1}                                   : 126,000
producer-metrics:batch-size-avg:{client-id=producer-1}                             : 20077,000
producer-metrics:batch-size-max:{client-id=producer-1}                             : 20077,000
producer-metrics:batch-split-rate:{client-id=producer-1}                           : 0,000
producer-metrics:batch-split-total:{client-id=producer-1}                          : 0,000
producer-metrics:buffer-available-bytes:{client-id=producer-1}                     : 33554432,000
producer-metrics:buffer-exhausted-rate:{client-id=producer-1}                      : 0,000
producer-metrics:buffer-exhausted-total:{client-id=producer-1}                     : 0,000
producer-metrics:buffer-total-bytes:{client-id=producer-1}                         : 33554432,000
producer-metrics:bufferpool-wait-ratio:{client-id=producer-1}                      : 0,000
producer-metrics:bufferpool-wait-time-total:{client-id=producer-1}                 : 0,000
producer-metrics:compression-rate-avg:{client-id=producer-1}                       : 1,000
producer-metrics:connection-close-rate:{client-id=producer-1}                      : 0,000
producer-metrics:connection-close-total:{client-id=producer-1}                     : 0,000
producer-metrics:connection-count:{client-id=producer-1}                           : 4,000
producer-metrics:connection-creation-rate:{client-id=producer-1}                   : 0,000
producer-metrics:connection-creation-total:{client-id=producer-1}                  : 4,000
producer-metrics:failed-authentication-rate:{client-id=producer-1}                 : 0,000
producer-metrics:failed-authentication-total:{client-id=producer-1}                : 0,000
producer-metrics:failed-reauthentication-rate:{client-id=producer-1}               : 0,000
producer-metrics:failed-reauthentication-total:{client-id=producer-1}              : 0,000
producer-metrics:incoming-byte-rate:{client-id=producer-1}                         : 8,025
producer-metrics:incoming-byte-total:{client-id=producer-1}                        : 1746,000
producer-metrics:io-ratio:{client-id=producer-1}                                   : 0,008
producer-metrics:io-time-ns-avg:{client-id=producer-1}                             : 15615,360
producer-metrics:io-wait-ratio:{client-id=producer-1}                              : 0,972
producer-metrics:io-wait-time-ns-avg:{client-id=producer-1}                        : 1811480,918
producer-metrics:io-waittime-total:{client-id=producer-1}                          : 294881781586,000
producer-metrics:iotime-total:{client-id=producer-1}                               : 2680580638,000
producer-metrics:metadata-age:{client-id=producer-1}                               : 5,514
producer-metrics:network-io-rate:{client-id=producer-1}                            : 264,252
producer-metrics:network-io-total:{client-id=producer-1}                           : 80012,000
producer-metrics:outgoing-byte-rate:{client-id=producer-1}                         : 5326435,670
producer-metrics:outgoing-byte-total:{client-id=producer-1}                        : 1612549072,000
producer-metrics:produce-throttle-time-avg:{client-id=producer-1}                  : 0,000
producer-metrics:produce-throttle-time-max:{client-id=producer-1}                  : 0,000
producer-metrics:reauthentication-latency-avg:{client-id=producer-1}               : NaN
producer-metrics:reauthentication-latency-max:{client-id=producer-1}               : NaN
producer-metrics:record-error-rate:{client-id=producer-1}                          : 0,000
producer-metrics:record-error-total:{client-id=producer-1}                         : 0,000
producer-metrics:record-queue-time-avg:{client-id=producer-1}                      : 0,024
producer-metrics:record-queue-time-max:{client-id=producer-1}                      : 5,000
producer-metrics:record-retry-rate:{client-id=producer-1}                          : 0,000
producer-metrics:record-retry-total:{client-id=producer-1}                         : 0,000
producer-metrics:record-send-rate:{client-id=producer-1}                           : 264,213
producer-metrics:record-send-total:{client-id=producer-1}                          : 80000,000
producer-metrics:record-size-avg:{client-id=producer-1}                            : 20092,000
producer-metrics:record-size-max:{client-id=producer-1}                            : 20092,000
producer-metrics:records-per-request-avg:{client-id=producer-1}                    : 1,000
producer-metrics:request-latency-avg:{client-id=producer-1}                        : NaN
producer-metrics:request-latency-max:{client-id=producer-1}                        : NaN
producer-metrics:request-rate:{client-id=producer-1}                               : 264,223
producer-metrics:request-size-avg:{client-id=producer-1}                           : 20154,839
producer-metrics:request-size-max:{client-id=producer-1}                           : 20157,000
producer-metrics:request-total:{client-id=producer-1}                              : 80006,000
producer-metrics:requests-in-flight:{client-id=producer-1}                         : 0,000
producer-metrics:response-rate:{client-id=producer-1}                              : 0,028
producer-metrics:response-total:{client-id=producer-1}                             : 6,000
producer-metrics:select-rate:{client-id=producer-1}                                : 536,405
producer-metrics:select-total:{client-id=producer-1}                               : 159455,000
producer-metrics:successful-authentication-no-reauth-total:{client-id=producer-1}  : 0,000
producer-metrics:successful-authentication-rate:{client-id=producer-1}             : 0,000
producer-metrics:successful-authentication-total:{client-id=producer-1}            : 0,000
producer-metrics:successful-reauthentication-rate:{client-id=producer-1}           : 0,000
producer-metrics:successful-reauthentication-total:{client-id=producer-1}          : 0,000
producer-metrics:waiting-threads:{client-id=producer-1}                            : 0,000
producer-node-metrics:incoming-byte-rate:{client-id=producer-1, node-id=node--2}   : 0,000
producer-node-metrics:incoming-byte-rate:{client-id=producer-1, node-id=node-1}    : 0,000
producer-node-metrics:incoming-byte-rate:{client-id=producer-1, node-id=node-3}    : 8,025
producer-node-metrics:incoming-byte-rate:{client-id=producer-1, node-id=node-6}    : 0,000
producer-node-metrics:incoming-byte-total:{client-id=producer-1, node-id=node--2}  : 579,000
producer-node-metrics:incoming-byte-total:{client-id=producer-1, node-id=node-1}   : 294,000
producer-node-metrics:incoming-byte-total:{client-id=producer-1, node-id=node-3}   : 579,000
producer-node-metrics:incoming-byte-total:{client-id=producer-1, node-id=node-6}   : 294,000
producer-node-metrics:outgoing-byte-rate:{client-id=producer-1, node-id=node--2}   : 0,000
producer-node-metrics:outgoing-byte-rate:{client-id=producer-1, node-id=node-1}    : 1788736,484
producer-node-metrics:outgoing-byte-rate:{client-id=producer-1, node-id=node-3}    : 1795101,327
producer-node-metrics:outgoing-byte-rate:{client-id=producer-1, node-id=node-6}    : 1742253,438
producer-node-metrics:outgoing-byte-total:{client-id=producer-1, node-id=node--2}  : 67,000
producer-node-metrics:outgoing-byte-total:{client-id=producer-1, node-id=node-1}   : 537986660,000
producer-node-metrics:outgoing-byte-total:{client-id=producer-1, node-id=node-3}   : 539478196,000
producer-node-metrics:outgoing-byte-total:{client-id=producer-1, node-id=node-6}   : 535084149,000
producer-node-metrics:request-latency-avg:{client-id=producer-1, node-id=node--2}  : NaN
producer-node-metrics:request-latency-avg:{client-id=producer-1, node-id=node-1}   : NaN
producer-node-metrics:request-latency-avg:{client-id=producer-1, node-id=node-3}   : NaN
producer-node-metrics:request-latency-avg:{client-id=producer-1, node-id=node-6}   : NaN
producer-node-metrics:request-latency-max:{client-id=producer-1, node-id=node--2}  : NaN
producer-node-metrics:request-latency-max:{client-id=producer-1, node-id=node-1}   : NaN
producer-node-metrics:request-latency-max:{client-id=producer-1, node-id=node-3}   : NaN
producer-node-metrics:request-latency-max:{client-id=producer-1, node-id=node-6}   : NaN
producer-node-metrics:request-rate:{client-id=producer-1, node-id=node--2}         : 0,000
producer-node-metrics:request-rate:{client-id=producer-1, node-id=node-1}          : 88,730
producer-node-metrics:request-rate:{client-id=producer-1, node-id=node-3}          : 89,072
producer-node-metrics:request-rate:{client-id=producer-1, node-id=node-6}          : 86,422
producer-node-metrics:request-size-avg:{client-id=producer-1, node-id=node--2}     : NaN
producer-node-metrics:request-size-avg:{client-id=producer-1, node-id=node-1}      : 20157,000
producer-node-metrics:request-size-avg:{client-id=producer-1, node-id=node-3}      : 20150,572
producer-node-metrics:request-size-avg:{client-id=producer-1, node-id=node-6}      : 20157,000
producer-node-metrics:request-size-max:{client-id=producer-1, node-id=node--2}     : NaN
producer-node-metrics:request-size-max:{client-id=producer-1, node-id=node-1}      : 20157,000
producer-node-metrics:request-size-max:{client-id=producer-1, node-id=node-3}      : 20157,000
producer-node-metrics:request-size-max:{client-id=producer-1, node-id=node-6}      : 20157,000
producer-node-metrics:request-total:{client-id=producer-1, node-id=node--2}        : 2,000
producer-node-metrics:request-total:{client-id=producer-1, node-id=node-1}         : 26691,000
producer-node-metrics:request-total:{client-id=producer-1, node-id=node-3}         : 26766,000
producer-node-metrics:request-total:{client-id=producer-1, node-id=node-6}         : 26547,000
producer-node-metrics:response-rate:{client-id=producer-1, node-id=node--2}        : 0,000
producer-node-metrics:response-rate:{client-id=producer-1, node-id=node-1}         : 0,000
producer-node-metrics:response-rate:{client-id=producer-1, node-id=node-3}         : 0,028
producer-node-metrics:response-rate:{client-id=producer-1, node-id=node-6}         : 0,000
producer-node-metrics:response-total:{client-id=producer-1, node-id=node--2}       : 2,000
producer-node-metrics:response-total:{client-id=producer-1, node-id=node-1}        : 1,000
producer-node-metrics:response-total:{client-id=producer-1, node-id=node-3}        : 2,000
producer-node-metrics:response-total:{client-id=producer-1, node-id=node-6}        : 1,000
producer-topic-metrics:byte-rate:{client-id=producer-1, topic=test-topic}          : 5304296,649
producer-topic-metrics:byte-total:{client-id=producer-1, topic=test-topic}         : 1606148890,000
producer-topic-metrics:compression-rate:{client-id=producer-1, topic=test-topic}   : 1,000
producer-topic-metrics:record-error-rate:{client-id=producer-1, topic=test-topic}  : 0,000
producer-topic-metrics:record-error-total:{client-id=producer-1, topic=test-topic} : 0,000
producer-topic-metrics:record-retry-rate:{client-id=producer-1, topic=test-topic}  : 0,000
producer-topic-metrics:record-retry-total:{client-id=producer-1, topic=test-topic} : 0,000
producer-topic-metrics:record-send-rate:{client-id=producer-1, topic=test-topic}   : 264,213
producer-topic-metrics:record-send-total:{client-id=producer-1, topic=test-topic}  : 80000,000
Produce Time: 305.792
[17:26:02] Ignite node stopped OK [uptime=00:05:02.667]
Aplication time: 306.625
