Topic to send: test-topic
Topic to acks: -2
Records: 80000
Size:30000
[20:34:28]    __________  ________________ 
[20:34:28]   /  _/ ___/ |/ /  _/_  __/ __/ 
[20:34:28]  _/ // (7 7    // /  / / / _/   
[20:34:28] /___/\___/_/|_/___/ /_/ /___/  
[20:34:28] 
[20:34:28] ver. 2.7.6#20190911-sha1:21f7ca41
[20:34:28] 2019 Copyright(C) Apache Software Foundation
[20:34:28] 
[20:34:28] Ignite documentation: http://ignite.apache.org
[20:34:28] 
[20:34:28] Quiet mode.
[20:34:28]   ^-- Logging by 'JavaLogger [quiet=true, config=null]'
[20:34:28]   ^-- To see **FULL** console log here add -DIGNITE_QUIET=false or "-v" to ignite.{sh|bat}
[20:34:28] 
[20:34:28] OS: Linux 5.0.0-38-generic amd64
[20:34:28] VM information: OpenJDK Runtime Environment 11.0.5+10-post-Ubuntu-0ubuntu1.119.04 Private Build OpenJDK 64-Bit Server VM 11.0.5+10-post-Ubuntu-0ubuntu1.119.04
[20:34:28] Please set system property '-Djava.net.preferIPv4Stack=true' to avoid possible problems in mixed environments.
[20:34:28] Initial heap size is 126MB (should be no less than 512MB, use -Xms512m -Xmx512m).
[20:34:28] Configured plugins:
[20:34:28]   ^-- None
[20:34:28] 
[20:34:28] Configured failure handler: [hnd=StopNodeOrHaltFailureHandler [tryStop=false, timeout=0, super=AbstractFailureHandler [ignoredFailureTypes=[SYSTEM_WORKER_BLOCKED, SYSTEM_CRITICAL_OPERATION_TIMEOUT]]]]
[20:34:28] Message queue limit is set to 0 which may lead to potential OOMEs when running cache operations in FULL_ASYNC or PRIMARY_SYNC modes due to message queues growth on sender and receiver sides.
[20:34:29] Security status [authentication=off, tls/ssl=off]
[20:34:29] REST protocols do not start on client node. To start the protocols on client node set '-DIGNITE_REST_START_ON_CLIENT=true' system property.
[20:34:31] Performance suggestions for grid  (fix if possible)
[20:34:31] To disable, set -DIGNITE_PERFORMANCE_SUGGESTIONS_DISABLED=true
[20:34:31]   ^-- Switch to the most recent 1.8 JVM version
[20:34:31]   ^-- Specify JVM heap max size (add '-Xmx<size>[g|G|m|M|k|K]' to JVM options)
[20:34:31]   ^-- Set max direct memory size if getting 'OOME: Direct buffer memory' (add '-XX:MaxDirectMemorySize=<size>[g|G|m|M|k|K]' to JVM options)
[20:34:31]   ^-- Disable processing of calls to System.gc() (add '-XX:+DisableExplicitGC' to JVM options)
[20:34:31] Refer to this page for more performance suggestions: https://apacheignite.readme.io/docs/jvm-and-system-tuning
[20:34:31] 
[20:34:31] To start Console Management & Monitoring run ignitevisorcmd.{sh|bat}
[20:34:31] 
[20:34:31] Ignite node started OK (id=2987ac14)
[20:34:31] Topology snapshot [ver=88, locNode=2987ac14, servers=1, clients=1, state=ACTIVE, CPUs=8, offheap=1.5GB, heap=3.9GB]
1016 records sent, 141,1 records/sec (4,04 MB/sec), 7,0 ms avg latency, 3779,0 ms max latency.
875 records sent, 172,8 records/sec (4,94 MB/sec), 5,7 ms avg latency, 125,0 ms max latency.
900 records sent, 177,3 records/sec (5,07 MB/sec), 5,6 ms avg latency, 119,0 ms max latency.
899 records sent, 179,7 records/sec (5,14 MB/sec), 5,5 ms avg latency, 126,0 ms max latency.
883 records sent, 176,6 records/sec (5,05 MB/sec), 5,6 ms avg latency, 133,0 ms max latency.
893 records sent, 177,4 records/sec (5,08 MB/sec), 5,6 ms avg latency, 121,0 ms max latency.
694 records sent, 138,7 records/sec (3,97 MB/sec), 7,2 ms avg latency, 431,0 ms max latency.
881 records sent, 175,2 records/sec (5,01 MB/sec), 5,7 ms avg latency, 119,0 ms max latency.
900 records sent, 179,8 records/sec (5,14 MB/sec), 5,5 ms avg latency, 118,0 ms max latency.
918 records sent, 183,5 records/sec (5,25 MB/sec), 5,4 ms avg latency, 115,0 ms max latency.
907 records sent, 177,8 records/sec (5,09 MB/sec), 5,6 ms avg latency, 115,0 ms max latency.
917 records sent, 183,3 records/sec (5,24 MB/sec), 5,4 ms avg latency, 120,0 ms max latency.
858 records sent, 168,8 records/sec (4,83 MB/sec), 5,9 ms avg latency, 121,0 ms max latency.
908 records sent, 181,6 records/sec (5,20 MB/sec), 5,5 ms avg latency, 119,0 ms max latency.
917 records sent, 179,7 records/sec (5,14 MB/sec), 5,5 ms avg latency, 120,0 ms max latency.
922 records sent, 184,3 records/sec (5,27 MB/sec), 5,4 ms avg latency, 130,0 ms max latency.
903 records sent, 177,9 records/sec (5,09 MB/sec), 5,6 ms avg latency, 117,0 ms max latency.
925 records sent, 181,1 records/sec (5,18 MB/sec), 5,5 ms avg latency, 131,0 ms max latency.
900 records sent, 179,1 records/sec (5,12 MB/sec), 5,6 ms avg latency, 119,0 ms max latency.
900 records sent, 179,8 records/sec (5,14 MB/sec), 5,5 ms avg latency, 119,0 ms max latency.
914 records sent, 182,6 records/sec (5,22 MB/sec), 5,5 ms avg latency, 117,0 ms max latency.
906 records sent, 181,2 records/sec (5,18 MB/sec), 5,5 ms avg latency, 118,0 ms max latency.
905 records sent, 178,8 records/sec (5,12 MB/sec), 5,6 ms avg latency, 119,0 ms max latency.
925 records sent, 181,7 records/sec (5,20 MB/sec), 5,5 ms avg latency, 114,0 ms max latency.
918 records sent, 182,9 records/sec (5,23 MB/sec), 5,4 ms avg latency, 112,0 ms max latency.
907 records sent, 177,9 records/sec (5,09 MB/sec), 5,6 ms avg latency, 119,0 ms max latency.
925 records sent, 181,7 records/sec (5,20 MB/sec), 5,5 ms avg latency, 120,0 ms max latency.
925 records sent, 181,7 records/sec (5,20 MB/sec), 5,5 ms avg latency, 118,0 ms max latency.
921 records sent, 184,1 records/sec (5,27 MB/sec), 5,4 ms avg latency, 115,0 ms max latency.
904 records sent, 178,6 records/sec (5,11 MB/sec), 5,6 ms avg latency, 113,0 ms max latency.
850 records sent, 168,3 records/sec (4,82 MB/sec), 5,9 ms avg latency, 175,0 ms max latency.
918 records sent, 183,6 records/sec (5,25 MB/sec), 5,4 ms avg latency, 113,0 ms max latency.
907 records sent, 179,3 records/sec (5,13 MB/sec), 5,6 ms avg latency, 116,0 ms max latency.
920 records sent, 183,8 records/sec (5,26 MB/sec), 5,4 ms avg latency, 118,0 ms max latency.
905 records sent, 178,3 records/sec (5,10 MB/sec), 5,6 ms avg latency, 118,0 ms max latency.
925 records sent, 181,6 records/sec (5,20 MB/sec), 5,5 ms avg latency, 119,0 ms max latency.
800 records sent, 158,4 records/sec (4,53 MB/sec), 6,3 ms avg latency, 114,0 ms max latency.
900 records sent, 179,9 records/sec (5,15 MB/sec), 5,5 ms avg latency, 120,0 ms max latency.
925 records sent, 181,5 records/sec (5,19 MB/sec), 5,5 ms avg latency, 119,0 ms max latency.
925 records sent, 181,9 records/sec (5,20 MB/sec), 5,5 ms avg latency, 113,0 ms max latency.
924 records sent, 184,7 records/sec (5,28 MB/sec), 5,4 ms avg latency, 116,0 ms max latency.
901 records sent, 178,2 records/sec (5,10 MB/sec), 5,6 ms avg latency, 120,0 ms max latency.
915 records sent, 182,7 records/sec (5,23 MB/sec), 5,5 ms avg latency, 115,0 ms max latency.
760 records sent, 149,5 records/sec (4,28 MB/sec), 6,7 ms avg latency, 182,0 ms max latency.
919 records sent, 183,8 records/sec (5,26 MB/sec), 5,4 ms avg latency, 117,0 ms max latency.
906 records sent, 178,9 records/sec (5,12 MB/sec), 5,6 ms avg latency, 118,0 ms max latency.
925 records sent, 181,8 records/sec (5,20 MB/sec), 5,5 ms avg latency, 119,0 ms max latency.
925 records sent, 182,2 records/sec (5,21 MB/sec), 5,5 ms avg latency, 119,0 ms max latency.
900 records sent, 177,1 records/sec (5,07 MB/sec), 5,6 ms avg latency, 155,0 ms max latency.
900 records sent, 176,7 records/sec (5,06 MB/sec), 5,6 ms avg latency, 119,0 ms max latency.
900 records sent, 179,5 records/sec (5,13 MB/sec), 5,6 ms avg latency, 114,0 ms max latency.
925 records sent, 181,1 records/sec (5,18 MB/sec), 5,5 ms avg latency, 115,0 ms max latency.
921 records sent, 184,1 records/sec (5,27 MB/sec), 5,4 ms avg latency, 115,0 ms max latency.
904 records sent, 178,3 records/sec (5,10 MB/sec), 5,6 ms avg latency, 119,0 ms max latency.
922 records sent, 184,4 records/sec (5,27 MB/sec), 5,4 ms avg latency, 120,0 ms max latency.
828 records sent, 162,5 records/sec (4,65 MB/sec), 6,1 ms avg latency, 344,0 ms max latency.
918 records sent, 183,5 records/sec (5,25 MB/sec), 5,4 ms avg latency, 119,0 ms max latency.
907 records sent, 178,5 records/sec (5,11 MB/sec), 5,6 ms avg latency, 119,0 ms max latency.
925 records sent, 181,5 records/sec (5,19 MB/sec), 5,5 ms avg latency, 119,0 ms max latency.
925 records sent, 181,1 records/sec (5,18 MB/sec), 5,5 ms avg latency, 120,0 ms max latency.
925 records sent, 181,6 records/sec (5,19 MB/sec), 5,5 ms avg latency, 118,0 ms max latency.
890 records sent, 177,8 records/sec (5,09 MB/sec), 5,6 ms avg latency, 116,0 ms max latency.
910 records sent, 179,3 records/sec (5,13 MB/sec), 5,6 ms avg latency, 119,0 ms max latency.
925 records sent, 181,6 records/sec (5,19 MB/sec), 5,5 ms avg latency, 115,0 ms max latency.
919 records sent, 183,8 records/sec (5,26 MB/sec), 5,4 ms avg latency, 120,0 ms max latency.
906 records sent, 178,2 records/sec (5,10 MB/sec), 5,6 ms avg latency, 113,0 ms max latency.
921 records sent, 184,1 records/sec (5,27 MB/sec), 5,4 ms avg latency, 114,0 ms max latency.
879 records sent, 175,7 records/sec (5,03 MB/sec), 5,7 ms avg latency, 117,0 ms max latency.
925 records sent, 181,5 records/sec (5,19 MB/sec), 5,5 ms avg latency, 117,0 ms max latency.
925 records sent, 181,3 records/sec (5,19 MB/sec), 5,5 ms avg latency, 116,0 ms max latency.
920 records sent, 184,0 records/sec (5,26 MB/sec), 5,4 ms avg latency, 119,0 ms max latency.
899 records sent, 179,7 records/sec (5,14 MB/sec), 5,6 ms avg latency, 119,0 ms max latency.
906 records sent, 178,9 records/sec (5,12 MB/sec), 5,6 ms avg latency, 117,0 ms max latency.
925 records sent, 181,9 records/sec (5,20 MB/sec), 5,5 ms avg latency, 118,0 ms max latency.
925 records sent, 181,7 records/sec (5,20 MB/sec), 5,5 ms avg latency, 118,0 ms max latency.
925 records sent, 181,9 records/sec (5,20 MB/sec), 5,5 ms avg latency, 117,0 ms max latency.
925 records sent, 181,5 records/sec (5,19 MB/sec), 5,5 ms avg latency, 116,0 ms max latency.
850 records sent, 168,9 records/sec (4,83 MB/sec), 5,9 ms avg latency, 119,0 ms max latency.
925 records sent, 181,7 records/sec (5,20 MB/sec), 5,5 ms avg latency, 119,0 ms max latency.
900 records sent, 179,7 records/sec (5,14 MB/sec), 5,5 ms avg latency, 116,0 ms max latency.
925 records sent, 181,5 records/sec (5,19 MB/sec), 5,5 ms avg latency, 117,0 ms max latency.
925 records sent, 181,7 records/sec (5,20 MB/sec), 5,5 ms avg latency, 116,0 ms max latency.
925 records sent, 181,5 records/sec (5,19 MB/sec), 5,5 ms avg latency, 119,0 ms max latency.
900 records sent, 179,4 records/sec (5,13 MB/sec), 5,6 ms avg latency, 118,0 ms max latency.
750 records sent, 149,8 records/sec (4,29 MB/sec), 6,7 ms avg latency, 160,0 ms max latency.
925 records sent, 181,3 records/sec (5,19 MB/sec), 5,5 ms avg latency, 120,0 ms max latency.
925 records sent, 181,6 records/sec (5,20 MB/sec), 5,5 ms avg latency, 120,0 ms max latency.
925 records sent, 181,4 records/sec (5,19 MB/sec), 5,5 ms avg latency, 117,0 ms max latency.
80000 records sent, 177,966026 records/sec (5,09 MB/sec), 5,60 ms avg latency, 3779,00 ms max latency, 0 ms 50th, 10 ms 95th, 109 ms 99th, 118 ms 99.9th.

Metric Name                                                                          Value
app-info:commit-id:{client-id=producer-1}                                          : d4284cbebb6f0a4c
app-info:start-time-ms:{client-id=producer-1}                                      : 1590708868143
app-info:version:{client-id=producer-1}                                            : 2.3.1
kafka-metrics-count:count:{client-id=producer-1}                                   : 126,000
producer-metrics:batch-size-avg:{client-id=producer-1}                             : 30077,000
producer-metrics:batch-size-max:{client-id=producer-1}                             : 30077,000
producer-metrics:batch-split-rate:{client-id=producer-1}                           : 0,000
producer-metrics:batch-split-total:{client-id=producer-1}                          : 0,000
producer-metrics:buffer-available-bytes:{client-id=producer-1}                     : 33554432,000
producer-metrics:buffer-exhausted-rate:{client-id=producer-1}                      : 0,000
producer-metrics:buffer-exhausted-total:{client-id=producer-1}                     : 0,000
producer-metrics:buffer-total-bytes:{client-id=producer-1}                         : 33554432,000
producer-metrics:bufferpool-wait-ratio:{client-id=producer-1}                      : 0,000
producer-metrics:bufferpool-wait-time-total:{client-id=producer-1}                 : 0,000
producer-metrics:compression-rate-avg:{client-id=producer-1}                       : 1,000
producer-metrics:connection-close-rate:{client-id=producer-1}                      : 0,000
producer-metrics:connection-close-total:{client-id=producer-1}                     : 0,000
producer-metrics:connection-count:{client-id=producer-1}                           : 4,000
producer-metrics:connection-creation-rate:{client-id=producer-1}                   : 0,000
producer-metrics:connection-creation-total:{client-id=producer-1}                  : 4,000
producer-metrics:failed-authentication-rate:{client-id=producer-1}                 : 0,000
producer-metrics:failed-authentication-total:{client-id=producer-1}                : 0,000
producer-metrics:failed-reauthentication-rate:{client-id=producer-1}               : 0,000
producer-metrics:failed-reauthentication-total:{client-id=producer-1}              : 0,000
producer-metrics:incoming-byte-rate:{client-id=producer-1}                         : 0,000
producer-metrics:incoming-byte-total:{client-id=producer-1}                        : 1746,000
producer-metrics:io-ratio:{client-id=producer-1}                                   : 0,007
producer-metrics:io-time-ns-avg:{client-id=producer-1}                             : 18181,961
producer-metrics:io-wait-ratio:{client-id=producer-1}                              : 0,974
producer-metrics:io-wait-time-ns-avg:{client-id=producer-1}                        : 2616919,309
producer-metrics:io-waittime-total:{client-id=producer-1}                          : 435169025234,000
producer-metrics:iotime-total:{client-id=producer-1}                               : 3213432348,000
producer-metrics:metadata-age:{client-id=producer-1}                               : 149,275
producer-metrics:network-io-rate:{client-id=producer-1}                            : 177,478
producer-metrics:network-io-total:{client-id=producer-1}                           : 80012,000
producer-metrics:outgoing-byte-rate:{client-id=producer-1}                         : 5352569,993
producer-metrics:outgoing-byte-total:{client-id=producer-1}                        : 2412549072,000
producer-metrics:produce-throttle-time-avg:{client-id=producer-1}                  : NaN
producer-metrics:produce-throttle-time-max:{client-id=producer-1}                  : NaN
producer-metrics:reauthentication-latency-avg:{client-id=producer-1}               : NaN
producer-metrics:reauthentication-latency-max:{client-id=producer-1}               : NaN
producer-metrics:record-error-rate:{client-id=producer-1}                          : 0,000
producer-metrics:record-error-total:{client-id=producer-1}                         : 0,000
producer-metrics:record-queue-time-avg:{client-id=producer-1}                      : 0,027
producer-metrics:record-queue-time-max:{client-id=producer-1}                      : 1,000
producer-metrics:record-retry-rate:{client-id=producer-1}                          : 0,000
producer-metrics:record-retry-total:{client-id=producer-1}                         : 0,000
producer-metrics:record-send-rate:{client-id=producer-1}                           : 177,472
producer-metrics:record-send-total:{client-id=producer-1}                          : 80000,000
producer-metrics:record-size-avg:{client-id=producer-1}                            : 30092,000
producer-metrics:record-size-max:{client-id=producer-1}                            : 30092,000
producer-metrics:records-per-request-avg:{client-id=producer-1}                    : 1,000
producer-metrics:request-latency-avg:{client-id=producer-1}                        : NaN
producer-metrics:request-latency-max:{client-id=producer-1}                        : NaN
producer-metrics:request-rate:{client-id=producer-1}                               : 177,478
producer-metrics:request-size-avg:{client-id=producer-1}                           : 30157,000
producer-metrics:request-size-max:{client-id=producer-1}                           : 30157,000
producer-metrics:request-total:{client-id=producer-1}                              : 80006,000
producer-metrics:requests-in-flight:{client-id=producer-1}                         : 0,000
producer-metrics:response-rate:{client-id=producer-1}                              : 0,000
producer-metrics:response-total:{client-id=producer-1}                             : 6,000
producer-metrics:select-rate:{client-id=producer-1}                                : 372,243
producer-metrics:select-total:{client-id=producer-1}                               : 158886,000
producer-metrics:successful-authentication-no-reauth-total:{client-id=producer-1}  : 0,000
producer-metrics:successful-authentication-rate:{client-id=producer-1}             : 0,000
producer-metrics:successful-authentication-total:{client-id=producer-1}            : 0,000
producer-metrics:successful-reauthentication-rate:{client-id=producer-1}           : 0,000
producer-metrics:successful-reauthentication-total:{client-id=producer-1}          : 0,000
producer-metrics:waiting-threads:{client-id=producer-1}                            : 0,000
producer-node-metrics:incoming-byte-rate:{client-id=producer-1, node-id=node--1}   : 0,000
producer-node-metrics:incoming-byte-rate:{client-id=producer-1, node-id=node-1}    : 0,000
producer-node-metrics:incoming-byte-rate:{client-id=producer-1, node-id=node-3}    : 0,000
producer-node-metrics:incoming-byte-rate:{client-id=producer-1, node-id=node-6}    : 0,000
producer-node-metrics:incoming-byte-total:{client-id=producer-1, node-id=node--1}  : 579,000
producer-node-metrics:incoming-byte-total:{client-id=producer-1, node-id=node-1}   : 294,000
producer-node-metrics:incoming-byte-total:{client-id=producer-1, node-id=node-3}   : 579,000
producer-node-metrics:incoming-byte-total:{client-id=producer-1, node-id=node-6}   : 294,000
producer-node-metrics:outgoing-byte-rate:{client-id=producer-1, node-id=node--1}   : 0,000
producer-node-metrics:outgoing-byte-rate:{client-id=producer-1, node-id=node-1}    : 1781955,470
producer-node-metrics:outgoing-byte-rate:{client-id=producer-1, node-id=node-3}    : 1813862,111
producer-node-metrics:outgoing-byte-rate:{client-id=producer-1, node-id=node-6}    : 1756279,187
producer-node-metrics:outgoing-byte-total:{client-id=producer-1, node-id=node--1}  : 67,000
producer-node-metrics:outgoing-byte-total:{client-id=producer-1, node-id=node-1}   : 804886660,000
producer-node-metrics:outgoing-byte-total:{client-id=producer-1, node-id=node-3}   : 807118196,000
producer-node-metrics:outgoing-byte-total:{client-id=producer-1, node-id=node-6}   : 800544149,000
producer-node-metrics:request-latency-avg:{client-id=producer-1, node-id=node--1}  : NaN
producer-node-metrics:request-latency-avg:{client-id=producer-1, node-id=node-1}   : NaN
producer-node-metrics:request-latency-avg:{client-id=producer-1, node-id=node-3}   : NaN
producer-node-metrics:request-latency-avg:{client-id=producer-1, node-id=node-6}   : NaN
producer-node-metrics:request-latency-max:{client-id=producer-1, node-id=node--1}  : NaN
producer-node-metrics:request-latency-max:{client-id=producer-1, node-id=node-1}   : NaN
producer-node-metrics:request-latency-max:{client-id=producer-1, node-id=node-3}   : NaN
producer-node-metrics:request-latency-max:{client-id=producer-1, node-id=node-6}   : NaN
producer-node-metrics:request-rate:{client-id=producer-1, node-id=node--1}         : 0,000
producer-node-metrics:request-rate:{client-id=producer-1, node-id=node-1}          : 59,087
producer-node-metrics:request-rate:{client-id=producer-1, node-id=node-3}          : 60,144
producer-node-metrics:request-rate:{client-id=producer-1, node-id=node-6}          : 58,235
producer-node-metrics:request-size-avg:{client-id=producer-1, node-id=node--1}     : NaN
producer-node-metrics:request-size-avg:{client-id=producer-1, node-id=node-1}      : 30157,000
producer-node-metrics:request-size-avg:{client-id=producer-1, node-id=node-3}      : 30157,000
producer-node-metrics:request-size-avg:{client-id=producer-1, node-id=node-6}      : 30157,000
producer-node-metrics:request-size-max:{client-id=producer-1, node-id=node--1}     : NaN
producer-node-metrics:request-size-max:{client-id=producer-1, node-id=node-1}      : 30157,000
producer-node-metrics:request-size-max:{client-id=producer-1, node-id=node-3}      : 30157,000
producer-node-metrics:request-size-max:{client-id=producer-1, node-id=node-6}      : 30157,000
producer-node-metrics:request-total:{client-id=producer-1, node-id=node--1}        : 2,000
producer-node-metrics:request-total:{client-id=producer-1, node-id=node-1}         : 26691,000
producer-node-metrics:request-total:{client-id=producer-1, node-id=node-3}         : 26766,000
producer-node-metrics:request-total:{client-id=producer-1, node-id=node-6}         : 26547,000
producer-node-metrics:response-rate:{client-id=producer-1, node-id=node--1}        : 0,000
producer-node-metrics:response-rate:{client-id=producer-1, node-id=node-1}         : 0,000
producer-node-metrics:response-rate:{client-id=producer-1, node-id=node-3}         : 0,000
producer-node-metrics:response-rate:{client-id=producer-1, node-id=node-6}         : 0,000
producer-node-metrics:response-total:{client-id=producer-1, node-id=node--1}       : 2,000
producer-node-metrics:response-total:{client-id=producer-1, node-id=node-1}        : 1,000
producer-node-metrics:response-total:{client-id=producer-1, node-id=node-3}        : 2,000
producer-node-metrics:response-total:{client-id=producer-1, node-id=node-6}        : 1,000
producer-topic-metrics:byte-rate:{client-id=producer-1, topic=test-topic}          : 5337747,110
producer-topic-metrics:byte-total:{client-id=producer-1, topic=test-topic}         : 2406148890,000
producer-topic-metrics:compression-rate:{client-id=producer-1, topic=test-topic}   : 1,000
producer-topic-metrics:record-error-rate:{client-id=producer-1, topic=test-topic}  : 0,000
producer-topic-metrics:record-error-total:{client-id=producer-1, topic=test-topic} : 0,000
producer-topic-metrics:record-retry-rate:{client-id=producer-1, topic=test-topic}  : 0,000
producer-topic-metrics:record-retry-total:{client-id=producer-1, topic=test-topic} : 0,000
producer-topic-metrics:record-send-rate:{client-id=producer-1, topic=test-topic}   : 177,472
producer-topic-metrics:record-send-total:{client-id=producer-1, topic=test-topic}  : 80000,000
Produce Time: 449.523
[20:41:57] Ignite node stopped OK [uptime=00:07:26.314]
Aplication time: 450.538
