Topic to send: test-topic
Topic to acks: -2
Records: 80000
Size:10000
[12:28:55]    __________  ________________ 
[12:28:55]   /  _/ ___/ |/ /  _/_  __/ __/ 
[12:28:55]  _/ // (7 7    // /  / / / _/   
[12:28:55] /___/\___/_/|_/___/ /_/ /___/  
[12:28:55] 
[12:28:55] ver. 2.7.6#20190911-sha1:21f7ca41
[12:28:55] 2019 Copyright(C) Apache Software Foundation
[12:28:55] 
[12:28:55] Ignite documentation: http://ignite.apache.org
[12:28:55] 
[12:28:55] Quiet mode.
[12:28:55]   ^-- Logging by 'JavaLogger [quiet=true, config=null]'
[12:28:55]   ^-- To see **FULL** console log here add -DIGNITE_QUIET=false or "-v" to ignite.{sh|bat}
[12:28:55] 
[12:28:55] OS: Linux 5.0.0-38-generic amd64
[12:28:55] VM information: OpenJDK Runtime Environment 11.0.5+10-post-Ubuntu-0ubuntu1.119.04 Private Build OpenJDK 64-Bit Server VM 11.0.5+10-post-Ubuntu-0ubuntu1.119.04
[12:28:55] Please set system property '-Djava.net.preferIPv4Stack=true' to avoid possible problems in mixed environments.
[12:28:55] Initial heap size is 126MB (should be no less than 512MB, use -Xms512m -Xmx512m).
[12:28:55] Configured plugins:
[12:28:55]   ^-- None
[12:28:55] 
[12:28:55] Configured failure handler: [hnd=StopNodeOrHaltFailureHandler [tryStop=false, timeout=0, super=AbstractFailureHandler [ignoredFailureTypes=[SYSTEM_WORKER_BLOCKED, SYSTEM_CRITICAL_OPERATION_TIMEOUT]]]]
[12:28:55] Message queue limit is set to 0 which may lead to potential OOMEs when running cache operations in FULL_ASYNC or PRIMARY_SYNC modes due to message queues growth on sender and receiver sides.
[12:28:55] Security status [authentication=off, tls/ssl=off]
[12:28:56] REST protocols do not start on client node. To start the protocols on client node set '-DIGNITE_REST_START_ON_CLIENT=true' system property.
[12:28:58] Performance suggestions for grid  (fix if possible)
[12:28:58] To disable, set -DIGNITE_PERFORMANCE_SUGGESTIONS_DISABLED=true
[12:28:58]   ^-- Switch to the most recent 1.8 JVM version
[12:28:58]   ^-- Specify JVM heap max size (add '-Xmx<size>[g|G|m|M|k|K]' to JVM options)
[12:28:58]   ^-- Set max direct memory size if getting 'OOME: Direct buffer memory' (add '-XX:MaxDirectMemorySize=<size>[g|G|m|M|k|K]' to JVM options)
[12:28:58]   ^-- Disable processing of calls to System.gc() (add '-XX:+DisableExplicitGC' to JVM options)
[12:28:58] Refer to this page for more performance suggestions: https://apacheignite.readme.io/docs/jvm-and-system-tuning
[12:28:58] 
[12:28:58] To start Console Management & Monitoring run ignitevisorcmd.{sh|bat}
[12:28:58] 
[12:28:58] Ignite node started OK (id=08ac6954)
[12:28:58] Topology snapshot [ver=36, locNode=08ac6954, servers=1, clients=1, state=ACTIVE, CPUs=8, offheap=1.5GB, heap=3.9GB]
1641 records sent, 264,0 records/sec (2,52 MB/sec), 3,7 ms avg latency, 2916,0 ms max latency.
2213 records sent, 442,6 records/sec (4,22 MB/sec), 2,2 ms avg latency, 64,0 ms max latency.
2388 records sent, 476,2 records/sec (4,54 MB/sec), 2,1 ms avg latency, 55,0 ms max latency.
2425 records sent, 482,2 records/sec (4,60 MB/sec), 2,1 ms avg latency, 56,0 ms max latency.
2425 records sent, 483,5 records/sec (4,61 MB/sec), 2,1 ms avg latency, 57,0 ms max latency.
2400 records sent, 477,6 records/sec (4,55 MB/sec), 2,1 ms avg latency, 53,0 ms max latency.
2450 records sent, 487,0 records/sec (4,64 MB/sec), 2,0 ms avg latency, 52,0 ms max latency.
2400 records sent, 477,5 records/sec (4,55 MB/sec), 2,1 ms avg latency, 109,0 ms max latency.
2500 records sent, 495,9 records/sec (4,73 MB/sec), 2,0 ms avg latency, 56,0 ms max latency.
2500 records sent, 496,9 records/sec (4,74 MB/sec), 2,0 ms avg latency, 56,0 ms max latency.
2350 records sent, 467,9 records/sec (4,46 MB/sec), 2,1 ms avg latency, 178,0 ms max latency.
2325 records sent, 464,3 records/sec (4,43 MB/sec), 2,1 ms avg latency, 336,0 ms max latency.
2475 records sent, 492,6 records/sec (4,70 MB/sec), 2,0 ms avg latency, 58,0 ms max latency.
2475 records sent, 493,9 records/sec (4,71 MB/sec), 2,0 ms avg latency, 54,0 ms max latency.
2425 records sent, 484,9 records/sec (4,62 MB/sec), 2,0 ms avg latency, 54,0 ms max latency.
2500 records sent, 496,9 records/sec (4,74 MB/sec), 2,0 ms avg latency, 54,0 ms max latency.
2500 records sent, 497,1 records/sec (4,74 MB/sec), 2,0 ms avg latency, 55,0 ms max latency.
2450 records sent, 487,7 records/sec (4,65 MB/sec), 2,0 ms avg latency, 53,0 ms max latency.
2350 records sent, 469,3 records/sec (4,48 MB/sec), 2,1 ms avg latency, 75,0 ms max latency.
2500 records sent, 498,9 records/sec (4,76 MB/sec), 2,0 ms avg latency, 48,0 ms max latency.
2500 records sent, 495,7 records/sec (4,73 MB/sec), 2,0 ms avg latency, 56,0 ms max latency.
2500 records sent, 497,0 records/sec (4,74 MB/sec), 2,0 ms avg latency, 52,0 ms max latency.
2500 records sent, 496,4 records/sec (4,73 MB/sec), 2,0 ms avg latency, 52,0 ms max latency.
2500 records sent, 495,5 records/sec (4,73 MB/sec), 2,0 ms avg latency, 55,0 ms max latency.
2500 records sent, 497,0 records/sec (4,74 MB/sec), 2,0 ms avg latency, 55,0 ms max latency.
2500 records sent, 496,9 records/sec (4,74 MB/sec), 2,0 ms avg latency, 52,0 ms max latency.
2500 records sent, 495,6 records/sec (4,73 MB/sec), 2,0 ms avg latency, 52,0 ms max latency.
2275 records sent, 453,5 records/sec (4,32 MB/sec), 2,2 ms avg latency, 247,0 ms max latency.
2375 records sent, 474,9 records/sec (4,53 MB/sec), 2,1 ms avg latency, 136,0 ms max latency.
2500 records sent, 495,6 records/sec (4,73 MB/sec), 2,0 ms avg latency, 52,0 ms max latency.
2500 records sent, 499,6 records/sec (4,76 MB/sec), 2,0 ms avg latency, 51,0 ms max latency.
2400 records sent, 478,1 records/sec (4,56 MB/sec), 2,1 ms avg latency, 120,0 ms max latency.
2500 records sent, 497,3 records/sec (4,74 MB/sec), 2,0 ms avg latency, 50,0 ms max latency.
80000 records sent, 477,532114 records/sec (4,55 MB/sec), 2,08 ms avg latency, 2916,00 ms max latency, 0 ms 50th, 1 ms 95th, 47 ms 99th, 51 ms 99.9th.

Metric Name                                                                          Value
app-info:commit-id:{client-id=producer-1}                                          : d4284cbebb6f0a4c
app-info:start-time-ms:{client-id=producer-1}                                      : 1590074934743
app-info:version:{client-id=producer-1}                                            : 2.3.1
kafka-metrics-count:count:{client-id=producer-1}                                   : 126,000
producer-metrics:batch-size-avg:{client-id=producer-1}                             : 10077,000
producer-metrics:batch-size-max:{client-id=producer-1}                             : 10077,000
producer-metrics:batch-split-rate:{client-id=producer-1}                           : 0,000
producer-metrics:batch-split-total:{client-id=producer-1}                          : 0,000
producer-metrics:buffer-available-bytes:{client-id=producer-1}                     : 33554432,000
producer-metrics:buffer-exhausted-rate:{client-id=producer-1}                      : 0,000
producer-metrics:buffer-exhausted-total:{client-id=producer-1}                     : 0,000
producer-metrics:buffer-total-bytes:{client-id=producer-1}                         : 33554432,000
producer-metrics:bufferpool-wait-ratio:{client-id=producer-1}                      : 0,000
producer-metrics:bufferpool-wait-time-total:{client-id=producer-1}                 : 0,000
producer-metrics:compression-rate-avg:{client-id=producer-1}                       : 1,000
producer-metrics:connection-close-rate:{client-id=producer-1}                      : 0,000
producer-metrics:connection-close-total:{client-id=producer-1}                     : 0,000
producer-metrics:connection-count:{client-id=producer-1}                           : 4,000
producer-metrics:connection-creation-rate:{client-id=producer-1}                   : 0,000
producer-metrics:connection-creation-total:{client-id=producer-1}                  : 4,000
producer-metrics:failed-authentication-rate:{client-id=producer-1}                 : 0,000
producer-metrics:failed-authentication-total:{client-id=producer-1}                : 0,000
producer-metrics:failed-reauthentication-rate:{client-id=producer-1}               : 0,000
producer-metrics:failed-reauthentication-total:{client-id=producer-1}              : 0,000
producer-metrics:incoming-byte-rate:{client-id=producer-1}                         : 0,000
producer-metrics:incoming-byte-total:{client-id=producer-1}                        : 1461,000
producer-metrics:io-ratio:{client-id=producer-1}                                   : 0,011
producer-metrics:io-time-ns-avg:{client-id=producer-1}                             : 11823,336
producer-metrics:io-wait-ratio:{client-id=producer-1}                              : 0,957
producer-metrics:io-wait-time-ns-avg:{client-id=producer-1}                        : 1036463,394
producer-metrics:io-waittime-total:{client-id=producer-1}                          : 158092226128,000
producer-metrics:iotime-total:{client-id=producer-1}                               : 2046432440,000
producer-metrics:metadata-age:{client-id=producer-1}                               : 167,293
producer-metrics:network-io-rate:{client-id=producer-1}                            : 487,613
producer-metrics:network-io-total:{client-id=producer-1}                           : 80010,000
producer-metrics:outgoing-byte-rate:{client-id=producer-1}                         : 4953211,246
producer-metrics:outgoing-byte-total:{client-id=producer-1}                        : 812549029,000
producer-metrics:produce-throttle-time-avg:{client-id=producer-1}                  : NaN
producer-metrics:produce-throttle-time-max:{client-id=producer-1}                  : NaN
producer-metrics:reauthentication-latency-avg:{client-id=producer-1}               : NaN
producer-metrics:reauthentication-latency-max:{client-id=producer-1}               : NaN
producer-metrics:record-error-rate:{client-id=producer-1}                          : 0,000
producer-metrics:record-error-total:{client-id=producer-1}                         : 0,000
producer-metrics:record-queue-time-avg:{client-id=producer-1}                      : 0,018
producer-metrics:record-queue-time-max:{client-id=producer-1}                      : 3,000
producer-metrics:record-retry-rate:{client-id=producer-1}                          : 0,000
producer-metrics:record-retry-total:{client-id=producer-1}                         : 0,000
producer-metrics:record-send-rate:{client-id=producer-1}                           : 487,621
producer-metrics:record-send-total:{client-id=producer-1}                          : 80000,000
producer-metrics:record-size-avg:{client-id=producer-1}                            : 10092,000
producer-metrics:record-size-max:{client-id=producer-1}                            : 10092,000
producer-metrics:records-per-request-avg:{client-id=producer-1}                    : 1,000
producer-metrics:request-latency-avg:{client-id=producer-1}                        : NaN
producer-metrics:request-latency-max:{client-id=producer-1}                        : NaN
producer-metrics:request-rate:{client-id=producer-1}                               : 487,623
producer-metrics:request-size-avg:{client-id=producer-1}                           : 10157,000
producer-metrics:request-size-max:{client-id=producer-1}                           : 10157,000
producer-metrics:request-total:{client-id=producer-1}                              : 80005,000
producer-metrics:requests-in-flight:{client-id=producer-1}                         : 0,000
producer-metrics:response-rate:{client-id=producer-1}                              : 0,000
producer-metrics:response-total:{client-id=producer-1}                             : 5,000
producer-metrics:select-rate:{client-id=producer-1}                                : 923,385
producer-metrics:select-total:{client-id=producer-1}                               : 143919,000
producer-metrics:successful-authentication-no-reauth-total:{client-id=producer-1}  : 0,000
producer-metrics:successful-authentication-rate:{client-id=producer-1}             : 0,000
producer-metrics:successful-authentication-total:{client-id=producer-1}            : 0,000
producer-metrics:successful-reauthentication-rate:{client-id=producer-1}           : 0,000
producer-metrics:successful-reauthentication-total:{client-id=producer-1}          : 0,000
producer-metrics:waiting-threads:{client-id=producer-1}                            : 0,000
producer-node-metrics:incoming-byte-rate:{client-id=producer-1, node-id=node--2}   : 0,000
producer-node-metrics:incoming-byte-rate:{client-id=producer-1, node-id=node-1}    : 0,000
producer-node-metrics:incoming-byte-rate:{client-id=producer-1, node-id=node-3}    : 0,000
producer-node-metrics:incoming-byte-rate:{client-id=producer-1, node-id=node-6}    : 0,000
producer-node-metrics:incoming-byte-total:{client-id=producer-1, node-id=node--2}  : 579,000
producer-node-metrics:incoming-byte-total:{client-id=producer-1, node-id=node-1}   : 294,000
producer-node-metrics:incoming-byte-total:{client-id=producer-1, node-id=node-3}   : 294,000
producer-node-metrics:incoming-byte-total:{client-id=producer-1, node-id=node-6}   : 294,000
producer-node-metrics:outgoing-byte-rate:{client-id=producer-1, node-id=node--2}   : 0,000
producer-node-metrics:outgoing-byte-rate:{client-id=producer-1, node-id=node-1}    : 1658892,623
producer-node-metrics:outgoing-byte-rate:{client-id=producer-1, node-id=node-3}    : 1647075,257
producer-node-metrics:outgoing-byte-rate:{client-id=producer-1, node-id=node-6}    : 1646416,414
producer-node-metrics:outgoing-byte-total:{client-id=producer-1, node-id=node--2}  : 67,000
producer-node-metrics:outgoing-byte-total:{client-id=producer-1, node-id=node-1}   : 271838153,000
producer-node-metrics:outgoing-byte-total:{client-id=producer-1, node-id=node-3}   : 269624149,000
producer-node-metrics:outgoing-byte-total:{client-id=producer-1, node-id=node-6}   : 271086660,000
producer-node-metrics:request-latency-avg:{client-id=producer-1, node-id=node--2}  : NaN
producer-node-metrics:request-latency-avg:{client-id=producer-1, node-id=node-1}   : NaN
producer-node-metrics:request-latency-avg:{client-id=producer-1, node-id=node-3}   : NaN
producer-node-metrics:request-latency-avg:{client-id=producer-1, node-id=node-6}   : NaN
producer-node-metrics:request-latency-max:{client-id=producer-1, node-id=node--2}  : NaN
producer-node-metrics:request-latency-max:{client-id=producer-1, node-id=node-1}   : NaN
producer-node-metrics:request-latency-max:{client-id=producer-1, node-id=node-3}   : NaN
producer-node-metrics:request-latency-max:{client-id=producer-1, node-id=node-6}   : NaN
producer-node-metrics:request-rate:{client-id=producer-1, node-id=node--2}         : 0,000
producer-node-metrics:request-rate:{client-id=producer-1, node-id=node-1}          : 163,318
producer-node-metrics:request-rate:{client-id=producer-1, node-id=node-3}          : 162,151
producer-node-metrics:request-rate:{client-id=producer-1, node-id=node-6}          : 162,086
producer-node-metrics:request-size-avg:{client-id=producer-1, node-id=node--2}     : NaN
producer-node-metrics:request-size-avg:{client-id=producer-1, node-id=node-1}      : 10157,000
producer-node-metrics:request-size-avg:{client-id=producer-1, node-id=node-3}      : 10157,000
producer-node-metrics:request-size-avg:{client-id=producer-1, node-id=node-6}      : 10157,000
producer-node-metrics:request-size-max:{client-id=producer-1, node-id=node--2}     : NaN
producer-node-metrics:request-size-max:{client-id=producer-1, node-id=node-1}      : 10157,000
producer-node-metrics:request-size-max:{client-id=producer-1, node-id=node-3}      : 10157,000
producer-node-metrics:request-size-max:{client-id=producer-1, node-id=node-6}      : 10157,000
producer-node-metrics:request-total:{client-id=producer-1, node-id=node--2}        : 2,000
producer-node-metrics:request-total:{client-id=producer-1, node-id=node-1}         : 26765,000
producer-node-metrics:request-total:{client-id=producer-1, node-id=node-3}         : 26547,000
producer-node-metrics:request-total:{client-id=producer-1, node-id=node-6}         : 26691,000
producer-node-metrics:response-rate:{client-id=producer-1, node-id=node--2}        : 0,000
producer-node-metrics:response-rate:{client-id=producer-1, node-id=node-1}         : 0,000
producer-node-metrics:response-rate:{client-id=producer-1, node-id=node-3}         : 0,000
producer-node-metrics:response-rate:{client-id=producer-1, node-id=node-6}         : 0,000
producer-node-metrics:response-total:{client-id=producer-1, node-id=node--2}       : 2,000
producer-node-metrics:response-total:{client-id=producer-1, node-id=node-1}        : 1,000
producer-node-metrics:response-total:{client-id=producer-1, node-id=node-3}        : 1,000
producer-node-metrics:response-total:{client-id=producer-1, node-id=node-6}        : 1,000
producer-topic-metrics:byte-rate:{client-id=producer-1, topic=test-topic}          : 4913649,185
producer-topic-metrics:byte-total:{client-id=producer-1, topic=test-topic}         : 806148890,000
producer-topic-metrics:compression-rate:{client-id=producer-1, topic=test-topic}   : 1,000
producer-topic-metrics:record-error-rate:{client-id=producer-1, topic=test-topic}  : 0,000
producer-topic-metrics:record-error-total:{client-id=producer-1, topic=test-topic} : 0,000
producer-topic-metrics:record-retry-rate:{client-id=producer-1, topic=test-topic}  : 0,000
producer-topic-metrics:record-retry-total:{client-id=producer-1, topic=test-topic} : 0,000
producer-topic-metrics:record-send-rate:{client-id=producer-1, topic=test-topic}   : 487,621
producer-topic-metrics:record-send-total:{client-id=producer-1, topic=test-topic}  : 80000,000
Produce Time: 167.527
[12:31:42] Ignite node stopped OK [uptime=00:02:44.438]
Aplication time: 168.268
