Topic to send: test-topic
Topic to acks: -2
Records: 80000
Size:10000
[11:05:47]    __________  ________________ 
[11:05:47]   /  _/ ___/ |/ /  _/_  __/ __/ 
[11:05:47]  _/ // (7 7    // /  / / / _/   
[11:05:47] /___/\___/_/|_/___/ /_/ /___/  
[11:05:47] 
[11:05:47] ver. 2.7.6#20190911-sha1:21f7ca41
[11:05:47] 2019 Copyright(C) Apache Software Foundation
[11:05:47] 
[11:05:47] Ignite documentation: http://ignite.apache.org
[11:05:47] 
[11:05:47] Quiet mode.
[11:05:47]   ^-- Logging by 'JavaLogger [quiet=true, config=null]'
[11:05:47]   ^-- To see **FULL** console log here add -DIGNITE_QUIET=false or "-v" to ignite.{sh|bat}
[11:05:47] 
[11:05:47] OS: Linux 5.0.0-38-generic amd64
[11:05:47] VM information: OpenJDK Runtime Environment 11.0.5+10-post-Ubuntu-0ubuntu1.119.04 Private Build OpenJDK 64-Bit Server VM 11.0.5+10-post-Ubuntu-0ubuntu1.119.04
[11:05:47] Please set system property '-Djava.net.preferIPv4Stack=true' to avoid possible problems in mixed environments.
[11:05:47] Initial heap size is 126MB (should be no less than 512MB, use -Xms512m -Xmx512m).
[11:05:47] Configured plugins:
[11:05:47]   ^-- None
[11:05:47] 
[11:05:47] Configured failure handler: [hnd=StopNodeOrHaltFailureHandler [tryStop=false, timeout=0, super=AbstractFailureHandler [ignoredFailureTypes=[SYSTEM_WORKER_BLOCKED, SYSTEM_CRITICAL_OPERATION_TIMEOUT]]]]
[11:05:47] Message queue limit is set to 0 which may lead to potential OOMEs when running cache operations in FULL_ASYNC or PRIMARY_SYNC modes due to message queues growth on sender and receiver sides.
[11:05:47] Security status [authentication=off, tls/ssl=off]
[11:05:48] REST protocols do not start on client node. To start the protocols on client node set '-DIGNITE_REST_START_ON_CLIENT=true' system property.
[11:05:50] Performance suggestions for grid  (fix if possible)
[11:05:50] To disable, set -DIGNITE_PERFORMANCE_SUGGESTIONS_DISABLED=true
[11:05:50]   ^-- Switch to the most recent 1.8 JVM version
[11:05:50]   ^-- Specify JVM heap max size (add '-Xmx<size>[g|G|m|M|k|K]' to JVM options)
[11:05:50]   ^-- Set max direct memory size if getting 'OOME: Direct buffer memory' (add '-XX:MaxDirectMemorySize=<size>[g|G|m|M|k|K]' to JVM options)
[11:05:50]   ^-- Disable processing of calls to System.gc() (add '-XX:+DisableExplicitGC' to JVM options)
[11:05:50] Refer to this page for more performance suggestions: https://apacheignite.readme.io/docs/jvm-and-system-tuning
[11:05:50] 
[11:05:50] To start Console Management & Monitoring run ignitevisorcmd.{sh|bat}
[11:05:50] 
[11:05:50] Ignite node started OK (id=10cc7b6c)
[11:05:50] Topology snapshot [ver=24, locNode=10cc7b6c, servers=1, clients=1, state=ACTIVE, CPUs=8, offheap=1.5GB, heap=3.9GB]
1671 records sent, 266,1 records/sec (2,54 MB/sec), 3,7 ms avg latency, 2980,0 ms max latency.
2275 records sent, 450,8 records/sec (4,30 MB/sec), 2,2 ms avg latency, 65,0 ms max latency.
2350 records sent, 468,0 records/sec (4,46 MB/sec), 2,1 ms avg latency, 57,0 ms max latency.
2425 records sent, 480,9 records/sec (4,59 MB/sec), 2,1 ms avg latency, 56,0 ms max latency.
2452 records sent, 487,9 records/sec (4,65 MB/sec), 2,0 ms avg latency, 54,0 ms max latency.
2436 records sent, 485,5 records/sec (4,63 MB/sec), 2,0 ms avg latency, 70,0 ms max latency.
1677 records sent, 334,4 records/sec (3,19 MB/sec), 3,0 ms avg latency, 421,0 ms max latency.
2384 records sent, 476,0 records/sec (4,54 MB/sec), 2,1 ms avg latency, 85,0 ms max latency.
2491 records sent, 493,7 records/sec (4,71 MB/sec), 2,0 ms avg latency, 53,0 ms max latency.
2475 records sent, 492,5 records/sec (4,70 MB/sec), 2,0 ms avg latency, 56,0 ms max latency.
2500 records sent, 496,6 records/sec (4,74 MB/sec), 2,0 ms avg latency, 56,0 ms max latency.
2500 records sent, 496,6 records/sec (4,74 MB/sec), 2,0 ms avg latency, 55,0 ms max latency.
2450 records sent, 485,5 records/sec (4,63 MB/sec), 2,0 ms avg latency, 56,0 ms max latency.
2450 records sent, 489,6 records/sec (4,67 MB/sec), 2,0 ms avg latency, 54,0 ms max latency.
2475 records sent, 494,3 records/sec (4,71 MB/sec), 2,0 ms avg latency, 53,0 ms max latency.
2500 records sent, 496,7 records/sec (4,74 MB/sec), 2,0 ms avg latency, 53,0 ms max latency.
2450 records sent, 487,8 records/sec (4,65 MB/sec), 2,0 ms avg latency, 63,0 ms max latency.
2500 records sent, 495,6 records/sec (4,73 MB/sec), 2,0 ms avg latency, 54,0 ms max latency.
2475 records sent, 493,8 records/sec (4,71 MB/sec), 2,0 ms avg latency, 52,0 ms max latency.
2325 records sent, 464,3 records/sec (4,43 MB/sec), 2,1 ms avg latency, 92,0 ms max latency.
2300 records sent, 459,8 records/sec (4,39 MB/sec), 2,2 ms avg latency, 79,0 ms max latency.
2500 records sent, 498,6 records/sec (4,76 MB/sec), 2,0 ms avg latency, 54,0 ms max latency.
2471 records sent, 493,5 records/sec (4,71 MB/sec), 2,0 ms avg latency, 52,0 ms max latency.
2454 records sent, 488,2 records/sec (4,66 MB/sec), 2,0 ms avg latency, 54,0 ms max latency.
2500 records sent, 496,1 records/sec (4,73 MB/sec), 2,0 ms avg latency, 54,0 ms max latency.
2475 records sent, 492,2 records/sec (4,69 MB/sec), 2,0 ms avg latency, 76,0 ms max latency.
2425 records sent, 480,7 records/sec (4,58 MB/sec), 2,1 ms avg latency, 58,0 ms max latency.
2500 records sent, 499,8 records/sec (4,77 MB/sec), 2,0 ms avg latency, 53,0 ms max latency.
2500 records sent, 498,5 records/sec (4,75 MB/sec), 2,0 ms avg latency, 55,0 ms max latency.
2500 records sent, 495,8 records/sec (4,73 MB/sec), 2,0 ms avg latency, 54,0 ms max latency.
2500 records sent, 496,4 records/sec (4,73 MB/sec), 2,0 ms avg latency, 56,0 ms max latency.
2475 records sent, 494,0 records/sec (4,71 MB/sec), 2,0 ms avg latency, 53,0 ms max latency.
2500 records sent, 496,5 records/sec (4,74 MB/sec), 2,0 ms avg latency, 54,0 ms max latency.
80000 records sent, 475,081952 records/sec (4,53 MB/sec), 2,09 ms avg latency, 2980,00 ms max latency, 0 ms 50th, 1 ms 95th, 47 ms 99th, 52 ms 99.9th.

Metric Name                                                                          Value
app-info:commit-id:{client-id=producer-1}                                          : d4284cbebb6f0a4c
app-info:start-time-ms:{client-id=producer-1}                                      : 1590069946847
app-info:version:{client-id=producer-1}                                            : 2.3.1
kafka-metrics-count:count:{client-id=producer-1}                                   : 126,000
producer-metrics:batch-size-avg:{client-id=producer-1}                             : 10077,000
producer-metrics:batch-size-max:{client-id=producer-1}                             : 10077,000
producer-metrics:batch-split-rate:{client-id=producer-1}                           : 0,000
producer-metrics:batch-split-total:{client-id=producer-1}                          : 0,000
producer-metrics:buffer-available-bytes:{client-id=producer-1}                     : 33554432,000
producer-metrics:buffer-exhausted-rate:{client-id=producer-1}                      : 0,000
producer-metrics:buffer-exhausted-total:{client-id=producer-1}                     : 0,000
producer-metrics:buffer-total-bytes:{client-id=producer-1}                         : 33554432,000
producer-metrics:bufferpool-wait-ratio:{client-id=producer-1}                      : 0,000
producer-metrics:bufferpool-wait-time-total:{client-id=producer-1}                 : 0,000
producer-metrics:compression-rate-avg:{client-id=producer-1}                       : 1,000
producer-metrics:connection-close-rate:{client-id=producer-1}                      : 0,000
producer-metrics:connection-close-total:{client-id=producer-1}                     : 0,000
producer-metrics:connection-count:{client-id=producer-1}                           : 4,000
producer-metrics:connection-creation-rate:{client-id=producer-1}                   : 0,000
producer-metrics:connection-creation-total:{client-id=producer-1}                  : 4,000
producer-metrics:failed-authentication-rate:{client-id=producer-1}                 : 0,000
producer-metrics:failed-authentication-total:{client-id=producer-1}                : 0,000
producer-metrics:failed-reauthentication-rate:{client-id=producer-1}               : 0,000
producer-metrics:failed-reauthentication-total:{client-id=producer-1}              : 0,000
producer-metrics:incoming-byte-rate:{client-id=producer-1}                         : 0,000
producer-metrics:incoming-byte-total:{client-id=producer-1}                        : 1461,000
producer-metrics:io-ratio:{client-id=producer-1}                                   : 0,012
producer-metrics:io-time-ns-avg:{client-id=producer-1}                             : 12650,521
producer-metrics:io-wait-ratio:{client-id=producer-1}                              : 0,952
producer-metrics:io-wait-time-ns-avg:{client-id=producer-1}                        : 1041030,141
producer-metrics:io-waittime-total:{client-id=producer-1}                          : 158946831234,000
producer-metrics:iotime-total:{client-id=producer-1}                               : 2124711749,000
producer-metrics:metadata-age:{client-id=producer-1}                               : 168,183
producer-metrics:network-io-rate:{client-id=producer-1}                            : 494,276
producer-metrics:network-io-total:{client-id=producer-1}                           : 80010,000
producer-metrics:outgoing-byte-rate:{client-id=producer-1}                         : 5022448,712
producer-metrics:outgoing-byte-total:{client-id=producer-1}                        : 812549029,000
producer-metrics:produce-throttle-time-avg:{client-id=producer-1}                  : NaN
producer-metrics:produce-throttle-time-max:{client-id=producer-1}                  : NaN
producer-metrics:reauthentication-latency-avg:{client-id=producer-1}               : NaN
producer-metrics:reauthentication-latency-max:{client-id=producer-1}               : NaN
producer-metrics:record-error-rate:{client-id=producer-1}                          : 0,000
producer-metrics:record-error-total:{client-id=producer-1}                         : 0,000
producer-metrics:record-queue-time-avg:{client-id=producer-1}                      : 0,019
producer-metrics:record-queue-time-max:{client-id=producer-1}                      : 1,000
producer-metrics:record-retry-rate:{client-id=producer-1}                          : 0,000
producer-metrics:record-retry-total:{client-id=producer-1}                         : 0,000
producer-metrics:record-send-rate:{client-id=producer-1}                           : 494,383
producer-metrics:record-send-total:{client-id=producer-1}                          : 80000,000
producer-metrics:record-size-avg:{client-id=producer-1}                            : 10092,000
producer-metrics:record-size-max:{client-id=producer-1}                            : 10092,000
producer-metrics:records-per-request-avg:{client-id=producer-1}                    : 1,000
producer-metrics:request-latency-avg:{client-id=producer-1}                        : NaN
producer-metrics:request-latency-max:{client-id=producer-1}                        : NaN
producer-metrics:request-rate:{client-id=producer-1}                               : 494,276
producer-metrics:request-size-avg:{client-id=producer-1}                           : 10157,000
producer-metrics:request-size-max:{client-id=producer-1}                           : 10157,000
producer-metrics:request-total:{client-id=producer-1}                              : 80005,000
producer-metrics:requests-in-flight:{client-id=producer-1}                         : 0,000
producer-metrics:response-rate:{client-id=producer-1}                              : 0,000
producer-metrics:response-total:{client-id=producer-1}                             : 5,000
producer-metrics:select-rate:{client-id=producer-1}                                : 914,702
producer-metrics:select-total:{client-id=producer-1}                               : 147317,000
producer-metrics:successful-authentication-no-reauth-total:{client-id=producer-1}  : 0,000
producer-metrics:successful-authentication-rate:{client-id=producer-1}             : 0,000
producer-metrics:successful-authentication-total:{client-id=producer-1}            : 0,000
producer-metrics:successful-reauthentication-rate:{client-id=producer-1}           : 0,000
producer-metrics:successful-reauthentication-total:{client-id=producer-1}          : 0,000
producer-metrics:waiting-threads:{client-id=producer-1}                            : 0,000
producer-node-metrics:incoming-byte-rate:{client-id=producer-1, node-id=node--2}   : 0,000
producer-node-metrics:incoming-byte-rate:{client-id=producer-1, node-id=node-1}    : 0,000
producer-node-metrics:incoming-byte-rate:{client-id=producer-1, node-id=node-3}    : 0,000
producer-node-metrics:incoming-byte-rate:{client-id=producer-1, node-id=node-6}    : 0,000
producer-node-metrics:incoming-byte-total:{client-id=producer-1, node-id=node--2}  : 579,000
producer-node-metrics:incoming-byte-total:{client-id=producer-1, node-id=node-1}   : 294,000
producer-node-metrics:incoming-byte-total:{client-id=producer-1, node-id=node-3}   : 294,000
producer-node-metrics:incoming-byte-total:{client-id=producer-1, node-id=node-6}   : 294,000
producer-node-metrics:outgoing-byte-rate:{client-id=producer-1, node-id=node--2}   : 0,000
producer-node-metrics:outgoing-byte-rate:{client-id=producer-1, node-id=node-1}    : 1681621,116
producer-node-metrics:outgoing-byte-rate:{client-id=producer-1, node-id=node-3}    : 1666381,161
producer-node-metrics:outgoing-byte-rate:{client-id=producer-1, node-id=node-6}    : 1674302,913
producer-node-metrics:outgoing-byte-total:{client-id=producer-1, node-id=node--2}  : 67,000
producer-node-metrics:outgoing-byte-total:{client-id=producer-1, node-id=node-1}   : 271838153,000
producer-node-metrics:outgoing-byte-total:{client-id=producer-1, node-id=node-3}   : 269624149,000
producer-node-metrics:outgoing-byte-total:{client-id=producer-1, node-id=node-6}   : 271086660,000
producer-node-metrics:request-latency-avg:{client-id=producer-1, node-id=node--2}  : NaN
producer-node-metrics:request-latency-avg:{client-id=producer-1, node-id=node-1}   : NaN
producer-node-metrics:request-latency-avg:{client-id=producer-1, node-id=node-3}   : NaN
producer-node-metrics:request-latency-avg:{client-id=producer-1, node-id=node-6}   : NaN
producer-node-metrics:request-latency-max:{client-id=producer-1, node-id=node--2}  : NaN
producer-node-metrics:request-latency-max:{client-id=producer-1, node-id=node-1}   : NaN
producer-node-metrics:request-latency-max:{client-id=producer-1, node-id=node-3}   : NaN
producer-node-metrics:request-latency-max:{client-id=producer-1, node-id=node-6}   : NaN
producer-node-metrics:request-rate:{client-id=producer-1, node-id=node--2}         : 0,000
producer-node-metrics:request-rate:{client-id=producer-1, node-id=node-1}          : 165,501
producer-node-metrics:request-rate:{client-id=producer-1, node-id=node-3}          : 163,998
producer-node-metrics:request-rate:{client-id=producer-1, node-id=node-6}          : 164,777
producer-node-metrics:request-size-avg:{client-id=producer-1, node-id=node--2}     : NaN
producer-node-metrics:request-size-avg:{client-id=producer-1, node-id=node-1}      : 10157,000
producer-node-metrics:request-size-avg:{client-id=producer-1, node-id=node-3}      : 10157,000
producer-node-metrics:request-size-avg:{client-id=producer-1, node-id=node-6}      : 10157,000
producer-node-metrics:request-size-max:{client-id=producer-1, node-id=node--2}     : NaN
producer-node-metrics:request-size-max:{client-id=producer-1, node-id=node-1}      : 10157,000
producer-node-metrics:request-size-max:{client-id=producer-1, node-id=node-3}      : 10157,000
producer-node-metrics:request-size-max:{client-id=producer-1, node-id=node-6}      : 10157,000
producer-node-metrics:request-total:{client-id=producer-1, node-id=node--2}        : 2,000
producer-node-metrics:request-total:{client-id=producer-1, node-id=node-1}         : 26765,000
producer-node-metrics:request-total:{client-id=producer-1, node-id=node-3}         : 26547,000
producer-node-metrics:request-total:{client-id=producer-1, node-id=node-6}         : 26691,000
producer-node-metrics:response-rate:{client-id=producer-1, node-id=node--2}        : 0,000
producer-node-metrics:response-rate:{client-id=producer-1, node-id=node-1}         : 0,000
producer-node-metrics:response-rate:{client-id=producer-1, node-id=node-3}         : 0,000
producer-node-metrics:response-rate:{client-id=producer-1, node-id=node-6}         : 0,000
producer-node-metrics:response-total:{client-id=producer-1, node-id=node--2}       : 2,000
producer-node-metrics:response-total:{client-id=producer-1, node-id=node-1}        : 1,000
producer-node-metrics:response-total:{client-id=producer-1, node-id=node-3}        : 1,000
producer-node-metrics:response-total:{client-id=producer-1, node-id=node-6}        : 1,000
producer-topic-metrics:byte-rate:{client-id=producer-1, topic=test-topic}          : 4980759,656
producer-topic-metrics:byte-total:{client-id=producer-1, topic=test-topic}         : 806148890,000
producer-topic-metrics:compression-rate:{client-id=producer-1, topic=test-topic}   : 1,000
producer-topic-metrics:record-error-rate:{client-id=producer-1, topic=test-topic}  : 0,000
producer-topic-metrics:record-error-total:{client-id=producer-1, topic=test-topic} : 0,000
producer-topic-metrics:record-retry-rate:{client-id=producer-1, topic=test-topic}  : 0,000
producer-topic-metrics:record-retry-total:{client-id=producer-1, topic=test-topic} : 0,000
producer-topic-metrics:record-send-rate:{client-id=producer-1, topic=test-topic}   : 494,404
producer-topic-metrics:record-send-total:{client-id=producer-1, topic=test-topic}  : 80000,000
Produce Time: 168.39
[11:08:35] Ignite node stopped OK [uptime=00:02:45.339]
Aplication time: 169.153
