Topic to send: test-topic
Topic to acks: -2
Records: 80000
Size:30000
[22:59:14]    __________  ________________ 
[22:59:14]   /  _/ ___/ |/ /  _/_  __/ __/ 
[22:59:14]  _/ // (7 7    // /  / / / _/   
[22:59:14] /___/\___/_/|_/___/ /_/ /___/  
[22:59:14] 
[22:59:14] ver. 2.7.6#20190911-sha1:21f7ca41
[22:59:14] 2019 Copyright(C) Apache Software Foundation
[22:59:14] 
[22:59:14] Ignite documentation: http://ignite.apache.org
[22:59:14] 
[22:59:14] Quiet mode.
[22:59:14]   ^-- Logging by 'JavaLogger [quiet=true, config=null]'
[22:59:14]   ^-- To see **FULL** console log here add -DIGNITE_QUIET=false or "-v" to ignite.{sh|bat}
[22:59:14] 
[22:59:14] OS: Linux 5.0.0-38-generic amd64
[22:59:14] VM information: OpenJDK Runtime Environment 11.0.5+10-post-Ubuntu-0ubuntu1.119.04 Private Build OpenJDK 64-Bit Server VM 11.0.5+10-post-Ubuntu-0ubuntu1.119.04
[22:59:14] Please set system property '-Djava.net.preferIPv4Stack=true' to avoid possible problems in mixed environments.
[22:59:14] Initial heap size is 126MB (should be no less than 512MB, use -Xms512m -Xmx512m).
[22:59:14] Configured plugins:
[22:59:14]   ^-- None
[22:59:14] 
[22:59:14] Configured failure handler: [hnd=StopNodeOrHaltFailureHandler [tryStop=false, timeout=0, super=AbstractFailureHandler [ignoredFailureTypes=[SYSTEM_WORKER_BLOCKED, SYSTEM_CRITICAL_OPERATION_TIMEOUT]]]]
[22:59:14] Message queue limit is set to 0 which may lead to potential OOMEs when running cache operations in FULL_ASYNC or PRIMARY_SYNC modes due to message queues growth on sender and receiver sides.
[22:59:14] Security status [authentication=off, tls/ssl=off]
[22:59:14] REST protocols do not start on client node. To start the protocols on client node set '-DIGNITE_REST_START_ON_CLIENT=true' system property.
[22:59:16] Performance suggestions for grid  (fix if possible)
[22:59:16] To disable, set -DIGNITE_PERFORMANCE_SUGGESTIONS_DISABLED=true
[22:59:16]   ^-- Switch to the most recent 1.8 JVM version
[22:59:16]   ^-- Specify JVM heap max size (add '-Xmx<size>[g|G|m|M|k|K]' to JVM options)
[22:59:16]   ^-- Set max direct memory size if getting 'OOME: Direct buffer memory' (add '-XX:MaxDirectMemorySize=<size>[g|G|m|M|k|K]' to JVM options)
[22:59:16]   ^-- Disable processing of calls to System.gc() (add '-XX:+DisableExplicitGC' to JVM options)
[22:59:16] Refer to this page for more performance suggestions: https://apacheignite.readme.io/docs/jvm-and-system-tuning
[22:59:16] 
[22:59:16] To start Console Management & Monitoring run ignitevisorcmd.{sh|bat}
[22:59:16] 
[22:59:16] Ignite node started OK (id=4b808a44)
[22:59:16] Topology snapshot [ver=114, locNode=4b808a44, servers=1, clients=1, state=ACTIVE, CPUs=8, offheap=1.5GB, heap=3.9GB]
1048 records sent, 146,6 records/sec (4,19 MB/sec), 6,7 ms avg latency, 3824,0 ms max latency.
875 records sent, 173,3 records/sec (4,96 MB/sec), 5,7 ms avg latency, 126,0 ms max latency.
900 records sent, 177,3 records/sec (5,07 MB/sec), 5,6 ms avg latency, 115,0 ms max latency.
900 records sent, 177,2 records/sec (5,07 MB/sec), 5,6 ms avg latency, 122,0 ms max latency.
900 records sent, 177,9 records/sec (5,09 MB/sec), 5,6 ms avg latency, 121,0 ms max latency.
900 records sent, 178,5 records/sec (5,11 MB/sec), 5,6 ms avg latency, 123,0 ms max latency.
900 records sent, 177,5 records/sec (5,08 MB/sec), 5,6 ms avg latency, 146,0 ms max latency.
919 records sent, 183,8 records/sec (5,26 MB/sec), 5,4 ms avg latency, 118,0 ms max latency.
906 records sent, 178,1 records/sec (5,09 MB/sec), 5,6 ms avg latency, 115,0 ms max latency.
918 records sent, 183,5 records/sec (5,25 MB/sec), 5,4 ms avg latency, 116,0 ms max latency.
907 records sent, 177,4 records/sec (5,07 MB/sec), 5,6 ms avg latency, 123,0 ms max latency.
925 records sent, 181,4 records/sec (5,19 MB/sec), 5,5 ms avg latency, 115,0 ms max latency.
875 records sent, 174,1 records/sec (4,98 MB/sec), 5,7 ms avg latency, 119,0 ms max latency.
825 records sent, 163,0 records/sec (4,66 MB/sec), 6,1 ms avg latency, 116,0 ms max latency.
925 records sent, 181,6 records/sec (5,19 MB/sec), 5,5 ms avg latency, 117,0 ms max latency.
916 records sent, 183,2 records/sec (5,24 MB/sec), 5,4 ms avg latency, 119,0 ms max latency.
904 records sent, 180,7 records/sec (5,17 MB/sec), 5,5 ms avg latency, 116,0 ms max latency.
905 records sent, 177,7 records/sec (5,08 MB/sec), 5,6 ms avg latency, 118,0 ms max latency.
875 records sent, 171,3 records/sec (4,90 MB/sec), 5,8 ms avg latency, 215,0 ms max latency.
900 records sent, 178,4 records/sec (5,10 MB/sec), 5,6 ms avg latency, 117,0 ms max latency.
900 records sent, 179,7 records/sec (5,14 MB/sec), 5,5 ms avg latency, 116,0 ms max latency.
925 records sent, 181,8 records/sec (5,20 MB/sec), 5,5 ms avg latency, 115,0 ms max latency.
925 records sent, 181,9 records/sec (5,20 MB/sec), 5,5 ms avg latency, 119,0 ms max latency.
925 records sent, 181,6 records/sec (5,20 MB/sec), 5,5 ms avg latency, 119,0 ms max latency.
875 records sent, 173,4 records/sec (4,96 MB/sec), 5,8 ms avg latency, 129,0 ms max latency.
925 records sent, 182,2 records/sec (5,21 MB/sec), 5,5 ms avg latency, 120,0 ms max latency.
900 records sent, 179,4 records/sec (5,13 MB/sec), 5,6 ms avg latency, 118,0 ms max latency.
925 records sent, 181,9 records/sec (5,20 MB/sec), 5,5 ms avg latency, 120,0 ms max latency.
921 records sent, 183,8 records/sec (5,26 MB/sec), 5,4 ms avg latency, 118,0 ms max latency.
904 records sent, 178,9 records/sec (5,12 MB/sec), 5,6 ms avg latency, 118,0 ms max latency.
925 records sent, 181,8 records/sec (5,20 MB/sec), 5,5 ms avg latency, 114,0 ms max latency.
925 records sent, 181,8 records/sec (5,20 MB/sec), 5,5 ms avg latency, 119,0 ms max latency.
925 records sent, 181,6 records/sec (5,19 MB/sec), 5,5 ms avg latency, 114,0 ms max latency.
875 records sent, 173,4 records/sec (4,96 MB/sec), 5,8 ms avg latency, 115,0 ms max latency.
925 records sent, 181,3 records/sec (5,19 MB/sec), 5,5 ms avg latency, 118,0 ms max latency.
922 records sent, 184,3 records/sec (5,27 MB/sec), 5,4 ms avg latency, 120,0 ms max latency.
878 records sent, 175,1 records/sec (5,01 MB/sec), 5,7 ms avg latency, 118,0 ms max latency.
800 records sent, 158,7 records/sec (4,54 MB/sec), 6,3 ms avg latency, 209,0 ms max latency.
925 records sent, 181,9 records/sec (5,20 MB/sec), 5,5 ms avg latency, 119,0 ms max latency.
925 records sent, 181,3 records/sec (5,19 MB/sec), 5,5 ms avg latency, 115,0 ms max latency.
900 records sent, 178,9 records/sec (5,12 MB/sec), 5,6 ms avg latency, 114,0 ms max latency.
925 records sent, 181,8 records/sec (5,20 MB/sec), 5,5 ms avg latency, 115,0 ms max latency.
917 records sent, 183,3 records/sec (5,24 MB/sec), 5,4 ms avg latency, 114,0 ms max latency.
878 records sent, 174,7 records/sec (5,00 MB/sec), 5,7 ms avg latency, 119,0 ms max latency.
905 records sent, 178,9 records/sec (5,12 MB/sec), 5,6 ms avg latency, 113,0 ms max latency.
925 records sent, 181,9 records/sec (5,20 MB/sec), 5,5 ms avg latency, 118,0 ms max latency.
924 records sent, 184,8 records/sec (5,29 MB/sec), 5,4 ms avg latency, 113,0 ms max latency.
901 records sent, 178,5 records/sec (5,11 MB/sec), 5,6 ms avg latency, 114,0 ms max latency.
925 records sent, 182,2 records/sec (5,21 MB/sec), 5,5 ms avg latency, 118,0 ms max latency.
850 records sent, 169,7 records/sec (4,86 MB/sec), 5,9 ms avg latency, 251,0 ms max latency.
889 records sent, 177,6 records/sec (5,08 MB/sec), 5,6 ms avg latency, 119,0 ms max latency.
911 records sent, 179,6 records/sec (5,14 MB/sec), 5,6 ms avg latency, 120,0 ms max latency.
900 records sent, 179,7 records/sec (5,14 MB/sec), 5,6 ms avg latency, 116,0 ms max latency.
925 records sent, 181,8 records/sec (5,20 MB/sec), 5,5 ms avg latency, 114,0 ms max latency.
916 records sent, 183,1 records/sec (5,24 MB/sec), 5,5 ms avg latency, 116,0 ms max latency.
884 records sent, 175,2 records/sec (5,01 MB/sec), 5,7 ms avg latency, 121,0 ms max latency.
922 records sent, 184,2 records/sec (5,27 MB/sec), 5,4 ms avg latency, 119,0 ms max latency.
878 records sent, 174,6 records/sec (4,99 MB/sec), 5,7 ms avg latency, 119,0 ms max latency.
919 records sent, 183,7 records/sec (5,26 MB/sec), 5,4 ms avg latency, 116,0 ms max latency.
906 records sent, 178,9 records/sec (5,12 MB/sec), 5,6 ms avg latency, 116,0 ms max latency.
922 records sent, 184,3 records/sec (5,27 MB/sec), 5,4 ms avg latency, 118,0 ms max latency.
878 records sent, 173,1 records/sec (4,95 MB/sec), 5,8 ms avg latency, 115,0 ms max latency.
925 records sent, 181,7 records/sec (5,20 MB/sec), 5,5 ms avg latency, 120,0 ms max latency.
900 records sent, 179,1 records/sec (5,13 MB/sec), 5,6 ms avg latency, 115,0 ms max latency.
917 records sent, 183,3 records/sec (5,24 MB/sec), 5,4 ms avg latency, 120,0 ms max latency.
900 records sent, 179,8 records/sec (5,14 MB/sec), 5,5 ms avg latency, 114,0 ms max latency.
908 records sent, 179,0 records/sec (5,12 MB/sec), 5,6 ms avg latency, 118,0 ms max latency.
925 records sent, 181,5 records/sec (5,19 MB/sec), 5,5 ms avg latency, 114,0 ms max latency.
900 records sent, 178,5 records/sec (5,11 MB/sec), 5,6 ms avg latency, 118,0 ms max latency.
825 records sent, 164,2 records/sec (4,70 MB/sec), 6,1 ms avg latency, 402,0 ms max latency.
925 records sent, 181,9 records/sec (5,21 MB/sec), 5,5 ms avg latency, 115,0 ms max latency.
921 records sent, 183,9 records/sec (5,26 MB/sec), 5,4 ms avg latency, 113,0 ms max latency.
904 records sent, 178,6 records/sec (5,11 MB/sec), 5,6 ms avg latency, 118,0 ms max latency.
925 records sent, 182,2 records/sec (5,21 MB/sec), 5,5 ms avg latency, 118,0 ms max latency.
888 records sent, 176,2 records/sec (5,04 MB/sec), 5,7 ms avg latency, 114,0 ms max latency.
887 records sent, 175,6 records/sec (5,03 MB/sec), 5,7 ms avg latency, 116,0 ms max latency.
925 records sent, 182,5 records/sec (5,22 MB/sec), 5,5 ms avg latency, 113,0 ms max latency.
925 records sent, 182,1 records/sec (5,21 MB/sec), 5,5 ms avg latency, 120,0 ms max latency.
925 records sent, 182,0 records/sec (5,21 MB/sec), 5,5 ms avg latency, 122,0 ms max latency.
900 records sent, 178,6 records/sec (5,11 MB/sec), 5,6 ms avg latency, 119,0 ms max latency.
925 records sent, 181,7 records/sec (5,20 MB/sec), 5,5 ms avg latency, 116,0 ms max latency.
900 records sent, 177,5 records/sec (5,08 MB/sec), 5,6 ms avg latency, 115,0 ms max latency.
850 records sent, 169,3 records/sec (4,84 MB/sec), 5,9 ms avg latency, 203,0 ms max latency.
925 records sent, 182,1 records/sec (5,21 MB/sec), 5,5 ms avg latency, 120,0 ms max latency.
919 records sent, 183,7 records/sec (5,26 MB/sec), 5,4 ms avg latency, 115,0 ms max latency.
906 records sent, 178,4 records/sec (5,10 MB/sec), 5,6 ms avg latency, 113,0 ms max latency.
925 records sent, 181,5 records/sec (5,19 MB/sec), 5,5 ms avg latency, 118,0 ms max latency.
925 records sent, 182,2 records/sec (5,21 MB/sec), 5,5 ms avg latency, 113,0 ms max latency.
80000 records sent, 178,520821 records/sec (5,11 MB/sec), 5,58 ms avg latency, 3824,00 ms max latency, 0 ms 50th, 10 ms 95th, 109 ms 99th, 118 ms 99.9th.

Metric Name                                                                          Value
app-info:commit-id:{client-id=producer-1}                                          : d4284cbebb6f0a4c
app-info:start-time-ms:{client-id=producer-1}                                      : 1590717553535
app-info:version:{client-id=producer-1}                                            : 2.3.1
kafka-metrics-count:count:{client-id=producer-1}                                   : 126,000
producer-metrics:batch-size-avg:{client-id=producer-1}                             : 30077,000
producer-metrics:batch-size-max:{client-id=producer-1}                             : 30077,000
producer-metrics:batch-split-rate:{client-id=producer-1}                           : 0,000
producer-metrics:batch-split-total:{client-id=producer-1}                          : 0,000
producer-metrics:buffer-available-bytes:{client-id=producer-1}                     : 33554432,000
producer-metrics:buffer-exhausted-rate:{client-id=producer-1}                      : 0,000
producer-metrics:buffer-exhausted-total:{client-id=producer-1}                     : 0,000
producer-metrics:buffer-total-bytes:{client-id=producer-1}                         : 33554432,000
producer-metrics:bufferpool-wait-ratio:{client-id=producer-1}                      : 0,000
producer-metrics:bufferpool-wait-time-total:{client-id=producer-1}                 : 0,000
producer-metrics:compression-rate-avg:{client-id=producer-1}                       : 1,000
producer-metrics:connection-close-rate:{client-id=producer-1}                      : 0,000
producer-metrics:connection-close-total:{client-id=producer-1}                     : 0,000
producer-metrics:connection-count:{client-id=producer-1}                           : 4,000
producer-metrics:connection-creation-rate:{client-id=producer-1}                   : 0,000
producer-metrics:connection-creation-total:{client-id=producer-1}                  : 4,000
producer-metrics:failed-authentication-rate:{client-id=producer-1}                 : 0,000
producer-metrics:failed-authentication-total:{client-id=producer-1}                : 0,000
producer-metrics:failed-reauthentication-rate:{client-id=producer-1}               : 0,000
producer-metrics:failed-reauthentication-total:{client-id=producer-1}              : 0,000
producer-metrics:incoming-byte-rate:{client-id=producer-1}                         : 0,000
producer-metrics:incoming-byte-total:{client-id=producer-1}                        : 1746,000
producer-metrics:io-ratio:{client-id=producer-1}                                   : 0,007
producer-metrics:io-time-ns-avg:{client-id=producer-1}                             : 18989,147
producer-metrics:io-wait-ratio:{client-id=producer-1}                              : 0,971
producer-metrics:io-wait-time-ns-avg:{client-id=producer-1}                        : 2796379,472
producer-metrics:io-waittime-total:{client-id=producer-1}                          : 433325719852,000
producer-metrics:iotime-total:{client-id=producer-1}                               : 3236180593,000
producer-metrics:metadata-age:{client-id=producer-1}                               : 147,857
producer-metrics:network-io-rate:{client-id=producer-1}                            : 179,921
producer-metrics:network-io-total:{client-id=producer-1}                           : 80012,000
producer-metrics:outgoing-byte-rate:{client-id=producer-1}                         : 5426618,106
producer-metrics:outgoing-byte-total:{client-id=producer-1}                        : 2412549072,000
producer-metrics:produce-throttle-time-avg:{client-id=producer-1}                  : NaN
producer-metrics:produce-throttle-time-max:{client-id=producer-1}                  : NaN
producer-metrics:reauthentication-latency-avg:{client-id=producer-1}               : NaN
producer-metrics:reauthentication-latency-max:{client-id=producer-1}               : NaN
producer-metrics:record-error-rate:{client-id=producer-1}                          : 0,000
producer-metrics:record-error-total:{client-id=producer-1}                         : 0,000
producer-metrics:record-queue-time-avg:{client-id=producer-1}                      : 0,017
producer-metrics:record-queue-time-max:{client-id=producer-1}                      : 2,000
producer-metrics:record-retry-rate:{client-id=producer-1}                          : 0,000
producer-metrics:record-retry-total:{client-id=producer-1}                         : 0,000
producer-metrics:record-send-rate:{client-id=producer-1}                           : 179,921
producer-metrics:record-send-total:{client-id=producer-1}                          : 80000,000
producer-metrics:record-size-avg:{client-id=producer-1}                            : 30092,000
producer-metrics:record-size-max:{client-id=producer-1}                            : 30092,000
producer-metrics:records-per-request-avg:{client-id=producer-1}                    : 1,000
producer-metrics:request-latency-avg:{client-id=producer-1}                        : NaN
producer-metrics:request-latency-max:{client-id=producer-1}                        : NaN
producer-metrics:request-rate:{client-id=producer-1}                               : 179,924
producer-metrics:request-size-avg:{client-id=producer-1}                           : 30157,000
producer-metrics:request-size-max:{client-id=producer-1}                           : 30157,000
producer-metrics:request-total:{client-id=producer-1}                              : 80006,000
producer-metrics:requests-in-flight:{client-id=producer-1}                         : 0,000
producer-metrics:response-rate:{client-id=producer-1}                              : 0,000
producer-metrics:response-total:{client-id=producer-1}                             : 6,000
producer-metrics:select-rate:{client-id=producer-1}                                : 347,309
producer-metrics:select-total:{client-id=producer-1}                               : 157273,000
producer-metrics:successful-authentication-no-reauth-total:{client-id=producer-1}  : 0,000
producer-metrics:successful-authentication-rate:{client-id=producer-1}             : 0,000
producer-metrics:successful-authentication-total:{client-id=producer-1}            : 0,000
producer-metrics:successful-reauthentication-rate:{client-id=producer-1}           : 0,000
producer-metrics:successful-reauthentication-total:{client-id=producer-1}          : 0,000
producer-metrics:waiting-threads:{client-id=producer-1}                            : 0,000
producer-node-metrics:incoming-byte-rate:{client-id=producer-1, node-id=node--3}   : 0,000
producer-node-metrics:incoming-byte-rate:{client-id=producer-1, node-id=node-1}    : 0,000
producer-node-metrics:incoming-byte-rate:{client-id=producer-1, node-id=node-3}    : 0,000
producer-node-metrics:incoming-byte-rate:{client-id=producer-1, node-id=node-6}    : 0,000
producer-node-metrics:incoming-byte-total:{client-id=producer-1, node-id=node--3}  : 579,000
producer-node-metrics:incoming-byte-total:{client-id=producer-1, node-id=node-1}   : 579,000
producer-node-metrics:incoming-byte-total:{client-id=producer-1, node-id=node-3}   : 294,000
producer-node-metrics:incoming-byte-total:{client-id=producer-1, node-id=node-6}   : 294,000
producer-node-metrics:outgoing-byte-rate:{client-id=producer-1, node-id=node--3}   : 0,000
producer-node-metrics:outgoing-byte-rate:{client-id=producer-1, node-id=node-1}    : 1802001,847
producer-node-metrics:outgoing-byte-rate:{client-id=producer-1, node-id=node-3}    : 1840228,496
producer-node-metrics:outgoing-byte-rate:{client-id=producer-1, node-id=node-6}    : 1783150,836
producer-node-metrics:outgoing-byte-total:{client-id=producer-1, node-id=node--3}  : 67,000
producer-node-metrics:outgoing-byte-total:{client-id=producer-1, node-id=node-1}   : 804886703,000
producer-node-metrics:outgoing-byte-total:{client-id=producer-1, node-id=node-3}   : 807118153,000
producer-node-metrics:outgoing-byte-total:{client-id=producer-1, node-id=node-6}   : 800544149,000
producer-node-metrics:request-latency-avg:{client-id=producer-1, node-id=node--3}  : NaN
producer-node-metrics:request-latency-avg:{client-id=producer-1, node-id=node-1}   : NaN
producer-node-metrics:request-latency-avg:{client-id=producer-1, node-id=node-3}   : NaN
producer-node-metrics:request-latency-avg:{client-id=producer-1, node-id=node-6}   : NaN
producer-node-metrics:request-latency-max:{client-id=producer-1, node-id=node--3}  : NaN
producer-node-metrics:request-latency-max:{client-id=producer-1, node-id=node-1}   : NaN
producer-node-metrics:request-latency-max:{client-id=producer-1, node-id=node-3}   : NaN
producer-node-metrics:request-latency-max:{client-id=producer-1, node-id=node-6}   : NaN
producer-node-metrics:request-rate:{client-id=producer-1, node-id=node--3}         : 0,000
producer-node-metrics:request-rate:{client-id=producer-1, node-id=node-1}          : 59,748
producer-node-metrics:request-rate:{client-id=producer-1, node-id=node-3}          : 61,014
producer-node-metrics:request-rate:{client-id=producer-1, node-id=node-6}          : 59,122
producer-node-metrics:request-size-avg:{client-id=producer-1, node-id=node--3}     : NaN
producer-node-metrics:request-size-avg:{client-id=producer-1, node-id=node-1}      : 30157,000
producer-node-metrics:request-size-avg:{client-id=producer-1, node-id=node-3}      : 30157,000
producer-node-metrics:request-size-avg:{client-id=producer-1, node-id=node-6}      : 30157,000
producer-node-metrics:request-size-max:{client-id=producer-1, node-id=node--3}     : NaN
producer-node-metrics:request-size-max:{client-id=producer-1, node-id=node-1}      : 30157,000
producer-node-metrics:request-size-max:{client-id=producer-1, node-id=node-3}      : 30157,000
producer-node-metrics:request-size-max:{client-id=producer-1, node-id=node-6}      : 30157,000
producer-node-metrics:request-total:{client-id=producer-1, node-id=node--3}        : 2,000
producer-node-metrics:request-total:{client-id=producer-1, node-id=node-1}         : 26692,000
producer-node-metrics:request-total:{client-id=producer-1, node-id=node-3}         : 26765,000
producer-node-metrics:request-total:{client-id=producer-1, node-id=node-6}         : 26547,000
producer-node-metrics:response-rate:{client-id=producer-1, node-id=node--3}        : 0,000
producer-node-metrics:response-rate:{client-id=producer-1, node-id=node-1}         : 0,000
producer-node-metrics:response-rate:{client-id=producer-1, node-id=node-3}         : 0,000
producer-node-metrics:response-rate:{client-id=producer-1, node-id=node-6}         : 0,000
producer-node-metrics:response-total:{client-id=producer-1, node-id=node--3}       : 2,000
producer-node-metrics:response-total:{client-id=producer-1, node-id=node-1}        : 2,000
producer-node-metrics:response-total:{client-id=producer-1, node-id=node-3}        : 1,000
producer-node-metrics:response-total:{client-id=producer-1, node-id=node-6}        : 1,000
producer-topic-metrics:byte-rate:{client-id=producer-1, topic=test-topic}          : 5411288,423
producer-topic-metrics:byte-total:{client-id=producer-1, topic=test-topic}         : 2406148890,000
producer-topic-metrics:compression-rate:{client-id=producer-1, topic=test-topic}   : 1,000
producer-topic-metrics:record-error-rate:{client-id=producer-1, topic=test-topic}  : 0,000
producer-topic-metrics:record-error-total:{client-id=producer-1, topic=test-topic} : 0,000
producer-topic-metrics:record-retry-rate:{client-id=producer-1, topic=test-topic}  : 0,000
producer-topic-metrics:record-retry-total:{client-id=producer-1, topic=test-topic} : 0,000
producer-topic-metrics:record-send-rate:{client-id=producer-1, topic=test-topic}   : 179,921
producer-topic-metrics:record-send-total:{client-id=producer-1, topic=test-topic}  : 80000,000
Produce Time: 448.123
[23:06:41] Ignite node stopped OK [uptime=00:07:25.016]
Aplication time: 449.127
