Topic to send: test-topic
Topic to acks: -2
Records: 80000
Size:10000
[15:33:33]    __________  ________________ 
[15:33:33]   /  _/ ___/ |/ /  _/_  __/ __/ 
[15:33:33]  _/ // (7 7    // /  / / / _/   
[15:33:33] /___/\___/_/|_/___/ /_/ /___/  
[15:33:33] 
[15:33:33] ver. 2.7.6#20190911-sha1:21f7ca41
[15:33:33] 2019 Copyright(C) Apache Software Foundation
[15:33:33] 
[15:33:33] Ignite documentation: http://ignite.apache.org
[15:33:33] 
[15:33:33] Quiet mode.
[15:33:33]   ^-- Logging by 'JavaLogger [quiet=true, config=null]'
[15:33:33]   ^-- To see **FULL** console log here add -DIGNITE_QUIET=false or "-v" to ignite.{sh|bat}
[15:33:33] 
[15:33:33] OS: Linux 5.0.0-38-generic amd64
[15:33:33] VM information: OpenJDK Runtime Environment 11.0.5+10-post-Ubuntu-0ubuntu1.119.04 Private Build OpenJDK 64-Bit Server VM 11.0.5+10-post-Ubuntu-0ubuntu1.119.04
[15:33:33] Please set system property '-Djava.net.preferIPv4Stack=true' to avoid possible problems in mixed environments.
[15:33:33] Initial heap size is 126MB (should be no less than 512MB, use -Xms512m -Xmx512m).
[15:33:33] Configured plugins:
[15:33:33]   ^-- None
[15:33:33] 
[15:33:33] Configured failure handler: [hnd=StopNodeOrHaltFailureHandler [tryStop=false, timeout=0, super=AbstractFailureHandler [ignoredFailureTypes=[SYSTEM_WORKER_BLOCKED, SYSTEM_CRITICAL_OPERATION_TIMEOUT]]]]
[15:33:33] Message queue limit is set to 0 which may lead to potential OOMEs when running cache operations in FULL_ASYNC or PRIMARY_SYNC modes due to message queues growth on sender and receiver sides.
[15:33:33] Security status [authentication=off, tls/ssl=off]
[15:33:34] REST protocols do not start on client node. To start the protocols on client node set '-DIGNITE_REST_START_ON_CLIENT=true' system property.
[15:33:36] Performance suggestions for grid  (fix if possible)
[15:33:36] To disable, set -DIGNITE_PERFORMANCE_SUGGESTIONS_DISABLED=true
[15:33:36]   ^-- Switch to the most recent 1.8 JVM version
[15:33:36]   ^-- Specify JVM heap max size (add '-Xmx<size>[g|G|m|M|k|K]' to JVM options)
[15:33:36]   ^-- Set max direct memory size if getting 'OOME: Direct buffer memory' (add '-XX:MaxDirectMemorySize=<size>[g|G|m|M|k|K]' to JVM options)
[15:33:36]   ^-- Disable processing of calls to System.gc() (add '-XX:+DisableExplicitGC' to JVM options)
[15:33:36] Refer to this page for more performance suggestions: https://apacheignite.readme.io/docs/jvm-and-system-tuning
[15:33:36] 
[15:33:36] To start Console Management & Monitoring run ignitevisorcmd.{sh|bat}
[15:33:36] 
[15:33:36] Ignite node started OK (id=e853534f)
[15:33:36] Topology snapshot [ver=16, locNode=e853534f, servers=1, clients=1, state=ACTIVE, CPUs=8, offheap=1.5GB, heap=3.9GB]
1423 records sent, 240,0 records/sec (2,29 MB/sec), 4,1 ms avg latency, 2675,0 ms max latency.
2230 records sent, 446,0 records/sec (4,25 MB/sec), 2,2 ms avg latency, 60,0 ms max latency.
2323 records sent, 463,4 records/sec (4,42 MB/sec), 2,1 ms avg latency, 54,0 ms max latency.
2425 records sent, 483,9 records/sec (4,62 MB/sec), 2,0 ms avg latency, 51,0 ms max latency.
2455 records sent, 488,6 records/sec (4,66 MB/sec), 2,0 ms avg latency, 57,0 ms max latency.
2389 records sent, 476,9 records/sec (4,55 MB/sec), 2,1 ms avg latency, 59,0 ms max latency.
1961 records sent, 390,9 records/sec (3,73 MB/sec), 2,5 ms avg latency, 274,0 ms max latency.
2325 records sent, 464,4 records/sec (4,43 MB/sec), 2,1 ms avg latency, 54,0 ms max latency.
2125 records sent, 424,7 records/sec (4,05 MB/sec), 2,3 ms avg latency, 200,0 ms max latency.
2475 records sent, 491,4 records/sec (4,69 MB/sec), 2,0 ms avg latency, 53,0 ms max latency.
2425 records sent, 482,3 records/sec (4,60 MB/sec), 2,1 ms avg latency, 51,0 ms max latency.
2425 records sent, 483,2 records/sec (4,61 MB/sec), 2,1 ms avg latency, 54,0 ms max latency.
2375 records sent, 471,0 records/sec (4,49 MB/sec), 2,1 ms avg latency, 72,0 ms max latency.
2222 records sent, 443,6 records/sec (4,23 MB/sec), 2,2 ms avg latency, 90,0 ms max latency.
2178 records sent, 432,6 records/sec (4,13 MB/sec), 2,3 ms avg latency, 165,0 ms max latency.
2325 records sent, 460,9 records/sec (4,40 MB/sec), 2,2 ms avg latency, 171,0 ms max latency.
2450 records sent, 488,1 records/sec (4,66 MB/sec), 2,0 ms avg latency, 50,0 ms max latency.
2400 records sent, 477,4 records/sec (4,55 MB/sec), 2,1 ms avg latency, 53,0 ms max latency.
2300 records sent, 457,5 records/sec (4,36 MB/sec), 2,2 ms avg latency, 118,0 ms max latency.
2450 records sent, 487,9 records/sec (4,65 MB/sec), 2,0 ms avg latency, 50,0 ms max latency.
2300 records sent, 455,8 records/sec (4,35 MB/sec), 2,2 ms avg latency, 75,0 ms max latency.
2225 records sent, 443,1 records/sec (4,23 MB/sec), 2,2 ms avg latency, 156,0 ms max latency.
2493 records sent, 498,6 records/sec (4,76 MB/sec), 2,0 ms avg latency, 53,0 ms max latency.
2457 records sent, 487,4 records/sec (4,65 MB/sec), 2,0 ms avg latency, 51,0 ms max latency.
2350 records sent, 469,6 records/sec (4,48 MB/sec), 2,1 ms avg latency, 60,0 ms max latency.
2350 records sent, 467,8 records/sec (4,46 MB/sec), 2,1 ms avg latency, 57,0 ms max latency.
2443 records sent, 488,6 records/sec (4,66 MB/sec), 2,0 ms avg latency, 53,0 ms max latency.
1732 records sent, 345,2 records/sec (3,29 MB/sec), 2,9 ms avg latency, 218,0 ms max latency.
2500 records sent, 497,0 records/sec (4,74 MB/sec), 2,0 ms avg latency, 52,0 ms max latency.
2400 records sent, 479,3 records/sec (4,57 MB/sec), 2,1 ms avg latency, 55,0 ms max latency.
2425 records sent, 483,2 records/sec (4,61 MB/sec), 2,1 ms avg latency, 54,0 ms max latency.
2350 records sent, 466,9 records/sec (4,45 MB/sec), 2,1 ms avg latency, 78,0 ms max latency.
2475 records sent, 491,6 records/sec (4,69 MB/sec), 2,0 ms avg latency, 55,0 ms max latency.
2175 records sent, 433,8 records/sec (4,14 MB/sec), 2,3 ms avg latency, 152,0 ms max latency.
80000 records sent, 455,158367 records/sec (4,34 MB/sec), 2,18 ms avg latency, 2675,00 ms max latency, 0 ms 50th, 3 ms 95th, 47 ms 99th, 53 ms 99.9th.

Metric Name                                                                          Value
app-info:commit-id:{client-id=producer-1}                                          : d4284cbebb6f0a4c
app-info:start-time-ms:{client-id=producer-1}                                      : 1590690813008
app-info:version:{client-id=producer-1}                                            : 2.3.1
kafka-metrics-count:count:{client-id=producer-1}                                   : 126,000
producer-metrics:batch-size-avg:{client-id=producer-1}                             : 10077,000
producer-metrics:batch-size-max:{client-id=producer-1}                             : 10077,000
producer-metrics:batch-split-rate:{client-id=producer-1}                           : 0,000
producer-metrics:batch-split-total:{client-id=producer-1}                          : 0,000
producer-metrics:buffer-available-bytes:{client-id=producer-1}                     : 33554432,000
producer-metrics:buffer-exhausted-rate:{client-id=producer-1}                      : 0,000
producer-metrics:buffer-exhausted-total:{client-id=producer-1}                     : 0,000
producer-metrics:buffer-total-bytes:{client-id=producer-1}                         : 33554432,000
producer-metrics:bufferpool-wait-ratio:{client-id=producer-1}                      : 0,000
producer-metrics:bufferpool-wait-time-total:{client-id=producer-1}                 : 0,000
producer-metrics:compression-rate-avg:{client-id=producer-1}                       : 1,000
producer-metrics:connection-close-rate:{client-id=producer-1}                      : 0,000
producer-metrics:connection-close-total:{client-id=producer-1}                     : 0,000
producer-metrics:connection-count:{client-id=producer-1}                           : 4,000
producer-metrics:connection-creation-rate:{client-id=producer-1}                   : 0,000
producer-metrics:connection-creation-total:{client-id=producer-1}                  : 4,000
producer-metrics:failed-authentication-rate:{client-id=producer-1}                 : 0,000
producer-metrics:failed-authentication-total:{client-id=producer-1}                : 0,000
producer-metrics:failed-reauthentication-rate:{client-id=producer-1}               : 0,000
producer-metrics:failed-reauthentication-total:{client-id=producer-1}              : 0,000
producer-metrics:incoming-byte-rate:{client-id=producer-1}                         : 0,000
producer-metrics:incoming-byte-total:{client-id=producer-1}                        : 1461,000
producer-metrics:io-ratio:{client-id=producer-1}                                   : 0,010
producer-metrics:io-time-ns-avg:{client-id=producer-1}                             : 11504,392
producer-metrics:io-wait-ratio:{client-id=producer-1}                              : 0,961
producer-metrics:io-wait-time-ns-avg:{client-id=producer-1}                        : 1059863,304
producer-metrics:io-waittime-total:{client-id=producer-1}                          : 167293986721,000
producer-metrics:iotime-total:{client-id=producer-1}                               : 2066114581,000
producer-metrics:metadata-age:{client-id=producer-1}                               : 175,451
producer-metrics:network-io-rate:{client-id=producer-1}                            : 458,406
producer-metrics:network-io-total:{client-id=producer-1}                           : 80010,000
producer-metrics:outgoing-byte-rate:{client-id=producer-1}                         : 4656367,834
producer-metrics:outgoing-byte-total:{client-id=producer-1}                        : 812549029,000
producer-metrics:produce-throttle-time-avg:{client-id=producer-1}                  : NaN
producer-metrics:produce-throttle-time-max:{client-id=producer-1}                  : NaN
producer-metrics:reauthentication-latency-avg:{client-id=producer-1}               : NaN
producer-metrics:reauthentication-latency-max:{client-id=producer-1}               : NaN
producer-metrics:record-error-rate:{client-id=producer-1}                          : 0,000
producer-metrics:record-error-total:{client-id=producer-1}                         : 0,000
producer-metrics:record-queue-time-avg:{client-id=producer-1}                      : 0,021
producer-metrics:record-queue-time-max:{client-id=producer-1}                      : 2,000
producer-metrics:record-retry-rate:{client-id=producer-1}                          : 0,000
producer-metrics:record-retry-total:{client-id=producer-1}                         : 0,000
producer-metrics:record-send-rate:{client-id=producer-1}                           : 458,272
producer-metrics:record-send-total:{client-id=producer-1}                          : 80000,000
producer-metrics:record-size-avg:{client-id=producer-1}                            : 10092,000
producer-metrics:record-size-max:{client-id=producer-1}                            : 10092,000
producer-metrics:records-per-request-avg:{client-id=producer-1}                    : 1,000
producer-metrics:request-latency-avg:{client-id=producer-1}                        : NaN
producer-metrics:request-latency-max:{client-id=producer-1}                        : NaN
producer-metrics:request-rate:{client-id=producer-1}                               : 458,406
producer-metrics:request-size-avg:{client-id=producer-1}                           : 10157,000
producer-metrics:request-size-max:{client-id=producer-1}                           : 10157,000
producer-metrics:request-total:{client-id=producer-1}                              : 80005,000
producer-metrics:requests-in-flight:{client-id=producer-1}                         : 0,000
producer-metrics:response-rate:{client-id=producer-1}                              : 0,000
producer-metrics:response-total:{client-id=producer-1}                             : 5,000
producer-metrics:select-rate:{client-id=producer-1}                                : 906,373
producer-metrics:select-total:{client-id=producer-1}                               : 156713,000
producer-metrics:successful-authentication-no-reauth-total:{client-id=producer-1}  : 0,000
producer-metrics:successful-authentication-rate:{client-id=producer-1}             : 0,000
producer-metrics:successful-authentication-total:{client-id=producer-1}            : 0,000
producer-metrics:successful-reauthentication-rate:{client-id=producer-1}           : 0,000
producer-metrics:successful-reauthentication-total:{client-id=producer-1}          : 0,000
producer-metrics:waiting-threads:{client-id=producer-1}                            : 0,000
producer-node-metrics:incoming-byte-rate:{client-id=producer-1, node-id=node--3}   : 0,000
producer-node-metrics:incoming-byte-rate:{client-id=producer-1, node-id=node-1}    : 0,000
producer-node-metrics:incoming-byte-rate:{client-id=producer-1, node-id=node-3}    : 0,000
producer-node-metrics:incoming-byte-rate:{client-id=producer-1, node-id=node-6}    : 0,000
producer-node-metrics:incoming-byte-total:{client-id=producer-1, node-id=node--3}  : 579,000
producer-node-metrics:incoming-byte-total:{client-id=producer-1, node-id=node-1}   : 294,000
producer-node-metrics:incoming-byte-total:{client-id=producer-1, node-id=node-3}   : 294,000
producer-node-metrics:incoming-byte-total:{client-id=producer-1, node-id=node-6}   : 294,000
producer-node-metrics:outgoing-byte-rate:{client-id=producer-1, node-id=node--3}   : 0,000
producer-node-metrics:outgoing-byte-rate:{client-id=producer-1, node-id=node-1}    : 1555629,575
producer-node-metrics:outgoing-byte-rate:{client-id=producer-1, node-id=node-3}    : 1556393,093
producer-node-metrics:outgoing-byte-rate:{client-id=producer-1, node-id=node-6}    : 1542760,977
producer-node-metrics:outgoing-byte-total:{client-id=producer-1, node-id=node--3}  : 67,000
producer-node-metrics:outgoing-byte-total:{client-id=producer-1, node-id=node-1}   : 271086660,000
producer-node-metrics:outgoing-byte-total:{client-id=producer-1, node-id=node-3}   : 271838153,000
producer-node-metrics:outgoing-byte-total:{client-id=producer-1, node-id=node-6}   : 269624149,000
producer-node-metrics:request-latency-avg:{client-id=producer-1, node-id=node--3}  : NaN
producer-node-metrics:request-latency-avg:{client-id=producer-1, node-id=node-1}   : NaN
producer-node-metrics:request-latency-avg:{client-id=producer-1, node-id=node-3}   : NaN
producer-node-metrics:request-latency-avg:{client-id=producer-1, node-id=node-6}   : NaN
producer-node-metrics:request-latency-max:{client-id=producer-1, node-id=node--3}  : NaN
producer-node-metrics:request-latency-max:{client-id=producer-1, node-id=node-1}   : NaN
producer-node-metrics:request-latency-max:{client-id=producer-1, node-id=node-3}   : NaN
producer-node-metrics:request-latency-max:{client-id=producer-1, node-id=node-6}   : NaN
producer-node-metrics:request-rate:{client-id=producer-1, node-id=node--3}         : 0,000
producer-node-metrics:request-rate:{client-id=producer-1, node-id=node-1}          : 153,153
producer-node-metrics:request-rate:{client-id=producer-1, node-id=node-3}          : 153,225
producer-node-metrics:request-rate:{client-id=producer-1, node-id=node-6}          : 151,883
producer-node-metrics:request-size-avg:{client-id=producer-1, node-id=node--3}     : NaN
producer-node-metrics:request-size-avg:{client-id=producer-1, node-id=node-1}      : 10157,000
producer-node-metrics:request-size-avg:{client-id=producer-1, node-id=node-3}      : 10157,000
producer-node-metrics:request-size-avg:{client-id=producer-1, node-id=node-6}      : 10157,000
producer-node-metrics:request-size-max:{client-id=producer-1, node-id=node--3}     : NaN
producer-node-metrics:request-size-max:{client-id=producer-1, node-id=node-1}      : 10157,000
producer-node-metrics:request-size-max:{client-id=producer-1, node-id=node-3}      : 10157,000
producer-node-metrics:request-size-max:{client-id=producer-1, node-id=node-6}      : 10157,000
producer-node-metrics:request-total:{client-id=producer-1, node-id=node--3}        : 2,000
producer-node-metrics:request-total:{client-id=producer-1, node-id=node-1}         : 26691,000
producer-node-metrics:request-total:{client-id=producer-1, node-id=node-3}         : 26765,000
producer-node-metrics:request-total:{client-id=producer-1, node-id=node-6}         : 26547,000
producer-node-metrics:response-rate:{client-id=producer-1, node-id=node--3}        : 0,000
producer-node-metrics:response-rate:{client-id=producer-1, node-id=node-1}         : 0,000
producer-node-metrics:response-rate:{client-id=producer-1, node-id=node-3}         : 0,000
producer-node-metrics:response-rate:{client-id=producer-1, node-id=node-6}         : 0,000
producer-node-metrics:response-total:{client-id=producer-1, node-id=node--3}       : 2,000
producer-node-metrics:response-total:{client-id=producer-1, node-id=node-1}        : 1,000
producer-node-metrics:response-total:{client-id=producer-1, node-id=node-3}        : 1,000
producer-node-metrics:response-total:{client-id=producer-1, node-id=node-6}        : 1,000
producer-topic-metrics:byte-rate:{client-id=producer-1, topic=test-topic}          : 4617925,867
producer-topic-metrics:byte-total:{client-id=producer-1, topic=test-topic}         : 806148890,000
producer-topic-metrics:compression-rate:{client-id=producer-1, topic=test-topic}   : 1,000
producer-topic-metrics:record-error-rate:{client-id=producer-1, topic=test-topic}  : 0,000
producer-topic-metrics:record-error-total:{client-id=producer-1, topic=test-topic} : 0,000
producer-topic-metrics:record-retry-rate:{client-id=producer-1, topic=test-topic}  : 0,000
producer-topic-metrics:record-retry-total:{client-id=producer-1, topic=test-topic} : 0,000
producer-topic-metrics:record-send-rate:{client-id=producer-1, topic=test-topic}   : 458,272
producer-topic-metrics:record-send-total:{client-id=producer-1, topic=test-topic}  : 80000,000
Produce Time: 175.762
[15:36:28] Ignite node stopped OK [uptime=00:02:52.730]
Aplication time: 176.503
