Topic to send: test-topic
Topic to acks: -2
Records: 80000
Size:10000
[15:21:44]    __________  ________________ 
[15:21:44]   /  _/ ___/ |/ /  _/_  __/ __/ 
[15:21:44]  _/ // (7 7    // /  / / / _/   
[15:21:44] /___/\___/_/|_/___/ /_/ /___/  
[15:21:44] 
[15:21:44] ver. 2.7.6#20190911-sha1:21f7ca41
[15:21:44] 2019 Copyright(C) Apache Software Foundation
[15:21:44] 
[15:21:44] Ignite documentation: http://ignite.apache.org
[15:21:44] 
[15:21:44] Quiet mode.
[15:21:44]   ^-- Logging by 'JavaLogger [quiet=true, config=null]'
[15:21:44]   ^-- To see **FULL** console log here add -DIGNITE_QUIET=false or "-v" to ignite.{sh|bat}
[15:21:44] 
[15:21:44] OS: Linux 5.0.0-38-generic amd64
[15:21:44] VM information: OpenJDK Runtime Environment 11.0.5+10-post-Ubuntu-0ubuntu1.119.04 Private Build OpenJDK 64-Bit Server VM 11.0.5+10-post-Ubuntu-0ubuntu1.119.04
[15:21:44] Please set system property '-Djava.net.preferIPv4Stack=true' to avoid possible problems in mixed environments.
[15:21:44] Initial heap size is 126MB (should be no less than 512MB, use -Xms512m -Xmx512m).
[15:21:44] Configured plugins:
[15:21:44]   ^-- None
[15:21:44] 
[15:21:44] Configured failure handler: [hnd=StopNodeOrHaltFailureHandler [tryStop=false, timeout=0, super=AbstractFailureHandler [ignoredFailureTypes=[SYSTEM_WORKER_BLOCKED, SYSTEM_CRITICAL_OPERATION_TIMEOUT]]]]
[15:21:44] Message queue limit is set to 0 which may lead to potential OOMEs when running cache operations in FULL_ASYNC or PRIMARY_SYNC modes due to message queues growth on sender and receiver sides.
[15:21:44] Security status [authentication=off, tls/ssl=off]
[15:21:44] REST protocols do not start on client node. To start the protocols on client node set '-DIGNITE_REST_START_ON_CLIENT=true' system property.
[15:21:46] Performance suggestions for grid  (fix if possible)
[15:21:46] To disable, set -DIGNITE_PERFORMANCE_SUGGESTIONS_DISABLED=true
[15:21:46]   ^-- Switch to the most recent 1.8 JVM version
[15:21:46]   ^-- Specify JVM heap max size (add '-Xmx<size>[g|G|m|M|k|K]' to JVM options)
[15:21:46]   ^-- Set max direct memory size if getting 'OOME: Direct buffer memory' (add '-XX:MaxDirectMemorySize=<size>[g|G|m|M|k|K]' to JVM options)
[15:21:46]   ^-- Disable processing of calls to System.gc() (add '-XX:+DisableExplicitGC' to JVM options)
[15:21:46] Refer to this page for more performance suggestions: https://apacheignite.readme.io/docs/jvm-and-system-tuning
[15:21:46] 
[15:21:46] To start Console Management & Monitoring run ignitevisorcmd.{sh|bat}
[15:21:46] 
[15:21:46] Ignite node started OK (id=e1d000f4)
[15:21:46] Topology snapshot [ver=12, locNode=e1d000f4, servers=1, clients=1, state=ACTIVE, CPUs=8, offheap=1.5GB, heap=3.9GB]
1462 records sent, 249,0 records/sec (2,37 MB/sec), 4,0 ms avg latency, 2689,0 ms max latency.
2272 records sent, 453,5 records/sec (4,32 MB/sec), 2,2 ms avg latency, 75,0 ms max latency.
2400 records sent, 477,6 records/sec (4,55 MB/sec), 2,1 ms avg latency, 51,0 ms max latency.
2375 records sent, 474,7 records/sec (4,53 MB/sec), 2,1 ms avg latency, 55,0 ms max latency.
2450 records sent, 486,8 records/sec (4,64 MB/sec), 2,0 ms avg latency, 53,0 ms max latency.
2425 records sent, 483,8 records/sec (4,61 MB/sec), 2,1 ms avg latency, 54,0 ms max latency.
1800 records sent, 358,3 records/sec (3,42 MB/sec), 2,8 ms avg latency, 392,0 ms max latency.
2375 records sent, 473,9 records/sec (4,52 MB/sec), 2,1 ms avg latency, 52,0 ms max latency.
2425 records sent, 481,5 records/sec (4,59 MB/sec), 2,1 ms avg latency, 54,0 ms max latency.
2325 records sent, 461,7 records/sec (4,40 MB/sec), 2,2 ms avg latency, 56,0 ms max latency.
2500 records sent, 496,5 records/sec (4,74 MB/sec), 2,0 ms avg latency, 54,0 ms max latency.
2450 records sent, 485,9 records/sec (4,63 MB/sec), 2,0 ms avg latency, 53,0 ms max latency.
2325 records sent, 463,1 records/sec (4,42 MB/sec), 2,1 ms avg latency, 58,0 ms max latency.
2225 records sent, 442,8 records/sec (4,22 MB/sec), 2,2 ms avg latency, 190,0 ms max latency.
2325 records sent, 461,4 records/sec (4,40 MB/sec), 2,2 ms avg latency, 53,0 ms max latency.
2350 records sent, 466,0 records/sec (4,44 MB/sec), 2,1 ms avg latency, 111,0 ms max latency.
2475 records sent, 494,3 records/sec (4,71 MB/sec), 2,0 ms avg latency, 54,0 ms max latency.
2375 records sent, 474,9 records/sec (4,53 MB/sec), 2,1 ms avg latency, 53,0 ms max latency.
2325 records sent, 464,9 records/sec (4,43 MB/sec), 2,1 ms avg latency, 53,0 ms max latency.
2350 records sent, 468,0 records/sec (4,46 MB/sec), 2,1 ms avg latency, 119,0 ms max latency.
2200 records sent, 439,9 records/sec (4,20 MB/sec), 2,3 ms avg latency, 165,0 ms max latency.
2400 records sent, 475,8 records/sec (4,54 MB/sec), 2,1 ms avg latency, 51,0 ms max latency.
2475 records sent, 493,2 records/sec (4,70 MB/sec), 2,0 ms avg latency, 54,0 ms max latency.
2490 records sent, 497,7 records/sec (4,75 MB/sec), 2,0 ms avg latency, 52,0 ms max latency.
2285 records sent, 454,3 records/sec (4,33 MB/sec), 2,2 ms avg latency, 202,0 ms max latency.
2325 records sent, 463,3 records/sec (4,42 MB/sec), 2,1 ms avg latency, 216,0 ms max latency.
2400 records sent, 478,3 records/sec (4,56 MB/sec), 2,1 ms avg latency, 55,0 ms max latency.
2350 records sent, 466,5 records/sec (4,45 MB/sec), 2,1 ms avg latency, 63,0 ms max latency.
2475 records sent, 494,5 records/sec (4,72 MB/sec), 2,0 ms avg latency, 53,0 ms max latency.
2450 records sent, 486,2 records/sec (4,64 MB/sec), 2,0 ms avg latency, 54,0 ms max latency.
2375 records sent, 474,0 records/sec (4,52 MB/sec), 2,1 ms avg latency, 51,0 ms max latency.
2250 records sent, 448,2 records/sec (4,27 MB/sec), 2,2 ms avg latency, 170,0 ms max latency.
2450 records sent, 486,4 records/sec (4,64 MB/sec), 2,0 ms avg latency, 51,0 ms max latency.
2025 records sent, 404,5 records/sec (3,86 MB/sec), 2,5 ms avg latency, 167,0 ms max latency.
80000 records sent, 460,521771 records/sec (4,39 MB/sec), 2,16 ms avg latency, 2689,00 ms max latency, 0 ms 50th, 2 ms 95th, 47 ms 99th, 51 ms 99.9th.

Metric Name                                                                          Value
app-info:commit-id:{client-id=producer-1}                                          : d4284cbebb6f0a4c
app-info:start-time-ms:{client-id=producer-1}                                      : 1590690103563
app-info:version:{client-id=producer-1}                                            : 2.3.1
kafka-metrics-count:count:{client-id=producer-1}                                   : 126,000
producer-metrics:batch-size-avg:{client-id=producer-1}                             : 10077,000
producer-metrics:batch-size-max:{client-id=producer-1}                             : 10077,000
producer-metrics:batch-split-rate:{client-id=producer-1}                           : 0,000
producer-metrics:batch-split-total:{client-id=producer-1}                          : 0,000
producer-metrics:buffer-available-bytes:{client-id=producer-1}                     : 33554432,000
producer-metrics:buffer-exhausted-rate:{client-id=producer-1}                      : 0,000
producer-metrics:buffer-exhausted-total:{client-id=producer-1}                     : 0,000
producer-metrics:buffer-total-bytes:{client-id=producer-1}                         : 33554432,000
producer-metrics:bufferpool-wait-ratio:{client-id=producer-1}                      : 0,000
producer-metrics:bufferpool-wait-time-total:{client-id=producer-1}                 : 0,000
producer-metrics:compression-rate-avg:{client-id=producer-1}                       : 1,000
producer-metrics:connection-close-rate:{client-id=producer-1}                      : 0,000
producer-metrics:connection-close-total:{client-id=producer-1}                     : 0,000
producer-metrics:connection-count:{client-id=producer-1}                           : 4,000
producer-metrics:connection-creation-rate:{client-id=producer-1}                   : 0,000
producer-metrics:connection-creation-total:{client-id=producer-1}                  : 4,000
producer-metrics:failed-authentication-rate:{client-id=producer-1}                 : 0,000
producer-metrics:failed-authentication-total:{client-id=producer-1}                : 0,000
producer-metrics:failed-reauthentication-rate:{client-id=producer-1}               : 0,000
producer-metrics:failed-reauthentication-total:{client-id=producer-1}              : 0,000
producer-metrics:incoming-byte-rate:{client-id=producer-1}                         : 0,000
producer-metrics:incoming-byte-total:{client-id=producer-1}                        : 1461,000
producer-metrics:io-ratio:{client-id=producer-1}                                   : 0,011
producer-metrics:io-time-ns-avg:{client-id=producer-1}                             : 12288,548
producer-metrics:io-wait-ratio:{client-id=producer-1}                              : 0,958
producer-metrics:io-wait-time-ns-avg:{client-id=producer-1}                        : 1090688,030
producer-metrics:io-waittime-total:{client-id=producer-1}                          : 164598089833,000
producer-metrics:iotime-total:{client-id=producer-1}                               : 2085718015,000
producer-metrics:metadata-age:{client-id=producer-1}                               : 173,490
producer-metrics:network-io-rate:{client-id=producer-1}                            : 467,700
producer-metrics:network-io-total:{client-id=producer-1}                           : 80010,000
producer-metrics:outgoing-byte-rate:{client-id=producer-1}                         : 4750870,169
producer-metrics:outgoing-byte-total:{client-id=producer-1}                        : 812549029,000
producer-metrics:produce-throttle-time-avg:{client-id=producer-1}                  : NaN
producer-metrics:produce-throttle-time-max:{client-id=producer-1}                  : NaN
producer-metrics:reauthentication-latency-avg:{client-id=producer-1}               : NaN
producer-metrics:reauthentication-latency-max:{client-id=producer-1}               : NaN
producer-metrics:record-error-rate:{client-id=producer-1}                          : 0,000
producer-metrics:record-error-total:{client-id=producer-1}                         : 0,000
producer-metrics:record-queue-time-avg:{client-id=producer-1}                      : 0,017
producer-metrics:record-queue-time-max:{client-id=producer-1}                      : 8,000
producer-metrics:record-retry-rate:{client-id=producer-1}                          : 0,000
producer-metrics:record-retry-total:{client-id=producer-1}                         : 0,000
producer-metrics:record-send-rate:{client-id=producer-1}                           : 467,678
producer-metrics:record-send-total:{client-id=producer-1}                          : 80000,000
producer-metrics:record-size-avg:{client-id=producer-1}                            : 10092,000
producer-metrics:record-size-max:{client-id=producer-1}                            : 10092,000
producer-metrics:records-per-request-avg:{client-id=producer-1}                    : 1,000
producer-metrics:request-latency-avg:{client-id=producer-1}                        : NaN
producer-metrics:request-latency-max:{client-id=producer-1}                        : NaN
producer-metrics:request-rate:{client-id=producer-1}                               : 467,708
producer-metrics:request-size-avg:{client-id=producer-1}                           : 10157,000
producer-metrics:request-size-max:{client-id=producer-1}                           : 10157,000
producer-metrics:request-total:{client-id=producer-1}                              : 80005,000
producer-metrics:requests-in-flight:{client-id=producer-1}                         : 0,000
producer-metrics:response-rate:{client-id=producer-1}                              : 0,000
producer-metrics:response-total:{client-id=producer-1}                             : 5,000
producer-metrics:select-rate:{client-id=producer-1}                                : 878,087
producer-metrics:select-total:{client-id=producer-1}                               : 146721,000
producer-metrics:successful-authentication-no-reauth-total:{client-id=producer-1}  : 0,000
producer-metrics:successful-authentication-rate:{client-id=producer-1}             : 0,000
producer-metrics:successful-authentication-total:{client-id=producer-1}            : 0,000
producer-metrics:successful-reauthentication-rate:{client-id=producer-1}           : 0,000
producer-metrics:successful-reauthentication-total:{client-id=producer-1}          : 0,000
producer-metrics:waiting-threads:{client-id=producer-1}                            : 0,000
producer-node-metrics:incoming-byte-rate:{client-id=producer-1, node-id=node--2}   : 0,000
producer-node-metrics:incoming-byte-rate:{client-id=producer-1, node-id=node-1}    : 0,000
producer-node-metrics:incoming-byte-rate:{client-id=producer-1, node-id=node-3}    : 0,000
producer-node-metrics:incoming-byte-rate:{client-id=producer-1, node-id=node-6}    : 0,000
producer-node-metrics:incoming-byte-total:{client-id=producer-1, node-id=node--2}  : 579,000
producer-node-metrics:incoming-byte-total:{client-id=producer-1, node-id=node-1}   : 294,000
producer-node-metrics:incoming-byte-total:{client-id=producer-1, node-id=node-3}   : 294,000
producer-node-metrics:incoming-byte-total:{client-id=producer-1, node-id=node-6}   : 294,000
producer-node-metrics:outgoing-byte-rate:{client-id=producer-1, node-id=node--2}   : 0,000
producer-node-metrics:outgoing-byte-rate:{client-id=producer-1, node-id=node-1}    : 1587299,053
producer-node-metrics:outgoing-byte-rate:{client-id=producer-1, node-id=node-3}    : 1588852,346
producer-node-metrics:outgoing-byte-rate:{client-id=producer-1, node-id=node-6}    : 1573343,693
producer-node-metrics:outgoing-byte-total:{client-id=producer-1, node-id=node--2}  : 67,000
producer-node-metrics:outgoing-byte-total:{client-id=producer-1, node-id=node-1}   : 271086660,000
producer-node-metrics:outgoing-byte-total:{client-id=producer-1, node-id=node-3}   : 271838153,000
producer-node-metrics:outgoing-byte-total:{client-id=producer-1, node-id=node-6}   : 269624149,000
producer-node-metrics:request-latency-avg:{client-id=producer-1, node-id=node--2}  : NaN
producer-node-metrics:request-latency-avg:{client-id=producer-1, node-id=node-1}   : NaN
producer-node-metrics:request-latency-avg:{client-id=producer-1, node-id=node-3}   : NaN
producer-node-metrics:request-latency-avg:{client-id=producer-1, node-id=node-6}   : NaN
producer-node-metrics:request-latency-max:{client-id=producer-1, node-id=node--2}  : NaN
producer-node-metrics:request-latency-max:{client-id=producer-1, node-id=node-1}   : NaN
producer-node-metrics:request-latency-max:{client-id=producer-1, node-id=node-3}   : NaN
producer-node-metrics:request-latency-max:{client-id=producer-1, node-id=node-6}   : NaN
producer-node-metrics:request-rate:{client-id=producer-1, node-id=node--2}         : 0,000
producer-node-metrics:request-rate:{client-id=producer-1, node-id=node-1}          : 156,271
producer-node-metrics:request-rate:{client-id=producer-1, node-id=node-3}          : 156,420
producer-node-metrics:request-rate:{client-id=producer-1, node-id=node-6}          : 154,894
producer-node-metrics:request-size-avg:{client-id=producer-1, node-id=node--2}     : NaN
producer-node-metrics:request-size-avg:{client-id=producer-1, node-id=node-1}      : 10157,000
producer-node-metrics:request-size-avg:{client-id=producer-1, node-id=node-3}      : 10157,000
producer-node-metrics:request-size-avg:{client-id=producer-1, node-id=node-6}      : 10157,000
producer-node-metrics:request-size-max:{client-id=producer-1, node-id=node--2}     : NaN
producer-node-metrics:request-size-max:{client-id=producer-1, node-id=node-1}      : 10157,000
producer-node-metrics:request-size-max:{client-id=producer-1, node-id=node-3}      : 10157,000
producer-node-metrics:request-size-max:{client-id=producer-1, node-id=node-6}      : 10157,000
producer-node-metrics:request-total:{client-id=producer-1, node-id=node--2}        : 2,000
producer-node-metrics:request-total:{client-id=producer-1, node-id=node-1}         : 26691,000
producer-node-metrics:request-total:{client-id=producer-1, node-id=node-3}         : 26765,000
producer-node-metrics:request-total:{client-id=producer-1, node-id=node-6}         : 26547,000
producer-node-metrics:response-rate:{client-id=producer-1, node-id=node--2}        : 0,000
producer-node-metrics:response-rate:{client-id=producer-1, node-id=node-1}         : 0,000
producer-node-metrics:response-rate:{client-id=producer-1, node-id=node-3}         : 0,000
producer-node-metrics:response-rate:{client-id=producer-1, node-id=node-6}         : 0,000
producer-node-metrics:response-total:{client-id=producer-1, node-id=node--2}       : 2,000
producer-node-metrics:response-total:{client-id=producer-1, node-id=node-1}        : 1,000
producer-node-metrics:response-total:{client-id=producer-1, node-id=node-3}        : 1,000
producer-node-metrics:response-total:{client-id=producer-1, node-id=node-6}        : 1,000
producer-topic-metrics:byte-rate:{client-id=producer-1, topic=test-topic}          : 4712704,810
producer-topic-metrics:byte-total:{client-id=producer-1, topic=test-topic}         : 806148890,000
producer-topic-metrics:compression-rate:{client-id=producer-1, topic=test-topic}   : 1,000
producer-topic-metrics:record-error-rate:{client-id=producer-1, topic=test-topic}  : 0,000
producer-topic-metrics:record-error-total:{client-id=producer-1, topic=test-topic} : 0,000
producer-topic-metrics:record-retry-rate:{client-id=producer-1, topic=test-topic}  : 0,000
producer-topic-metrics:record-retry-total:{client-id=producer-1, topic=test-topic} : 0,000
producer-topic-metrics:record-send-rate:{client-id=producer-1, topic=test-topic}   : 467,678
producer-topic-metrics:record-send-total:{client-id=producer-1, topic=test-topic}  : 80000,000
Produce Time: 173.715
[15:24:37] Ignite node stopped OK [uptime=00:02:50.736]
Aplication time: 174.463
