Topic to send: test-topic
Topic to acks: -2
Records: 80000
Size:30000
[22:17:11]    __________  ________________ 
[22:17:11]   /  _/ ___/ |/ /  _/_  __/ __/ 
[22:17:11]  _/ // (7 7    // /  / / / _/   
[22:17:11] /___/\___/_/|_/___/ /_/ /___/  
[22:17:11] 
[22:17:11] ver. 2.7.6#20190911-sha1:21f7ca41
[22:17:11] 2019 Copyright(C) Apache Software Foundation
[22:17:11] 
[22:17:11] Ignite documentation: http://ignite.apache.org
[22:17:11] 
[22:17:11] Quiet mode.
[22:17:11]   ^-- Logging by 'JavaLogger [quiet=true, config=null]'
[22:17:11]   ^-- To see **FULL** console log here add -DIGNITE_QUIET=false or "-v" to ignite.{sh|bat}
[22:17:11] 
[22:17:11] OS: Linux 5.0.0-38-generic amd64
[22:17:11] VM information: OpenJDK Runtime Environment 11.0.5+10-post-Ubuntu-0ubuntu1.119.04 Private Build OpenJDK 64-Bit Server VM 11.0.5+10-post-Ubuntu-0ubuntu1.119.04
[22:17:11] Please set system property '-Djava.net.preferIPv4Stack=true' to avoid possible problems in mixed environments.
[22:17:11] Initial heap size is 126MB (should be no less than 512MB, use -Xms512m -Xmx512m).
[22:17:11] Configured plugins:
[22:17:11]   ^-- None
[22:17:11] 
[22:17:11] Configured failure handler: [hnd=StopNodeOrHaltFailureHandler [tryStop=false, timeout=0, super=AbstractFailureHandler [ignoredFailureTypes=[SYSTEM_WORKER_BLOCKED, SYSTEM_CRITICAL_OPERATION_TIMEOUT]]]]
[22:17:12] Message queue limit is set to 0 which may lead to potential OOMEs when running cache operations in FULL_ASYNC or PRIMARY_SYNC modes due to message queues growth on sender and receiver sides.
[22:17:12] Security status [authentication=off, tls/ssl=off]
[22:17:12] REST protocols do not start on client node. To start the protocols on client node set '-DIGNITE_REST_START_ON_CLIENT=true' system property.
[22:17:14] Performance suggestions for grid  (fix if possible)
[22:17:14] To disable, set -DIGNITE_PERFORMANCE_SUGGESTIONS_DISABLED=true
[22:17:14]   ^-- Switch to the most recent 1.8 JVM version
[22:17:14]   ^-- Specify JVM heap max size (add '-Xmx<size>[g|G|m|M|k|K]' to JVM options)
[22:17:14]   ^-- Set max direct memory size if getting 'OOME: Direct buffer memory' (add '-XX:MaxDirectMemorySize=<size>[g|G|m|M|k|K]' to JVM options)
[22:17:14]   ^-- Disable processing of calls to System.gc() (add '-XX:+DisableExplicitGC' to JVM options)
[22:17:14] Refer to this page for more performance suggestions: https://apacheignite.readme.io/docs/jvm-and-system-tuning
[22:17:14] 
[22:17:14] To start Console Management & Monitoring run ignitevisorcmd.{sh|bat}
[22:17:14] 
[22:17:14] Ignite node started OK (id=1236d21a)
[22:17:14] Topology snapshot [ver=106, locNode=1236d21a, servers=1, clients=1, state=ACTIVE, CPUs=8, offheap=1.5GB, heap=3.9GB]
1177 records sent, 149,4 records/sec (4,27 MB/sec), 6,6 ms avg latency, 4318,0 ms max latency.
897 records sent, 179,4 records/sec (5,13 MB/sec), 5,5 ms avg latency, 123,0 ms max latency.
878 records sent, 173,9 records/sec (4,98 MB/sec), 5,7 ms avg latency, 121,0 ms max latency.
900 records sent, 177,5 records/sec (5,08 MB/sec), 5,6 ms avg latency, 125,0 ms max latency.
900 records sent, 178,2 records/sec (5,10 MB/sec), 5,6 ms avg latency, 120,0 ms max latency.
886 records sent, 177,2 records/sec (5,07 MB/sec), 5,6 ms avg latency, 121,0 ms max latency.
854 records sent, 170,8 records/sec (4,89 MB/sec), 5,8 ms avg latency, 118,0 ms max latency.
904 records sent, 180,6 records/sec (5,17 MB/sec), 5,5 ms avg latency, 120,0 ms max latency.
906 records sent, 178,0 records/sec (5,09 MB/sec), 5,6 ms avg latency, 115,0 ms max latency.
920 records sent, 183,8 records/sec (5,26 MB/sec), 5,4 ms avg latency, 119,0 ms max latency.
901 records sent, 180,2 records/sec (5,15 MB/sec), 5,5 ms avg latency, 119,0 ms max latency.
904 records sent, 177,8 records/sec (5,09 MB/sec), 5,6 ms avg latency, 120,0 ms max latency.
900 records sent, 178,5 records/sec (5,11 MB/sec), 5,6 ms avg latency, 119,0 ms max latency.
924 records sent, 184,8 records/sec (5,29 MB/sec), 5,4 ms avg latency, 117,0 ms max latency.
901 records sent, 178,2 records/sec (5,10 MB/sec), 5,6 ms avg latency, 119,0 ms max latency.
925 records sent, 181,2 records/sec (5,18 MB/sec), 5,5 ms avg latency, 120,0 ms max latency.
922 records sent, 184,4 records/sec (5,28 MB/sec), 5,4 ms avg latency, 122,0 ms max latency.
903 records sent, 177,8 records/sec (5,09 MB/sec), 5,6 ms avg latency, 118,0 ms max latency.
900 records sent, 178,4 records/sec (5,10 MB/sec), 5,6 ms avg latency, 120,0 ms max latency.
900 records sent, 178,7 records/sec (5,11 MB/sec), 5,6 ms avg latency, 117,0 ms max latency.
897 records sent, 179,4 records/sec (5,13 MB/sec), 5,6 ms avg latency, 117,0 ms max latency.
903 records sent, 176,9 records/sec (5,06 MB/sec), 5,6 ms avg latency, 119,0 ms max latency.
900 records sent, 179,7 records/sec (5,14 MB/sec), 5,6 ms avg latency, 116,0 ms max latency.
900 records sent, 179,8 records/sec (5,14 MB/sec), 5,5 ms avg latency, 119,0 ms max latency.
900 records sent, 177,8 records/sec (5,09 MB/sec), 5,6 ms avg latency, 119,0 ms max latency.
900 records sent, 177,6 records/sec (5,08 MB/sec), 5,6 ms avg latency, 119,0 ms max latency.
925 records sent, 181,7 records/sec (5,20 MB/sec), 5,5 ms avg latency, 119,0 ms max latency.
900 records sent, 178,4 records/sec (5,10 MB/sec), 5,6 ms avg latency, 116,0 ms max latency.
920 records sent, 183,9 records/sec (5,26 MB/sec), 5,4 ms avg latency, 119,0 ms max latency.
905 records sent, 179,2 records/sec (5,13 MB/sec), 5,6 ms avg latency, 117,0 ms max latency.
922 records sent, 184,2 records/sec (5,27 MB/sec), 5,4 ms avg latency, 113,0 ms max latency.
902 records sent, 180,2 records/sec (5,16 MB/sec), 5,5 ms avg latency, 114,0 ms max latency.
901 records sent, 178,3 records/sec (5,10 MB/sec), 5,6 ms avg latency, 119,0 ms max latency.
925 records sent, 181,6 records/sec (5,19 MB/sec), 5,5 ms avg latency, 114,0 ms max latency.
900 records sent, 179,7 records/sec (5,14 MB/sec), 5,6 ms avg latency, 118,0 ms max latency.
921 records sent, 184,2 records/sec (5,27 MB/sec), 5,4 ms avg latency, 119,0 ms max latency.
904 records sent, 178,5 records/sec (5,11 MB/sec), 5,6 ms avg latency, 118,0 ms max latency.
900 records sent, 177,2 records/sec (5,07 MB/sec), 5,6 ms avg latency, 120,0 ms max latency.
925 records sent, 181,5 records/sec (5,19 MB/sec), 5,5 ms avg latency, 120,0 ms max latency.
921 records sent, 184,2 records/sec (5,27 MB/sec), 5,4 ms avg latency, 117,0 ms max latency.
889 records sent, 177,7 records/sec (5,08 MB/sec), 5,6 ms avg latency, 119,0 ms max latency.
890 records sent, 177,4 records/sec (5,07 MB/sec), 5,6 ms avg latency, 115,0 ms max latency.
921 records sent, 184,2 records/sec (5,27 MB/sec), 5,4 ms avg latency, 116,0 ms max latency.
854 records sent, 167,5 records/sec (4,79 MB/sec), 6,0 ms avg latency, 129,0 ms max latency.
925 records sent, 182,0 records/sec (5,21 MB/sec), 5,5 ms avg latency, 117,0 ms max latency.
925 records sent, 181,9 records/sec (5,20 MB/sec), 5,5 ms avg latency, 113,0 ms max latency.
925 records sent, 181,9 records/sec (5,20 MB/sec), 5,5 ms avg latency, 114,0 ms max latency.
918 records sent, 183,6 records/sec (5,25 MB/sec), 5,4 ms avg latency, 118,0 ms max latency.
907 records sent, 178,4 records/sec (5,11 MB/sec), 5,6 ms avg latency, 116,0 ms max latency.
899 records sent, 179,5 records/sec (5,14 MB/sec), 5,6 ms avg latency, 114,0 ms max latency.
901 records sent, 179,1 records/sec (5,12 MB/sec), 5,6 ms avg latency, 118,0 ms max latency.
925 records sent, 181,7 records/sec (5,20 MB/sec), 5,5 ms avg latency, 117,0 ms max latency.
925 records sent, 181,7 records/sec (5,20 MB/sec), 5,5 ms avg latency, 119,0 ms max latency.
922 records sent, 184,4 records/sec (5,27 MB/sec), 5,4 ms avg latency, 116,0 ms max latency.
898 records sent, 179,5 records/sec (5,14 MB/sec), 5,6 ms avg latency, 117,0 ms max latency.
905 records sent, 178,2 records/sec (5,10 MB/sec), 5,6 ms avg latency, 117,0 ms max latency.
750 records sent, 147,5 records/sec (4,22 MB/sec), 6,8 ms avg latency, 419,0 ms max latency.
925 records sent, 182,2 records/sec (5,21 MB/sec), 5,5 ms avg latency, 118,0 ms max latency.
925 records sent, 182,0 records/sec (5,21 MB/sec), 5,5 ms avg latency, 118,0 ms max latency.
920 records sent, 183,8 records/sec (5,26 MB/sec), 5,4 ms avg latency, 119,0 ms max latency.
905 records sent, 179,3 records/sec (5,13 MB/sec), 5,6 ms avg latency, 118,0 ms max latency.
900 records sent, 176,7 records/sec (5,06 MB/sec), 5,6 ms avg latency, 118,0 ms max latency.
850 records sent, 169,5 records/sec (4,85 MB/sec), 5,9 ms avg latency, 128,0 ms max latency.
918 records sent, 183,5 records/sec (5,25 MB/sec), 5,4 ms avg latency, 115,0 ms max latency.
907 records sent, 179,4 records/sec (5,13 MB/sec), 5,6 ms avg latency, 115,0 ms max latency.
924 records sent, 184,7 records/sec (5,28 MB/sec), 5,4 ms avg latency, 116,0 ms max latency.
901 records sent, 179,1 records/sec (5,12 MB/sec), 5,6 ms avg latency, 113,0 ms max latency.
924 records sent, 184,5 records/sec (5,28 MB/sec), 5,4 ms avg latency, 118,0 ms max latency.
816 records sent, 163,2 records/sec (4,67 MB/sec), 6,1 ms avg latency, 120,0 ms max latency.
885 records sent, 176,3 records/sec (5,04 MB/sec), 5,7 ms avg latency, 120,0 ms max latency.
925 records sent, 182,2 records/sec (5,21 MB/sec), 5,5 ms avg latency, 118,0 ms max latency.
925 records sent, 181,7 records/sec (5,20 MB/sec), 5,5 ms avg latency, 114,0 ms max latency.
925 records sent, 181,9 records/sec (5,21 MB/sec), 5,5 ms avg latency, 115,0 ms max latency.
925 records sent, 182,1 records/sec (5,21 MB/sec), 5,5 ms avg latency, 118,0 ms max latency.
808 records sent, 160,5 records/sec (4,59 MB/sec), 6,2 ms avg latency, 204,0 ms max latency.
833 records sent, 166,5 records/sec (4,76 MB/sec), 6,0 ms avg latency, 118,0 ms max latency.
909 records sent, 178,7 records/sec (5,11 MB/sec), 5,6 ms avg latency, 114,0 ms max latency.
923 records sent, 184,6 records/sec (5,28 MB/sec), 5,4 ms avg latency, 124,0 ms max latency.
902 records sent, 178,4 records/sec (5,10 MB/sec), 5,6 ms avg latency, 121,0 ms max latency.
922 records sent, 184,4 records/sec (5,27 MB/sec), 5,4 ms avg latency, 114,0 ms max latency.
903 records sent, 178,6 records/sec (5,11 MB/sec), 5,6 ms avg latency, 118,0 ms max latency.
858 records sent, 171,6 records/sec (4,91 MB/sec), 5,8 ms avg latency, 156,0 ms max latency.
892 records sent, 176,4 records/sec (5,05 MB/sec), 5,7 ms avg latency, 116,0 ms max latency.
925 records sent, 181,7 records/sec (5,20 MB/sec), 5,5 ms avg latency, 119,0 ms max latency.
924 records sent, 184,7 records/sec (5,28 MB/sec), 5,4 ms avg latency, 117,0 ms max latency.
901 records sent, 178,2 records/sec (5,10 MB/sec), 5,6 ms avg latency, 121,0 ms max latency.
925 records sent, 181,7 records/sec (5,20 MB/sec), 5,5 ms avg latency, 119,0 ms max latency.
900 records sent, 177,1 records/sec (5,07 MB/sec), 5,6 ms avg latency, 113,0 ms max latency.
80000 records sent, 178,391444 records/sec (5,10 MB/sec), 5,59 ms avg latency, 4318,00 ms max latency, 0 ms 50th, 10 ms 95th, 110 ms 99th, 118 ms 99.9th.

Metric Name                                                                          Value
app-info:commit-id:{client-id=producer-1}                                          : d4284cbebb6f0a4c
app-info:start-time-ms:{client-id=producer-1}                                      : 1590715031259
app-info:version:{client-id=producer-1}                                            : 2.3.1
kafka-metrics-count:count:{client-id=producer-1}                                   : 126,000
producer-metrics:batch-size-avg:{client-id=producer-1}                             : 30077,000
producer-metrics:batch-size-max:{client-id=producer-1}                             : 30077,000
producer-metrics:batch-split-rate:{client-id=producer-1}                           : 0,000
producer-metrics:batch-split-total:{client-id=producer-1}                          : 0,000
producer-metrics:buffer-available-bytes:{client-id=producer-1}                     : 33554432,000
producer-metrics:buffer-exhausted-rate:{client-id=producer-1}                      : 0,000
producer-metrics:buffer-exhausted-total:{client-id=producer-1}                     : 0,000
producer-metrics:buffer-total-bytes:{client-id=producer-1}                         : 33554432,000
producer-metrics:bufferpool-wait-ratio:{client-id=producer-1}                      : 0,000
producer-metrics:bufferpool-wait-time-total:{client-id=producer-1}                 : 0,000
producer-metrics:compression-rate-avg:{client-id=producer-1}                       : 1,000
producer-metrics:connection-close-rate:{client-id=producer-1}                      : 0,000
producer-metrics:connection-close-total:{client-id=producer-1}                     : 0,000
producer-metrics:connection-count:{client-id=producer-1}                           : 4,000
producer-metrics:connection-creation-rate:{client-id=producer-1}                   : 0,000
producer-metrics:connection-creation-total:{client-id=producer-1}                  : 4,000
producer-metrics:failed-authentication-rate:{client-id=producer-1}                 : 0,000
producer-metrics:failed-authentication-total:{client-id=producer-1}                : 0,000
producer-metrics:failed-reauthentication-rate:{client-id=producer-1}               : 0,000
producer-metrics:failed-reauthentication-total:{client-id=producer-1}              : 0,000
producer-metrics:incoming-byte-rate:{client-id=producer-1}                         : 0,000
producer-metrics:incoming-byte-total:{client-id=producer-1}                        : 1746,000
producer-metrics:io-ratio:{client-id=producer-1}                                   : 0,007
producer-metrics:io-time-ns-avg:{client-id=producer-1}                             : 17633,695
producer-metrics:io-wait-ratio:{client-id=producer-1}                              : 0,975
producer-metrics:io-wait-time-ns-avg:{client-id=producer-1}                        : 2512042,211
producer-metrics:io-waittime-total:{client-id=producer-1}                          : 433477802139,000
producer-metrics:iotime-total:{client-id=producer-1}                               : 3301296325,000
producer-metrics:metadata-age:{client-id=producer-1}                               : 148,161
producer-metrics:network-io-rate:{client-id=producer-1}                            : 179,750
producer-metrics:network-io-total:{client-id=producer-1}                           : 80012,000
producer-metrics:outgoing-byte-rate:{client-id=producer-1}                         : 5422304,867
producer-metrics:outgoing-byte-total:{client-id=producer-1}                        : 2412549072,000
producer-metrics:produce-throttle-time-avg:{client-id=producer-1}                  : NaN
producer-metrics:produce-throttle-time-max:{client-id=producer-1}                  : NaN
producer-metrics:reauthentication-latency-avg:{client-id=producer-1}               : NaN
producer-metrics:reauthentication-latency-max:{client-id=producer-1}               : NaN
producer-metrics:record-error-rate:{client-id=producer-1}                          : 0,000
producer-metrics:record-error-total:{client-id=producer-1}                         : 0,000
producer-metrics:record-queue-time-avg:{client-id=producer-1}                      : 0,027
producer-metrics:record-queue-time-max:{client-id=producer-1}                      : 3,000
producer-metrics:record-retry-rate:{client-id=producer-1}                          : 0,000
producer-metrics:record-retry-total:{client-id=producer-1}                         : 0,000
producer-metrics:record-send-rate:{client-id=producer-1}                           : 179,754
producer-metrics:record-send-total:{client-id=producer-1}                          : 80000,000
producer-metrics:record-size-avg:{client-id=producer-1}                            : 30092,000
producer-metrics:record-size-max:{client-id=producer-1}                            : 30092,000
producer-metrics:records-per-request-avg:{client-id=producer-1}                    : 1,000
producer-metrics:request-latency-avg:{client-id=producer-1}                        : NaN
producer-metrics:request-latency-max:{client-id=producer-1}                        : NaN
producer-metrics:request-rate:{client-id=producer-1}                               : 179,753
producer-metrics:request-size-avg:{client-id=producer-1}                           : 30157,000
producer-metrics:request-size-max:{client-id=producer-1}                           : 30157,000
producer-metrics:request-total:{client-id=producer-1}                              : 80006,000
producer-metrics:requests-in-flight:{client-id=producer-1}                         : 0,000
producer-metrics:response-rate:{client-id=producer-1}                              : 0,000
producer-metrics:response-total:{client-id=producer-1}                             : 6,000
producer-metrics:select-rate:{client-id=producer-1}                                : 387,987
producer-metrics:select-total:{client-id=producer-1}                               : 161973,000
producer-metrics:successful-authentication-no-reauth-total:{client-id=producer-1}  : 0,000
producer-metrics:successful-authentication-rate:{client-id=producer-1}             : 0,000
producer-metrics:successful-authentication-total:{client-id=producer-1}            : 0,000
producer-metrics:successful-reauthentication-rate:{client-id=producer-1}           : 0,000
producer-metrics:successful-reauthentication-total:{client-id=producer-1}          : 0,000
producer-metrics:waiting-threads:{client-id=producer-1}                            : 0,000
producer-node-metrics:incoming-byte-rate:{client-id=producer-1, node-id=node--2}   : 0,000
producer-node-metrics:incoming-byte-rate:{client-id=producer-1, node-id=node-1}    : 0,000
producer-node-metrics:incoming-byte-rate:{client-id=producer-1, node-id=node-3}    : 0,000
producer-node-metrics:incoming-byte-rate:{client-id=producer-1, node-id=node-6}    : 0,000
producer-node-metrics:incoming-byte-total:{client-id=producer-1, node-id=node--2}  : 579,000
producer-node-metrics:incoming-byte-total:{client-id=producer-1, node-id=node-1}   : 294,000
producer-node-metrics:incoming-byte-total:{client-id=producer-1, node-id=node-3}   : 579,000
producer-node-metrics:incoming-byte-total:{client-id=producer-1, node-id=node-6}   : 294,000
producer-node-metrics:outgoing-byte-rate:{client-id=producer-1, node-id=node--2}   : 0,000
producer-node-metrics:outgoing-byte-rate:{client-id=producer-1, node-id=node-1}    : 1803534,121
producer-node-metrics:outgoing-byte-rate:{client-id=producer-1, node-id=node-3}    : 1841560,543
producer-node-metrics:outgoing-byte-rate:{client-id=producer-1, node-id=node-6}    : 1782363,194
producer-node-metrics:outgoing-byte-total:{client-id=producer-1, node-id=node--2}  : 67,000
producer-node-metrics:outgoing-byte-total:{client-id=producer-1, node-id=node-1}   : 804886660,000
producer-node-metrics:outgoing-byte-total:{client-id=producer-1, node-id=node-3}   : 807118196,000
producer-node-metrics:outgoing-byte-total:{client-id=producer-1, node-id=node-6}   : 800544149,000
producer-node-metrics:request-latency-avg:{client-id=producer-1, node-id=node--2}  : NaN
producer-node-metrics:request-latency-avg:{client-id=producer-1, node-id=node-1}   : NaN
producer-node-metrics:request-latency-avg:{client-id=producer-1, node-id=node-3}   : NaN
producer-node-metrics:request-latency-avg:{client-id=producer-1, node-id=node-6}   : NaN
producer-node-metrics:request-latency-max:{client-id=producer-1, node-id=node--2}  : NaN
producer-node-metrics:request-latency-max:{client-id=producer-1, node-id=node-1}   : NaN
producer-node-metrics:request-latency-max:{client-id=producer-1, node-id=node-3}   : NaN
producer-node-metrics:request-latency-max:{client-id=producer-1, node-id=node-6}   : NaN
producer-node-metrics:request-rate:{client-id=producer-1, node-id=node--2}         : 0,000
producer-node-metrics:request-rate:{client-id=producer-1, node-id=node-1}          : 59,791
producer-node-metrics:request-rate:{client-id=producer-1, node-id=node-3}          : 61,051
producer-node-metrics:request-rate:{client-id=producer-1, node-id=node-6}          : 59,088
producer-node-metrics:request-size-avg:{client-id=producer-1, node-id=node--2}     : NaN
producer-node-metrics:request-size-avg:{client-id=producer-1, node-id=node-1}      : 30157,000
producer-node-metrics:request-size-avg:{client-id=producer-1, node-id=node-3}      : 30157,000
producer-node-metrics:request-size-avg:{client-id=producer-1, node-id=node-6}      : 30157,000
producer-node-metrics:request-size-max:{client-id=producer-1, node-id=node--2}     : NaN
producer-node-metrics:request-size-max:{client-id=producer-1, node-id=node-1}      : 30157,000
producer-node-metrics:request-size-max:{client-id=producer-1, node-id=node-3}      : 30157,000
producer-node-metrics:request-size-max:{client-id=producer-1, node-id=node-6}      : 30157,000
producer-node-metrics:request-total:{client-id=producer-1, node-id=node--2}        : 2,000
producer-node-metrics:request-total:{client-id=producer-1, node-id=node-1}         : 26691,000
producer-node-metrics:request-total:{client-id=producer-1, node-id=node-3}         : 26766,000
producer-node-metrics:request-total:{client-id=producer-1, node-id=node-6}         : 26547,000
producer-node-metrics:response-rate:{client-id=producer-1, node-id=node--2}        : 0,000
producer-node-metrics:response-rate:{client-id=producer-1, node-id=node-1}         : 0,000
producer-node-metrics:response-rate:{client-id=producer-1, node-id=node-3}         : 0,000
producer-node-metrics:response-rate:{client-id=producer-1, node-id=node-6}         : 0,000
producer-node-metrics:response-total:{client-id=producer-1, node-id=node--2}       : 2,000
producer-node-metrics:response-total:{client-id=producer-1, node-id=node-1}        : 1,000
producer-node-metrics:response-total:{client-id=producer-1, node-id=node-3}        : 2,000
producer-node-metrics:response-total:{client-id=producer-1, node-id=node-6}        : 1,000
producer-topic-metrics:byte-rate:{client-id=producer-1, topic=test-topic}          : 5405901,413
producer-topic-metrics:byte-total:{client-id=producer-1, topic=test-topic}         : 2406148890,000
producer-topic-metrics:compression-rate:{client-id=producer-1, topic=test-topic}   : 1,000
producer-topic-metrics:record-error-rate:{client-id=producer-1, topic=test-topic}  : 0,000
producer-topic-metrics:record-error-total:{client-id=producer-1, topic=test-topic} : 0,000
producer-topic-metrics:record-retry-rate:{client-id=producer-1, topic=test-topic}  : 0,000
producer-topic-metrics:record-retry-total:{client-id=producer-1, topic=test-topic} : 0,000
producer-topic-metrics:record-send-rate:{client-id=producer-1, topic=test-topic}   : 179,754
producer-topic-metrics:record-send-total:{client-id=producer-1, topic=test-topic}  : 80000,000
Produce Time: 448.45
[22:24:39] Ignite node stopped OK [uptime=00:07:25.118]
Aplication time: 449.504
