Topic to send: test-topic
Topic to acks: -2
Records: 80000
Size:10000
[10:52:40]    __________  ________________ 
[10:52:40]   /  _/ ___/ |/ /  _/_  __/ __/ 
[10:52:40]  _/ // (7 7    // /  / / / _/   
[10:52:40] /___/\___/_/|_/___/ /_/ /___/  
[10:52:40] 
[10:52:40] ver. 2.7.6#20190911-sha1:21f7ca41
[10:52:40] 2019 Copyright(C) Apache Software Foundation
[10:52:40] 
[10:52:40] Ignite documentation: http://ignite.apache.org
[10:52:40] 
[10:52:40] Quiet mode.
[10:52:40]   ^-- Logging by 'JavaLogger [quiet=true, config=null]'
[10:52:40]   ^-- To see **FULL** console log here add -DIGNITE_QUIET=false or "-v" to ignite.{sh|bat}
[10:52:40] 
[10:52:40] OS: Linux 5.0.0-38-generic amd64
[10:52:40] VM information: OpenJDK Runtime Environment 11.0.5+10-post-Ubuntu-0ubuntu1.119.04 Private Build OpenJDK 64-Bit Server VM 11.0.5+10-post-Ubuntu-0ubuntu1.119.04
[10:52:40] Please set system property '-Djava.net.preferIPv4Stack=true' to avoid possible problems in mixed environments.
[10:52:40] Initial heap size is 126MB (should be no less than 512MB, use -Xms512m -Xmx512m).
[10:52:40] Configured plugins:
[10:52:40]   ^-- None
[10:52:40] 
[10:52:40] Configured failure handler: [hnd=StopNodeOrHaltFailureHandler [tryStop=false, timeout=0, super=AbstractFailureHandler [ignoredFailureTypes=[SYSTEM_WORKER_BLOCKED, SYSTEM_CRITICAL_OPERATION_TIMEOUT]]]]
[10:52:40] Message queue limit is set to 0 which may lead to potential OOMEs when running cache operations in FULL_ASYNC or PRIMARY_SYNC modes due to message queues growth on sender and receiver sides.
[10:52:40] Security status [authentication=off, tls/ssl=off]
[10:52:41] REST protocols do not start on client node. To start the protocols on client node set '-DIGNITE_REST_START_ON_CLIENT=true' system property.
[10:52:43] Performance suggestions for grid  (fix if possible)
[10:52:43] To disable, set -DIGNITE_PERFORMANCE_SUGGESTIONS_DISABLED=true
[10:52:43]   ^-- Switch to the most recent 1.8 JVM version
[10:52:43]   ^-- Specify JVM heap max size (add '-Xmx<size>[g|G|m|M|k|K]' to JVM options)
[10:52:43]   ^-- Set max direct memory size if getting 'OOME: Direct buffer memory' (add '-XX:MaxDirectMemorySize=<size>[g|G|m|M|k|K]' to JVM options)
[10:52:43]   ^-- Disable processing of calls to System.gc() (add '-XX:+DisableExplicitGC' to JVM options)
[10:52:43] Refer to this page for more performance suggestions: https://apacheignite.readme.io/docs/jvm-and-system-tuning
[10:52:43] 
[10:52:43] To start Console Management & Monitoring run ignitevisorcmd.{sh|bat}
[10:52:43] 
[10:52:43] Ignite node started OK (id=3cf9890c)
[10:52:43] Topology snapshot [ver=20, locNode=3cf9890c, servers=1, clients=1, state=ACTIVE, CPUs=8, offheap=1.5GB, heap=3.9GB]
1554 records sent, 264,1 records/sec (2,52 MB/sec), 3,7 ms avg latency, 2699,0 ms max latency.
2234 records sent, 446,4 records/sec (4,26 MB/sec), 2,2 ms avg latency, 91,0 ms max latency.
2350 records sent, 466,4 records/sec (4,45 MB/sec), 2,1 ms avg latency, 57,0 ms max latency.
2425 records sent, 483,2 records/sec (4,61 MB/sec), 2,1 ms avg latency, 59,0 ms max latency.
2450 records sent, 485,9 records/sec (4,63 MB/sec), 2,0 ms avg latency, 54,0 ms max latency.
2425 records sent, 484,9 records/sec (4,62 MB/sec), 2,0 ms avg latency, 54,0 ms max latency.
2464 records sent, 489,2 records/sec (4,67 MB/sec), 2,0 ms avg latency, 75,0 ms max latency.
2476 records sent, 493,7 records/sec (4,71 MB/sec), 2,0 ms avg latency, 54,0 ms max latency.
2495 records sent, 499,0 records/sec (4,76 MB/sec), 2,0 ms avg latency, 56,0 ms max latency.
2480 records sent, 492,6 records/sec (4,70 MB/sec), 2,0 ms avg latency, 53,0 ms max latency.
2400 records sent, 475,6 records/sec (4,54 MB/sec), 2,1 ms avg latency, 163,0 ms max latency.
2475 records sent, 494,9 records/sec (4,72 MB/sec), 2,0 ms avg latency, 51,0 ms max latency.
2486 records sent, 497,2 records/sec (4,74 MB/sec), 2,0 ms avg latency, 56,0 ms max latency.
2403 records sent, 480,2 records/sec (4,58 MB/sec), 2,1 ms avg latency, 51,0 ms max latency.
2436 records sent, 483,2 records/sec (4,61 MB/sec), 2,1 ms avg latency, 51,0 ms max latency.
2465 records sent, 493,0 records/sec (4,70 MB/sec), 2,0 ms avg latency, 63,0 ms max latency.
2418 records sent, 482,3 records/sec (4,60 MB/sec), 2,1 ms avg latency, 65,0 ms max latency.
2500 records sent, 496,8 records/sec (4,74 MB/sec), 2,0 ms avg latency, 55,0 ms max latency.
2450 records sent, 486,3 records/sec (4,64 MB/sec), 2,0 ms avg latency, 65,0 ms max latency.
2500 records sent, 497,3 records/sec (4,74 MB/sec), 2,0 ms avg latency, 51,0 ms max latency.
2450 records sent, 487,7 records/sec (4,65 MB/sec), 2,0 ms avg latency, 53,0 ms max latency.
2300 records sent, 458,3 records/sec (4,37 MB/sec), 2,2 ms avg latency, 88,0 ms max latency.
2400 records sent, 478,3 records/sec (4,56 MB/sec), 2,1 ms avg latency, 66,0 ms max latency.
2500 records sent, 496,7 records/sec (4,74 MB/sec), 2,0 ms avg latency, 54,0 ms max latency.
2500 records sent, 496,4 records/sec (4,73 MB/sec), 2,0 ms avg latency, 52,0 ms max latency.
2375 records sent, 474,0 records/sec (4,52 MB/sec), 2,1 ms avg latency, 251,0 ms max latency.
2500 records sent, 495,8 records/sec (4,73 MB/sec), 2,0 ms avg latency, 48,0 ms max latency.
2075 records sent, 412,9 records/sec (3,94 MB/sec), 2,4 ms avg latency, 200,0 ms max latency.
2500 records sent, 498,6 records/sec (4,76 MB/sec), 2,0 ms avg latency, 51,0 ms max latency.
2475 records sent, 491,1 records/sec (4,68 MB/sec), 2,0 ms avg latency, 49,0 ms max latency.
2500 records sent, 496,5 records/sec (4,74 MB/sec), 2,0 ms avg latency, 50,0 ms max latency.
2500 records sent, 498,0 records/sec (4,75 MB/sec), 2,0 ms avg latency, 48,0 ms max latency.
2250 records sent, 448,0 records/sec (4,27 MB/sec), 2,2 ms avg latency, 149,0 ms max latency.
80000 records sent, 474,439568 records/sec (4,52 MB/sec), 2,09 ms avg latency, 2699,00 ms max latency, 0 ms 50th, 1 ms 95th, 47 ms 99th, 51 ms 99.9th.

Metric Name                                                                          Value
app-info:commit-id:{client-id=producer-1}                                          : d4284cbebb6f0a4c
app-info:start-time-ms:{client-id=producer-1}                                      : 1590069159877
app-info:version:{client-id=producer-1}                                            : 2.3.1
kafka-metrics-count:count:{client-id=producer-1}                                   : 126,000
producer-metrics:batch-size-avg:{client-id=producer-1}                             : 10077,000
producer-metrics:batch-size-max:{client-id=producer-1}                             : 10077,000
producer-metrics:batch-split-rate:{client-id=producer-1}                           : 0,000
producer-metrics:batch-split-total:{client-id=producer-1}                          : 0,000
producer-metrics:buffer-available-bytes:{client-id=producer-1}                     : 33554432,000
producer-metrics:buffer-exhausted-rate:{client-id=producer-1}                      : 0,000
producer-metrics:buffer-exhausted-total:{client-id=producer-1}                     : 0,000
producer-metrics:buffer-total-bytes:{client-id=producer-1}                         : 33554432,000
producer-metrics:bufferpool-wait-ratio:{client-id=producer-1}                      : 0,000
producer-metrics:bufferpool-wait-time-total:{client-id=producer-1}                 : 0,000
producer-metrics:compression-rate-avg:{client-id=producer-1}                       : 1,000
producer-metrics:connection-close-rate:{client-id=producer-1}                      : 0,000
producer-metrics:connection-close-total:{client-id=producer-1}                     : 0,000
producer-metrics:connection-count:{client-id=producer-1}                           : 4,000
producer-metrics:connection-creation-rate:{client-id=producer-1}                   : 0,000
producer-metrics:connection-creation-total:{client-id=producer-1}                  : 4,000
producer-metrics:failed-authentication-rate:{client-id=producer-1}                 : 0,000
producer-metrics:failed-authentication-total:{client-id=producer-1}                : 0,000
producer-metrics:failed-reauthentication-rate:{client-id=producer-1}               : 0,000
producer-metrics:failed-reauthentication-total:{client-id=producer-1}              : 0,000
producer-metrics:incoming-byte-rate:{client-id=producer-1}                         : 0,000
producer-metrics:incoming-byte-total:{client-id=producer-1}                        : 1461,000
producer-metrics:io-ratio:{client-id=producer-1}                                   : 0,011
producer-metrics:io-time-ns-avg:{client-id=producer-1}                             : 11955,004
producer-metrics:io-wait-ratio:{client-id=producer-1}                              : 0,957
producer-metrics:io-wait-time-ns-avg:{client-id=producer-1}                        : 1032220,957
producer-metrics:io-waittime-total:{client-id=producer-1}                          : 159441161381,000
producer-metrics:iotime-total:{client-id=producer-1}                               : 2123531388,000
producer-metrics:metadata-age:{client-id=producer-1}                               : 168,397
producer-metrics:network-io-rate:{client-id=producer-1}                            : 475,806
producer-metrics:network-io-total:{client-id=producer-1}                           : 80010,000
producer-metrics:outgoing-byte-rate:{client-id=producer-1}                         : 4833262,890
producer-metrics:outgoing-byte-total:{client-id=producer-1}                        : 812549029,000
producer-metrics:produce-throttle-time-avg:{client-id=producer-1}                  : NaN
producer-metrics:produce-throttle-time-max:{client-id=producer-1}                  : NaN
producer-metrics:reauthentication-latency-avg:{client-id=producer-1}               : NaN
producer-metrics:reauthentication-latency-max:{client-id=producer-1}               : NaN
producer-metrics:record-error-rate:{client-id=producer-1}                          : 0,000
producer-metrics:record-error-total:{client-id=producer-1}                         : 0,000
producer-metrics:record-queue-time-avg:{client-id=producer-1}                      : 0,021
producer-metrics:record-queue-time-max:{client-id=producer-1}                      : 3,000
producer-metrics:record-retry-rate:{client-id=producer-1}                          : 0,000
producer-metrics:record-retry-total:{client-id=producer-1}                         : 0,000
producer-metrics:record-send-rate:{client-id=producer-1}                           : 475,801
producer-metrics:record-send-total:{client-id=producer-1}                          : 80000,000
producer-metrics:record-size-avg:{client-id=producer-1}                            : 10092,000
producer-metrics:record-size-max:{client-id=producer-1}                            : 10092,000
producer-metrics:records-per-request-avg:{client-id=producer-1}                    : 1,000
producer-metrics:request-latency-avg:{client-id=producer-1}                        : NaN
producer-metrics:request-latency-max:{client-id=producer-1}                        : NaN
producer-metrics:request-rate:{client-id=producer-1}                               : 475,816
producer-metrics:request-size-avg:{client-id=producer-1}                           : 10157,000
producer-metrics:request-size-max:{client-id=producer-1}                           : 10157,000
producer-metrics:request-total:{client-id=producer-1}                              : 80005,000
producer-metrics:requests-in-flight:{client-id=producer-1}                         : 0,000
producer-metrics:response-rate:{client-id=producer-1}                              : 0,000
producer-metrics:response-total:{client-id=producer-1}                             : 5,000
producer-metrics:select-rate:{client-id=producer-1}                                : 927,475
producer-metrics:select-total:{client-id=producer-1}                               : 152404,000
producer-metrics:successful-authentication-no-reauth-total:{client-id=producer-1}  : 0,000
producer-metrics:successful-authentication-rate:{client-id=producer-1}             : 0,000
producer-metrics:successful-authentication-total:{client-id=producer-1}            : 0,000
producer-metrics:successful-reauthentication-rate:{client-id=producer-1}           : 0,000
producer-metrics:successful-reauthentication-total:{client-id=producer-1}          : 0,000
producer-metrics:waiting-threads:{client-id=producer-1}                            : 0,000
producer-node-metrics:incoming-byte-rate:{client-id=producer-1, node-id=node--1}   : 0,000
producer-node-metrics:incoming-byte-rate:{client-id=producer-1, node-id=node-1}    : 0,000
producer-node-metrics:incoming-byte-rate:{client-id=producer-1, node-id=node-3}    : 0,000
producer-node-metrics:incoming-byte-rate:{client-id=producer-1, node-id=node-6}    : 0,000
producer-node-metrics:incoming-byte-total:{client-id=producer-1, node-id=node--1}  : 579,000
producer-node-metrics:incoming-byte-total:{client-id=producer-1, node-id=node-1}   : 294,000
producer-node-metrics:incoming-byte-total:{client-id=producer-1, node-id=node-3}   : 294,000
producer-node-metrics:incoming-byte-total:{client-id=producer-1, node-id=node-6}   : 294,000
producer-node-metrics:outgoing-byte-rate:{client-id=producer-1, node-id=node--1}   : 0,000
producer-node-metrics:outgoing-byte-rate:{client-id=producer-1, node-id=node-1}    : 1619353,880
producer-node-metrics:outgoing-byte-rate:{client-id=producer-1, node-id=node-3}    : 1606971,076
producer-node-metrics:outgoing-byte-rate:{client-id=producer-1, node-id=node-6}    : 1606550,182
producer-node-metrics:outgoing-byte-total:{client-id=producer-1, node-id=node--1}  : 67,000
producer-node-metrics:outgoing-byte-total:{client-id=producer-1, node-id=node-1}   : 271838153,000
producer-node-metrics:outgoing-byte-total:{client-id=producer-1, node-id=node-3}   : 269624149,000
producer-node-metrics:outgoing-byte-total:{client-id=producer-1, node-id=node-6}   : 271086660,000
producer-node-metrics:request-latency-avg:{client-id=producer-1, node-id=node--1}  : NaN
producer-node-metrics:request-latency-avg:{client-id=producer-1, node-id=node-1}   : NaN
producer-node-metrics:request-latency-avg:{client-id=producer-1, node-id=node-3}   : NaN
producer-node-metrics:request-latency-avg:{client-id=producer-1, node-id=node-6}   : NaN
producer-node-metrics:request-latency-max:{client-id=producer-1, node-id=node--1}  : NaN
producer-node-metrics:request-latency-max:{client-id=producer-1, node-id=node-1}   : NaN
producer-node-metrics:request-latency-max:{client-id=producer-1, node-id=node-3}   : NaN
producer-node-metrics:request-latency-max:{client-id=producer-1, node-id=node-6}   : NaN
producer-node-metrics:request-rate:{client-id=producer-1, node-id=node--1}         : 0,000
producer-node-metrics:request-rate:{client-id=producer-1, node-id=node-1}          : 159,426
producer-node-metrics:request-rate:{client-id=producer-1, node-id=node-3}          : 158,203
producer-node-metrics:request-rate:{client-id=producer-1, node-id=node-6}          : 158,162
producer-node-metrics:request-size-avg:{client-id=producer-1, node-id=node--1}     : NaN
producer-node-metrics:request-size-avg:{client-id=producer-1, node-id=node-1}      : 10157,000
producer-node-metrics:request-size-avg:{client-id=producer-1, node-id=node-3}      : 10157,000
producer-node-metrics:request-size-avg:{client-id=producer-1, node-id=node-6}      : 10157,000
producer-node-metrics:request-size-max:{client-id=producer-1, node-id=node--1}     : NaN
producer-node-metrics:request-size-max:{client-id=producer-1, node-id=node-1}      : 10157,000
producer-node-metrics:request-size-max:{client-id=producer-1, node-id=node-3}      : 10157,000
producer-node-metrics:request-size-max:{client-id=producer-1, node-id=node-6}      : 10157,000
producer-node-metrics:request-total:{client-id=producer-1, node-id=node--1}        : 2,000
producer-node-metrics:request-total:{client-id=producer-1, node-id=node-1}         : 26765,000
producer-node-metrics:request-total:{client-id=producer-1, node-id=node-3}         : 26547,000
producer-node-metrics:request-total:{client-id=producer-1, node-id=node-6}         : 26691,000
producer-node-metrics:response-rate:{client-id=producer-1, node-id=node--1}        : 0,000
producer-node-metrics:response-rate:{client-id=producer-1, node-id=node-1}         : 0,000
producer-node-metrics:response-rate:{client-id=producer-1, node-id=node-3}         : 0,000
producer-node-metrics:response-rate:{client-id=producer-1, node-id=node-6}         : 0,000
producer-node-metrics:response-total:{client-id=producer-1, node-id=node--1}       : 2,000
producer-node-metrics:response-total:{client-id=producer-1, node-id=node-1}        : 1,000
producer-node-metrics:response-total:{client-id=producer-1, node-id=node-3}        : 1,000
producer-node-metrics:response-total:{client-id=producer-1, node-id=node-6}        : 1,000
producer-topic-metrics:byte-rate:{client-id=producer-1, topic=test-topic}          : 4794545,031
producer-topic-metrics:byte-total:{client-id=producer-1, topic=test-topic}         : 806148890,000
producer-topic-metrics:compression-rate:{client-id=producer-1, topic=test-topic}   : 1,000
producer-topic-metrics:record-error-rate:{client-id=producer-1, topic=test-topic}  : 0,000
producer-topic-metrics:record-error-total:{client-id=producer-1, topic=test-topic} : 0,000
producer-topic-metrics:record-retry-rate:{client-id=producer-1, topic=test-topic}  : 0,000
producer-topic-metrics:record-retry-total:{client-id=producer-1, topic=test-topic} : 0,000
producer-topic-metrics:record-send-rate:{client-id=producer-1, topic=test-topic}   : 475,811
producer-topic-metrics:record-send-total:{client-id=producer-1, topic=test-topic}  : 80000,000
Produce Time: 168.619
[10:55:28] Ignite node stopped OK [uptime=00:02:45.664]
Aplication time: 169.379
