Topic to send: test-topic
Topic to acks: 1
Records: 80000
Size:1000
171 records sent, 33,2 records/sec (0,03 MB/sec), 30,0 ms avg latency, 633,0 ms max latency.
250 records sent, 48,5 records/sec (0,05 MB/sec), 20,6 ms avg latency, 619,0 ms max latency.
176 records sent, 32,3 records/sec (0,03 MB/sec), 30,9 ms avg latency, 635,0 ms max latency.
231 records sent, 45,3 records/sec (0,04 MB/sec), 22,0 ms avg latency, 632,0 ms max latency.
260 records sent, 48,7 records/sec (0,05 MB/sec), 20,5 ms avg latency, 638,0 ms max latency.
93 records sent, 18,6 records/sec (0,02 MB/sec), 53,8 ms avg latency, 1524,0 ms max latency.
234 records sent, 45,9 records/sec (0,04 MB/sec), 21,8 ms avg latency, 642,0 ms max latency.
153 records sent, 29,5 records/sec (0,03 MB/sec), 33,8 ms avg latency, 632,0 ms max latency.
260 records sent, 49,0 records/sec (0,05 MB/sec), 20,4 ms avg latency, 618,0 ms max latency.
200 records sent, 39,8 records/sec (0,04 MB/sec), 25,1 ms avg latency, 647,0 ms max latency.
186 records sent, 37,0 records/sec (0,04 MB/sec), 27,0 ms avg latency, 639,0 ms max latency.
181 records sent, 32,3 records/sec (0,03 MB/sec), 31,0 ms avg latency, 647,0 ms max latency.
174 records sent, 33,7 records/sec (0,03 MB/sec), 29,6 ms avg latency, 617,0 ms max latency.
180 records sent, 34,6 records/sec (0,03 MB/sec), 28,9 ms avg latency, 639,0 ms max latency.
318 records sent, 62,1 records/sec (0,06 MB/sec), 16,1 ms avg latency, 641,0 ms max latency.
183 records sent, 36,6 records/sec (0,03 MB/sec), 27,3 ms avg latency, 641,0 ms max latency.
194 records sent, 37,4 records/sec (0,04 MB/sec), 26,7 ms avg latency, 621,0 ms max latency.
199 records sent, 38,3 records/sec (0,04 MB/sec), 26,1 ms avg latency, 629,0 ms max latency.
129 records sent, 25,0 records/sec (0,02 MB/sec), 40,0 ms avg latency, 1519,0 ms max latency.
223 records sent, 44,4 records/sec (0,04 MB/sec), 22,5 ms avg latency, 645,0 ms max latency.
154 records sent, 29,8 records/sec (0,03 MB/sec), 33,5 ms avg latency, 651,0 ms max latency.
161 records sent, 29,9 records/sec (0,03 MB/sec), 33,4 ms avg latency, 643,0 ms max latency.
198 records sent, 39,6 records/sec (0,04 MB/sec), 25,3 ms avg latency, 633,0 ms max latency.
166 records sent, 32,3 records/sec (0,03 MB/sec), 31,0 ms avg latency, 210,0 ms max latency.
216 records sent, 43,2 records/sec (0,04 MB/sec), 23,1 ms avg latency, 628,0 ms max latency.
196 records sent, 39,2 records/sec (0,04 MB/sec), 25,5 ms avg latency, 639,0 ms max latency.
191 records sent, 38,2 records/sec (0,04 MB/sec), 26,2 ms avg latency, 647,0 ms max latency.
90 records sent, 17,5 records/sec (0,02 MB/sec), 57,1 ms avg latency, 1518,0 ms max latency.
197 records sent, 39,4 records/sec (0,04 MB/sec), 25,4 ms avg latency, 636,0 ms max latency.
228 records sent, 43,8 records/sec (0,04 MB/sec), 22,8 ms avg latency, 209,0 ms max latency.
131 records sent, 25,5 records/sec (0,02 MB/sec), 39,2 ms avg latency, 637,0 ms max latency.
237 records sent, 46,9 records/sec (0,04 MB/sec), 21,3 ms avg latency, 640,0 ms max latency.
179 records sent, 34,6 records/sec (0,03 MB/sec), 28,9 ms avg latency, 210,0 ms max latency.
152 records sent, 29,4 records/sec (0,03 MB/sec), 34,0 ms avg latency, 646,0 ms max latency.
180 records sent, 32,1 records/sec (0,03 MB/sec), 31,1 ms avg latency, 643,0 ms max latency.
197 records sent, 39,4 records/sec (0,04 MB/sec), 25,4 ms avg latency, 649,0 ms max latency.
257 records sent, 51,2 records/sec (0,05 MB/sec), 19,5 ms avg latency, 210,0 ms max latency.
196 records sent, 38,0 records/sec (0,04 MB/sec), 26,3 ms avg latency, 209,0 ms max latency.
179 records sent, 34,5 records/sec (0,03 MB/sec), 29,0 ms avg latency, 646,0 ms max latency.
146 records sent, 28,4 records/sec (0,03 MB/sec), 35,2 ms avg latency, 634,0 ms max latency.
180 records sent, 34,9 records/sec (0,03 MB/sec), 28,6 ms avg latency, 634,0 ms max latency.
231 records sent, 46,2 records/sec (0,04 MB/sec), 21,7 ms avg latency, 210,0 ms max latency.
208 records sent, 40,0 records/sec (0,04 MB/sec), 25,0 ms avg latency, 639,0 ms max latency.
158 records sent, 31,4 records/sec (0,03 MB/sec), 31,8 ms avg latency, 1526,0 ms max latency.
198 records sent, 38,1 records/sec (0,04 MB/sec), 26,3 ms avg latency, 638,0 ms max latency.
222 records sent, 40,8 records/sec (0,04 MB/sec), 24,5 ms avg latency, 646,0 ms max latency.
134 records sent, 25,9 records/sec (0,02 MB/sec), 38,5 ms avg latency, 1522,0 ms max latency.
132 records sent, 26,4 records/sec (0,03 MB/sec), 37,9 ms avg latency, 1506,0 ms max latency.
180 records sent, 36,0 records/sec (0,03 MB/sec), 27,8 ms avg latency, 1514,0 ms max latency.
211 records sent, 40,6 records/sec (0,04 MB/sec), 24,6 ms avg latency, 640,0 ms max latency.
193 records sent, 34,4 records/sec (0,03 MB/sec), 29,0 ms avg latency, 635,0 ms max latency.
224 records sent, 43,1 records/sec (0,04 MB/sec), 23,2 ms avg latency, 626,0 ms max latency.
215 records sent, 42,8 records/sec (0,04 MB/sec), 23,3 ms avg latency, 634,0 ms max latency.
239 records sent, 46,0 records/sec (0,04 MB/sec), 21,7 ms avg latency, 209,0 ms max latency.
206 records sent, 39,6 records/sec (0,04 MB/sec), 25,2 ms avg latency, 640,0 ms max latency.
304 records sent, 60,0 records/sec (0,06 MB/sec), 16,6 ms avg latency, 629,0 ms max latency.
109 records sent, 21,0 records/sec (0,02 MB/sec), 47,6 ms avg latency, 1727,0 ms max latency.
259 records sent, 51,6 records/sec (0,05 MB/sec), 19,4 ms avg latency, 635,0 ms max latency.
136 records sent, 26,6 records/sec (0,03 MB/sec), 37,6 ms avg latency, 637,0 ms max latency.
219 records sent, 43,6 records/sec (0,04 MB/sec), 22,9 ms avg latency, 640,0 ms max latency.
170 records sent, 32,9 records/sec (0,03 MB/sec), 30,4 ms avg latency, 638,0 ms max latency.
255 records sent, 46,9 records/sec (0,04 MB/sec), 21,3 ms avg latency, 636,0 ms max latency.
187 records sent, 35,9 records/sec (0,03 MB/sec), 27,8 ms avg latency, 647,0 ms max latency.
151 records sent, 29,4 records/sec (0,03 MB/sec), 34,0 ms avg latency, 639,0 ms max latency.
230 records sent, 46,0 records/sec (0,04 MB/sec), 21,7 ms avg latency, 632,0 ms max latency.
231 records sent, 46,2 records/sec (0,04 MB/sec), 21,6 ms avg latency, 210,0 ms max latency.
154 records sent, 29,8 records/sec (0,03 MB/sec), 33,6 ms avg latency, 645,0 ms max latency.
227 records sent, 45,4 records/sec (0,04 MB/sec), 22,0 ms avg latency, 634,0 ms max latency.
179 records sent, 34,6 records/sec (0,03 MB/sec), 28,9 ms avg latency, 643,0 ms max latency.
250 records sent, 49,6 records/sec (0,05 MB/sec), 20,1 ms avg latency, 628,0 ms max latency.
93 records sent, 16,7 records/sec (0,02 MB/sec), 60,0 ms avg latency, 1725,0 ms max latency.
216 records sent, 41,4 records/sec (0,04 MB/sec), 24,1 ms avg latency, 648,0 ms max latency.
145 records sent, 28,1 records/sec (0,03 MB/sec), 35,6 ms avg latency, 1515,0 ms max latency.
218 records sent, 43,6 records/sec (0,04 MB/sec), 22,9 ms avg latency, 647,0 ms max latency.
158 records sent, 29,4 records/sec (0,03 MB/sec), 34,1 ms avg latency, 646,0 ms max latency.
194 records sent, 37,4 records/sec (0,04 MB/sec), 26,7 ms avg latency, 630,0 ms max latency.
171 records sent, 33,2 records/sec (0,03 MB/sec), 30,1 ms avg latency, 632,0 ms max latency.
226 records sent, 45,1 records/sec (0,04 MB/sec), 22,2 ms avg latency, 648,0 ms max latency.
174 records sent, 33,7 records/sec (0,03 MB/sec), 29,7 ms avg latency, 632,0 ms max latency.
256 records sent, 51,0 records/sec (0,05 MB/sec), 19,6 ms avg latency, 623,0 ms max latency.
176 records sent, 34,2 records/sec (0,03 MB/sec), 29,2 ms avg latency, 634,0 ms max latency.
214 records sent, 41,2 records/sec (0,04 MB/sec), 24,3 ms avg latency, 647,0 ms max latency.
186 records sent, 34,7 records/sec (0,03 MB/sec), 28,8 ms avg latency, 626,0 ms max latency.
108 records sent, 21,1 records/sec (0,02 MB/sec), 47,4 ms avg latency, 640,0 ms max latency.
229 records sent, 45,6 records/sec (0,04 MB/sec), 21,9 ms avg latency, 641,0 ms max latency.
144 records sent, 28,1 records/sec (0,03 MB/sec), 35,6 ms avg latency, 639,0 ms max latency.
207 records sent, 40,0 records/sec (0,04 MB/sec), 25,0 ms avg latency, 617,0 ms max latency.
245 records sent, 49,0 records/sec (0,05 MB/sec), 20,4 ms avg latency, 631,0 ms max latency.
192 records sent, 37,0 records/sec (0,04 MB/sec), 27,0 ms avg latency, 645,0 ms max latency.
212 records sent, 37,9 records/sec (0,04 MB/sec), 26,4 ms avg latency, 650,0 ms max latency.
201 records sent, 40,1 records/sec (0,04 MB/sec), 24,9 ms avg latency, 650,0 ms max latency.
204 records sent, 39,4 records/sec (0,04 MB/sec), 25,4 ms avg latency, 632,0 ms max latency.
174 records sent, 33,8 records/sec (0,03 MB/sec), 29,5 ms avg latency, 634,0 ms max latency.
221 records sent, 44,2 records/sec (0,04 MB/sec), 22,6 ms avg latency, 639,0 ms max latency.
279 records sent, 55,0 records/sec (0,05 MB/sec), 18,1 ms avg latency, 642,0 ms max latency.
155 records sent, 30,0 records/sec (0,03 MB/sec), 33,3 ms avg latency, 1509,0 ms max latency.
206 records sent, 40,0 records/sec (0,04 MB/sec), 25,0 ms avg latency, 620,0 ms max latency.
195 records sent, 37,6 records/sec (0,04 MB/sec), 26,6 ms avg latency, 642,0 ms max latency.
78 records sent, 15,0 records/sec (0,01 MB/sec), 66,7 ms avg latency, 1730,0 ms max latency.
172 records sent, 33,1 records/sec (0,03 MB/sec), 30,2 ms avg latency, 1514,0 ms max latency.
111 records sent, 21,3 records/sec (0,02 MB/sec), 46,9 ms avg latency, 1515,0 ms max latency.
219 records sent, 42,1 records/sec (0,04 MB/sec), 23,8 ms avg latency, 646,0 ms max latency.
208 records sent, 41,6 records/sec (0,04 MB/sec), 24,0 ms avg latency, 639,0 ms max latency.
223 records sent, 44,5 records/sec (0,04 MB/sec), 22,4 ms avg latency, 638,0 ms max latency.
245 records sent, 48,9 records/sec (0,05 MB/sec), 20,4 ms avg latency, 209,0 ms max latency.
169 records sent, 32,9 records/sec (0,03 MB/sec), 30,4 ms avg latency, 209,0 ms max latency.
263 records sent, 52,3 records/sec (0,05 MB/sec), 19,1 ms avg latency, 210,0 ms max latency.
263 records sent, 52,1 records/sec (0,05 MB/sec), 19,2 ms avg latency, 643,0 ms max latency.
253 records sent, 50,2 records/sec (0,05 MB/sec), 19,9 ms avg latency, 634,0 ms max latency.
176 records sent, 35,2 records/sec (0,03 MB/sec), 28,4 ms avg latency, 643,0 ms max latency.
260 records sent, 51,4 records/sec (0,05 MB/sec), 19,5 ms avg latency, 624,0 ms max latency.
197 records sent, 38,0 records/sec (0,04 MB/sec), 26,3 ms avg latency, 631,0 ms max latency.
148 records sent, 28,6 records/sec (0,03 MB/sec), 34,9 ms avg latency, 642,0 ms max latency.
237 records sent, 47,4 records/sec (0,05 MB/sec), 21,1 ms avg latency, 209,0 ms max latency.
275 records sent, 54,5 records/sec (0,05 MB/sec), 18,3 ms avg latency, 633,0 ms max latency.
194 records sent, 36,1 records/sec (0,03 MB/sec), 27,7 ms avg latency, 631,0 ms max latency.
143 records sent, 27,8 records/sec (0,03 MB/sec), 35,9 ms avg latency, 642,0 ms max latency.
211 records sent, 41,9 records/sec (0,04 MB/sec), 23,9 ms avg latency, 645,0 ms max latency.
205 records sent, 40,9 records/sec (0,04 MB/sec), 24,4 ms avg latency, 641,0 ms max latency.
180 records sent, 34,8 records/sec (0,03 MB/sec), 28,7 ms avg latency, 637,0 ms max latency.
197 records sent, 38,1 records/sec (0,04 MB/sec), 26,3 ms avg latency, 639,0 ms max latency.
101 records sent, 19,7 records/sec (0,02 MB/sec), 50,8 ms avg latency, 1520,0 ms max latency.
210 records sent, 40,6 records/sec (0,04 MB/sec), 24,6 ms avg latency, 618,0 ms max latency.
225 records sent, 40,2 records/sec (0,04 MB/sec), 24,9 ms avg latency, 626,0 ms max latency.
130 records sent, 25,2 records/sec (0,02 MB/sec), 39,6 ms avg latency, 1516,0 ms max latency.
208 records sent, 40,0 records/sec (0,04 MB/sec), 25,0 ms avg latency, 644,0 ms max latency.
165 records sent, 31,9 records/sec (0,03 MB/sec), 31,3 ms avg latency, 630,0 ms max latency.
201 records sent, 38,9 records/sec (0,04 MB/sec), 25,7 ms avg latency, 209,0 ms max latency.
129 records sent, 25,3 records/sec (0,02 MB/sec), 39,6 ms avg latency, 630,0 ms max latency.
254 records sent, 50,6 records/sec (0,05 MB/sec), 19,8 ms avg latency, 629,0 ms max latency.
171 records sent, 33,1 records/sec (0,03 MB/sec), 30,2 ms avg latency, 644,0 ms max latency.
228 records sent, 45,6 records/sec (0,04 MB/sec), 21,9 ms avg latency, 209,0 ms max latency.
180 records sent, 33,2 records/sec (0,03 MB/sec), 30,1 ms avg latency, 649,0 ms max latency.
206 records sent, 39,6 records/sec (0,04 MB/sec), 25,3 ms avg latency, 642,0 ms max latency.
207 records sent, 39,9 records/sec (0,04 MB/sec), 25,0 ms avg latency, 648,0 ms max latency.
202 records sent, 39,0 records/sec (0,04 MB/sec), 25,7 ms avg latency, 646,0 ms max latency.
122 records sent, 23,6 records/sec (0,02 MB/sec), 42,4 ms avg latency, 1510,0 ms max latency.
190 records sent, 36,9 records/sec (0,04 MB/sec), 27,1 ms avg latency, 626,0 ms max latency.
173 records sent, 33,7 records/sec (0,03 MB/sec), 29,6 ms avg latency, 626,0 ms max latency.
244 records sent, 46,9 records/sec (0,04 MB/sec), 21,3 ms avg latency, 209,0 ms max latency.
197 records sent, 39,4 records/sec (0,04 MB/sec), 25,4 ms avg latency, 648,0 ms max latency.
209 records sent, 38,6 records/sec (0,04 MB/sec), 25,9 ms avg latency, 648,0 ms max latency.
219 records sent, 40,5 records/sec (0,04 MB/sec), 24,7 ms avg latency, 631,0 ms max latency.
213 records sent, 41,1 records/sec (0,04 MB/sec), 24,3 ms avg latency, 620,0 ms max latency.
188 records sent, 36,2 records/sec (0,03 MB/sec), 27,7 ms avg latency, 649,0 ms max latency.
188 records sent, 37,2 records/sec (0,04 MB/sec), 26,8 ms avg latency, 1519,0 ms max latency.
257 records sent, 51,0 records/sec (0,05 MB/sec), 19,6 ms avg latency, 638,0 ms max latency.
249 records sent, 47,5 records/sec (0,05 MB/sec), 21,1 ms avg latency, 644,0 ms max latency.
148 records sent, 25,5 records/sec (0,02 MB/sec), 39,2 ms avg latency, 1501,0 ms max latency.
223 records sent, 43,0 records/sec (0,04 MB/sec), 23,3 ms avg latency, 629,0 ms max latency.
225 records sent, 44,9 records/sec (0,04 MB/sec), 22,3 ms avg latency, 641,0 ms max latency.
134 records sent, 26,0 records/sec (0,02 MB/sec), 38,5 ms avg latency, 1499,0 ms max latency.
176 records sent, 32,3 records/sec (0,03 MB/sec), 31,0 ms avg latency, 1534,0 ms max latency.
277 records sent, 54,9 records/sec (0,05 MB/sec), 18,2 ms avg latency, 636,0 ms max latency.
236 records sent, 45,3 records/sec (0,04 MB/sec), 22,1 ms avg latency, 625,0 ms max latency.
234 records sent, 46,7 records/sec (0,04 MB/sec), 21,4 ms avg latency, 635,0 ms max latency.
224 records sent, 41,2 records/sec (0,04 MB/sec), 24,3 ms avg latency, 642,0 ms max latency.
161 records sent, 31,2 records/sec (0,03 MB/sec), 32,0 ms avg latency, 643,0 ms max latency.
161 records sent, 31,0 records/sec (0,03 MB/sec), 32,3 ms avg latency, 639,0 ms max latency.
133 records sent, 25,7 records/sec (0,02 MB/sec), 38,9 ms avg latency, 1526,0 ms max latency.
206 records sent, 39,7 records/sec (0,04 MB/sec), 25,2 ms avg latency, 643,0 ms max latency.
141 records sent, 26,5 records/sec (0,03 MB/sec), 37,8 ms avg latency, 633,0 ms max latency.
215 records sent, 42,8 records/sec (0,04 MB/sec), 23,4 ms avg latency, 644,0 ms max latency.
235 records sent, 47,0 records/sec (0,04 MB/sec), 21,3 ms avg latency, 210,0 ms max latency.
220 records sent, 43,9 records/sec (0,04 MB/sec), 22,7 ms avg latency, 644,0 ms max latency.
183 records sent, 35,4 records/sec (0,03 MB/sec), 28,3 ms avg latency, 634,0 ms max latency.
345 records sent, 67,5 records/sec (0,06 MB/sec), 14,8 ms avg latency, 209,0 ms max latency.
205 records sent, 40,6 records/sec (0,04 MB/sec), 24,6 ms avg latency, 647,0 ms max latency.
186 records sent, 37,0 records/sec (0,04 MB/sec), 27,0 ms avg latency, 1502,0 ms max latency.
184 records sent, 35,6 records/sec (0,03 MB/sec), 28,1 ms avg latency, 632,0 ms max latency.
192 records sent, 37,0 records/sec (0,04 MB/sec), 27,0 ms avg latency, 642,0 ms max latency.
152 records sent, 29,5 records/sec (0,03 MB/sec), 33,9 ms avg latency, 637,0 ms max latency.
208 records sent, 39,9 records/sec (0,04 MB/sec), 25,0 ms avg latency, 638,0 ms max latency.
185 records sent, 34,1 records/sec (0,03 MB/sec), 29,4 ms avg latency, 1502,0 ms max latency.
116 records sent, 22,5 records/sec (0,02 MB/sec), 44,4 ms avg latency, 1518,0 ms max latency.
264 records sent, 52,3 records/sec (0,05 MB/sec), 19,1 ms avg latency, 637,0 ms max latency.
205 records sent, 39,4 records/sec (0,04 MB/sec), 25,4 ms avg latency, 628,0 ms max latency.
209 records sent, 41,8 records/sec (0,04 MB/sec), 23,9 ms avg latency, 644,0 ms max latency.
261 records sent, 51,9 records/sec (0,05 MB/sec), 19,3 ms avg latency, 210,0 ms max latency.
203 records sent, 39,2 records/sec (0,04 MB/sec), 25,5 ms avg latency, 635,0 ms max latency.
177 records sent, 34,4 records/sec (0,03 MB/sec), 29,1 ms avg latency, 619,0 ms max latency.
183 records sent, 35,6 records/sec (0,03 MB/sec), 28,1 ms avg latency, 622,0 ms max latency.
234 records sent, 46,8 records/sec (0,04 MB/sec), 21,4 ms avg latency, 210,0 ms max latency.
137 records sent, 26,6 records/sec (0,03 MB/sec), 37,6 ms avg latency, 648,0 ms max latency.
166 records sent, 32,1 records/sec (0,03 MB/sec), 31,2 ms avg latency, 650,0 ms max latency.
220 records sent, 42,4 records/sec (0,04 MB/sec), 23,5 ms avg latency, 209,0 ms max latency.
185 records sent, 36,0 records/sec (0,03 MB/sec), 27,7 ms avg latency, 618,0 ms max latency.
160 records sent, 32,0 records/sec (0,03 MB/sec), 31,2 ms avg latency, 1538,0 ms max latency.
242 records sent, 46,5 records/sec (0,04 MB/sec), 21,5 ms avg latency, 209,0 ms max latency.
176 records sent, 34,0 records/sec (0,03 MB/sec), 29,4 ms avg latency, 642,0 ms max latency.
281 records sent, 51,3 records/sec (0,05 MB/sec), 19,5 ms avg latency, 639,0 ms max latency.
255 records sent, 51,0 records/sec (0,05 MB/sec), 19,6 ms avg latency, 209,0 ms max latency.
173 records sent, 33,4 records/sec (0,03 MB/sec), 29,9 ms avg latency, 649,0 ms max latency.
314 records sent, 61,8 records/sec (0,06 MB/sec), 16,2 ms avg latency, 626,0 ms max latency.
208 records sent, 40,0 records/sec (0,04 MB/sec), 25,0 ms avg latency, 641,0 ms max latency.
209 records sent, 40,1 records/sec (0,04 MB/sec), 24,9 ms avg latency, 643,0 ms max latency.
266 records sent, 53,0 records/sec (0,05 MB/sec), 18,9 ms avg latency, 625,0 ms max latency.
301 records sent, 59,2 records/sec (0,06 MB/sec), 16,9 ms avg latency, 648,0 ms max latency.
104 records sent, 18,5 records/sec (0,02 MB/sec), 54,2 ms avg latency, 1720,0 ms max latency.
184 records sent, 35,5 records/sec (0,03 MB/sec), 28,1 ms avg latency, 627,0 ms max latency.
211 records sent, 38,8 records/sec (0,04 MB/sec), 25,7 ms avg latency, 637,0 ms max latency.
218 records sent, 41,9 records/sec (0,04 MB/sec), 23,9 ms avg latency, 635,0 ms max latency.
212 records sent, 42,3 records/sec (0,04 MB/sec), 23,6 ms avg latency, 643,0 ms max latency.
195 records sent, 37,5 records/sec (0,04 MB/sec), 26,7 ms avg latency, 640,0 ms max latency.
133 records sent, 25,9 records/sec (0,02 MB/sec), 38,6 ms avg latency, 643,0 ms max latency.
227 records sent, 43,8 records/sec (0,04 MB/sec), 22,8 ms avg latency, 209,0 ms max latency.
189 records sent, 31,1 records/sec (0,03 MB/sec), 32,2 ms avg latency, 1522,0 ms max latency.
194 records sent, 37,6 records/sec (0,04 MB/sec), 26,6 ms avg latency, 622,0 ms max latency.
179 records sent, 34,6 records/sec (0,03 MB/sec), 28,9 ms avg latency, 644,0 ms max latency.
148 records sent, 28,6 records/sec (0,03 MB/sec), 34,9 ms avg latency, 1503,0 ms max latency.
151 records sent, 29,0 records/sec (0,03 MB/sec), 34,4 ms avg latency, 1523,0 ms max latency.
165 records sent, 30,6 records/sec (0,03 MB/sec), 32,7 ms avg latency, 1504,0 ms max latency.
108 records sent, 21,0 records/sec (0,02 MB/sec), 47,7 ms avg latency, 1523,0 ms max latency.
228 records sent, 45,4 records/sec (0,04 MB/sec), 22,0 ms avg latency, 649,0 ms max latency.
194 records sent, 36,0 records/sec (0,03 MB/sec), 27,7 ms avg latency, 635,0 ms max latency.
335 records sent, 65,3 records/sec (0,06 MB/sec), 15,3 ms avg latency, 625,0 ms max latency.
229 records sent, 45,7 records/sec (0,04 MB/sec), 21,9 ms avg latency, 210,0 ms max latency.
193 records sent, 37,2 records/sec (0,04 MB/sec), 26,9 ms avg latency, 632,0 ms max latency.
100 records sent, 19,5 records/sec (0,02 MB/sec), 51,2 ms avg latency, 640,0 ms max latency.
150 records sent, 28,9 records/sec (0,03 MB/sec), 34,7 ms avg latency, 1528,0 ms max latency.
122 records sent, 23,6 records/sec (0,02 MB/sec), 42,4 ms avg latency, 643,0 ms max latency.
228 records sent, 45,5 records/sec (0,04 MB/sec), 22,0 ms avg latency, 631,0 ms max latency.
174 records sent, 33,6 records/sec (0,03 MB/sec), 29,8 ms avg latency, 640,0 ms max latency.
86 records sent, 16,7 records/sec (0,02 MB/sec), 59,9 ms avg latency, 1730,0 ms max latency.
145 records sent, 28,3 records/sec (0,03 MB/sec), 35,3 ms avg latency, 642,0 ms max latency.
177 records sent, 34,0 records/sec (0,03 MB/sec), 29,4 ms avg latency, 1512,0 ms max latency.
142 records sent, 27,6 records/sec (0,03 MB/sec), 36,3 ms avg latency, 640,0 ms max latency.
230 records sent, 45,9 records/sec (0,04 MB/sec), 21,7 ms avg latency, 634,0 ms max latency.
225 records sent, 45,0 records/sec (0,04 MB/sec), 22,2 ms avg latency, 209,0 ms max latency.
203 records sent, 39,0 records/sec (0,04 MB/sec), 25,6 ms avg latency, 648,0 ms max latency.
173 records sent, 33,3 records/sec (0,03 MB/sec), 30,1 ms avg latency, 644,0 ms max latency.
246 records sent, 49,2 records/sec (0,05 MB/sec), 20,3 ms avg latency, 210,0 ms max latency.
209 records sent, 40,3 records/sec (0,04 MB/sec), 24,8 ms avg latency, 627,0 ms max latency.
173 records sent, 33,2 records/sec (0,03 MB/sec), 30,1 ms avg latency, 645,0 ms max latency.
276 records sent, 54,7 records/sec (0,05 MB/sec), 18,3 ms avg latency, 210,0 ms max latency.
149 records sent, 26,9 records/sec (0,03 MB/sec), 37,2 ms avg latency, 639,0 ms max latency.
189 records sent, 35,0 records/sec (0,03 MB/sec), 28,6 ms avg latency, 642,0 ms max latency.
94 records sent, 18,4 records/sec (0,02 MB/sec), 54,3 ms avg latency, 1498,0 ms max latency.
183 records sent, 35,4 records/sec (0,03 MB/sec), 28,3 ms avg latency, 627,0 ms max latency.
185 records sent, 35,9 records/sec (0,03 MB/sec), 27,9 ms avg latency, 209,0 ms max latency.
266 records sent, 52,7 records/sec (0,05 MB/sec), 19,0 ms avg latency, 638,0 ms max latency.
253 records sent, 50,3 records/sec (0,05 MB/sec), 19,9 ms avg latency, 637,0 ms max latency.
262 records sent, 49,8 records/sec (0,05 MB/sec), 20,1 ms avg latency, 641,0 ms max latency.
199 records sent, 38,4 records/sec (0,04 MB/sec), 26,0 ms avg latency, 628,0 ms max latency.
329 records sent, 64,0 records/sec (0,06 MB/sec), 15,6 ms avg latency, 649,0 ms max latency.
160 records sent, 31,2 records/sec (0,03 MB/sec), 32,0 ms avg latency, 628,0 ms max latency.
242 records sent, 48,4 records/sec (0,05 MB/sec), 20,7 ms avg latency, 630,0 ms max latency.
216 records sent, 41,6 records/sec (0,04 MB/sec), 24,0 ms avg latency, 623,0 ms max latency.
283 records sent, 55,8 records/sec (0,05 MB/sec), 17,9 ms avg latency, 634,0 ms max latency.
224 records sent, 43,2 records/sec (0,04 MB/sec), 23,2 ms avg latency, 618,0 ms max latency.
223 records sent, 44,5 records/sec (0,04 MB/sec), 22,5 ms avg latency, 639,0 ms max latency.
113 records sent, 22,2 records/sec (0,02 MB/sec), 45,0 ms avg latency, 629,0 ms max latency.
202 records sent, 38,4 records/sec (0,04 MB/sec), 26,0 ms avg latency, 647,0 ms max latency.
166 records sent, 31,9 records/sec (0,03 MB/sec), 31,3 ms avg latency, 647,0 ms max latency.
165 records sent, 32,0 records/sec (0,03 MB/sec), 31,3 ms avg latency, 647,0 ms max latency.
154 records sent, 28,6 records/sec (0,03 MB/sec), 35,0 ms avg latency, 642,0 ms max latency.
239 records sent, 47,8 records/sec (0,05 MB/sec), 20,9 ms avg latency, 210,0 ms max latency.
285 records sent, 56,4 records/sec (0,05 MB/sec), 17,7 ms avg latency, 212,0 ms max latency.
97 records sent, 18,9 records/sec (0,02 MB/sec), 53,0 ms avg latency, 1526,0 ms max latency.
190 records sent, 36,5 records/sec (0,03 MB/sec), 27,4 ms avg latency, 639,0 ms max latency.
106 records sent, 20,5 records/sec (0,02 MB/sec), 48,8 ms avg latency, 1517,0 ms max latency.
217 records sent, 36,9 records/sec (0,04 MB/sec), 27,1 ms avg latency, 1518,0 ms max latency.
131 records sent, 25,7 records/sec (0,02 MB/sec), 39,0 ms avg latency, 635,0 ms max latency.
128 records sent, 24,7 records/sec (0,02 MB/sec), 40,5 ms avg latency, 1526,0 ms max latency.
230 records sent, 45,8 records/sec (0,04 MB/sec), 21,8 ms avg latency, 637,0 ms max latency.
125 records sent, 25,0 records/sec (0,02 MB/sec), 40,0 ms avg latency, 1525,0 ms max latency.
207 records sent, 41,4 records/sec (0,04 MB/sec), 24,1 ms avg latency, 643,0 ms max latency.
281 records sent, 55,5 records/sec (0,05 MB/sec), 18,0 ms avg latency, 209,0 ms max latency.
248 records sent, 49,2 records/sec (0,05 MB/sec), 20,3 ms avg latency, 637,0 ms max latency.
155 records sent, 30,0 records/sec (0,03 MB/sec), 33,3 ms avg latency, 640,0 ms max latency.
157 records sent, 31,3 records/sec (0,03 MB/sec), 31,9 ms avg latency, 1718,0 ms max latency.
190 records sent, 36,8 records/sec (0,04 MB/sec), 27,2 ms avg latency, 624,0 ms max latency.
159 records sent, 30,9 records/sec (0,03 MB/sec), 32,4 ms avg latency, 636,0 ms max latency.
146 records sent, 28,3 records/sec (0,03 MB/sec), 35,3 ms avg latency, 643,0 ms max latency.
183 records sent, 36,6 records/sec (0,03 MB/sec), 27,3 ms avg latency, 639,0 ms max latency.
184 records sent, 34,1 records/sec (0,03 MB/sec), 29,3 ms avg latency, 640,0 ms max latency.
193 records sent, 34,5 records/sec (0,03 MB/sec), 29,0 ms avg latency, 639,0 ms max latency.
151 records sent, 29,4 records/sec (0,03 MB/sec), 34,0 ms avg latency, 644,0 ms max latency.
98 records sent, 19,0 records/sec (0,02 MB/sec), 52,7 ms avg latency, 1514,0 ms max latency.
232 records sent, 46,0 records/sec (0,04 MB/sec), 21,7 ms avg latency, 639,0 ms max latency.
175 records sent, 33,9 records/sec (0,03 MB/sec), 29,5 ms avg latency, 649,0 ms max latency.
226 records sent, 45,0 records/sec (0,04 MB/sec), 22,2 ms avg latency, 642,0 ms max latency.
311 records sent, 61,0 records/sec (0,06 MB/sec), 16,4 ms avg latency, 634,0 ms max latency.
206 records sent, 36,3 records/sec (0,03 MB/sec), 27,5 ms avg latency, 1516,0 ms max latency.
180 records sent, 35,0 records/sec (0,03 MB/sec), 28,6 ms avg latency, 628,0 ms max latency.
161 records sent, 31,3 records/sec (0,03 MB/sec), 32,0 ms avg latency, 637,0 ms max latency.
252 records sent, 50,2 records/sec (0,05 MB/sec), 19,9 ms avg latency, 209,0 ms max latency.
156 records sent, 30,1 records/sec (0,03 MB/sec), 33,2 ms avg latency, 650,0 ms max latency.
205 records sent, 39,5 records/sec (0,04 MB/sec), 25,3 ms avg latency, 635,0 ms max latency.
183 records sent, 32,7 records/sec (0,03 MB/sec), 30,5 ms avg latency, 641,0 ms max latency.
239 records sent, 47,6 records/sec (0,05 MB/sec), 21,0 ms avg latency, 645,0 ms max latency.
203 records sent, 39,1 records/sec (0,04 MB/sec), 25,6 ms avg latency, 213,0 ms max latency.
240 records sent, 47,8 records/sec (0,05 MB/sec), 20,9 ms avg latency, 646,0 ms max latency.
192 records sent, 37,0 records/sec (0,04 MB/sec), 27,0 ms avg latency, 643,0 ms max latency.
252 records sent, 50,2 records/sec (0,05 MB/sec), 19,9 ms avg latency, 631,0 ms max latency.
307 records sent, 60,7 records/sec (0,06 MB/sec), 16,5 ms avg latency, 210,0 ms max latency.
218 records sent, 41,9 records/sec (0,04 MB/sec), 23,9 ms avg latency, 640,0 ms max latency.
168 records sent, 30,2 records/sec (0,03 MB/sec), 33,1 ms avg latency, 637,0 ms max latency.
266 records sent, 53,0 records/sec (0,05 MB/sec), 18,9 ms avg latency, 621,0 ms max latency.
192 records sent, 37,1 records/sec (0,04 MB/sec), 26,9 ms avg latency, 640,0 ms max latency.
271 records sent, 53,9 records/sec (0,05 MB/sec), 18,6 ms avg latency, 627,0 ms max latency.
145 records sent, 27,0 records/sec (0,03 MB/sec), 37,1 ms avg latency, 643,0 ms max latency.
173 records sent, 34,5 records/sec (0,03 MB/sec), 29,0 ms avg latency, 1516,0 ms max latency.
160 records sent, 31,1 records/sec (0,03 MB/sec), 32,1 ms avg latency, 639,0 ms max latency.
129 records sent, 25,1 records/sec (0,02 MB/sec), 39,8 ms avg latency, 637,0 ms max latency.
211 records sent, 40,5 records/sec (0,04 MB/sec), 24,7 ms avg latency, 649,0 ms max latency.
144 records sent, 28,0 records/sec (0,03 MB/sec), 35,8 ms avg latency, 637,0 ms max latency.
165 records sent, 29,3 records/sec (0,03 MB/sec), 34,1 ms avg latency, 648,0 ms max latency.
214 records sent, 42,8 records/sec (0,04 MB/sec), 23,4 ms avg latency, 647,0 ms max latency.
191 records sent, 36,8 records/sec (0,04 MB/sec), 27,2 ms avg latency, 648,0 ms max latency.
121 records sent, 22,5 records/sec (0,02 MB/sec), 44,5 ms avg latency, 1703,0 ms max latency.
230 records sent, 44,3 records/sec (0,04 MB/sec), 22,6 ms avg latency, 209,0 ms max latency.
216 records sent, 43,2 records/sec (0,04 MB/sec), 23,1 ms avg latency, 647,0 ms max latency.
169 records sent, 31,4 records/sec (0,03 MB/sec), 31,9 ms avg latency, 1701,0 ms max latency.
239 records sent, 47,7 records/sec (0,05 MB/sec), 20,9 ms avg latency, 211,0 ms max latency.
85 records sent, 16,6 records/sec (0,02 MB/sec), 60,3 ms avg latency, 1714,0 ms max latency.
211 records sent, 34,3 records/sec (0,03 MB/sec), 29,2 ms avg latency, 1540,0 ms max latency.
223 records sent, 42,9 records/sec (0,04 MB/sec), 23,3 ms avg latency, 626,0 ms max latency.
230 records sent, 43,7 records/sec (0,04 MB/sec), 22,9 ms avg latency, 644,0 ms max latency.
261 records sent, 51,7 records/sec (0,05 MB/sec), 19,3 ms avg latency, 642,0 ms max latency.
166 records sent, 32,2 records/sec (0,03 MB/sec), 31,1 ms avg latency, 636,0 ms max latency.
209 records sent, 40,3 records/sec (0,04 MB/sec), 24,8 ms avg latency, 628,0 ms max latency.
170 records sent, 33,2 records/sec (0,03 MB/sec), 30,2 ms avg latency, 629,0 ms max latency.
197 records sent, 37,9 records/sec (0,04 MB/sec), 26,4 ms avg latency, 213,0 ms max latency.
197 records sent, 38,0 records/sec (0,04 MB/sec), 26,4 ms avg latency, 637,0 ms max latency.
155 records sent, 30,0 records/sec (0,03 MB/sec), 33,4 ms avg latency, 646,0 ms max latency.
161 records sent, 29,7 records/sec (0,03 MB/sec), 33,6 ms avg latency, 649,0 ms max latency.
140 records sent, 27,3 records/sec (0,03 MB/sec), 36,6 ms avg latency, 637,0 ms max latency.
153 records sent, 27,3 records/sec (0,03 MB/sec), 36,7 ms avg latency, 1717,0 ms max latency.
188 records sent, 36,5 records/sec (0,03 MB/sec), 27,4 ms avg latency, 620,0 ms max latency.
188 records sent, 36,2 records/sec (0,03 MB/sec), 27,6 ms avg latency, 638,0 ms max latency.
206 records sent, 39,8 records/sec (0,04 MB/sec), 25,1 ms avg latency, 621,0 ms max latency.
209 records sent, 40,2 records/sec (0,04 MB/sec), 24,9 ms avg latency, 638,0 ms max latency.
226 records sent, 45,0 records/sec (0,04 MB/sec), 22,2 ms avg latency, 647,0 ms max latency.
176 records sent, 33,9 records/sec (0,03 MB/sec), 29,5 ms avg latency, 644,0 ms max latency.
210 records sent, 40,5 records/sec (0,04 MB/sec), 24,7 ms avg latency, 210,0 ms max latency.
234 records sent, 46,8 records/sec (0,04 MB/sec), 21,4 ms avg latency, 210,0 ms max latency.
188 records sent, 37,6 records/sec (0,04 MB/sec), 26,6 ms avg latency, 1493,0 ms max latency.
221 records sent, 44,0 records/sec (0,04 MB/sec), 22,7 ms avg latency, 638,0 ms max latency.
124 records sent, 24,1 records/sec (0,02 MB/sec), 41,5 ms avg latency, 649,0 ms max latency.
195 records sent, 38,7 records/sec (0,04 MB/sec), 25,8 ms avg latency, 649,0 ms max latency.
173 records sent, 33,3 records/sec (0,03 MB/sec), 30,0 ms avg latency, 641,0 ms max latency.
258 records sent, 51,4 records/sec (0,05 MB/sec), 19,5 ms avg latency, 209,0 ms max latency.
208 records sent, 40,0 records/sec (0,04 MB/sec), 25,0 ms avg latency, 639,0 ms max latency.
275 records sent, 54,5 records/sec (0,05 MB/sec), 18,3 ms avg latency, 621,0 ms max latency.
178 records sent, 34,3 records/sec (0,03 MB/sec), 29,1 ms avg latency, 646,0 ms max latency.
210 records sent, 42,0 records/sec (0,04 MB/sec), 23,8 ms avg latency, 647,0 ms max latency.
183 records sent, 33,7 records/sec (0,03 MB/sec), 29,7 ms avg latency, 648,0 ms max latency.
190 records sent, 36,7 records/sec (0,03 MB/sec), 27,3 ms avg latency, 641,0 ms max latency.
244 records sent, 48,5 records/sec (0,05 MB/sec), 20,6 ms avg latency, 648,0 ms max latency.
165 records sent, 32,1 records/sec (0,03 MB/sec), 31,1 ms avg latency, 624,0 ms max latency.
167 records sent, 32,4 records/sec (0,03 MB/sec), 30,9 ms avg latency, 636,0 ms max latency.
198 records sent, 35,2 records/sec (0,03 MB/sec), 28,4 ms avg latency, 646,0 ms max latency.
210 records sent, 42,0 records/sec (0,04 MB/sec), 23,8 ms avg latency, 632,0 ms max latency.
297 records sent, 51,8 records/sec (0,05 MB/sec), 19,3 ms avg latency, 1516,0 ms max latency.
195 records sent, 39,0 records/sec (0,04 MB/sec), 25,6 ms avg latency, 649,0 ms max latency.
118 records sent, 22,8 records/sec (0,02 MB/sec), 43,9 ms avg latency, 1520,0 ms max latency.
181 records sent, 36,1 records/sec (0,03 MB/sec), 27,7 ms avg latency, 647,0 ms max latency.
208 records sent, 41,3 records/sec (0,04 MB/sec), 24,2 ms avg latency, 649,0 ms max latency.
190 records sent, 35,1 records/sec (0,03 MB/sec), 28,5 ms avg latency, 644,0 ms max latency.
216 records sent, 41,4 records/sec (0,04 MB/sec), 24,1 ms avg latency, 642,0 ms max latency.
213 records sent, 42,1 records/sec (0,04 MB/sec), 23,7 ms avg latency, 1505,0 ms max latency.
171 records sent, 33,2 records/sec (0,03 MB/sec), 30,1 ms avg latency, 638,0 ms max latency.
171 records sent, 33,2 records/sec (0,03 MB/sec), 30,1 ms avg latency, 633,0 ms max latency.
200 records sent, 38,6 records/sec (0,04 MB/sec), 25,9 ms avg latency, 646,0 ms max latency.
243 records sent, 46,7 records/sec (0,04 MB/sec), 21,4 ms avg latency, 210,0 ms max latency.
222 records sent, 44,0 records/sec (0,04 MB/sec), 22,7 ms avg latency, 1512,0 ms max latency.
184 records sent, 35,7 records/sec (0,03 MB/sec), 28,0 ms avg latency, 210,0 ms max latency.
283 records sent, 55,9 records/sec (0,05 MB/sec), 17,9 ms avg latency, 643,0 ms max latency.
216 records sent, 41,5 records/sec (0,04 MB/sec), 24,1 ms avg latency, 625,0 ms max latency.
199 records sent, 38,3 records/sec (0,04 MB/sec), 26,1 ms avg latency, 638,0 ms max latency.
162 records sent, 31,4 records/sec (0,03 MB/sec), 31,9 ms avg latency, 646,0 ms max latency.
197 records sent, 39,4 records/sec (0,04 MB/sec), 25,4 ms avg latency, 642,0 ms max latency.
213 records sent, 42,6 records/sec (0,04 MB/sec), 23,5 ms avg latency, 640,0 ms max latency.
282 records sent, 53,4 records/sec (0,05 MB/sec), 18,7 ms avg latency, 637,0 ms max latency.
171 records sent, 31,8 records/sec (0,03 MB/sec), 31,4 ms avg latency, 647,0 ms max latency.
181 records sent, 33,7 records/sec (0,03 MB/sec), 29,7 ms avg latency, 641,0 ms max latency.
135 records sent, 26,4 records/sec (0,03 MB/sec), 37,9 ms avg latency, 638,0 ms max latency.
232 records sent, 46,3 records/sec (0,04 MB/sec), 21,6 ms avg latency, 642,0 ms max latency.
138 records sent, 26,7 records/sec (0,03 MB/sec), 37,4 ms avg latency, 644,0 ms max latency.
203 records sent, 39,2 records/sec (0,04 MB/sec), 25,5 ms avg latency, 633,0 ms max latency.
238 records sent, 47,5 records/sec (0,05 MB/sec), 21,0 ms avg latency, 209,0 ms max latency.
224 records sent, 44,8 records/sec (0,04 MB/sec), 22,3 ms avg latency, 624,0 ms max latency.
211 records sent, 42,1 records/sec (0,04 MB/sec), 23,7 ms avg latency, 647,0 ms max latency.
152 records sent, 29,7 records/sec (0,03 MB/sec), 33,7 ms avg latency, 623,0 ms max latency.
209 records sent, 38,5 records/sec (0,04 MB/sec), 26,0 ms avg latency, 638,0 ms max latency.
168 records sent, 33,5 records/sec (0,03 MB/sec), 29,9 ms avg latency, 1528,0 ms max latency.
155 records sent, 30,0 records/sec (0,03 MB/sec), 33,3 ms avg latency, 642,0 ms max latency.
179 records sent, 34,6 records/sec (0,03 MB/sec), 28,9 ms avg latency, 633,0 ms max latency.
293 records sent, 58,1 records/sec (0,06 MB/sec), 17,2 ms avg latency, 209,0 ms max latency.
227 records sent, 45,4 records/sec (0,04 MB/sec), 22,0 ms avg latency, 635,0 ms max latency.
179 records sent, 35,7 records/sec (0,03 MB/sec), 28,0 ms avg latency, 1514,0 ms max latency.
303 records sent, 59,8 records/sec (0,06 MB/sec), 16,7 ms avg latency, 213,0 ms max latency.
245 records sent, 48,8 records/sec (0,05 MB/sec), 20,5 ms avg latency, 630,0 ms max latency.
174 records sent, 33,8 records/sec (0,03 MB/sec), 29,6 ms avg latency, 631,0 ms max latency.
204 records sent, 39,2 records/sec (0,04 MB/sec), 25,5 ms avg latency, 646,0 ms max latency.
180 records sent, 32,2 records/sec (0,03 MB/sec), 31,0 ms avg latency, 638,0 ms max latency.
237 records sent, 47,2 records/sec (0,05 MB/sec), 21,2 ms avg latency, 627,0 ms max latency.
156 records sent, 30,5 records/sec (0,03 MB/sec), 32,8 ms avg latency, 630,0 ms max latency.
225 records sent, 43,2 records/sec (0,04 MB/sec), 23,1 ms avg latency, 624,0 ms max latency.
212 records sent, 42,4 records/sec (0,04 MB/sec), 23,6 ms avg latency, 646,0 ms max latency.
156 records sent, 29,2 records/sec (0,03 MB/sec), 34,2 ms avg latency, 638,0 ms max latency.
275 records sent, 50,3 records/sec (0,05 MB/sec), 19,9 ms avg latency, 637,0 ms max latency.
199 records sent, 38,2 records/sec (0,04 MB/sec), 26,1 ms avg latency, 635,0 ms max latency.
218 records sent, 43,5 records/sec (0,04 MB/sec), 23,0 ms avg latency, 634,0 ms max latency.
137 records sent, 26,4 records/sec (0,03 MB/sec), 37,9 ms avg latency, 648,0 ms max latency.
80000 records sent, 38,110137 records/sec (0,04 MB/sec), 26,22 ms avg latency, 1730,00 ms max latency, 1 ms 50th, 207 ms 95th, 210 ms 99th, 649 ms 99.9th.

Metric Name                                                                          Value
app-info:commit-id:{client-id=producer-1}                                          : d12590634290dbc4
app-info:start-time-ms:{client-id=producer-1}                                      : 1593415283335
app-info:version:{client-id=producer-1}                                            : 2.3.1
kafka-metrics-count:count:{client-id=producer-1}                                   : 126,000
producer-metrics:batch-size-avg:{client-id=producer-1}                             : 1075,000
producer-metrics:batch-size-max:{client-id=producer-1}                             : 1075,000
producer-metrics:batch-split-rate:{client-id=producer-1}                           : 0,000
producer-metrics:batch-split-total:{client-id=producer-1}                          : 0,000
producer-metrics:buffer-available-bytes:{client-id=producer-1}                     : 33554432,000
producer-metrics:buffer-exhausted-rate:{client-id=producer-1}                      : 0,000
producer-metrics:buffer-exhausted-total:{client-id=producer-1}                     : 0,000
producer-metrics:buffer-total-bytes:{client-id=producer-1}                         : 33554432,000
producer-metrics:bufferpool-wait-ratio:{client-id=producer-1}                      : 0,000
producer-metrics:bufferpool-wait-time-total:{client-id=producer-1}                 : 0,000
producer-metrics:compression-rate-avg:{client-id=producer-1}                       : 1,000
producer-metrics:connection-close-rate:{client-id=producer-1}                      : 0,000
producer-metrics:connection-close-total:{client-id=producer-1}                     : 62,000
producer-metrics:connection-count:{client-id=producer-1}                           : 3,000
producer-metrics:connection-creation-rate:{client-id=producer-1}                   : 0,000
producer-metrics:connection-creation-total:{client-id=producer-1}                  : 65,000
producer-metrics:failed-authentication-rate:{client-id=producer-1}                 : 0,000
producer-metrics:failed-authentication-total:{client-id=producer-1}                : 0,000
producer-metrics:failed-reauthentication-rate:{client-id=producer-1}               : 0,000
producer-metrics:failed-reauthentication-total:{client-id=producer-1}              : 0,000
producer-metrics:incoming-byte-rate:{client-id=producer-1}                         : 2386,449
producer-metrics:incoming-byte-total:{client-id=producer-1}                        : 4997065,000
producer-metrics:io-ratio:{client-id=producer-1}                                   : 0,001
producer-metrics:io-time-ns-avg:{client-id=producer-1}                             : 12768,178
producer-metrics:io-wait-ratio:{client-id=producer-1}                              : 1,000
producer-metrics:io-wait-time-ns-avg:{client-id=producer-1}                        : 8661634,887
producer-metrics:io-waittime-total:{client-id=producer-1}                          : 2089796851508,000
producer-metrics:iotime-total:{client-id=producer-1}                               : 3348181118,000
producer-metrics:metadata-age:{client-id=producer-1}                               : 75,237
producer-metrics:network-io-rate:{client-id=producer-1}                            : 76,960
producer-metrics:network-io-total:{client-id=producer-1}                           : 160317,000
producer-metrics:outgoing-byte-rate:{client-id=producer-1}                         : 44051,276
producer-metrics:outgoing-byte-total:{client-id=producer-1}                        : 91663000,000
producer-metrics:produce-throttle-time-avg:{client-id=producer-1}                  : 0,000
producer-metrics:produce-throttle-time-max:{client-id=producer-1}                  : 0,000
producer-metrics:reauthentication-latency-avg:{client-id=producer-1}               : NaN
producer-metrics:reauthentication-latency-max:{client-id=producer-1}               : NaN
producer-metrics:record-error-rate:{client-id=producer-1}                          : 0,000
producer-metrics:record-error-total:{client-id=producer-1}                         : 0,000
producer-metrics:record-queue-time-avg:{client-id=producer-1}                      : 0,020
producer-metrics:record-queue-time-max:{client-id=producer-1}                      : 1,000
producer-metrics:record-retry-rate:{client-id=producer-1}                          : 0,000
producer-metrics:record-retry-total:{client-id=producer-1}                         : 61,000
producer-metrics:record-send-rate:{client-id=producer-1}                           : 38,471
producer-metrics:record-send-total:{client-id=producer-1}                          : 80061,000
producer-metrics:record-size-avg:{client-id=producer-1}                            : 1091,000
producer-metrics:record-size-max:{client-id=producer-1}                            : 1091,000
producer-metrics:records-per-request-avg:{client-id=producer-1}                    : 1,000
producer-metrics:request-latency-avg:{client-id=producer-1}                        : 26,033
producer-metrics:request-latency-max:{client-id=producer-1}                        : 648,000
producer-metrics:request-rate:{client-id=producer-1}                               : 38,470
producer-metrics:request-size-avg:{client-id=producer-1}                           : 1145,000
producer-metrics:request-size-max:{client-id=producer-1}                           : 1145,000
producer-metrics:request-total:{client-id=producer-1}                              : 80189,000
producer-metrics:requests-in-flight:{client-id=producer-1}                         : 0,000
producer-metrics:response-rate:{client-id=producer-1}                              : 38,491
producer-metrics:response-total:{client-id=producer-1}                             : 80128,000
producer-metrics:select-rate:{client-id=producer-1}                                : 115,413
producer-metrics:select-total:{client-id=producer-1}                               : 240334,000
producer-metrics:successful-authentication-no-reauth-total:{client-id=producer-1}  : 0,000
producer-metrics:successful-authentication-rate:{client-id=producer-1}             : 0,000
producer-metrics:successful-authentication-total:{client-id=producer-1}            : 0,000
producer-metrics:successful-reauthentication-rate:{client-id=producer-1}           : 0,000
producer-metrics:successful-reauthentication-total:{client-id=producer-1}          : 0,000
producer-metrics:waiting-threads:{client-id=producer-1}                            : 0,000
producer-node-metrics:incoming-byte-rate:{client-id=producer-1, node-id=node--3}   : 0,000
producer-node-metrics:incoming-byte-rate:{client-id=producer-1, node-id=node-1}    : 815,863
producer-node-metrics:incoming-byte-rate:{client-id=producer-1, node-id=node-3}    : 800,389
producer-node-metrics:incoming-byte-rate:{client-id=producer-1, node-id=node-6}    : 800,248
producer-node-metrics:incoming-byte-total:{client-id=producer-1, node-id=node--3}  : 579,000
producer-node-metrics:incoming-byte-total:{client-id=producer-1, node-id=node-1}   : 1658590,000
producer-node-metrics:incoming-byte-total:{client-id=producer-1, node-id=node-3}   : 1665229,000
producer-node-metrics:incoming-byte-total:{client-id=producer-1, node-id=node-6}   : 1672667,000
producer-node-metrics:outgoing-byte-rate:{client-id=producer-1, node-id=node--3}   : 0,000
producer-node-metrics:outgoing-byte-rate:{client-id=producer-1, node-id=node-1}    : 15066,811
producer-node-metrics:outgoing-byte-rate:{client-id=producer-1, node-id=node-3}    : 14756,155
producer-node-metrics:outgoing-byte-rate:{client-id=producer-1, node-id=node-6}    : 14779,108
producer-node-metrics:outgoing-byte-total:{client-id=producer-1, node-id=node--3}  : 67,000
producer-node-metrics:outgoing-byte-total:{client-id=producer-1, node-id=node-1}   : 30417094,000
producer-node-metrics:outgoing-byte-total:{client-id=producer-1, node-id=node-3}   : 30580403,000
producer-node-metrics:outgoing-byte-total:{client-id=producer-1, node-id=node-6}   : 30665436,000
producer-node-metrics:request-latency-avg:{client-id=producer-1, node-id=node--3}  : NaN
producer-node-metrics:request-latency-avg:{client-id=producer-1, node-id=node-1}   : 25,665
producer-node-metrics:request-latency-avg:{client-id=producer-1, node-id=node-3}   : 28,128
producer-node-metrics:request-latency-avg:{client-id=producer-1, node-id=node-6}   : 23,963
producer-node-metrics:request-latency-max:{client-id=producer-1, node-id=node--3}  : NaN
producer-node-metrics:request-latency-max:{client-id=producer-1, node-id=node-1}   : 646,000
producer-node-metrics:request-latency-max:{client-id=producer-1, node-id=node-3}   : 648,000
producer-node-metrics:request-latency-max:{client-id=producer-1, node-id=node-6}   : 635,000
producer-node-metrics:request-rate:{client-id=producer-1, node-id=node--3}         : 0,000
producer-node-metrics:request-rate:{client-id=producer-1, node-id=node-1}          : 13,158
producer-node-metrics:request-rate:{client-id=producer-1, node-id=node-3}          : 12,887
producer-node-metrics:request-rate:{client-id=producer-1, node-id=node-6}          : 12,907
producer-node-metrics:request-size-avg:{client-id=producer-1, node-id=node--3}     : NaN
producer-node-metrics:request-size-avg:{client-id=producer-1, node-id=node-1}      : 1145,000
producer-node-metrics:request-size-avg:{client-id=producer-1, node-id=node-3}      : 1145,000
producer-node-metrics:request-size-avg:{client-id=producer-1, node-id=node-6}      : 1145,000
producer-node-metrics:request-size-max:{client-id=producer-1, node-id=node--3}     : NaN
producer-node-metrics:request-size-max:{client-id=producer-1, node-id=node-1}      : 1145,000
producer-node-metrics:request-size-max:{client-id=producer-1, node-id=node-3}      : 1145,000
producer-node-metrics:request-size-max:{client-id=producer-1, node-id=node-6}      : 1145,000
producer-node-metrics:request-total:{client-id=producer-1, node-id=node--3}        : 2,000
producer-node-metrics:request-total:{client-id=producer-1, node-id=node-1}         : 26611,000
producer-node-metrics:request-total:{client-id=producer-1, node-id=node-3}         : 26746,000
producer-node-metrics:request-total:{client-id=producer-1, node-id=node-6}         : 26830,000
producer-node-metrics:response-rate:{client-id=producer-1, node-id=node--3}        : 0,000
producer-node-metrics:response-rate:{client-id=producer-1, node-id=node-1}         : 13,159
producer-node-metrics:response-rate:{client-id=producer-1, node-id=node-3}         : 12,909
producer-node-metrics:response-rate:{client-id=producer-1, node-id=node-6}         : 12,907
producer-node-metrics:response-total:{client-id=producer-1, node-id=node--3}       : 2,000
producer-node-metrics:response-total:{client-id=producer-1, node-id=node-1}        : 26590,000
producer-node-metrics:response-total:{client-id=producer-1, node-id=node-3}        : 26726,000
producer-node-metrics:response-total:{client-id=producer-1, node-id=node-6}        : 26810,000
producer-topic-metrics:byte-rate:{client-id=producer-1, topic=test-topic}          : 41355,606
producer-topic-metrics:byte-total:{client-id=producer-1, topic=test-topic}         : 86054461,000
producer-topic-metrics:compression-rate:{client-id=producer-1, topic=test-topic}   : 1,000
producer-topic-metrics:record-error-rate:{client-id=producer-1, topic=test-topic}  : 0,000
producer-topic-metrics:record-error-total:{client-id=producer-1, topic=test-topic} : 0,000
producer-topic-metrics:record-retry-rate:{client-id=producer-1, topic=test-topic}  : 0,000
producer-topic-metrics:record-retry-total:{client-id=producer-1, topic=test-topic} : 61,000
producer-topic-metrics:record-send-rate:{client-id=producer-1, topic=test-topic}   : 38,471
producer-topic-metrics:record-send-total:{client-id=producer-1, topic=test-topic}  : 80061,000
Produce Time: 2099.179
Aplication time: 2099.852
*****Produção finalizada, esperando 180 s para buscar WM*****
Water mark: 400000
