Topic to send: test-topic
Topic to acks: 1
Records: 80000
Size:1000
172 records sent, 31,9 records/sec (0,03 MB/sec), 31,2 ms avg latency, 644,0 ms max latency.
217 records sent, 42,3 records/sec (0,04 MB/sec), 23,6 ms avg latency, 618,0 ms max latency.
243 records sent, 47,1 records/sec (0,04 MB/sec), 21,2 ms avg latency, 632,0 ms max latency.
186 records sent, 36,9 records/sec (0,04 MB/sec), 27,1 ms avg latency, 648,0 ms max latency.
239 records sent, 46,4 records/sec (0,04 MB/sec), 21,5 ms avg latency, 649,0 ms max latency.
164 records sent, 31,6 records/sec (0,03 MB/sec), 31,6 ms avg latency, 620,0 ms max latency.
134 records sent, 26,4 records/sec (0,03 MB/sec), 37,8 ms avg latency, 1767,0 ms max latency.
242 records sent, 47,5 records/sec (0,05 MB/sec), 21,0 ms avg latency, 638,0 ms max latency.
215 records sent, 42,5 records/sec (0,04 MB/sec), 23,5 ms avg latency, 648,0 ms max latency.
174 records sent, 33,5 records/sec (0,03 MB/sec), 29,8 ms avg latency, 629,0 ms max latency.
282 records sent, 54,9 records/sec (0,05 MB/sec), 18,2 ms avg latency, 213,0 ms max latency.
172 records sent, 31,7 records/sec (0,03 MB/sec), 31,6 ms avg latency, 646,0 ms max latency.
126 records sent, 24,2 records/sec (0,02 MB/sec), 41,2 ms avg latency, 1505,0 ms max latency.
204 records sent, 40,8 records/sec (0,04 MB/sec), 24,5 ms avg latency, 209,0 ms max latency.
240 records sent, 43,8 records/sec (0,04 MB/sec), 22,8 ms avg latency, 645,0 ms max latency.
138 records sent, 21,4 records/sec (0,02 MB/sec), 46,8 ms avg latency, 1511,0 ms max latency.
210 records sent, 40,4 records/sec (0,04 MB/sec), 24,8 ms avg latency, 209,0 ms max latency.
236 records sent, 46,8 records/sec (0,04 MB/sec), 21,3 ms avg latency, 646,0 ms max latency.
263 records sent, 52,1 records/sec (0,05 MB/sec), 19,2 ms avg latency, 623,0 ms max latency.
169 records sent, 32,4 records/sec (0,03 MB/sec), 30,9 ms avg latency, 1513,0 ms max latency.
188 records sent, 37,6 records/sec (0,04 MB/sec), 26,6 ms avg latency, 637,0 ms max latency.
153 records sent, 29,8 records/sec (0,03 MB/sec), 33,5 ms avg latency, 209,0 ms max latency.
162 records sent, 32,2 records/sec (0,03 MB/sec), 31,1 ms avg latency, 1524,0 ms max latency.
199 records sent, 39,8 records/sec (0,04 MB/sec), 25,1 ms avg latency, 638,0 ms max latency.
132 records sent, 25,4 records/sec (0,02 MB/sec), 39,4 ms avg latency, 1531,0 ms max latency.
150 records sent, 30,0 records/sec (0,03 MB/sec), 33,3 ms avg latency, 1526,0 ms max latency.
232 records sent, 42,7 records/sec (0,04 MB/sec), 23,4 ms avg latency, 631,0 ms max latency.
176 records sent, 34,0 records/sec (0,03 MB/sec), 29,4 ms avg latency, 213,0 ms max latency.
235 records sent, 46,7 records/sec (0,04 MB/sec), 21,4 ms avg latency, 635,0 ms max latency.
242 records sent, 47,9 records/sec (0,05 MB/sec), 20,9 ms avg latency, 644,0 ms max latency.
144 records sent, 27,8 records/sec (0,03 MB/sec), 36,0 ms avg latency, 1707,0 ms max latency.
285 records sent, 56,3 records/sec (0,05 MB/sec), 17,8 ms avg latency, 209,0 ms max latency.
205 records sent, 37,8 records/sec (0,04 MB/sec), 26,5 ms avg latency, 642,0 ms max latency.
194 records sent, 36,6 records/sec (0,03 MB/sec), 27,3 ms avg latency, 1531,0 ms max latency.
123 records sent, 23,9 records/sec (0,02 MB/sec), 41,8 ms avg latency, 649,0 ms max latency.
201 records sent, 38,8 records/sec (0,04 MB/sec), 25,8 ms avg latency, 635,0 ms max latency.
159 records sent, 30,8 records/sec (0,03 MB/sec), 32,5 ms avg latency, 649,0 ms max latency.
193 records sent, 37,2 records/sec (0,04 MB/sec), 26,8 ms avg latency, 642,0 ms max latency.
177 records sent, 34,1 records/sec (0,03 MB/sec), 29,3 ms avg latency, 648,0 ms max latency.
292 records sent, 57,8 records/sec (0,06 MB/sec), 17,3 ms avg latency, 209,0 ms max latency.
185 records sent, 37,0 records/sec (0,04 MB/sec), 27,0 ms avg latency, 649,0 ms max latency.
171 records sent, 32,9 records/sec (0,03 MB/sec), 30,4 ms avg latency, 1509,0 ms max latency.
207 records sent, 39,8 records/sec (0,04 MB/sec), 25,1 ms avg latency, 648,0 ms max latency.
139 records sent, 27,0 records/sec (0,03 MB/sec), 37,0 ms avg latency, 645,0 ms max latency.
197 records sent, 39,4 records/sec (0,04 MB/sec), 25,4 ms avg latency, 649,0 ms max latency.
223 records sent, 42,8 records/sec (0,04 MB/sec), 23,3 ms avg latency, 630,0 ms max latency.
218 records sent, 43,2 records/sec (0,04 MB/sec), 23,1 ms avg latency, 644,0 ms max latency.
221 records sent, 42,5 records/sec (0,04 MB/sec), 23,5 ms avg latency, 626,0 ms max latency.
215 records sent, 42,8 records/sec (0,04 MB/sec), 23,4 ms avg latency, 648,0 ms max latency.
96 records sent, 17,7 records/sec (0,02 MB/sec), 56,6 ms avg latency, 1727,0 ms max latency.
202 records sent, 39,0 records/sec (0,04 MB/sec), 25,6 ms avg latency, 635,0 ms max latency.
209 records sent, 41,8 records/sec (0,04 MB/sec), 23,9 ms avg latency, 620,0 ms max latency.
318 records sent, 62,4 records/sec (0,06 MB/sec), 16,0 ms avg latency, 638,0 ms max latency.
182 records sent, 32,4 records/sec (0,03 MB/sec), 30,8 ms avg latency, 646,0 ms max latency.
202 records sent, 39,0 records/sec (0,04 MB/sec), 25,6 ms avg latency, 636,0 ms max latency.
205 records sent, 40,9 records/sec (0,04 MB/sec), 24,4 ms avg latency, 641,0 ms max latency.
143 records sent, 27,7 records/sec (0,03 MB/sec), 36,1 ms avg latency, 645,0 ms max latency.
164 records sent, 31,6 records/sec (0,03 MB/sec), 31,6 ms avg latency, 646,0 ms max latency.
177 records sent, 34,4 records/sec (0,03 MB/sec), 29,0 ms avg latency, 209,0 ms max latency.
209 records sent, 37,2 records/sec (0,04 MB/sec), 26,8 ms avg latency, 634,0 ms max latency.
246 records sent, 49,1 records/sec (0,05 MB/sec), 20,4 ms avg latency, 630,0 ms max latency.
247 records sent, 49,0 records/sec (0,05 MB/sec), 20,4 ms avg latency, 640,0 ms max latency.
206 records sent, 39,8 records/sec (0,04 MB/sec), 25,1 ms avg latency, 619,0 ms max latency.
179 records sent, 34,5 records/sec (0,03 MB/sec), 28,9 ms avg latency, 634,0 ms max latency.
171 records sent, 34,2 records/sec (0,03 MB/sec), 29,2 ms avg latency, 644,0 ms max latency.
125 records sent, 24,2 records/sec (0,02 MB/sec), 41,3 ms avg latency, 643,0 ms max latency.
161 records sent, 32,2 records/sec (0,03 MB/sec), 31,1 ms avg latency, 1732,0 ms max latency.
126 records sent, 25,2 records/sec (0,02 MB/sec), 39,7 ms avg latency, 1510,0 ms max latency.
272 records sent, 53,5 records/sec (0,05 MB/sec), 18,7 ms avg latency, 649,0 ms max latency.
160 records sent, 30,9 records/sec (0,03 MB/sec), 32,4 ms avg latency, 637,0 ms max latency.
149 records sent, 29,2 records/sec (0,03 MB/sec), 34,3 ms avg latency, 209,0 ms max latency.
187 records sent, 37,3 records/sec (0,04 MB/sec), 26,8 ms avg latency, 647,0 ms max latency.
174 records sent, 33,5 records/sec (0,03 MB/sec), 29,8 ms avg latency, 648,0 ms max latency.
194 records sent, 37,2 records/sec (0,04 MB/sec), 26,9 ms avg latency, 647,0 ms max latency.
215 records sent, 43,0 records/sec (0,04 MB/sec), 23,2 ms avg latency, 644,0 ms max latency.
193 records sent, 34,5 records/sec (0,03 MB/sec), 29,0 ms avg latency, 640,0 ms max latency.
201 records sent, 40,1 records/sec (0,04 MB/sec), 24,9 ms avg latency, 647,0 ms max latency.
149 records sent, 28,9 records/sec (0,03 MB/sec), 34,6 ms avg latency, 646,0 ms max latency.
166 records sent, 30,8 records/sec (0,03 MB/sec), 32,4 ms avg latency, 646,0 ms max latency.
197 records sent, 37,8 records/sec (0,04 MB/sec), 26,5 ms avg latency, 641,0 ms max latency.
213 records sent, 38,9 records/sec (0,04 MB/sec), 25,7 ms avg latency, 649,0 ms max latency.
103 records sent, 19,9 records/sec (0,02 MB/sec), 50,3 ms avg latency, 1517,0 ms max latency.
196 records sent, 39,2 records/sec (0,04 MB/sec), 25,5 ms avg latency, 636,0 ms max latency.
140 records sent, 24,9 records/sec (0,02 MB/sec), 40,2 ms avg latency, 1497,0 ms max latency.
140 records sent, 27,2 records/sec (0,03 MB/sec), 36,8 ms avg latency, 647,0 ms max latency.
283 records sent, 55,9 records/sec (0,05 MB/sec), 17,9 ms avg latency, 647,0 ms max latency.
213 records sent, 42,4 records/sec (0,04 MB/sec), 23,6 ms avg latency, 643,0 ms max latency.
175 records sent, 34,9 records/sec (0,03 MB/sec), 28,6 ms avg latency, 1511,0 ms max latency.
195 records sent, 39,0 records/sec (0,04 MB/sec), 25,6 ms avg latency, 639,0 ms max latency.
187 records sent, 35,7 records/sec (0,03 MB/sec), 28,0 ms avg latency, 649,0 ms max latency.
235 records sent, 46,9 records/sec (0,04 MB/sec), 21,3 ms avg latency, 645,0 ms max latency.
214 records sent, 42,7 records/sec (0,04 MB/sec), 23,4 ms avg latency, 642,0 ms max latency.
231 records sent, 46,1 records/sec (0,04 MB/sec), 21,7 ms avg latency, 643,0 ms max latency.
217 records sent, 41,9 records/sec (0,04 MB/sec), 23,9 ms avg latency, 623,0 ms max latency.
229 records sent, 45,8 records/sec (0,04 MB/sec), 21,8 ms avg latency, 626,0 ms max latency.
220 records sent, 43,6 records/sec (0,04 MB/sec), 22,9 ms avg latency, 1499,0 ms max latency.
205 records sent, 39,6 records/sec (0,04 MB/sec), 25,2 ms avg latency, 636,0 ms max latency.
267 records sent, 53,1 records/sec (0,05 MB/sec), 18,8 ms avg latency, 630,0 ms max latency.
177 records sent, 34,3 records/sec (0,03 MB/sec), 29,1 ms avg latency, 644,0 ms max latency.
249 records sent, 49,7 records/sec (0,05 MB/sec), 20,1 ms avg latency, 630,0 ms max latency.
185 records sent, 35,8 records/sec (0,03 MB/sec), 27,9 ms avg latency, 224,0 ms max latency.
207 records sent, 41,3 records/sec (0,04 MB/sec), 24,2 ms avg latency, 646,0 ms max latency.
177 records sent, 35,4 records/sec (0,03 MB/sec), 28,2 ms avg latency, 649,0 ms max latency.
177 records sent, 31,8 records/sec (0,03 MB/sec), 31,4 ms avg latency, 620,0 ms max latency.
130 records sent, 26,0 records/sec (0,02 MB/sec), 38,5 ms avg latency, 1723,0 ms max latency.
281 records sent, 55,6 records/sec (0,05 MB/sec), 18,0 ms avg latency, 209,0 ms max latency.
253 records sent, 50,4 records/sec (0,05 MB/sec), 19,8 ms avg latency, 209,0 ms max latency.
136 records sent, 22,4 records/sec (0,02 MB/sec), 44,6 ms avg latency, 1722,0 ms max latency.
209 records sent, 40,3 records/sec (0,04 MB/sec), 24,8 ms avg latency, 210,0 ms max latency.
179 records sent, 34,6 records/sec (0,03 MB/sec), 28,9 ms avg latency, 644,0 ms max latency.
200 records sent, 38,6 records/sec (0,04 MB/sec), 25,8 ms avg latency, 209,0 ms max latency.
195 records sent, 37,6 records/sec (0,04 MB/sec), 26,6 ms avg latency, 636,0 ms max latency.
189 records sent, 37,6 records/sec (0,04 MB/sec), 26,6 ms avg latency, 1718,0 ms max latency.
277 records sent, 54,5 records/sec (0,05 MB/sec), 18,3 ms avg latency, 649,0 ms max latency.
203 records sent, 39,3 records/sec (0,04 MB/sec), 25,4 ms avg latency, 209,0 ms max latency.
217 records sent, 43,4 records/sec (0,04 MB/sec), 23,0 ms avg latency, 645,0 ms max latency.
136 records sent, 26,5 records/sec (0,03 MB/sec), 37,8 ms avg latency, 637,0 ms max latency.
108 records sent, 19,9 records/sec (0,02 MB/sec), 50,3 ms avg latency, 1729,0 ms max latency.
178 records sent, 33,1 records/sec (0,03 MB/sec), 30,2 ms avg latency, 637,0 ms max latency.
204 records sent, 39,3 records/sec (0,04 MB/sec), 25,4 ms avg latency, 645,0 ms max latency.
158 records sent, 30,8 records/sec (0,03 MB/sec), 32,5 ms avg latency, 631,0 ms max latency.
195 records sent, 37,8 records/sec (0,04 MB/sec), 26,4 ms avg latency, 620,0 ms max latency.
207 records sent, 36,9 records/sec (0,04 MB/sec), 27,1 ms avg latency, 632,0 ms max latency.
251 records sent, 50,0 records/sec (0,05 MB/sec), 20,0 ms avg latency, 634,0 ms max latency.
268 records sent, 53,0 records/sec (0,05 MB/sec), 18,8 ms avg latency, 638,0 ms max latency.
209 records sent, 41,6 records/sec (0,04 MB/sec), 24,0 ms avg latency, 641,0 ms max latency.
152 records sent, 29,6 records/sec (0,03 MB/sec), 33,8 ms avg latency, 640,0 ms max latency.
102 records sent, 19,0 records/sec (0,02 MB/sec), 52,5 ms avg latency, 1523,0 ms max latency.
107 records sent, 20,7 records/sec (0,02 MB/sec), 48,3 ms avg latency, 1519,0 ms max latency.
222 records sent, 42,7 records/sec (0,04 MB/sec), 23,4 ms avg latency, 209,0 ms max latency.
315 records sent, 61,9 records/sec (0,06 MB/sec), 16,1 ms avg latency, 209,0 ms max latency.
170 records sent, 31,5 records/sec (0,03 MB/sec), 31,7 ms avg latency, 648,0 ms max latency.
187 records sent, 36,2 records/sec (0,03 MB/sec), 27,6 ms avg latency, 634,0 ms max latency.
188 records sent, 36,2 records/sec (0,03 MB/sec), 27,6 ms avg latency, 638,0 ms max latency.
151 records sent, 29,2 records/sec (0,03 MB/sec), 34,2 ms avg latency, 645,0 ms max latency.
265 records sent, 52,5 records/sec (0,05 MB/sec), 19,0 ms avg latency, 634,0 ms max latency.
222 records sent, 44,4 records/sec (0,04 MB/sec), 22,5 ms avg latency, 633,0 ms max latency.
256 records sent, 51,1 records/sec (0,05 MB/sec), 19,5 ms avg latency, 209,0 ms max latency.
186 records sent, 35,8 records/sec (0,03 MB/sec), 27,9 ms avg latency, 639,0 ms max latency.
184 records sent, 35,7 records/sec (0,03 MB/sec), 28,0 ms avg latency, 209,0 ms max latency.
140 records sent, 27,0 records/sec (0,03 MB/sec), 37,0 ms avg latency, 1506,0 ms max latency.
263 records sent, 52,2 records/sec (0,05 MB/sec), 19,1 ms avg latency, 632,0 ms max latency.
223 records sent, 44,5 records/sec (0,04 MB/sec), 22,4 ms avg latency, 635,0 ms max latency.
277 records sent, 54,7 records/sec (0,05 MB/sec), 18,3 ms avg latency, 632,0 ms max latency.
289 records sent, 54,4 records/sec (0,05 MB/sec), 18,4 ms avg latency, 646,0 ms max latency.
174 records sent, 33,6 records/sec (0,03 MB/sec), 29,8 ms avg latency, 644,0 ms max latency.
198 records sent, 38,2 records/sec (0,04 MB/sec), 26,2 ms avg latency, 635,0 ms max latency.
185 records sent, 35,9 records/sec (0,03 MB/sec), 27,9 ms avg latency, 619,0 ms max latency.
129 records sent, 24,9 records/sec (0,02 MB/sec), 40,2 ms avg latency, 1729,0 ms max latency.
270 records sent, 53,5 records/sec (0,05 MB/sec), 18,7 ms avg latency, 638,0 ms max latency.
139 records sent, 27,1 records/sec (0,03 MB/sec), 36,9 ms avg latency, 631,0 ms max latency.
257 records sent, 51,2 records/sec (0,05 MB/sec), 19,5 ms avg latency, 630,0 ms max latency.
171 records sent, 33,2 records/sec (0,03 MB/sec), 30,1 ms avg latency, 640,0 ms max latency.
111 records sent, 21,7 records/sec (0,02 MB/sec), 46,0 ms avg latency, 642,0 ms max latency.
324 records sent, 58,7 records/sec (0,06 MB/sec), 17,0 ms avg latency, 619,0 ms max latency.
261 records sent, 51,9 records/sec (0,05 MB/sec), 19,3 ms avg latency, 209,0 ms max latency.
127 records sent, 24,2 records/sec (0,02 MB/sec), 41,2 ms avg latency, 1524,0 ms max latency.
201 records sent, 38,7 records/sec (0,04 MB/sec), 25,8 ms avg latency, 644,0 ms max latency.
180 records sent, 35,0 records/sec (0,03 MB/sec), 28,6 ms avg latency, 619,0 ms max latency.
226 records sent, 45,1 records/sec (0,04 MB/sec), 22,2 ms avg latency, 646,0 ms max latency.
164 records sent, 31,6 records/sec (0,03 MB/sec), 31,6 ms avg latency, 645,0 ms max latency.
185 records sent, 35,7 records/sec (0,03 MB/sec), 28,0 ms avg latency, 653,0 ms max latency.
229 records sent, 41,8 records/sec (0,04 MB/sec), 23,9 ms avg latency, 644,0 ms max latency.
164 records sent, 31,8 records/sec (0,03 MB/sec), 31,4 ms avg latency, 641,0 ms max latency.
208 records sent, 41,5 records/sec (0,04 MB/sec), 24,1 ms avg latency, 639,0 ms max latency.
148 records sent, 29,0 records/sec (0,03 MB/sec), 34,5 ms avg latency, 624,0 ms max latency.
218 records sent, 35,6 records/sec (0,03 MB/sec), 28,1 ms avg latency, 1729,0 ms max latency.
236 records sent, 46,7 records/sec (0,04 MB/sec), 21,4 ms avg latency, 645,0 ms max latency.
183 records sent, 35,4 records/sec (0,03 MB/sec), 28,2 ms avg latency, 635,0 ms max latency.
230 records sent, 45,9 records/sec (0,04 MB/sec), 21,8 ms avg latency, 643,0 ms max latency.
199 records sent, 39,8 records/sec (0,04 MB/sec), 25,1 ms avg latency, 648,0 ms max latency.
124 records sent, 24,0 records/sec (0,02 MB/sec), 41,7 ms avg latency, 1511,0 ms max latency.
274 records sent, 54,4 records/sec (0,05 MB/sec), 18,4 ms avg latency, 624,0 ms max latency.
232 records sent, 46,3 records/sec (0,04 MB/sec), 21,6 ms avg latency, 634,0 ms max latency.
213 records sent, 42,6 records/sec (0,04 MB/sec), 23,5 ms avg latency, 636,0 ms max latency.
232 records sent, 45,8 records/sec (0,04 MB/sec), 21,8 ms avg latency, 1712,0 ms max latency.
153 records sent, 29,6 records/sec (0,03 MB/sec), 33,8 ms avg latency, 647,0 ms max latency.
295 records sent, 58,0 records/sec (0,06 MB/sec), 17,2 ms avg latency, 619,0 ms max latency.
186 records sent, 35,8 records/sec (0,03 MB/sec), 27,9 ms avg latency, 644,0 ms max latency.
214 records sent, 42,6 records/sec (0,04 MB/sec), 23,5 ms avg latency, 625,0 ms max latency.
208 records sent, 41,5 records/sec (0,04 MB/sec), 24,1 ms avg latency, 637,0 ms max latency.
151 records sent, 28,4 records/sec (0,03 MB/sec), 35,3 ms avg latency, 623,0 ms max latency.
173 records sent, 33,5 records/sec (0,03 MB/sec), 29,9 ms avg latency, 640,0 ms max latency.
209 records sent, 40,3 records/sec (0,04 MB/sec), 24,8 ms avg latency, 625,0 ms max latency.
208 records sent, 41,6 records/sec (0,04 MB/sec), 24,0 ms avg latency, 633,0 ms max latency.
243 records sent, 48,6 records/sec (0,05 MB/sec), 20,6 ms avg latency, 621,0 ms max latency.
195 records sent, 37,7 records/sec (0,04 MB/sec), 26,5 ms avg latency, 633,0 ms max latency.
203 records sent, 39,0 records/sec (0,04 MB/sec), 25,6 ms avg latency, 631,0 ms max latency.
226 records sent, 45,2 records/sec (0,04 MB/sec), 22,1 ms avg latency, 633,0 ms max latency.
123 records sent, 24,1 records/sec (0,02 MB/sec), 41,4 ms avg latency, 627,0 ms max latency.
183 records sent, 35,4 records/sec (0,03 MB/sec), 28,2 ms avg latency, 625,0 ms max latency.
203 records sent, 40,5 records/sec (0,04 MB/sec), 24,7 ms avg latency, 646,0 ms max latency.
228 records sent, 43,8 records/sec (0,04 MB/sec), 22,8 ms avg latency, 632,0 ms max latency.
200 records sent, 38,7 records/sec (0,04 MB/sec), 25,8 ms avg latency, 628,0 ms max latency.
164 records sent, 32,0 records/sec (0,03 MB/sec), 31,3 ms avg latency, 619,0 ms max latency.
234 records sent, 46,6 records/sec (0,04 MB/sec), 21,4 ms avg latency, 623,0 ms max latency.
175 records sent, 34,0 records/sec (0,03 MB/sec), 29,4 ms avg latency, 629,0 ms max latency.
164 records sent, 31,9 records/sec (0,03 MB/sec), 31,4 ms avg latency, 643,0 ms max latency.
183 records sent, 35,4 records/sec (0,03 MB/sec), 28,3 ms avg latency, 624,0 ms max latency.
205 records sent, 39,4 records/sec (0,04 MB/sec), 25,4 ms avg latency, 640,0 ms max latency.
211 records sent, 40,7 records/sec (0,04 MB/sec), 24,6 ms avg latency, 643,0 ms max latency.
101 records sent, 19,7 records/sec (0,02 MB/sec), 50,8 ms avg latency, 1514,0 ms max latency.
223 records sent, 39,7 records/sec (0,04 MB/sec), 25,2 ms avg latency, 647,0 ms max latency.
127 records sent, 24,6 records/sec (0,02 MB/sec), 40,7 ms avg latency, 1514,0 ms max latency.
218 records sent, 43,2 records/sec (0,04 MB/sec), 23,1 ms avg latency, 635,0 ms max latency.
233 records sent, 46,5 records/sec (0,04 MB/sec), 21,5 ms avg latency, 635,0 ms max latency.
144 records sent, 28,1 records/sec (0,03 MB/sec), 35,6 ms avg latency, 639,0 ms max latency.
171 records sent, 34,2 records/sec (0,03 MB/sec), 29,2 ms avg latency, 1717,0 ms max latency.
132 records sent, 25,7 records/sec (0,02 MB/sec), 38,8 ms avg latency, 649,0 ms max latency.
229 records sent, 45,8 records/sec (0,04 MB/sec), 21,8 ms avg latency, 209,0 ms max latency.
139 records sent, 27,1 records/sec (0,03 MB/sec), 36,8 ms avg latency, 643,0 ms max latency.
204 records sent, 36,1 records/sec (0,03 MB/sec), 27,7 ms avg latency, 1514,0 ms max latency.
170 records sent, 31,3 records/sec (0,03 MB/sec), 31,9 ms avg latency, 647,0 ms max latency.
161 records sent, 31,2 records/sec (0,03 MB/sec), 32,0 ms avg latency, 640,0 ms max latency.
209 records sent, 41,8 records/sec (0,04 MB/sec), 23,9 ms avg latency, 639,0 ms max latency.
329 records sent, 64,4 records/sec (0,06 MB/sec), 15,5 ms avg latency, 639,0 ms max latency.
211 records sent, 42,2 records/sec (0,04 MB/sec), 23,7 ms avg latency, 226,0 ms max latency.
181 records sent, 34,8 records/sec (0,03 MB/sec), 28,7 ms avg latency, 635,0 ms max latency.
251 records sent, 44,6 records/sec (0,04 MB/sec), 22,4 ms avg latency, 637,0 ms max latency.
195 records sent, 36,3 records/sec (0,03 MB/sec), 27,6 ms avg latency, 637,0 ms max latency.
133 records sent, 20,5 records/sec (0,02 MB/sec), 48,8 ms avg latency, 1732,0 ms max latency.
242 records sent, 38,4 records/sec (0,04 MB/sec), 26,0 ms avg latency, 1508,0 ms max latency.
262 records sent, 52,0 records/sec (0,05 MB/sec), 19,2 ms avg latency, 641,0 ms max latency.
247 records sent, 49,3 records/sec (0,05 MB/sec), 20,3 ms avg latency, 209,0 ms max latency.
206 records sent, 39,7 records/sec (0,04 MB/sec), 25,2 ms avg latency, 642,0 ms max latency.
136 records sent, 25,4 records/sec (0,02 MB/sec), 39,3 ms avg latency, 648,0 ms max latency.
204 records sent, 39,4 records/sec (0,04 MB/sec), 25,4 ms avg latency, 631,0 ms max latency.
233 records sent, 46,6 records/sec (0,04 MB/sec), 21,5 ms avg latency, 629,0 ms max latency.
225 records sent, 43,4 records/sec (0,04 MB/sec), 23,1 ms avg latency, 209,0 ms max latency.
228 records sent, 45,5 records/sec (0,04 MB/sec), 22,0 ms avg latency, 648,0 ms max latency.
239 records sent, 47,7 records/sec (0,05 MB/sec), 20,9 ms avg latency, 209,0 ms max latency.
161 records sent, 32,2 records/sec (0,03 MB/sec), 31,1 ms avg latency, 1514,0 ms max latency.
250 records sent, 49,8 records/sec (0,05 MB/sec), 20,1 ms avg latency, 209,0 ms max latency.
187 records sent, 36,2 records/sec (0,03 MB/sec), 27,7 ms avg latency, 644,0 ms max latency.
197 records sent, 39,4 records/sec (0,04 MB/sec), 25,4 ms avg latency, 644,0 ms max latency.
147 records sent, 28,5 records/sec (0,03 MB/sec), 35,0 ms avg latency, 639,0 ms max latency.
191 records sent, 38,2 records/sec (0,04 MB/sec), 26,2 ms avg latency, 641,0 ms max latency.
171 records sent, 33,2 records/sec (0,03 MB/sec), 30,1 ms avg latency, 636,0 ms max latency.
219 records sent, 43,8 records/sec (0,04 MB/sec), 22,8 ms avg latency, 639,0 ms max latency.
212 records sent, 42,3 records/sec (0,04 MB/sec), 23,6 ms avg latency, 645,0 ms max latency.
204 records sent, 39,4 records/sec (0,04 MB/sec), 25,4 ms avg latency, 622,0 ms max latency.
156 records sent, 30,1 records/sec (0,03 MB/sec), 33,2 ms avg latency, 1498,0 ms max latency.
202 records sent, 38,8 records/sec (0,04 MB/sec), 25,8 ms avg latency, 645,0 ms max latency.
169 records sent, 32,8 records/sec (0,03 MB/sec), 30,5 ms avg latency, 643,0 ms max latency.
185 records sent, 35,9 records/sec (0,03 MB/sec), 27,8 ms avg latency, 209,0 ms max latency.
183 records sent, 35,4 records/sec (0,03 MB/sec), 28,3 ms avg latency, 635,0 ms max latency.
171 records sent, 33,1 records/sec (0,03 MB/sec), 30,2 ms avg latency, 235,0 ms max latency.
221 records sent, 42,5 records/sec (0,04 MB/sec), 23,5 ms avg latency, 623,0 ms max latency.
104 records sent, 20,2 records/sec (0,02 MB/sec), 49,5 ms avg latency, 1503,0 ms max latency.
97 records sent, 19,0 records/sec (0,02 MB/sec), 52,5 ms avg latency, 640,0 ms max latency.
206 records sent, 40,9 records/sec (0,04 MB/sec), 24,4 ms avg latency, 1511,0 ms max latency.
142 records sent, 27,5 records/sec (0,03 MB/sec), 36,3 ms avg latency, 640,0 ms max latency.
190 records sent, 36,8 records/sec (0,04 MB/sec), 27,1 ms avg latency, 622,0 ms max latency.
178 records sent, 34,3 records/sec (0,03 MB/sec), 29,2 ms avg latency, 649,0 ms max latency.
182 records sent, 27,3 records/sec (0,03 MB/sec), 36,7 ms avg latency, 1730,0 ms max latency.
130 records sent, 25,3 records/sec (0,02 MB/sec), 39,6 ms avg latency, 647,0 ms max latency.
201 records sent, 38,7 records/sec (0,04 MB/sec), 25,8 ms avg latency, 645,0 ms max latency.
194 records sent, 38,1 records/sec (0,04 MB/sec), 26,2 ms avg latency, 1531,0 ms max latency.
109 records sent, 20,5 records/sec (0,02 MB/sec), 48,8 ms avg latency, 649,0 ms max latency.
229 records sent, 45,8 records/sec (0,04 MB/sec), 21,8 ms avg latency, 641,0 ms max latency.
189 records sent, 35,0 records/sec (0,03 MB/sec), 28,5 ms avg latency, 649,0 ms max latency.
274 records sent, 54,1 records/sec (0,05 MB/sec), 18,5 ms avg latency, 640,0 ms max latency.
178 records sent, 31,7 records/sec (0,03 MB/sec), 31,6 ms avg latency, 647,0 ms max latency.
187 records sent, 36,1 records/sec (0,03 MB/sec), 27,7 ms avg latency, 641,0 ms max latency.
252 records sent, 50,1 records/sec (0,05 MB/sec), 20,0 ms avg latency, 631,0 ms max latency.
187 records sent, 37,4 records/sec (0,04 MB/sec), 26,7 ms avg latency, 648,0 ms max latency.
204 records sent, 36,3 records/sec (0,03 MB/sec), 27,5 ms avg latency, 641,0 ms max latency.
165 records sent, 25,5 records/sec (0,02 MB/sec), 39,1 ms avg latency, 1513,0 ms max latency.
255 records sent, 50,5 records/sec (0,05 MB/sec), 19,8 ms avg latency, 640,0 ms max latency.
195 records sent, 37,7 records/sec (0,04 MB/sec), 26,5 ms avg latency, 627,0 ms max latency.
217 records sent, 39,9 records/sec (0,04 MB/sec), 25,0 ms avg latency, 646,0 ms max latency.
193 records sent, 37,1 records/sec (0,04 MB/sec), 26,9 ms avg latency, 639,0 ms max latency.
150 records sent, 28,9 records/sec (0,03 MB/sec), 34,6 ms avg latency, 645,0 ms max latency.
214 records sent, 42,6 records/sec (0,04 MB/sec), 23,4 ms avg latency, 628,0 ms max latency.
150 records sent, 29,3 records/sec (0,03 MB/sec), 34,1 ms avg latency, 209,0 ms max latency.
208 records sent, 37,0 records/sec (0,04 MB/sec), 27,0 ms avg latency, 645,0 ms max latency.
235 records sent, 46,8 records/sec (0,04 MB/sec), 21,4 ms avg latency, 642,0 ms max latency.
168 records sent, 26,0 records/sec (0,02 MB/sec), 38,4 ms avg latency, 1534,0 ms max latency.
177 records sent, 34,1 records/sec (0,03 MB/sec), 29,3 ms avg latency, 639,0 ms max latency.
288 records sent, 56,7 records/sec (0,05 MB/sec), 17,6 ms avg latency, 630,0 ms max latency.
171 records sent, 30,6 records/sec (0,03 MB/sec), 32,6 ms avg latency, 635,0 ms max latency.
224 records sent, 43,0 records/sec (0,04 MB/sec), 23,2 ms avg latency, 641,0 ms max latency.
194 records sent, 37,4 records/sec (0,04 MB/sec), 26,7 ms avg latency, 648,0 ms max latency.
186 records sent, 35,9 records/sec (0,03 MB/sec), 27,8 ms avg latency, 621,0 ms max latency.
132 records sent, 25,3 records/sec (0,02 MB/sec), 39,6 ms avg latency, 1717,0 ms max latency.
169 records sent, 33,8 records/sec (0,03 MB/sec), 29,6 ms avg latency, 1496,0 ms max latency.
249 records sent, 49,2 records/sec (0,05 MB/sec), 20,3 ms avg latency, 624,0 ms max latency.
155 records sent, 30,1 records/sec (0,03 MB/sec), 33,2 ms avg latency, 631,0 ms max latency.
157 records sent, 31,2 records/sec (0,03 MB/sec), 32,1 ms avg latency, 1534,0 ms max latency.
215 records sent, 41,4 records/sec (0,04 MB/sec), 24,1 ms avg latency, 630,0 ms max latency.
248 records sent, 49,1 records/sec (0,05 MB/sec), 20,3 ms avg latency, 647,0 ms max latency.
169 records sent, 32,9 records/sec (0,03 MB/sec), 30,4 ms avg latency, 209,0 ms max latency.
175 records sent, 33,7 records/sec (0,03 MB/sec), 29,7 ms avg latency, 645,0 ms max latency.
142 records sent, 27,7 records/sec (0,03 MB/sec), 36,1 ms avg latency, 637,0 ms max latency.
236 records sent, 43,3 records/sec (0,04 MB/sec), 23,1 ms avg latency, 645,0 ms max latency.
167 records sent, 28,5 records/sec (0,03 MB/sec), 35,0 ms avg latency, 1518,0 ms max latency.
119 records sent, 23,3 records/sec (0,02 MB/sec), 42,9 ms avg latency, 632,0 ms max latency.
125 records sent, 24,0 records/sec (0,02 MB/sec), 41,6 ms avg latency, 647,0 ms max latency.
241 records sent, 47,7 records/sec (0,05 MB/sec), 20,9 ms avg latency, 644,0 ms max latency.
229 records sent, 45,8 records/sec (0,04 MB/sec), 21,8 ms avg latency, 209,0 ms max latency.
181 records sent, 34,8 records/sec (0,03 MB/sec), 28,8 ms avg latency, 623,0 ms max latency.
176 records sent, 34,1 records/sec (0,03 MB/sec), 29,3 ms avg latency, 643,0 ms max latency.
170 records sent, 32,8 records/sec (0,03 MB/sec), 30,5 ms avg latency, 648,0 ms max latency.
211 records sent, 42,2 records/sec (0,04 MB/sec), 23,7 ms avg latency, 640,0 ms max latency.
248 records sent, 39,3 records/sec (0,04 MB/sec), 25,5 ms avg latency, 1929,0 ms max latency.
176 records sent, 33,8 records/sec (0,03 MB/sec), 29,6 ms avg latency, 644,0 ms max latency.
267 records sent, 52,9 records/sec (0,05 MB/sec), 18,9 ms avg latency, 209,0 ms max latency.
205 records sent, 41,0 records/sec (0,04 MB/sec), 24,4 ms avg latency, 644,0 ms max latency.
133 records sent, 25,6 records/sec (0,02 MB/sec), 39,0 ms avg latency, 1508,0 ms max latency.
163 records sent, 31,7 records/sec (0,03 MB/sec), 31,5 ms avg latency, 209,0 ms max latency.
164 records sent, 32,8 records/sec (0,03 MB/sec), 30,5 ms avg latency, 646,0 ms max latency.
181 records sent, 34,8 records/sec (0,03 MB/sec), 28,7 ms avg latency, 642,0 ms max latency.
148 records sent, 28,8 records/sec (0,03 MB/sec), 34,7 ms avg latency, 639,0 ms max latency.
169 records sent, 32,5 records/sec (0,03 MB/sec), 30,8 ms avg latency, 652,0 ms max latency.
245 records sent, 49,0 records/sec (0,05 MB/sec), 20,4 ms avg latency, 623,0 ms max latency.
225 records sent, 43,3 records/sec (0,04 MB/sec), 23,1 ms avg latency, 634,0 ms max latency.
245 records sent, 44,7 records/sec (0,04 MB/sec), 22,4 ms avg latency, 644,0 ms max latency.
141 records sent, 27,5 records/sec (0,03 MB/sec), 36,3 ms avg latency, 640,0 ms max latency.
134 records sent, 26,2 records/sec (0,02 MB/sec), 38,2 ms avg latency, 627,0 ms max latency.
230 records sent, 45,8 records/sec (0,04 MB/sec), 21,8 ms avg latency, 647,0 ms max latency.
184 records sent, 35,4 records/sec (0,03 MB/sec), 28,2 ms avg latency, 647,0 ms max latency.
233 records sent, 46,4 records/sec (0,04 MB/sec), 21,5 ms avg latency, 625,0 ms max latency.
127 records sent, 24,9 records/sec (0,02 MB/sec), 40,2 ms avg latency, 626,0 ms max latency.
242 records sent, 44,5 records/sec (0,04 MB/sec), 22,5 ms avg latency, 648,0 ms max latency.
271 records sent, 53,9 records/sec (0,05 MB/sec), 18,6 ms avg latency, 621,0 ms max latency.
168 records sent, 32,6 records/sec (0,03 MB/sec), 30,6 ms avg latency, 636,0 ms max latency.
193 records sent, 34,5 records/sec (0,03 MB/sec), 29,0 ms avg latency, 636,0 ms max latency.
203 records sent, 40,5 records/sec (0,04 MB/sec), 24,7 ms avg latency, 635,0 ms max latency.
197 records sent, 37,9 records/sec (0,04 MB/sec), 26,3 ms avg latency, 642,0 ms max latency.
184 records sent, 35,0 records/sec (0,03 MB/sec), 28,5 ms avg latency, 1519,0 ms max latency.
274 records sent, 54,5 records/sec (0,05 MB/sec), 18,3 ms avg latency, 209,0 ms max latency.
222 records sent, 39,5 records/sec (0,04 MB/sec), 25,3 ms avg latency, 646,0 ms max latency.
83 records sent, 16,2 records/sec (0,02 MB/sec), 61,8 ms avg latency, 1725,0 ms max latency.
169 records sent, 32,7 records/sec (0,03 MB/sec), 30,6 ms avg latency, 630,0 ms max latency.
246 records sent, 49,0 records/sec (0,05 MB/sec), 20,4 ms avg latency, 620,0 ms max latency.
212 records sent, 42,2 records/sec (0,04 MB/sec), 23,7 ms avg latency, 648,0 ms max latency.
195 records sent, 36,2 records/sec (0,03 MB/sec), 27,7 ms avg latency, 640,0 ms max latency.
172 records sent, 33,2 records/sec (0,03 MB/sec), 30,1 ms avg latency, 643,0 ms max latency.
293 records sent, 57,5 records/sec (0,05 MB/sec), 17,4 ms avg latency, 647,0 ms max latency.
114 records sent, 22,0 records/sec (0,02 MB/sec), 45,3 ms avg latency, 1719,0 ms max latency.
124 records sent, 24,0 records/sec (0,02 MB/sec), 41,7 ms avg latency, 1712,0 ms max latency.
166 records sent, 32,2 records/sec (0,03 MB/sec), 31,0 ms avg latency, 632,0 ms max latency.
151 records sent, 29,4 records/sec (0,03 MB/sec), 34,0 ms avg latency, 639,0 ms max latency.
193 records sent, 38,6 records/sec (0,04 MB/sec), 25,9 ms avg latency, 642,0 ms max latency.
265 records sent, 52,4 records/sec (0,05 MB/sec), 19,1 ms avg latency, 213,0 ms max latency.
187 records sent, 36,1 records/sec (0,03 MB/sec), 27,7 ms avg latency, 638,0 ms max latency.
125 records sent, 24,3 records/sec (0,02 MB/sec), 41,2 ms avg latency, 647,0 ms max latency.
241 records sent, 47,9 records/sec (0,05 MB/sec), 20,9 ms avg latency, 638,0 ms max latency.
247 records sent, 49,2 records/sec (0,05 MB/sec), 20,3 ms avg latency, 620,0 ms max latency.
194 records sent, 34,4 records/sec (0,03 MB/sec), 29,0 ms avg latency, 635,0 ms max latency.
242 records sent, 46,4 records/sec (0,04 MB/sec), 21,5 ms avg latency, 625,0 ms max latency.
157 records sent, 30,3 records/sec (0,03 MB/sec), 33,0 ms avg latency, 1508,0 ms max latency.
166 records sent, 32,2 records/sec (0,03 MB/sec), 31,1 ms avg latency, 644,0 ms max latency.
150 records sent, 29,0 records/sec (0,03 MB/sec), 34,5 ms avg latency, 1515,0 ms max latency.
216 records sent, 41,5 records/sec (0,04 MB/sec), 24,1 ms avg latency, 630,0 ms max latency.
211 records sent, 42,2 records/sec (0,04 MB/sec), 23,7 ms avg latency, 637,0 ms max latency.
150 records sent, 27,2 records/sec (0,03 MB/sec), 36,8 ms avg latency, 629,0 ms max latency.
249 records sent, 49,8 records/sec (0,05 MB/sec), 20,1 ms avg latency, 624,0 ms max latency.
185 records sent, 36,0 records/sec (0,03 MB/sec), 27,8 ms avg latency, 209,0 ms max latency.
191 records sent, 34,1 records/sec (0,03 MB/sec), 29,3 ms avg latency, 646,0 ms max latency.
142 records sent, 27,8 records/sec (0,03 MB/sec), 36,0 ms avg latency, 637,0 ms max latency.
262 records sent, 48,1 records/sec (0,05 MB/sec), 20,8 ms avg latency, 629,0 ms max latency.
151 records sent, 29,2 records/sec (0,03 MB/sec), 34,2 ms avg latency, 1713,0 ms max latency.
134 records sent, 26,2 records/sec (0,03 MB/sec), 38,1 ms avg latency, 637,0 ms max latency.
234 records sent, 46,8 records/sec (0,04 MB/sec), 21,4 ms avg latency, 638,0 ms max latency.
205 records sent, 41,0 records/sec (0,04 MB/sec), 24,4 ms avg latency, 647,0 ms max latency.
223 records sent, 39,5 records/sec (0,04 MB/sec), 25,3 ms avg latency, 642,0 ms max latency.
214 records sent, 41,3 records/sec (0,04 MB/sec), 24,2 ms avg latency, 633,0 ms max latency.
145 records sent, 28,0 records/sec (0,03 MB/sec), 35,6 ms avg latency, 638,0 ms max latency.
209 records sent, 40,3 records/sec (0,04 MB/sec), 24,8 ms avg latency, 632,0 ms max latency.
173 records sent, 33,6 records/sec (0,03 MB/sec), 29,7 ms avg latency, 638,0 ms max latency.
184 records sent, 35,2 records/sec (0,03 MB/sec), 28,4 ms avg latency, 648,0 ms max latency.
233 records sent, 46,5 records/sec (0,04 MB/sec), 21,5 ms avg latency, 635,0 ms max latency.
161 records sent, 31,4 records/sec (0,03 MB/sec), 31,8 ms avg latency, 628,0 ms max latency.
133 records sent, 25,7 records/sec (0,02 MB/sec), 39,0 ms avg latency, 1513,0 ms max latency.
274 records sent, 54,6 records/sec (0,05 MB/sec), 18,3 ms avg latency, 626,0 ms max latency.
203 records sent, 39,2 records/sec (0,04 MB/sec), 25,5 ms avg latency, 209,0 ms max latency.
154 records sent, 28,9 records/sec (0,03 MB/sec), 34,6 ms avg latency, 631,0 ms max latency.
252 records sent, 50,3 records/sec (0,05 MB/sec), 19,9 ms avg latency, 211,0 ms max latency.
230 records sent, 44,2 records/sec (0,04 MB/sec), 22,6 ms avg latency, 639,0 ms max latency.
156 records sent, 30,3 records/sec (0,03 MB/sec), 32,9 ms avg latency, 643,0 ms max latency.
118 records sent, 21,2 records/sec (0,02 MB/sec), 47,1 ms avg latency, 1714,0 ms max latency.
169 records sent, 32,5 records/sec (0,03 MB/sec), 30,8 ms avg latency, 643,0 ms max latency.
226 records sent, 45,0 records/sec (0,04 MB/sec), 22,2 ms avg latency, 646,0 ms max latency.
164 records sent, 25,3 records/sec (0,02 MB/sec), 39,5 ms avg latency, 1737,0 ms max latency.
213 records sent, 41,0 records/sec (0,04 MB/sec), 24,4 ms avg latency, 625,0 ms max latency.
178 records sent, 34,7 records/sec (0,03 MB/sec), 28,9 ms avg latency, 619,0 ms max latency.
198 records sent, 36,3 records/sec (0,03 MB/sec), 27,5 ms avg latency, 646,0 ms max latency.
211 records sent, 35,7 records/sec (0,03 MB/sec), 28,0 ms avg latency, 1523,0 ms max latency.
168 records sent, 32,6 records/sec (0,03 MB/sec), 30,7 ms avg latency, 647,0 ms max latency.
179 records sent, 33,2 records/sec (0,03 MB/sec), 30,1 ms avg latency, 642,0 ms max latency.
240 records sent, 37,7 records/sec (0,04 MB/sec), 26,5 ms avg latency, 1529,0 ms max latency.
222 records sent, 44,3 records/sec (0,04 MB/sec), 22,5 ms avg latency, 645,0 ms max latency.
223 records sent, 44,3 records/sec (0,04 MB/sec), 22,6 ms avg latency, 647,0 ms max latency.
215 records sent, 41,4 records/sec (0,04 MB/sec), 24,1 ms avg latency, 623,0 ms max latency.
154 records sent, 28,4 records/sec (0,03 MB/sec), 35,2 ms avg latency, 648,0 ms max latency.
152 records sent, 29,5 records/sec (0,03 MB/sec), 33,9 ms avg latency, 636,0 ms max latency.
162 records sent, 31,4 records/sec (0,03 MB/sec), 31,9 ms avg latency, 641,0 ms max latency.
189 records sent, 36,5 records/sec (0,03 MB/sec), 27,4 ms avg latency, 638,0 ms max latency.
239 records sent, 44,1 records/sec (0,04 MB/sec), 22,7 ms avg latency, 627,0 ms max latency.
166 records sent, 32,2 records/sec (0,03 MB/sec), 31,0 ms avg latency, 634,0 ms max latency.
210 records sent, 42,0 records/sec (0,04 MB/sec), 23,8 ms avg latency, 649,0 ms max latency.
208 records sent, 39,9 records/sec (0,04 MB/sec), 25,0 ms avg latency, 641,0 ms max latency.
171 records sent, 33,3 records/sec (0,03 MB/sec), 30,0 ms avg latency, 209,0 ms max latency.
248 records sent, 49,5 records/sec (0,05 MB/sec), 20,2 ms avg latency, 621,0 ms max latency.
204 records sent, 39,3 records/sec (0,04 MB/sec), 25,4 ms avg latency, 633,0 ms max latency.
298 records sent, 58,3 records/sec (0,06 MB/sec), 17,1 ms avg latency, 639,0 ms max latency.
159 records sent, 30,8 records/sec (0,03 MB/sec), 32,5 ms avg latency, 648,0 ms max latency.
170 records sent, 33,0 records/sec (0,03 MB/sec), 30,3 ms avg latency, 640,0 ms max latency.
80000 records sent, 37,583388 records/sec (0,04 MB/sec), 26,59 ms avg latency, 1929,00 ms max latency, 1 ms 50th, 208 ms 95th, 212 ms 99th, 649 ms 99.9th.

Metric Name                                                                          Value
app-info:commit-id:{client-id=producer-1}                                          : d12590634290dbc4
app-info:start-time-ms:{client-id=producer-1}                                      : 1593235412555
app-info:version:{client-id=producer-1}                                            : 2.3.1
kafka-metrics-count:count:{client-id=producer-1}                                   : 126,000
producer-metrics:batch-size-avg:{client-id=producer-1}                             : 1075,000
producer-metrics:batch-size-max:{client-id=producer-1}                             : 1075,000
producer-metrics:batch-split-rate:{client-id=producer-1}                           : 0,000
producer-metrics:batch-split-total:{client-id=producer-1}                          : 0,000
producer-metrics:buffer-available-bytes:{client-id=producer-1}                     : 33554432,000
producer-metrics:buffer-exhausted-rate:{client-id=producer-1}                      : 0,000
producer-metrics:buffer-exhausted-total:{client-id=producer-1}                     : 0,000
producer-metrics:buffer-total-bytes:{client-id=producer-1}                         : 33554432,000
producer-metrics:bufferpool-wait-ratio:{client-id=producer-1}                      : 0,000
producer-metrics:bufferpool-wait-time-total:{client-id=producer-1}                 : 0,000
producer-metrics:compression-rate-avg:{client-id=producer-1}                       : 1,000
producer-metrics:connection-close-rate:{client-id=producer-1}                      : 0,000
producer-metrics:connection-close-total:{client-id=producer-1}                     : 65,000
producer-metrics:connection-count:{client-id=producer-1}                           : 3,000
producer-metrics:connection-creation-rate:{client-id=producer-1}                   : 0,000
producer-metrics:connection-creation-total:{client-id=producer-1}                  : 68,000
producer-metrics:failed-authentication-rate:{client-id=producer-1}                 : 0,000
producer-metrics:failed-authentication-total:{client-id=producer-1}                : 0,000
producer-metrics:failed-reauthentication-rate:{client-id=producer-1}               : 0,000
producer-metrics:failed-reauthentication-total:{client-id=producer-1}              : 0,000
producer-metrics:incoming-byte-rate:{client-id=producer-1}                         : 2544,897
producer-metrics:incoming-byte-total:{client-id=producer-1}                        : 4998802,000
producer-metrics:io-ratio:{client-id=producer-1}                                   : 0,002
producer-metrics:io-time-ns-avg:{client-id=producer-1}                             : 12499,971
producer-metrics:io-wait-ratio:{client-id=producer-1}                              : 1,000
producer-metrics:io-wait-time-ns-avg:{client-id=producer-1}                        : 8122532,729
producer-metrics:io-waittime-total:{client-id=producer-1}                          : 2119115383087,000
producer-metrics:iotime-total:{client-id=producer-1}                               : 3342076575,000
producer-metrics:metadata-age:{client-id=producer-1}                               : 91,283
producer-metrics:network-io-rate:{client-id=producer-1}                            : 82,070
producer-metrics:network-io-total:{client-id=producer-1}                           : 160332,000
producer-metrics:outgoing-byte-rate:{client-id=producer-1}                         : 46976,658
producer-metrics:outgoing-byte-total:{client-id=producer-1}                        : 91666632,000
producer-metrics:produce-throttle-time-avg:{client-id=producer-1}                  : 0,000
producer-metrics:produce-throttle-time-max:{client-id=producer-1}                  : 0,000
producer-metrics:reauthentication-latency-avg:{client-id=producer-1}               : NaN
producer-metrics:reauthentication-latency-max:{client-id=producer-1}               : NaN
producer-metrics:record-error-rate:{client-id=producer-1}                          : 0,000
producer-metrics:record-error-total:{client-id=producer-1}                         : 0,000
producer-metrics:record-queue-time-avg:{client-id=producer-1}                      : 0,015
producer-metrics:record-queue-time-max:{client-id=producer-1}                      : 1,000
producer-metrics:record-retry-rate:{client-id=producer-1}                          : 0,000
producer-metrics:record-retry-total:{client-id=producer-1}                         : 64,000
producer-metrics:record-send-rate:{client-id=producer-1}                           : 41,026
producer-metrics:record-send-total:{client-id=producer-1}                          : 80064,000
producer-metrics:record-size-avg:{client-id=producer-1}                            : 1091,000
producer-metrics:record-size-max:{client-id=producer-1}                            : 1091,000
producer-metrics:records-per-request-avg:{client-id=producer-1}                    : 1,000
producer-metrics:request-latency-avg:{client-id=producer-1}                        : 24,418
producer-metrics:request-latency-max:{client-id=producer-1}                        : 649,000
producer-metrics:request-rate:{client-id=producer-1}                               : 41,025
producer-metrics:request-size-avg:{client-id=producer-1}                           : 1145,000
producer-metrics:request-size-max:{client-id=producer-1}                           : 1145,000
producer-metrics:request-total:{client-id=producer-1}                              : 80198,000
producer-metrics:requests-in-flight:{client-id=producer-1}                         : 0,000
producer-metrics:response-rate:{client-id=producer-1}                              : 41,047
producer-metrics:response-total:{client-id=producer-1}                             : 80134,000
producer-metrics:select-rate:{client-id=producer-1}                                : 123,078
producer-metrics:select-total:{client-id=producer-1}                               : 240306,000
producer-metrics:successful-authentication-no-reauth-total:{client-id=producer-1}  : 0,000
producer-metrics:successful-authentication-rate:{client-id=producer-1}             : 0,000
producer-metrics:successful-authentication-total:{client-id=producer-1}            : 0,000
producer-metrics:successful-reauthentication-rate:{client-id=producer-1}           : 0,000
producer-metrics:successful-reauthentication-total:{client-id=producer-1}          : 0,000
producer-metrics:waiting-threads:{client-id=producer-1}                            : 0,000
producer-node-metrics:incoming-byte-rate:{client-id=producer-1, node-id=node--2}   : 0,000
producer-node-metrics:incoming-byte-rate:{client-id=producer-1, node-id=node-1}    : 850,110
producer-node-metrics:incoming-byte-rate:{client-id=producer-1, node-id=node-3}    : 840,349
producer-node-metrics:incoming-byte-rate:{client-id=producer-1, node-id=node-6}    : 857,143
producer-node-metrics:incoming-byte-total:{client-id=producer-1, node-id=node--2}  : 579,000
producer-node-metrics:incoming-byte-total:{client-id=producer-1, node-id=node-1}   : 1659481,000
producer-node-metrics:incoming-byte-total:{client-id=producer-1, node-id=node-3}   : 1665808,000
producer-node-metrics:incoming-byte-total:{client-id=producer-1, node-id=node-6}   : 1672934,000
producer-node-metrics:outgoing-byte-rate:{client-id=producer-1, node-id=node--2}   : 0,000
producer-node-metrics:outgoing-byte-rate:{client-id=producer-1, node-id=node-1}    : 15803,677
producer-node-metrics:outgoing-byte-rate:{client-id=producer-1, node-id=node-3}    : 15546,092
producer-node-metrics:outgoing-byte-rate:{client-id=producer-1, node-id=node-6}    : 15572,127
producer-node-metrics:outgoing-byte-total:{client-id=producer-1, node-id=node--2}  : 67,000
producer-node-metrics:outgoing-byte-total:{client-id=producer-1, node-id=node-1}   : 30421724,000
producer-node-metrics:outgoing-byte-total:{client-id=producer-1, node-id=node-3}   : 30581612,000
producer-node-metrics:outgoing-byte-total:{client-id=producer-1, node-id=node-6}   : 30663229,000
producer-node-metrics:request-latency-avg:{client-id=producer-1, node-id=node--2}  : NaN
producer-node-metrics:request-latency-avg:{client-id=producer-1, node-id=node-1}   : 27,827
producer-node-metrics:request-latency-avg:{client-id=producer-1, node-id=node-3}   : 25,859
producer-node-metrics:request-latency-avg:{client-id=producer-1, node-id=node-6}   : 20,506
producer-node-metrics:request-latency-max:{client-id=producer-1, node-id=node--2}  : NaN
producer-node-metrics:request-latency-max:{client-id=producer-1, node-id=node-1}   : 649,000
producer-node-metrics:request-latency-max:{client-id=producer-1, node-id=node-3}   : 640,000
producer-node-metrics:request-latency-max:{client-id=producer-1, node-id=node-6}   : 641,000
producer-node-metrics:request-rate:{client-id=producer-1, node-id=node--2}         : 0,000
producer-node-metrics:request-rate:{client-id=producer-1, node-id=node-1}          : 13,802
producer-node-metrics:request-rate:{client-id=producer-1, node-id=node-3}          : 13,577
producer-node-metrics:request-rate:{client-id=producer-1, node-id=node-6}          : 13,599
producer-node-metrics:request-size-avg:{client-id=producer-1, node-id=node--2}     : NaN
producer-node-metrics:request-size-avg:{client-id=producer-1, node-id=node-1}      : 1145,000
producer-node-metrics:request-size-avg:{client-id=producer-1, node-id=node-3}      : 1145,000
producer-node-metrics:request-size-avg:{client-id=producer-1, node-id=node-6}      : 1145,000
producer-node-metrics:request-size-max:{client-id=producer-1, node-id=node--2}     : NaN
producer-node-metrics:request-size-max:{client-id=producer-1, node-id=node-1}      : 1145,000
producer-node-metrics:request-size-max:{client-id=producer-1, node-id=node-3}      : 1145,000
producer-node-metrics:request-size-max:{client-id=producer-1, node-id=node-6}      : 1145,000
producer-node-metrics:request-total:{client-id=producer-1, node-id=node--2}        : 2,000
producer-node-metrics:request-total:{client-id=producer-1, node-id=node-1}         : 26618,000
producer-node-metrics:request-total:{client-id=producer-1, node-id=node-3}         : 26749,000
producer-node-metrics:request-total:{client-id=producer-1, node-id=node-6}         : 26829,000
producer-node-metrics:response-rate:{client-id=producer-1, node-id=node--2}        : 0,000
producer-node-metrics:response-rate:{client-id=producer-1, node-id=node-1}         : 13,711
producer-node-metrics:response-rate:{client-id=producer-1, node-id=node-3}         : 13,554
producer-node-metrics:response-rate:{client-id=producer-1, node-id=node-6}         : 13,825
producer-node-metrics:response-total:{client-id=producer-1, node-id=node--2}       : 2,000
producer-node-metrics:response-total:{client-id=producer-1, node-id=node-1}        : 26593,000
producer-node-metrics:response-total:{client-id=producer-1, node-id=node-3}        : 26728,000
producer-node-metrics:response-total:{client-id=producer-1, node-id=node-6}        : 26811,000
producer-topic-metrics:byte-rate:{client-id=producer-1, topic=test-topic}          : 44102,804
producer-topic-metrics:byte-total:{client-id=producer-1, topic=test-topic}         : 86057682,000
producer-topic-metrics:compression-rate:{client-id=producer-1, topic=test-topic}   : 1,000
producer-topic-metrics:record-error-rate:{client-id=producer-1, topic=test-topic}  : 0,000
producer-topic-metrics:record-error-total:{client-id=producer-1, topic=test-topic} : 0,000
producer-topic-metrics:record-retry-rate:{client-id=producer-1, topic=test-topic}  : 0,000
producer-topic-metrics:record-retry-total:{client-id=producer-1, topic=test-topic} : 64,000
producer-topic-metrics:record-send-rate:{client-id=producer-1, topic=test-topic}   : 41,026
producer-topic-metrics:record-send-total:{client-id=producer-1, topic=test-topic}  : 80064,000
Produce Time: 2128.599
Aplication time: 2129.277
*****Produo finalizada, esperando 180 s para buscar WM*****
Water mark: 1040000
