Topic to send: test-topic
Topic to acks: 1
Records: 80000
Size:1000
183 records sent, 35,3 records/sec (0,03 MB/sec), 28,2 ms avg latency, 632,0 ms max latency.
177 records sent, 35,0 records/sec (0,03 MB/sec), 28,5 ms avg latency, 632,0 ms max latency.
158 records sent, 26,5 records/sec (0,03 MB/sec), 37,7 ms avg latency, 1525,0 ms max latency.
274 records sent, 52,9 records/sec (0,05 MB/sec), 18,9 ms avg latency, 634,0 ms max latency.
116 records sent, 22,3 records/sec (0,02 MB/sec), 44,8 ms avg latency, 1518,0 ms max latency.
228 records sent, 45,1 records/sec (0,04 MB/sec), 22,2 ms avg latency, 209,0 ms max latency.
154 records sent, 29,5 records/sec (0,03 MB/sec), 33,9 ms avg latency, 647,0 ms max latency.
207 records sent, 37,8 records/sec (0,04 MB/sec), 26,4 ms avg latency, 639,0 ms max latency.
256 records sent, 50,2 records/sec (0,05 MB/sec), 19,9 ms avg latency, 641,0 ms max latency.
140 records sent, 27,1 records/sec (0,03 MB/sec), 36,9 ms avg latency, 643,0 ms max latency.
125 records sent, 24,4 records/sec (0,02 MB/sec), 41,0 ms avg latency, 629,0 ms max latency.
209 records sent, 40,0 records/sec (0,04 MB/sec), 25,0 ms avg latency, 620,0 ms max latency.
126 records sent, 24,5 records/sec (0,02 MB/sec), 40,7 ms avg latency, 636,0 ms max latency.
170 records sent, 33,7 records/sec (0,03 MB/sec), 29,7 ms avg latency, 1511,0 ms max latency.
145 records sent, 27,9 records/sec (0,03 MB/sec), 35,9 ms avg latency, 1514,0 ms max latency.
140 records sent, 27,2 records/sec (0,03 MB/sec), 36,7 ms avg latency, 636,0 ms max latency.
160 records sent, 31,8 records/sec (0,03 MB/sec), 31,5 ms avg latency, 1504,0 ms max latency.
245 records sent, 46,4 records/sec (0,04 MB/sec), 21,5 ms avg latency, 636,0 ms max latency.
178 records sent, 35,4 records/sec (0,03 MB/sec), 28,3 ms avg latency, 646,0 ms max latency.
279 records sent, 54,4 records/sec (0,05 MB/sec), 18,4 ms avg latency, 648,0 ms max latency.
217 records sent, 34,6 records/sec (0,03 MB/sec), 28,9 ms avg latency, 1704,0 ms max latency.
219 records sent, 43,4 records/sec (0,04 MB/sec), 23,0 ms avg latency, 213,0 ms max latency.
156 records sent, 29,1 records/sec (0,03 MB/sec), 34,3 ms avg latency, 630,0 ms max latency.
158 records sent, 30,6 records/sec (0,03 MB/sec), 32,6 ms avg latency, 626,0 ms max latency.
265 records sent, 50,3 records/sec (0,05 MB/sec), 19,9 ms avg latency, 619,0 ms max latency.
201 records sent, 40,2 records/sec (0,04 MB/sec), 24,9 ms avg latency, 629,0 ms max latency.
213 records sent, 42,5 records/sec (0,04 MB/sec), 23,5 ms avg latency, 625,0 ms max latency.
137 records sent, 26,6 records/sec (0,03 MB/sec), 37,5 ms avg latency, 649,0 ms max latency.
253 records sent, 49,8 records/sec (0,05 MB/sec), 20,1 ms avg latency, 623,0 ms max latency.
200 records sent, 39,8 records/sec (0,04 MB/sec), 25,1 ms avg latency, 638,0 ms max latency.
170 records sent, 32,9 records/sec (0,03 MB/sec), 30,4 ms avg latency, 647,0 ms max latency.
209 records sent, 41,8 records/sec (0,04 MB/sec), 23,9 ms avg latency, 627,0 ms max latency.
107 records sent, 20,9 records/sec (0,02 MB/sec), 47,8 ms avg latency, 643,0 ms max latency.
158 records sent, 31,5 records/sec (0,03 MB/sec), 31,7 ms avg latency, 1523,0 ms max latency.
222 records sent, 44,3 records/sec (0,04 MB/sec), 22,5 ms avg latency, 635,0 ms max latency.
236 records sent, 36,0 records/sec (0,03 MB/sec), 27,8 ms avg latency, 1728,0 ms max latency.
193 records sent, 38,6 records/sec (0,04 MB/sec), 25,9 ms avg latency, 649,0 ms max latency.
163 records sent, 31,4 records/sec (0,03 MB/sec), 31,8 ms avg latency, 1514,0 ms max latency.
261 records sent, 51,6 records/sec (0,05 MB/sec), 19,4 ms avg latency, 641,0 ms max latency.
161 records sent, 31,4 records/sec (0,03 MB/sec), 31,8 ms avg latency, 627,0 ms max latency.
220 records sent, 44,0 records/sec (0,04 MB/sec), 22,7 ms avg latency, 638,0 ms max latency.
143 records sent, 27,7 records/sec (0,03 MB/sec), 36,0 ms avg latency, 647,0 ms max latency.
211 records sent, 40,6 records/sec (0,04 MB/sec), 24,6 ms avg latency, 628,0 ms max latency.
167 records sent, 32,4 records/sec (0,03 MB/sec), 30,8 ms avg latency, 634,0 ms max latency.
238 records sent, 47,5 records/sec (0,05 MB/sec), 21,0 ms avg latency, 635,0 ms max latency.
115 records sent, 22,1 records/sec (0,02 MB/sec), 45,2 ms avg latency, 1525,0 ms max latency.
126 records sent, 21,7 records/sec (0,02 MB/sec), 46,1 ms avg latency, 1512,0 ms max latency.
227 records sent, 45,4 records/sec (0,04 MB/sec), 22,0 ms avg latency, 635,0 ms max latency.
190 records sent, 38,0 records/sec (0,04 MB/sec), 26,3 ms avg latency, 648,0 ms max latency.
178 records sent, 35,6 records/sec (0,03 MB/sec), 28,1 ms avg latency, 1506,0 ms max latency.
176 records sent, 32,6 records/sec (0,03 MB/sec), 30,6 ms avg latency, 634,0 ms max latency.
198 records sent, 38,1 records/sec (0,04 MB/sec), 26,2 ms avg latency, 645,0 ms max latency.
277 records sent, 52,3 records/sec (0,05 MB/sec), 19,1 ms avg latency, 645,0 ms max latency.
189 records sent, 36,4 records/sec (0,03 MB/sec), 27,5 ms avg latency, 648,0 ms max latency.
210 records sent, 38,4 records/sec (0,04 MB/sec), 26,0 ms avg latency, 647,0 ms max latency.
228 records sent, 45,3 records/sec (0,04 MB/sec), 22,1 ms avg latency, 643,0 ms max latency.
220 records sent, 44,0 records/sec (0,04 MB/sec), 22,7 ms avg latency, 643,0 ms max latency.
146 records sent, 28,1 records/sec (0,03 MB/sec), 35,6 ms avg latency, 644,0 ms max latency.
209 records sent, 41,8 records/sec (0,04 MB/sec), 23,9 ms avg latency, 634,0 ms max latency.
181 records sent, 35,1 records/sec (0,03 MB/sec), 28,5 ms avg latency, 631,0 ms max latency.
195 records sent, 37,6 records/sec (0,04 MB/sec), 26,5 ms avg latency, 628,0 ms max latency.
179 records sent, 34,6 records/sec (0,03 MB/sec), 28,9 ms avg latency, 644,0 ms max latency.
189 records sent, 37,8 records/sec (0,04 MB/sec), 26,4 ms avg latency, 648,0 ms max latency.
256 records sent, 50,6 records/sec (0,05 MB/sec), 19,7 ms avg latency, 628,0 ms max latency.
215 records sent, 43,0 records/sec (0,04 MB/sec), 23,3 ms avg latency, 640,0 ms max latency.
147 records sent, 27,4 records/sec (0,03 MB/sec), 36,4 ms avg latency, 636,0 ms max latency.
171 records sent, 34,0 records/sec (0,03 MB/sec), 29,4 ms avg latency, 1500,0 ms max latency.
152 records sent, 26,0 records/sec (0,02 MB/sec), 38,4 ms avg latency, 1505,0 ms max latency.
211 records sent, 40,6 records/sec (0,04 MB/sec), 24,6 ms avg latency, 636,0 ms max latency.
154 records sent, 30,0 records/sec (0,03 MB/sec), 33,4 ms avg latency, 643,0 ms max latency.
177 records sent, 34,3 records/sec (0,03 MB/sec), 29,2 ms avg latency, 634,0 ms max latency.
223 records sent, 43,0 records/sec (0,04 MB/sec), 23,3 ms avg latency, 209,0 ms max latency.
163 records sent, 31,7 records/sec (0,03 MB/sec), 31,6 ms avg latency, 648,0 ms max latency.
190 records sent, 36,7 records/sec (0,04 MB/sec), 27,2 ms avg latency, 638,0 ms max latency.
179 records sent, 32,2 records/sec (0,03 MB/sec), 31,1 ms avg latency, 623,0 ms max latency.
210 records sent, 38,6 records/sec (0,04 MB/sec), 25,9 ms avg latency, 642,0 ms max latency.
106 records sent, 20,0 records/sec (0,02 MB/sec), 50,1 ms avg latency, 636,0 ms max latency.
218 records sent, 43,6 records/sec (0,04 MB/sec), 22,9 ms avg latency, 636,0 ms max latency.
182 records sent, 35,4 records/sec (0,03 MB/sec), 28,2 ms avg latency, 627,0 ms max latency.
120 records sent, 23,2 records/sec (0,02 MB/sec), 43,2 ms avg latency, 1529,0 ms max latency.
213 records sent, 42,6 records/sec (0,04 MB/sec), 23,5 ms avg latency, 638,0 ms max latency.
87 records sent, 16,9 records/sec (0,02 MB/sec), 59,1 ms avg latency, 1945,0 ms max latency.
166 records sent, 32,3 records/sec (0,03 MB/sec), 30,9 ms avg latency, 634,0 ms max latency.
171 records sent, 27,3 records/sec (0,03 MB/sec), 36,6 ms avg latency, 1523,0 ms max latency.
162 records sent, 31,4 records/sec (0,03 MB/sec), 31,8 ms avg latency, 639,0 ms max latency.
213 records sent, 41,1 records/sec (0,04 MB/sec), 24,4 ms avg latency, 624,0 ms max latency.
264 records sent, 48,1 records/sec (0,05 MB/sec), 20,8 ms avg latency, 637,0 ms max latency.
164 records sent, 31,7 records/sec (0,03 MB/sec), 31,5 ms avg latency, 639,0 ms max latency.
169 records sent, 32,7 records/sec (0,03 MB/sec), 30,6 ms avg latency, 645,0 ms max latency.
243 records sent, 48,6 records/sec (0,05 MB/sec), 20,6 ms avg latency, 620,0 ms max latency.
215 records sent, 42,9 records/sec (0,04 MB/sec), 23,3 ms avg latency, 648,0 ms max latency.
259 records sent, 46,8 records/sec (0,04 MB/sec), 21,4 ms avg latency, 649,0 ms max latency.
208 records sent, 41,4 records/sec (0,04 MB/sec), 24,2 ms avg latency, 647,0 ms max latency.
210 records sent, 40,4 records/sec (0,04 MB/sec), 24,7 ms avg latency, 640,0 ms max latency.
283 records sent, 56,0 records/sec (0,05 MB/sec), 17,8 ms avg latency, 209,0 ms max latency.
281 records sent, 55,3 records/sec (0,05 MB/sec), 18,1 ms avg latency, 648,0 ms max latency.
144 records sent, 26,7 records/sec (0,03 MB/sec), 37,4 ms avg latency, 1720,0 ms max latency.
227 records sent, 45,3 records/sec (0,04 MB/sec), 22,1 ms avg latency, 645,0 ms max latency.
213 records sent, 42,6 records/sec (0,04 MB/sec), 23,5 ms avg latency, 643,0 ms max latency.
191 records sent, 37,0 records/sec (0,04 MB/sec), 27,0 ms avg latency, 637,0 ms max latency.
162 records sent, 31,1 records/sec (0,03 MB/sec), 32,1 ms avg latency, 1532,0 ms max latency.
216 records sent, 41,7 records/sec (0,04 MB/sec), 24,0 ms avg latency, 628,0 ms max latency.
191 records sent, 36,9 records/sec (0,04 MB/sec), 27,1 ms avg latency, 639,0 ms max latency.
244 records sent, 48,7 records/sec (0,05 MB/sec), 20,5 ms avg latency, 635,0 ms max latency.
196 records sent, 37,9 records/sec (0,04 MB/sec), 26,4 ms avg latency, 631,0 ms max latency.
106 records sent, 21,1 records/sec (0,02 MB/sec), 47,4 ms avg latency, 1731,0 ms max latency.
119 records sent, 23,1 records/sec (0,02 MB/sec), 43,3 ms avg latency, 1712,0 ms max latency.
216 records sent, 41,5 records/sec (0,04 MB/sec), 24,1 ms avg latency, 628,0 ms max latency.
139 records sent, 26,9 records/sec (0,03 MB/sec), 37,1 ms avg latency, 643,0 ms max latency.
203 records sent, 36,0 records/sec (0,03 MB/sec), 27,7 ms avg latency, 648,0 ms max latency.
152 records sent, 29,6 records/sec (0,03 MB/sec), 33,8 ms avg latency, 636,0 ms max latency.
188 records sent, 37,4 records/sec (0,04 MB/sec), 26,8 ms avg latency, 1531,0 ms max latency.
224 records sent, 44,7 records/sec (0,04 MB/sec), 22,4 ms avg latency, 641,0 ms max latency.
222 records sent, 44,4 records/sec (0,04 MB/sec), 22,5 ms avg latency, 635,0 ms max latency.
168 records sent, 32,4 records/sec (0,03 MB/sec), 30,8 ms avg latency, 648,0 ms max latency.
139 records sent, 24,8 records/sec (0,02 MB/sec), 40,4 ms avg latency, 1528,0 ms max latency.
179 records sent, 34,7 records/sec (0,03 MB/sec), 28,8 ms avg latency, 634,0 ms max latency.
223 records sent, 42,9 records/sec (0,04 MB/sec), 23,3 ms avg latency, 631,0 ms max latency.
204 records sent, 40,7 records/sec (0,04 MB/sec), 24,5 ms avg latency, 640,0 ms max latency.
139 records sent, 25,9 records/sec (0,02 MB/sec), 38,5 ms avg latency, 644,0 ms max latency.
154 records sent, 29,9 records/sec (0,03 MB/sec), 33,5 ms avg latency, 622,0 ms max latency.
222 records sent, 42,8 records/sec (0,04 MB/sec), 23,4 ms avg latency, 209,0 ms max latency.
282 records sent, 55,6 records/sec (0,05 MB/sec), 18,0 ms avg latency, 236,0 ms max latency.
262 records sent, 51,8 records/sec (0,05 MB/sec), 19,3 ms avg latency, 640,0 ms max latency.
343 records sent, 64,5 records/sec (0,06 MB/sec), 15,5 ms avg latency, 636,0 ms max latency.
183 records sent, 29,2 records/sec (0,03 MB/sec), 34,2 ms avg latency, 1519,0 ms max latency.
177 records sent, 34,2 records/sec (0,03 MB/sec), 29,3 ms avg latency, 648,0 ms max latency.
245 records sent, 46,6 records/sec (0,04 MB/sec), 21,4 ms avg latency, 648,0 ms max latency.
207 records sent, 39,9 records/sec (0,04 MB/sec), 25,0 ms avg latency, 638,0 ms max latency.
196 records sent, 37,6 records/sec (0,04 MB/sec), 26,6 ms avg latency, 642,0 ms max latency.
154 records sent, 29,9 records/sec (0,03 MB/sec), 33,4 ms avg latency, 648,0 ms max latency.
266 records sent, 50,6 records/sec (0,05 MB/sec), 19,7 ms avg latency, 639,0 ms max latency.
192 records sent, 34,3 records/sec (0,03 MB/sec), 29,1 ms avg latency, 638,0 ms max latency.
172 records sent, 33,3 records/sec (0,03 MB/sec), 30,0 ms avg latency, 640,0 ms max latency.
198 records sent, 38,2 records/sec (0,04 MB/sec), 26,2 ms avg latency, 620,0 ms max latency.
191 records sent, 36,8 records/sec (0,04 MB/sec), 27,1 ms avg latency, 647,0 ms max latency.
147 records sent, 28,7 records/sec (0,03 MB/sec), 34,8 ms avg latency, 631,0 ms max latency.
126 records sent, 23,4 records/sec (0,02 MB/sec), 42,8 ms avg latency, 1537,0 ms max latency.
226 records sent, 40,4 records/sec (0,04 MB/sec), 24,7 ms avg latency, 633,0 ms max latency.
207 records sent, 40,0 records/sec (0,04 MB/sec), 25,0 ms avg latency, 630,0 ms max latency.
123 records sent, 22,8 records/sec (0,02 MB/sec), 43,8 ms avg latency, 1721,0 ms max latency.
254 records sent, 50,5 records/sec (0,05 MB/sec), 19,8 ms avg latency, 638,0 ms max latency.
154 records sent, 30,1 records/sec (0,03 MB/sec), 33,2 ms avg latency, 209,0 ms max latency.
369 records sent, 71,7 records/sec (0,07 MB/sec), 13,9 ms avg latency, 211,0 ms max latency.
254 records sent, 46,4 records/sec (0,04 MB/sec), 21,5 ms avg latency, 648,0 ms max latency.
222 records sent, 44,0 records/sec (0,04 MB/sec), 22,7 ms avg latency, 643,0 ms max latency.
175 records sent, 32,5 records/sec (0,03 MB/sec), 30,8 ms avg latency, 647,0 ms max latency.
76 records sent, 14,2 records/sec (0,01 MB/sec), 70,3 ms avg latency, 1511,0 ms max latency.
252 records sent, 50,2 records/sec (0,05 MB/sec), 19,9 ms avg latency, 624,0 ms max latency.
195 records sent, 37,5 records/sec (0,04 MB/sec), 26,7 ms avg latency, 636,0 ms max latency.
308 records sent, 60,6 records/sec (0,06 MB/sec), 16,5 ms avg latency, 623,0 ms max latency.
215 records sent, 41,3 records/sec (0,04 MB/sec), 24,2 ms avg latency, 647,0 ms max latency.
189 records sent, 36,6 records/sec (0,03 MB/sec), 27,3 ms avg latency, 638,0 ms max latency.
237 records sent, 47,2 records/sec (0,05 MB/sec), 21,1 ms avg latency, 646,0 ms max latency.
226 records sent, 41,6 records/sec (0,04 MB/sec), 24,0 ms avg latency, 648,0 ms max latency.
292 records sent, 57,6 records/sec (0,05 MB/sec), 17,4 ms avg latency, 638,0 ms max latency.
192 records sent, 38,2 records/sec (0,04 MB/sec), 26,2 ms avg latency, 1730,0 ms max latency.
199 records sent, 38,4 records/sec (0,04 MB/sec), 26,0 ms avg latency, 626,0 ms max latency.
209 records sent, 41,7 records/sec (0,04 MB/sec), 24,0 ms avg latency, 648,0 ms max latency.
147 records sent, 29,4 records/sec (0,03 MB/sec), 34,0 ms avg latency, 1522,0 ms max latency.
138 records sent, 27,0 records/sec (0,03 MB/sec), 37,0 ms avg latency, 629,0 ms max latency.
181 records sent, 34,9 records/sec (0,03 MB/sec), 28,6 ms avg latency, 646,0 ms max latency.
166 records sent, 31,9 records/sec (0,03 MB/sec), 31,3 ms avg latency, 643,0 ms max latency.
217 records sent, 43,4 records/sec (0,04 MB/sec), 23,0 ms avg latency, 637,0 ms max latency.
178 records sent, 34,4 records/sec (0,03 MB/sec), 29,0 ms avg latency, 625,0 ms max latency.
133 records sent, 24,9 records/sec (0,02 MB/sec), 40,2 ms avg latency, 642,0 ms max latency.
152 records sent, 29,5 records/sec (0,03 MB/sec), 33,9 ms avg latency, 643,0 ms max latency.
175 records sent, 35,0 records/sec (0,03 MB/sec), 28,5 ms avg latency, 1713,0 ms max latency.
211 records sent, 40,7 records/sec (0,04 MB/sec), 24,5 ms avg latency, 209,0 ms max latency.
167 records sent, 33,1 records/sec (0,03 MB/sec), 30,2 ms avg latency, 1539,0 ms max latency.
203 records sent, 39,3 records/sec (0,04 MB/sec), 25,5 ms avg latency, 209,0 ms max latency.
204 records sent, 39,0 records/sec (0,04 MB/sec), 25,6 ms avg latency, 647,0 ms max latency.
115 records sent, 22,3 records/sec (0,02 MB/sec), 44,9 ms avg latency, 1514,0 ms max latency.
190 records sent, 36,7 records/sec (0,04 MB/sec), 27,2 ms avg latency, 639,0 ms max latency.
234 records sent, 46,8 records/sec (0,04 MB/sec), 21,4 ms avg latency, 635,0 ms max latency.
227 records sent, 45,4 records/sec (0,04 MB/sec), 22,0 ms avg latency, 637,0 ms max latency.
103 records sent, 20,0 records/sec (0,02 MB/sec), 50,1 ms avg latency, 1506,0 ms max latency.
218 records sent, 42,0 records/sec (0,04 MB/sec), 23,8 ms avg latency, 626,0 ms max latency.
241 records sent, 48,1 records/sec (0,05 MB/sec), 20,8 ms avg latency, 619,0 ms max latency.
153 records sent, 29,7 records/sec (0,03 MB/sec), 33,7 ms avg latency, 644,0 ms max latency.
177 records sent, 34,2 records/sec (0,03 MB/sec), 29,2 ms avg latency, 647,0 ms max latency.
274 records sent, 53,9 records/sec (0,05 MB/sec), 18,6 ms avg latency, 641,0 ms max latency.
271 records sent, 53,8 records/sec (0,05 MB/sec), 18,6 ms avg latency, 209,0 ms max latency.
192 records sent, 35,2 records/sec (0,03 MB/sec), 28,4 ms avg latency, 1531,0 ms max latency.
289 records sent, 57,2 records/sec (0,05 MB/sec), 17,5 ms avg latency, 635,0 ms max latency.
164 records sent, 29,3 records/sec (0,03 MB/sec), 34,1 ms avg latency, 642,0 ms max latency.
200 records sent, 38,5 records/sec (0,04 MB/sec), 26,0 ms avg latency, 647,0 ms max latency.
172 records sent, 33,3 records/sec (0,03 MB/sec), 30,0 ms avg latency, 641,0 ms max latency.
282 records sent, 55,4 records/sec (0,05 MB/sec), 18,0 ms avg latency, 649,0 ms max latency.
128 records sent, 24,7 records/sec (0,02 MB/sec), 40,5 ms avg latency, 1535,0 ms max latency.
290 records sent, 52,3 records/sec (0,05 MB/sec), 19,1 ms avg latency, 649,0 ms max latency.
184 records sent, 36,8 records/sec (0,04 MB/sec), 27,2 ms avg latency, 643,0 ms max latency.
147 records sent, 28,5 records/sec (0,03 MB/sec), 35,1 ms avg latency, 1502,0 ms max latency.
142 records sent, 27,7 records/sec (0,03 MB/sec), 36,1 ms avg latency, 637,0 ms max latency.
124 records sent, 24,3 records/sec (0,02 MB/sec), 41,2 ms avg latency, 647,0 ms max latency.
109 records sent, 20,2 records/sec (0,02 MB/sec), 49,4 ms avg latency, 1517,0 ms max latency.
186 records sent, 34,6 records/sec (0,03 MB/sec), 28,9 ms avg latency, 644,0 ms max latency.
166 records sent, 32,4 records/sec (0,03 MB/sec), 30,9 ms avg latency, 642,0 ms max latency.
153 records sent, 29,9 records/sec (0,03 MB/sec), 33,4 ms avg latency, 620,0 ms max latency.
193 records sent, 37,3 records/sec (0,04 MB/sec), 26,8 ms avg latency, 638,0 ms max latency.
183 records sent, 35,5 records/sec (0,03 MB/sec), 28,1 ms avg latency, 626,0 ms max latency.
208 records sent, 40,2 records/sec (0,04 MB/sec), 24,9 ms avg latency, 633,0 ms max latency.
160 records sent, 31,1 records/sec (0,03 MB/sec), 32,2 ms avg latency, 644,0 ms max latency.
147 records sent, 28,6 records/sec (0,03 MB/sec), 35,0 ms avg latency, 640,0 ms max latency.
140 records sent, 27,3 records/sec (0,03 MB/sec), 36,7 ms avg latency, 638,0 ms max latency.
111 records sent, 21,6 records/sec (0,02 MB/sec), 46,3 ms avg latency, 1712,0 ms max latency.
153 records sent, 29,4 records/sec (0,03 MB/sec), 33,9 ms avg latency, 1527,0 ms max latency.
199 records sent, 38,4 records/sec (0,04 MB/sec), 26,0 ms avg latency, 637,0 ms max latency.
308 records sent, 59,9 records/sec (0,06 MB/sec), 16,7 ms avg latency, 643,0 ms max latency.
180 records sent, 33,6 records/sec (0,03 MB/sec), 29,8 ms avg latency, 627,0 ms max latency.
155 records sent, 31,0 records/sec (0,03 MB/sec), 32,2 ms avg latency, 1511,0 ms max latency.
275 records sent, 54,5 records/sec (0,05 MB/sec), 18,3 ms avg latency, 630,0 ms max latency.
224 records sent, 44,7 records/sec (0,04 MB/sec), 22,3 ms avg latency, 622,0 ms max latency.
113 records sent, 21,9 records/sec (0,02 MB/sec), 45,8 ms avg latency, 1721,0 ms max latency.
140 records sent, 27,5 records/sec (0,03 MB/sec), 36,4 ms avg latency, 209,0 ms max latency.
282 records sent, 55,7 records/sec (0,05 MB/sec), 17,9 ms avg latency, 630,0 ms max latency.
194 records sent, 37,6 records/sec (0,04 MB/sec), 26,6 ms avg latency, 627,0 ms max latency.
169 records sent, 28,9 records/sec (0,03 MB/sec), 34,6 ms avg latency, 1529,0 ms max latency.
198 records sent, 38,3 records/sec (0,04 MB/sec), 26,1 ms avg latency, 633,0 ms max latency.
149 records sent, 28,9 records/sec (0,03 MB/sec), 34,5 ms avg latency, 631,0 ms max latency.
175 records sent, 31,4 records/sec (0,03 MB/sec), 31,8 ms avg latency, 641,0 ms max latency.
175 records sent, 33,8 records/sec (0,03 MB/sec), 29,6 ms avg latency, 640,0 ms max latency.
170 records sent, 33,1 records/sec (0,03 MB/sec), 30,2 ms avg latency, 627,0 ms max latency.
262 records sent, 52,0 records/sec (0,05 MB/sec), 19,2 ms avg latency, 641,0 ms max latency.
98 records sent, 19,1 records/sec (0,02 MB/sec), 52,3 ms avg latency, 1522,0 ms max latency.
170 records sent, 34,0 records/sec (0,03 MB/sec), 29,4 ms avg latency, 1529,0 ms max latency.
251 records sent, 49,8 records/sec (0,05 MB/sec), 20,1 ms avg latency, 640,0 ms max latency.
236 records sent, 47,2 records/sec (0,05 MB/sec), 21,2 ms avg latency, 209,0 ms max latency.
200 records sent, 29,9 records/sec (0,03 MB/sec), 33,5 ms avg latency, 1725,0 ms max latency.
196 records sent, 38,6 records/sec (0,04 MB/sec), 25,9 ms avg latency, 1519,0 ms max latency.
183 records sent, 33,9 records/sec (0,03 MB/sec), 29,5 ms avg latency, 645,0 ms max latency.
230 records sent, 45,4 records/sec (0,04 MB/sec), 22,0 ms avg latency, 644,0 ms max latency.
153 records sent, 29,7 records/sec (0,03 MB/sec), 33,6 ms avg latency, 648,0 ms max latency.
202 records sent, 31,1 records/sec (0,03 MB/sec), 32,2 ms avg latency, 1510,0 ms max latency.
258 records sent, 47,3 records/sec (0,05 MB/sec), 21,1 ms avg latency, 638,0 ms max latency.
217 records sent, 43,4 records/sec (0,04 MB/sec), 23,0 ms avg latency, 649,0 ms max latency.
98 records sent, 19,0 records/sec (0,02 MB/sec), 52,5 ms avg latency, 649,0 ms max latency.
126 records sent, 24,5 records/sec (0,02 MB/sec), 40,8 ms avg latency, 649,0 ms max latency.
233 records sent, 46,1 records/sec (0,04 MB/sec), 21,7 ms avg latency, 645,0 ms max latency.
164 records sent, 31,5 records/sec (0,03 MB/sec), 31,7 ms avg latency, 643,0 ms max latency.
115 records sent, 22,4 records/sec (0,02 MB/sec), 44,6 ms avg latency, 642,0 ms max latency.
280 records sent, 55,3 records/sec (0,05 MB/sec), 18,1 ms avg latency, 630,0 ms max latency.
144 records sent, 28,0 records/sec (0,03 MB/sec), 35,8 ms avg latency, 648,0 ms max latency.
182 records sent, 35,2 records/sec (0,03 MB/sec), 28,4 ms avg latency, 633,0 ms max latency.
273 records sent, 53,4 records/sec (0,05 MB/sec), 18,7 ms avg latency, 648,0 ms max latency.
265 records sent, 52,5 records/sec (0,05 MB/sec), 19,0 ms avg latency, 636,0 ms max latency.
130 records sent, 23,3 records/sec (0,02 MB/sec), 42,8 ms avg latency, 648,0 ms max latency.
127 records sent, 24,7 records/sec (0,02 MB/sec), 40,5 ms avg latency, 1707,0 ms max latency.
198 records sent, 38,1 records/sec (0,04 MB/sec), 26,2 ms avg latency, 627,0 ms max latency.
205 records sent, 39,7 records/sec (0,04 MB/sec), 25,2 ms avg latency, 621,0 ms max latency.
295 records sent, 58,4 records/sec (0,06 MB/sec), 17,1 ms avg latency, 623,0 ms max latency.
207 records sent, 39,8 records/sec (0,04 MB/sec), 25,1 ms avg latency, 642,0 ms max latency.
218 records sent, 43,6 records/sec (0,04 MB/sec), 22,9 ms avg latency, 639,0 ms max latency.
57 records sent, 11,2 records/sec (0,01 MB/sec), 89,5 ms avg latency, 1723,0 ms max latency.
202 records sent, 40,2 records/sec (0,04 MB/sec), 24,8 ms avg latency, 641,0 ms max latency.
156 records sent, 30,2 records/sec (0,03 MB/sec), 33,0 ms avg latency, 640,0 ms max latency.
134 records sent, 26,1 records/sec (0,02 MB/sec), 38,2 ms avg latency, 640,0 ms max latency.
208 records sent, 40,2 records/sec (0,04 MB/sec), 24,9 ms avg latency, 633,0 ms max latency.
170 records sent, 32,9 records/sec (0,03 MB/sec), 30,4 ms avg latency, 634,0 ms max latency.
192 records sent, 38,1 records/sec (0,04 MB/sec), 26,2 ms avg latency, 1530,0 ms max latency.
171 records sent, 33,1 records/sec (0,03 MB/sec), 30,2 ms avg latency, 629,0 ms max latency.
242 records sent, 48,0 records/sec (0,05 MB/sec), 20,8 ms avg latency, 209,0 ms max latency.
214 records sent, 42,8 records/sec (0,04 MB/sec), 23,3 ms avg latency, 623,0 ms max latency.
231 records sent, 46,1 records/sec (0,04 MB/sec), 21,7 ms avg latency, 643,0 ms max latency.
199 records sent, 39,8 records/sec (0,04 MB/sec), 25,1 ms avg latency, 645,0 ms max latency.
133 records sent, 25,8 records/sec (0,02 MB/sec), 38,8 ms avg latency, 645,0 ms max latency.
162 records sent, 32,4 records/sec (0,03 MB/sec), 30,9 ms avg latency, 1715,0 ms max latency.
267 records sent, 41,9 records/sec (0,04 MB/sec), 23,9 ms avg latency, 1534,0 ms max latency.
254 records sent, 48,1 records/sec (0,05 MB/sec), 20,8 ms avg latency, 1713,0 ms max latency.
206 records sent, 41,1 records/sec (0,04 MB/sec), 24,3 ms avg latency, 649,0 ms max latency.
160 records sent, 31,2 records/sec (0,03 MB/sec), 32,1 ms avg latency, 636,0 ms max latency.
197 records sent, 39,4 records/sec (0,04 MB/sec), 25,4 ms avg latency, 646,0 ms max latency.
99 records sent, 19,3 records/sec (0,02 MB/sec), 51,7 ms avg latency, 643,0 ms max latency.
160 records sent, 31,2 records/sec (0,03 MB/sec), 32,1 ms avg latency, 624,0 ms max latency.
127 records sent, 24,8 records/sec (0,02 MB/sec), 40,2 ms avg latency, 638,0 ms max latency.
252 records sent, 48,1 records/sec (0,05 MB/sec), 20,8 ms avg latency, 620,0 ms max latency.
150 records sent, 29,1 records/sec (0,03 MB/sec), 34,4 ms avg latency, 641,0 ms max latency.
169 records sent, 30,2 records/sec (0,03 MB/sec), 33,1 ms avg latency, 646,0 ms max latency.
158 records sent, 31,6 records/sec (0,03 MB/sec), 31,6 ms avg latency, 1731,0 ms max latency.
245 records sent, 48,6 records/sec (0,05 MB/sec), 20,6 ms avg latency, 642,0 ms max latency.
213 records sent, 41,0 records/sec (0,04 MB/sec), 24,4 ms avg latency, 639,0 ms max latency.
189 records sent, 36,6 records/sec (0,03 MB/sec), 27,3 ms avg latency, 624,0 ms max latency.
244 records sent, 48,8 records/sec (0,05 MB/sec), 20,5 ms avg latency, 209,0 ms max latency.
179 records sent, 35,8 records/sec (0,03 MB/sec), 27,9 ms avg latency, 1719,0 ms max latency.
213 records sent, 42,6 records/sec (0,04 MB/sec), 23,5 ms avg latency, 647,0 ms max latency.
205 records sent, 40,9 records/sec (0,04 MB/sec), 24,4 ms avg latency, 648,0 ms max latency.
270 records sent, 53,4 records/sec (0,05 MB/sec), 18,7 ms avg latency, 209,0 ms max latency.
181 records sent, 33,5 records/sec (0,03 MB/sec), 29,8 ms avg latency, 648,0 ms max latency.
216 records sent, 43,2 records/sec (0,04 MB/sec), 23,1 ms avg latency, 645,0 ms max latency.
164 records sent, 32,8 records/sec (0,03 MB/sec), 30,5 ms avg latency, 1501,0 ms max latency.
147 records sent, 28,5 records/sec (0,03 MB/sec), 35,0 ms avg latency, 638,0 ms max latency.
173 records sent, 34,6 records/sec (0,03 MB/sec), 28,9 ms avg latency, 1713,0 ms max latency.
190 records sent, 36,6 records/sec (0,03 MB/sec), 27,3 ms avg latency, 629,0 ms max latency.
161 records sent, 32,1 records/sec (0,03 MB/sec), 31,1 ms avg latency, 648,0 ms max latency.
244 records sent, 46,6 records/sec (0,04 MB/sec), 21,4 ms avg latency, 649,0 ms max latency.
177 records sent, 34,2 records/sec (0,03 MB/sec), 29,2 ms avg latency, 643,0 ms max latency.
114 records sent, 22,3 records/sec (0,02 MB/sec), 44,8 ms avg latency, 638,0 ms max latency.
133 records sent, 25,9 records/sec (0,02 MB/sec), 38,7 ms avg latency, 646,0 ms max latency.
185 records sent, 35,9 records/sec (0,03 MB/sec), 27,9 ms avg latency, 630,0 ms max latency.
233 records sent, 46,5 records/sec (0,04 MB/sec), 21,5 ms avg latency, 644,0 ms max latency.
268 records sent, 53,3 records/sec (0,05 MB/sec), 18,7 ms avg latency, 623,0 ms max latency.
306 records sent, 60,0 records/sec (0,06 MB/sec), 16,7 ms avg latency, 633,0 ms max latency.
112 records sent, 21,6 records/sec (0,02 MB/sec), 46,4 ms avg latency, 1526,0 ms max latency.
197 records sent, 37,9 records/sec (0,04 MB/sec), 26,4 ms avg latency, 643,0 ms max latency.
196 records sent, 37,7 records/sec (0,04 MB/sec), 26,5 ms avg latency, 640,0 ms max latency.
162 records sent, 29,0 records/sec (0,03 MB/sec), 34,5 ms avg latency, 643,0 ms max latency.
150 records sent, 28,9 records/sec (0,03 MB/sec), 34,6 ms avg latency, 1930,0 ms max latency.
154 records sent, 30,1 records/sec (0,03 MB/sec), 33,2 ms avg latency, 209,0 ms max latency.
181 records sent, 35,1 records/sec (0,03 MB/sec), 28,5 ms avg latency, 625,0 ms max latency.
128 records sent, 25,0 records/sec (0,02 MB/sec), 40,0 ms avg latency, 634,0 ms max latency.
256 records sent, 50,9 records/sec (0,05 MB/sec), 19,6 ms avg latency, 210,0 ms max latency.
208 records sent, 41,6 records/sec (0,04 MB/sec), 24,0 ms avg latency, 645,0 ms max latency.
117 records sent, 22,8 records/sec (0,02 MB/sec), 43,8 ms avg latency, 645,0 ms max latency.
162 records sent, 30,1 records/sec (0,03 MB/sec), 33,3 ms avg latency, 643,0 ms max latency.
247 records sent, 48,9 records/sec (0,05 MB/sec), 20,4 ms avg latency, 648,0 ms max latency.
205 records sent, 39,5 records/sec (0,04 MB/sec), 25,3 ms avg latency, 209,0 ms max latency.
199 records sent, 39,8 records/sec (0,04 MB/sec), 25,1 ms avg latency, 648,0 ms max latency.
172 records sent, 33,3 records/sec (0,03 MB/sec), 30,1 ms avg latency, 648,0 ms max latency.
154 records sent, 29,6 records/sec (0,03 MB/sec), 33,8 ms avg latency, 647,0 ms max latency.
152 records sent, 29,3 records/sec (0,03 MB/sec), 34,1 ms avg latency, 1726,0 ms max latency.
261 records sent, 47,8 records/sec (0,05 MB/sec), 20,9 ms avg latency, 649,0 ms max latency.
164 records sent, 31,7 records/sec (0,03 MB/sec), 31,5 ms avg latency, 1709,0 ms max latency.
206 records sent, 39,6 records/sec (0,04 MB/sec), 25,2 ms avg latency, 643,0 ms max latency.
226 records sent, 43,1 records/sec (0,04 MB/sec), 23,2 ms avg latency, 646,0 ms max latency.
100 records sent, 19,3 records/sec (0,02 MB/sec), 51,7 ms avg latency, 1741,0 ms max latency.
145 records sent, 28,1 records/sec (0,03 MB/sec), 35,5 ms avg latency, 648,0 ms max latency.
232 records sent, 45,9 records/sec (0,04 MB/sec), 21,7 ms avg latency, 644,0 ms max latency.
217 records sent, 43,1 records/sec (0,04 MB/sec), 23,2 ms avg latency, 647,0 ms max latency.
134 records sent, 26,8 records/sec (0,03 MB/sec), 37,3 ms avg latency, 1533,0 ms max latency.
277 records sent, 54,9 records/sec (0,05 MB/sec), 18,2 ms avg latency, 209,0 ms max latency.
263 records sent, 51,8 records/sec (0,05 MB/sec), 19,3 ms avg latency, 635,0 ms max latency.
103 records sent, 20,2 records/sec (0,02 MB/sec), 49,5 ms avg latency, 648,0 ms max latency.
256 records sent, 50,8 records/sec (0,05 MB/sec), 19,7 ms avg latency, 642,0 ms max latency.
222 records sent, 42,8 records/sec (0,04 MB/sec), 23,4 ms avg latency, 623,0 ms max latency.
159 records sent, 25,4 records/sec (0,02 MB/sec), 39,4 ms avg latency, 1526,0 ms max latency.
212 records sent, 42,4 records/sec (0,04 MB/sec), 23,6 ms avg latency, 642,0 ms max latency.
152 records sent, 28,3 records/sec (0,03 MB/sec), 35,3 ms avg latency, 647,0 ms max latency.
166 records sent, 32,1 records/sec (0,03 MB/sec), 31,1 ms avg latency, 647,0 ms max latency.
243 records sent, 48,2 records/sec (0,05 MB/sec), 20,8 ms avg latency, 641,0 ms max latency.
238 records sent, 47,3 records/sec (0,05 MB/sec), 21,2 ms avg latency, 645,0 ms max latency.
140 records sent, 27,0 records/sec (0,03 MB/sec), 37,1 ms avg latency, 1517,0 ms max latency.
209 records sent, 40,3 records/sec (0,04 MB/sec), 24,8 ms avg latency, 632,0 ms max latency.
240 records sent, 47,9 records/sec (0,05 MB/sec), 20,9 ms avg latency, 209,0 ms max latency.
170 records sent, 31,6 records/sec (0,03 MB/sec), 31,7 ms avg latency, 638,0 ms max latency.
183 records sent, 33,8 records/sec (0,03 MB/sec), 29,5 ms avg latency, 648,0 ms max latency.
357 records sent, 69,5 records/sec (0,07 MB/sec), 14,4 ms avg latency, 629,0 ms max latency.
205 records sent, 39,5 records/sec (0,04 MB/sec), 25,3 ms avg latency, 626,0 ms max latency.
228 records sent, 45,5 records/sec (0,04 MB/sec), 22,0 ms avg latency, 643,0 ms max latency.
192 records sent, 36,9 records/sec (0,04 MB/sec), 27,1 ms avg latency, 643,0 ms max latency.
191 records sent, 34,1 records/sec (0,03 MB/sec), 29,3 ms avg latency, 640,0 ms max latency.
257 records sent, 50,7 records/sec (0,05 MB/sec), 19,7 ms avg latency, 649,0 ms max latency.
182 records sent, 31,0 records/sec (0,03 MB/sec), 32,3 ms avg latency, 1741,0 ms max latency.
184 records sent, 35,7 records/sec (0,03 MB/sec), 28,0 ms avg latency, 623,0 ms max latency.
248 records sent, 49,2 records/sec (0,05 MB/sec), 20,3 ms avg latency, 637,0 ms max latency.
211 records sent, 37,6 records/sec (0,04 MB/sec), 26,6 ms avg latency, 636,0 ms max latency.
206 records sent, 40,9 records/sec (0,04 MB/sec), 24,4 ms avg latency, 648,0 ms max latency.
194 records sent, 37,3 records/sec (0,04 MB/sec), 26,8 ms avg latency, 646,0 ms max latency.
242 records sent, 48,1 records/sec (0,05 MB/sec), 20,8 ms avg latency, 638,0 ms max latency.
231 records sent, 46,1 records/sec (0,04 MB/sec), 21,7 ms avg latency, 629,0 ms max latency.
283 records sent, 53,6 records/sec (0,05 MB/sec), 18,6 ms avg latency, 647,0 ms max latency.
153 records sent, 29,4 records/sec (0,03 MB/sec), 34,0 ms avg latency, 1524,0 ms max latency.
154 records sent, 29,9 records/sec (0,03 MB/sec), 33,4 ms avg latency, 647,0 ms max latency.
114 records sent, 22,3 records/sec (0,02 MB/sec), 44,9 ms avg latency, 640,0 ms max latency.
228 records sent, 45,2 records/sec (0,04 MB/sec), 22,1 ms avg latency, 642,0 ms max latency.
138 records sent, 25,8 records/sec (0,02 MB/sec), 38,7 ms avg latency, 641,0 ms max latency.
190 records sent, 38,0 records/sec (0,04 MB/sec), 26,3 ms avg latency, 643,0 ms max latency.
191 records sent, 36,9 records/sec (0,04 MB/sec), 27,1 ms avg latency, 209,0 ms max latency.
124 records sent, 23,9 records/sec (0,02 MB/sec), 41,8 ms avg latency, 1513,0 ms max latency.
239 records sent, 47,8 records/sec (0,05 MB/sec), 20,9 ms avg latency, 622,0 ms max latency.
184 records sent, 34,3 records/sec (0,03 MB/sec), 29,1 ms avg latency, 639,0 ms max latency.
172 records sent, 30,5 records/sec (0,03 MB/sec), 32,7 ms avg latency, 1504,0 ms max latency.
223 records sent, 39,6 records/sec (0,04 MB/sec), 25,2 ms avg latency, 648,0 ms max latency.
336 records sent, 63,3 records/sec (0,06 MB/sec), 15,8 ms avg latency, 632,0 ms max latency.
204 records sent, 39,5 records/sec (0,04 MB/sec), 25,3 ms avg latency, 619,0 ms max latency.
226 records sent, 45,2 records/sec (0,04 MB/sec), 22,1 ms avg latency, 634,0 ms max latency.
271 records sent, 53,4 records/sec (0,05 MB/sec), 18,7 ms avg latency, 640,0 ms max latency.
272 records sent, 54,1 records/sec (0,05 MB/sec), 18,5 ms avg latency, 624,0 ms max latency.
162 records sent, 31,6 records/sec (0,03 MB/sec), 31,7 ms avg latency, 632,0 ms max latency.
234 records sent, 46,8 records/sec (0,04 MB/sec), 21,4 ms avg latency, 630,0 ms max latency.
189 records sent, 36,5 records/sec (0,03 MB/sec), 27,3 ms avg latency, 639,0 ms max latency.
170 records sent, 30,3 records/sec (0,03 MB/sec), 32,9 ms avg latency, 641,0 ms max latency.
127 records sent, 24,4 records/sec (0,02 MB/sec), 40,9 ms avg latency, 1722,0 ms max latency.
158 records sent, 30,7 records/sec (0,03 MB/sec), 32,6 ms avg latency, 646,0 ms max latency.
153 records sent, 29,6 records/sec (0,03 MB/sec), 33,7 ms avg latency, 646,0 ms max latency.
211 records sent, 42,2 records/sec (0,04 MB/sec), 23,7 ms avg latency, 638,0 ms max latency.
211 records sent, 40,7 records/sec (0,04 MB/sec), 24,5 ms avg latency, 638,0 ms max latency.
226 records sent, 44,9 records/sec (0,04 MB/sec), 22,2 ms avg latency, 1504,0 ms max latency.
172 records sent, 27,3 records/sec (0,03 MB/sec), 36,6 ms avg latency, 1539,0 ms max latency.
267 records sent, 52,9 records/sec (0,05 MB/sec), 18,9 ms avg latency, 646,0 ms max latency.
147 records sent, 28,4 records/sec (0,03 MB/sec), 35,2 ms avg latency, 1501,0 ms max latency.
238 records sent, 47,2 records/sec (0,04 MB/sec), 21,2 ms avg latency, 647,0 ms max latency.
185 records sent, 36,8 records/sec (0,04 MB/sec), 27,2 ms avg latency, 1519,0 ms max latency.
109 records sent, 20,4 records/sec (0,02 MB/sec), 48,9 ms avg latency, 1711,0 ms max latency.
161 records sent, 32,2 records/sec (0,03 MB/sec), 31,1 ms avg latency, 639,0 ms max latency.
244 records sent, 48,6 records/sec (0,05 MB/sec), 20,6 ms avg latency, 633,0 ms max latency.
184 records sent, 35,5 records/sec (0,03 MB/sec), 28,1 ms avg latency, 640,0 ms max latency.
247 records sent, 49,3 records/sec (0,05 MB/sec), 20,3 ms avg latency, 629,0 ms max latency.
207 records sent, 39,8 records/sec (0,04 MB/sec), 25,1 ms avg latency, 637,0 ms max latency.
130 records sent, 25,1 records/sec (0,02 MB/sec), 39,9 ms avg latency, 1528,0 ms max latency.
243 records sent, 48,3 records/sec (0,05 MB/sec), 20,7 ms avg latency, 648,0 ms max latency.
139 records sent, 26,8 records/sec (0,03 MB/sec), 37,3 ms avg latency, 1527,0 ms max latency.
123 records sent, 24,1 records/sec (0,02 MB/sec), 41,5 ms avg latency, 641,0 ms max latency.
182 records sent, 35,3 records/sec (0,03 MB/sec), 28,3 ms avg latency, 619,0 ms max latency.
238 records sent, 47,5 records/sec (0,05 MB/sec), 21,0 ms avg latency, 641,0 ms max latency.
278 records sent, 55,3 records/sec (0,05 MB/sec), 18,1 ms avg latency, 209,0 ms max latency.
148 records sent, 29,0 records/sec (0,03 MB/sec), 34,5 ms avg latency, 620,0 ms max latency.
265 records sent, 52,7 records/sec (0,05 MB/sec), 19,0 ms avg latency, 636,0 ms max latency.
174 records sent, 33,6 records/sec (0,03 MB/sec), 29,8 ms avg latency, 641,0 ms max latency.
144 records sent, 27,7 records/sec (0,03 MB/sec), 36,1 ms avg latency, 1517,0 ms max latency.
163 records sent, 31,5 records/sec (0,03 MB/sec), 31,7 ms avg latency, 646,0 ms max latency.
175 records sent, 32,7 records/sec (0,03 MB/sec), 30,5 ms avg latency, 620,0 ms max latency.
134 records sent, 26,1 records/sec (0,02 MB/sec), 38,3 ms avg latency, 635,0 ms max latency.
112 records sent, 21,8 records/sec (0,02 MB/sec), 45,9 ms avg latency, 1917,0 ms max latency.
240 records sent, 47,7 records/sec (0,05 MB/sec), 21,0 ms avg latency, 641,0 ms max latency.
80000 records sent, 37,177883 records/sec (0,04 MB/sec), 26,88 ms avg latency, 1945,00 ms max latency, 1 ms 50th, 208 ms 95th, 619 ms 99th, 653 ms 99.9th.

Metric Name                                                                          Value
app-info:commit-id:{client-id=producer-1}                                          : d12590634290dbc4
app-info:start-time-ms:{client-id=producer-1}                                      : 1593209567961
app-info:version:{client-id=producer-1}                                            : 2.3.1
kafka-metrics-count:count:{client-id=producer-1}                                   : 126,000
producer-metrics:batch-size-avg:{client-id=producer-1}                             : 1075,000
producer-metrics:batch-size-max:{client-id=producer-1}                             : 1075,000
producer-metrics:batch-split-rate:{client-id=producer-1}                           : 0,000
producer-metrics:batch-split-total:{client-id=producer-1}                          : 0,000
producer-metrics:buffer-available-bytes:{client-id=producer-1}                     : 33554432,000
producer-metrics:buffer-exhausted-rate:{client-id=producer-1}                      : 0,000
producer-metrics:buffer-exhausted-total:{client-id=producer-1}                     : 0,000
producer-metrics:buffer-total-bytes:{client-id=producer-1}                         : 33554432,000
producer-metrics:bufferpool-wait-ratio:{client-id=producer-1}                      : 0,000
producer-metrics:bufferpool-wait-time-total:{client-id=producer-1}                 : 0,000
producer-metrics:compression-rate-avg:{client-id=producer-1}                       : 1,000
producer-metrics:connection-close-rate:{client-id=producer-1}                      : 0,065
producer-metrics:connection-close-total:{client-id=producer-1}                     : 80,000
producer-metrics:connection-count:{client-id=producer-1}                           : 3,000
producer-metrics:connection-creation-rate:{client-id=producer-1}                   : 0,065
producer-metrics:connection-creation-total:{client-id=producer-1}                  : 83,000
producer-metrics:failed-authentication-rate:{client-id=producer-1}                 : 0,000
producer-metrics:failed-authentication-total:{client-id=producer-1}                : 0,000
producer-metrics:failed-reauthentication-rate:{client-id=producer-1}               : 0,000
producer-metrics:failed-reauthentication-total:{client-id=producer-1}              : 0,000
producer-metrics:incoming-byte-rate:{client-id=producer-1}                         : 2046,131
producer-metrics:incoming-byte-total:{client-id=producer-1}                        : 5007487,000
producer-metrics:io-ratio:{client-id=producer-1}                                   : 0,001
producer-metrics:io-time-ns-avg:{client-id=producer-1}                             : 12833,304
producer-metrics:io-wait-ratio:{client-id=producer-1}                              : 1,001
producer-metrics:io-wait-time-ns-avg:{client-id=producer-1}                        : 10225765,721
producer-metrics:io-waittime-total:{client-id=producer-1}                          : 2142564260741,000
producer-metrics:iotime-total:{client-id=producer-1}                               : 3340393104,000
producer-metrics:metadata-age:{client-id=producer-1}                               : 10,036
producer-metrics:network-io-rate:{client-id=producer-1}                            : 65,264
producer-metrics:network-io-total:{client-id=producer-1}                           : 160407,000
producer-metrics:outgoing-byte-rate:{client-id=producer-1}                         : 37265,920
producer-metrics:outgoing-byte-total:{client-id=producer-1}                        : 91684810,000
producer-metrics:produce-throttle-time-avg:{client-id=producer-1}                  : 0,000
producer-metrics:produce-throttle-time-max:{client-id=producer-1}                  : 0,000
producer-metrics:reauthentication-latency-avg:{client-id=producer-1}               : NaN
producer-metrics:reauthentication-latency-max:{client-id=producer-1}               : NaN
producer-metrics:record-error-rate:{client-id=producer-1}                          : 0,000
producer-metrics:record-error-total:{client-id=producer-1}                         : 0,000
producer-metrics:record-queue-time-avg:{client-id=producer-1}                      : 2,595
producer-metrics:record-queue-time-max:{client-id=producer-1}                      : 1708,000
producer-metrics:record-retry-rate:{client-id=producer-1}                          : 0,065
producer-metrics:record-retry-total:{client-id=producer-1}                         : 79,000
producer-metrics:record-send-rate:{client-id=producer-1}                           : 32,542
producer-metrics:record-send-total:{client-id=producer-1}                          : 80079,000
producer-metrics:record-size-avg:{client-id=producer-1}                            : 1091,000
producer-metrics:record-size-max:{client-id=producer-1}                            : 1091,000
producer-metrics:records-per-request-avg:{client-id=producer-1}                    : 1,000
producer-metrics:request-latency-avg:{client-id=producer-1}                        : 28,283
producer-metrics:request-latency-max:{client-id=producer-1}                        : 646,000
producer-metrics:request-rate:{client-id=producer-1}                               : 32,646
producer-metrics:request-size-avg:{client-id=producer-1}                           : 1141,455
producer-metrics:request-size-max:{client-id=producer-1}                           : 1145,000
producer-metrics:request-total:{client-id=producer-1}                              : 80243,000
producer-metrics:requests-in-flight:{client-id=producer-1}                         : 0,000
producer-metrics:response-rate:{client-id=producer-1}                              : 32,619
producer-metrics:response-total:{client-id=producer-1}                             : 80164,000
producer-metrics:select-rate:{client-id=producer-1}                                : 97,912
producer-metrics:select-total:{client-id=producer-1}                               : 240505,000
producer-metrics:successful-authentication-no-reauth-total:{client-id=producer-1}  : 0,000
producer-metrics:successful-authentication-rate:{client-id=producer-1}             : 0,000
producer-metrics:successful-authentication-total:{client-id=producer-1}            : 0,000
producer-metrics:successful-reauthentication-rate:{client-id=producer-1}           : 0,000
producer-metrics:successful-reauthentication-total:{client-id=producer-1}          : 0,000
producer-metrics:waiting-threads:{client-id=producer-1}                            : 0,000
producer-node-metrics:incoming-byte-rate:{client-id=producer-1, node-id=node--1}   : 0,000
producer-node-metrics:incoming-byte-rate:{client-id=producer-1, node-id=node-1}    : 665,517
producer-node-metrics:incoming-byte-rate:{client-id=producer-1, node-id=node-3}    : 692,558
producer-node-metrics:incoming-byte-rate:{client-id=producer-1, node-id=node-6}    : 682,985
producer-node-metrics:incoming-byte-total:{client-id=producer-1, node-id=node--1}  : 579,000
producer-node-metrics:incoming-byte-total:{client-id=producer-1, node-id=node-1}   : 1660621,000
producer-node-metrics:incoming-byte-total:{client-id=producer-1, node-id=node-3}   : 1669834,000
producer-node-metrics:incoming-byte-total:{client-id=producer-1, node-id=node-6}   : 1676453,000
producer-node-metrics:outgoing-byte-rate:{client-id=producer-1, node-id=node--1}   : 0,000
producer-node-metrics:outgoing-byte-rate:{client-id=producer-1, node-id=node-1}    : 12127,034
producer-node-metrics:outgoing-byte-rate:{client-id=producer-1, node-id=node-3}    : 12495,223
producer-node-metrics:outgoing-byte-rate:{client-id=producer-1, node-id=node-6}    : 12461,106
producer-node-metrics:outgoing-byte-total:{client-id=producer-1, node-id=node--1}  : 67,000
producer-node-metrics:outgoing-byte-total:{client-id=producer-1, node-id=node-1}   : 30421897,000
producer-node-metrics:outgoing-byte-total:{client-id=producer-1, node-id=node-3}   : 30586719,000
producer-node-metrics:outgoing-byte-total:{client-id=producer-1, node-id=node-6}   : 30676127,000
producer-node-metrics:request-latency-avg:{client-id=producer-1, node-id=node--1}  : NaN
producer-node-metrics:request-latency-avg:{client-id=producer-1, node-id=node-1}   : 27,920
producer-node-metrics:request-latency-avg:{client-id=producer-1, node-id=node-3}   : 24,479
producer-node-metrics:request-latency-avg:{client-id=producer-1, node-id=node-6}   : 33,239
producer-node-metrics:request-latency-max:{client-id=producer-1, node-id=node--1}  : NaN
producer-node-metrics:request-latency-max:{client-id=producer-1, node-id=node-1}   : 646,000
producer-node-metrics:request-latency-max:{client-id=producer-1, node-id=node-3}   : 632,000
producer-node-metrics:request-latency-max:{client-id=producer-1, node-id=node-6}   : 641,000
producer-node-metrics:request-rate:{client-id=producer-1, node-id=node--1}         : 0,000
producer-node-metrics:request-rate:{client-id=producer-1, node-id=node-1}          : 10,618
producer-node-metrics:request-rate:{client-id=producer-1, node-id=node-3}          : 10,967
producer-node-metrics:request-rate:{client-id=producer-1, node-id=node-6}          : 10,910
producer-node-metrics:request-size-avg:{client-id=producer-1, node-id=node--1}     : NaN
producer-node-metrics:request-size-avg:{client-id=producer-1, node-id=node-1}      : 1142,103
producer-node-metrics:request-size-avg:{client-id=producer-1, node-id=node-3}      : 1139,320
producer-node-metrics:request-size-avg:{client-id=producer-1, node-id=node-6}      : 1142,096
producer-node-metrics:request-size-max:{client-id=producer-1, node-id=node--1}     : NaN
producer-node-metrics:request-size-max:{client-id=producer-1, node-id=node-1}      : 1145,000
producer-node-metrics:request-size-max:{client-id=producer-1, node-id=node-3}      : 1145,000
producer-node-metrics:request-size-max:{client-id=producer-1, node-id=node-6}      : 1145,000
producer-node-metrics:request-total:{client-id=producer-1, node-id=node--1}        : 2,000
producer-node-metrics:request-total:{client-id=producer-1, node-id=node-1}         : 26622,000
producer-node-metrics:request-total:{client-id=producer-1, node-id=node-3}         : 26767,000
producer-node-metrics:request-total:{client-id=producer-1, node-id=node-6}         : 26852,000
producer-node-metrics:response-rate:{client-id=producer-1, node-id=node--1}        : 0,000
producer-node-metrics:response-rate:{client-id=producer-1, node-id=node-1}         : 10,628
producer-node-metrics:response-rate:{client-id=producer-1, node-id=node-3}         : 10,967
producer-node-metrics:response-rate:{client-id=producer-1, node-id=node-6}         : 10,910
producer-node-metrics:response-total:{client-id=producer-1, node-id=node--1}       : 2,000
producer-node-metrics:response-total:{client-id=producer-1, node-id=node-1}        : 26597,000
producer-node-metrics:response-total:{client-id=producer-1, node-id=node-3}        : 26742,000
producer-node-metrics:response-total:{client-id=producer-1, node-id=node-6}        : 26823,000
producer-topic-metrics:byte-rate:{client-id=producer-1, topic=test-topic}          : 34982,558
producer-topic-metrics:byte-total:{client-id=producer-1, topic=test-topic}         : 86073805,000
producer-topic-metrics:compression-rate:{client-id=producer-1, topic=test-topic}   : 1,000
producer-topic-metrics:record-error-rate:{client-id=producer-1, topic=test-topic}  : 0,000
producer-topic-metrics:record-error-total:{client-id=producer-1, topic=test-topic} : 0,000
producer-topic-metrics:record-retry-rate:{client-id=producer-1, topic=test-topic}  : 0,065
producer-topic-metrics:record-retry-total:{client-id=producer-1, topic=test-topic} : 79,000
producer-topic-metrics:record-send-rate:{client-id=producer-1, topic=test-topic}   : 32,542
producer-topic-metrics:record-send-total:{client-id=producer-1, topic=test-topic}  : 80079,000
Produce Time: 2151.812
Aplication time: 2152.52
*****Produo finalizada, esperando 180 s para buscar WM*****
Water mark: 160000
