Topic to send: test-topic
Topic to acks: 1
Records: 80000
Size:1000
214 records sent, 41,1 records/sec (0,04 MB/sec), 24,3 ms avg latency, 633,0 ms max latency.
250 records sent, 48,5 records/sec (0,05 MB/sec), 20,6 ms avg latency, 625,0 ms max latency.
153 records sent, 29,5 records/sec (0,03 MB/sec), 33,8 ms avg latency, 210,0 ms max latency.
130 records sent, 24,6 records/sec (0,02 MB/sec), 40,5 ms avg latency, 1535,0 ms max latency.
295 records sent, 56,8 records/sec (0,05 MB/sec), 17,6 ms avg latency, 631,0 ms max latency.
261 records sent, 51,3 records/sec (0,05 MB/sec), 19,4 ms avg latency, 210,0 ms max latency.
282 records sent, 52,9 records/sec (0,05 MB/sec), 18,9 ms avg latency, 619,0 ms max latency.
339 records sent, 65,5 records/sec (0,06 MB/sec), 15,2 ms avg latency, 211,0 ms max latency.
300 records sent, 58,7 records/sec (0,06 MB/sec), 17,0 ms avg latency, 622,0 ms max latency.
166 records sent, 32,1 records/sec (0,03 MB/sec), 31,1 ms avg latency, 639,0 ms max latency.
239 records sent, 46,8 records/sec (0,04 MB/sec), 21,4 ms avg latency, 646,0 ms max latency.
213 records sent, 42,5 records/sec (0,04 MB/sec), 23,5 ms avg latency, 631,0 ms max latency.
178 records sent, 35,6 records/sec (0,03 MB/sec), 28,1 ms avg latency, 647,0 ms max latency.
213 records sent, 42,5 records/sec (0,04 MB/sec), 23,5 ms avg latency, 211,0 ms max latency.
216 records sent, 42,9 records/sec (0,04 MB/sec), 23,3 ms avg latency, 648,0 ms max latency.
392 records sent, 75,4 records/sec (0,07 MB/sec), 13,3 ms avg latency, 209,0 ms max latency.
207 records sent, 39,9 records/sec (0,04 MB/sec), 25,1 ms avg latency, 625,0 ms max latency.
277 records sent, 54,6 records/sec (0,05 MB/sec), 18,3 ms avg latency, 209,0 ms max latency.
233 records sent, 46,4 records/sec (0,04 MB/sec), 21,5 ms avg latency, 209,0 ms max latency.
266 records sent, 52,3 records/sec (0,05 MB/sec), 19,1 ms avg latency, 641,0 ms max latency.
260 records sent, 51,5 records/sec (0,05 MB/sec), 19,4 ms avg latency, 209,0 ms max latency.
196 records sent, 37,9 records/sec (0,04 MB/sec), 26,4 ms avg latency, 621,0 ms max latency.
188 records sent, 35,6 records/sec (0,03 MB/sec), 28,1 ms avg latency, 1544,0 ms max latency.
203 records sent, 39,1 records/sec (0,04 MB/sec), 25,5 ms avg latency, 624,0 ms max latency.
227 records sent, 45,2 records/sec (0,04 MB/sec), 22,1 ms avg latency, 640,0 ms max latency.
227 records sent, 45,2 records/sec (0,04 MB/sec), 22,1 ms avg latency, 620,0 ms max latency.
174 records sent, 33,8 records/sec (0,03 MB/sec), 29,6 ms avg latency, 623,0 ms max latency.
244 records sent, 48,3 records/sec (0,05 MB/sec), 20,7 ms avg latency, 635,0 ms max latency.
247 records sent, 48,9 records/sec (0,05 MB/sec), 20,4 ms avg latency, 642,0 ms max latency.
245 records sent, 48,7 records/sec (0,05 MB/sec), 20,5 ms avg latency, 209,0 ms max latency.
261 records sent, 51,9 records/sec (0,05 MB/sec), 19,3 ms avg latency, 209,0 ms max latency.
157 records sent, 31,3 records/sec (0,03 MB/sec), 31,9 ms avg latency, 1523,0 ms max latency.
279 records sent, 55,3 records/sec (0,05 MB/sec), 18,1 ms avg latency, 209,0 ms max latency.
270 records sent, 53,5 records/sec (0,05 MB/sec), 18,7 ms avg latency, 209,0 ms max latency.
222 records sent, 42,8 records/sec (0,04 MB/sec), 23,3 ms avg latency, 209,0 ms max latency.
270 records sent, 49,4 records/sec (0,05 MB/sec), 20,2 ms avg latency, 644,0 ms max latency.
299 records sent, 59,0 records/sec (0,06 MB/sec), 16,9 ms avg latency, 209,0 ms max latency.
282 records sent, 55,6 records/sec (0,05 MB/sec), 18,0 ms avg latency, 227,0 ms max latency.
249 records sent, 49,5 records/sec (0,05 MB/sec), 20,2 ms avg latency, 639,0 ms max latency.
251 records sent, 49,9 records/sec (0,05 MB/sec), 20,0 ms avg latency, 633,0 ms max latency.
190 records sent, 36,6 records/sec (0,03 MB/sec), 27,3 ms avg latency, 639,0 ms max latency.
304 records sent, 59,5 records/sec (0,06 MB/sec), 16,8 ms avg latency, 649,0 ms max latency.
198 records sent, 35,2 records/sec (0,03 MB/sec), 28,4 ms avg latency, 639,0 ms max latency.
204 records sent, 40,4 records/sec (0,04 MB/sec), 24,8 ms avg latency, 1519,0 ms max latency.
390 records sent, 77,9 records/sec (0,07 MB/sec), 12,8 ms avg latency, 639,0 ms max latency.
213 records sent, 41,0 records/sec (0,04 MB/sec), 24,4 ms avg latency, 640,0 ms max latency.
205 records sent, 39,6 records/sec (0,04 MB/sec), 25,2 ms avg latency, 209,0 ms max latency.
222 records sent, 44,1 records/sec (0,04 MB/sec), 22,6 ms avg latency, 642,0 ms max latency.
411 records sent, 79,2 records/sec (0,08 MB/sec), 12,6 ms avg latency, 209,0 ms max latency.
248 records sent, 49,5 records/sec (0,05 MB/sec), 20,2 ms avg latency, 627,0 ms max latency.
202 records sent, 40,4 records/sec (0,04 MB/sec), 24,7 ms avg latency, 646,0 ms max latency.
192 records sent, 35,7 records/sec (0,03 MB/sec), 28,0 ms avg latency, 627,0 ms max latency.
258 records sent, 50,8 records/sec (0,05 MB/sec), 19,7 ms avg latency, 647,0 ms max latency.
205 records sent, 40,5 records/sec (0,04 MB/sec), 24,7 ms avg latency, 659,0 ms max latency.
220 records sent, 42,4 records/sec (0,04 MB/sec), 23,6 ms avg latency, 627,0 ms max latency.
164 records sent, 29,1 records/sec (0,03 MB/sec), 34,3 ms avg latency, 647,0 ms max latency.
232 records sent, 46,4 records/sec (0,04 MB/sec), 21,5 ms avg latency, 628,0 ms max latency.
194 records sent, 37,5 records/sec (0,04 MB/sec), 26,6 ms avg latency, 626,0 ms max latency.
259 records sent, 51,3 records/sec (0,05 MB/sec), 19,5 ms avg latency, 643,0 ms max latency.
258 records sent, 50,5 records/sec (0,05 MB/sec), 19,8 ms avg latency, 1512,0 ms max latency.
227 records sent, 44,9 records/sec (0,04 MB/sec), 22,2 ms avg latency, 648,0 ms max latency.
266 records sent, 52,5 records/sec (0,05 MB/sec), 19,1 ms avg latency, 630,0 ms max latency.
142 records sent, 27,7 records/sec (0,03 MB/sec), 36,1 ms avg latency, 636,0 ms max latency.
132 records sent, 25,8 records/sec (0,02 MB/sec), 38,8 ms avg latency, 630,0 ms max latency.
235 records sent, 46,8 records/sec (0,04 MB/sec), 21,4 ms avg latency, 647,0 ms max latency.
179 records sent, 34,5 records/sec (0,03 MB/sec), 29,0 ms avg latency, 646,0 ms max latency.
234 records sent, 46,7 records/sec (0,04 MB/sec), 21,4 ms avg latency, 626,0 ms max latency.
211 records sent, 42,0 records/sec (0,04 MB/sec), 23,8 ms avg latency, 647,0 ms max latency.
214 records sent, 41,0 records/sec (0,04 MB/sec), 24,4 ms avg latency, 644,0 ms max latency.
163 records sent, 31,5 records/sec (0,03 MB/sec), 31,7 ms avg latency, 640,0 ms max latency.
223 records sent, 44,6 records/sec (0,04 MB/sec), 22,4 ms avg latency, 634,0 ms max latency.
194 records sent, 35,9 records/sec (0,03 MB/sec), 27,9 ms avg latency, 632,0 ms max latency.
203 records sent, 40,3 records/sec (0,04 MB/sec), 24,8 ms avg latency, 645,0 ms max latency.
148 records sent, 28,8 records/sec (0,03 MB/sec), 34,7 ms avg latency, 638,0 ms max latency.
205 records sent, 39,4 records/sec (0,04 MB/sec), 25,4 ms avg latency, 645,0 ms max latency.
176 records sent, 35,0 records/sec (0,03 MB/sec), 28,5 ms avg latency, 1721,0 ms max latency.
200 records sent, 40,0 records/sec (0,04 MB/sec), 25,0 ms avg latency, 632,0 ms max latency.
331 records sent, 64,6 records/sec (0,06 MB/sec), 15,5 ms avg latency, 644,0 ms max latency.
244 records sent, 48,5 records/sec (0,05 MB/sec), 20,6 ms avg latency, 626,0 ms max latency.
161 records sent, 31,4 records/sec (0,03 MB/sec), 31,8 ms avg latency, 209,0 ms max latency.
189 records sent, 37,6 records/sec (0,04 MB/sec), 26,6 ms avg latency, 1726,0 ms max latency.
222 records sent, 44,2 records/sec (0,04 MB/sec), 22,6 ms avg latency, 639,0 ms max latency.
277 records sent, 54,9 records/sec (0,05 MB/sec), 18,2 ms avg latency, 209,0 ms max latency.
259 records sent, 51,2 records/sec (0,05 MB/sec), 19,5 ms avg latency, 638,0 ms max latency.
303 records sent, 59,6 records/sec (0,06 MB/sec), 16,8 ms avg latency, 636,0 ms max latency.
271 records sent, 53,8 records/sec (0,05 MB/sec), 18,6 ms avg latency, 209,0 ms max latency.
216 records sent, 41,4 records/sec (0,04 MB/sec), 24,1 ms avg latency, 647,0 ms max latency.
263 records sent, 51,8 records/sec (0,05 MB/sec), 19,3 ms avg latency, 648,0 ms max latency.
221 records sent, 39,4 records/sec (0,04 MB/sec), 25,4 ms avg latency, 635,0 ms max latency.
234 records sent, 46,2 records/sec (0,04 MB/sec), 21,6 ms avg latency, 649,0 ms max latency.
160 records sent, 32,0 records/sec (0,03 MB/sec), 31,2 ms avg latency, 1524,0 ms max latency.
278 records sent, 55,0 records/sec (0,05 MB/sec), 18,2 ms avg latency, 642,0 ms max latency.
257 records sent, 47,1 records/sec (0,04 MB/sec), 21,2 ms avg latency, 638,0 ms max latency.
232 records sent, 46,4 records/sec (0,04 MB/sec), 21,6 ms avg latency, 634,0 ms max latency.
159 records sent, 30,9 records/sec (0,03 MB/sec), 32,4 ms avg latency, 638,0 ms max latency.
258 records sent, 49,0 records/sec (0,05 MB/sec), 20,4 ms avg latency, 635,0 ms max latency.
216 records sent, 43,1 records/sec (0,04 MB/sec), 23,2 ms avg latency, 648,0 ms max latency.
236 records sent, 47,2 records/sec (0,05 MB/sec), 21,2 ms avg latency, 621,0 ms max latency.
250 records sent, 49,9 records/sec (0,05 MB/sec), 20,0 ms avg latency, 209,0 ms max latency.
172 records sent, 33,3 records/sec (0,03 MB/sec), 30,0 ms avg latency, 644,0 ms max latency.
214 records sent, 42,7 records/sec (0,04 MB/sec), 23,4 ms avg latency, 643,0 ms max latency.
148 records sent, 26,5 records/sec (0,03 MB/sec), 37,7 ms avg latency, 635,0 ms max latency.
107 records sent, 20,7 records/sec (0,02 MB/sec), 48,3 ms avg latency, 1517,0 ms max latency.
200 records sent, 40,0 records/sec (0,04 MB/sec), 25,0 ms avg latency, 637,0 ms max latency.
258 records sent, 49,2 records/sec (0,05 MB/sec), 20,3 ms avg latency, 643,0 ms max latency.
218 records sent, 43,1 records/sec (0,04 MB/sec), 23,2 ms avg latency, 1509,0 ms max latency.
205 records sent, 39,2 records/sec (0,04 MB/sec), 25,5 ms avg latency, 1503,0 ms max latency.
279 records sent, 53,0 records/sec (0,05 MB/sec), 18,8 ms avg latency, 626,0 ms max latency.
282 records sent, 55,8 records/sec (0,05 MB/sec), 17,9 ms avg latency, 209,0 ms max latency.
403 records sent, 77,8 records/sec (0,07 MB/sec), 12,8 ms avg latency, 625,0 ms max latency.
196 records sent, 37,5 records/sec (0,04 MB/sec), 26,6 ms avg latency, 647,0 ms max latency.
317 records sent, 62,0 records/sec (0,06 MB/sec), 16,1 ms avg latency, 645,0 ms max latency.
239 records sent, 47,6 records/sec (0,05 MB/sec), 21,0 ms avg latency, 635,0 ms max latency.
271 records sent, 53,6 records/sec (0,05 MB/sec), 18,6 ms avg latency, 640,0 ms max latency.
333 records sent, 65,0 records/sec (0,06 MB/sec), 15,4 ms avg latency, 638,0 ms max latency.
215 records sent, 43,0 records/sec (0,04 MB/sec), 23,2 ms avg latency, 624,0 ms max latency.
138 records sent, 26,9 records/sec (0,03 MB/sec), 37,1 ms avg latency, 632,0 ms max latency.
235 records sent, 47,0 records/sec (0,04 MB/sec), 21,3 ms avg latency, 631,0 ms max latency.
219 records sent, 41,9 records/sec (0,04 MB/sec), 23,9 ms avg latency, 648,0 ms max latency.
285 records sent, 56,3 records/sec (0,05 MB/sec), 17,8 ms avg latency, 633,0 ms max latency.
291 records sent, 57,2 records/sec (0,05 MB/sec), 17,5 ms avg latency, 638,0 ms max latency.
216 records sent, 43,2 records/sec (0,04 MB/sec), 23,1 ms avg latency, 644,0 ms max latency.
310 records sent, 60,6 records/sec (0,06 MB/sec), 16,5 ms avg latency, 643,0 ms max latency.
199 records sent, 38,6 records/sec (0,04 MB/sec), 25,9 ms avg latency, 622,0 ms max latency.
272 records sent, 53,7 records/sec (0,05 MB/sec), 18,6 ms avg latency, 642,0 ms max latency.
228 records sent, 45,2 records/sec (0,04 MB/sec), 22,1 ms avg latency, 643,0 ms max latency.
379 records sent, 73,6 records/sec (0,07 MB/sec), 13,6 ms avg latency, 209,0 ms max latency.
155 records sent, 30,8 records/sec (0,03 MB/sec), 32,4 ms avg latency, 1542,0 ms max latency.
300 records sent, 59,0 records/sec (0,06 MB/sec), 16,9 ms avg latency, 642,0 ms max latency.
342 records sent, 66,8 records/sec (0,06 MB/sec), 15,0 ms avg latency, 621,0 ms max latency.
227 records sent, 44,9 records/sec (0,04 MB/sec), 22,2 ms avg latency, 655,0 ms max latency.
262 records sent, 51,9 records/sec (0,05 MB/sec), 19,3 ms avg latency, 648,0 ms max latency.
260 records sent, 51,6 records/sec (0,05 MB/sec), 19,4 ms avg latency, 628,0 ms max latency.
215 records sent, 43,0 records/sec (0,04 MB/sec), 23,2 ms avg latency, 639,0 ms max latency.
189 records sent, 36,5 records/sec (0,03 MB/sec), 27,4 ms avg latency, 644,0 ms max latency.
176 records sent, 34,1 records/sec (0,03 MB/sec), 29,3 ms avg latency, 640,0 ms max latency.
73 records sent, 14,2 records/sec (0,01 MB/sec), 70,5 ms avg latency, 1511,0 ms max latency.
319 records sent, 62,1 records/sec (0,06 MB/sec), 16,1 ms avg latency, 1500,0 ms max latency.
167 records sent, 32,4 records/sec (0,03 MB/sec), 30,8 ms avg latency, 634,0 ms max latency.
114 records sent, 22,1 records/sec (0,02 MB/sec), 45,2 ms avg latency, 2143,0 ms max latency.
205 records sent, 39,5 records/sec (0,04 MB/sec), 25,3 ms avg latency, 632,0 ms max latency.
209 records sent, 40,2 records/sec (0,04 MB/sec), 24,9 ms avg latency, 643,0 ms max latency.
174 records sent, 29,9 records/sec (0,03 MB/sec), 33,5 ms avg latency, 1509,0 ms max latency.
300 records sent, 58,7 records/sec (0,06 MB/sec), 17,0 ms avg latency, 640,0 ms max latency.
180 records sent, 34,9 records/sec (0,03 MB/sec), 28,7 ms avg latency, 631,0 ms max latency.
178 records sent, 31,7 records/sec (0,03 MB/sec), 31,5 ms avg latency, 642,0 ms max latency.
305 records sent, 60,2 records/sec (0,06 MB/sec), 16,6 ms avg latency, 209,0 ms max latency.
228 records sent, 43,9 records/sec (0,04 MB/sec), 22,7 ms avg latency, 623,0 ms max latency.
358 records sent, 69,9 records/sec (0,07 MB/sec), 14,3 ms avg latency, 645,0 ms max latency.
250 records sent, 49,4 records/sec (0,05 MB/sec), 20,2 ms avg latency, 648,0 ms max latency.
228 records sent, 42,1 records/sec (0,04 MB/sec), 23,7 ms avg latency, 645,0 ms max latency.
223 records sent, 43,0 records/sec (0,04 MB/sec), 23,2 ms avg latency, 635,0 ms max latency.
223 records sent, 41,3 records/sec (0,04 MB/sec), 24,2 ms avg latency, 632,0 ms max latency.
207 records sent, 38,1 records/sec (0,04 MB/sec), 26,3 ms avg latency, 647,0 ms max latency.
161 records sent, 31,8 records/sec (0,03 MB/sec), 31,4 ms avg latency, 1521,0 ms max latency.
313 records sent, 61,5 records/sec (0,06 MB/sec), 16,3 ms avg latency, 209,0 ms max latency.
245 records sent, 48,2 records/sec (0,05 MB/sec), 20,7 ms avg latency, 658,0 ms max latency.
304 records sent, 59,8 records/sec (0,06 MB/sec), 16,7 ms avg latency, 639,0 ms max latency.
309 records sent, 60,1 records/sec (0,06 MB/sec), 16,6 ms avg latency, 648,0 ms max latency.
337 records sent, 65,2 records/sec (0,06 MB/sec), 15,3 ms avg latency, 230,0 ms max latency.
193 records sent, 37,1 records/sec (0,04 MB/sec), 26,9 ms avg latency, 641,0 ms max latency.
305 records sent, 55,6 records/sec (0,05 MB/sec), 18,0 ms avg latency, 622,0 ms max latency.
222 records sent, 42,7 records/sec (0,04 MB/sec), 23,4 ms avg latency, 640,0 ms max latency.
260 records sent, 51,8 records/sec (0,05 MB/sec), 19,3 ms avg latency, 629,0 ms max latency.
162 records sent, 31,3 records/sec (0,03 MB/sec), 32,0 ms avg latency, 639,0 ms max latency.
318 records sent, 62,5 records/sec (0,06 MB/sec), 16,0 ms avg latency, 637,0 ms max latency.
234 records sent, 46,4 records/sec (0,04 MB/sec), 21,5 ms avg latency, 647,0 ms max latency.
233 records sent, 46,6 records/sec (0,04 MB/sec), 21,4 ms avg latency, 630,0 ms max latency.
221 records sent, 44,1 records/sec (0,04 MB/sec), 22,7 ms avg latency, 645,0 ms max latency.
212 records sent, 42,4 records/sec (0,04 MB/sec), 23,6 ms avg latency, 643,0 ms max latency.
240 records sent, 47,2 records/sec (0,05 MB/sec), 21,2 ms avg latency, 646,0 ms max latency.
205 records sent, 40,9 records/sec (0,04 MB/sec), 24,4 ms avg latency, 645,0 ms max latency.
192 records sent, 37,0 records/sec (0,04 MB/sec), 27,0 ms avg latency, 641,0 ms max latency.
204 records sent, 40,7 records/sec (0,04 MB/sec), 24,5 ms avg latency, 628,0 ms max latency.
256 records sent, 50,5 records/sec (0,05 MB/sec), 19,8 ms avg latency, 1511,0 ms max latency.
286 records sent, 56,4 records/sec (0,05 MB/sec), 17,7 ms avg latency, 645,0 ms max latency.
268 records sent, 53,2 records/sec (0,05 MB/sec), 18,8 ms avg latency, 635,0 ms max latency.
217 records sent, 43,4 records/sec (0,04 MB/sec), 23,1 ms avg latency, 209,0 ms max latency.
261 records sent, 51,8 records/sec (0,05 MB/sec), 19,3 ms avg latency, 636,0 ms max latency.
184 records sent, 35,6 records/sec (0,03 MB/sec), 28,1 ms avg latency, 644,0 ms max latency.
209 records sent, 40,4 records/sec (0,04 MB/sec), 24,7 ms avg latency, 625,0 ms max latency.
229 records sent, 45,2 records/sec (0,04 MB/sec), 22,1 ms avg latency, 1524,0 ms max latency.
191 records sent, 38,0 records/sec (0,04 MB/sec), 26,3 ms avg latency, 1509,0 ms max latency.
197 records sent, 36,5 records/sec (0,03 MB/sec), 27,4 ms avg latency, 643,0 ms max latency.
318 records sent, 57,8 records/sec (0,06 MB/sec), 17,3 ms avg latency, 623,0 ms max latency.
190 records sent, 36,7 records/sec (0,03 MB/sec), 27,3 ms avg latency, 637,0 ms max latency.
221 records sent, 39,2 records/sec (0,04 MB/sec), 25,5 ms avg latency, 643,0 ms max latency.
253 records sent, 50,0 records/sec (0,05 MB/sec), 20,0 ms avg latency, 641,0 ms max latency.
216 records sent, 41,7 records/sec (0,04 MB/sec), 23,9 ms avg latency, 209,0 ms max latency.
245 records sent, 48,0 records/sec (0,05 MB/sec), 20,8 ms avg latency, 1529,0 ms max latency.
184 records sent, 35,5 records/sec (0,03 MB/sec), 28,1 ms avg latency, 647,0 ms max latency.
216 records sent, 41,5 records/sec (0,04 MB/sec), 24,1 ms avg latency, 643,0 ms max latency.
280 records sent, 55,3 records/sec (0,05 MB/sec), 18,1 ms avg latency, 638,0 ms max latency.
296 records sent, 58,0 records/sec (0,06 MB/sec), 17,2 ms avg latency, 649,0 ms max latency.
284 records sent, 56,3 records/sec (0,05 MB/sec), 17,8 ms avg latency, 209,0 ms max latency.
139 records sent, 26,7 records/sec (0,03 MB/sec), 37,4 ms avg latency, 1530,0 ms max latency.
321 records sent, 63,1 records/sec (0,06 MB/sec), 15,8 ms avg latency, 624,0 ms max latency.
350 records sent, 67,8 records/sec (0,06 MB/sec), 14,7 ms avg latency, 626,0 ms max latency.
279 records sent, 55,0 records/sec (0,05 MB/sec), 18,2 ms avg latency, 649,0 ms max latency.
404 records sent, 77,7 records/sec (0,07 MB/sec), 12,9 ms avg latency, 620,0 ms max latency.
169 records sent, 33,8 records/sec (0,03 MB/sec), 29,6 ms avg latency, 1511,0 ms max latency.
342 records sent, 67,0 records/sec (0,06 MB/sec), 14,9 ms avg latency, 209,0 ms max latency.
215 records sent, 42,7 records/sec (0,04 MB/sec), 23,4 ms avg latency, 649,0 ms max latency.
227 records sent, 45,2 records/sec (0,04 MB/sec), 22,1 ms avg latency, 644,0 ms max latency.
166 records sent, 32,3 records/sec (0,03 MB/sec), 31,0 ms avg latency, 638,0 ms max latency.
190 records sent, 33,8 records/sec (0,03 MB/sec), 29,6 ms avg latency, 643,0 ms max latency.
211 records sent, 39,0 records/sec (0,04 MB/sec), 25,6 ms avg latency, 635,0 ms max latency.
236 records sent, 47,2 records/sec (0,04 MB/sec), 21,2 ms avg latency, 630,0 ms max latency.
116 records sent, 22,4 records/sec (0,02 MB/sec), 44,5 ms avg latency, 1516,0 ms max latency.
187 records sent, 34,6 records/sec (0,03 MB/sec), 28,9 ms avg latency, 638,0 ms max latency.
299 records sent, 59,0 records/sec (0,06 MB/sec), 16,9 ms avg latency, 209,0 ms max latency.
274 records sent, 53,7 records/sec (0,05 MB/sec), 18,6 ms avg latency, 641,0 ms max latency.
188 records sent, 36,4 records/sec (0,03 MB/sec), 27,5 ms avg latency, 640,0 ms max latency.
199 records sent, 38,4 records/sec (0,04 MB/sec), 26,0 ms avg latency, 644,0 ms max latency.
239 records sent, 47,8 records/sec (0,05 MB/sec), 20,9 ms avg latency, 633,0 ms max latency.
206 records sent, 41,2 records/sec (0,04 MB/sec), 24,2 ms avg latency, 643,0 ms max latency.
150 records sent, 29,0 records/sec (0,03 MB/sec), 34,5 ms avg latency, 648,0 ms max latency.
218 records sent, 43,6 records/sec (0,04 MB/sec), 22,9 ms avg latency, 639,0 ms max latency.
196 records sent, 37,7 records/sec (0,04 MB/sec), 26,5 ms avg latency, 642,0 ms max latency.
242 records sent, 48,2 records/sec (0,05 MB/sec), 20,7 ms avg latency, 647,0 ms max latency.
239 records sent, 47,7 records/sec (0,05 MB/sec), 21,0 ms avg latency, 637,0 ms max latency.
222 records sent, 44,3 records/sec (0,04 MB/sec), 22,6 ms avg latency, 644,0 ms max latency.
277 records sent, 54,5 records/sec (0,05 MB/sec), 18,3 ms avg latency, 638,0 ms max latency.
181 records sent, 35,1 records/sec (0,03 MB/sec), 28,5 ms avg latency, 631,0 ms max latency.
139 records sent, 27,0 records/sec (0,03 MB/sec), 37,0 ms avg latency, 643,0 ms max latency.
177 records sent, 34,3 records/sec (0,03 MB/sec), 29,1 ms avg latency, 629,0 ms max latency.
287 records sent, 56,9 records/sec (0,05 MB/sec), 17,6 ms avg latency, 208,0 ms max latency.
185 records sent, 37,0 records/sec (0,04 MB/sec), 27,0 ms avg latency, 1503,0 ms max latency.
181 records sent, 36,1 records/sec (0,03 MB/sec), 27,7 ms avg latency, 647,0 ms max latency.
268 records sent, 49,0 records/sec (0,05 MB/sec), 20,4 ms avg latency, 642,0 ms max latency.
246 records sent, 48,9 records/sec (0,05 MB/sec), 20,4 ms avg latency, 635,0 ms max latency.
207 records sent, 41,4 records/sec (0,04 MB/sec), 24,1 ms avg latency, 641,0 ms max latency.
203 records sent, 37,2 records/sec (0,04 MB/sec), 26,9 ms avg latency, 1721,0 ms max latency.
302 records sent, 59,6 records/sec (0,06 MB/sec), 16,8 ms avg latency, 210,0 ms max latency.
131 records sent, 25,7 records/sec (0,02 MB/sec), 39,0 ms avg latency, 629,0 ms max latency.
178 records sent, 35,6 records/sec (0,03 MB/sec), 28,1 ms avg latency, 643,0 ms max latency.
345 records sent, 67,4 records/sec (0,06 MB/sec), 14,8 ms avg latency, 621,0 ms max latency.
161 records sent, 32,2 records/sec (0,03 MB/sec), 31,0 ms avg latency, 1532,0 ms max latency.
233 records sent, 46,0 records/sec (0,04 MB/sec), 21,7 ms avg latency, 648,0 ms max latency.
249 records sent, 49,4 records/sec (0,05 MB/sec), 20,3 ms avg latency, 641,0 ms max latency.
277 records sent, 54,9 records/sec (0,05 MB/sec), 18,2 ms avg latency, 624,0 ms max latency.
353 records sent, 68,8 records/sec (0,07 MB/sec), 14,5 ms avg latency, 619,0 ms max latency.
177 records sent, 35,4 records/sec (0,03 MB/sec), 28,2 ms avg latency, 1505,0 ms max latency.
185 records sent, 32,9 records/sec (0,03 MB/sec), 30,4 ms avg latency, 640,0 ms max latency.
283 records sent, 56,0 records/sec (0,05 MB/sec), 17,8 ms avg latency, 622,0 ms max latency.
214 records sent, 42,5 records/sec (0,04 MB/sec), 23,5 ms avg latency, 644,0 ms max latency.
187 records sent, 36,1 records/sec (0,03 MB/sec), 27,7 ms avg latency, 638,0 ms max latency.
183 records sent, 35,4 records/sec (0,03 MB/sec), 28,2 ms avg latency, 630,0 ms max latency.
279 records sent, 55,3 records/sec (0,05 MB/sec), 18,1 ms avg latency, 626,0 ms max latency.
241 records sent, 48,2 records/sec (0,05 MB/sec), 20,8 ms avg latency, 622,0 ms max latency.
155 records sent, 30,0 records/sec (0,03 MB/sec), 33,3 ms avg latency, 641,0 ms max latency.
245 records sent, 45,0 records/sec (0,04 MB/sec), 22,2 ms avg latency, 632,0 ms max latency.
293 records sent, 53,5 records/sec (0,05 MB/sec), 18,7 ms avg latency, 624,0 ms max latency.
124 records sent, 24,8 records/sec (0,02 MB/sec), 40,4 ms avg latency, 1516,0 ms max latency.
336 records sent, 66,0 records/sec (0,06 MB/sec), 15,1 ms avg latency, 622,0 ms max latency.
229 records sent, 45,8 records/sec (0,04 MB/sec), 21,8 ms avg latency, 634,0 ms max latency.
235 records sent, 46,7 records/sec (0,04 MB/sec), 21,4 ms avg latency, 647,0 ms max latency.
354 records sent, 69,1 records/sec (0,07 MB/sec), 14,5 ms avg latency, 209,0 ms max latency.
192 records sent, 37,0 records/sec (0,04 MB/sec), 27,0 ms avg latency, 634,0 ms max latency.
290 records sent, 57,6 records/sec (0,05 MB/sec), 17,4 ms avg latency, 209,0 ms max latency.
192 records sent, 37,2 records/sec (0,04 MB/sec), 26,8 ms avg latency, 209,0 ms max latency.
304 records sent, 55,5 records/sec (0,05 MB/sec), 18,0 ms avg latency, 625,0 ms max latency.
189 records sent, 37,5 records/sec (0,04 MB/sec), 26,6 ms avg latency, 1525,0 ms max latency.
270 records sent, 53,7 records/sec (0,05 MB/sec), 18,6 ms avg latency, 209,0 ms max latency.
215 records sent, 43,0 records/sec (0,04 MB/sec), 23,3 ms avg latency, 647,0 ms max latency.
375 records sent, 72,3 records/sec (0,07 MB/sec), 13,8 ms avg latency, 645,0 ms max latency.
343 records sent, 66,9 records/sec (0,06 MB/sec), 14,9 ms avg latency, 209,0 ms max latency.
153 records sent, 29,8 records/sec (0,03 MB/sec), 33,6 ms avg latency, 634,0 ms max latency.
262 records sent, 52,0 records/sec (0,05 MB/sec), 19,2 ms avg latency, 638,0 ms max latency.
275 records sent, 54,5 records/sec (0,05 MB/sec), 18,3 ms avg latency, 631,0 ms max latency.
274 records sent, 54,5 records/sec (0,05 MB/sec), 18,4 ms avg latency, 209,0 ms max latency.
140 records sent, 27,3 records/sec (0,03 MB/sec), 36,7 ms avg latency, 636,0 ms max latency.
232 records sent, 46,3 records/sec (0,04 MB/sec), 21,6 ms avg latency, 637,0 ms max latency.
347 records sent, 67,5 records/sec (0,06 MB/sec), 14,8 ms avg latency, 639,0 ms max latency.
205 records sent, 39,4 records/sec (0,04 MB/sec), 25,4 ms avg latency, 645,0 ms max latency.
205 records sent, 40,9 records/sec (0,04 MB/sec), 24,4 ms avg latency, 649,0 ms max latency.
428 records sent, 85,6 records/sec (0,08 MB/sec), 11,7 ms avg latency, 209,0 ms max latency.
241 records sent, 47,6 records/sec (0,05 MB/sec), 21,0 ms avg latency, 1726,0 ms max latency.
207 records sent, 41,4 records/sec (0,04 MB/sec), 24,2 ms avg latency, 640,0 ms max latency.
265 records sent, 52,7 records/sec (0,05 MB/sec), 19,0 ms avg latency, 620,0 ms max latency.
226 records sent, 45,2 records/sec (0,04 MB/sec), 22,1 ms avg latency, 640,0 ms max latency.
302 records sent, 54,7 records/sec (0,05 MB/sec), 18,3 ms avg latency, 628,0 ms max latency.
206 records sent, 38,3 records/sec (0,04 MB/sec), 26,1 ms avg latency, 628,0 ms max latency.
209 records sent, 40,4 records/sec (0,04 MB/sec), 24,8 ms avg latency, 209,0 ms max latency.
235 records sent, 43,2 records/sec (0,04 MB/sec), 23,2 ms avg latency, 632,0 ms max latency.
256 records sent, 50,4 records/sec (0,05 MB/sec), 19,8 ms avg latency, 637,0 ms max latency.
176 records sent, 34,0 records/sec (0,03 MB/sec), 29,4 ms avg latency, 637,0 ms max latency.
185 records sent, 37,0 records/sec (0,04 MB/sec), 27,0 ms avg latency, 1503,0 ms max latency.
135 records sent, 26,3 records/sec (0,03 MB/sec), 38,0 ms avg latency, 640,0 ms max latency.
189 records sent, 36,7 records/sec (0,03 MB/sec), 27,3 ms avg latency, 625,0 ms max latency.
196 records sent, 37,8 records/sec (0,04 MB/sec), 26,4 ms avg latency, 630,0 ms max latency.
247 records sent, 48,9 records/sec (0,05 MB/sec), 20,5 ms avg latency, 643,0 ms max latency.
191 records sent, 38,2 records/sec (0,04 MB/sec), 26,2 ms avg latency, 648,0 ms max latency.
150 records sent, 28,9 records/sec (0,03 MB/sec), 34,5 ms avg latency, 1720,0 ms max latency.
296 records sent, 57,9 records/sec (0,06 MB/sec), 17,3 ms avg latency, 651,0 ms max latency.
246 records sent, 49,0 records/sec (0,05 MB/sec), 20,4 ms avg latency, 623,0 ms max latency.
228 records sent, 45,4 records/sec (0,04 MB/sec), 22,0 ms avg latency, 637,0 ms max latency.
268 records sent, 53,1 records/sec (0,05 MB/sec), 18,8 ms avg latency, 618,0 ms max latency.
205 records sent, 38,1 records/sec (0,04 MB/sec), 26,3 ms avg latency, 629,0 ms max latency.
199 records sent, 36,8 records/sec (0,04 MB/sec), 27,2 ms avg latency, 640,0 ms max latency.
189 records sent, 36,5 records/sec (0,03 MB/sec), 27,4 ms avg latency, 645,0 ms max latency.
254 records sent, 46,6 records/sec (0,04 MB/sec), 21,4 ms avg latency, 646,0 ms max latency.
247 records sent, 49,0 records/sec (0,05 MB/sec), 20,4 ms avg latency, 636,0 ms max latency.
255 records sent, 46,5 records/sec (0,04 MB/sec), 21,5 ms avg latency, 646,0 ms max latency.
219 records sent, 43,4 records/sec (0,04 MB/sec), 23,0 ms avg latency, 647,0 ms max latency.
158 records sent, 31,5 records/sec (0,03 MB/sec), 31,7 ms avg latency, 1508,0 ms max latency.
204 records sent, 39,4 records/sec (0,04 MB/sec), 25,4 ms avg latency, 209,0 ms max latency.
203 records sent, 37,6 records/sec (0,04 MB/sec), 26,6 ms avg latency, 645,0 ms max latency.
225 records sent, 43,4 records/sec (0,04 MB/sec), 23,0 ms avg latency, 209,0 ms max latency.
263 records sent, 52,4 records/sec (0,05 MB/sec), 19,1 ms avg latency, 209,0 ms max latency.
190 records sent, 36,4 records/sec (0,03 MB/sec), 27,5 ms avg latency, 647,0 ms max latency.
201 records sent, 38,7 records/sec (0,04 MB/sec), 25,8 ms avg latency, 637,0 ms max latency.
305 records sent, 59,8 records/sec (0,06 MB/sec), 16,7 ms avg latency, 621,0 ms max latency.
323 records sent, 63,1 records/sec (0,06 MB/sec), 15,8 ms avg latency, 644,0 ms max latency.
266 records sent, 52,7 records/sec (0,05 MB/sec), 19,0 ms avg latency, 645,0 ms max latency.
106 records sent, 20,6 records/sec (0,02 MB/sec), 48,5 ms avg latency, 1720,0 ms max latency.
204 records sent, 39,4 records/sec (0,04 MB/sec), 25,4 ms avg latency, 622,0 ms max latency.
207 records sent, 39,8 records/sec (0,04 MB/sec), 25,1 ms avg latency, 647,0 ms max latency.
260 records sent, 51,6 records/sec (0,05 MB/sec), 19,4 ms avg latency, 644,0 ms max latency.
284 records sent, 56,3 records/sec (0,05 MB/sec), 17,8 ms avg latency, 632,0 ms max latency.
244 records sent, 46,8 records/sec (0,04 MB/sec), 21,4 ms avg latency, 627,0 ms max latency.
145 records sent, 26,0 records/sec (0,02 MB/sec), 38,4 ms avg latency, 640,0 ms max latency.
336 records sent, 65,2 records/sec (0,06 MB/sec), 15,3 ms avg latency, 649,0 ms max latency.
276 records sent, 54,9 records/sec (0,05 MB/sec), 18,2 ms avg latency, 617,0 ms max latency.
186 records sent, 35,9 records/sec (0,03 MB/sec), 27,8 ms avg latency, 645,0 ms max latency.
185 records sent, 35,6 records/sec (0,03 MB/sec), 28,1 ms avg latency, 642,0 ms max latency.
232 records sent, 46,4 records/sec (0,04 MB/sec), 21,5 ms avg latency, 617,0 ms max latency.
316 records sent, 61,6 records/sec (0,06 MB/sec), 16,2 ms avg latency, 635,0 ms max latency.
225 records sent, 45,0 records/sec (0,04 MB/sec), 22,2 ms avg latency, 640,0 ms max latency.
230 records sent, 46,0 records/sec (0,04 MB/sec), 21,7 ms avg latency, 630,0 ms max latency.
255 records sent, 49,0 records/sec (0,05 MB/sec), 20,4 ms avg latency, 209,0 ms max latency.
197 records sent, 39,4 records/sec (0,04 MB/sec), 25,4 ms avg latency, 648,0 ms max latency.
192 records sent, 34,1 records/sec (0,03 MB/sec), 29,3 ms avg latency, 640,0 ms max latency.
119 records sent, 18,5 records/sec (0,02 MB/sec), 54,0 ms avg latency, 1528,0 ms max latency.
288 records sent, 56,7 records/sec (0,05 MB/sec), 17,6 ms avg latency, 640,0 ms max latency.
163 records sent, 30,1 records/sec (0,03 MB/sec), 33,2 ms avg latency, 1527,0 ms max latency.
249 records sent, 39,5 records/sec (0,04 MB/sec), 25,3 ms avg latency, 1507,0 ms max latency.
191 records sent, 33,9 records/sec (0,03 MB/sec), 29,5 ms avg latency, 1516,0 ms max latency.
291 records sent, 55,0 records/sec (0,05 MB/sec), 18,2 ms avg latency, 637,0 ms max latency.
167 records sent, 32,2 records/sec (0,03 MB/sec), 31,0 ms avg latency, 644,0 ms max latency.
277 records sent, 54,4 records/sec (0,05 MB/sec), 18,4 ms avg latency, 646,0 ms max latency.
309 records sent, 60,7 records/sec (0,06 MB/sec), 16,5 ms avg latency, 633,0 ms max latency.
80000 records sent, 45,331584 records/sec (0,04 MB/sec), 22,05 ms avg latency, 2143,00 ms max latency, 1 ms 50th, 207 ms 95th, 209 ms 99th, 647 ms 99.9th.

Metric Name                                                                          Value
app-info:commit-id:{client-id=producer-1}                                          : d12590634290dbc4
app-info:start-time-ms:{client-id=producer-1}                                      : 1593066392647
app-info:version:{client-id=producer-1}                                            : 2.3.1
kafka-metrics-count:count:{client-id=producer-1}                                   : 126,000
producer-metrics:batch-size-avg:{client-id=producer-1}                             : 1075,000
producer-metrics:batch-size-max:{client-id=producer-1}                             : 1075,000
producer-metrics:batch-split-rate:{client-id=producer-1}                           : 0,000
producer-metrics:batch-split-total:{client-id=producer-1}                          : 0,000
producer-metrics:buffer-available-bytes:{client-id=producer-1}                     : 33554432,000
producer-metrics:buffer-exhausted-rate:{client-id=producer-1}                      : 0,000
producer-metrics:buffer-exhausted-total:{client-id=producer-1}                     : 0,000
producer-metrics:buffer-total-bytes:{client-id=producer-1}                         : 33554432,000
producer-metrics:bufferpool-wait-ratio:{client-id=producer-1}                      : 0,000
producer-metrics:bufferpool-wait-time-total:{client-id=producer-1}                 : 0,000
producer-metrics:compression-rate-avg:{client-id=producer-1}                       : 1,000
producer-metrics:connection-close-rate:{client-id=producer-1}                      : 0,084
producer-metrics:connection-close-total:{client-id=producer-1}                     : 41,000
producer-metrics:connection-count:{client-id=producer-1}                           : 3,000
producer-metrics:connection-creation-rate:{client-id=producer-1}                   : 0,084
producer-metrics:connection-creation-total:{client-id=producer-1}                  : 44,000
producer-metrics:failed-authentication-rate:{client-id=producer-1}                 : 0,000
producer-metrics:failed-authentication-total:{client-id=producer-1}                : 0,000
producer-metrics:failed-reauthentication-rate:{client-id=producer-1}               : 0,000
producer-metrics:failed-reauthentication-total:{client-id=producer-1}              : 0,000
producer-metrics:incoming-byte-rate:{client-id=producer-1}                         : 2774,550
producer-metrics:incoming-byte-total:{client-id=producer-1}                        : 4984621,000
producer-metrics:io-ratio:{client-id=producer-1}                                   : 0,002
producer-metrics:io-time-ns-avg:{client-id=producer-1}                             : 12678,786
producer-metrics:io-wait-ratio:{client-id=producer-1}                              : 0,999
producer-metrics:io-wait-time-ns-avg:{client-id=producer-1}                        : 7520739,813
producer-metrics:io-waittime-total:{client-id=producer-1}                          : 1755779180188,000
producer-metrics:iotime-total:{client-id=producer-1}                               : 3305918874,000
producer-metrics:metadata-age:{client-id=producer-1}                               : 25,075
producer-metrics:network-io-rate:{client-id=producer-1}                            : 88,597
producer-metrics:network-io-total:{client-id=producer-1}                           : 160210,000
producer-metrics:outgoing-byte-rate:{client-id=producer-1}                         : 50606,209
producer-metrics:outgoing-byte-total:{client-id=producer-1}                        : 91637509,000
producer-metrics:produce-throttle-time-avg:{client-id=producer-1}                  : 0,000
producer-metrics:produce-throttle-time-max:{client-id=producer-1}                  : 0,000
producer-metrics:reauthentication-latency-avg:{client-id=producer-1}               : NaN
producer-metrics:reauthentication-latency-max:{client-id=producer-1}               : NaN
producer-metrics:record-error-rate:{client-id=producer-1}                          : 0,000
producer-metrics:record-error-total:{client-id=producer-1}                         : 0,000
producer-metrics:record-queue-time-avg:{client-id=producer-1}                      : 2,267
producer-metrics:record-queue-time-max:{client-id=producer-1}                      : 1526,000
producer-metrics:record-retry-rate:{client-id=producer-1}                          : 0,084
producer-metrics:record-retry-total:{client-id=producer-1}                         : 40,000
producer-metrics:record-send-rate:{client-id=producer-1}                           : 43,604
producer-metrics:record-send-total:{client-id=producer-1}                          : 80040,000
producer-metrics:record-size-avg:{client-id=producer-1}                            : 1091,000
producer-metrics:record-size-max:{client-id=producer-1}                            : 1091,000
producer-metrics:records-per-request-avg:{client-id=producer-1}                    : 1,000
producer-metrics:request-latency-avg:{client-id=producer-1}                        : 20,750
producer-metrics:request-latency-max:{client-id=producer-1}                        : 646,000
producer-metrics:request-rate:{client-id=producer-1}                               : 44,321
producer-metrics:request-size-avg:{client-id=producer-1}                           : 1141,767
producer-metrics:request-size-max:{client-id=producer-1}                           : 1145,000
producer-metrics:request-total:{client-id=producer-1}                              : 80125,000
producer-metrics:requests-in-flight:{client-id=producer-1}                         : 0,000
producer-metrics:response-rate:{client-id=producer-1}                              : 44,277
producer-metrics:response-total:{client-id=producer-1}                             : 80085,000
producer-metrics:select-rate:{client-id=producer-1}                                : 132,874
producer-metrics:select-total:{client-id=producer-1}                               : 240226,000
producer-metrics:successful-authentication-no-reauth-total:{client-id=producer-1}  : 0,000
producer-metrics:successful-authentication-rate:{client-id=producer-1}             : 0,000
producer-metrics:successful-authentication-total:{client-id=producer-1}            : 0,000
producer-metrics:successful-reauthentication-rate:{client-id=producer-1}           : 0,000
producer-metrics:successful-reauthentication-total:{client-id=producer-1}          : 0,000
producer-metrics:waiting-threads:{client-id=producer-1}                            : 0,000
producer-node-metrics:incoming-byte-rate:{client-id=producer-1, node-id=node--2}   : 0,000
producer-node-metrics:incoming-byte-rate:{client-id=producer-1, node-id=node-1}    : 929,095
producer-node-metrics:incoming-byte-rate:{client-id=producer-1, node-id=node-3}    : 924,728
producer-node-metrics:incoming-byte-rate:{client-id=producer-1, node-id=node-6}    : 913,534
producer-node-metrics:incoming-byte-total:{client-id=producer-1, node-id=node--2}  : 579,000
producer-node-metrics:incoming-byte-total:{client-id=producer-1, node-id=node-1}   : 1662013,000
producer-node-metrics:incoming-byte-total:{client-id=producer-1, node-id=node-3}   : 1668080,000
producer-node-metrics:incoming-byte-total:{client-id=producer-1, node-id=node-6}   : 1653949,000
producer-node-metrics:outgoing-byte-rate:{client-id=producer-1, node-id=node--2}   : 0,000
producer-node-metrics:outgoing-byte-rate:{client-id=producer-1, node-id=node-1}    : 16831,189
producer-node-metrics:outgoing-byte-rate:{client-id=producer-1, node-id=node-3}    : 16764,782
producer-node-metrics:outgoing-byte-rate:{client-id=producer-1, node-id=node-6}    : 16816,617
producer-node-metrics:outgoing-byte-total:{client-id=producer-1, node-id=node--2}  : 67,000
producer-node-metrics:outgoing-byte-total:{client-id=producer-1, node-id=node-1}   : 30569798,000
producer-node-metrics:outgoing-byte-total:{client-id=producer-1, node-id=node-3}   : 30661370,000
producer-node-metrics:outgoing-byte-total:{client-id=producer-1, node-id=node-6}   : 30406274,000
producer-node-metrics:request-latency-avg:{client-id=producer-1, node-id=node--2}  : NaN
producer-node-metrics:request-latency-avg:{client-id=producer-1, node-id=node-1}   : 17,886
producer-node-metrics:request-latency-avg:{client-id=producer-1, node-id=node-3}   : 18,707
producer-node-metrics:request-latency-avg:{client-id=producer-1, node-id=node-6}   : 24,108
producer-node-metrics:request-latency-max:{client-id=producer-1, node-id=node--2}  : NaN
producer-node-metrics:request-latency-max:{client-id=producer-1, node-id=node-1}   : 623,000
producer-node-metrics:request-latency-max:{client-id=producer-1, node-id=node-3}   : 646,000
producer-node-metrics:request-latency-max:{client-id=producer-1, node-id=node-6}   : 644,000
producer-node-metrics:request-rate:{client-id=producer-1, node-id=node--2}         : 0,000
producer-node-metrics:request-rate:{client-id=producer-1, node-id=node-1}          : 14,744
producer-node-metrics:request-rate:{client-id=producer-1, node-id=node-3}          : 14,708
producer-node-metrics:request-rate:{client-id=producer-1, node-id=node-6}          : 14,707
producer-node-metrics:request-size-avg:{client-id=producer-1, node-id=node--2}     : NaN
producer-node-metrics:request-size-avg:{client-id=producer-1, node-id=node-1}      : 1141,499
producer-node-metrics:request-size-avg:{client-id=producer-1, node-id=node-3}      : 1139,824
producer-node-metrics:request-size-avg:{client-id=producer-1, node-id=node-6}      : 1143,382
producer-node-metrics:request-size-max:{client-id=producer-1, node-id=node--2}     : NaN
producer-node-metrics:request-size-max:{client-id=producer-1, node-id=node-1}      : 1145,000
producer-node-metrics:request-size-max:{client-id=producer-1, node-id=node-3}      : 1145,000
producer-node-metrics:request-size-max:{client-id=producer-1, node-id=node-6}      : 1145,000
producer-node-metrics:request-total:{client-id=producer-1, node-id=node--2}        : 2,000
producer-node-metrics:request-total:{client-id=producer-1, node-id=node-1}         : 26726,000
producer-node-metrics:request-total:{client-id=producer-1, node-id=node-3}         : 26811,000
producer-node-metrics:request-total:{client-id=producer-1, node-id=node-6}         : 26586,000
producer-node-metrics:response-rate:{client-id=producer-1, node-id=node--2}        : 0,000
producer-node-metrics:response-rate:{client-id=producer-1, node-id=node-1}         : 14,819
producer-node-metrics:response-rate:{client-id=producer-1, node-id=node-3}         : 14,663
producer-node-metrics:response-rate:{client-id=producer-1, node-id=node-6}         : 14,656
producer-node-metrics:response-total:{client-id=producer-1, node-id=node--2}       : 2,000
producer-node-metrics:response-total:{client-id=producer-1, node-id=node-1}        : 26715,000
producer-node-metrics:response-total:{client-id=producer-1, node-id=node-3}        : 26794,000
producer-node-metrics:response-total:{client-id=producer-1, node-id=node-6}        : 26574,000
producer-topic-metrics:byte-rate:{client-id=producer-1, topic=test-topic}          : 46874,393
producer-topic-metrics:byte-total:{client-id=producer-1, topic=test-topic}         : 86031890,000
producer-topic-metrics:compression-rate:{client-id=producer-1, topic=test-topic}   : 1,000
producer-topic-metrics:record-error-rate:{client-id=producer-1, topic=test-topic}  : 0,000
producer-topic-metrics:record-error-total:{client-id=producer-1, topic=test-topic} : 0,000
producer-topic-metrics:record-retry-rate:{client-id=producer-1, topic=test-topic}  : 0,084
producer-topic-metrics:record-retry-total:{client-id=producer-1, topic=test-topic} : 40,000
producer-topic-metrics:record-send-rate:{client-id=producer-1, topic=test-topic}   : 43,604
producer-topic-metrics:record-send-total:{client-id=producer-1, topic=test-topic}  : 80040,000
Produce Time: 1764.773
Aplication time: 1765.449
*****Produção finalizada, esperando 180 s para buscar WM*****
Water mark: 480000
