Topic to send: test-topic
Topic to acks: 1
Records: 80000
Size:1000
181 records sent, 36,2 records/sec (0,03 MB/sec), 27,5 ms avg latency, 637,0 ms max latency.
188 records sent, 36,8 records/sec (0,04 MB/sec), 27,1 ms avg latency, 643,0 ms max latency.
328 records sent, 64,0 records/sec (0,06 MB/sec), 15,6 ms avg latency, 649,0 ms max latency.
296 records sent, 52,8 records/sec (0,05 MB/sec), 18,9 ms avg latency, 632,0 ms max latency.
156 records sent, 31,1 records/sec (0,03 MB/sec), 32,2 ms avg latency, 640,0 ms max latency.
321 records sent, 61,7 records/sec (0,06 MB/sec), 16,2 ms avg latency, 646,0 ms max latency.
157 records sent, 30,5 records/sec (0,03 MB/sec), 32,8 ms avg latency, 209,0 ms max latency.
157 records sent, 31,4 records/sec (0,03 MB/sec), 31,9 ms avg latency, 646,0 ms max latency.
162 records sent, 32,4 records/sec (0,03 MB/sec), 30,9 ms avg latency, 641,0 ms max latency.
285 records sent, 55,9 records/sec (0,05 MB/sec), 17,9 ms avg latency, 214,0 ms max latency.
206 records sent, 41,0 records/sec (0,04 MB/sec), 24,4 ms avg latency, 643,0 ms max latency.
216 records sent, 41,1 records/sec (0,04 MB/sec), 24,3 ms avg latency, 642,0 ms max latency.
310 records sent, 60,7 records/sec (0,06 MB/sec), 16,5 ms avg latency, 209,0 ms max latency.
311 records sent, 62,0 records/sec (0,06 MB/sec), 16,1 ms avg latency, 1526,0 ms max latency.
186 records sent, 36,9 records/sec (0,04 MB/sec), 27,1 ms avg latency, 1535,0 ms max latency.
273 records sent, 53,7 records/sec (0,05 MB/sec), 18,6 ms avg latency, 212,0 ms max latency.
148 records sent, 29,6 records/sec (0,03 MB/sec), 33,8 ms avg latency, 1727,0 ms max latency.
260 records sent, 51,0 records/sec (0,05 MB/sec), 19,6 ms avg latency, 647,0 ms max latency.
198 records sent, 37,7 records/sec (0,04 MB/sec), 26,5 ms avg latency, 646,0 ms max latency.
259 records sent, 50,9 records/sec (0,05 MB/sec), 19,6 ms avg latency, 647,0 ms max latency.
243 records sent, 48,1 records/sec (0,05 MB/sec), 20,8 ms avg latency, 647,0 ms max latency.
398 records sent, 79,6 records/sec (0,08 MB/sec), 12,6 ms avg latency, 652,0 ms max latency.
328 records sent, 63,6 records/sec (0,06 MB/sec), 15,7 ms avg latency, 627,0 ms max latency.
189 records sent, 36,3 records/sec (0,03 MB/sec), 27,5 ms avg latency, 640,0 ms max latency.
206 records sent, 38,1 records/sec (0,04 MB/sec), 26,2 ms avg latency, 640,0 ms max latency.
203 records sent, 40,6 records/sec (0,04 MB/sec), 24,6 ms avg latency, 648,0 ms max latency.
215 records sent, 42,7 records/sec (0,04 MB/sec), 23,4 ms avg latency, 644,0 ms max latency.
259 records sent, 51,5 records/sec (0,05 MB/sec), 19,4 ms avg latency, 625,0 ms max latency.
267 records sent, 52,8 records/sec (0,05 MB/sec), 18,9 ms avg latency, 639,0 ms max latency.
170 records sent, 34,0 records/sec (0,03 MB/sec), 29,4 ms avg latency, 648,0 ms max latency.
282 records sent, 55,6 records/sec (0,05 MB/sec), 18,0 ms avg latency, 639,0 ms max latency.
216 records sent, 42,9 records/sec (0,04 MB/sec), 23,3 ms avg latency, 648,0 ms max latency.
277 records sent, 54,6 records/sec (0,05 MB/sec), 18,3 ms avg latency, 639,0 ms max latency.
266 records sent, 52,9 records/sec (0,05 MB/sec), 18,9 ms avg latency, 624,0 ms max latency.
305 records sent, 60,1 records/sec (0,06 MB/sec), 16,6 ms avg latency, 638,0 ms max latency.
160 records sent, 30,9 records/sec (0,03 MB/sec), 32,3 ms avg latency, 1511,0 ms max latency.
263 records sent, 51,7 records/sec (0,05 MB/sec), 19,3 ms avg latency, 1719,0 ms max latency.
245 records sent, 48,9 records/sec (0,05 MB/sec), 20,4 ms avg latency, 633,0 ms max latency.
297 records sent, 56,5 records/sec (0,05 MB/sec), 17,7 ms avg latency, 619,0 ms max latency.
209 records sent, 38,7 records/sec (0,04 MB/sec), 25,9 ms avg latency, 635,0 ms max latency.
153 records sent, 28,3 records/sec (0,03 MB/sec), 35,3 ms avg latency, 646,0 ms max latency.
370 records sent, 72,0 records/sec (0,07 MB/sec), 13,9 ms avg latency, 636,0 ms max latency.
310 records sent, 60,7 records/sec (0,06 MB/sec), 16,5 ms avg latency, 632,0 ms max latency.
322 records sent, 63,3 records/sec (0,06 MB/sec), 15,8 ms avg latency, 209,0 ms max latency.
322 records sent, 63,6 records/sec (0,06 MB/sec), 15,7 ms avg latency, 209,0 ms max latency.
219 records sent, 43,7 records/sec (0,04 MB/sec), 22,9 ms avg latency, 634,0 ms max latency.
316 records sent, 62,3 records/sec (0,06 MB/sec), 16,0 ms avg latency, 209,0 ms max latency.
214 records sent, 42,8 records/sec (0,04 MB/sec), 23,3 ms avg latency, 642,0 ms max latency.
237 records sent, 47,1 records/sec (0,04 MB/sec), 21,2 ms avg latency, 646,0 ms max latency.
199 records sent, 38,4 records/sec (0,04 MB/sec), 26,0 ms avg latency, 639,0 ms max latency.
273 records sent, 49,9 records/sec (0,05 MB/sec), 20,0 ms avg latency, 648,0 ms max latency.
298 records sent, 58,9 records/sec (0,06 MB/sec), 16,9 ms avg latency, 210,0 ms max latency.
207 records sent, 37,0 records/sec (0,04 MB/sec), 27,0 ms avg latency, 635,0 ms max latency.
243 records sent, 48,6 records/sec (0,05 MB/sec), 20,6 ms avg latency, 209,0 ms max latency.
231 records sent, 44,5 records/sec (0,04 MB/sec), 22,4 ms avg latency, 209,0 ms max latency.
292 records sent, 57,9 records/sec (0,06 MB/sec), 17,3 ms avg latency, 624,0 ms max latency.
373 records sent, 72,7 records/sec (0,07 MB/sec), 13,7 ms avg latency, 636,0 ms max latency.
251 records sent, 50,0 records/sec (0,05 MB/sec), 20,0 ms avg latency, 642,0 ms max latency.
187 records sent, 36,1 records/sec (0,03 MB/sec), 27,7 ms avg latency, 640,0 ms max latency.
174 records sent, 34,8 records/sec (0,03 MB/sec), 28,8 ms avg latency, 643,0 ms max latency.
176 records sent, 35,0 records/sec (0,03 MB/sec), 28,5 ms avg latency, 1512,0 ms max latency.
251 records sent, 49,8 records/sec (0,05 MB/sec), 20,1 ms avg latency, 635,0 ms max latency.
179 records sent, 34,8 records/sec (0,03 MB/sec), 28,8 ms avg latency, 647,0 ms max latency.
229 records sent, 45,6 records/sec (0,04 MB/sec), 21,9 ms avg latency, 1501,0 ms max latency.
172 records sent, 34,3 records/sec (0,03 MB/sec), 29,1 ms avg latency, 1713,0 ms max latency.
231 records sent, 44,2 records/sec (0,04 MB/sec), 22,6 ms avg latency, 641,0 ms max latency.
321 records sent, 63,1 records/sec (0,06 MB/sec), 15,8 ms avg latency, 633,0 ms max latency.
339 records sent, 66,3 records/sec (0,06 MB/sec), 15,1 ms avg latency, 632,0 ms max latency.
321 records sent, 50,2 records/sec (0,05 MB/sec), 19,9 ms avg latency, 1534,0 ms max latency.
238 records sent, 47,4 records/sec (0,05 MB/sec), 21,1 ms avg latency, 636,0 ms max latency.
196 records sent, 37,7 records/sec (0,04 MB/sec), 26,5 ms avg latency, 638,0 ms max latency.
226 records sent, 45,2 records/sec (0,04 MB/sec), 22,1 ms avg latency, 637,0 ms max latency.
239 records sent, 47,7 records/sec (0,05 MB/sec), 21,0 ms avg latency, 643,0 ms max latency.
224 records sent, 44,8 records/sec (0,04 MB/sec), 22,3 ms avg latency, 643,0 ms max latency.
346 records sent, 67,3 records/sec (0,06 MB/sec), 14,8 ms avg latency, 631,0 ms max latency.
255 records sent, 50,8 records/sec (0,05 MB/sec), 19,7 ms avg latency, 642,0 ms max latency.
268 records sent, 53,5 records/sec (0,05 MB/sec), 18,7 ms avg latency, 624,0 ms max latency.
206 records sent, 41,2 records/sec (0,04 MB/sec), 24,3 ms avg latency, 645,0 ms max latency.
156 records sent, 30,1 records/sec (0,03 MB/sec), 33,3 ms avg latency, 1521,0 ms max latency.
220 records sent, 43,7 records/sec (0,04 MB/sec), 22,9 ms avg latency, 1518,0 ms max latency.
248 records sent, 45,7 records/sec (0,04 MB/sec), 21,9 ms avg latency, 621,0 ms max latency.
213 records sent, 42,6 records/sec (0,04 MB/sec), 23,5 ms avg latency, 643,0 ms max latency.
387 records sent, 74,7 records/sec (0,07 MB/sec), 13,4 ms avg latency, 641,0 ms max latency.
298 records sent, 58,7 records/sec (0,06 MB/sec), 17,0 ms avg latency, 647,0 ms max latency.
188 records sent, 37,6 records/sec (0,04 MB/sec), 26,6 ms avg latency, 641,0 ms max latency.
152 records sent, 29,5 records/sec (0,03 MB/sec), 33,9 ms avg latency, 644,0 ms max latency.
304 records sent, 46,2 records/sec (0,04 MB/sec), 21,6 ms avg latency, 1711,0 ms max latency.
215 records sent, 41,4 records/sec (0,04 MB/sec), 24,1 ms avg latency, 640,0 ms max latency.
146 records sent, 28,4 records/sec (0,03 MB/sec), 35,2 ms avg latency, 649,0 ms max latency.
207 records sent, 39,8 records/sec (0,04 MB/sec), 25,1 ms avg latency, 638,0 ms max latency.
127 records sent, 24,5 records/sec (0,02 MB/sec), 40,9 ms avg latency, 1500,0 ms max latency.
235 records sent, 45,2 records/sec (0,04 MB/sec), 22,1 ms avg latency, 209,0 ms max latency.
285 records sent, 56,4 records/sec (0,05 MB/sec), 17,7 ms avg latency, 209,0 ms max latency.
227 records sent, 45,3 records/sec (0,04 MB/sec), 22,1 ms avg latency, 632,0 ms max latency.
151 records sent, 27,9 records/sec (0,03 MB/sec), 35,8 ms avg latency, 1531,0 ms max latency.
210 records sent, 40,4 records/sec (0,04 MB/sec), 24,7 ms avg latency, 644,0 ms max latency.
323 records sent, 63,0 records/sec (0,06 MB/sec), 15,9 ms avg latency, 649,0 ms max latency.
260 records sent, 51,6 records/sec (0,05 MB/sec), 19,4 ms avg latency, 643,0 ms max latency.
234 records sent, 45,0 records/sec (0,04 MB/sec), 22,2 ms avg latency, 627,0 ms max latency.
346 records sent, 67,7 records/sec (0,06 MB/sec), 14,8 ms avg latency, 626,0 ms max latency.
312 records sent, 61,7 records/sec (0,06 MB/sec), 16,2 ms avg latency, 209,0 ms max latency.
330 records sent, 64,8 records/sec (0,06 MB/sec), 15,4 ms avg latency, 636,0 ms max latency.
293 records sent, 57,5 records/sec (0,05 MB/sec), 17,4 ms avg latency, 213,0 ms max latency.
192 records sent, 37,2 records/sec (0,04 MB/sec), 26,9 ms avg latency, 628,0 ms max latency.
278 records sent, 50,5 records/sec (0,05 MB/sec), 19,8 ms avg latency, 638,0 ms max latency.
279 records sent, 55,0 records/sec (0,05 MB/sec), 18,2 ms avg latency, 645,0 ms max latency.
263 records sent, 52,6 records/sec (0,05 MB/sec), 19,0 ms avg latency, 209,0 ms max latency.
162 records sent, 32,2 records/sec (0,03 MB/sec), 31,0 ms avg latency, 1510,0 ms max latency.
189 records sent, 36,4 records/sec (0,03 MB/sec), 27,5 ms avg latency, 625,0 ms max latency.
239 records sent, 45,9 records/sec (0,04 MB/sec), 21,8 ms avg latency, 619,0 ms max latency.
160 records sent, 30,9 records/sec (0,03 MB/sec), 32,3 ms avg latency, 649,0 ms max latency.
229 records sent, 44,0 records/sec (0,04 MB/sec), 22,7 ms avg latency, 632,0 ms max latency.
240 records sent, 47,4 records/sec (0,05 MB/sec), 21,1 ms avg latency, 649,0 ms max latency.
282 records sent, 56,0 records/sec (0,05 MB/sec), 17,9 ms avg latency, 618,0 ms max latency.
254 records sent, 49,9 records/sec (0,05 MB/sec), 20,0 ms avg latency, 648,0 ms max latency.
279 records sent, 55,2 records/sec (0,05 MB/sec), 18,1 ms avg latency, 635,0 ms max latency.
341 records sent, 66,3 records/sec (0,06 MB/sec), 15,1 ms avg latency, 640,0 ms max latency.
128 records sent, 22,5 records/sec (0,02 MB/sec), 44,4 ms avg latency, 1538,0 ms max latency.
170 records sent, 33,9 records/sec (0,03 MB/sec), 29,5 ms avg latency, 648,0 ms max latency.
182 records sent, 36,2 records/sec (0,03 MB/sec), 27,6 ms avg latency, 1528,0 ms max latency.
337 records sent, 65,8 records/sec (0,06 MB/sec), 15,2 ms avg latency, 620,0 ms max latency.
178 records sent, 34,3 records/sec (0,03 MB/sec), 29,2 ms avg latency, 643,0 ms max latency.
244 records sent, 48,6 records/sec (0,05 MB/sec), 20,6 ms avg latency, 209,0 ms max latency.
332 records sent, 64,6 records/sec (0,06 MB/sec), 15,5 ms avg latency, 636,0 ms max latency.
224 records sent, 44,3 records/sec (0,04 MB/sec), 22,6 ms avg latency, 637,0 ms max latency.
364 records sent, 70,6 records/sec (0,07 MB/sec), 14,2 ms avg latency, 209,0 ms max latency.
205 records sent, 39,4 records/sec (0,04 MB/sec), 25,4 ms avg latency, 637,0 ms max latency.
215 records sent, 39,4 records/sec (0,04 MB/sec), 25,4 ms avg latency, 646,0 ms max latency.
211 records sent, 39,7 records/sec (0,04 MB/sec), 25,2 ms avg latency, 1524,0 ms max latency.
109 records sent, 20,4 records/sec (0,02 MB/sec), 49,0 ms avg latency, 1508,0 ms max latency.
255 records sent, 50,4 records/sec (0,05 MB/sec), 19,8 ms avg latency, 636,0 ms max latency.
240 records sent, 47,7 records/sec (0,05 MB/sec), 20,9 ms avg latency, 637,0 ms max latency.
297 records sent, 58,4 records/sec (0,06 MB/sec), 17,1 ms avg latency, 633,0 ms max latency.
327 records sent, 63,9 records/sec (0,06 MB/sec), 15,6 ms avg latency, 634,0 ms max latency.
227 records sent, 44,9 records/sec (0,04 MB/sec), 22,3 ms avg latency, 649,0 ms max latency.
280 records sent, 55,1 records/sec (0,05 MB/sec), 18,1 ms avg latency, 629,0 ms max latency.
234 records sent, 46,1 records/sec (0,04 MB/sec), 21,7 ms avg latency, 637,0 ms max latency.
257 records sent, 50,8 records/sec (0,05 MB/sec), 19,7 ms avg latency, 649,0 ms max latency.
236 records sent, 47,0 records/sec (0,04 MB/sec), 21,3 ms avg latency, 636,0 ms max latency.
277 records sent, 54,6 records/sec (0,05 MB/sec), 18,3 ms avg latency, 639,0 ms max latency.
251 records sent, 44,1 records/sec (0,04 MB/sec), 22,7 ms avg latency, 1502,0 ms max latency.
334 records sent, 65,5 records/sec (0,06 MB/sec), 15,3 ms avg latency, 640,0 ms max latency.
220 records sent, 44,0 records/sec (0,04 MB/sec), 22,7 ms avg latency, 636,0 ms max latency.
172 records sent, 33,2 records/sec (0,03 MB/sec), 30,1 ms avg latency, 647,0 ms max latency.
298 records sent, 58,2 records/sec (0,06 MB/sec), 17,2 ms avg latency, 212,0 ms max latency.
228 records sent, 37,3 records/sec (0,04 MB/sec), 26,8 ms avg latency, 1526,0 ms max latency.
253 records sent, 50,1 records/sec (0,05 MB/sec), 19,9 ms avg latency, 639,0 ms max latency.
235 records sent, 46,2 records/sec (0,04 MB/sec), 21,6 ms avg latency, 1519,0 ms max latency.
215 records sent, 42,6 records/sec (0,04 MB/sec), 23,5 ms avg latency, 640,0 ms max latency.
176 records sent, 31,5 records/sec (0,03 MB/sec), 31,8 ms avg latency, 636,0 ms max latency.
220 records sent, 43,8 records/sec (0,04 MB/sec), 22,8 ms avg latency, 639,0 ms max latency.
229 records sent, 44,0 records/sec (0,04 MB/sec), 22,7 ms avg latency, 209,0 ms max latency.
293 records sent, 56,8 records/sec (0,05 MB/sec), 17,6 ms avg latency, 1539,0 ms max latency.
340 records sent, 66,3 records/sec (0,06 MB/sec), 15,1 ms avg latency, 631,0 ms max latency.
300 records sent, 58,8 records/sec (0,06 MB/sec), 17,0 ms avg latency, 634,0 ms max latency.
201 records sent, 40,2 records/sec (0,04 MB/sec), 24,9 ms avg latency, 638,0 ms max latency.
208 records sent, 41,5 records/sec (0,04 MB/sec), 24,1 ms avg latency, 647,0 ms max latency.
257 records sent, 50,8 records/sec (0,05 MB/sec), 19,7 ms avg latency, 644,0 ms max latency.
189 records sent, 36,6 records/sec (0,03 MB/sec), 27,3 ms avg latency, 633,0 ms max latency.
264 records sent, 52,3 records/sec (0,05 MB/sec), 19,1 ms avg latency, 636,0 ms max latency.
239 records sent, 47,2 records/sec (0,04 MB/sec), 21,2 ms avg latency, 639,0 ms max latency.
192 records sent, 37,2 records/sec (0,04 MB/sec), 26,9 ms avg latency, 625,0 ms max latency.
159 records sent, 31,7 records/sec (0,03 MB/sec), 31,5 ms avg latency, 1502,0 ms max latency.
285 records sent, 55,7 records/sec (0,05 MB/sec), 18,0 ms avg latency, 1504,0 ms max latency.
263 records sent, 52,1 records/sec (0,05 MB/sec), 19,2 ms avg latency, 632,0 ms max latency.
212 records sent, 40,9 records/sec (0,04 MB/sec), 24,4 ms avg latency, 624,0 ms max latency.
283 records sent, 55,8 records/sec (0,05 MB/sec), 17,9 ms avg latency, 645,0 ms max latency.
305 records sent, 46,2 records/sec (0,04 MB/sec), 21,7 ms avg latency, 1731,0 ms max latency.
258 records sent, 51,1 records/sec (0,05 MB/sec), 19,6 ms avg latency, 638,0 ms max latency.
229 records sent, 45,3 records/sec (0,04 MB/sec), 22,1 ms avg latency, 649,0 ms max latency.
175 records sent, 33,9 records/sec (0,03 MB/sec), 29,5 ms avg latency, 635,0 ms max latency.
218 records sent, 41,9 records/sec (0,04 MB/sec), 23,8 ms avg latency, 209,0 ms max latency.
238 records sent, 47,4 records/sec (0,05 MB/sec), 21,1 ms avg latency, 644,0 ms max latency.
264 records sent, 52,6 records/sec (0,05 MB/sec), 19,0 ms avg latency, 628,0 ms max latency.
188 records sent, 36,5 records/sec (0,03 MB/sec), 27,4 ms avg latency, 626,0 ms max latency.
143 records sent, 27,6 records/sec (0,03 MB/sec), 36,2 ms avg latency, 1721,0 ms max latency.
319 records sent, 62,8 records/sec (0,06 MB/sec), 15,9 ms avg latency, 209,0 ms max latency.
218 records sent, 43,6 records/sec (0,04 MB/sec), 22,9 ms avg latency, 638,0 ms max latency.
273 records sent, 54,2 records/sec (0,05 MB/sec), 18,4 ms avg latency, 209,0 ms max latency.
215 records sent, 33,1 records/sec (0,03 MB/sec), 30,2 ms avg latency, 1724,0 ms max latency.
257 records sent, 50,7 records/sec (0,05 MB/sec), 19,7 ms avg latency, 643,0 ms max latency.
167 records sent, 32,3 records/sec (0,03 MB/sec), 31,0 ms avg latency, 639,0 ms max latency.
228 records sent, 45,6 records/sec (0,04 MB/sec), 21,9 ms avg latency, 623,0 ms max latency.
221 records sent, 44,1 records/sec (0,04 MB/sec), 22,7 ms avg latency, 632,0 ms max latency.
266 records sent, 52,4 records/sec (0,05 MB/sec), 19,1 ms avg latency, 638,0 ms max latency.
204 records sent, 40,5 records/sec (0,04 MB/sec), 24,7 ms avg latency, 1720,0 ms max latency.
206 records sent, 39,7 records/sec (0,04 MB/sec), 25,2 ms avg latency, 634,0 ms max latency.
208 records sent, 40,1 records/sec (0,04 MB/sec), 24,9 ms avg latency, 628,0 ms max latency.
181 records sent, 35,0 records/sec (0,03 MB/sec), 28,6 ms avg latency, 646,0 ms max latency.
224 records sent, 42,9 records/sec (0,04 MB/sec), 23,3 ms avg latency, 646,0 ms max latency.
261 records sent, 51,8 records/sec (0,05 MB/sec), 19,3 ms avg latency, 643,0 ms max latency.
186 records sent, 37,2 records/sec (0,04 MB/sec), 26,9 ms avg latency, 646,0 ms max latency.
212 records sent, 40,9 records/sec (0,04 MB/sec), 24,4 ms avg latency, 619,0 ms max latency.
242 records sent, 48,4 records/sec (0,05 MB/sec), 20,6 ms avg latency, 619,0 ms max latency.
274 records sent, 54,2 records/sec (0,05 MB/sec), 18,5 ms avg latency, 638,0 ms max latency.
225 records sent, 44,7 records/sec (0,04 MB/sec), 22,4 ms avg latency, 644,0 ms max latency.
186 records sent, 36,2 records/sec (0,03 MB/sec), 27,7 ms avg latency, 622,0 ms max latency.
244 records sent, 44,7 records/sec (0,04 MB/sec), 22,4 ms avg latency, 644,0 ms max latency.
357 records sent, 69,7 records/sec (0,07 MB/sec), 14,3 ms avg latency, 626,0 ms max latency.
105 records sent, 20,2 records/sec (0,02 MB/sec), 49,4 ms avg latency, 1739,0 ms max latency.
314 records sent, 59,2 records/sec (0,06 MB/sec), 16,9 ms avg latency, 639,0 ms max latency.
253 records sent, 50,6 records/sec (0,05 MB/sec), 19,8 ms avg latency, 209,0 ms max latency.
321 records sent, 63,0 records/sec (0,06 MB/sec), 15,9 ms avg latency, 618,0 ms max latency.
167 records sent, 32,4 records/sec (0,03 MB/sec), 30,9 ms avg latency, 640,0 ms max latency.
182 records sent, 36,4 records/sec (0,03 MB/sec), 27,5 ms avg latency, 648,0 ms max latency.
320 records sent, 62,7 records/sec (0,06 MB/sec), 15,9 ms avg latency, 632,0 ms max latency.
206 records sent, 36,7 records/sec (0,03 MB/sec), 27,3 ms avg latency, 632,0 ms max latency.
275 records sent, 54,8 records/sec (0,05 MB/sec), 18,2 ms avg latency, 209,0 ms max latency.
202 records sent, 38,8 records/sec (0,04 MB/sec), 25,7 ms avg latency, 640,0 ms max latency.
229 records sent, 44,0 records/sec (0,04 MB/sec), 22,7 ms avg latency, 631,0 ms max latency.
288 records sent, 56,7 records/sec (0,05 MB/sec), 17,6 ms avg latency, 648,0 ms max latency.
237 records sent, 43,5 records/sec (0,04 MB/sec), 23,0 ms avg latency, 647,0 ms max latency.
231 records sent, 45,8 records/sec (0,04 MB/sec), 21,8 ms avg latency, 636,0 ms max latency.
215 records sent, 43,0 records/sec (0,04 MB/sec), 23,2 ms avg latency, 638,0 ms max latency.
193 records sent, 35,4 records/sec (0,03 MB/sec), 28,2 ms avg latency, 1527,0 ms max latency.
250 records sent, 49,5 records/sec (0,05 MB/sec), 20,2 ms avg latency, 639,0 ms max latency.
197 records sent, 37,9 records/sec (0,04 MB/sec), 26,4 ms avg latency, 649,0 ms max latency.
351 records sent, 63,5 records/sec (0,06 MB/sec), 15,7 ms avg latency, 623,0 ms max latency.
196 records sent, 39,2 records/sec (0,04 MB/sec), 25,5 ms avg latency, 642,0 ms max latency.
212 records sent, 42,3 records/sec (0,04 MB/sec), 23,6 ms avg latency, 645,0 ms max latency.
273 records sent, 54,3 records/sec (0,05 MB/sec), 18,4 ms avg latency, 210,0 ms max latency.
329 records sent, 59,2 records/sec (0,06 MB/sec), 16,9 ms avg latency, 645,0 ms max latency.
224 records sent, 43,0 records/sec (0,04 MB/sec), 23,2 ms avg latency, 630,0 ms max latency.
181 records sent, 33,2 records/sec (0,03 MB/sec), 30,1 ms avg latency, 1533,0 ms max latency.
211 records sent, 42,2 records/sec (0,04 MB/sec), 23,7 ms avg latency, 637,0 ms max latency.
200 records sent, 40,0 records/sec (0,04 MB/sec), 25,0 ms avg latency, 637,0 ms max latency.
289 records sent, 56,8 records/sec (0,05 MB/sec), 17,6 ms avg latency, 624,0 ms max latency.
289 records sent, 57,2 records/sec (0,05 MB/sec), 17,5 ms avg latency, 626,0 ms max latency.
188 records sent, 36,2 records/sec (0,03 MB/sec), 27,6 ms avg latency, 647,0 ms max latency.
240 records sent, 47,8 records/sec (0,05 MB/sec), 20,9 ms avg latency, 649,0 ms max latency.
221 records sent, 44,1 records/sec (0,04 MB/sec), 22,7 ms avg latency, 640,0 ms max latency.
169 records sent, 32,9 records/sec (0,03 MB/sec), 30,4 ms avg latency, 626,0 ms max latency.
209 records sent, 40,2 records/sec (0,04 MB/sec), 24,9 ms avg latency, 636,0 ms max latency.
229 records sent, 45,7 records/sec (0,04 MB/sec), 21,9 ms avg latency, 634,0 ms max latency.
224 records sent, 44,3 records/sec (0,04 MB/sec), 22,6 ms avg latency, 1502,0 ms max latency.
203 records sent, 38,5 records/sec (0,04 MB/sec), 25,9 ms avg latency, 1520,0 ms max latency.
309 records sent, 61,2 records/sec (0,06 MB/sec), 16,3 ms avg latency, 208,0 ms max latency.
228 records sent, 45,6 records/sec (0,04 MB/sec), 21,9 ms avg latency, 630,0 ms max latency.
276 records sent, 54,8 records/sec (0,05 MB/sec), 18,2 ms avg latency, 620,0 ms max latency.
275 records sent, 54,2 records/sec (0,05 MB/sec), 18,4 ms avg latency, 628,0 ms max latency.
251 records sent, 47,9 records/sec (0,05 MB/sec), 20,8 ms avg latency, 649,0 ms max latency.
244 records sent, 48,8 records/sec (0,05 MB/sec), 20,5 ms avg latency, 209,0 ms max latency.
231 records sent, 46,2 records/sec (0,04 MB/sec), 21,6 ms avg latency, 639,0 ms max latency.
282 records sent, 55,9 records/sec (0,05 MB/sec), 17,9 ms avg latency, 619,0 ms max latency.
185 records sent, 36,9 records/sec (0,04 MB/sec), 27,1 ms avg latency, 1510,0 ms max latency.
227 records sent, 43,7 records/sec (0,04 MB/sec), 22,9 ms avg latency, 209,0 ms max latency.
166 records sent, 32,1 records/sec (0,03 MB/sec), 31,2 ms avg latency, 647,0 ms max latency.
188 records sent, 36,5 records/sec (0,03 MB/sec), 27,4 ms avg latency, 209,0 ms max latency.
202 records sent, 40,0 records/sec (0,04 MB/sec), 25,0 ms avg latency, 1527,0 ms max latency.
224 records sent, 43,2 records/sec (0,04 MB/sec), 23,2 ms avg latency, 209,0 ms max latency.
127 records sent, 24,5 records/sec (0,02 MB/sec), 40,7 ms avg latency, 649,0 ms max latency.
350 records sent, 68,3 records/sec (0,07 MB/sec), 14,6 ms avg latency, 639,0 ms max latency.
240 records sent, 47,8 records/sec (0,05 MB/sec), 20,9 ms avg latency, 643,0 ms max latency.
238 records sent, 47,5 records/sec (0,05 MB/sec), 21,0 ms avg latency, 626,0 ms max latency.
277 records sent, 54,9 records/sec (0,05 MB/sec), 18,2 ms avg latency, 635,0 ms max latency.
328 records sent, 64,2 records/sec (0,06 MB/sec), 15,5 ms avg latency, 632,0 ms max latency.
231 records sent, 46,2 records/sec (0,04 MB/sec), 21,6 ms avg latency, 639,0 ms max latency.
245 records sent, 49,0 records/sec (0,05 MB/sec), 20,4 ms avg latency, 210,0 ms max latency.
261 records sent, 51,8 records/sec (0,05 MB/sec), 19,3 ms avg latency, 635,0 ms max latency.
344 records sent, 62,4 records/sec (0,06 MB/sec), 16,0 ms avg latency, 636,0 ms max latency.
279 records sent, 55,5 records/sec (0,05 MB/sec), 18,0 ms avg latency, 620,0 ms max latency.
146 records sent, 28,6 records/sec (0,03 MB/sec), 35,0 ms avg latency, 624,0 ms max latency.
275 records sent, 43,2 records/sec (0,04 MB/sec), 23,1 ms avg latency, 1522,0 ms max latency.
193 records sent, 34,4 records/sec (0,03 MB/sec), 29,0 ms avg latency, 646,0 ms max latency.
273 records sent, 54,3 records/sec (0,05 MB/sec), 18,4 ms avg latency, 627,0 ms max latency.
221 records sent, 42,7 records/sec (0,04 MB/sec), 23,4 ms avg latency, 209,0 ms max latency.
276 records sent, 54,5 records/sec (0,05 MB/sec), 18,3 ms avg latency, 641,0 ms max latency.
200 records sent, 38,5 records/sec (0,04 MB/sec), 26,0 ms avg latency, 633,0 ms max latency.
358 records sent, 70,1 records/sec (0,07 MB/sec), 14,3 ms avg latency, 209,0 ms max latency.
217 records sent, 41,7 records/sec (0,04 MB/sec), 24,0 ms avg latency, 648,0 ms max latency.
257 records sent, 51,3 records/sec (0,05 MB/sec), 19,5 ms avg latency, 626,0 ms max latency.
232 records sent, 44,7 records/sec (0,04 MB/sec), 22,3 ms avg latency, 628,0 ms max latency.
212 records sent, 40,8 records/sec (0,04 MB/sec), 24,5 ms avg latency, 641,0 ms max latency.
313 records sent, 59,0 records/sec (0,06 MB/sec), 16,9 ms avg latency, 641,0 ms max latency.
291 records sent, 53,2 records/sec (0,05 MB/sec), 18,8 ms avg latency, 627,0 ms max latency.
281 records sent, 55,8 records/sec (0,05 MB/sec), 17,9 ms avg latency, 209,0 ms max latency.
199 records sent, 38,6 records/sec (0,04 MB/sec), 25,9 ms avg latency, 209,0 ms max latency.
170 records sent, 31,7 records/sec (0,03 MB/sec), 31,5 ms avg latency, 633,0 ms max latency.
203 records sent, 40,4 records/sec (0,04 MB/sec), 24,8 ms avg latency, 649,0 ms max latency.
365 records sent, 71,3 records/sec (0,07 MB/sec), 14,0 ms avg latency, 209,0 ms max latency.
219 records sent, 37,4 records/sec (0,04 MB/sec), 26,7 ms avg latency, 1712,0 ms max latency.
296 records sent, 58,6 records/sec (0,06 MB/sec), 17,1 ms avg latency, 626,0 ms max latency.
189 records sent, 37,4 records/sec (0,04 MB/sec), 26,7 ms avg latency, 1528,0 ms max latency.
252 records sent, 50,4 records/sec (0,05 MB/sec), 19,8 ms avg latency, 621,0 ms max latency.
172 records sent, 33,2 records/sec (0,03 MB/sec), 30,1 ms avg latency, 642,0 ms max latency.
204 records sent, 40,4 records/sec (0,04 MB/sec), 24,7 ms avg latency, 1532,0 ms max latency.
367 records sent, 71,3 records/sec (0,07 MB/sec), 14,0 ms avg latency, 209,0 ms max latency.
230 records sent, 42,2 records/sec (0,04 MB/sec), 23,7 ms avg latency, 640,0 ms max latency.
287 records sent, 56,5 records/sec (0,05 MB/sec), 17,7 ms avg latency, 635,0 ms max latency.
241 records sent, 48,2 records/sec (0,05 MB/sec), 20,7 ms avg latency, 628,0 ms max latency.
240 records sent, 47,9 records/sec (0,05 MB/sec), 20,9 ms avg latency, 642,0 ms max latency.
446 records sent, 85,3 records/sec (0,08 MB/sec), 11,7 ms avg latency, 642,0 ms max latency.
252 records sent, 50,1 records/sec (0,05 MB/sec), 20,0 ms avg latency, 640,0 ms max latency.
220 records sent, 44,0 records/sec (0,04 MB/sec), 22,7 ms avg latency, 632,0 ms max latency.
203 records sent, 40,2 records/sec (0,04 MB/sec), 24,8 ms avg latency, 1531,0 ms max latency.
239 records sent, 47,4 records/sec (0,05 MB/sec), 21,1 ms avg latency, 642,0 ms max latency.
209 records sent, 41,8 records/sec (0,04 MB/sec), 23,9 ms avg latency, 633,0 ms max latency.
191 records sent, 36,8 records/sec (0,04 MB/sec), 27,1 ms avg latency, 647,0 ms max latency.
284 records sent, 56,3 records/sec (0,05 MB/sec), 17,7 ms avg latency, 209,0 ms max latency.
186 records sent, 31,7 records/sec (0,03 MB/sec), 31,5 ms avg latency, 1518,0 ms max latency.
253 records sent, 50,4 records/sec (0,05 MB/sec), 19,8 ms avg latency, 627,0 ms max latency.
324 records sent, 60,9 records/sec (0,06 MB/sec), 16,4 ms avg latency, 634,0 ms max latency.
147 records sent, 28,5 records/sec (0,03 MB/sec), 35,1 ms avg latency, 638,0 ms max latency.
181 records sent, 35,2 records/sec (0,03 MB/sec), 28,4 ms avg latency, 209,0 ms max latency.
390 records sent, 75,8 records/sec (0,07 MB/sec), 13,2 ms avg latency, 210,0 ms max latency.
128 records sent, 24,7 records/sec (0,02 MB/sec), 40,4 ms avg latency, 1520,0 ms max latency.
376 records sent, 73,2 records/sec (0,07 MB/sec), 13,7 ms avg latency, 209,0 ms max latency.
203 records sent, 39,1 records/sec (0,04 MB/sec), 25,5 ms avg latency, 209,0 ms max latency.
298 records sent, 58,9 records/sec (0,06 MB/sec), 17,0 ms avg latency, 620,0 ms max latency.
258 records sent, 51,4 records/sec (0,05 MB/sec), 19,4 ms avg latency, 619,0 ms max latency.
241 records sent, 47,7 records/sec (0,05 MB/sec), 21,0 ms avg latency, 648,0 ms max latency.
181 records sent, 36,0 records/sec (0,03 MB/sec), 27,8 ms avg latency, 1527,0 ms max latency.
207 records sent, 39,9 records/sec (0,04 MB/sec), 25,1 ms avg latency, 618,0 ms max latency.
211 records sent, 42,2 records/sec (0,04 MB/sec), 23,7 ms avg latency, 647,0 ms max latency.
269 records sent, 53,1 records/sec (0,05 MB/sec), 18,8 ms avg latency, 647,0 ms max latency.
165 records sent, 31,7 records/sec (0,03 MB/sec), 31,5 ms avg latency, 1508,0 ms max latency.
177 records sent, 34,1 records/sec (0,03 MB/sec), 29,4 ms avg latency, 648,0 ms max latency.
376 records sent, 70,3 records/sec (0,07 MB/sec), 14,2 ms avg latency, 633,0 ms max latency.
248 records sent, 49,2 records/sec (0,05 MB/sec), 20,3 ms avg latency, 644,0 ms max latency.
178 records sent, 33,2 records/sec (0,03 MB/sec), 30,1 ms avg latency, 630,0 ms max latency.
273 records sent, 53,8 records/sec (0,05 MB/sec), 18,6 ms avg latency, 648,0 ms max latency.
236 records sent, 46,9 records/sec (0,04 MB/sec), 21,3 ms avg latency, 641,0 ms max latency.
239 records sent, 43,9 records/sec (0,04 MB/sec), 22,8 ms avg latency, 642,0 ms max latency.
328 records sent, 64,3 records/sec (0,06 MB/sec), 15,5 ms avg latency, 619,0 ms max latency.
230 records sent, 40,9 records/sec (0,04 MB/sec), 24,4 ms avg latency, 628,0 ms max latency.
190 records sent, 36,8 records/sec (0,04 MB/sec), 27,2 ms avg latency, 624,0 ms max latency.
179 records sent, 34,8 records/sec (0,03 MB/sec), 28,7 ms avg latency, 209,0 ms max latency.
233 records sent, 44,5 records/sec (0,04 MB/sec), 22,5 ms avg latency, 644,0 ms max latency.
305 records sent, 57,8 records/sec (0,06 MB/sec), 17,3 ms avg latency, 622,0 ms max latency.
195 records sent, 38,8 records/sec (0,04 MB/sec), 25,7 ms avg latency, 640,0 ms max latency.
238 records sent, 47,6 records/sec (0,05 MB/sec), 21,0 ms avg latency, 211,0 ms max latency.
80000 records sent, 46,858051 records/sec (0,04 MB/sec), 21,33 ms avg latency, 1739,00 ms max latency, 1 ms 50th, 207 ms 95th, 209 ms 99th, 647 ms 99.9th.

Metric Name                                                                          Value
app-info:commit-id:{client-id=producer-1}                                          : d12590634290dbc4
app-info:start-time-ms:{client-id=producer-1}                                      : 1593070285303
app-info:version:{client-id=producer-1}                                            : 2.3.1
kafka-metrics-count:count:{client-id=producer-1}                                   : 126,000
producer-metrics:batch-size-avg:{client-id=producer-1}                             : 1075,000
producer-metrics:batch-size-max:{client-id=producer-1}                             : 1075,000
producer-metrics:batch-split-rate:{client-id=producer-1}                           : 0,000
producer-metrics:batch-split-total:{client-id=producer-1}                          : 0,000
producer-metrics:buffer-available-bytes:{client-id=producer-1}                     : 33554432,000
producer-metrics:buffer-exhausted-rate:{client-id=producer-1}                      : 0,000
producer-metrics:buffer-exhausted-total:{client-id=producer-1}                     : 0,000
producer-metrics:buffer-total-bytes:{client-id=producer-1}                         : 33554432,000
producer-metrics:bufferpool-wait-ratio:{client-id=producer-1}                      : 0,000
producer-metrics:bufferpool-wait-time-total:{client-id=producer-1}                 : 0,000
producer-metrics:compression-rate-avg:{client-id=producer-1}                       : 1,000
producer-metrics:connection-close-rate:{client-id=producer-1}                      : 0,000
producer-metrics:connection-close-total:{client-id=producer-1}                     : 47,000
producer-metrics:connection-count:{client-id=producer-1}                           : 3,000
producer-metrics:connection-creation-rate:{client-id=producer-1}                   : 0,000
producer-metrics:connection-creation-total:{client-id=producer-1}                  : 50,000
producer-metrics:failed-authentication-rate:{client-id=producer-1}                 : 0,000
producer-metrics:failed-authentication-total:{client-id=producer-1}                : 0,000
producer-metrics:failed-reauthentication-rate:{client-id=producer-1}               : 0,000
producer-metrics:failed-reauthentication-total:{client-id=producer-1}              : 0,000
producer-metrics:incoming-byte-rate:{client-id=producer-1}                         : 2832,752
producer-metrics:incoming-byte-total:{client-id=producer-1}                        : 4988380,000
producer-metrics:io-ratio:{client-id=producer-1}                                   : 0,002
producer-metrics:io-time-ns-avg:{client-id=producer-1}                             : 11787,077
producer-metrics:io-wait-ratio:{client-id=producer-1}                              : 0,999
producer-metrics:io-wait-time-ns-avg:{client-id=producer-1}                        : 7292035,429
producer-metrics:io-waittime-total:{client-id=producer-1}                          : 1698202310130,000
producer-metrics:iotime-total:{client-id=producer-1}                               : 3145233902,000
producer-metrics:metadata-age:{client-id=producer-1}                               : 78,614
producer-metrics:network-io-rate:{client-id=producer-1}                            : 91,356
producer-metrics:network-io-total:{client-id=producer-1}                           : 160242,000
producer-metrics:outgoing-byte-rate:{client-id=producer-1}                         : 52293,242
producer-metrics:outgoing-byte-total:{client-id=producer-1}                        : 91644823,000
producer-metrics:produce-throttle-time-avg:{client-id=producer-1}                  : 0,000
producer-metrics:produce-throttle-time-max:{client-id=producer-1}                  : 0,000
producer-metrics:reauthentication-latency-avg:{client-id=producer-1}               : NaN
producer-metrics:reauthentication-latency-max:{client-id=producer-1}               : NaN
producer-metrics:record-error-rate:{client-id=producer-1}                          : 0,000
producer-metrics:record-error-total:{client-id=producer-1}                         : 0,000
producer-metrics:record-queue-time-avg:{client-id=producer-1}                      : 0,021
producer-metrics:record-queue-time-max:{client-id=producer-1}                      : 1,000
producer-metrics:record-retry-rate:{client-id=producer-1}                          : 0,000
producer-metrics:record-retry-total:{client-id=producer-1}                         : 46,000
producer-metrics:record-send-rate:{client-id=producer-1}                           : 45,668
producer-metrics:record-send-total:{client-id=producer-1}                          : 80046,000
producer-metrics:record-size-avg:{client-id=producer-1}                            : 1091,000
producer-metrics:record-size-max:{client-id=producer-1}                            : 1091,000
producer-metrics:records-per-request-avg:{client-id=producer-1}                    : 1,000
producer-metrics:request-latency-avg:{client-id=producer-1}                        : 21,920
producer-metrics:request-latency-max:{client-id=producer-1}                        : 644,000
producer-metrics:request-rate:{client-id=producer-1}                               : 45,667
producer-metrics:request-size-avg:{client-id=producer-1}                           : 1145,000
producer-metrics:request-size-max:{client-id=producer-1}                           : 1145,000
producer-metrics:request-total:{client-id=producer-1}                              : 80144,000
producer-metrics:requests-in-flight:{client-id=producer-1}                         : 0,000
producer-metrics:response-rate:{client-id=producer-1}                              : 45,689
producer-metrics:response-total:{client-id=producer-1}                             : 80098,000
producer-metrics:select-rate:{client-id=producer-1}                                : 137,026
producer-metrics:select-total:{client-id=producer-1}                               : 240205,000
producer-metrics:successful-authentication-no-reauth-total:{client-id=producer-1}  : 0,000
producer-metrics:successful-authentication-rate:{client-id=producer-1}             : 0,000
producer-metrics:successful-authentication-total:{client-id=producer-1}            : 0,000
producer-metrics:successful-reauthentication-rate:{client-id=producer-1}           : 0,000
producer-metrics:successful-reauthentication-total:{client-id=producer-1}          : 0,000
producer-metrics:waiting-threads:{client-id=producer-1}                            : 0,000
producer-node-metrics:incoming-byte-rate:{client-id=producer-1, node-id=node--3}   : 0,000
producer-node-metrics:incoming-byte-rate:{client-id=producer-1, node-id=node-1}    : 935,416
producer-node-metrics:incoming-byte-rate:{client-id=producer-1, node-id=node-3}    : 933,298
producer-node-metrics:incoming-byte-rate:{client-id=producer-1, node-id=node-6}    : 944,217
producer-node-metrics:incoming-byte-total:{client-id=producer-1, node-id=node--3}  : 579,000
producer-node-metrics:incoming-byte-total:{client-id=producer-1, node-id=node-1}   : 1664302,000
producer-node-metrics:incoming-byte-total:{client-id=producer-1, node-id=node-3}   : 1667501,000
producer-node-metrics:incoming-byte-total:{client-id=producer-1, node-id=node-6}   : 1655998,000
producer-node-metrics:outgoing-byte-rate:{client-id=producer-1, node-id=node--3}   : 0,000
producer-node-metrics:outgoing-byte-rate:{client-id=producer-1, node-id=node-1}    : 17275,027
producer-node-metrics:outgoing-byte-rate:{client-id=producer-1, node-id=node-3}    : 17212,402
producer-node-metrics:outgoing-byte-rate:{client-id=producer-1, node-id=node-6}    : 17437,945
producer-node-metrics:outgoing-byte-total:{client-id=producer-1, node-id=node--3}  : 67,000
producer-node-metrics:outgoing-byte-total:{client-id=producer-1, node-id=node-1}   : 30571265,000
producer-node-metrics:outgoing-byte-total:{client-id=producer-1, node-id=node-3}   : 30660160,000
producer-node-metrics:outgoing-byte-total:{client-id=producer-1, node-id=node-6}   : 30413331,000
producer-node-metrics:request-latency-avg:{client-id=producer-1, node-id=node--3}  : NaN
producer-node-metrics:request-latency-avg:{client-id=producer-1, node-id=node-1}   : 17,954
producer-node-metrics:request-latency-avg:{client-id=producer-1, node-id=node-3}   : 24,700
producer-node-metrics:request-latency-avg:{client-id=producer-1, node-id=node-6}   : 23,571
producer-node-metrics:request-latency-max:{client-id=producer-1, node-id=node--3}  : NaN
producer-node-metrics:request-latency-max:{client-id=producer-1, node-id=node-1}   : 619,000
producer-node-metrics:request-latency-max:{client-id=producer-1, node-id=node-3}   : 644,000
producer-node-metrics:request-latency-max:{client-id=producer-1, node-id=node-6}   : 631,000
producer-node-metrics:request-rate:{client-id=producer-1, node-id=node--3}         : 0,000
producer-node-metrics:request-rate:{client-id=producer-1, node-id=node-1}          : 15,087
producer-node-metrics:request-rate:{client-id=producer-1, node-id=node-3}          : 15,032
producer-node-metrics:request-rate:{client-id=producer-1, node-id=node-6}          : 15,229
producer-node-metrics:request-size-avg:{client-id=producer-1, node-id=node--3}     : NaN
producer-node-metrics:request-size-avg:{client-id=producer-1, node-id=node-1}      : 1145,000
producer-node-metrics:request-size-avg:{client-id=producer-1, node-id=node-3}      : 1145,000
producer-node-metrics:request-size-avg:{client-id=producer-1, node-id=node-6}      : 1145,000
producer-node-metrics:request-size-max:{client-id=producer-1, node-id=node--3}     : NaN
producer-node-metrics:request-size-max:{client-id=producer-1, node-id=node-1}      : 1145,000
producer-node-metrics:request-size-max:{client-id=producer-1, node-id=node-3}      : 1145,000
producer-node-metrics:request-size-max:{client-id=producer-1, node-id=node-6}      : 1145,000
producer-node-metrics:request-total:{client-id=producer-1, node-id=node--3}        : 2,000
producer-node-metrics:request-total:{client-id=producer-1, node-id=node-1}         : 26735,000
producer-node-metrics:request-total:{client-id=producer-1, node-id=node-3}         : 26808,000
producer-node-metrics:request-total:{client-id=producer-1, node-id=node-6}         : 26599,000
producer-node-metrics:response-rate:{client-id=producer-1, node-id=node--3}        : 0,000
producer-node-metrics:response-rate:{client-id=producer-1, node-id=node-1}         : 15,088
producer-node-metrics:response-rate:{client-id=producer-1, node-id=node-3}         : 15,054
producer-node-metrics:response-rate:{client-id=producer-1, node-id=node-6}         : 15,230
producer-node-metrics:response-total:{client-id=producer-1, node-id=node--3}       : 2,000
producer-node-metrics:response-total:{client-id=producer-1, node-id=node-1}        : 26723,000
producer-node-metrics:response-total:{client-id=producer-1, node-id=node-3}        : 26792,000
producer-node-metrics:response-total:{client-id=producer-1, node-id=node-6}        : 26581,000
producer-topic-metrics:byte-rate:{client-id=producer-1, topic=test-topic}          : 49093,102
producer-topic-metrics:byte-total:{client-id=producer-1, topic=test-topic}         : 86038339,000
producer-topic-metrics:compression-rate:{client-id=producer-1, topic=test-topic}   : 1,000
producer-topic-metrics:record-error-rate:{client-id=producer-1, topic=test-topic}  : 0,000
producer-topic-metrics:record-error-total:{client-id=producer-1, topic=test-topic} : 0,000
producer-topic-metrics:record-retry-rate:{client-id=producer-1, topic=test-topic}  : 0,000
producer-topic-metrics:record-retry-total:{client-id=producer-1, topic=test-topic} : 46,000
producer-topic-metrics:record-send-rate:{client-id=producer-1, topic=test-topic}   : 45,668
producer-topic-metrics:record-send-total:{client-id=producer-1, topic=test-topic}  : 80046,000
Produce Time: 1707.283
Aplication time: 1707.963
*****Produção finalizada, esperando 180 s para buscar WM*****
Water mark: 640000
