Topic to send: test-topic
Topic to acks: -1
Records: 80000
Size:1000
209 records sent, 40,2 records/sec (0,04 MB/sec), 24,8 ms avg latency, 634,0 ms max latency.
380 records sent, 75,1 records/sec (0,07 MB/sec), 13,3 ms avg latency, 211,0 ms max latency.
251 records sent, 49,1 records/sec (0,05 MB/sec), 20,3 ms avg latency, 623,0 ms max latency.
351 records sent, 68,8 records/sec (0,07 MB/sec), 14,5 ms avg latency, 210,0 ms max latency.
247 records sent, 48,1 records/sec (0,05 MB/sec), 20,8 ms avg latency, 1507,0 ms max latency.
317 records sent, 63,2 records/sec (0,06 MB/sec), 15,8 ms avg latency, 211,0 ms max latency.
472 records sent, 92,2 records/sec (0,09 MB/sec), 10,8 ms avg latency, 627,0 ms max latency.
450 records sent, 88,4 records/sec (0,08 MB/sec), 11,3 ms avg latency, 212,0 ms max latency.
250 records sent, 49,5 records/sec (0,05 MB/sec), 20,2 ms avg latency, 620,0 ms max latency.
263 records sent, 47,6 records/sec (0,05 MB/sec), 21,0 ms avg latency, 644,0 ms max latency.
292 records sent, 58,4 records/sec (0,06 MB/sec), 17,1 ms avg latency, 1538,0 ms max latency.
493 records sent, 96,5 records/sec (0,09 MB/sec), 10,3 ms avg latency, 227,0 ms max latency.
378 records sent, 74,3 records/sec (0,07 MB/sec), 13,4 ms avg latency, 647,0 ms max latency.
399 records sent, 77,7 records/sec (0,07 MB/sec), 12,9 ms avg latency, 634,0 ms max latency.
324 records sent, 64,8 records/sec (0,06 MB/sec), 15,4 ms avg latency, 649,0 ms max latency.
282 records sent, 55,0 records/sec (0,05 MB/sec), 18,2 ms avg latency, 646,0 ms max latency.
257 records sent, 50,7 records/sec (0,05 MB/sec), 19,7 ms avg latency, 624,0 ms max latency.
191 records sent, 38,2 records/sec (0,04 MB/sec), 26,2 ms avg latency, 1505,0 ms max latency.
347 records sent, 69,3 records/sec (0,07 MB/sec), 14,4 ms avg latency, 210,0 ms max latency.
353 records sent, 69,8 records/sec (0,07 MB/sec), 14,3 ms avg latency, 652,0 ms max latency.
259 records sent, 51,0 records/sec (0,05 MB/sec), 19,6 ms avg latency, 649,0 ms max latency.
311 records sent, 60,5 records/sec (0,06 MB/sec), 16,5 ms avg latency, 210,0 ms max latency.
328 records sent, 63,2 records/sec (0,06 MB/sec), 15,8 ms avg latency, 633,0 ms max latency.
304 records sent, 59,1 records/sec (0,06 MB/sec), 16,9 ms avg latency, 210,0 ms max latency.
379 records sent, 75,0 records/sec (0,07 MB/sec), 13,3 ms avg latency, 623,0 ms max latency.
501 records sent, 97,7 records/sec (0,09 MB/sec), 10,2 ms avg latency, 210,0 ms max latency.
481 records sent, 95,5 records/sec (0,09 MB/sec), 10,5 ms avg latency, 212,0 ms max latency.
210 records sent, 41,7 records/sec (0,04 MB/sec), 24,0 ms avg latency, 1518,0 ms max latency.
193 records sent, 38,6 records/sec (0,04 MB/sec), 25,9 ms avg latency, 1508,0 ms max latency.
299 records sent, 58,2 records/sec (0,06 MB/sec), 17,2 ms avg latency, 643,0 ms max latency.
298 records sent, 58,0 records/sec (0,06 MB/sec), 17,2 ms avg latency, 636,0 ms max latency.
259 records sent, 51,3 records/sec (0,05 MB/sec), 19,5 ms avg latency, 631,0 ms max latency.
407 records sent, 75,8 records/sec (0,07 MB/sec), 13,2 ms avg latency, 644,0 ms max latency.
328 records sent, 63,1 records/sec (0,06 MB/sec), 15,8 ms avg latency, 636,0 ms max latency.
369 records sent, 72,6 records/sec (0,07 MB/sec), 13,8 ms avg latency, 647,0 ms max latency.
273 records sent, 54,0 records/sec (0,05 MB/sec), 18,5 ms avg latency, 210,0 ms max latency.
233 records sent, 46,4 records/sec (0,04 MB/sec), 21,5 ms avg latency, 628,0 ms max latency.
297 records sent, 58,0 records/sec (0,06 MB/sec), 17,2 ms avg latency, 625,0 ms max latency.
319 records sent, 61,7 records/sec (0,06 MB/sec), 16,2 ms avg latency, 644,0 ms max latency.
303 records sent, 60,6 records/sec (0,06 MB/sec), 16,5 ms avg latency, 1530,0 ms max latency.
249 records sent, 49,1 records/sec (0,05 MB/sec), 20,4 ms avg latency, 648,0 ms max latency.
302 records sent, 58,6 records/sec (0,06 MB/sec), 17,1 ms avg latency, 647,0 ms max latency.
332 records sent, 61,1 records/sec (0,06 MB/sec), 16,4 ms avg latency, 632,0 ms max latency.
219 records sent, 43,8 records/sec (0,04 MB/sec), 22,8 ms avg latency, 1494,0 ms max latency.
410 records sent, 79,8 records/sec (0,08 MB/sec), 12,5 ms avg latency, 635,0 ms max latency.
351 records sent, 70,2 records/sec (0,07 MB/sec), 14,2 ms avg latency, 627,0 ms max latency.
409 records sent, 79,5 records/sec (0,08 MB/sec), 12,6 ms avg latency, 643,0 ms max latency.
267 records sent, 52,8 records/sec (0,05 MB/sec), 18,9 ms avg latency, 209,0 ms max latency.
220 records sent, 44,0 records/sec (0,04 MB/sec), 22,7 ms avg latency, 645,0 ms max latency.
222 records sent, 42,8 records/sec (0,04 MB/sec), 23,3 ms avg latency, 643,0 ms max latency.
199 records sent, 38,4 records/sec (0,04 MB/sec), 26,0 ms avg latency, 639,0 ms max latency.
243 records sent, 47,4 records/sec (0,05 MB/sec), 21,1 ms avg latency, 1501,0 ms max latency.
307 records sent, 59,7 records/sec (0,06 MB/sec), 16,7 ms avg latency, 212,0 ms max latency.
189 records sent, 36,8 records/sec (0,04 MB/sec), 27,2 ms avg latency, 632,0 ms max latency.
289 records sent, 56,7 records/sec (0,05 MB/sec), 17,6 ms avg latency, 631,0 ms max latency.
343 records sent, 66,1 records/sec (0,06 MB/sec), 15,1 ms avg latency, 623,0 ms max latency.
127 records sent, 25,0 records/sec (0,02 MB/sec), 40,0 ms avg latency, 1522,0 ms max latency.
389 records sent, 76,6 records/sec (0,07 MB/sec), 13,0 ms avg latency, 638,0 ms max latency.
328 records sent, 63,8 records/sec (0,06 MB/sec), 15,7 ms avg latency, 210,0 ms max latency.
234 records sent, 45,0 records/sec (0,04 MB/sec), 22,2 ms avg latency, 210,0 ms max latency.
322 records sent, 62,6 records/sec (0,06 MB/sec), 15,9 ms avg latency, 210,0 ms max latency.
374 records sent, 73,9 records/sec (0,07 MB/sec), 13,5 ms avg latency, 636,0 ms max latency.
250 records sent, 49,6 records/sec (0,05 MB/sec), 20,1 ms avg latency, 620,0 ms max latency.
269 records sent, 52,3 records/sec (0,05 MB/sec), 19,1 ms avg latency, 1516,0 ms max latency.
343 records sent, 65,9 records/sec (0,06 MB/sec), 15,2 ms avg latency, 213,0 ms max latency.
244 records sent, 48,7 records/sec (0,05 MB/sec), 20,5 ms avg latency, 210,0 ms max latency.
250 records sent, 47,6 records/sec (0,05 MB/sec), 21,0 ms avg latency, 635,0 ms max latency.
381 records sent, 74,7 records/sec (0,07 MB/sec), 13,4 ms avg latency, 646,0 ms max latency.
236 records sent, 46,9 records/sec (0,04 MB/sec), 21,3 ms avg latency, 635,0 ms max latency.
364 records sent, 71,9 records/sec (0,07 MB/sec), 13,9 ms avg latency, 644,0 ms max latency.
205 records sent, 39,6 records/sec (0,04 MB/sec), 25,2 ms avg latency, 637,0 ms max latency.
326 records sent, 58,2 records/sec (0,06 MB/sec), 17,2 ms avg latency, 645,0 ms max latency.
244 records sent, 48,3 records/sec (0,05 MB/sec), 20,7 ms avg latency, 644,0 ms max latency.
377 records sent, 74,2 records/sec (0,07 MB/sec), 13,5 ms avg latency, 619,0 ms max latency.
257 records sent, 46,8 records/sec (0,04 MB/sec), 21,3 ms avg latency, 642,0 ms max latency.
358 records sent, 71,1 records/sec (0,07 MB/sec), 14,1 ms avg latency, 622,0 ms max latency.
288 records sent, 56,5 records/sec (0,05 MB/sec), 17,7 ms avg latency, 636,0 ms max latency.
328 records sent, 63,0 records/sec (0,06 MB/sec), 15,9 ms avg latency, 648,0 ms max latency.
301 records sent, 58,7 records/sec (0,06 MB/sec), 17,0 ms avg latency, 639,0 ms max latency.
202 records sent, 40,3 records/sec (0,04 MB/sec), 24,8 ms avg latency, 1529,0 ms max latency.
289 records sent, 56,6 records/sec (0,05 MB/sec), 17,7 ms avg latency, 635,0 ms max latency.
390 records sent, 76,5 records/sec (0,07 MB/sec), 13,0 ms avg latency, 210,0 ms max latency.
229 records sent, 43,7 records/sec (0,04 MB/sec), 22,9 ms avg latency, 641,0 ms max latency.
316 records sent, 61,3 records/sec (0,06 MB/sec), 16,3 ms avg latency, 622,0 ms max latency.
328 records sent, 65,4 records/sec (0,06 MB/sec), 15,3 ms avg latency, 628,0 ms max latency.
326 records sent, 63,1 records/sec (0,06 MB/sec), 15,8 ms avg latency, 627,0 ms max latency.
278 records sent, 52,4 records/sec (0,05 MB/sec), 19,1 ms avg latency, 649,0 ms max latency.
220 records sent, 44,0 records/sec (0,04 MB/sec), 22,7 ms avg latency, 629,0 ms max latency.
320 records sent, 62,1 records/sec (0,06 MB/sec), 16,1 ms avg latency, 210,0 ms max latency.
341 records sent, 64,7 records/sec (0,06 MB/sec), 15,4 ms avg latency, 649,0 ms max latency.
318 records sent, 63,6 records/sec (0,06 MB/sec), 15,7 ms avg latency, 648,0 ms max latency.
316 records sent, 61,2 records/sec (0,06 MB/sec), 16,3 ms avg latency, 210,0 ms max latency.
341 records sent, 68,2 records/sec (0,07 MB/sec), 14,6 ms avg latency, 618,0 ms max latency.
213 records sent, 41,2 records/sec (0,04 MB/sec), 24,2 ms avg latency, 210,0 ms max latency.
290 records sent, 56,7 records/sec (0,05 MB/sec), 17,6 ms avg latency, 213,0 ms max latency.
370 records sent, 67,4 records/sec (0,06 MB/sec), 14,8 ms avg latency, 631,0 ms max latency.
404 records sent, 78,6 records/sec (0,07 MB/sec), 12,7 ms avg latency, 634,0 ms max latency.
323 records sent, 62,5 records/sec (0,06 MB/sec), 16,0 ms avg latency, 622,0 ms max latency.
294 records sent, 57,0 records/sec (0,05 MB/sec), 17,5 ms avg latency, 646,0 ms max latency.
210 records sent, 40,5 records/sec (0,04 MB/sec), 24,7 ms avg latency, 632,0 ms max latency.
293 records sent, 57,0 records/sec (0,05 MB/sec), 17,5 ms avg latency, 640,0 ms max latency.
368 records sent, 73,0 records/sec (0,07 MB/sec), 13,7 ms avg latency, 633,0 ms max latency.
428 records sent, 82,6 records/sec (0,08 MB/sec), 12,1 ms avg latency, 235,0 ms max latency.
216 records sent, 41,5 records/sec (0,04 MB/sec), 24,1 ms avg latency, 646,0 ms max latency.
380 records sent, 73,8 records/sec (0,07 MB/sec), 13,5 ms avg latency, 649,0 ms max latency.
347 records sent, 69,1 records/sec (0,07 MB/sec), 14,5 ms avg latency, 210,0 ms max latency.
308 records sent, 60,0 records/sec (0,06 MB/sec), 16,6 ms avg latency, 210,0 ms max latency.
242 records sent, 47,6 records/sec (0,05 MB/sec), 21,0 ms avg latency, 647,0 ms max latency.
392 records sent, 76,9 records/sec (0,07 MB/sec), 13,0 ms avg latency, 646,0 ms max latency.
252 records sent, 50,0 records/sec (0,05 MB/sec), 20,0 ms avg latency, 624,0 ms max latency.
222 records sent, 44,3 records/sec (0,04 MB/sec), 22,6 ms avg latency, 637,0 ms max latency.
371 records sent, 73,2 records/sec (0,07 MB/sec), 13,6 ms avg latency, 625,0 ms max latency.
284 records sent, 55,7 records/sec (0,05 MB/sec), 17,9 ms avg latency, 623,0 ms max latency.
355 records sent, 70,6 records/sec (0,07 MB/sec), 14,1 ms avg latency, 210,0 ms max latency.
318 records sent, 61,5 records/sec (0,06 MB/sec), 16,2 ms avg latency, 210,0 ms max latency.
348 records sent, 69,6 records/sec (0,07 MB/sec), 14,4 ms avg latency, 210,0 ms max latency.
309 records sent, 60,0 records/sec (0,06 MB/sec), 16,6 ms avg latency, 625,0 ms max latency.
207 records sent, 40,1 records/sec (0,04 MB/sec), 24,9 ms avg latency, 620,0 ms max latency.
345 records sent, 69,0 records/sec (0,07 MB/sec), 14,5 ms avg latency, 210,0 ms max latency.
235 records sent, 46,8 records/sec (0,04 MB/sec), 21,3 ms avg latency, 631,0 ms max latency.
261 records sent, 51,9 records/sec (0,05 MB/sec), 19,3 ms avg latency, 212,0 ms max latency.
341 records sent, 68,2 records/sec (0,07 MB/sec), 14,7 ms avg latency, 210,0 ms max latency.
427 records sent, 82,5 records/sec (0,08 MB/sec), 12,1 ms avg latency, 638,0 ms max latency.
260 records sent, 51,4 records/sec (0,05 MB/sec), 19,4 ms avg latency, 634,0 ms max latency.
428 records sent, 85,5 records/sec (0,08 MB/sec), 11,7 ms avg latency, 648,0 ms max latency.
299 records sent, 55,8 records/sec (0,05 MB/sec), 17,9 ms avg latency, 647,0 ms max latency.
303 records sent, 59,1 records/sec (0,06 MB/sec), 16,9 ms avg latency, 628,0 ms max latency.
350 records sent, 69,4 records/sec (0,07 MB/sec), 14,4 ms avg latency, 648,0 ms max latency.
253 records sent, 49,9 records/sec (0,05 MB/sec), 20,0 ms avg latency, 640,0 ms max latency.
359 records sent, 71,1 records/sec (0,07 MB/sec), 14,1 ms avg latency, 644,0 ms max latency.
329 records sent, 65,6 records/sec (0,06 MB/sec), 15,2 ms avg latency, 638,0 ms max latency.
172 records sent, 33,9 records/sec (0,03 MB/sec), 29,5 ms avg latency, 619,0 ms max latency.
267 records sent, 52,8 records/sec (0,05 MB/sec), 18,9 ms avg latency, 210,0 ms max latency.
427 records sent, 83,2 records/sec (0,08 MB/sec), 12,0 ms avg latency, 210,0 ms max latency.
360 records sent, 71,7 records/sec (0,07 MB/sec), 13,9 ms avg latency, 215,0 ms max latency.
273 records sent, 53,9 records/sec (0,05 MB/sec), 18,6 ms avg latency, 629,0 ms max latency.
371 records sent, 73,5 records/sec (0,07 MB/sec), 13,6 ms avg latency, 626,0 ms max latency.
347 records sent, 68,7 records/sec (0,07 MB/sec), 14,6 ms avg latency, 641,0 ms max latency.
327 records sent, 65,4 records/sec (0,06 MB/sec), 15,3 ms avg latency, 646,0 ms max latency.
342 records sent, 68,0 records/sec (0,06 MB/sec), 14,7 ms avg latency, 647,0 ms max latency.
235 records sent, 46,4 records/sec (0,04 MB/sec), 21,5 ms avg latency, 1538,0 ms max latency.
342 records sent, 68,4 records/sec (0,07 MB/sec), 14,6 ms avg latency, 631,0 ms max latency.
233 records sent, 44,8 records/sec (0,04 MB/sec), 22,3 ms avg latency, 640,0 ms max latency.
250 records sent, 45,6 records/sec (0,04 MB/sec), 21,9 ms avg latency, 1499,0 ms max latency.
243 records sent, 48,4 records/sec (0,05 MB/sec), 20,6 ms avg latency, 636,0 ms max latency.
454 records sent, 87,3 records/sec (0,08 MB/sec), 11,4 ms avg latency, 625,0 ms max latency.
222 records sent, 42,8 records/sec (0,04 MB/sec), 23,3 ms avg latency, 641,0 ms max latency.
193 records sent, 37,6 records/sec (0,04 MB/sec), 26,6 ms avg latency, 629,0 ms max latency.
265 records sent, 51,7 records/sec (0,05 MB/sec), 19,3 ms avg latency, 647,0 ms max latency.
335 records sent, 64,0 records/sec (0,06 MB/sec), 15,6 ms avg latency, 642,0 ms max latency.
290 records sent, 56,9 records/sec (0,05 MB/sec), 17,6 ms avg latency, 210,0 ms max latency.
312 records sent, 60,4 records/sec (0,06 MB/sec), 16,5 ms avg latency, 646,0 ms max latency.
291 records sent, 57,0 records/sec (0,05 MB/sec), 17,5 ms avg latency, 621,0 ms max latency.
188 records sent, 37,6 records/sec (0,04 MB/sec), 26,6 ms avg latency, 1551,0 ms max latency.
424 records sent, 81,5 records/sec (0,08 MB/sec), 12,3 ms avg latency, 209,0 ms max latency.
446 records sent, 89,2 records/sec (0,09 MB/sec), 11,2 ms avg latency, 648,0 ms max latency.
266 records sent, 52,0 records/sec (0,05 MB/sec), 19,2 ms avg latency, 1509,0 ms max latency.
242 records sent, 48,2 records/sec (0,05 MB/sec), 20,7 ms avg latency, 628,0 ms max latency.
293 records sent, 57,0 records/sec (0,05 MB/sec), 17,5 ms avg latency, 647,0 ms max latency.
208 records sent, 40,0 records/sec (0,04 MB/sec), 25,0 ms avg latency, 645,0 ms max latency.
234 records sent, 44,6 records/sec (0,04 MB/sec), 22,4 ms avg latency, 647,0 ms max latency.
297 records sent, 57,8 records/sec (0,06 MB/sec), 17,3 ms avg latency, 658,0 ms max latency.
445 records sent, 85,5 records/sec (0,08 MB/sec), 11,7 ms avg latency, 625,0 ms max latency.
200 records sent, 38,7 records/sec (0,04 MB/sec), 25,8 ms avg latency, 634,0 ms max latency.
341 records sent, 65,6 records/sec (0,06 MB/sec), 15,2 ms avg latency, 210,0 ms max latency.
231 records sent, 46,2 records/sec (0,04 MB/sec), 21,6 ms avg latency, 642,0 ms max latency.
287 records sent, 56,3 records/sec (0,05 MB/sec), 17,7 ms avg latency, 210,0 ms max latency.
497 records sent, 97,5 records/sec (0,09 MB/sec), 10,2 ms avg latency, 628,0 ms max latency.
355 records sent, 70,3 records/sec (0,07 MB/sec), 14,2 ms avg latency, 649,0 ms max latency.
267 records sent, 52,8 records/sec (0,05 MB/sec), 18,9 ms avg latency, 210,0 ms max latency.
288 records sent, 51,8 records/sec (0,05 MB/sec), 19,3 ms avg latency, 622,0 ms max latency.
268 records sent, 52,8 records/sec (0,05 MB/sec), 18,9 ms avg latency, 629,0 ms max latency.
369 records sent, 73,0 records/sec (0,07 MB/sec), 13,7 ms avg latency, 210,0 ms max latency.
218 records sent, 43,5 records/sec (0,04 MB/sec), 23,0 ms avg latency, 648,0 ms max latency.
163 records sent, 28,2 records/sec (0,03 MB/sec), 35,4 ms avg latency, 1704,0 ms max latency.
289 records sent, 56,2 records/sec (0,05 MB/sec), 17,8 ms avg latency, 643,0 ms max latency.
377 records sent, 74,5 records/sec (0,07 MB/sec), 13,4 ms avg latency, 210,0 ms max latency.
228 records sent, 45,5 records/sec (0,04 MB/sec), 22,0 ms avg latency, 640,0 ms max latency.
260 records sent, 50,6 records/sec (0,05 MB/sec), 19,7 ms avg latency, 1529,0 ms max latency.
324 records sent, 64,8 records/sec (0,06 MB/sec), 15,4 ms avg latency, 644,0 ms max latency.
394 records sent, 76,7 records/sec (0,07 MB/sec), 13,0 ms avg latency, 650,0 ms max latency.
217 records sent, 43,4 records/sec (0,04 MB/sec), 23,0 ms avg latency, 643,0 ms max latency.
200 records sent, 38,9 records/sec (0,04 MB/sec), 25,7 ms avg latency, 625,0 ms max latency.
226 records sent, 45,2 records/sec (0,04 MB/sec), 22,1 ms avg latency, 634,0 ms max latency.
301 records sent, 58,0 records/sec (0,06 MB/sec), 17,2 ms avg latency, 640,0 ms max latency.
329 records sent, 65,8 records/sec (0,06 MB/sec), 15,2 ms avg latency, 631,0 ms max latency.
191 records sent, 37,3 records/sec (0,04 MB/sec), 26,8 ms avg latency, 627,0 ms max latency.
219 records sent, 42,0 records/sec (0,04 MB/sec), 23,8 ms avg latency, 644,0 ms max latency.
343 records sent, 68,4 records/sec (0,07 MB/sec), 14,6 ms avg latency, 634,0 ms max latency.
269 records sent, 53,0 records/sec (0,05 MB/sec), 18,9 ms avg latency, 640,0 ms max latency.
470 records sent, 93,0 records/sec (0,09 MB/sec), 10,7 ms avg latency, 210,0 ms max latency.
301 records sent, 58,3 records/sec (0,06 MB/sec), 17,1 ms avg latency, 620,0 ms max latency.
349 records sent, 69,1 records/sec (0,07 MB/sec), 14,5 ms avg latency, 620,0 ms max latency.
247 records sent, 49,0 records/sec (0,05 MB/sec), 20,4 ms avg latency, 638,0 ms max latency.
234 records sent, 46,6 records/sec (0,04 MB/sec), 21,4 ms avg latency, 620,0 ms max latency.
344 records sent, 68,8 records/sec (0,07 MB/sec), 14,5 ms avg latency, 624,0 ms max latency.
278 records sent, 54,8 records/sec (0,05 MB/sec), 18,3 ms avg latency, 210,0 ms max latency.
297 records sent, 57,7 records/sec (0,06 MB/sec), 17,3 ms avg latency, 640,0 ms max latency.
338 records sent, 65,0 records/sec (0,06 MB/sec), 15,4 ms avg latency, 629,0 ms max latency.
314 records sent, 60,9 records/sec (0,06 MB/sec), 16,4 ms avg latency, 619,0 ms max latency.
255 records sent, 50,3 records/sec (0,05 MB/sec), 19,9 ms avg latency, 645,0 ms max latency.
417 records sent, 81,3 records/sec (0,08 MB/sec), 12,3 ms avg latency, 210,0 ms max latency.
196 records sent, 38,2 records/sec (0,04 MB/sec), 26,2 ms avg latency, 627,0 ms max latency.
289 records sent, 56,7 records/sec (0,05 MB/sec), 17,6 ms avg latency, 630,0 ms max latency.
370 records sent, 72,8 records/sec (0,07 MB/sec), 13,7 ms avg latency, 647,0 ms max latency.
204 records sent, 40,8 records/sec (0,04 MB/sec), 24,5 ms avg latency, 673,0 ms max latency.
327 records sent, 65,4 records/sec (0,06 MB/sec), 15,3 ms avg latency, 638,0 ms max latency.
252 records sent, 49,8 records/sec (0,05 MB/sec), 20,0 ms avg latency, 648,0 ms max latency.
287 records sent, 53,7 records/sec (0,05 MB/sec), 18,6 ms avg latency, 639,0 ms max latency.
257 records sent, 46,7 records/sec (0,04 MB/sec), 21,4 ms avg latency, 655,0 ms max latency.
265 records sent, 51,8 records/sec (0,05 MB/sec), 19,3 ms avg latency, 650,0 ms max latency.
316 records sent, 60,8 records/sec (0,06 MB/sec), 16,4 ms avg latency, 1508,0 ms max latency.
411 records sent, 80,2 records/sec (0,08 MB/sec), 12,5 ms avg latency, 222,0 ms max latency.
299 records sent, 58,1 records/sec (0,06 MB/sec), 17,2 ms avg latency, 648,0 ms max latency.
348 records sent, 67,0 records/sec (0,06 MB/sec), 14,9 ms avg latency, 210,0 ms max latency.
417 records sent, 80,8 records/sec (0,08 MB/sec), 12,4 ms avg latency, 211,0 ms max latency.
252 records sent, 50,1 records/sec (0,05 MB/sec), 20,0 ms avg latency, 210,0 ms max latency.
269 records sent, 53,1 records/sec (0,05 MB/sec), 18,8 ms avg latency, 623,0 ms max latency.
406 records sent, 79,0 records/sec (0,08 MB/sec), 12,7 ms avg latency, 210,0 ms max latency.
324 records sent, 62,9 records/sec (0,06 MB/sec), 15,9 ms avg latency, 211,0 ms max latency.
326 records sent, 63,1 records/sec (0,06 MB/sec), 15,8 ms avg latency, 210,0 ms max latency.
206 records sent, 39,3 records/sec (0,04 MB/sec), 25,4 ms avg latency, 1533,0 ms max latency.
220 records sent, 43,7 records/sec (0,04 MB/sec), 22,9 ms avg latency, 645,0 ms max latency.
368 records sent, 72,9 records/sec (0,07 MB/sec), 13,7 ms avg latency, 620,0 ms max latency.
236 records sent, 47,1 records/sec (0,04 MB/sec), 21,2 ms avg latency, 629,0 ms max latency.
278 records sent, 52,5 records/sec (0,05 MB/sec), 19,1 ms avg latency, 649,0 ms max latency.
346 records sent, 68,9 records/sec (0,07 MB/sec), 14,5 ms avg latency, 636,0 ms max latency.
244 records sent, 48,8 records/sec (0,05 MB/sec), 20,5 ms avg latency, 210,0 ms max latency.
334 records sent, 61,1 records/sec (0,06 MB/sec), 16,3 ms avg latency, 650,0 ms max latency.
454 records sent, 90,3 records/sec (0,09 MB/sec), 11,1 ms avg latency, 210,0 ms max latency.
228 records sent, 44,0 records/sec (0,04 MB/sec), 22,7 ms avg latency, 210,0 ms max latency.
291 records sent, 56,8 records/sec (0,05 MB/sec), 17,6 ms avg latency, 641,0 ms max latency.
331 records sent, 64,3 records/sec (0,06 MB/sec), 15,5 ms avg latency, 210,0 ms max latency.
229 records sent, 43,9 records/sec (0,04 MB/sec), 22,8 ms avg latency, 643,0 ms max latency.
307 records sent, 59,7 records/sec (0,06 MB/sec), 16,7 ms avg latency, 635,0 ms max latency.
293 records sent, 57,1 records/sec (0,05 MB/sec), 17,5 ms avg latency, 648,0 ms max latency.
270 records sent, 53,3 records/sec (0,05 MB/sec), 18,7 ms avg latency, 622,0 ms max latency.
304 records sent, 59,3 records/sec (0,06 MB/sec), 16,8 ms avg latency, 212,0 ms max latency.
268 records sent, 52,8 records/sec (0,05 MB/sec), 18,9 ms avg latency, 628,0 ms max latency.
256 records sent, 50,8 records/sec (0,05 MB/sec), 19,7 ms avg latency, 210,0 ms max latency.
316 records sent, 61,3 records/sec (0,06 MB/sec), 16,3 ms avg latency, 210,0 ms max latency.
326 records sent, 63,2 records/sec (0,06 MB/sec), 15,8 ms avg latency, 212,0 ms max latency.
302 records sent, 60,4 records/sec (0,06 MB/sec), 16,5 ms avg latency, 649,0 ms max latency.
305 records sent, 59,5 records/sec (0,06 MB/sec), 16,8 ms avg latency, 210,0 ms max latency.
339 records sent, 67,5 records/sec (0,06 MB/sec), 14,8 ms avg latency, 639,0 ms max latency.
181 records sent, 32,3 records/sec (0,03 MB/sec), 30,9 ms avg latency, 1722,0 ms max latency.
275 records sent, 54,3 records/sec (0,05 MB/sec), 18,4 ms avg latency, 635,0 ms max latency.
318 records sent, 58,9 records/sec (0,06 MB/sec), 17,0 ms avg latency, 643,0 ms max latency.
391 records sent, 76,8 records/sec (0,07 MB/sec), 13,0 ms avg latency, 638,0 ms max latency.
329 records sent, 63,4 records/sec (0,06 MB/sec), 15,8 ms avg latency, 210,0 ms max latency.
270 records sent, 53,2 records/sec (0,05 MB/sec), 18,8 ms avg latency, 640,0 ms max latency.
295 records sent, 57,6 records/sec (0,05 MB/sec), 17,4 ms avg latency, 647,0 ms max latency.
355 records sent, 71,0 records/sec (0,07 MB/sec), 14,1 ms avg latency, 209,0 ms max latency.
268 records sent, 52,9 records/sec (0,05 MB/sec), 18,9 ms avg latency, 635,0 ms max latency.
304 records sent, 59,3 records/sec (0,06 MB/sec), 16,8 ms avg latency, 621,0 ms max latency.
347 records sent, 66,1 records/sec (0,06 MB/sec), 15,1 ms avg latency, 650,0 ms max latency.
274 records sent, 53,9 records/sec (0,05 MB/sec), 18,5 ms avg latency, 637,0 ms max latency.
214 records sent, 41,4 records/sec (0,04 MB/sec), 24,1 ms avg latency, 621,0 ms max latency.
385 records sent, 75,7 records/sec (0,07 MB/sec), 13,2 ms avg latency, 631,0 ms max latency.
386 records sent, 76,0 records/sec (0,07 MB/sec), 13,2 ms avg latency, 629,0 ms max latency.
362 records sent, 72,1 records/sec (0,07 MB/sec), 13,9 ms avg latency, 210,0 ms max latency.
305 records sent, 59,2 records/sec (0,06 MB/sec), 16,9 ms avg latency, 625,0 ms max latency.
344 records sent, 68,6 records/sec (0,07 MB/sec), 14,6 ms avg latency, 619,0 ms max latency.
80000 records sent, 59,314576 records/sec (0,06 MB/sec), 16,84 ms avg latency, 1722,00 ms max latency, 2 ms 50th, 207 ms 95th, 210 ms 99th, 644 ms 99.9th.

Metric Name                                                                          Value
app-info:commit-id:{client-id=producer-1}                                          : d4284cbebb6f0a4c
app-info:start-time-ms:{client-id=producer-1}                                      : 1592702672699
app-info:version:{client-id=producer-1}                                            : 2.3.1
kafka-metrics-count:count:{client-id=producer-1}                                   : 126,000
producer-metrics:batch-size-avg:{client-id=producer-1}                             : 1075,000
producer-metrics:batch-size-max:{client-id=producer-1}                             : 1075,000
producer-metrics:batch-split-rate:{client-id=producer-1}                           : 0,000
producer-metrics:batch-split-total:{client-id=producer-1}                          : 0,000
producer-metrics:buffer-available-bytes:{client-id=producer-1}                     : 33554432,000
producer-metrics:buffer-exhausted-rate:{client-id=producer-1}                      : 0,000
producer-metrics:buffer-exhausted-total:{client-id=producer-1}                     : 0,000
producer-metrics:buffer-total-bytes:{client-id=producer-1}                         : 33554432,000
producer-metrics:bufferpool-wait-ratio:{client-id=producer-1}                      : 0,000
producer-metrics:bufferpool-wait-time-total:{client-id=producer-1}                 : 0,000
producer-metrics:compression-rate-avg:{client-id=producer-1}                       : 1,000
producer-metrics:connection-close-rate:{client-id=producer-1}                      : 0,000
producer-metrics:connection-close-total:{client-id=producer-1}                     : 21,000
producer-metrics:connection-count:{client-id=producer-1}                           : 3,000
producer-metrics:connection-creation-rate:{client-id=producer-1}                   : 0,000
producer-metrics:connection-creation-total:{client-id=producer-1}                  : 24,000
producer-metrics:failed-authentication-rate:{client-id=producer-1}                 : 0,000
producer-metrics:failed-authentication-total:{client-id=producer-1}                : 0,000
producer-metrics:failed-reauthentication-rate:{client-id=producer-1}               : 0,000
producer-metrics:failed-reauthentication-total:{client-id=producer-1}              : 0,000
producer-metrics:incoming-byte-rate:{client-id=producer-1}                         : 3820,527
producer-metrics:incoming-byte-total:{client-id=producer-1}                        : 4973326,000
producer-metrics:io-ratio:{client-id=producer-1}                                   : 0,002
producer-metrics:io-time-ns-avg:{client-id=producer-1}                             : 12346,737
producer-metrics:io-wait-ratio:{client-id=producer-1}                              : 0,993
producer-metrics:io-wait-time-ns-avg:{client-id=producer-1}                        : 5205044,572
producer-metrics:io-waittime-total:{client-id=producer-1}                          : 1339549666992,000
producer-metrics:iotime-total:{client-id=producer-1}                               : 3320490430,000
producer-metrics:metadata-age:{client-id=producer-1}                               : 91,572
producer-metrics:network-io-rate:{client-id=producer-1}                            : 123,223
producer-metrics:network-io-total:{client-id=producer-1}                           : 160112,000
producer-metrics:outgoing-byte-rate:{client-id=producer-1}                         : 70539,597
producer-metrics:outgoing-byte-total:{client-id=producer-1}                        : 91613307,000
producer-metrics:produce-throttle-time-avg:{client-id=producer-1}                  : 0,000
producer-metrics:produce-throttle-time-max:{client-id=producer-1}                  : 0,000
producer-metrics:reauthentication-latency-avg:{client-id=producer-1}               : NaN
producer-metrics:reauthentication-latency-max:{client-id=producer-1}               : NaN
producer-metrics:record-error-rate:{client-id=producer-1}                          : 0,000
producer-metrics:record-error-total:{client-id=producer-1}                         : 0,000
producer-metrics:record-queue-time-avg:{client-id=producer-1}                      : 0,018
producer-metrics:record-queue-time-max:{client-id=producer-1}                      : 1,000
producer-metrics:record-retry-rate:{client-id=producer-1}                          : 0,000
producer-metrics:record-retry-total:{client-id=producer-1}                         : 20,000
producer-metrics:record-send-rate:{client-id=producer-1}                           : 61,603
producer-metrics:record-send-total:{client-id=producer-1}                          : 80020,000
producer-metrics:record-size-avg:{client-id=producer-1}                            : 1091,000
producer-metrics:record-size-max:{client-id=producer-1}                            : 1091,000
producer-metrics:records-per-request-avg:{client-id=producer-1}                    : 1,000
producer-metrics:request-latency-avg:{client-id=producer-1}                        : 16,237
producer-metrics:request-latency-max:{client-id=producer-1}                        : 650,000
producer-metrics:request-rate:{client-id=producer-1}                               : 61,602
producer-metrics:request-size-avg:{client-id=producer-1}                           : 1145,000
producer-metrics:request-size-max:{client-id=producer-1}                           : 1145,000
producer-metrics:request-total:{client-id=producer-1}                              : 80066,000
producer-metrics:requests-in-flight:{client-id=producer-1}                         : 0,000
producer-metrics:response-rate:{client-id=producer-1}                              : 61,621
producer-metrics:response-total:{client-id=producer-1}                             : 80046,000
producer-metrics:select-rate:{client-id=producer-1}                                : 190,850
producer-metrics:select-total:{client-id=producer-1}                               : 239743,000
producer-metrics:successful-authentication-no-reauth-total:{client-id=producer-1}  : 0,000
producer-metrics:successful-authentication-rate:{client-id=producer-1}             : 0,000
producer-metrics:successful-authentication-total:{client-id=producer-1}            : 0,000
producer-metrics:successful-reauthentication-rate:{client-id=producer-1}           : 0,000
producer-metrics:successful-reauthentication-total:{client-id=producer-1}          : 0,000
producer-metrics:waiting-threads:{client-id=producer-1}                            : 0,000
producer-node-metrics:incoming-byte-rate:{client-id=producer-1, node-id=node--1}   : 0,000
producer-node-metrics:incoming-byte-rate:{client-id=producer-1, node-id=node-1}    : 1269,941
producer-node-metrics:incoming-byte-rate:{client-id=producer-1, node-id=node-3}    : 1255,365
producer-node-metrics:incoming-byte-rate:{client-id=producer-1, node-id=node-6}    : 1285,400
producer-node-metrics:incoming-byte-total:{client-id=producer-1, node-id=node--1}  : 579,000
producer-node-metrics:incoming-byte-total:{client-id=producer-1, node-id=node-1}   : 1650493,000
producer-node-metrics:incoming-byte-total:{client-id=producer-1, node-id=node-3}   : 1658263,000
producer-node-metrics:incoming-byte-total:{client-id=producer-1, node-id=node-6}   : 1663991,000
producer-node-metrics:outgoing-byte-rate:{client-id=producer-1, node-id=node--1}   : 0,000
producer-node-metrics:outgoing-byte-rate:{client-id=producer-1, node-id=node-1}    : 23452,486
producer-node-metrics:outgoing-byte-rate:{client-id=producer-1, node-id=node-3}    : 23089,159
producer-node-metrics:outgoing-byte-rate:{client-id=producer-1, node-id=node-6}    : 23716,707
producer-node-metrics:outgoing-byte-total:{client-id=producer-1, node-id=node--1}  : 67,000
producer-node-metrics:outgoing-byte-total:{client-id=producer-1, node-id=node-1}   : 30401248,000
producer-node-metrics:outgoing-byte-total:{client-id=producer-1, node-id=node-3}   : 30563608,000
producer-node-metrics:outgoing-byte-total:{client-id=producer-1, node-id=node-6}   : 30648384,000
producer-node-metrics:request-latency-avg:{client-id=producer-1, node-id=node--1}  : NaN
producer-node-metrics:request-latency-avg:{client-id=producer-1, node-id=node-1}   : 17,927
producer-node-metrics:request-latency-avg:{client-id=producer-1, node-id=node-3}   : 14,882
producer-node-metrics:request-latency-avg:{client-id=producer-1, node-id=node-6}   : 16,011
producer-node-metrics:request-latency-max:{client-id=producer-1, node-id=node--1}  : NaN
producer-node-metrics:request-latency-max:{client-id=producer-1, node-id=node-1}   : 650,000
producer-node-metrics:request-latency-max:{client-id=producer-1, node-id=node-3}   : 637,000
producer-node-metrics:request-latency-max:{client-id=producer-1, node-id=node-6}   : 635,000
producer-node-metrics:request-rate:{client-id=producer-1, node-id=node--1}         : 0,000
producer-node-metrics:request-rate:{client-id=producer-1, node-id=node-1}          : 20,482
producer-node-metrics:request-rate:{client-id=producer-1, node-id=node-3}          : 20,164
producer-node-metrics:request-rate:{client-id=producer-1, node-id=node-6}          : 20,712
producer-node-metrics:request-size-avg:{client-id=producer-1, node-id=node--1}     : NaN
producer-node-metrics:request-size-avg:{client-id=producer-1, node-id=node-1}      : 1145,000
producer-node-metrics:request-size-avg:{client-id=producer-1, node-id=node-3}      : 1145,000
producer-node-metrics:request-size-avg:{client-id=producer-1, node-id=node-6}      : 1145,000
producer-node-metrics:request-size-max:{client-id=producer-1, node-id=node--1}     : NaN
producer-node-metrics:request-size-max:{client-id=producer-1, node-id=node-1}      : 1145,000
producer-node-metrics:request-size-max:{client-id=producer-1, node-id=node-3}      : 1145,000
producer-node-metrics:request-size-max:{client-id=producer-1, node-id=node-6}      : 1145,000
producer-node-metrics:request-total:{client-id=producer-1, node-id=node--1}        : 2,000
producer-node-metrics:request-total:{client-id=producer-1, node-id=node-1}         : 26570,000
producer-node-metrics:request-total:{client-id=producer-1, node-id=node-3}         : 26708,000
producer-node-metrics:request-total:{client-id=producer-1, node-id=node-6}         : 26786,000
producer-node-metrics:response-rate:{client-id=producer-1, node-id=node--1}        : 0,000
producer-node-metrics:response-rate:{client-id=producer-1, node-id=node-1}         : 20,483
producer-node-metrics:response-rate:{client-id=producer-1, node-id=node-3}         : 20,248
producer-node-metrics:response-rate:{client-id=producer-1, node-id=node-6}         : 20,732
producer-node-metrics:response-total:{client-id=producer-1, node-id=node--1}       : 2,000
producer-node-metrics:response-total:{client-id=producer-1, node-id=node-1}        : 26562,000
producer-node-metrics:response-total:{client-id=producer-1, node-id=node-3}        : 26702,000
producer-node-metrics:response-total:{client-id=producer-1, node-id=node-6}        : 26780,000
producer-topic-metrics:byte-rate:{client-id=producer-1, topic=test-topic}          : 66223,237
producer-topic-metrics:byte-total:{client-id=producer-1, topic=test-topic}         : 86010385,000
producer-topic-metrics:compression-rate:{client-id=producer-1, topic=test-topic}   : 1,000
producer-topic-metrics:record-error-rate:{client-id=producer-1, topic=test-topic}  : 0,000
producer-topic-metrics:record-error-total:{client-id=producer-1, topic=test-topic} : 0,000
producer-topic-metrics:record-retry-rate:{client-id=producer-1, topic=test-topic}  : 0,000
producer-topic-metrics:record-retry-total:{client-id=producer-1, topic=test-topic} : 20,000
producer-topic-metrics:record-send-rate:{client-id=producer-1, topic=test-topic}   : 61,603
producer-topic-metrics:record-send-total:{client-id=producer-1, topic=test-topic}  : 80020,000
Produce Time: 1348.74
Aplication time: 1349.423
*****Produção finalizada, esperando 180 s para buscar WM*****
Water mark: 1280000
