Topic to send: test-topic
Topic to acks: -1
Records: 80000
Size:1000
275 records sent, 55,0 records/sec (0,05 MB/sec), 18,1 ms avg latency, 276,0 ms max latency.
309 records sent, 60,2 records/sec (0,06 MB/sec), 16,6 ms avg latency, 214,0 ms max latency.
329 records sent, 64,8 records/sec (0,06 MB/sec), 15,4 ms avg latency, 210,0 ms max latency.
224 records sent, 44,2 records/sec (0,04 MB/sec), 22,6 ms avg latency, 643,0 ms max latency.
318 records sent, 63,2 records/sec (0,06 MB/sec), 15,8 ms avg latency, 213,0 ms max latency.
377 records sent, 57,7 records/sec (0,06 MB/sec), 17,3 ms avg latency, 1531,0 ms max latency.
279 records sent, 54,0 records/sec (0,05 MB/sec), 18,5 ms avg latency, 630,0 ms max latency.
262 records sent, 51,2 records/sec (0,05 MB/sec), 19,5 ms avg latency, 637,0 ms max latency.
276 records sent, 53,7 records/sec (0,05 MB/sec), 18,6 ms avg latency, 628,0 ms max latency.
220 records sent, 43,7 records/sec (0,04 MB/sec), 22,8 ms avg latency, 641,0 ms max latency.
421 records sent, 84,2 records/sec (0,08 MB/sec), 11,9 ms avg latency, 223,0 ms max latency.
329 records sent, 63,3 records/sec (0,06 MB/sec), 15,8 ms avg latency, 639,0 ms max latency.
344 records sent, 68,5 records/sec (0,07 MB/sec), 14,6 ms avg latency, 626,0 ms max latency.
284 records sent, 55,5 records/sec (0,05 MB/sec), 18,0 ms avg latency, 632,0 ms max latency.
241 records sent, 47,7 records/sec (0,05 MB/sec), 20,9 ms avg latency, 650,0 ms max latency.
275 records sent, 53,5 records/sec (0,05 MB/sec), 18,7 ms avg latency, 646,0 ms max latency.
235 records sent, 46,7 records/sec (0,04 MB/sec), 21,4 ms avg latency, 639,0 ms max latency.
232 records sent, 46,2 records/sec (0,04 MB/sec), 21,6 ms avg latency, 634,0 ms max latency.
230 records sent, 42,2 records/sec (0,04 MB/sec), 23,7 ms avg latency, 648,0 ms max latency.
351 records sent, 69,7 records/sec (0,07 MB/sec), 14,3 ms avg latency, 230,0 ms max latency.
302 records sent, 58,9 records/sec (0,06 MB/sec), 17,0 ms avg latency, 210,0 ms max latency.
396 records sent, 77,3 records/sec (0,07 MB/sec), 12,9 ms avg latency, 634,0 ms max latency.
201 records sent, 38,7 records/sec (0,04 MB/sec), 25,8 ms avg latency, 639,0 ms max latency.
291 records sent, 56,7 records/sec (0,05 MB/sec), 17,6 ms avg latency, 629,0 ms max latency.
365 records sent, 72,4 records/sec (0,07 MB/sec), 13,8 ms avg latency, 213,0 ms max latency.
350 records sent, 69,1 records/sec (0,07 MB/sec), 14,4 ms avg latency, 637,0 ms max latency.
269 records sent, 52,5 records/sec (0,05 MB/sec), 19,0 ms avg latency, 643,0 ms max latency.
337 records sent, 65,0 records/sec (0,06 MB/sec), 15,4 ms avg latency, 210,0 ms max latency.
343 records sent, 68,4 records/sec (0,07 MB/sec), 14,6 ms avg latency, 644,0 ms max latency.
315 records sent, 60,7 records/sec (0,06 MB/sec), 16,4 ms avg latency, 646,0 ms max latency.
213 records sent, 42,5 records/sec (0,04 MB/sec), 23,5 ms avg latency, 643,0 ms max latency.
272 records sent, 53,3 records/sec (0,05 MB/sec), 18,7 ms avg latency, 645,0 ms max latency.
296 records sent, 57,2 records/sec (0,05 MB/sec), 17,5 ms avg latency, 639,0 ms max latency.
377 records sent, 74,1 records/sec (0,07 MB/sec), 13,5 ms avg latency, 636,0 ms max latency.
225 records sent, 45,0 records/sec (0,04 MB/sec), 22,2 ms avg latency, 639,0 ms max latency.
328 records sent, 65,5 records/sec (0,06 MB/sec), 15,3 ms avg latency, 210,0 ms max latency.
325 records sent, 63,0 records/sec (0,06 MB/sec), 15,9 ms avg latency, 623,0 ms max latency.
375 records sent, 74,0 records/sec (0,07 MB/sec), 13,5 ms avg latency, 211,0 ms max latency.
243 records sent, 48,0 records/sec (0,05 MB/sec), 20,8 ms avg latency, 210,0 ms max latency.
259 records sent, 51,3 records/sec (0,05 MB/sec), 19,5 ms avg latency, 628,0 ms max latency.
258 records sent, 51,0 records/sec (0,05 MB/sec), 19,6 ms avg latency, 210,0 ms max latency.
235 records sent, 46,8 records/sec (0,04 MB/sec), 21,3 ms avg latency, 641,0 ms max latency.
299 records sent, 57,9 records/sec (0,06 MB/sec), 17,3 ms avg latency, 644,0 ms max latency.
291 records sent, 56,6 records/sec (0,05 MB/sec), 17,7 ms avg latency, 631,0 ms max latency.
327 records sent, 63,0 records/sec (0,06 MB/sec), 15,9 ms avg latency, 210,0 ms max latency.
363 records sent, 72,1 records/sec (0,07 MB/sec), 13,9 ms avg latency, 625,0 ms max latency.
294 records sent, 57,2 records/sec (0,05 MB/sec), 17,5 ms avg latency, 647,0 ms max latency.
269 records sent, 48,8 records/sec (0,05 MB/sec), 20,5 ms avg latency, 621,0 ms max latency.
307 records sent, 59,7 records/sec (0,06 MB/sec), 16,7 ms avg latency, 620,0 ms max latency.
252 records sent, 50,0 records/sec (0,05 MB/sec), 20,0 ms avg latency, 630,0 ms max latency.
235 records sent, 46,3 records/sec (0,04 MB/sec), 21,6 ms avg latency, 644,0 ms max latency.
235 records sent, 47,0 records/sec (0,04 MB/sec), 21,2 ms avg latency, 210,0 ms max latency.
236 records sent, 47,0 records/sec (0,04 MB/sec), 21,3 ms avg latency, 652,0 ms max latency.
492 records sent, 97,3 records/sec (0,09 MB/sec), 10,3 ms avg latency, 209,0 ms max latency.
256 records sent, 50,7 records/sec (0,05 MB/sec), 19,7 ms avg latency, 625,0 ms max latency.
259 records sent, 51,2 records/sec (0,05 MB/sec), 19,5 ms avg latency, 229,0 ms max latency.
238 records sent, 47,6 records/sec (0,05 MB/sec), 21,0 ms avg latency, 621,0 ms max latency.
366 records sent, 72,5 records/sec (0,07 MB/sec), 13,8 ms avg latency, 621,0 ms max latency.
296 records sent, 57,6 records/sec (0,05 MB/sec), 17,3 ms avg latency, 632,0 ms max latency.
285 records sent, 55,9 records/sec (0,05 MB/sec), 17,9 ms avg latency, 210,0 ms max latency.
298 records sent, 57,8 records/sec (0,06 MB/sec), 17,3 ms avg latency, 645,0 ms max latency.
494 records sent, 97,7 records/sec (0,09 MB/sec), 10,2 ms avg latency, 210,0 ms max latency.
285 records sent, 55,4 records/sec (0,05 MB/sec), 18,0 ms avg latency, 643,0 ms max latency.
199 records sent, 37,0 records/sec (0,04 MB/sec), 27,0 ms avg latency, 649,0 ms max latency.
291 records sent, 56,4 records/sec (0,05 MB/sec), 17,7 ms avg latency, 641,0 ms max latency.
276 records sent, 54,3 records/sec (0,05 MB/sec), 18,4 ms avg latency, 644,0 ms max latency.
303 records sent, 58,6 records/sec (0,06 MB/sec), 17,0 ms avg latency, 642,0 ms max latency.
287 records sent, 56,0 records/sec (0,05 MB/sec), 17,8 ms avg latency, 647,0 ms max latency.
282 records sent, 55,0 records/sec (0,05 MB/sec), 18,2 ms avg latency, 626,0 ms max latency.
372 records sent, 72,3 records/sec (0,07 MB/sec), 13,8 ms avg latency, 1533,0 ms max latency.
315 records sent, 60,9 records/sec (0,06 MB/sec), 16,4 ms avg latency, 638,0 ms max latency.
263 records sent, 52,1 records/sec (0,05 MB/sec), 19,2 ms avg latency, 621,0 ms max latency.
226 records sent, 45,1 records/sec (0,04 MB/sec), 22,2 ms avg latency, 633,0 ms max latency.
347 records sent, 69,2 records/sec (0,07 MB/sec), 14,4 ms avg latency, 210,0 ms max latency.
244 records sent, 48,5 records/sec (0,05 MB/sec), 20,6 ms avg latency, 640,0 ms max latency.
482 records sent, 95,6 records/sec (0,09 MB/sec), 10,4 ms avg latency, 625,0 ms max latency.
260 records sent, 50,7 records/sec (0,05 MB/sec), 19,7 ms avg latency, 1526,0 ms max latency.
263 records sent, 50,0 records/sec (0,05 MB/sec), 20,0 ms avg latency, 621,0 ms max latency.
365 records sent, 72,6 records/sec (0,07 MB/sec), 13,8 ms avg latency, 210,0 ms max latency.
223 records sent, 42,9 records/sec (0,04 MB/sec), 23,3 ms avg latency, 647,0 ms max latency.
261 records sent, 51,6 records/sec (0,05 MB/sec), 19,3 ms avg latency, 630,0 ms max latency.
347 records sent, 69,4 records/sec (0,07 MB/sec), 14,4 ms avg latency, 213,0 ms max latency.
294 records sent, 57,3 records/sec (0,05 MB/sec), 17,4 ms avg latency, 649,0 ms max latency.
360 records sent, 71,4 records/sec (0,07 MB/sec), 14,0 ms avg latency, 623,0 ms max latency.
460 records sent, 92,0 records/sec (0,09 MB/sec), 10,9 ms avg latency, 210,0 ms max latency.
367 records sent, 72,5 records/sec (0,07 MB/sec), 13,8 ms avg latency, 211,0 ms max latency.
359 records sent, 71,2 records/sec (0,07 MB/sec), 14,0 ms avg latency, 632,0 ms max latency.
309 records sent, 60,3 records/sec (0,06 MB/sec), 16,6 ms avg latency, 210,0 ms max latency.
417 records sent, 80,2 records/sec (0,08 MB/sec), 12,5 ms avg latency, 648,0 ms max latency.
302 records sent, 58,7 records/sec (0,06 MB/sec), 17,0 ms avg latency, 638,0 ms max latency.
324 records sent, 63,9 records/sec (0,06 MB/sec), 15,6 ms avg latency, 1526,0 ms max latency.
196 records sent, 38,2 records/sec (0,04 MB/sec), 26,2 ms avg latency, 634,0 ms max latency.
361 records sent, 71,9 records/sec (0,07 MB/sec), 13,9 ms avg latency, 210,0 ms max latency.
237 records sent, 47,3 records/sec (0,05 MB/sec), 21,1 ms avg latency, 641,0 ms max latency.
348 records sent, 69,1 records/sec (0,07 MB/sec), 14,5 ms avg latency, 624,0 ms max latency.
278 records sent, 54,7 records/sec (0,05 MB/sec), 18,3 ms avg latency, 627,0 ms max latency.
323 records sent, 61,4 records/sec (0,06 MB/sec), 16,3 ms avg latency, 1522,0 ms max latency.
394 records sent, 74,2 records/sec (0,07 MB/sec), 13,5 ms avg latency, 650,0 ms max latency.
235 records sent, 46,6 records/sec (0,04 MB/sec), 21,4 ms avg latency, 648,0 ms max latency.
362 records sent, 71,2 records/sec (0,07 MB/sec), 14,0 ms avg latency, 635,0 ms max latency.
331 records sent, 63,6 records/sec (0,06 MB/sec), 15,7 ms avg latency, 632,0 ms max latency.
229 records sent, 45,6 records/sec (0,04 MB/sec), 21,9 ms avg latency, 650,0 ms max latency.
352 records sent, 70,4 records/sec (0,07 MB/sec), 14,2 ms avg latency, 210,0 ms max latency.
341 records sent, 67,8 records/sec (0,06 MB/sec), 14,7 ms avg latency, 638,0 ms max latency.
286 records sent, 54,9 records/sec (0,05 MB/sec), 18,2 ms avg latency, 1518,0 ms max latency.
300 records sent, 58,4 records/sec (0,06 MB/sec), 17,1 ms avg latency, 211,0 ms max latency.
326 records sent, 65,2 records/sec (0,06 MB/sec), 15,3 ms avg latency, 619,0 ms max latency.
343 records sent, 68,6 records/sec (0,07 MB/sec), 14,6 ms avg latency, 210,0 ms max latency.
301 records sent, 58,5 records/sec (0,06 MB/sec), 17,1 ms avg latency, 624,0 ms max latency.
349 records sent, 69,6 records/sec (0,07 MB/sec), 14,3 ms avg latency, 627,0 ms max latency.
515 records sent, 100,2 records/sec (0,10 MB/sec), 10,0 ms avg latency, 209,0 ms max latency.
255 records sent, 50,3 records/sec (0,05 MB/sec), 19,9 ms avg latency, 641,0 ms max latency.
324 records sent, 62,2 records/sec (0,06 MB/sec), 16,1 ms avg latency, 636,0 ms max latency.
342 records sent, 68,2 records/sec (0,07 MB/sec), 14,6 ms avg latency, 213,0 ms max latency.
177 records sent, 34,5 records/sec (0,03 MB/sec), 28,9 ms avg latency, 648,0 ms max latency.
344 records sent, 68,6 records/sec (0,07 MB/sec), 14,6 ms avg latency, 627,0 ms max latency.
298 records sent, 58,1 records/sec (0,06 MB/sec), 17,2 ms avg latency, 624,0 ms max latency.
151 records sent, 29,4 records/sec (0,03 MB/sec), 34,0 ms avg latency, 1521,0 ms max latency.
386 records sent, 75,7 records/sec (0,07 MB/sec), 13,2 ms avg latency, 634,0 ms max latency.
318 records sent, 61,1 records/sec (0,06 MB/sec), 16,4 ms avg latency, 643,0 ms max latency.
273 records sent, 53,4 records/sec (0,05 MB/sec), 18,7 ms avg latency, 644,0 ms max latency.
329 records sent, 65,8 records/sec (0,06 MB/sec), 15,2 ms avg latency, 648,0 ms max latency.
262 records sent, 51,8 records/sec (0,05 MB/sec), 19,3 ms avg latency, 633,0 ms max latency.
316 records sent, 61,3 records/sec (0,06 MB/sec), 16,3 ms avg latency, 213,0 ms max latency.
370 records sent, 73,2 records/sec (0,07 MB/sec), 13,6 ms avg latency, 636,0 ms max latency.
336 records sent, 67,2 records/sec (0,06 MB/sec), 14,9 ms avg latency, 637,0 ms max latency.
317 records sent, 63,4 records/sec (0,06 MB/sec), 15,8 ms avg latency, 1526,0 ms max latency.
232 records sent, 46,3 records/sec (0,04 MB/sec), 21,6 ms avg latency, 624,0 ms max latency.
276 records sent, 54,4 records/sec (0,05 MB/sec), 18,4 ms avg latency, 226,0 ms max latency.
283 records sent, 55,6 records/sec (0,05 MB/sec), 18,0 ms avg latency, 631,0 ms max latency.
255 records sent, 50,4 records/sec (0,05 MB/sec), 19,8 ms avg latency, 636,0 ms max latency.
345 records sent, 68,8 records/sec (0,07 MB/sec), 14,5 ms avg latency, 217,0 ms max latency.
330 records sent, 63,6 records/sec (0,06 MB/sec), 15,7 ms avg latency, 210,0 ms max latency.
319 records sent, 63,2 records/sec (0,06 MB/sec), 15,8 ms avg latency, 640,0 ms max latency.
348 records sent, 69,6 records/sec (0,07 MB/sec), 14,3 ms avg latency, 626,0 ms max latency.
276 records sent, 53,6 records/sec (0,05 MB/sec), 18,6 ms avg latency, 1524,0 ms max latency.
272 records sent, 53,6 records/sec (0,05 MB/sec), 18,6 ms avg latency, 639,0 ms max latency.
253 records sent, 50,2 records/sec (0,05 MB/sec), 19,9 ms avg latency, 632,0 ms max latency.
225 records sent, 44,7 records/sec (0,04 MB/sec), 22,3 ms avg latency, 646,0 ms max latency.
259 records sent, 51,0 records/sec (0,05 MB/sec), 19,6 ms avg latency, 644,0 ms max latency.
341 records sent, 68,2 records/sec (0,07 MB/sec), 14,7 ms avg latency, 210,0 ms max latency.
234 records sent, 46,8 records/sec (0,04 MB/sec), 21,4 ms avg latency, 629,0 ms max latency.
312 records sent, 56,2 records/sec (0,05 MB/sec), 17,8 ms avg latency, 628,0 ms max latency.
219 records sent, 42,4 records/sec (0,04 MB/sec), 23,6 ms avg latency, 622,0 ms max latency.
381 records sent, 74,7 records/sec (0,07 MB/sec), 13,4 ms avg latency, 648,0 ms max latency.
341 records sent, 68,0 records/sec (0,06 MB/sec), 14,7 ms avg latency, 640,0 ms max latency.
319 records sent, 63,8 records/sec (0,06 MB/sec), 15,7 ms avg latency, 638,0 ms max latency.
261 records sent, 49,4 records/sec (0,05 MB/sec), 20,2 ms avg latency, 640,0 ms max latency.
319 records sent, 61,7 records/sec (0,06 MB/sec), 16,2 ms avg latency, 640,0 ms max latency.
230 records sent, 45,9 records/sec (0,04 MB/sec), 21,8 ms avg latency, 642,0 ms max latency.
257 records sent, 50,2 records/sec (0,05 MB/sec), 19,9 ms avg latency, 1719,0 ms max latency.
249 records sent, 49,4 records/sec (0,05 MB/sec), 20,2 ms avg latency, 642,0 ms max latency.
332 records sent, 64,1 records/sec (0,06 MB/sec), 15,6 ms avg latency, 210,0 ms max latency.
219 records sent, 43,8 records/sec (0,04 MB/sec), 22,8 ms avg latency, 648,0 ms max latency.
362 records sent, 71,7 records/sec (0,07 MB/sec), 13,9 ms avg latency, 640,0 ms max latency.
230 records sent, 44,4 records/sec (0,04 MB/sec), 22,5 ms avg latency, 622,0 ms max latency.
302 records sent, 59,0 records/sec (0,06 MB/sec), 16,9 ms avg latency, 210,0 ms max latency.
281 records sent, 55,4 records/sec (0,05 MB/sec), 18,0 ms avg latency, 210,0 ms max latency.
190 records sent, 36,8 records/sec (0,04 MB/sec), 27,2 ms avg latency, 640,0 ms max latency.
339 records sent, 67,8 records/sec (0,06 MB/sec), 14,7 ms avg latency, 625,0 ms max latency.
410 records sent, 79,8 records/sec (0,08 MB/sec), 12,5 ms avg latency, 209,0 ms max latency.
318 records sent, 61,3 records/sec (0,06 MB/sec), 16,3 ms avg latency, 644,0 ms max latency.
343 records sent, 68,0 records/sec (0,06 MB/sec), 14,7 ms avg latency, 649,0 ms max latency.
339 records sent, 65,2 records/sec (0,06 MB/sec), 15,3 ms avg latency, 635,0 ms max latency.
240 records sent, 47,4 records/sec (0,05 MB/sec), 21,1 ms avg latency, 648,0 ms max latency.
320 records sent, 62,2 records/sec (0,06 MB/sec), 16,1 ms avg latency, 210,0 ms max latency.
309 records sent, 60,3 records/sec (0,06 MB/sec), 16,6 ms avg latency, 210,0 ms max latency.
236 records sent, 45,4 records/sec (0,04 MB/sec), 22,0 ms avg latency, 210,0 ms max latency.
329 records sent, 63,7 records/sec (0,06 MB/sec), 15,7 ms avg latency, 210,0 ms max latency.
271 records sent, 52,9 records/sec (0,05 MB/sec), 18,9 ms avg latency, 646,0 ms max latency.
232 records sent, 46,3 records/sec (0,04 MB/sec), 21,6 ms avg latency, 642,0 ms max latency.
386 records sent, 75,9 records/sec (0,07 MB/sec), 13,2 ms avg latency, 214,0 ms max latency.
154 records sent, 29,9 records/sec (0,03 MB/sec), 33,4 ms avg latency, 642,0 ms max latency.
238 records sent, 47,4 records/sec (0,05 MB/sec), 21,1 ms avg latency, 631,0 ms max latency.
346 records sent, 68,9 records/sec (0,07 MB/sec), 14,5 ms avg latency, 210,0 ms max latency.
306 records sent, 59,1 records/sec (0,06 MB/sec), 16,9 ms avg latency, 630,0 ms max latency.
221 records sent, 42,6 records/sec (0,04 MB/sec), 23,4 ms avg latency, 210,0 ms max latency.
349 records sent, 68,9 records/sec (0,07 MB/sec), 14,5 ms avg latency, 639,0 ms max latency.
368 records sent, 73,0 records/sec (0,07 MB/sec), 13,7 ms avg latency, 209,0 ms max latency.
193 records sent, 37,4 records/sec (0,04 MB/sec), 26,7 ms avg latency, 641,0 ms max latency.
339 records sent, 67,4 records/sec (0,06 MB/sec), 14,8 ms avg latency, 210,0 ms max latency.
231 records sent, 45,6 records/sec (0,04 MB/sec), 21,9 ms avg latency, 645,0 ms max latency.
310 records sent, 60,1 records/sec (0,06 MB/sec), 16,6 ms avg latency, 632,0 ms max latency.
284 records sent, 55,0 records/sec (0,05 MB/sec), 18,2 ms avg latency, 626,0 ms max latency.
342 records sent, 68,4 records/sec (0,07 MB/sec), 14,6 ms avg latency, 629,0 ms max latency.
416 records sent, 80,7 records/sec (0,08 MB/sec), 12,4 ms avg latency, 647,0 ms max latency.
392 records sent, 77,1 records/sec (0,07 MB/sec), 13,0 ms avg latency, 623,0 ms max latency.
285 records sent, 56,0 records/sec (0,05 MB/sec), 17,8 ms avg latency, 622,0 ms max latency.
307 records sent, 59,9 records/sec (0,06 MB/sec), 16,7 ms avg latency, 212,0 ms max latency.
265 records sent, 52,0 records/sec (0,05 MB/sec), 19,2 ms avg latency, 646,0 ms max latency.
326 records sent, 63,0 records/sec (0,06 MB/sec), 15,8 ms avg latency, 210,0 ms max latency.
239 records sent, 47,8 records/sec (0,05 MB/sec), 20,9 ms avg latency, 623,0 ms max latency.
332 records sent, 66,4 records/sec (0,06 MB/sec), 15,1 ms avg latency, 211,0 ms max latency.
287 records sent, 56,3 records/sec (0,05 MB/sec), 17,8 ms avg latency, 622,0 ms max latency.
250 records sent, 49,6 records/sec (0,05 MB/sec), 20,1 ms avg latency, 634,0 ms max latency.
293 records sent, 57,5 records/sec (0,05 MB/sec), 17,4 ms avg latency, 210,0 ms max latency.
157 records sent, 30,9 records/sec (0,03 MB/sec), 32,4 ms avg latency, 636,0 ms max latency.
346 records sent, 69,2 records/sec (0,07 MB/sec), 14,4 ms avg latency, 210,0 ms max latency.
341 records sent, 65,7 records/sec (0,06 MB/sec), 15,2 ms avg latency, 210,0 ms max latency.
285 records sent, 55,8 records/sec (0,05 MB/sec), 17,9 ms avg latency, 620,0 ms max latency.
274 records sent, 53,9 records/sec (0,05 MB/sec), 18,5 ms avg latency, 641,0 ms max latency.
285 records sent, 47,5 records/sec (0,05 MB/sec), 21,0 ms avg latency, 1511,0 ms max latency.
314 records sent, 61,0 records/sec (0,06 MB/sec), 16,4 ms avg latency, 629,0 ms max latency.
363 records sent, 72,5 records/sec (0,07 MB/sec), 13,8 ms avg latency, 210,0 ms max latency.
373 records sent, 74,0 records/sec (0,07 MB/sec), 13,5 ms avg latency, 210,0 ms max latency.
321 records sent, 61,9 records/sec (0,06 MB/sec), 16,1 ms avg latency, 637,0 ms max latency.
355 records sent, 65,2 records/sec (0,06 MB/sec), 15,3 ms avg latency, 639,0 ms max latency.
281 records sent, 52,9 records/sec (0,05 MB/sec), 18,9 ms avg latency, 636,0 ms max latency.
255 records sent, 50,2 records/sec (0,05 MB/sec), 19,9 ms avg latency, 645,0 ms max latency.
273 records sent, 53,1 records/sec (0,05 MB/sec), 18,8 ms avg latency, 1521,0 ms max latency.
302 records sent, 56,3 records/sec (0,05 MB/sec), 17,7 ms avg latency, 641,0 ms max latency.
336 records sent, 67,2 records/sec (0,06 MB/sec), 14,9 ms avg latency, 634,0 ms max latency.
296 records sent, 57,2 records/sec (0,05 MB/sec), 17,4 ms avg latency, 646,0 ms max latency.
335 records sent, 67,0 records/sec (0,06 MB/sec), 14,9 ms avg latency, 209,0 ms max latency.
333 records sent, 64,2 records/sec (0,06 MB/sec), 15,5 ms avg latency, 632,0 ms max latency.
324 records sent, 62,6 records/sec (0,06 MB/sec), 16,0 ms avg latency, 641,0 ms max latency.
301 records sent, 58,7 records/sec (0,06 MB/sec), 17,0 ms avg latency, 625,0 ms max latency.
336 records sent, 67,2 records/sec (0,06 MB/sec), 14,9 ms avg latency, 644,0 ms max latency.
269 records sent, 53,1 records/sec (0,05 MB/sec), 18,8 ms avg latency, 637,0 ms max latency.
332 records sent, 66,4 records/sec (0,06 MB/sec), 15,1 ms avg latency, 641,0 ms max latency.
264 records sent, 51,9 records/sec (0,05 MB/sec), 19,3 ms avg latency, 638,0 ms max latency.
434 records sent, 86,8 records/sec (0,08 MB/sec), 11,5 ms avg latency, 210,0 ms max latency.
219 records sent, 42,2 records/sec (0,04 MB/sec), 23,7 ms avg latency, 641,0 ms max latency.
245 records sent, 48,8 records/sec (0,05 MB/sec), 20,5 ms avg latency, 633,0 ms max latency.
151 records sent, 29,6 records/sec (0,03 MB/sec), 33,7 ms avg latency, 1710,0 ms max latency.
472 records sent, 93,8 records/sec (0,09 MB/sec), 10,7 ms avg latency, 209,0 ms max latency.
350 records sent, 66,5 records/sec (0,06 MB/sec), 15,0 ms avg latency, 644,0 ms max latency.
282 records sent, 50,9 records/sec (0,05 MB/sec), 19,6 ms avg latency, 642,0 ms max latency.
322 records sent, 62,2 records/sec (0,06 MB/sec), 16,1 ms avg latency, 637,0 ms max latency.
263 records sent, 51,8 records/sec (0,05 MB/sec), 19,3 ms avg latency, 648,0 ms max latency.
332 records sent, 63,9 records/sec (0,06 MB/sec), 15,6 ms avg latency, 648,0 ms max latency.
269 records sent, 53,0 records/sec (0,05 MB/sec), 18,8 ms avg latency, 643,0 ms max latency.
300 records sent, 58,7 records/sec (0,06 MB/sec), 17,0 ms avg latency, 214,0 ms max latency.
227 records sent, 45,4 records/sec (0,04 MB/sec), 22,0 ms avg latency, 637,0 ms max latency.
334 records sent, 66,8 records/sec (0,06 MB/sec), 15,0 ms avg latency, 640,0 ms max latency.
453 records sent, 90,6 records/sec (0,09 MB/sec), 11,0 ms avg latency, 650,0 ms max latency.
260 records sent, 51,4 records/sec (0,05 MB/sec), 19,5 ms avg latency, 631,0 ms max latency.
438 records sent, 84,7 records/sec (0,08 MB/sec), 11,8 ms avg latency, 210,0 ms max latency.
226 records sent, 45,0 records/sec (0,04 MB/sec), 22,2 ms avg latency, 644,0 ms max latency.
261 records sent, 51,6 records/sec (0,05 MB/sec), 19,4 ms avg latency, 646,0 ms max latency.
313 records sent, 60,6 records/sec (0,06 MB/sec), 16,5 ms avg latency, 623,0 ms max latency.
252 records sent, 49,9 records/sec (0,05 MB/sec), 20,0 ms avg latency, 650,0 ms max latency.
206 records sent, 37,0 records/sec (0,04 MB/sec), 27,0 ms avg latency, 641,0 ms max latency.
266 records sent, 52,6 records/sec (0,05 MB/sec), 19,0 ms avg latency, 641,0 ms max latency.
411 records sent, 80,0 records/sec (0,08 MB/sec), 12,5 ms avg latency, 641,0 ms max latency.
348 records sent, 69,0 records/sec (0,07 MB/sec), 14,5 ms avg latency, 646,0 ms max latency.
275 records sent, 51,5 records/sec (0,05 MB/sec), 19,4 ms avg latency, 647,0 ms max latency.
276 records sent, 54,4 records/sec (0,05 MB/sec), 18,4 ms avg latency, 628,0 ms max latency.
216 records sent, 41,7 records/sec (0,04 MB/sec), 24,0 ms avg latency, 629,0 ms max latency.
342 records sent, 68,4 records/sec (0,07 MB/sec), 14,6 ms avg latency, 644,0 ms max latency.
306 records sent, 59,2 records/sec (0,06 MB/sec), 16,9 ms avg latency, 639,0 ms max latency.
336 records sent, 66,9 records/sec (0,06 MB/sec), 14,9 ms avg latency, 642,0 ms max latency.
339 records sent, 65,1 records/sec (0,06 MB/sec), 15,3 ms avg latency, 211,0 ms max latency.
287 records sent, 56,4 records/sec (0,05 MB/sec), 17,7 ms avg latency, 622,0 ms max latency.
294 records sent, 57,0 records/sec (0,05 MB/sec), 17,5 ms avg latency, 635,0 ms max latency.
292 records sent, 56,9 records/sec (0,05 MB/sec), 17,6 ms avg latency, 210,0 ms max latency.
213 records sent, 41,3 records/sec (0,04 MB/sec), 24,2 ms avg latency, 630,0 ms max latency.
250 records sent, 49,6 records/sec (0,05 MB/sec), 20,1 ms avg latency, 633,0 ms max latency.
365 records sent, 72,8 records/sec (0,07 MB/sec), 13,7 ms avg latency, 209,0 ms max latency.
347 records sent, 68,8 records/sec (0,07 MB/sec), 14,5 ms avg latency, 627,0 ms max latency.
270 records sent, 53,3 records/sec (0,05 MB/sec), 18,8 ms avg latency, 630,0 ms max latency.
333 records sent, 66,6 records/sec (0,06 MB/sec), 15,0 ms avg latency, 209,0 ms max latency.
304 records sent, 58,8 records/sec (0,06 MB/sec), 17,0 ms avg latency, 645,0 ms max latency.
293 records sent, 57,1 records/sec (0,05 MB/sec), 17,5 ms avg latency, 649,0 ms max latency.
279 records sent, 54,6 records/sec (0,05 MB/sec), 18,3 ms avg latency, 629,0 ms max latency.
80000 records sent, 58,942498 records/sec (0,06 MB/sec), 16,95 ms avg latency, 1719,00 ms max latency, 2 ms 50th, 207 ms 95th, 210 ms 99th, 642 ms 99.9th.

Metric Name                                                                          Value
app-info:commit-id:{client-id=producer-1}                                          : d4284cbebb6f0a4c
app-info:start-time-ms:{client-id=producer-1}                                      : 1592695017681
app-info:version:{client-id=producer-1}                                            : 2.3.1
kafka-metrics-count:count:{client-id=producer-1}                                   : 126,000
producer-metrics:batch-size-avg:{client-id=producer-1}                             : 1075,000
producer-metrics:batch-size-max:{client-id=producer-1}                             : 1075,000
producer-metrics:batch-split-rate:{client-id=producer-1}                           : 0,000
producer-metrics:batch-split-total:{client-id=producer-1}                          : 0,000
producer-metrics:buffer-available-bytes:{client-id=producer-1}                     : 33554432,000
producer-metrics:buffer-exhausted-rate:{client-id=producer-1}                      : 0,000
producer-metrics:buffer-exhausted-total:{client-id=producer-1}                     : 0,000
producer-metrics:buffer-total-bytes:{client-id=producer-1}                         : 33554432,000
producer-metrics:bufferpool-wait-ratio:{client-id=producer-1}                      : 0,000
producer-metrics:bufferpool-wait-time-total:{client-id=producer-1}                 : 0,000
producer-metrics:compression-rate-avg:{client-id=producer-1}                       : 1,000
producer-metrics:connection-close-rate:{client-id=producer-1}                      : 0,000
producer-metrics:connection-close-total:{client-id=producer-1}                     : 14,000
producer-metrics:connection-count:{client-id=producer-1}                           : 3,000
producer-metrics:connection-creation-rate:{client-id=producer-1}                   : 0,000
producer-metrics:connection-creation-total:{client-id=producer-1}                  : 17,000
producer-metrics:failed-authentication-rate:{client-id=producer-1}                 : 0,000
producer-metrics:failed-authentication-total:{client-id=producer-1}                : 0,000
producer-metrics:failed-reauthentication-rate:{client-id=producer-1}               : 0,000
producer-metrics:failed-reauthentication-total:{client-id=producer-1}              : 0,000
producer-metrics:incoming-byte-rate:{client-id=producer-1}                         : 3772,154
producer-metrics:incoming-byte-total:{client-id=producer-1}                        : 4969558,000
producer-metrics:io-ratio:{client-id=producer-1}                                   : 0,002
producer-metrics:io-time-ns-avg:{client-id=producer-1}                             : 12334,946
producer-metrics:io-wait-ratio:{client-id=producer-1}                              : 0,993
producer-metrics:io-wait-time-ns-avg:{client-id=producer-1}                        : 5446491,028
producer-metrics:io-waittime-total:{client-id=producer-1}                          : 1348264750589,000
producer-metrics:iotime-total:{client-id=producer-1}                               : 3117562964,000
producer-metrics:metadata-age:{client-id=producer-1}                               : 208,707
producer-metrics:network-io-rate:{client-id=producer-1}                            : 121,647
producer-metrics:network-io-total:{client-id=producer-1}                           : 160079,000
producer-metrics:outgoing-byte-rate:{client-id=producer-1}                         : 69633,524
producer-metrics:outgoing-byte-total:{client-id=producer-1}                        : 91604870,000
producer-metrics:produce-throttle-time-avg:{client-id=producer-1}                  : 0,000
producer-metrics:produce-throttle-time-max:{client-id=producer-1}                  : 0,000
producer-metrics:reauthentication-latency-avg:{client-id=producer-1}               : NaN
producer-metrics:reauthentication-latency-max:{client-id=producer-1}               : NaN
producer-metrics:record-error-rate:{client-id=producer-1}                          : 0,000
producer-metrics:record-error-total:{client-id=producer-1}                         : 0,000
producer-metrics:record-queue-time-avg:{client-id=producer-1}                      : 0,031
producer-metrics:record-queue-time-max:{client-id=producer-1}                      : 1,000
producer-metrics:record-retry-rate:{client-id=producer-1}                          : 0,000
producer-metrics:record-retry-total:{client-id=producer-1}                         : 13,000
producer-metrics:record-send-rate:{client-id=producer-1}                           : 60,811
producer-metrics:record-send-total:{client-id=producer-1}                          : 80013,000
producer-metrics:record-size-avg:{client-id=producer-1}                            : 1091,000
producer-metrics:record-size-max:{client-id=producer-1}                            : 1091,000
producer-metrics:records-per-request-avg:{client-id=producer-1}                    : 1,000
producer-metrics:request-latency-avg:{client-id=producer-1}                        : 16,356
producer-metrics:request-latency-max:{client-id=producer-1}                        : 649,000
producer-metrics:request-rate:{client-id=producer-1}                               : 60,810
producer-metrics:request-size-avg:{client-id=producer-1}                           : 1145,000
producer-metrics:request-size-max:{client-id=producer-1}                           : 1145,000
producer-metrics:request-total:{client-id=producer-1}                              : 80046,000
producer-metrics:requests-in-flight:{client-id=producer-1}                         : 0,000
producer-metrics:response-rate:{client-id=producer-1}                              : 60,841
producer-metrics:response-total:{client-id=producer-1}                             : 80033,000
producer-metrics:select-rate:{client-id=producer-1}                                : 182,302
producer-metrics:select-total:{client-id=producer-1}                               : 239847,000
producer-metrics:successful-authentication-no-reauth-total:{client-id=producer-1}  : 0,000
producer-metrics:successful-authentication-rate:{client-id=producer-1}             : 0,000
producer-metrics:successful-authentication-total:{client-id=producer-1}            : 0,000
producer-metrics:successful-reauthentication-rate:{client-id=producer-1}           : 0,000
producer-metrics:successful-reauthentication-total:{client-id=producer-1}          : 0,000
producer-metrics:waiting-threads:{client-id=producer-1}                            : 0,000
producer-node-metrics:incoming-byte-rate:{client-id=producer-1, node-id=node--2}   : 0,000
producer-node-metrics:incoming-byte-rate:{client-id=producer-1, node-id=node-1}    : 1171,194
producer-node-metrics:incoming-byte-rate:{client-id=producer-1, node-id=node-3}    : 1160,339
producer-node-metrics:incoming-byte-rate:{client-id=producer-1, node-id=node-6}    : 1214,099
producer-node-metrics:incoming-byte-total:{client-id=producer-1, node-id=node--2}  : 579,000
producer-node-metrics:incoming-byte-total:{client-id=producer-1, node-id=node-1}   : 1648756,000
producer-node-metrics:incoming-byte-total:{client-id=producer-1, node-id=node-3}   : 1657390,000
producer-node-metrics:incoming-byte-total:{client-id=producer-1, node-id=node-6}   : 1662833,000
producer-node-metrics:outgoing-byte-rate:{client-id=producer-1, node-id=node--2}   : 0,000
producer-node-metrics:outgoing-byte-rate:{client-id=producer-1, node-id=node-1}    : 23429,522
producer-node-metrics:outgoing-byte-rate:{client-id=producer-1, node-id=node-3}    : 21429,204
producer-node-metrics:outgoing-byte-rate:{client-id=producer-1, node-id=node-6}    : 22422,056
producer-node-metrics:outgoing-byte-total:{client-id=producer-1, node-id=node--2}  : 67,000
producer-node-metrics:outgoing-byte-total:{client-id=producer-1, node-id=node-1}   : 30397613,000
producer-node-metrics:outgoing-byte-total:{client-id=producer-1, node-id=node-3}   : 30561228,000
producer-node-metrics:outgoing-byte-total:{client-id=producer-1, node-id=node-6}   : 30645962,000
producer-node-metrics:request-latency-avg:{client-id=producer-1, node-id=node--2}  : NaN
producer-node-metrics:request-latency-avg:{client-id=producer-1, node-id=node-1}   : 18,997
producer-node-metrics:request-latency-avg:{client-id=producer-1, node-id=node-3}   : 16,670
producer-node-metrics:request-latency-avg:{client-id=producer-1, node-id=node-6}   : 17,099
producer-node-metrics:request-latency-max:{client-id=producer-1, node-id=node--2}  : NaN
producer-node-metrics:request-latency-max:{client-id=producer-1, node-id=node-1}   : 649,000
producer-node-metrics:request-latency-max:{client-id=producer-1, node-id=node-3}   : 630,000
producer-node-metrics:request-latency-max:{client-id=producer-1, node-id=node-6}   : 629,000
producer-node-metrics:request-rate:{client-id=producer-1, node-id=node--2}         : 0,000
producer-node-metrics:request-rate:{client-id=producer-1, node-id=node-1}          : 20,462
producer-node-metrics:request-rate:{client-id=producer-1, node-id=node-3}          : 18,715
producer-node-metrics:request-rate:{client-id=producer-1, node-id=node-6}          : 19,582
producer-node-metrics:request-size-avg:{client-id=producer-1, node-id=node--2}     : NaN
producer-node-metrics:request-size-avg:{client-id=producer-1, node-id=node-1}      : 1145,000
producer-node-metrics:request-size-avg:{client-id=producer-1, node-id=node-3}      : 1145,000
producer-node-metrics:request-size-avg:{client-id=producer-1, node-id=node-6}      : 1145,000
producer-node-metrics:request-size-max:{client-id=producer-1, node-id=node--2}     : NaN
producer-node-metrics:request-size-max:{client-id=producer-1, node-id=node-1}      : 1145,000
producer-node-metrics:request-size-max:{client-id=producer-1, node-id=node-3}      : 1145,000
producer-node-metrics:request-size-max:{client-id=producer-1, node-id=node-6}      : 1145,000
producer-node-metrics:request-total:{client-id=producer-1, node-id=node--2}        : 2,000
producer-node-metrics:request-total:{client-id=producer-1, node-id=node-1}         : 26561,000
producer-node-metrics:request-total:{client-id=producer-1, node-id=node-3}         : 26703,000
producer-node-metrics:request-total:{client-id=producer-1, node-id=node-6}         : 26780,000
producer-node-metrics:response-rate:{client-id=producer-1, node-id=node--2}        : 0,000
producer-node-metrics:response-rate:{client-id=producer-1, node-id=node-1}         : 18,890
producer-node-metrics:response-rate:{client-id=producer-1, node-id=node-3}         : 18,715
producer-node-metrics:response-rate:{client-id=producer-1, node-id=node-6}         : 19,582
producer-node-metrics:response-total:{client-id=producer-1, node-id=node--2}       : 2,000
producer-node-metrics:response-total:{client-id=producer-1, node-id=node-1}        : 26556,000
producer-node-metrics:response-total:{client-id=producer-1, node-id=node-3}        : 26699,000
producer-node-metrics:response-total:{client-id=producer-1, node-id=node-6}        : 26776,000
producer-topic-metrics:byte-rate:{client-id=producer-1, topic=test-topic}          : 65370,241
producer-topic-metrics:byte-total:{client-id=producer-1, topic=test-topic}         : 86002864,000
producer-topic-metrics:compression-rate:{client-id=producer-1, topic=test-topic}   : 1,000
producer-topic-metrics:record-error-rate:{client-id=producer-1, topic=test-topic}  : 0,000
producer-topic-metrics:record-error-total:{client-id=producer-1, topic=test-topic} : 0,000
producer-topic-metrics:record-retry-rate:{client-id=producer-1, topic=test-topic}  : 0,000
producer-topic-metrics:record-retry-total:{client-id=producer-1, topic=test-topic} : 13,000
producer-topic-metrics:record-send-rate:{client-id=producer-1, topic=test-topic}   : 60,811
producer-topic-metrics:record-send-total:{client-id=producer-1, topic=test-topic}  : 80013,000
Produce Time: 1357.254
Aplication time: 1357.946
*****Produção finalizada, esperando 180 s para buscar WM*****
Water mark: 880000
