Topic to send: test-topic
Topic to acks: -1
Records: 80000
Size:1000
270 records sent, 51,9 records/sec (0,05 MB/sec), 19,2 ms avg latency, 249,0 ms max latency.
182 records sent, 33,5 records/sec (0,03 MB/sec), 29,8 ms avg latency, 636,0 ms max latency.
293 records sent, 58,1 records/sec (0,06 MB/sec), 17,2 ms avg latency, 210,0 ms max latency.
358 records sent, 69,1 records/sec (0,07 MB/sec), 14,4 ms avg latency, 647,0 ms max latency.
225 records sent, 44,5 records/sec (0,04 MB/sec), 22,4 ms avg latency, 633,0 ms max latency.
301 records sent, 60,2 records/sec (0,06 MB/sec), 16,6 ms avg latency, 212,0 ms max latency.
297 records sent, 59,4 records/sec (0,06 MB/sec), 16,8 ms avg latency, 620,0 ms max latency.
327 records sent, 64,5 records/sec (0,06 MB/sec), 15,5 ms avg latency, 638,0 ms max latency.
246 records sent, 48,4 records/sec (0,05 MB/sec), 20,6 ms avg latency, 214,0 ms max latency.
363 records sent, 70,7 records/sec (0,07 MB/sec), 14,1 ms avg latency, 210,0 ms max latency.
325 records sent, 64,5 records/sec (0,06 MB/sec), 15,5 ms avg latency, 650,0 ms max latency.
203 records sent, 40,4 records/sec (0,04 MB/sec), 24,7 ms avg latency, 646,0 ms max latency.
317 records sent, 61,0 records/sec (0,06 MB/sec), 16,4 ms avg latency, 633,0 ms max latency.
231 records sent, 45,9 records/sec (0,04 MB/sec), 21,8 ms avg latency, 635,0 ms max latency.
301 records sent, 58,2 records/sec (0,06 MB/sec), 17,2 ms avg latency, 643,0 ms max latency.
297 records sent, 57,3 records/sec (0,05 MB/sec), 17,4 ms avg latency, 210,0 ms max latency.
287 records sent, 55,9 records/sec (0,05 MB/sec), 17,9 ms avg latency, 644,0 ms max latency.
330 records sent, 66,0 records/sec (0,06 MB/sec), 15,1 ms avg latency, 210,0 ms max latency.
290 records sent, 58,0 records/sec (0,06 MB/sec), 17,2 ms avg latency, 623,0 ms max latency.
270 records sent, 53,2 records/sec (0,05 MB/sec), 18,8 ms avg latency, 210,0 ms max latency.
265 records sent, 52,3 records/sec (0,05 MB/sec), 19,1 ms avg latency, 622,0 ms max latency.
489 records sent, 96,1 records/sec (0,09 MB/sec), 10,4 ms avg latency, 210,0 ms max latency.
162 records sent, 29,4 records/sec (0,03 MB/sec), 34,0 ms avg latency, 645,0 ms max latency.
271 records sent, 53,4 records/sec (0,05 MB/sec), 18,7 ms avg latency, 210,0 ms max latency.
240 records sent, 47,6 records/sec (0,05 MB/sec), 21,0 ms avg latency, 638,0 ms max latency.
290 records sent, 56,3 records/sec (0,05 MB/sec), 17,7 ms avg latency, 646,0 ms max latency.
285 records sent, 55,6 records/sec (0,05 MB/sec), 18,0 ms avg latency, 622,0 ms max latency.
321 records sent, 61,8 records/sec (0,06 MB/sec), 16,2 ms avg latency, 636,0 ms max latency.
254 records sent, 49,3 records/sec (0,05 MB/sec), 20,3 ms avg latency, 1533,0 ms max latency.
281 records sent, 56,2 records/sec (0,05 MB/sec), 17,8 ms avg latency, 641,0 ms max latency.
237 records sent, 46,9 records/sec (0,04 MB/sec), 21,3 ms avg latency, 648,0 ms max latency.
310 records sent, 59,8 records/sec (0,06 MB/sec), 16,7 ms avg latency, 644,0 ms max latency.
233 records sent, 46,2 records/sec (0,04 MB/sec), 21,6 ms avg latency, 646,0 ms max latency.
358 records sent, 70,4 records/sec (0,07 MB/sec), 14,2 ms avg latency, 213,0 ms max latency.
305 records sent, 61,0 records/sec (0,06 MB/sec), 16,4 ms avg latency, 643,0 ms max latency.
256 records sent, 50,5 records/sec (0,05 MB/sec), 19,8 ms avg latency, 213,0 ms max latency.
334 records sent, 66,8 records/sec (0,06 MB/sec), 15,0 ms avg latency, 631,0 ms max latency.
187 records sent, 36,5 records/sec (0,03 MB/sec), 27,4 ms avg latency, 631,0 ms max latency.
336 records sent, 67,2 records/sec (0,06 MB/sec), 14,9 ms avg latency, 635,0 ms max latency.
299 records sent, 57,5 records/sec (0,05 MB/sec), 17,4 ms avg latency, 665,0 ms max latency.
259 records sent, 50,4 records/sec (0,05 MB/sec), 19,8 ms avg latency, 1514,0 ms max latency.
410 records sent, 79,5 records/sec (0,08 MB/sec), 12,6 ms avg latency, 210,0 ms max latency.
391 records sent, 73,5 records/sec (0,07 MB/sec), 13,6 ms avg latency, 632,0 ms max latency.
335 records sent, 64,5 records/sec (0,06 MB/sec), 15,5 ms avg latency, 209,0 ms max latency.
221 records sent, 44,1 records/sec (0,04 MB/sec), 22,7 ms avg latency, 648,0 ms max latency.
326 records sent, 60,3 records/sec (0,06 MB/sec), 16,5 ms avg latency, 625,0 ms max latency.
329 records sent, 65,8 records/sec (0,06 MB/sec), 15,2 ms avg latency, 224,0 ms max latency.
243 records sent, 45,6 records/sec (0,04 MB/sec), 21,9 ms avg latency, 1535,0 ms max latency.
400 records sent, 80,0 records/sec (0,08 MB/sec), 12,5 ms avg latency, 638,0 ms max latency.
372 records sent, 73,4 records/sec (0,07 MB/sec), 13,6 ms avg latency, 214,0 ms max latency.
284 records sent, 55,6 records/sec (0,05 MB/sec), 18,0 ms avg latency, 639,0 ms max latency.
275 records sent, 53,9 records/sec (0,05 MB/sec), 18,5 ms avg latency, 622,0 ms max latency.
316 records sent, 63,2 records/sec (0,06 MB/sec), 15,8 ms avg latency, 644,0 ms max latency.
293 records sent, 57,3 records/sec (0,05 MB/sec), 17,4 ms avg latency, 210,0 ms max latency.
315 records sent, 60,7 records/sec (0,06 MB/sec), 16,5 ms avg latency, 641,0 ms max latency.
238 records sent, 45,4 records/sec (0,04 MB/sec), 22,0 ms avg latency, 621,0 ms max latency.
261 records sent, 51,3 records/sec (0,05 MB/sec), 19,5 ms avg latency, 646,0 ms max latency.
368 records sent, 72,7 records/sec (0,07 MB/sec), 13,7 ms avg latency, 210,0 ms max latency.
188 records sent, 36,3 records/sec (0,03 MB/sec), 27,5 ms avg latency, 1514,0 ms max latency.
307 records sent, 57,1 records/sec (0,05 MB/sec), 17,5 ms avg latency, 639,0 ms max latency.
331 records sent, 66,2 records/sec (0,06 MB/sec), 15,1 ms avg latency, 209,0 ms max latency.
195 records sent, 36,2 records/sec (0,03 MB/sec), 27,6 ms avg latency, 1726,0 ms max latency.
267 records sent, 52,8 records/sec (0,05 MB/sec), 18,9 ms avg latency, 618,0 ms max latency.
310 records sent, 60,0 records/sec (0,06 MB/sec), 16,7 ms avg latency, 223,0 ms max latency.
222 records sent, 42,3 records/sec (0,04 MB/sec), 23,6 ms avg latency, 645,0 ms max latency.
302 records sent, 58,9 records/sec (0,06 MB/sec), 17,0 ms avg latency, 210,0 ms max latency.
328 records sent, 63,5 records/sec (0,06 MB/sec), 15,7 ms avg latency, 212,0 ms max latency.
323 records sent, 64,6 records/sec (0,06 MB/sec), 15,5 ms avg latency, 626,0 ms max latency.
434 records sent, 86,7 records/sec (0,08 MB/sec), 11,5 ms avg latency, 639,0 ms max latency.
266 records sent, 52,1 records/sec (0,05 MB/sec), 19,2 ms avg latency, 649,0 ms max latency.
253 records sent, 49,5 records/sec (0,05 MB/sec), 20,2 ms avg latency, 1502,0 ms max latency.
250 records sent, 49,2 records/sec (0,05 MB/sec), 20,3 ms avg latency, 642,0 ms max latency.
286 records sent, 55,4 records/sec (0,05 MB/sec), 18,0 ms avg latency, 645,0 ms max latency.
310 records sent, 62,0 records/sec (0,06 MB/sec), 16,1 ms avg latency, 648,0 ms max latency.
454 records sent, 90,8 records/sec (0,09 MB/sec), 11,0 ms avg latency, 210,0 ms max latency.
277 records sent, 54,4 records/sec (0,05 MB/sec), 18,4 ms avg latency, 636,0 ms max latency.
253 records sent, 50,3 records/sec (0,05 MB/sec), 19,9 ms avg latency, 622,0 ms max latency.
270 records sent, 53,5 records/sec (0,05 MB/sec), 18,7 ms avg latency, 210,0 ms max latency.
303 records sent, 54,0 records/sec (0,05 MB/sec), 18,5 ms avg latency, 634,0 ms max latency.
298 records sent, 46,6 records/sec (0,04 MB/sec), 21,4 ms avg latency, 1708,0 ms max latency.
322 records sent, 62,2 records/sec (0,06 MB/sec), 16,1 ms avg latency, 227,0 ms max latency.
346 records sent, 68,2 records/sec (0,07 MB/sec), 14,7 ms avg latency, 1533,0 ms max latency.
352 records sent, 70,4 records/sec (0,07 MB/sec), 14,2 ms avg latency, 210,0 ms max latency.
269 records sent, 52,7 records/sec (0,05 MB/sec), 18,9 ms avg latency, 647,0 ms max latency.
376 records sent, 73,8 records/sec (0,07 MB/sec), 13,5 ms avg latency, 650,0 ms max latency.
303 records sent, 58,9 records/sec (0,06 MB/sec), 17,0 ms avg latency, 213,0 ms max latency.
251 records sent, 50,0 records/sec (0,05 MB/sec), 20,0 ms avg latency, 209,0 ms max latency.
286 records sent, 55,7 records/sec (0,05 MB/sec), 17,9 ms avg latency, 642,0 ms max latency.
300 records sent, 58,7 records/sec (0,06 MB/sec), 17,0 ms avg latency, 619,0 ms max latency.
313 records sent, 60,8 records/sec (0,06 MB/sec), 16,4 ms avg latency, 210,0 ms max latency.
249 records sent, 49,3 records/sec (0,05 MB/sec), 20,3 ms avg latency, 644,0 ms max latency.
228 records sent, 45,5 records/sec (0,04 MB/sec), 22,0 ms avg latency, 647,0 ms max latency.
237 records sent, 47,4 records/sec (0,05 MB/sec), 21,1 ms avg latency, 634,0 ms max latency.
311 records sent, 60,4 records/sec (0,06 MB/sec), 16,5 ms avg latency, 644,0 ms max latency.
339 records sent, 67,6 records/sec (0,06 MB/sec), 14,8 ms avg latency, 641,0 ms max latency.
373 records sent, 73,2 records/sec (0,07 MB/sec), 13,6 ms avg latency, 647,0 ms max latency.
391 records sent, 76,6 records/sec (0,07 MB/sec), 13,0 ms avg latency, 210,0 ms max latency.
269 records sent, 52,9 records/sec (0,05 MB/sec), 18,9 ms avg latency, 623,0 ms max latency.
147 records sent, 29,1 records/sec (0,03 MB/sec), 34,3 ms avg latency, 643,0 ms max latency.
295 records sent, 53,4 records/sec (0,05 MB/sec), 18,7 ms avg latency, 636,0 ms max latency.
334 records sent, 66,8 records/sec (0,06 MB/sec), 15,0 ms avg latency, 647,0 ms max latency.
325 records sent, 58,1 records/sec (0,06 MB/sec), 17,2 ms avg latency, 629,0 ms max latency.
192 records sent, 37,0 records/sec (0,04 MB/sec), 27,0 ms avg latency, 1720,0 ms max latency.
265 records sent, 52,2 records/sec (0,05 MB/sec), 19,2 ms avg latency, 635,0 ms max latency.
229 records sent, 45,8 records/sec (0,04 MB/sec), 21,8 ms avg latency, 627,0 ms max latency.
320 records sent, 58,7 records/sec (0,06 MB/sec), 17,0 ms avg latency, 1523,0 ms max latency.
280 records sent, 54,7 records/sec (0,05 MB/sec), 18,3 ms avg latency, 648,0 ms max latency.
417 records sent, 81,1 records/sec (0,08 MB/sec), 12,3 ms avg latency, 210,0 ms max latency.
304 records sent, 59,2 records/sec (0,06 MB/sec), 16,9 ms avg latency, 210,0 ms max latency.
223 records sent, 44,6 records/sec (0,04 MB/sec), 22,4 ms avg latency, 641,0 ms max latency.
215 records sent, 43,0 records/sec (0,04 MB/sec), 23,3 ms avg latency, 648,0 ms max latency.
255 records sent, 50,4 records/sec (0,05 MB/sec), 19,8 ms avg latency, 646,0 ms max latency.
225 records sent, 45,0 records/sec (0,04 MB/sec), 22,2 ms avg latency, 644,0 ms max latency.
330 records sent, 63,8 records/sec (0,06 MB/sec), 15,7 ms avg latency, 621,0 ms max latency.
298 records sent, 57,7 records/sec (0,06 MB/sec), 17,3 ms avg latency, 646,0 ms max latency.
393 records sent, 77,1 records/sec (0,07 MB/sec), 13,0 ms avg latency, 638,0 ms max latency.
382 records sent, 74,3 records/sec (0,07 MB/sec), 13,4 ms avg latency, 1511,0 ms max latency.
368 records sent, 72,3 records/sec (0,07 MB/sec), 13,8 ms avg latency, 235,0 ms max latency.
292 records sent, 56,9 records/sec (0,05 MB/sec), 17,6 ms avg latency, 210,0 ms max latency.
235 records sent, 47,0 records/sec (0,04 MB/sec), 21,3 ms avg latency, 630,0 ms max latency.
274 records sent, 53,9 records/sec (0,05 MB/sec), 18,5 ms avg latency, 213,0 ms max latency.
149 records sent, 29,2 records/sec (0,03 MB/sec), 34,2 ms avg latency, 649,0 ms max latency.
366 records sent, 72,5 records/sec (0,07 MB/sec), 13,8 ms avg latency, 624,0 ms max latency.
150 records sent, 29,4 records/sec (0,03 MB/sec), 34,1 ms avg latency, 647,0 ms max latency.
291 records sent, 56,8 records/sec (0,05 MB/sec), 17,6 ms avg latency, 619,0 ms max latency.
261 records sent, 51,6 records/sec (0,05 MB/sec), 19,4 ms avg latency, 633,0 ms max latency.
403 records sent, 72,8 records/sec (0,07 MB/sec), 13,7 ms avg latency, 637,0 ms max latency.
316 records sent, 63,2 records/sec (0,06 MB/sec), 15,8 ms avg latency, 638,0 ms max latency.
418 records sent, 81,1 records/sec (0,08 MB/sec), 12,3 ms avg latency, 209,0 ms max latency.
271 records sent, 50,9 records/sec (0,05 MB/sec), 19,6 ms avg latency, 646,0 ms max latency.
242 records sent, 48,1 records/sec (0,05 MB/sec), 20,8 ms avg latency, 631,0 ms max latency.
284 records sent, 51,4 records/sec (0,05 MB/sec), 19,4 ms avg latency, 635,0 ms max latency.
230 records sent, 46,0 records/sec (0,04 MB/sec), 21,7 ms avg latency, 637,0 ms max latency.
356 records sent, 71,0 records/sec (0,07 MB/sec), 14,1 ms avg latency, 621,0 ms max latency.
236 records sent, 47,2 records/sec (0,04 MB/sec), 21,2 ms avg latency, 636,0 ms max latency.
306 records sent, 58,9 records/sec (0,06 MB/sec), 17,0 ms avg latency, 641,0 ms max latency.
208 records sent, 40,3 records/sec (0,04 MB/sec), 24,8 ms avg latency, 632,0 ms max latency.
336 records sent, 55,0 records/sec (0,05 MB/sec), 18,2 ms avg latency, 1738,0 ms max latency.
282 records sent, 55,3 records/sec (0,05 MB/sec), 18,1 ms avg latency, 642,0 ms max latency.
355 records sent, 70,9 records/sec (0,07 MB/sec), 14,1 ms avg latency, 627,0 ms max latency.
344 records sent, 68,8 records/sec (0,07 MB/sec), 14,5 ms avg latency, 210,0 ms max latency.
261 records sent, 51,2 records/sec (0,05 MB/sec), 19,5 ms avg latency, 665,0 ms max latency.
197 records sent, 39,4 records/sec (0,04 MB/sec), 25,4 ms avg latency, 1514,0 ms max latency.
190 records sent, 36,4 records/sec (0,03 MB/sec), 27,5 ms avg latency, 1517,0 ms max latency.
197 records sent, 38,2 records/sec (0,04 MB/sec), 26,2 ms avg latency, 637,0 ms max latency.
300 records sent, 56,2 records/sec (0,05 MB/sec), 17,8 ms avg latency, 627,0 ms max latency.
176 records sent, 33,8 records/sec (0,03 MB/sec), 29,6 ms avg latency, 1528,0 ms max latency.
370 records sent, 69,9 records/sec (0,07 MB/sec), 14,3 ms avg latency, 649,0 ms max latency.
323 records sent, 62,0 records/sec (0,06 MB/sec), 16,1 ms avg latency, 642,0 ms max latency.
228 records sent, 45,5 records/sec (0,04 MB/sec), 21,9 ms avg latency, 638,0 ms max latency.
303 records sent, 58,7 records/sec (0,06 MB/sec), 17,0 ms avg latency, 642,0 ms max latency.
234 records sent, 46,7 records/sec (0,04 MB/sec), 21,4 ms avg latency, 637,0 ms max latency.
338 records sent, 67,6 records/sec (0,06 MB/sec), 14,8 ms avg latency, 210,0 ms max latency.
289 records sent, 56,4 records/sec (0,05 MB/sec), 17,7 ms avg latency, 210,0 ms max latency.
204 records sent, 37,9 records/sec (0,04 MB/sec), 26,4 ms avg latency, 643,0 ms max latency.
240 records sent, 46,7 records/sec (0,04 MB/sec), 21,4 ms avg latency, 1522,0 ms max latency.
288 records sent, 56,4 records/sec (0,05 MB/sec), 17,7 ms avg latency, 640,0 ms max latency.
263 records sent, 51,9 records/sec (0,05 MB/sec), 19,2 ms avg latency, 633,0 ms max latency.
282 records sent, 54,7 records/sec (0,05 MB/sec), 18,3 ms avg latency, 1524,0 ms max latency.
326 records sent, 63,0 records/sec (0,06 MB/sec), 15,9 ms avg latency, 631,0 ms max latency.
293 records sent, 55,1 records/sec (0,05 MB/sec), 18,1 ms avg latency, 630,0 ms max latency.
327 records sent, 62,7 records/sec (0,06 MB/sec), 15,9 ms avg latency, 637,0 ms max latency.
361 records sent, 70,7 records/sec (0,07 MB/sec), 14,1 ms avg latency, 650,0 ms max latency.
292 records sent, 56,7 records/sec (0,05 MB/sec), 17,6 ms avg latency, 649,0 ms max latency.
228 records sent, 42,0 records/sec (0,04 MB/sec), 23,8 ms avg latency, 642,0 ms max latency.
274 records sent, 53,8 records/sec (0,05 MB/sec), 18,6 ms avg latency, 233,0 ms max latency.
271 records sent, 53,4 records/sec (0,05 MB/sec), 18,7 ms avg latency, 627,0 ms max latency.
390 records sent, 76,8 records/sec (0,07 MB/sec), 13,0 ms avg latency, 210,0 ms max latency.
347 records sent, 69,2 records/sec (0,07 MB/sec), 14,4 ms avg latency, 210,0 ms max latency.
269 records sent, 52,7 records/sec (0,05 MB/sec), 18,9 ms avg latency, 649,0 ms max latency.
287 records sent, 56,2 records/sec (0,05 MB/sec), 17,8 ms avg latency, 637,0 ms max latency.
390 records sent, 70,9 records/sec (0,07 MB/sec), 14,1 ms avg latency, 630,0 ms max latency.
317 records sent, 61,0 records/sec (0,06 MB/sec), 16,4 ms avg latency, 647,0 ms max latency.
289 records sent, 56,2 records/sec (0,05 MB/sec), 17,8 ms avg latency, 649,0 ms max latency.
341 records sent, 62,7 records/sec (0,06 MB/sec), 15,9 ms avg latency, 644,0 ms max latency.
197 records sent, 39,4 records/sec (0,04 MB/sec), 25,4 ms avg latency, 1521,0 ms max latency.
228 records sent, 43,0 records/sec (0,04 MB/sec), 23,2 ms avg latency, 1507,0 ms max latency.
290 records sent, 56,7 records/sec (0,05 MB/sec), 17,7 ms avg latency, 638,0 ms max latency.
222 records sent, 44,4 records/sec (0,04 MB/sec), 22,5 ms avg latency, 634,0 ms max latency.
210 records sent, 41,6 records/sec (0,04 MB/sec), 24,0 ms avg latency, 1526,0 ms max latency.
445 records sent, 79,5 records/sec (0,08 MB/sec), 12,6 ms avg latency, 626,0 ms max latency.
242 records sent, 48,3 records/sec (0,05 MB/sec), 20,7 ms avg latency, 631,0 ms max latency.
316 records sent, 63,2 records/sec (0,06 MB/sec), 15,8 ms avg latency, 637,0 ms max latency.
332 records sent, 66,4 records/sec (0,06 MB/sec), 15,0 ms avg latency, 649,0 ms max latency.
283 records sent, 55,6 records/sec (0,05 MB/sec), 18,0 ms avg latency, 637,0 ms max latency.
321 records sent, 62,0 records/sec (0,06 MB/sec), 16,1 ms avg latency, 642,0 ms max latency.
273 records sent, 54,0 records/sec (0,05 MB/sec), 18,5 ms avg latency, 210,0 ms max latency.
249 records sent, 49,5 records/sec (0,05 MB/sec), 20,2 ms avg latency, 636,0 ms max latency.
429 records sent, 85,7 records/sec (0,08 MB/sec), 11,7 ms avg latency, 648,0 ms max latency.
243 records sent, 44,1 records/sec (0,04 MB/sec), 22,7 ms avg latency, 647,0 ms max latency.
295 records sent, 57,4 records/sec (0,05 MB/sec), 17,4 ms avg latency, 650,0 ms max latency.
375 records sent, 68,5 records/sec (0,07 MB/sec), 14,6 ms avg latency, 649,0 ms max latency.
352 records sent, 64,3 records/sec (0,06 MB/sec), 15,5 ms avg latency, 642,0 ms max latency.
318 records sent, 61,2 records/sec (0,06 MB/sec), 16,3 ms avg latency, 210,0 ms max latency.
254 records sent, 50,2 records/sec (0,05 MB/sec), 19,9 ms avg latency, 643,0 ms max latency.
343 records sent, 62,8 records/sec (0,06 MB/sec), 15,9 ms avg latency, 638,0 ms max latency.
297 records sent, 53,4 records/sec (0,05 MB/sec), 18,7 ms avg latency, 647,0 ms max latency.
265 records sent, 52,1 records/sec (0,05 MB/sec), 19,2 ms avg latency, 645,0 ms max latency.
366 records sent, 72,2 records/sec (0,07 MB/sec), 13,8 ms avg latency, 642,0 ms max latency.
196 records sent, 39,2 records/sec (0,04 MB/sec), 25,5 ms avg latency, 649,0 ms max latency.
347 records sent, 69,2 records/sec (0,07 MB/sec), 14,4 ms avg latency, 627,0 ms max latency.
225 records sent, 45,0 records/sec (0,04 MB/sec), 22,2 ms avg latency, 648,0 ms max latency.
404 records sent, 79,1 records/sec (0,08 MB/sec), 12,6 ms avg latency, 631,0 ms max latency.
251 records sent, 49,9 records/sec (0,05 MB/sec), 20,0 ms avg latency, 635,0 ms max latency.
357 records sent, 71,0 records/sec (0,07 MB/sec), 14,1 ms avg latency, 621,0 ms max latency.
370 records sent, 73,2 records/sec (0,07 MB/sec), 13,7 ms avg latency, 634,0 ms max latency.
285 records sent, 55,8 records/sec (0,05 MB/sec), 17,9 ms avg latency, 647,0 ms max latency.
225 records sent, 44,7 records/sec (0,04 MB/sec), 22,3 ms avg latency, 646,0 ms max latency.
335 records sent, 66,9 records/sec (0,06 MB/sec), 14,9 ms avg latency, 635,0 ms max latency.
259 records sent, 51,3 records/sec (0,05 MB/sec), 19,5 ms avg latency, 632,0 ms max latency.
273 records sent, 53,6 records/sec (0,05 MB/sec), 18,6 ms avg latency, 644,0 ms max latency.
327 records sent, 63,1 records/sec (0,06 MB/sec), 15,8 ms avg latency, 210,0 ms max latency.
344 records sent, 66,4 records/sec (0,06 MB/sec), 15,1 ms avg latency, 209,0 ms max latency.
348 records sent, 69,6 records/sec (0,07 MB/sec), 14,4 ms avg latency, 210,0 ms max latency.
206 records sent, 40,9 records/sec (0,04 MB/sec), 24,4 ms avg latency, 1536,0 ms max latency.
332 records sent, 66,4 records/sec (0,06 MB/sec), 15,1 ms avg latency, 646,0 ms max latency.
302 records sent, 58,2 records/sec (0,06 MB/sec), 17,2 ms avg latency, 649,0 ms max latency.
240 records sent, 48,0 records/sec (0,05 MB/sec), 20,8 ms avg latency, 210,0 ms max latency.
340 records sent, 65,5 records/sec (0,06 MB/sec), 15,3 ms avg latency, 210,0 ms max latency.
286 records sent, 55,2 records/sec (0,05 MB/sec), 18,1 ms avg latency, 649,0 ms max latency.
342 records sent, 65,5 records/sec (0,06 MB/sec), 15,2 ms avg latency, 649,0 ms max latency.
447 records sent, 89,0 records/sec (0,08 MB/sec), 11,2 ms avg latency, 633,0 ms max latency.
215 records sent, 43,0 records/sec (0,04 MB/sec), 23,3 ms avg latency, 633,0 ms max latency.
155 records sent, 28,2 records/sec (0,03 MB/sec), 35,4 ms avg latency, 643,0 ms max latency.
323 records sent, 57,1 records/sec (0,05 MB/sec), 17,5 ms avg latency, 1529,0 ms max latency.
256 records sent, 50,8 records/sec (0,05 MB/sec), 19,7 ms avg latency, 636,0 ms max latency.
202 records sent, 36,1 records/sec (0,03 MB/sec), 27,7 ms avg latency, 649,0 ms max latency.
367 records sent, 72,9 records/sec (0,07 MB/sec), 13,7 ms avg latency, 210,0 ms max latency.
223 records sent, 44,4 records/sec (0,04 MB/sec), 22,5 ms avg latency, 640,0 ms max latency.
313 records sent, 60,3 records/sec (0,06 MB/sec), 16,6 ms avg latency, 638,0 ms max latency.
267 records sent, 52,4 records/sec (0,05 MB/sec), 19,0 ms avg latency, 645,0 ms max latency.
289 records sent, 56,7 records/sec (0,05 MB/sec), 17,6 ms avg latency, 628,0 ms max latency.
299 records sent, 58,1 records/sec (0,06 MB/sec), 17,2 ms avg latency, 648,0 ms max latency.
362 records sent, 66,3 records/sec (0,06 MB/sec), 15,1 ms avg latency, 624,0 ms max latency.
172 records sent, 32,4 records/sec (0,03 MB/sec), 30,9 ms avg latency, 626,0 ms max latency.
430 records sent, 83,3 records/sec (0,08 MB/sec), 12,0 ms avg latency, 210,0 ms max latency.
359 records sent, 71,1 records/sec (0,07 MB/sec), 14,1 ms avg latency, 621,0 ms max latency.
323 records sent, 62,7 records/sec (0,06 MB/sec), 15,9 ms avg latency, 210,0 ms max latency.
243 records sent, 48,6 records/sec (0,05 MB/sec), 20,6 ms avg latency, 210,0 ms max latency.
296 records sent, 57,6 records/sec (0,05 MB/sec), 17,3 ms avg latency, 643,0 ms max latency.
301 records sent, 58,5 records/sec (0,06 MB/sec), 17,1 ms avg latency, 639,0 ms max latency.
307 records sent, 59,8 records/sec (0,06 MB/sec), 16,7 ms avg latency, 636,0 ms max latency.
302 records sent, 58,9 records/sec (0,06 MB/sec), 16,9 ms avg latency, 210,0 ms max latency.
245 records sent, 44,4 records/sec (0,04 MB/sec), 22,5 ms avg latency, 1536,0 ms max latency.
349 records sent, 69,8 records/sec (0,07 MB/sec), 14,3 ms avg latency, 621,0 ms max latency.
378 records sent, 74,4 records/sec (0,07 MB/sec), 13,4 ms avg latency, 239,0 ms max latency.
240 records sent, 47,4 records/sec (0,05 MB/sec), 21,1 ms avg latency, 1733,0 ms max latency.
325 records sent, 60,1 records/sec (0,06 MB/sec), 16,6 ms avg latency, 648,0 ms max latency.
286 records sent, 56,0 records/sec (0,05 MB/sec), 17,9 ms avg latency, 635,0 ms max latency.
306 records sent, 59,1 records/sec (0,06 MB/sec), 16,9 ms avg latency, 210,0 ms max latency.
165 records sent, 31,9 records/sec (0,03 MB/sec), 31,3 ms avg latency, 1493,0 ms max latency.
280 records sent, 55,0 records/sec (0,05 MB/sec), 18,2 ms avg latency, 632,0 ms max latency.
337 records sent, 65,0 records/sec (0,06 MB/sec), 15,4 ms avg latency, 625,0 ms max latency.
319 records sent, 63,7 records/sec (0,06 MB/sec), 15,7 ms avg latency, 647,0 ms max latency.
293 records sent, 57,4 records/sec (0,05 MB/sec), 17,4 ms avg latency, 224,0 ms max latency.
178 records sent, 34,4 records/sec (0,03 MB/sec), 29,1 ms avg latency, 1511,0 ms max latency.
212 records sent, 41,0 records/sec (0,04 MB/sec), 24,4 ms avg latency, 645,0 ms max latency.
297 records sent, 57,9 records/sec (0,06 MB/sec), 17,2 ms avg latency, 646,0 ms max latency.
275 records sent, 54,3 records/sec (0,05 MB/sec), 18,4 ms avg latency, 621,0 ms max latency.
236 records sent, 47,1 records/sec (0,04 MB/sec), 21,2 ms avg latency, 640,0 ms max latency.
303 records sent, 58,9 records/sec (0,06 MB/sec), 17,0 ms avg latency, 213,0 ms max latency.
311 records sent, 60,5 records/sec (0,06 MB/sec), 16,5 ms avg latency, 210,0 ms max latency.
210 records sent, 37,2 records/sec (0,04 MB/sec), 26,9 ms avg latency, 1516,0 ms max latency.
344 records sent, 68,7 records/sec (0,07 MB/sec), 14,5 ms avg latency, 210,0 ms max latency.
355 records sent, 68,2 records/sec (0,07 MB/sec), 14,6 ms avg latency, 624,0 ms max latency.
278 records sent, 54,8 records/sec (0,05 MB/sec), 18,2 ms avg latency, 210,0 ms max latency.
273 records sent, 54,0 records/sec (0,05 MB/sec), 18,5 ms avg latency, 632,0 ms max latency.
233 records sent, 46,4 records/sec (0,04 MB/sec), 21,5 ms avg latency, 647,0 ms max latency.
409 records sent, 73,5 records/sec (0,07 MB/sec), 13,6 ms avg latency, 624,0 ms max latency.
403 records sent, 78,5 records/sec (0,07 MB/sec), 12,7 ms avg latency, 645,0 ms max latency.
284 records sent, 55,5 records/sec (0,05 MB/sec), 18,0 ms avg latency, 211,0 ms max latency.
250 records sent, 49,8 records/sec (0,05 MB/sec), 20,1 ms avg latency, 618,0 ms max latency.
80000 records sent, 56,925524 records/sec (0,05 MB/sec), 17,55 ms avg latency, 1738,00 ms max latency, 2 ms 50th, 207 ms 95th, 210 ms 99th, 646 ms 99.9th.

Metric Name                                                                          Value
app-info:commit-id:{client-id=producer-1}                                          : d4284cbebb6f0a4c
app-info:start-time-ms:{client-id=producer-1}                                      : 1592701084075
app-info:version:{client-id=producer-1}                                            : 2.3.1
kafka-metrics-count:count:{client-id=producer-1}                                   : 126,000
producer-metrics:batch-size-avg:{client-id=producer-1}                             : 1075,000
producer-metrics:batch-size-max:{client-id=producer-1}                             : 1075,000
producer-metrics:batch-split-rate:{client-id=producer-1}                           : 0,000
producer-metrics:batch-split-total:{client-id=producer-1}                          : 0,000
producer-metrics:buffer-available-bytes:{client-id=producer-1}                     : 33554432,000
producer-metrics:buffer-exhausted-rate:{client-id=producer-1}                      : 0,000
producer-metrics:buffer-exhausted-total:{client-id=producer-1}                     : 0,000
producer-metrics:buffer-total-bytes:{client-id=producer-1}                         : 33554432,000
producer-metrics:bufferpool-wait-ratio:{client-id=producer-1}                      : 0,000
producer-metrics:bufferpool-wait-time-total:{client-id=producer-1}                 : 0,000
producer-metrics:compression-rate-avg:{client-id=producer-1}                       : 1,000
producer-metrics:connection-close-rate:{client-id=producer-1}                      : 0,020
producer-metrics:connection-close-total:{client-id=producer-1}                     : 29,000
producer-metrics:connection-count:{client-id=producer-1}                           : 3,000
producer-metrics:connection-creation-rate:{client-id=producer-1}                   : 0,020
producer-metrics:connection-creation-total:{client-id=producer-1}                  : 32,000
producer-metrics:failed-authentication-rate:{client-id=producer-1}                 : 0,000
producer-metrics:failed-authentication-total:{client-id=producer-1}                : 0,000
producer-metrics:failed-reauthentication-rate:{client-id=producer-1}               : 0,000
producer-metrics:failed-reauthentication-total:{client-id=producer-1}              : 0,000
producer-metrics:incoming-byte-rate:{client-id=producer-1}                         : 3867,269
producer-metrics:incoming-byte-total:{client-id=producer-1}                        : 4977958,000
producer-metrics:io-ratio:{client-id=producer-1}                                   : 0,002
producer-metrics:io-time-ns-avg:{client-id=producer-1}                             : 12241,593
producer-metrics:io-wait-ratio:{client-id=producer-1}                              : 1,022
producer-metrics:io-wait-time-ns-avg:{client-id=producer-1}                        : 5496735,676
producer-metrics:io-waittime-total:{client-id=producer-1}                          : 1396042974659,000
producer-metrics:iotime-total:{client-id=producer-1}                               : 3266455538,000
producer-metrics:metadata-age:{client-id=producer-1}                               : 51,266
producer-metrics:network-io-rate:{client-id=producer-1}                            : 124,728
producer-metrics:network-io-total:{client-id=producer-1}                           : 160152,000
producer-metrics:outgoing-byte-rate:{client-id=producer-1}                         : 71400,959
producer-metrics:outgoing-byte-total:{client-id=producer-1}                        : 91623007,000
producer-metrics:produce-throttle-time-avg:{client-id=producer-1}                  : 0,000
producer-metrics:produce-throttle-time-max:{client-id=producer-1}                  : 0,000
producer-metrics:reauthentication-latency-avg:{client-id=producer-1}               : NaN
producer-metrics:reauthentication-latency-max:{client-id=producer-1}               : NaN
producer-metrics:record-error-rate:{client-id=producer-1}                          : 0,000
producer-metrics:record-error-total:{client-id=producer-1}                         : 0,000
producer-metrics:record-queue-time-avg:{client-id=producer-1}                      : 0,025
producer-metrics:record-queue-time-max:{client-id=producer-1}                      : 1,000
producer-metrics:record-retry-rate:{client-id=producer-1}                          : 0,020
producer-metrics:record-retry-total:{client-id=producer-1}                         : 28,000
producer-metrics:record-send-rate:{client-id=producer-1}                           : 62,356
producer-metrics:record-send-total:{client-id=producer-1}                          : 80028,000
producer-metrics:record-size-avg:{client-id=producer-1}                            : 1091,000
producer-metrics:record-size-max:{client-id=producer-1}                            : 1091,000
producer-metrics:records-per-request-avg:{client-id=producer-1}                    : 1,000
producer-metrics:request-latency-avg:{client-id=producer-1}                        : 16,033
producer-metrics:request-latency-max:{client-id=producer-1}                        : 647,000
producer-metrics:request-rate:{client-id=producer-1}                               : 62,355
producer-metrics:request-size-avg:{client-id=producer-1}                           : 1145,000
producer-metrics:request-size-max:{client-id=producer-1}                           : 1145,000
producer-metrics:request-total:{client-id=producer-1}                              : 80090,000
producer-metrics:requests-in-flight:{client-id=producer-1}                         : 0,000
producer-metrics:response-rate:{client-id=producer-1}                              : 62,375
producer-metrics:response-total:{client-id=producer-1}                             : 80062,000
producer-metrics:select-rate:{client-id=producer-1}                                : 185,909
producer-metrics:select-total:{client-id=producer-1}                               : 240037,000
producer-metrics:successful-authentication-no-reauth-total:{client-id=producer-1}  : 0,000
producer-metrics:successful-authentication-rate:{client-id=producer-1}             : 0,000
producer-metrics:successful-authentication-total:{client-id=producer-1}            : 0,000
producer-metrics:successful-reauthentication-rate:{client-id=producer-1}           : 0,000
producer-metrics:successful-reauthentication-total:{client-id=producer-1}          : 0,000
producer-metrics:waiting-threads:{client-id=producer-1}                            : 0,000
producer-node-metrics:incoming-byte-rate:{client-id=producer-1, node-id=node--3}   : 0,000
producer-node-metrics:incoming-byte-rate:{client-id=producer-1, node-id=node-1}    : 1241,884
producer-node-metrics:incoming-byte-rate:{client-id=producer-1, node-id=node-3}    : 1265,075
producer-node-metrics:incoming-byte-rate:{client-id=producer-1, node-id=node-6}    : 1313,516
producer-node-metrics:incoming-byte-total:{client-id=producer-1, node-id=node--3}  : 579,000
producer-node-metrics:incoming-byte-total:{client-id=producer-1, node-id=node-1}   : 1652203,000
producer-node-metrics:incoming-byte-total:{client-id=producer-1, node-id=node-3}   : 1660009,000
producer-node-metrics:incoming-byte-total:{client-id=producer-1, node-id=node-6}   : 1665167,000
producer-node-metrics:outgoing-byte-rate:{client-id=producer-1, node-id=node--3}   : 0,000
producer-node-metrics:outgoing-byte-rate:{client-id=producer-1, node-id=node-1}    : 22903,400
producer-node-metrics:outgoing-byte-rate:{client-id=producer-1, node-id=node-3}    : 23363,085
producer-node-metrics:outgoing-byte-rate:{client-id=producer-1, node-id=node-6}    : 23851,675
producer-node-metrics:outgoing-byte-total:{client-id=producer-1, node-id=node--3}  : 67,000
producer-node-metrics:outgoing-byte-total:{client-id=producer-1, node-id=node-1}   : 30401508,000
producer-node-metrics:outgoing-byte-total:{client-id=producer-1, node-id=node-3}   : 30568371,000
producer-node-metrics:outgoing-byte-total:{client-id=producer-1, node-id=node-6}   : 30653061,000
producer-node-metrics:request-latency-avg:{client-id=producer-1, node-id=node--3}  : NaN
producer-node-metrics:request-latency-avg:{client-id=producer-1, node-id=node-1}   : 15,713
producer-node-metrics:request-latency-avg:{client-id=producer-1, node-id=node-3}   : 19,685
producer-node-metrics:request-latency-avg:{client-id=producer-1, node-id=node-6}   : 14,130
producer-node-metrics:request-latency-max:{client-id=producer-1, node-id=node--3}  : NaN
producer-node-metrics:request-latency-max:{client-id=producer-1, node-id=node-1}   : 627,000
producer-node-metrics:request-latency-max:{client-id=producer-1, node-id=node-3}   : 647,000
producer-node-metrics:request-latency-max:{client-id=producer-1, node-id=node-6}   : 624,000
producer-node-metrics:request-rate:{client-id=producer-1, node-id=node--3}         : 0,000
producer-node-metrics:request-rate:{client-id=producer-1, node-id=node-1}          : 20,003
producer-node-metrics:request-rate:{client-id=producer-1, node-id=node-3}          : 20,404
producer-node-metrics:request-rate:{client-id=producer-1, node-id=node-6}          : 20,830
producer-node-metrics:request-size-avg:{client-id=producer-1, node-id=node--3}     : NaN
producer-node-metrics:request-size-avg:{client-id=producer-1, node-id=node-1}      : 1145,000
producer-node-metrics:request-size-avg:{client-id=producer-1, node-id=node-3}      : 1145,000
producer-node-metrics:request-size-avg:{client-id=producer-1, node-id=node-6}      : 1145,000
producer-node-metrics:request-size-max:{client-id=producer-1, node-id=node--3}     : NaN
producer-node-metrics:request-size-max:{client-id=producer-1, node-id=node-1}      : 1145,000
producer-node-metrics:request-size-max:{client-id=producer-1, node-id=node-3}      : 1145,000
producer-node-metrics:request-size-max:{client-id=producer-1, node-id=node-6}      : 1145,000
producer-node-metrics:request-total:{client-id=producer-1, node-id=node--3}        : 2,000
producer-node-metrics:request-total:{client-id=producer-1, node-id=node-1}         : 26576,000
producer-node-metrics:request-total:{client-id=producer-1, node-id=node-3}         : 26718,000
producer-node-metrics:request-total:{client-id=producer-1, node-id=node-6}         : 26794,000
producer-node-metrics:response-rate:{client-id=producer-1, node-id=node--3}        : 0,000
producer-node-metrics:response-rate:{client-id=producer-1, node-id=node-1}         : 20,030
producer-node-metrics:response-rate:{client-id=producer-1, node-id=node-3}         : 20,404
producer-node-metrics:response-rate:{client-id=producer-1, node-id=node-6}         : 21,186
producer-node-metrics:response-total:{client-id=producer-1, node-id=node--3}       : 2,000
producer-node-metrics:response-total:{client-id=producer-1, node-id=node-1}        : 26568,000
producer-node-metrics:response-total:{client-id=producer-1, node-id=node-3}        : 26708,000
producer-node-metrics:response-total:{client-id=producer-1, node-id=node-6}        : 26784,000
producer-topic-metrics:byte-rate:{client-id=producer-1, topic=test-topic}          : 67031,782
producer-topic-metrics:byte-total:{client-id=producer-1, topic=test-topic}         : 86018989,000
producer-topic-metrics:compression-rate:{client-id=producer-1, topic=test-topic}   : 1,000
producer-topic-metrics:record-error-rate:{client-id=producer-1, topic=test-topic}  : 0,000
producer-topic-metrics:record-error-total:{client-id=producer-1, topic=test-topic} : 0,000
producer-topic-metrics:record-retry-rate:{client-id=producer-1, topic=test-topic}  : 0,020
producer-topic-metrics:record-retry-total:{client-id=producer-1, topic=test-topic} : 28,000
producer-topic-metrics:record-send-rate:{client-id=producer-1, topic=test-topic}   : 62,356
producer-topic-metrics:record-send-total:{client-id=producer-1, topic=test-topic}  : 80028,000
Produce Time: 1405.345
Aplication time: 1406.024
*****Produção finalizada, esperando 180 s para buscar WM*****
Water mark: 1200000
