Topic to send: test-topic
Topic to acks: -1
Records: 80000
Size:1000
289 records sent, 57,5 records/sec (0,05 MB/sec), 17,3 ms avg latency, 647,0 ms max latency.
250 records sent, 48,4 records/sec (0,05 MB/sec), 20,6 ms avg latency, 627,0 ms max latency.
239 records sent, 46,9 records/sec (0,04 MB/sec), 21,3 ms avg latency, 210,0 ms max latency.
238 records sent, 46,6 records/sec (0,04 MB/sec), 21,4 ms avg latency, 647,0 ms max latency.
307 records sent, 61,1 records/sec (0,06 MB/sec), 16,3 ms avg latency, 627,0 ms max latency.
261 records sent, 50,8 records/sec (0,05 MB/sec), 19,6 ms avg latency, 655,0 ms max latency.
222 records sent, 43,9 records/sec (0,04 MB/sec), 22,8 ms avg latency, 642,0 ms max latency.
257 records sent, 50,4 records/sec (0,05 MB/sec), 19,8 ms avg latency, 632,0 ms max latency.
309 records sent, 61,8 records/sec (0,06 MB/sec), 16,2 ms avg latency, 636,0 ms max latency.
405 records sent, 78,7 records/sec (0,08 MB/sec), 12,7 ms avg latency, 210,0 ms max latency.
295 records sent, 57,4 records/sec (0,05 MB/sec), 17,4 ms avg latency, 645,0 ms max latency.
324 records sent, 62,4 records/sec (0,06 MB/sec), 16,0 ms avg latency, 210,0 ms max latency.
263 records sent, 51,8 records/sec (0,05 MB/sec), 19,2 ms avg latency, 645,0 ms max latency.
268 records sent, 52,8 records/sec (0,05 MB/sec), 18,9 ms avg latency, 649,0 ms max latency.
303 records sent, 58,9 records/sec (0,06 MB/sec), 17,0 ms avg latency, 634,0 ms max latency.
246 records sent, 44,8 records/sec (0,04 MB/sec), 22,3 ms avg latency, 638,0 ms max latency.
272 records sent, 53,5 records/sec (0,05 MB/sec), 18,7 ms avg latency, 210,0 ms max latency.
376 records sent, 74,0 records/sec (0,07 MB/sec), 13,5 ms avg latency, 210,0 ms max latency.
322 records sent, 61,9 records/sec (0,06 MB/sec), 16,1 ms avg latency, 213,0 ms max latency.
313 records sent, 60,4 records/sec (0,06 MB/sec), 16,5 ms avg latency, 212,0 ms max latency.
270 records sent, 53,0 records/sec (0,05 MB/sec), 18,9 ms avg latency, 625,0 ms max latency.
290 records sent, 56,3 records/sec (0,05 MB/sec), 17,8 ms avg latency, 647,0 ms max latency.
265 records sent, 52,3 records/sec (0,05 MB/sec), 19,1 ms avg latency, 210,0 ms max latency.
233 records sent, 46,4 records/sec (0,04 MB/sec), 21,5 ms avg latency, 645,0 ms max latency.
322 records sent, 64,4 records/sec (0,06 MB/sec), 15,5 ms avg latency, 649,0 ms max latency.
346 records sent, 69,2 records/sec (0,07 MB/sec), 14,4 ms avg latency, 210,0 ms max latency.
299 records sent, 58,2 records/sec (0,06 MB/sec), 17,2 ms avg latency, 634,0 ms max latency.
349 records sent, 66,0 records/sec (0,06 MB/sec), 15,1 ms avg latency, 645,0 ms max latency.
245 records sent, 48,8 records/sec (0,05 MB/sec), 20,5 ms avg latency, 631,0 ms max latency.
325 records sent, 65,0 records/sec (0,06 MB/sec), 15,4 ms avg latency, 648,0 ms max latency.
296 records sent, 57,3 records/sec (0,05 MB/sec), 17,4 ms avg latency, 647,0 ms max latency.
263 records sent, 51,7 records/sec (0,05 MB/sec), 19,3 ms avg latency, 643,0 ms max latency.
314 records sent, 60,3 records/sec (0,06 MB/sec), 16,6 ms avg latency, 650,0 ms max latency.
376 records sent, 73,7 records/sec (0,07 MB/sec), 13,6 ms avg latency, 643,0 ms max latency.
363 records sent, 72,1 records/sec (0,07 MB/sec), 13,9 ms avg latency, 209,0 ms max latency.
233 records sent, 46,6 records/sec (0,04 MB/sec), 21,4 ms avg latency, 630,0 ms max latency.
286 records sent, 56,1 records/sec (0,05 MB/sec), 17,8 ms avg latency, 619,0 ms max latency.
153 records sent, 29,7 records/sec (0,03 MB/sec), 33,7 ms avg latency, 1496,0 ms max latency.
287 records sent, 53,8 records/sec (0,05 MB/sec), 18,6 ms avg latency, 646,0 ms max latency.
344 records sent, 63,3 records/sec (0,06 MB/sec), 15,8 ms avg latency, 619,0 ms max latency.
336 records sent, 61,4 records/sec (0,06 MB/sec), 16,3 ms avg latency, 648,0 ms max latency.
324 records sent, 64,8 records/sec (0,06 MB/sec), 15,4 ms avg latency, 639,0 ms max latency.
330 records sent, 66,0 records/sec (0,06 MB/sec), 15,1 ms avg latency, 213,0 ms max latency.
312 records sent, 60,5 records/sec (0,06 MB/sec), 16,5 ms avg latency, 625,0 ms max latency.
338 records sent, 67,6 records/sec (0,06 MB/sec), 14,8 ms avg latency, 210,0 ms max latency.
273 records sent, 42,6 records/sec (0,04 MB/sec), 23,5 ms avg latency, 1521,0 ms max latency.
185 records sent, 33,2 records/sec (0,03 MB/sec), 30,2 ms avg latency, 647,0 ms max latency.
309 records sent, 60,0 records/sec (0,06 MB/sec), 16,6 ms avg latency, 626,0 ms max latency.
435 records sent, 83,7 records/sec (0,08 MB/sec), 11,9 ms avg latency, 636,0 ms max latency.
430 records sent, 86,0 records/sec (0,08 MB/sec), 11,6 ms avg latency, 624,0 ms max latency.
222 records sent, 44,4 records/sec (0,04 MB/sec), 22,5 ms avg latency, 230,0 ms max latency.
405 records sent, 78,7 records/sec (0,08 MB/sec), 12,7 ms avg latency, 639,0 ms max latency.
321 records sent, 59,7 records/sec (0,06 MB/sec), 16,8 ms avg latency, 641,0 ms max latency.
400 records sent, 77,8 records/sec (0,07 MB/sec), 12,8 ms avg latency, 620,0 ms max latency.
335 records sent, 67,0 records/sec (0,06 MB/sec), 14,9 ms avg latency, 210,0 ms max latency.
303 records sent, 58,7 records/sec (0,06 MB/sec), 17,0 ms avg latency, 648,0 ms max latency.
239 records sent, 45,4 records/sec (0,04 MB/sec), 22,0 ms avg latency, 635,0 ms max latency.
449 records sent, 89,4 records/sec (0,09 MB/sec), 11,2 ms avg latency, 623,0 ms max latency.
241 records sent, 48,2 records/sec (0,05 MB/sec), 20,7 ms avg latency, 209,0 ms max latency.
384 records sent, 75,9 records/sec (0,07 MB/sec), 13,2 ms avg latency, 210,0 ms max latency.
279 records sent, 54,8 records/sec (0,05 MB/sec), 18,2 ms avg latency, 210,0 ms max latency.
172 records sent, 33,5 records/sec (0,03 MB/sec), 29,9 ms avg latency, 1503,0 ms max latency.
330 records sent, 66,0 records/sec (0,06 MB/sec), 15,1 ms avg latency, 648,0 ms max latency.
283 records sent, 55,4 records/sec (0,05 MB/sec), 18,0 ms avg latency, 642,0 ms max latency.
416 records sent, 80,8 records/sec (0,08 MB/sec), 12,4 ms avg latency, 210,0 ms max latency.
440 records sent, 84,7 records/sec (0,08 MB/sec), 11,8 ms avg latency, 620,0 ms max latency.
246 records sent, 48,9 records/sec (0,05 MB/sec), 20,4 ms avg latency, 210,0 ms max latency.
285 records sent, 55,8 records/sec (0,05 MB/sec), 17,9 ms avg latency, 622,0 ms max latency.
312 records sent, 60,2 records/sec (0,06 MB/sec), 16,6 ms avg latency, 210,0 ms max latency.
231 records sent, 46,1 records/sec (0,04 MB/sec), 21,7 ms avg latency, 633,0 ms max latency.
226 records sent, 45,2 records/sec (0,04 MB/sec), 22,1 ms avg latency, 626,0 ms max latency.
379 records sent, 74,2 records/sec (0,07 MB/sec), 13,5 ms avg latency, 210,0 ms max latency.
257 records sent, 50,8 records/sec (0,05 MB/sec), 19,7 ms avg latency, 635,0 ms max latency.
373 records sent, 73,2 records/sec (0,07 MB/sec), 13,7 ms avg latency, 643,0 ms max latency.
387 records sent, 76,1 records/sec (0,07 MB/sec), 13,1 ms avg latency, 210,0 ms max latency.
315 records sent, 58,3 records/sec (0,06 MB/sec), 17,1 ms avg latency, 650,0 ms max latency.
219 records sent, 43,8 records/sec (0,04 MB/sec), 22,8 ms avg latency, 646,0 ms max latency.
403 records sent, 79,1 records/sec (0,08 MB/sec), 12,6 ms avg latency, 209,0 ms max latency.
334 records sent, 64,2 records/sec (0,06 MB/sec), 15,6 ms avg latency, 640,0 ms max latency.
328 records sent, 63,0 records/sec (0,06 MB/sec), 15,9 ms avg latency, 642,0 ms max latency.
323 records sent, 62,1 records/sec (0,06 MB/sec), 16,1 ms avg latency, 645,0 ms max latency.
332 records sent, 66,4 records/sec (0,06 MB/sec), 15,0 ms avg latency, 624,0 ms max latency.
281 records sent, 54,9 records/sec (0,05 MB/sec), 18,2 ms avg latency, 642,0 ms max latency.
284 records sent, 55,4 records/sec (0,05 MB/sec), 18,0 ms avg latency, 629,0 ms max latency.
264 records sent, 51,6 records/sec (0,05 MB/sec), 19,4 ms avg latency, 637,0 ms max latency.
240 records sent, 47,6 records/sec (0,05 MB/sec), 21,0 ms avg latency, 633,0 ms max latency.
330 records sent, 58,8 records/sec (0,06 MB/sec), 17,0 ms avg latency, 635,0 ms max latency.
306 records sent, 59,7 records/sec (0,06 MB/sec), 16,7 ms avg latency, 210,0 ms max latency.
276 records sent, 53,8 records/sec (0,05 MB/sec), 18,6 ms avg latency, 638,0 ms max latency.
440 records sent, 84,7 records/sec (0,08 MB/sec), 11,8 ms avg latency, 210,0 ms max latency.
255 records sent, 50,0 records/sec (0,05 MB/sec), 20,0 ms avg latency, 639,0 ms max latency.
275 records sent, 54,1 records/sec (0,05 MB/sec), 18,5 ms avg latency, 210,0 ms max latency.
201 records sent, 35,7 records/sec (0,03 MB/sec), 28,0 ms avg latency, 644,0 ms max latency.
330 records sent, 63,6 records/sec (0,06 MB/sec), 15,7 ms avg latency, 641,0 ms max latency.
282 records sent, 55,4 records/sec (0,05 MB/sec), 18,0 ms avg latency, 622,0 ms max latency.
334 records sent, 64,3 records/sec (0,06 MB/sec), 15,6 ms avg latency, 228,0 ms max latency.
191 records sent, 37,0 records/sec (0,04 MB/sec), 27,0 ms avg latency, 631,0 ms max latency.
259 records sent, 51,0 records/sec (0,05 MB/sec), 19,6 ms avg latency, 649,0 ms max latency.
278 records sent, 54,6 records/sec (0,05 MB/sec), 18,3 ms avg latency, 631,0 ms max latency.
291 records sent, 56,8 records/sec (0,05 MB/sec), 17,6 ms avg latency, 645,0 ms max latency.
269 records sent, 50,6 records/sec (0,05 MB/sec), 19,7 ms avg latency, 649,0 ms max latency.
253 records sent, 49,9 records/sec (0,05 MB/sec), 20,0 ms avg latency, 639,0 ms max latency.
224 records sent, 43,0 records/sec (0,04 MB/sec), 23,2 ms avg latency, 626,0 ms max latency.
340 records sent, 68,0 records/sec (0,06 MB/sec), 14,7 ms avg latency, 209,0 ms max latency.
340 records sent, 65,5 records/sec (0,06 MB/sec), 15,2 ms avg latency, 210,0 ms max latency.
294 records sent, 57,1 records/sec (0,05 MB/sec), 17,5 ms avg latency, 212,0 ms max latency.
258 records sent, 49,0 records/sec (0,05 MB/sec), 20,4 ms avg latency, 635,0 ms max latency.
275 records sent, 53,6 records/sec (0,05 MB/sec), 18,7 ms avg latency, 645,0 ms max latency.
277 records sent, 54,5 records/sec (0,05 MB/sec), 18,3 ms avg latency, 228,0 ms max latency.
283 records sent, 54,7 records/sec (0,05 MB/sec), 18,3 ms avg latency, 650,0 ms max latency.
232 records sent, 46,4 records/sec (0,04 MB/sec), 21,5 ms avg latency, 621,0 ms max latency.
310 records sent, 61,8 records/sec (0,06 MB/sec), 16,2 ms avg latency, 634,0 ms max latency.
300 records sent, 58,2 records/sec (0,06 MB/sec), 17,2 ms avg latency, 646,0 ms max latency.
209 records sent, 40,1 records/sec (0,04 MB/sec), 24,9 ms avg latency, 650,0 ms max latency.
332 records sent, 61,1 records/sec (0,06 MB/sec), 16,4 ms avg latency, 636,0 ms max latency.
306 records sent, 59,0 records/sec (0,06 MB/sec), 16,9 ms avg latency, 645,0 ms max latency.
329 records sent, 65,2 records/sec (0,06 MB/sec), 15,3 ms avg latency, 647,0 ms max latency.
231 records sent, 46,2 records/sec (0,04 MB/sec), 21,6 ms avg latency, 624,0 ms max latency.
274 records sent, 53,7 records/sec (0,05 MB/sec), 18,6 ms avg latency, 639,0 ms max latency.
200 records sent, 38,8 records/sec (0,04 MB/sec), 25,8 ms avg latency, 643,0 ms max latency.
264 records sent, 52,1 records/sec (0,05 MB/sec), 19,2 ms avg latency, 210,0 ms max latency.
343 records sent, 68,6 records/sec (0,07 MB/sec), 14,6 ms avg latency, 210,0 ms max latency.
212 records sent, 41,0 records/sec (0,04 MB/sec), 24,4 ms avg latency, 632,0 ms max latency.
209 records sent, 40,2 records/sec (0,04 MB/sec), 24,8 ms avg latency, 639,0 ms max latency.
329 records sent, 65,7 records/sec (0,06 MB/sec), 15,2 ms avg latency, 644,0 ms max latency.
154 records sent, 29,7 records/sec (0,03 MB/sec), 33,7 ms avg latency, 1515,0 ms max latency.
308 records sent, 59,4 records/sec (0,06 MB/sec), 16,8 ms avg latency, 649,0 ms max latency.
317 records sent, 61,1 records/sec (0,06 MB/sec), 16,4 ms avg latency, 645,0 ms max latency.
270 records sent, 53,1 records/sec (0,05 MB/sec), 18,8 ms avg latency, 621,0 ms max latency.
324 records sent, 64,8 records/sec (0,06 MB/sec), 15,4 ms avg latency, 649,0 ms max latency.
313 records sent, 60,3 records/sec (0,06 MB/sec), 16,6 ms avg latency, 626,0 ms max latency.
303 records sent, 58,7 records/sec (0,06 MB/sec), 17,0 ms avg latency, 648,0 ms max latency.
289 records sent, 56,2 records/sec (0,05 MB/sec), 17,8 ms avg latency, 647,0 ms max latency.
288 records sent, 53,8 records/sec (0,05 MB/sec), 18,6 ms avg latency, 649,0 ms max latency.
197 records sent, 33,2 records/sec (0,03 MB/sec), 30,1 ms avg latency, 1530,0 ms max latency.
348 records sent, 69,2 records/sec (0,07 MB/sec), 14,4 ms avg latency, 210,0 ms max latency.
254 records sent, 49,9 records/sec (0,05 MB/sec), 20,1 ms avg latency, 635,0 ms max latency.
269 records sent, 52,8 records/sec (0,05 MB/sec), 18,9 ms avg latency, 645,0 ms max latency.
335 records sent, 64,5 records/sec (0,06 MB/sec), 15,5 ms avg latency, 210,0 ms max latency.
228 records sent, 45,6 records/sec (0,04 MB/sec), 21,9 ms avg latency, 646,0 ms max latency.
374 records sent, 73,2 records/sec (0,07 MB/sec), 13,6 ms avg latency, 635,0 ms max latency.
303 records sent, 59,0 records/sec (0,06 MB/sec), 16,9 ms avg latency, 630,0 ms max latency.
339 records sent, 67,4 records/sec (0,06 MB/sec), 14,8 ms avg latency, 211,0 ms max latency.
446 records sent, 89,2 records/sec (0,09 MB/sec), 11,2 ms avg latency, 210,0 ms max latency.
277 records sent, 54,4 records/sec (0,05 MB/sec), 18,4 ms avg latency, 637,0 ms max latency.
212 records sent, 40,9 records/sec (0,04 MB/sec), 24,4 ms avg latency, 648,0 ms max latency.
302 records sent, 58,9 records/sec (0,06 MB/sec), 17,0 ms avg latency, 622,0 ms max latency.
333 records sent, 61,5 records/sec (0,06 MB/sec), 16,2 ms avg latency, 646,0 ms max latency.
424 records sent, 81,8 records/sec (0,08 MB/sec), 12,2 ms avg latency, 618,0 ms max latency.
238 records sent, 43,0 records/sec (0,04 MB/sec), 23,3 ms avg latency, 1715,0 ms max latency.
179 records sent, 34,5 records/sec (0,03 MB/sec), 29,0 ms avg latency, 1505,0 ms max latency.
454 records sent, 87,2 records/sec (0,08 MB/sec), 11,5 ms avg latency, 631,0 ms max latency.
222 records sent, 43,6 records/sec (0,04 MB/sec), 22,9 ms avg latency, 1516,0 ms max latency.
334 records sent, 64,4 records/sec (0,06 MB/sec), 15,5 ms avg latency, 210,0 ms max latency.
337 records sent, 64,7 records/sec (0,06 MB/sec), 15,4 ms avg latency, 210,0 ms max latency.
256 records sent, 50,4 records/sec (0,05 MB/sec), 19,8 ms avg latency, 649,0 ms max latency.
308 records sent, 60,1 records/sec (0,06 MB/sec), 16,6 ms avg latency, 626,0 ms max latency.
377 records sent, 74,1 records/sec (0,07 MB/sec), 13,5 ms avg latency, 209,0 ms max latency.
391 records sent, 77,0 records/sec (0,07 MB/sec), 13,0 ms avg latency, 627,0 ms max latency.
351 records sent, 70,2 records/sec (0,07 MB/sec), 14,2 ms avg latency, 210,0 ms max latency.
404 records sent, 78,8 records/sec (0,08 MB/sec), 12,7 ms avg latency, 629,0 ms max latency.
164 records sent, 31,8 records/sec (0,03 MB/sec), 31,4 ms avg latency, 1515,0 ms max latency.
305 records sent, 59,3 records/sec (0,06 MB/sec), 16,9 ms avg latency, 635,0 ms max latency.
238 records sent, 40,1 records/sec (0,04 MB/sec), 24,9 ms avg latency, 1521,0 ms max latency.
340 records sent, 67,8 records/sec (0,06 MB/sec), 14,7 ms avg latency, 210,0 ms max latency.
308 records sent, 55,4 records/sec (0,05 MB/sec), 18,0 ms avg latency, 642,0 ms max latency.
275 records sent, 54,0 records/sec (0,05 MB/sec), 18,5 ms avg latency, 634,0 ms max latency.
473 records sent, 93,3 records/sec (0,09 MB/sec), 10,7 ms avg latency, 209,0 ms max latency.
361 records sent, 71,4 records/sec (0,07 MB/sec), 14,0 ms avg latency, 634,0 ms max latency.
320 records sent, 61,7 records/sec (0,06 MB/sec), 16,2 ms avg latency, 210,0 ms max latency.
264 records sent, 48,0 records/sec (0,05 MB/sec), 20,8 ms avg latency, 630,0 ms max latency.
312 records sent, 60,1 records/sec (0,06 MB/sec), 16,6 ms avg latency, 624,0 ms max latency.
293 records sent, 56,9 records/sec (0,05 MB/sec), 17,6 ms avg latency, 643,0 ms max latency.
220 records sent, 43,6 records/sec (0,04 MB/sec), 22,9 ms avg latency, 1514,0 ms max latency.
259 records sent, 50,8 records/sec (0,05 MB/sec), 19,7 ms avg latency, 654,0 ms max latency.
227 records sent, 40,4 records/sec (0,04 MB/sec), 24,7 ms avg latency, 637,0 ms max latency.
368 records sent, 72,7 records/sec (0,07 MB/sec), 13,7 ms avg latency, 644,0 ms max latency.
232 records sent, 45,8 records/sec (0,04 MB/sec), 21,8 ms avg latency, 1726,0 ms max latency.
256 records sent, 50,4 records/sec (0,05 MB/sec), 19,8 ms avg latency, 642,0 ms max latency.
259 records sent, 51,3 records/sec (0,05 MB/sec), 19,5 ms avg latency, 623,0 ms max latency.
326 records sent, 62,8 records/sec (0,06 MB/sec), 15,9 ms avg latency, 643,0 ms max latency.
234 records sent, 46,8 records/sec (0,04 MB/sec), 21,3 ms avg latency, 210,0 ms max latency.
186 records sent, 36,3 records/sec (0,03 MB/sec), 27,6 ms avg latency, 637,0 ms max latency.
301 records sent, 58,1 records/sec (0,06 MB/sec), 17,2 ms avg latency, 649,0 ms max latency.
298 records sent, 57,9 records/sec (0,06 MB/sec), 17,3 ms avg latency, 649,0 ms max latency.
318 records sent, 61,3 records/sec (0,06 MB/sec), 16,3 ms avg latency, 642,0 ms max latency.
517 records sent, 100,5 records/sec (0,10 MB/sec), 9,9 ms avg latency, 210,0 ms max latency.
262 records sent, 51,7 records/sec (0,05 MB/sec), 19,3 ms avg latency, 638,0 ms max latency.
297 records sent, 54,7 records/sec (0,05 MB/sec), 18,3 ms avg latency, 648,0 ms max latency.
202 records sent, 39,3 records/sec (0,04 MB/sec), 25,4 ms avg latency, 627,0 ms max latency.
229 records sent, 45,0 records/sec (0,04 MB/sec), 22,2 ms avg latency, 1520,0 ms max latency.
234 records sent, 46,8 records/sec (0,04 MB/sec), 21,3 ms avg latency, 621,0 ms max latency.
328 records sent, 63,3 records/sec (0,06 MB/sec), 15,8 ms avg latency, 211,0 ms max latency.
278 records sent, 54,4 records/sec (0,05 MB/sec), 18,4 ms avg latency, 642,0 ms max latency.
363 records sent, 71,6 records/sec (0,07 MB/sec), 13,9 ms avg latency, 210,0 ms max latency.
364 records sent, 71,7 records/sec (0,07 MB/sec), 13,9 ms avg latency, 646,0 ms max latency.
335 records sent, 67,0 records/sec (0,06 MB/sec), 14,9 ms avg latency, 630,0 ms max latency.
274 records sent, 53,5 records/sec (0,05 MB/sec), 18,7 ms avg latency, 649,0 ms max latency.
192 records sent, 37,1 records/sec (0,04 MB/sec), 27,0 ms avg latency, 647,0 ms max latency.
331 records sent, 66,2 records/sec (0,06 MB/sec), 15,1 ms avg latency, 639,0 ms max latency.
342 records sent, 65,8 records/sec (0,06 MB/sec), 15,2 ms avg latency, 210,0 ms max latency.
240 records sent, 45,7 records/sec (0,04 MB/sec), 21,9 ms avg latency, 649,0 ms max latency.
230 records sent, 45,7 records/sec (0,04 MB/sec), 21,9 ms avg latency, 214,0 ms max latency.
526 records sent, 101,5 records/sec (0,10 MB/sec), 9,8 ms avg latency, 210,0 ms max latency.
365 records sent, 72,2 records/sec (0,07 MB/sec), 13,8 ms avg latency, 627,0 ms max latency.
230 records sent, 42,1 records/sec (0,04 MB/sec), 23,7 ms avg latency, 644,0 ms max latency.
244 records sent, 48,7 records/sec (0,05 MB/sec), 20,5 ms avg latency, 623,0 ms max latency.
237 records sent, 47,4 records/sec (0,05 MB/sec), 21,1 ms avg latency, 210,0 ms max latency.
270 records sent, 53,0 records/sec (0,05 MB/sec), 18,8 ms avg latency, 648,0 ms max latency.
426 records sent, 82,4 records/sec (0,08 MB/sec), 12,1 ms avg latency, 210,0 ms max latency.
354 records sent, 70,1 records/sec (0,07 MB/sec), 14,3 ms avg latency, 210,0 ms max latency.
268 records sent, 52,9 records/sec (0,05 MB/sec), 18,9 ms avg latency, 626,0 ms max latency.
259 records sent, 51,0 records/sec (0,05 MB/sec), 19,6 ms avg latency, 647,0 ms max latency.
376 records sent, 74,3 records/sec (0,07 MB/sec), 13,5 ms avg latency, 210,0 ms max latency.
313 records sent, 60,8 records/sec (0,06 MB/sec), 16,4 ms avg latency, 210,0 ms max latency.
266 records sent, 52,2 records/sec (0,05 MB/sec), 19,1 ms avg latency, 210,0 ms max latency.
423 records sent, 82,1 records/sec (0,08 MB/sec), 12,2 ms avg latency, 210,0 ms max latency.
427 records sent, 82,7 records/sec (0,08 MB/sec), 12,1 ms avg latency, 210,0 ms max latency.
257 records sent, 50,6 records/sec (0,05 MB/sec), 19,8 ms avg latency, 645,0 ms max latency.
268 records sent, 52,6 records/sec (0,05 MB/sec), 19,0 ms avg latency, 629,0 ms max latency.
419 records sent, 81,4 records/sec (0,08 MB/sec), 12,3 ms avg latency, 210,0 ms max latency.
277 records sent, 54,4 records/sec (0,05 MB/sec), 18,4 ms avg latency, 641,0 ms max latency.
358 records sent, 68,1 records/sec (0,06 MB/sec), 14,7 ms avg latency, 640,0 ms max latency.
265 records sent, 52,2 records/sec (0,05 MB/sec), 19,1 ms avg latency, 210,0 ms max latency.
426 records sent, 82,4 records/sec (0,08 MB/sec), 12,1 ms avg latency, 635,0 ms max latency.
373 records sent, 73,8 records/sec (0,07 MB/sec), 13,5 ms avg latency, 210,0 ms max latency.
317 records sent, 61,4 records/sec (0,06 MB/sec), 16,3 ms avg latency, 626,0 ms max latency.
503 records sent, 98,4 records/sec (0,09 MB/sec), 10,2 ms avg latency, 645,0 ms max latency.
396 records sent, 77,6 records/sec (0,07 MB/sec), 12,9 ms avg latency, 625,0 ms max latency.
336 records sent, 67,2 records/sec (0,06 MB/sec), 14,9 ms avg latency, 649,0 ms max latency.
332 records sent, 61,4 records/sec (0,06 MB/sec), 16,3 ms avg latency, 631,0 ms max latency.
337 records sent, 66,9 records/sec (0,06 MB/sec), 14,9 ms avg latency, 639,0 ms max latency.
351 records sent, 69,9 records/sec (0,07 MB/sec), 14,3 ms avg latency, 210,0 ms max latency.
207 records sent, 40,1 records/sec (0,04 MB/sec), 25,0 ms avg latency, 626,0 ms max latency.
209 records sent, 40,3 records/sec (0,04 MB/sec), 24,8 ms avg latency, 643,0 ms max latency.
296 records sent, 57,8 records/sec (0,06 MB/sec), 17,3 ms avg latency, 626,0 ms max latency.
378 records sent, 74,6 records/sec (0,07 MB/sec), 13,4 ms avg latency, 210,0 ms max latency.
509 records sent, 99,8 records/sec (0,10 MB/sec), 10,0 ms avg latency, 630,0 ms max latency.
232 records sent, 46,4 records/sec (0,04 MB/sec), 21,5 ms avg latency, 630,0 ms max latency.
295 records sent, 56,9 records/sec (0,05 MB/sec), 17,6 ms avg latency, 648,0 ms max latency.
377 records sent, 71,0 records/sec (0,07 MB/sec), 14,1 ms avg latency, 631,0 ms max latency.
286 records sent, 55,8 records/sec (0,05 MB/sec), 17,9 ms avg latency, 637,0 ms max latency.
180 records sent, 35,2 records/sec (0,03 MB/sec), 28,4 ms avg latency, 632,0 ms max latency.
507 records sent, 98,4 records/sec (0,09 MB/sec), 10,2 ms avg latency, 638,0 ms max latency.
549 records sent, 109,8 records/sec (0,10 MB/sec), 9,1 ms avg latency, 623,0 ms max latency.
383 records sent, 75,6 records/sec (0,07 MB/sec), 13,2 ms avg latency, 210,0 ms max latency.
267 records sent, 48,4 records/sec (0,05 MB/sec), 20,7 ms avg latency, 642,0 ms max latency.
425 records sent, 81,9 records/sec (0,08 MB/sec), 12,2 ms avg latency, 212,0 ms max latency.
280 records sent, 52,8 records/sec (0,05 MB/sec), 18,9 ms avg latency, 641,0 ms max latency.
250 records sent, 49,8 records/sec (0,05 MB/sec), 20,1 ms avg latency, 626,0 ms max latency.
351 records sent, 70,2 records/sec (0,07 MB/sec), 14,2 ms avg latency, 215,0 ms max latency.
524 records sent, 104,8 records/sec (0,10 MB/sec), 9,5 ms avg latency, 650,0 ms max latency.
342 records sent, 65,8 records/sec (0,06 MB/sec), 15,2 ms avg latency, 623,0 ms max latency.
330 records sent, 66,0 records/sec (0,06 MB/sec), 15,1 ms avg latency, 651,0 ms max latency.
324 records sent, 62,8 records/sec (0,06 MB/sec), 15,9 ms avg latency, 629,0 ms max latency.
235 records sent, 47,0 records/sec (0,04 MB/sec), 21,3 ms avg latency, 635,0 ms max latency.
286 records sent, 55,8 records/sec (0,05 MB/sec), 17,9 ms avg latency, 644,0 ms max latency.
265 records sent, 52,4 records/sec (0,05 MB/sec), 19,0 ms avg latency, 210,0 ms max latency.
248 records sent, 49,3 records/sec (0,05 MB/sec), 20,3 ms avg latency, 637,0 ms max latency.
438 records sent, 85,8 records/sec (0,08 MB/sec), 11,6 ms avg latency, 212,0 ms max latency.
80000 records sent, 59,554650 records/sec (0,06 MB/sec), 16,77 ms avg latency, 1726,00 ms max latency, 2 ms 50th, 207 ms 95th, 210 ms 99th, 644 ms 99.9th.

Metric Name                                                                          Value
app-info:commit-id:{client-id=producer-1}                                          : d4284cbebb6f0a4c
app-info:start-time-ms:{client-id=producer-1}                                      : 1592696558178
app-info:version:{client-id=producer-1}                                            : 2.3.1
kafka-metrics-count:count:{client-id=producer-1}                                   : 126,000
producer-metrics:batch-size-avg:{client-id=producer-1}                             : 1075,000
producer-metrics:batch-size-max:{client-id=producer-1}                             : 1075,000
producer-metrics:batch-split-rate:{client-id=producer-1}                           : 0,000
producer-metrics:batch-split-total:{client-id=producer-1}                          : 0,000
producer-metrics:buffer-available-bytes:{client-id=producer-1}                     : 33554432,000
producer-metrics:buffer-exhausted-rate:{client-id=producer-1}                      : 0,000
producer-metrics:buffer-exhausted-total:{client-id=producer-1}                     : 0,000
producer-metrics:buffer-total-bytes:{client-id=producer-1}                         : 33554432,000
producer-metrics:bufferpool-wait-ratio:{client-id=producer-1}                      : 0,000
producer-metrics:bufferpool-wait-time-total:{client-id=producer-1}                 : 0,000
producer-metrics:compression-rate-avg:{client-id=producer-1}                       : 1,000
producer-metrics:connection-close-rate:{client-id=producer-1}                      : 0,000
producer-metrics:connection-close-total:{client-id=producer-1}                     : 16,000
producer-metrics:connection-count:{client-id=producer-1}                           : 3,000
producer-metrics:connection-creation-rate:{client-id=producer-1}                   : 0,000
producer-metrics:connection-creation-total:{client-id=producer-1}                  : 19,000
producer-metrics:failed-authentication-rate:{client-id=producer-1}                 : 0,000
producer-metrics:failed-authentication-total:{client-id=producer-1}                : 0,000
producer-metrics:failed-reauthentication-rate:{client-id=producer-1}               : 0,000
producer-metrics:failed-reauthentication-total:{client-id=producer-1}              : 0,000
producer-metrics:incoming-byte-rate:{client-id=producer-1}                         : 4234,775
producer-metrics:incoming-byte-total:{client-id=producer-1}                        : 4970716,000
producer-metrics:io-ratio:{client-id=producer-1}                                   : 0,003
producer-metrics:io-time-ns-avg:{client-id=producer-1}                             : 12286,885
producer-metrics:io-wait-ratio:{client-id=producer-1}                              : 1,006
producer-metrics:io-wait-time-ns-avg:{client-id=producer-1}                        : 4912021,373
producer-metrics:io-waittime-total:{client-id=producer-1}                          : 1333916031212,000
producer-metrics:iotime-total:{client-id=producer-1}                               : 3296349122,000
producer-metrics:metadata-age:{client-id=producer-1}                               : 59,408
producer-metrics:network-io-rate:{client-id=producer-1}                            : 136,582
producer-metrics:network-io-total:{client-id=producer-1}                           : 160089,000
producer-metrics:outgoing-byte-rate:{client-id=producer-1}                         : 78187,803
producer-metrics:outgoing-byte-total:{client-id=producer-1}                        : 91607295,000
producer-metrics:produce-throttle-time-avg:{client-id=producer-1}                  : 0,000
producer-metrics:produce-throttle-time-max:{client-id=producer-1}                  : 0,000
producer-metrics:reauthentication-latency-avg:{client-id=producer-1}               : NaN
producer-metrics:reauthentication-latency-max:{client-id=producer-1}               : NaN
producer-metrics:record-error-rate:{client-id=producer-1}                          : 0,000
producer-metrics:record-error-total:{client-id=producer-1}                         : 0,000
producer-metrics:record-queue-time-avg:{client-id=producer-1}                      : 0,023
producer-metrics:record-queue-time-max:{client-id=producer-1}                      : 1,000
producer-metrics:record-retry-rate:{client-id=producer-1}                          : 0,000
producer-metrics:record-retry-total:{client-id=producer-1}                         : 15,000
producer-metrics:record-send-rate:{client-id=producer-1}                           : 68,282
producer-metrics:record-send-total:{client-id=producer-1}                          : 80015,000
producer-metrics:record-size-avg:{client-id=producer-1}                            : 1091,000
producer-metrics:record-size-max:{client-id=producer-1}                            : 1091,000
producer-metrics:records-per-request-avg:{client-id=producer-1}                    : 1,000
producer-metrics:request-latency-avg:{client-id=producer-1}                        : 14,773
producer-metrics:request-latency-max:{client-id=producer-1}                        : 651,000
producer-metrics:request-rate:{client-id=producer-1}                               : 68,282
producer-metrics:request-size-avg:{client-id=producer-1}                           : 1145,000
producer-metrics:request-size-max:{client-id=producer-1}                           : 1145,000
producer-metrics:request-total:{client-id=producer-1}                              : 80052,000
producer-metrics:requests-in-flight:{client-id=producer-1}                         : 0,000
producer-metrics:response-rate:{client-id=producer-1}                              : 68,301
producer-metrics:response-total:{client-id=producer-1}                             : 80037,000
producer-metrics:select-rate:{client-id=producer-1}                                : 204,804
producer-metrics:select-total:{client-id=producer-1}                               : 239783,000
producer-metrics:successful-authentication-no-reauth-total:{client-id=producer-1}  : 0,000
producer-metrics:successful-authentication-rate:{client-id=producer-1}             : 0,000
producer-metrics:successful-authentication-total:{client-id=producer-1}            : 0,000
producer-metrics:successful-reauthentication-rate:{client-id=producer-1}           : 0,000
producer-metrics:successful-reauthentication-total:{client-id=producer-1}          : 0,000
producer-metrics:waiting-threads:{client-id=producer-1}                            : 0,000
producer-node-metrics:incoming-byte-rate:{client-id=producer-1, node-id=node--1}   : 0,000
producer-node-metrics:incoming-byte-rate:{client-id=producer-1, node-id=node-1}    : 1319,972
producer-node-metrics:incoming-byte-rate:{client-id=producer-1, node-id=node-3}    : 1355,644
producer-node-metrics:incoming-byte-rate:{client-id=producer-1, node-id=node-6}    : 1359,024
producer-node-metrics:incoming-byte-total:{client-id=producer-1, node-id=node--1}  : 579,000
producer-node-metrics:incoming-byte-total:{client-id=producer-1, node-id=node-1}   : 1649326,000
producer-node-metrics:incoming-byte-total:{client-id=producer-1, node-id=node-3}   : 1657969,000
producer-node-metrics:incoming-byte-total:{client-id=producer-1, node-id=node-6}   : 1662842,000
producer-node-metrics:outgoing-byte-rate:{client-id=producer-1, node-id=node--1}   : 0,000
producer-node-metrics:outgoing-byte-rate:{client-id=producer-1, node-id=node-1}    : 25065,718
producer-node-metrics:outgoing-byte-rate:{client-id=producer-1, node-id=node-3}    : 25036,224
producer-node-metrics:outgoing-byte-rate:{client-id=producer-1, node-id=node-6}    : 25226,211
producer-node-metrics:outgoing-byte-total:{client-id=producer-1, node-id=node--1}  : 67,000
producer-node-metrics:outgoing-byte-total:{client-id=producer-1, node-id=node-1}   : 30397700,000
producer-node-metrics:outgoing-byte-total:{client-id=producer-1, node-id=node-3}   : 30562440,000
producer-node-metrics:outgoing-byte-total:{client-id=producer-1, node-id=node-6}   : 30647088,000
producer-node-metrics:request-latency-avg:{client-id=producer-1, node-id=node--1}  : NaN
producer-node-metrics:request-latency-avg:{client-id=producer-1, node-id=node-1}   : 16,682
producer-node-metrics:request-latency-avg:{client-id=producer-1, node-id=node-3}   : 14,219
producer-node-metrics:request-latency-avg:{client-id=producer-1, node-id=node-6}   : 14,758
producer-node-metrics:request-latency-max:{client-id=producer-1, node-id=node--1}  : NaN
producer-node-metrics:request-latency-max:{client-id=producer-1, node-id=node-1}   : 651,000
producer-node-metrics:request-latency-max:{client-id=producer-1, node-id=node-3}   : 644,000
producer-node-metrics:request-latency-max:{client-id=producer-1, node-id=node-6}   : 635,000
producer-node-metrics:request-rate:{client-id=producer-1, node-id=node--1}         : 0,000
producer-node-metrics:request-rate:{client-id=producer-1, node-id=node-1}          : 21,891
producer-node-metrics:request-rate:{client-id=producer-1, node-id=node-3}          : 21,865
producer-node-metrics:request-rate:{client-id=producer-1, node-id=node-6}          : 22,031
producer-node-metrics:request-size-avg:{client-id=producer-1, node-id=node--1}     : NaN
producer-node-metrics:request-size-avg:{client-id=producer-1, node-id=node-1}      : 1145,000
producer-node-metrics:request-size-avg:{client-id=producer-1, node-id=node-3}      : 1145,000
producer-node-metrics:request-size-avg:{client-id=producer-1, node-id=node-6}      : 1145,000
producer-node-metrics:request-size-max:{client-id=producer-1, node-id=node--1}     : NaN
producer-node-metrics:request-size-max:{client-id=producer-1, node-id=node-1}      : 1145,000
producer-node-metrics:request-size-max:{client-id=producer-1, node-id=node-3}      : 1145,000
producer-node-metrics:request-size-max:{client-id=producer-1, node-id=node-6}      : 1145,000
producer-node-metrics:request-total:{client-id=producer-1, node-id=node--1}        : 2,000
producer-node-metrics:request-total:{client-id=producer-1, node-id=node-1}         : 26563,000
producer-node-metrics:request-total:{client-id=producer-1, node-id=node-3}         : 26706,000
producer-node-metrics:request-total:{client-id=producer-1, node-id=node-6}         : 26781,000
producer-node-metrics:response-rate:{client-id=producer-1, node-id=node--1}        : 0,000
producer-node-metrics:response-rate:{client-id=producer-1, node-id=node-1}         : 21,290
producer-node-metrics:response-rate:{client-id=producer-1, node-id=node-3}         : 21,865
producer-node-metrics:response-rate:{client-id=producer-1, node-id=node-6}         : 21,920
producer-node-metrics:response-total:{client-id=producer-1, node-id=node--1}       : 2,000
producer-node-metrics:response-total:{client-id=producer-1, node-id=node-1}        : 26558,000
producer-node-metrics:response-total:{client-id=producer-1, node-id=node-3}        : 26701,000
producer-node-metrics:response-total:{client-id=producer-1, node-id=node-6}        : 26776,000
producer-topic-metrics:byte-rate:{client-id=producer-1, topic=test-topic}          : 73403,182
producer-topic-metrics:byte-total:{client-id=producer-1, topic=test-topic}         : 86005015,000
producer-topic-metrics:compression-rate:{client-id=producer-1, topic=test-topic}   : 1,000
producer-topic-metrics:record-error-rate:{client-id=producer-1, topic=test-topic}  : 0,000
producer-topic-metrics:record-error-total:{client-id=producer-1, topic=test-topic} : 0,000
producer-topic-metrics:record-retry-rate:{client-id=producer-1, topic=test-topic}  : 0,000
producer-topic-metrics:record-retry-total:{client-id=producer-1, topic=test-topic} : 15,000
producer-topic-metrics:record-send-rate:{client-id=producer-1, topic=test-topic}   : 68,282
producer-topic-metrics:record-send-total:{client-id=producer-1, topic=test-topic}  : 80015,000
Produce Time: 1343.304
Aplication time: 1343.985
*****Produção finalizada, esperando 180 s para buscar WM*****
Water mark: 960000
