Topic to send: test-topic
Topic to acks: -1
Records: 80000
Size:1000
273 records sent, 52,9 records/sec (0,05 MB/sec), 18,8 ms avg latency, 631,0 ms max latency.
255 records sent, 49,0 records/sec (0,05 MB/sec), 20,4 ms avg latency, 641,0 ms max latency.
357 records sent, 69,2 records/sec (0,07 MB/sec), 14,4 ms avg latency, 650,0 ms max latency.
309 records sent, 56,2 records/sec (0,05 MB/sec), 17,8 ms avg latency, 647,0 ms max latency.
224 records sent, 44,2 records/sec (0,04 MB/sec), 22,6 ms avg latency, 648,0 ms max latency.
215 records sent, 43,0 records/sec (0,04 MB/sec), 23,2 ms avg latency, 624,0 ms max latency.
306 records sent, 61,2 records/sec (0,06 MB/sec), 16,3 ms avg latency, 623,0 ms max latency.
345 records sent, 67,3 records/sec (0,06 MB/sec), 14,8 ms avg latency, 634,0 ms max latency.
261 records sent, 50,7 records/sec (0,05 MB/sec), 19,7 ms avg latency, 641,0 ms max latency.
327 records sent, 64,5 records/sec (0,06 MB/sec), 15,5 ms avg latency, 644,0 ms max latency.
315 records sent, 60,6 records/sec (0,06 MB/sec), 16,5 ms avg latency, 644,0 ms max latency.
320 records sent, 64,0 records/sec (0,06 MB/sec), 15,6 ms avg latency, 645,0 ms max latency.
234 records sent, 46,5 records/sec (0,04 MB/sec), 21,5 ms avg latency, 643,0 ms max latency.
312 records sent, 62,4 records/sec (0,06 MB/sec), 16,0 ms avg latency, 239,0 ms max latency.
254 records sent, 50,1 records/sec (0,05 MB/sec), 19,9 ms avg latency, 633,0 ms max latency.
263 records sent, 51,6 records/sec (0,05 MB/sec), 19,4 ms avg latency, 643,0 ms max latency.
309 records sent, 59,2 records/sec (0,06 MB/sec), 16,9 ms avg latency, 643,0 ms max latency.
274 records sent, 53,6 records/sec (0,05 MB/sec), 18,6 ms avg latency, 638,0 ms max latency.
280 records sent, 54,4 records/sec (0,05 MB/sec), 18,4 ms avg latency, 648,0 ms max latency.
268 records sent, 52,7 records/sec (0,05 MB/sec), 19,0 ms avg latency, 631,0 ms max latency.
263 records sent, 51,3 records/sec (0,05 MB/sec), 19,5 ms avg latency, 213,0 ms max latency.
219 records sent, 43,7 records/sec (0,04 MB/sec), 22,9 ms avg latency, 643,0 ms max latency.
339 records sent, 67,8 records/sec (0,06 MB/sec), 14,7 ms avg latency, 213,0 ms max latency.
239 records sent, 47,3 records/sec (0,05 MB/sec), 21,1 ms avg latency, 644,0 ms max latency.
337 records sent, 67,4 records/sec (0,06 MB/sec), 14,8 ms avg latency, 638,0 ms max latency.
398 records sent, 65,4 records/sec (0,06 MB/sec), 15,3 ms avg latency, 1516,0 ms max latency.
409 records sent, 81,8 records/sec (0,08 MB/sec), 12,2 ms avg latency, 647,0 ms max latency.
356 records sent, 69,9 records/sec (0,07 MB/sec), 14,3 ms avg latency, 641,0 ms max latency.
323 records sent, 64,5 records/sec (0,06 MB/sec), 15,5 ms avg latency, 643,0 ms max latency.
312 records sent, 60,3 records/sec (0,06 MB/sec), 16,5 ms avg latency, 213,0 ms max latency.
331 records sent, 65,3 records/sec (0,06 MB/sec), 15,3 ms avg latency, 1512,0 ms max latency.
348 records sent, 68,9 records/sec (0,07 MB/sec), 14,5 ms avg latency, 210,0 ms max latency.
289 records sent, 57,8 records/sec (0,06 MB/sec), 17,3 ms avg latency, 1513,0 ms max latency.
290 records sent, 56,4 records/sec (0,05 MB/sec), 17,7 ms avg latency, 641,0 ms max latency.
243 records sent, 48,2 records/sec (0,05 MB/sec), 20,7 ms avg latency, 638,0 ms max latency.
318 records sent, 61,4 records/sec (0,06 MB/sec), 16,2 ms avg latency, 645,0 ms max latency.
362 records sent, 71,8 records/sec (0,07 MB/sec), 13,9 ms avg latency, 631,0 ms max latency.
256 records sent, 47,7 records/sec (0,05 MB/sec), 20,9 ms avg latency, 1536,0 ms max latency.
248 records sent, 48,9 records/sec (0,05 MB/sec), 20,4 ms avg latency, 641,0 ms max latency.
352 records sent, 67,3 records/sec (0,06 MB/sec), 14,8 ms avg latency, 644,0 ms max latency.
323 records sent, 62,5 records/sec (0,06 MB/sec), 16,0 ms avg latency, 210,0 ms max latency.
368 records sent, 73,1 records/sec (0,07 MB/sec), 13,7 ms avg latency, 214,0 ms max latency.
347 records sent, 68,8 records/sec (0,07 MB/sec), 14,5 ms avg latency, 646,0 ms max latency.
318 records sent, 63,6 records/sec (0,06 MB/sec), 15,7 ms avg latency, 649,0 ms max latency.
313 records sent, 60,8 records/sec (0,06 MB/sec), 16,4 ms avg latency, 629,0 ms max latency.
285 records sent, 56,1 records/sec (0,05 MB/sec), 17,8 ms avg latency, 630,0 ms max latency.
267 records sent, 48,1 records/sec (0,05 MB/sec), 20,8 ms avg latency, 1525,0 ms max latency.
235 records sent, 46,8 records/sec (0,04 MB/sec), 21,3 ms avg latency, 644,0 ms max latency.
333 records sent, 66,3 records/sec (0,06 MB/sec), 15,1 ms avg latency, 1514,0 ms max latency.
238 records sent, 47,5 records/sec (0,05 MB/sec), 21,1 ms avg latency, 624,0 ms max latency.
329 records sent, 63,5 records/sec (0,06 MB/sec), 15,7 ms avg latency, 212,0 ms max latency.
250 records sent, 49,4 records/sec (0,05 MB/sec), 20,2 ms avg latency, 634,0 ms max latency.
281 records sent, 50,4 records/sec (0,05 MB/sec), 19,8 ms avg latency, 1535,0 ms max latency.
449 records sent, 86,2 records/sec (0,08 MB/sec), 11,6 ms avg latency, 212,0 ms max latency.
273 records sent, 53,8 records/sec (0,05 MB/sec), 18,6 ms avg latency, 636,0 ms max latency.
199 records sent, 38,5 records/sec (0,04 MB/sec), 25,9 ms avg latency, 646,0 ms max latency.
317 records sent, 61,5 records/sec (0,06 MB/sec), 16,2 ms avg latency, 627,0 ms max latency.
229 records sent, 45,8 records/sec (0,04 MB/sec), 21,8 ms avg latency, 641,0 ms max latency.
251 records sent, 49,8 records/sec (0,05 MB/sec), 20,1 ms avg latency, 618,0 ms max latency.
287 records sent, 55,9 records/sec (0,05 MB/sec), 17,9 ms avg latency, 646,0 ms max latency.
350 records sent, 70,0 records/sec (0,07 MB/sec), 14,3 ms avg latency, 626,0 ms max latency.
387 records sent, 76,2 records/sec (0,07 MB/sec), 13,1 ms avg latency, 210,0 ms max latency.
293 records sent, 52,7 records/sec (0,05 MB/sec), 19,0 ms avg latency, 638,0 ms max latency.
324 records sent, 62,9 records/sec (0,06 MB/sec), 15,9 ms avg latency, 210,0 ms max latency.
324 records sent, 62,6 records/sec (0,06 MB/sec), 16,0 ms avg latency, 632,0 ms max latency.
288 records sent, 56,5 records/sec (0,05 MB/sec), 17,7 ms avg latency, 628,0 ms max latency.
350 records sent, 70,0 records/sec (0,07 MB/sec), 14,3 ms avg latency, 621,0 ms max latency.
411 records sent, 80,0 records/sec (0,08 MB/sec), 12,5 ms avg latency, 627,0 ms max latency.
367 records sent, 72,7 records/sec (0,07 MB/sec), 13,7 ms avg latency, 210,0 ms max latency.
308 records sent, 59,9 records/sec (0,06 MB/sec), 16,7 ms avg latency, 621,0 ms max latency.
426 records sent, 82,6 records/sec (0,08 MB/sec), 12,1 ms avg latency, 637,0 ms max latency.
251 records sent, 49,6 records/sec (0,05 MB/sec), 20,2 ms avg latency, 648,0 ms max latency.
299 records sent, 58,5 records/sec (0,06 MB/sec), 17,1 ms avg latency, 209,0 ms max latency.
260 records sent, 51,3 records/sec (0,05 MB/sec), 19,5 ms avg latency, 639,0 ms max latency.
340 records sent, 55,6 records/sec (0,05 MB/sec), 18,0 ms avg latency, 1537,0 ms max latency.
403 records sent, 78,7 records/sec (0,08 MB/sec), 12,7 ms avg latency, 213,0 ms max latency.
272 records sent, 52,8 records/sec (0,05 MB/sec), 18,9 ms avg latency, 1731,0 ms max latency.
358 records sent, 71,0 records/sec (0,07 MB/sec), 14,1 ms avg latency, 641,0 ms max latency.
282 records sent, 55,5 records/sec (0,05 MB/sec), 18,0 ms avg latency, 643,0 ms max latency.
282 records sent, 55,3 records/sec (0,05 MB/sec), 18,1 ms avg latency, 210,0 ms max latency.
315 records sent, 61,0 records/sec (0,06 MB/sec), 16,4 ms avg latency, 239,0 ms max latency.
137 records sent, 25,8 records/sec (0,02 MB/sec), 38,7 ms avg latency, 1720,0 ms max latency.
420 records sent, 84,0 records/sec (0,08 MB/sec), 11,9 ms avg latency, 210,0 ms max latency.
287 records sent, 56,4 records/sec (0,05 MB/sec), 17,7 ms avg latency, 210,0 ms max latency.
332 records sent, 64,1 records/sec (0,06 MB/sec), 15,6 ms avg latency, 212,0 ms max latency.
221 records sent, 44,2 records/sec (0,04 MB/sec), 22,6 ms avg latency, 660,0 ms max latency.
330 records sent, 63,4 records/sec (0,06 MB/sec), 15,8 ms avg latency, 644,0 ms max latency.
326 records sent, 65,2 records/sec (0,06 MB/sec), 15,3 ms avg latency, 628,0 ms max latency.
327 records sent, 63,2 records/sec (0,06 MB/sec), 15,8 ms avg latency, 628,0 ms max latency.
377 records sent, 74,6 records/sec (0,07 MB/sec), 13,4 ms avg latency, 621,0 ms max latency.
346 records sent, 69,2 records/sec (0,07 MB/sec), 14,4 ms avg latency, 621,0 ms max latency.
381 records sent, 75,3 records/sec (0,07 MB/sec), 13,3 ms avg latency, 210,0 ms max latency.
364 records sent, 72,4 records/sec (0,07 MB/sec), 13,8 ms avg latency, 210,0 ms max latency.
272 records sent, 53,4 records/sec (0,05 MB/sec), 18,7 ms avg latency, 636,0 ms max latency.
342 records sent, 68,4 records/sec (0,07 MB/sec), 14,6 ms avg latency, 628,0 ms max latency.
232 records sent, 46,4 records/sec (0,04 MB/sec), 21,5 ms avg latency, 641,0 ms max latency.
298 records sent, 58,2 records/sec (0,06 MB/sec), 17,2 ms avg latency, 228,0 ms max latency.
172 records sent, 33,7 records/sec (0,03 MB/sec), 29,7 ms avg latency, 634,0 ms max latency.
335 records sent, 64,7 records/sec (0,06 MB/sec), 15,4 ms avg latency, 213,0 ms max latency.
223 records sent, 44,6 records/sec (0,04 MB/sec), 22,4 ms avg latency, 645,0 ms max latency.
262 records sent, 51,8 records/sec (0,05 MB/sec), 19,3 ms avg latency, 634,0 ms max latency.
224 records sent, 44,8 records/sec (0,04 MB/sec), 22,3 ms avg latency, 650,0 ms max latency.
252 records sent, 48,0 records/sec (0,05 MB/sec), 20,8 ms avg latency, 647,0 ms max latency.
301 records sent, 58,5 records/sec (0,06 MB/sec), 17,1 ms avg latency, 212,0 ms max latency.
340 records sent, 65,6 records/sec (0,06 MB/sec), 15,2 ms avg latency, 209,0 ms max latency.
315 records sent, 61,1 records/sec (0,06 MB/sec), 16,4 ms avg latency, 212,0 ms max latency.
389 records sent, 76,3 records/sec (0,07 MB/sec), 13,1 ms avg latency, 634,0 ms max latency.
335 records sent, 67,0 records/sec (0,06 MB/sec), 14,9 ms avg latency, 235,0 ms max latency.
331 records sent, 63,9 records/sec (0,06 MB/sec), 15,7 ms avg latency, 210,0 ms max latency.
287 records sent, 54,3 records/sec (0,05 MB/sec), 18,4 ms avg latency, 621,0 ms max latency.
244 records sent, 48,2 records/sec (0,05 MB/sec), 20,7 ms avg latency, 642,0 ms max latency.
263 records sent, 45,5 records/sec (0,04 MB/sec), 22,0 ms avg latency, 1527,0 ms max latency.
337 records sent, 64,9 records/sec (0,06 MB/sec), 15,4 ms avg latency, 210,0 ms max latency.
277 records sent, 54,6 records/sec (0,05 MB/sec), 18,3 ms avg latency, 209,0 ms max latency.
391 records sent, 76,6 records/sec (0,07 MB/sec), 13,0 ms avg latency, 631,0 ms max latency.
336 records sent, 64,7 records/sec (0,06 MB/sec), 15,4 ms avg latency, 210,0 ms max latency.
447 records sent, 86,3 records/sec (0,08 MB/sec), 11,6 ms avg latency, 628,0 ms max latency.
179 records sent, 34,8 records/sec (0,03 MB/sec), 28,7 ms avg latency, 646,0 ms max latency.
337 records sent, 67,4 records/sec (0,06 MB/sec), 14,8 ms avg latency, 625,0 ms max latency.
254 records sent, 50,3 records/sec (0,05 MB/sec), 19,9 ms avg latency, 620,0 ms max latency.
393 records sent, 77,1 records/sec (0,07 MB/sec), 12,9 ms avg latency, 618,0 ms max latency.
277 records sent, 54,2 records/sec (0,05 MB/sec), 18,4 ms avg latency, 638,0 ms max latency.
365 records sent, 72,3 records/sec (0,07 MB/sec), 13,8 ms avg latency, 210,0 ms max latency.
347 records sent, 69,4 records/sec (0,07 MB/sec), 14,4 ms avg latency, 210,0 ms max latency.
233 records sent, 44,9 records/sec (0,04 MB/sec), 22,2 ms avg latency, 620,0 ms max latency.
361 records sent, 71,7 records/sec (0,07 MB/sec), 13,9 ms avg latency, 630,0 ms max latency.
209 records sent, 32,3 records/sec (0,03 MB/sec), 31,0 ms avg latency, 1533,0 ms max latency.
289 records sent, 56,5 records/sec (0,05 MB/sec), 17,7 ms avg latency, 647,0 ms max latency.
302 records sent, 59,0 records/sec (0,06 MB/sec), 16,9 ms avg latency, 621,0 ms max latency.
366 records sent, 72,7 records/sec (0,07 MB/sec), 13,7 ms avg latency, 210,0 ms max latency.
259 records sent, 51,2 records/sec (0,05 MB/sec), 19,5 ms avg latency, 638,0 ms max latency.
338 records sent, 67,6 records/sec (0,06 MB/sec), 14,8 ms avg latency, 639,0 ms max latency.
370 records sent, 73,0 records/sec (0,07 MB/sec), 13,7 ms avg latency, 647,0 ms max latency.
270 records sent, 50,8 records/sec (0,05 MB/sec), 19,7 ms avg latency, 649,0 ms max latency.
263 records sent, 52,0 records/sec (0,05 MB/sec), 19,2 ms avg latency, 640,0 ms max latency.
396 records sent, 77,2 records/sec (0,07 MB/sec), 12,9 ms avg latency, 645,0 ms max latency.
297 records sent, 57,6 records/sec (0,05 MB/sec), 17,4 ms avg latency, 236,0 ms max latency.
342 records sent, 63,1 records/sec (0,06 MB/sec), 15,8 ms avg latency, 626,0 ms max latency.
360 records sent, 71,6 records/sec (0,07 MB/sec), 14,0 ms avg latency, 210,0 ms max latency.
294 records sent, 57,3 records/sec (0,05 MB/sec), 17,4 ms avg latency, 632,0 ms max latency.
289 records sent, 56,6 records/sec (0,05 MB/sec), 17,6 ms avg latency, 626,0 ms max latency.
276 records sent, 54,5 records/sec (0,05 MB/sec), 18,3 ms avg latency, 210,0 ms max latency.
242 records sent, 45,4 records/sec (0,04 MB/sec), 22,0 ms avg latency, 1733,0 ms max latency.
396 records sent, 77,4 records/sec (0,07 MB/sec), 12,9 ms avg latency, 213,0 ms max latency.
371 records sent, 73,0 records/sec (0,07 MB/sec), 13,7 ms avg latency, 210,0 ms max latency.
229 records sent, 44,0 records/sec (0,04 MB/sec), 22,7 ms avg latency, 633,0 ms max latency.
199 records sent, 39,8 records/sec (0,04 MB/sec), 25,1 ms avg latency, 1517,0 ms max latency.
205 records sent, 40,9 records/sec (0,04 MB/sec), 24,4 ms avg latency, 1535,0 ms max latency.
401 records sent, 78,3 records/sec (0,07 MB/sec), 12,8 ms avg latency, 626,0 ms max latency.
334 records sent, 64,2 records/sec (0,06 MB/sec), 15,6 ms avg latency, 628,0 ms max latency.
305 records sent, 58,9 records/sec (0,06 MB/sec), 17,0 ms avg latency, 640,0 ms max latency.
349 records sent, 69,6 records/sec (0,07 MB/sec), 14,3 ms avg latency, 210,0 ms max latency.
301 records sent, 58,8 records/sec (0,06 MB/sec), 17,0 ms avg latency, 619,0 ms max latency.
308 records sent, 59,7 records/sec (0,06 MB/sec), 16,7 ms avg latency, 644,0 ms max latency.
270 records sent, 42,1 records/sec (0,04 MB/sec), 23,7 ms avg latency, 1518,0 ms max latency.
321 records sent, 57,2 records/sec (0,05 MB/sec), 17,5 ms avg latency, 649,0 ms max latency.
250 records sent, 45,4 records/sec (0,04 MB/sec), 22,0 ms avg latency, 640,0 ms max latency.
326 records sent, 58,2 records/sec (0,06 MB/sec), 17,1 ms avg latency, 639,0 ms max latency.
276 records sent, 53,8 records/sec (0,05 MB/sec), 18,6 ms avg latency, 1709,0 ms max latency.
349 records sent, 67,0 records/sec (0,06 MB/sec), 14,9 ms avg latency, 209,0 ms max latency.
402 records sent, 78,5 records/sec (0,07 MB/sec), 12,7 ms avg latency, 210,0 ms max latency.
200 records sent, 38,6 records/sec (0,04 MB/sec), 25,9 ms avg latency, 644,0 ms max latency.
148 records sent, 28,9 records/sec (0,03 MB/sec), 34,6 ms avg latency, 1513,0 ms max latency.
176 records sent, 35,1 records/sec (0,03 MB/sec), 28,5 ms avg latency, 1516,0 ms max latency.
351 records sent, 69,7 records/sec (0,07 MB/sec), 14,3 ms avg latency, 647,0 ms max latency.
345 records sent, 68,7 records/sec (0,07 MB/sec), 14,6 ms avg latency, 626,0 ms max latency.
282 records sent, 55,4 records/sec (0,05 MB/sec), 18,0 ms avg latency, 621,0 ms max latency.
266 records sent, 51,9 records/sec (0,05 MB/sec), 19,3 ms avg latency, 643,0 ms max latency.
396 records sent, 77,4 records/sec (0,07 MB/sec), 12,9 ms avg latency, 625,0 ms max latency.
295 records sent, 46,9 records/sec (0,04 MB/sec), 21,3 ms avg latency, 1523,0 ms max latency.
364 records sent, 72,3 records/sec (0,07 MB/sec), 13,8 ms avg latency, 211,0 ms max latency.
293 records sent, 54,8 records/sec (0,05 MB/sec), 18,2 ms avg latency, 645,0 ms max latency.
331 records sent, 63,7 records/sec (0,06 MB/sec), 15,7 ms avg latency, 627,0 ms max latency.
344 records sent, 68,3 records/sec (0,07 MB/sec), 14,6 ms avg latency, 643,0 ms max latency.
232 records sent, 46,3 records/sec (0,04 MB/sec), 21,6 ms avg latency, 635,0 ms max latency.
347 records sent, 63,6 records/sec (0,06 MB/sec), 15,7 ms avg latency, 640,0 ms max latency.
468 records sent, 92,8 records/sec (0,09 MB/sec), 10,8 ms avg latency, 629,0 ms max latency.
336 records sent, 66,9 records/sec (0,06 MB/sec), 14,9 ms avg latency, 620,0 ms max latency.
276 records sent, 54,1 records/sec (0,05 MB/sec), 18,5 ms avg latency, 650,0 ms max latency.
401 records sent, 78,3 records/sec (0,07 MB/sec), 12,8 ms avg latency, 210,0 ms max latency.
281 records sent, 55,4 records/sec (0,05 MB/sec), 18,0 ms avg latency, 210,0 ms max latency.
308 records sent, 59,8 records/sec (0,06 MB/sec), 16,7 ms avg latency, 650,0 ms max latency.
368 records sent, 73,2 records/sec (0,07 MB/sec), 13,6 ms avg latency, 620,0 ms max latency.
236 records sent, 47,1 records/sec (0,04 MB/sec), 21,2 ms avg latency, 629,0 ms max latency.
140 records sent, 27,3 records/sec (0,03 MB/sec), 36,6 ms avg latency, 1522,0 ms max latency.
360 records sent, 71,1 records/sec (0,07 MB/sec), 14,1 ms avg latency, 645,0 ms max latency.
235 records sent, 46,8 records/sec (0,04 MB/sec), 21,4 ms avg latency, 635,0 ms max latency.
249 records sent, 48,6 records/sec (0,05 MB/sec), 20,6 ms avg latency, 1703,0 ms max latency.
383 records sent, 75,2 records/sec (0,07 MB/sec), 13,3 ms avg latency, 633,0 ms max latency.
295 records sent, 57,6 records/sec (0,05 MB/sec), 17,3 ms avg latency, 210,0 ms max latency.
250 records sent, 49,3 records/sec (0,05 MB/sec), 20,3 ms avg latency, 619,0 ms max latency.
197 records sent, 39,4 records/sec (0,04 MB/sec), 25,4 ms avg latency, 1723,0 ms max latency.
232 records sent, 45,8 records/sec (0,04 MB/sec), 21,8 ms avg latency, 1721,0 ms max latency.
509 records sent, 98,7 records/sec (0,09 MB/sec), 10,1 ms avg latency, 637,0 ms max latency.
324 records sent, 62,3 records/sec (0,06 MB/sec), 16,0 ms avg latency, 646,0 ms max latency.
332 records sent, 63,9 records/sec (0,06 MB/sec), 15,6 ms avg latency, 634,0 ms max latency.
237 records sent, 47,4 records/sec (0,05 MB/sec), 21,1 ms avg latency, 210,0 ms max latency.
282 records sent, 54,9 records/sec (0,05 MB/sec), 18,2 ms avg latency, 649,0 ms max latency.
323 records sent, 62,5 records/sec (0,06 MB/sec), 16,0 ms avg latency, 210,0 ms max latency.
269 records sent, 52,9 records/sec (0,05 MB/sec), 18,9 ms avg latency, 641,0 ms max latency.
325 records sent, 65,0 records/sec (0,06 MB/sec), 15,4 ms avg latency, 644,0 ms max latency.
265 records sent, 51,8 records/sec (0,05 MB/sec), 19,3 ms avg latency, 648,0 ms max latency.
334 records sent, 66,8 records/sec (0,06 MB/sec), 14,9 ms avg latency, 633,0 ms max latency.
265 records sent, 52,2 records/sec (0,05 MB/sec), 19,1 ms avg latency, 645,0 ms max latency.
279 records sent, 54,8 records/sec (0,05 MB/sec), 18,2 ms avg latency, 210,0 ms max latency.
423 records sent, 82,1 records/sec (0,08 MB/sec), 12,2 ms avg latency, 210,0 ms max latency.
251 records sent, 47,4 records/sec (0,05 MB/sec), 21,1 ms avg latency, 639,0 ms max latency.
308 records sent, 59,8 records/sec (0,06 MB/sec), 16,7 ms avg latency, 638,0 ms max latency.
246 records sent, 48,9 records/sec (0,05 MB/sec), 20,4 ms avg latency, 625,0 ms max latency.
371 records sent, 73,1 records/sec (0,07 MB/sec), 13,7 ms avg latency, 622,0 ms max latency.
398 records sent, 77,9 records/sec (0,07 MB/sec), 12,8 ms avg latency, 210,0 ms max latency.
185 records sent, 36,0 records/sec (0,03 MB/sec), 27,8 ms avg latency, 647,0 ms max latency.
284 records sent, 51,3 records/sec (0,05 MB/sec), 19,5 ms avg latency, 644,0 ms max latency.
274 records sent, 54,0 records/sec (0,05 MB/sec), 18,5 ms avg latency, 210,0 ms max latency.
240 records sent, 47,3 records/sec (0,05 MB/sec), 21,1 ms avg latency, 1712,0 ms max latency.
383 records sent, 74,9 records/sec (0,07 MB/sec), 13,3 ms avg latency, 624,0 ms max latency.
286 records sent, 55,9 records/sec (0,05 MB/sec), 17,9 ms avg latency, 643,0 ms max latency.
310 records sent, 59,7 records/sec (0,06 MB/sec), 16,7 ms avg latency, 636,0 ms max latency.
346 records sent, 69,1 records/sec (0,07 MB/sec), 14,5 ms avg latency, 210,0 ms max latency.
253 records sent, 49,8 records/sec (0,05 MB/sec), 20,1 ms avg latency, 645,0 ms max latency.
259 records sent, 51,2 records/sec (0,05 MB/sec), 19,5 ms avg latency, 644,0 ms max latency.
389 records sent, 76,7 records/sec (0,07 MB/sec), 13,0 ms avg latency, 623,0 ms max latency.
354 records sent, 70,8 records/sec (0,07 MB/sec), 14,1 ms avg latency, 210,0 ms max latency.
298 records sent, 57,9 records/sec (0,06 MB/sec), 17,3 ms avg latency, 649,0 ms max latency.
270 records sent, 52,8 records/sec (0,05 MB/sec), 18,9 ms avg latency, 624,0 ms max latency.
205 records sent, 41,0 records/sec (0,04 MB/sec), 24,4 ms avg latency, 1514,0 ms max latency.
248 records sent, 49,2 records/sec (0,05 MB/sec), 20,3 ms avg latency, 211,0 ms max latency.
224 records sent, 43,2 records/sec (0,04 MB/sec), 23,1 ms avg latency, 210,0 ms max latency.
254 records sent, 50,3 records/sec (0,05 MB/sec), 19,9 ms avg latency, 635,0 ms max latency.
319 records sent, 61,8 records/sec (0,06 MB/sec), 16,2 ms avg latency, 628,0 ms max latency.
222 records sent, 42,8 records/sec (0,04 MB/sec), 23,3 ms avg latency, 635,0 ms max latency.
392 records sent, 76,6 records/sec (0,07 MB/sec), 13,0 ms avg latency, 649,0 ms max latency.
400 records sent, 78,1 records/sec (0,07 MB/sec), 12,8 ms avg latency, 217,0 ms max latency.
334 records sent, 66,5 records/sec (0,06 MB/sec), 15,0 ms avg latency, 630,0 ms max latency.
220 records sent, 42,3 records/sec (0,04 MB/sec), 23,7 ms avg latency, 640,0 ms max latency.
270 records sent, 53,0 records/sec (0,05 MB/sec), 18,9 ms avg latency, 637,0 ms max latency.
326 records sent, 58,2 records/sec (0,06 MB/sec), 17,2 ms avg latency, 646,0 ms max latency.
251 records sent, 50,0 records/sec (0,05 MB/sec), 20,0 ms avg latency, 210,0 ms max latency.
365 records sent, 72,4 records/sec (0,07 MB/sec), 13,8 ms avg latency, 210,0 ms max latency.
223 records sent, 43,0 records/sec (0,04 MB/sec), 23,2 ms avg latency, 626,0 ms max latency.
293 records sent, 45,6 records/sec (0,04 MB/sec), 21,9 ms avg latency, 1521,0 ms max latency.
347 records sent, 69,4 records/sec (0,07 MB/sec), 14,4 ms avg latency, 210,0 ms max latency.
245 records sent, 49,0 records/sec (0,05 MB/sec), 20,4 ms avg latency, 209,0 ms max latency.
317 records sent, 61,0 records/sec (0,06 MB/sec), 16,4 ms avg latency, 630,0 ms max latency.
293 records sent, 57,1 records/sec (0,05 MB/sec), 17,5 ms avg latency, 649,0 ms max latency.
373 records sent, 73,5 records/sec (0,07 MB/sec), 13,6 ms avg latency, 229,0 ms max latency.
179 records sent, 34,8 records/sec (0,03 MB/sec), 28,7 ms avg latency, 649,0 ms max latency.
329 records sent, 65,7 records/sec (0,06 MB/sec), 15,2 ms avg latency, 632,0 ms max latency.
272 records sent, 53,6 records/sec (0,05 MB/sec), 18,6 ms avg latency, 632,0 ms max latency.
177 records sent, 34,6 records/sec (0,03 MB/sec), 28,9 ms avg latency, 638,0 ms max latency.
248 records sent, 45,4 records/sec (0,04 MB/sec), 22,0 ms avg latency, 646,0 ms max latency.
310 records sent, 59,8 records/sec (0,06 MB/sec), 16,7 ms avg latency, 635,0 ms max latency.
338 records sent, 67,5 records/sec (0,06 MB/sec), 14,8 ms avg latency, 649,0 ms max latency.
173 records sent, 33,9 records/sec (0,03 MB/sec), 29,5 ms avg latency, 637,0 ms max latency.
200 records sent, 40,0 records/sec (0,04 MB/sec), 25,0 ms avg latency, 1512,0 ms max latency.
334 records sent, 66,8 records/sec (0,06 MB/sec), 15,0 ms avg latency, 638,0 ms max latency.
240 records sent, 46,1 records/sec (0,04 MB/sec), 21,7 ms avg latency, 621,0 ms max latency.
187 records sent, 37,4 records/sec (0,04 MB/sec), 26,7 ms avg latency, 1737,0 ms max latency.
387 records sent, 70,5 records/sec (0,07 MB/sec), 14,2 ms avg latency, 629,0 ms max latency.
167 records sent, 32,8 records/sec (0,03 MB/sec), 30,4 ms avg latency, 638,0 ms max latency.
310 records sent, 59,8 records/sec (0,06 MB/sec), 16,7 ms avg latency, 643,0 ms max latency.
347 records sent, 69,4 records/sec (0,07 MB/sec), 14,4 ms avg latency, 630,0 ms max latency.
329 records sent, 65,6 records/sec (0,06 MB/sec), 15,2 ms avg latency, 640,0 ms max latency.
161 records sent, 31,6 records/sec (0,03 MB/sec), 31,6 ms avg latency, 639,0 ms max latency.
260 records sent, 47,5 records/sec (0,05 MB/sec), 21,0 ms avg latency, 632,0 ms max latency.
283 records sent, 55,4 records/sec (0,05 MB/sec), 18,0 ms avg latency, 622,0 ms max latency.
80000 records sent, 58,342504 records/sec (0,06 MB/sec), 17,12 ms avg latency, 1737,00 ms max latency, 2 ms 50th, 207 ms 95th, 210 ms 99th, 644 ms 99.9th.

Metric Name                                                                          Value
app-info:commit-id:{client-id=producer-1}                                          : d4284cbebb6f0a4c
app-info:start-time-ms:{client-id=producer-1}                                      : 1592710542288
app-info:version:{client-id=producer-1}                                            : 2.3.1
kafka-metrics-count:count:{client-id=producer-1}                                   : 126,000
producer-metrics:batch-size-avg:{client-id=producer-1}                             : 1075,000
producer-metrics:batch-size-max:{client-id=producer-1}                             : 1075,000
producer-metrics:batch-split-rate:{client-id=producer-1}                           : 0,000
producer-metrics:batch-split-total:{client-id=producer-1}                          : 0,000
producer-metrics:buffer-available-bytes:{client-id=producer-1}                     : 33554432,000
producer-metrics:buffer-exhausted-rate:{client-id=producer-1}                      : 0,000
producer-metrics:buffer-exhausted-total:{client-id=producer-1}                     : 0,000
producer-metrics:buffer-total-bytes:{client-id=producer-1}                         : 33554432,000
producer-metrics:bufferpool-wait-ratio:{client-id=producer-1}                      : 0,000
producer-metrics:bufferpool-wait-time-total:{client-id=producer-1}                 : 0,000
producer-metrics:compression-rate-avg:{client-id=producer-1}                       : 1,000
producer-metrics:connection-close-rate:{client-id=producer-1}                      : 0,000
producer-metrics:connection-close-total:{client-id=producer-1}                     : 30,000
producer-metrics:connection-count:{client-id=producer-1}                           : 3,000
producer-metrics:connection-creation-rate:{client-id=producer-1}                   : 0,000
producer-metrics:connection-creation-total:{client-id=producer-1}                  : 33,000
producer-metrics:failed-authentication-rate:{client-id=producer-1}                 : 0,000
producer-metrics:failed-authentication-total:{client-id=producer-1}                : 0,000
producer-metrics:failed-reauthentication-rate:{client-id=producer-1}               : 0,000
producer-metrics:failed-reauthentication-total:{client-id=producer-1}              : 0,000
producer-metrics:incoming-byte-rate:{client-id=producer-1}                         : 3383,392
producer-metrics:incoming-byte-total:{client-id=producer-1}                        : 4978537,000
producer-metrics:io-ratio:{client-id=producer-1}                                   : 0,002
producer-metrics:io-time-ns-avg:{client-id=producer-1}                             : 12012,552
producer-metrics:io-wait-ratio:{client-id=producer-1}                              : 0,999
producer-metrics:io-wait-time-ns-avg:{client-id=producer-1}                        : 6256667,398
producer-metrics:io-waittime-total:{client-id=producer-1}                          : 1362013043659,000
producer-metrics:iotime-total:{client-id=producer-1}                               : 3228333410,000
producer-metrics:metadata-age:{client-id=producer-1}                               : 43,985
producer-metrics:network-io-rate:{client-id=producer-1}                            : 109,115
producer-metrics:network-io-total:{client-id=producer-1}                           : 160157,000
producer-metrics:outgoing-byte-rate:{client-id=producer-1}                         : 62460,950
producer-metrics:outgoing-byte-total:{client-id=producer-1}                        : 91624217,000
producer-metrics:produce-throttle-time-avg:{client-id=producer-1}                  : 0,000
producer-metrics:produce-throttle-time-max:{client-id=producer-1}                  : 0,000
producer-metrics:reauthentication-latency-avg:{client-id=producer-1}               : NaN
producer-metrics:reauthentication-latency-max:{client-id=producer-1}               : NaN
producer-metrics:record-error-rate:{client-id=producer-1}                          : 0,000
producer-metrics:record-error-total:{client-id=producer-1}                         : 0,000
producer-metrics:record-queue-time-avg:{client-id=producer-1}                      : 0,021
producer-metrics:record-queue-time-max:{client-id=producer-1}                      : 1,000
producer-metrics:record-retry-rate:{client-id=producer-1}                          : 0,000
producer-metrics:record-retry-total:{client-id=producer-1}                         : 29,000
producer-metrics:record-send-rate:{client-id=producer-1}                           : 54,548
producer-metrics:record-send-total:{client-id=producer-1}                          : 80029,000
producer-metrics:record-size-avg:{client-id=producer-1}                            : 1091,000
producer-metrics:record-size-max:{client-id=producer-1}                            : 1091,000
producer-metrics:records-per-request-avg:{client-id=producer-1}                    : 1,000
producer-metrics:request-latency-avg:{client-id=producer-1}                        : 18,351
producer-metrics:request-latency-max:{client-id=producer-1}                        : 643,000
producer-metrics:request-rate:{client-id=producer-1}                               : 54,547
producer-metrics:request-size-avg:{client-id=producer-1}                           : 1145,000
producer-metrics:request-size-max:{client-id=producer-1}                           : 1145,000
producer-metrics:request-total:{client-id=producer-1}                              : 80093,000
producer-metrics:requests-in-flight:{client-id=producer-1}                         : 0,000
producer-metrics:response-rate:{client-id=producer-1}                              : 54,571
producer-metrics:response-total:{client-id=producer-1}                             : 80064,000
producer-metrics:select-rate:{client-id=producer-1}                                : 159,608
producer-metrics:select-total:{client-id=producer-1}                               : 239910,000
producer-metrics:successful-authentication-no-reauth-total:{client-id=producer-1}  : 0,000
producer-metrics:successful-authentication-rate:{client-id=producer-1}             : 0,000
producer-metrics:successful-authentication-total:{client-id=producer-1}            : 0,000
producer-metrics:successful-reauthentication-rate:{client-id=producer-1}           : 0,000
producer-metrics:successful-reauthentication-total:{client-id=producer-1}          : 0,000
producer-metrics:waiting-threads:{client-id=producer-1}                            : 0,000
producer-node-metrics:incoming-byte-rate:{client-id=producer-1, node-id=node--2}   : 0,000
producer-node-metrics:incoming-byte-rate:{client-id=producer-1, node-id=node-1}    : 1115,161
producer-node-metrics:incoming-byte-rate:{client-id=producer-1, node-id=node-3}    : 1141,491
producer-node-metrics:incoming-byte-rate:{client-id=producer-1, node-id=node-6}    : 1115,812
producer-node-metrics:incoming-byte-total:{client-id=producer-1, node-id=node--2}  : 579,000
producer-node-metrics:incoming-byte-total:{client-id=producer-1, node-id=node-1}   : 1651927,000
producer-node-metrics:incoming-byte-total:{client-id=producer-1, node-id=node-3}   : 1660855,000
producer-node-metrics:incoming-byte-total:{client-id=producer-1, node-id=node-6}   : 1665176,000
producer-node-metrics:outgoing-byte-rate:{client-id=producer-1, node-id=node--2}   : 0,000
producer-node-metrics:outgoing-byte-rate:{client-id=producer-1, node-id=node-1}    : 20593,525
producer-node-metrics:outgoing-byte-rate:{client-id=producer-1, node-id=node-3}    : 21056,163
producer-node-metrics:outgoing-byte-rate:{client-id=producer-1, node-id=node-6}    : 20607,021
producer-node-metrics:outgoing-byte-total:{client-id=producer-1, node-id=node--2}  : 67,000
producer-node-metrics:outgoing-byte-total:{client-id=producer-1, node-id=node-1}   : 30402590,000
producer-node-metrics:outgoing-byte-total:{client-id=producer-1, node-id=node-3}   : 30567374,000
producer-node-metrics:outgoing-byte-total:{client-id=producer-1, node-id=node-6}   : 30654186,000
producer-node-metrics:request-latency-avg:{client-id=producer-1, node-id=node--2}  : NaN
producer-node-metrics:request-latency-avg:{client-id=producer-1, node-id=node-1}   : 17,738
producer-node-metrics:request-latency-avg:{client-id=producer-1, node-id=node-3}   : 20,517
producer-node-metrics:request-latency-avg:{client-id=producer-1, node-id=node-6}   : 17,187
producer-node-metrics:request-latency-max:{client-id=producer-1, node-id=node--2}  : NaN
producer-node-metrics:request-latency-max:{client-id=producer-1, node-id=node-1}   : 643,000
producer-node-metrics:request-latency-max:{client-id=producer-1, node-id=node-3}   : 639,000
producer-node-metrics:request-latency-max:{client-id=producer-1, node-id=node-6}   : 638,000
producer-node-metrics:request-rate:{client-id=producer-1, node-id=node--2}         : 0,000
producer-node-metrics:request-rate:{client-id=producer-1, node-id=node-1}          : 17,985
producer-node-metrics:request-rate:{client-id=producer-1, node-id=node-3}          : 18,389
producer-node-metrics:request-rate:{client-id=producer-1, node-id=node-6}          : 17,997
producer-node-metrics:request-size-avg:{client-id=producer-1, node-id=node--2}     : NaN
producer-node-metrics:request-size-avg:{client-id=producer-1, node-id=node-1}      : 1145,000
producer-node-metrics:request-size-avg:{client-id=producer-1, node-id=node-3}      : 1145,000
producer-node-metrics:request-size-avg:{client-id=producer-1, node-id=node-6}      : 1145,000
producer-node-metrics:request-size-max:{client-id=producer-1, node-id=node--2}     : NaN
producer-node-metrics:request-size-max:{client-id=producer-1, node-id=node-1}      : 1145,000
producer-node-metrics:request-size-max:{client-id=producer-1, node-id=node-3}      : 1145,000
producer-node-metrics:request-size-max:{client-id=producer-1, node-id=node-6}      : 1145,000
producer-node-metrics:request-total:{client-id=producer-1, node-id=node--2}        : 2,000
producer-node-metrics:request-total:{client-id=producer-1, node-id=node-1}         : 26576,000
producer-node-metrics:request-total:{client-id=producer-1, node-id=node-3}         : 26720,000
producer-node-metrics:request-total:{client-id=producer-1, node-id=node-6}         : 26795,000
producer-node-metrics:response-rate:{client-id=producer-1, node-id=node--2}        : 0,000
producer-node-metrics:response-rate:{client-id=producer-1, node-id=node-1}         : 17,986
producer-node-metrics:response-rate:{client-id=producer-1, node-id=node-3}         : 18,411
producer-node-metrics:response-rate:{client-id=producer-1, node-id=node-6}         : 17,997
producer-node-metrics:response-total:{client-id=producer-1, node-id=node--2}       : 2,000
producer-node-metrics:response-total:{client-id=producer-1, node-id=node-1}        : 26567,000
producer-node-metrics:response-total:{client-id=producer-1, node-id=node-3}        : 26711,000
producer-node-metrics:response-total:{client-id=producer-1, node-id=node-6}        : 26784,000
producer-topic-metrics:byte-rate:{client-id=producer-1, topic=test-topic}          : 58638,214
producer-topic-metrics:byte-total:{client-id=producer-1, topic=test-topic}         : 86020062,000
producer-topic-metrics:compression-rate:{client-id=producer-1, topic=test-topic}   : 1,000
producer-topic-metrics:record-error-rate:{client-id=producer-1, topic=test-topic}  : 0,000
producer-topic-metrics:record-error-total:{client-id=producer-1, topic=test-topic} : 0,000
producer-topic-metrics:record-retry-rate:{client-id=producer-1, topic=test-topic}  : 0,000
producer-topic-metrics:record-retry-total:{client-id=producer-1, topic=test-topic} : 29,000
producer-topic-metrics:record-send-rate:{client-id=producer-1, topic=test-topic}   : 54,548
producer-topic-metrics:record-send-total:{client-id=producer-1, topic=test-topic}  : 80029,000
Produce Time: 1371.212
Aplication time: 1371.889
*****Produção finalizada, esperando 180 s para buscar WM*****
Water mark: 1680000
