Topic to send: test-topic
Topic to acks: -1
Records: 80000
Size:1000
214 records sent, 41,2 records/sec (0,04 MB/sec), 24,2 ms avg latency, 635,0 ms max latency.
398 records sent, 77,2 records/sec (0,07 MB/sec), 12,9 ms avg latency, 646,0 ms max latency.
298 records sent, 59,2 records/sec (0,06 MB/sec), 16,8 ms avg latency, 228,0 ms max latency.
395 records sent, 78,5 records/sec (0,07 MB/sec), 12,7 ms avg latency, 646,0 ms max latency.
315 records sent, 57,6 records/sec (0,05 MB/sec), 17,3 ms avg latency, 631,0 ms max latency.
298 records sent, 57,2 records/sec (0,05 MB/sec), 17,5 ms avg latency, 630,0 ms max latency.
309 records sent, 61,8 records/sec (0,06 MB/sec), 16,2 ms avg latency, 629,0 ms max latency.
418 records sent, 83,6 records/sec (0,08 MB/sec), 11,9 ms avg latency, 620,0 ms max latency.
334 records sent, 66,8 records/sec (0,06 MB/sec), 15,0 ms avg latency, 210,0 ms max latency.
257 records sent, 49,8 records/sec (0,05 MB/sec), 20,0 ms avg latency, 1522,0 ms max latency.
340 records sent, 67,1 records/sec (0,06 MB/sec), 14,9 ms avg latency, 237,0 ms max latency.
260 records sent, 51,0 records/sec (0,05 MB/sec), 19,6 ms avg latency, 646,0 ms max latency.
264 records sent, 51,7 records/sec (0,05 MB/sec), 19,3 ms avg latency, 649,0 ms max latency.
429 records sent, 85,8 records/sec (0,08 MB/sec), 11,6 ms avg latency, 622,0 ms max latency.
334 records sent, 66,8 records/sec (0,06 MB/sec), 15,0 ms avg latency, 634,0 ms max latency.
269 records sent, 52,2 records/sec (0,05 MB/sec), 19,2 ms avg latency, 1529,0 ms max latency.
324 records sent, 64,5 records/sec (0,06 MB/sec), 15,5 ms avg latency, 620,0 ms max latency.
311 records sent, 60,2 records/sec (0,06 MB/sec), 16,6 ms avg latency, 639,0 ms max latency.
344 records sent, 68,8 records/sec (0,07 MB/sec), 14,5 ms avg latency, 210,0 ms max latency.
231 records sent, 45,9 records/sec (0,04 MB/sec), 21,7 ms avg latency, 644,0 ms max latency.
416 records sent, 80,2 records/sec (0,08 MB/sec), 12,5 ms avg latency, 212,0 ms max latency.
321 records sent, 62,2 records/sec (0,06 MB/sec), 16,0 ms avg latency, 621,0 ms max latency.
246 records sent, 49,0 records/sec (0,05 MB/sec), 20,4 ms avg latency, 631,0 ms max latency.
230 records sent, 46,0 records/sec (0,04 MB/sec), 21,7 ms avg latency, 639,0 ms max latency.
434 records sent, 83,4 records/sec (0,08 MB/sec), 12,0 ms avg latency, 212,0 ms max latency.
370 records sent, 73,3 records/sec (0,07 MB/sec), 13,6 ms avg latency, 209,0 ms max latency.
258 records sent, 50,6 records/sec (0,05 MB/sec), 19,7 ms avg latency, 1504,0 ms max latency.
301 records sent, 58,6 records/sec (0,06 MB/sec), 17,0 ms avg latency, 632,0 ms max latency.
333 records sent, 66,6 records/sec (0,06 MB/sec), 15,0 ms avg latency, 639,0 ms max latency.
223 records sent, 43,1 records/sec (0,04 MB/sec), 23,2 ms avg latency, 619,0 ms max latency.
270 records sent, 53,1 records/sec (0,05 MB/sec), 18,8 ms avg latency, 636,0 ms max latency.
323 records sent, 62,1 records/sec (0,06 MB/sec), 16,1 ms avg latency, 643,0 ms max latency.
292 records sent, 57,1 records/sec (0,05 MB/sec), 17,5 ms avg latency, 210,0 ms max latency.
375 records sent, 73,9 records/sec (0,07 MB/sec), 13,5 ms avg latency, 210,0 ms max latency.
374 records sent, 74,1 records/sec (0,07 MB/sec), 13,5 ms avg latency, 212,0 ms max latency.
315 records sent, 61,1 records/sec (0,06 MB/sec), 16,4 ms avg latency, 220,0 ms max latency.
308 records sent, 60,0 records/sec (0,06 MB/sec), 16,6 ms avg latency, 630,0 ms max latency.
324 records sent, 62,8 records/sec (0,06 MB/sec), 15,9 ms avg latency, 210,0 ms max latency.
348 records sent, 69,6 records/sec (0,07 MB/sec), 14,4 ms avg latency, 210,0 ms max latency.
247 records sent, 49,2 records/sec (0,05 MB/sec), 20,3 ms avg latency, 624,0 ms max latency.
337 records sent, 64,8 records/sec (0,06 MB/sec), 15,4 ms avg latency, 633,0 ms max latency.
328 records sent, 65,6 records/sec (0,06 MB/sec), 15,2 ms avg latency, 210,0 ms max latency.
270 records sent, 53,2 records/sec (0,05 MB/sec), 18,8 ms avg latency, 629,0 ms max latency.
375 records sent, 74,2 records/sec (0,07 MB/sec), 13,5 ms avg latency, 210,0 ms max latency.
315 records sent, 61,4 records/sec (0,06 MB/sec), 16,3 ms avg latency, 210,0 ms max latency.
341 records sent, 65,7 records/sec (0,06 MB/sec), 15,2 ms avg latency, 210,0 ms max latency.
233 records sent, 44,8 records/sec (0,04 MB/sec), 22,3 ms avg latency, 619,0 ms max latency.
297 records sent, 58,0 records/sec (0,06 MB/sec), 17,2 ms avg latency, 634,0 ms max latency.
371 records sent, 72,9 records/sec (0,07 MB/sec), 13,7 ms avg latency, 633,0 ms max latency.
219 records sent, 43,8 records/sec (0,04 MB/sec), 22,8 ms avg latency, 643,0 ms max latency.
312 records sent, 60,7 records/sec (0,06 MB/sec), 16,5 ms avg latency, 642,0 ms max latency.
311 records sent, 60,5 records/sec (0,06 MB/sec), 16,5 ms avg latency, 210,0 ms max latency.
331 records sent, 63,9 records/sec (0,06 MB/sec), 15,7 ms avg latency, 636,0 ms max latency.
356 records sent, 71,0 records/sec (0,07 MB/sec), 14,1 ms avg latency, 630,0 ms max latency.
349 records sent, 67,1 records/sec (0,06 MB/sec), 14,9 ms avg latency, 632,0 ms max latency.
332 records sent, 64,1 records/sec (0,06 MB/sec), 15,6 ms avg latency, 210,0 ms max latency.
250 records sent, 49,0 records/sec (0,05 MB/sec), 20,4 ms avg latency, 1529,0 ms max latency.
401 records sent, 78,2 records/sec (0,07 MB/sec), 12,8 ms avg latency, 636,0 ms max latency.
343 records sent, 68,6 records/sec (0,07 MB/sec), 14,6 ms avg latency, 627,0 ms max latency.
309 records sent, 60,2 records/sec (0,06 MB/sec), 16,6 ms avg latency, 638,0 ms max latency.
300 records sent, 56,4 records/sec (0,05 MB/sec), 17,7 ms avg latency, 623,0 ms max latency.
336 records sent, 67,2 records/sec (0,06 MB/sec), 14,9 ms avg latency, 633,0 ms max latency.
331 records sent, 65,8 records/sec (0,06 MB/sec), 15,2 ms avg latency, 1517,0 ms max latency.
218 records sent, 41,9 records/sec (0,04 MB/sec), 23,9 ms avg latency, 641,0 ms max latency.
292 records sent, 57,0 records/sec (0,05 MB/sec), 17,6 ms avg latency, 637,0 ms max latency.
375 records sent, 67,9 records/sec (0,06 MB/sec), 14,7 ms avg latency, 630,0 ms max latency.
213 records sent, 42,6 records/sec (0,04 MB/sec), 23,5 ms avg latency, 645,0 ms max latency.
326 records sent, 65,2 records/sec (0,06 MB/sec), 15,3 ms avg latency, 210,0 ms max latency.
246 records sent, 48,5 records/sec (0,05 MB/sec), 20,6 ms avg latency, 640,0 ms max latency.
322 records sent, 64,0 records/sec (0,06 MB/sec), 15,6 ms avg latency, 1728,0 ms max latency.
203 records sent, 40,6 records/sec (0,04 MB/sec), 24,6 ms avg latency, 650,0 ms max latency.
420 records sent, 82,0 records/sec (0,08 MB/sec), 12,2 ms avg latency, 210,0 ms max latency.
312 records sent, 60,4 records/sec (0,06 MB/sec), 16,5 ms avg latency, 618,0 ms max latency.
148 records sent, 29,0 records/sec (0,03 MB/sec), 34,5 ms avg latency, 1506,0 ms max latency.
415 records sent, 66,8 records/sec (0,06 MB/sec), 14,9 ms avg latency, 1723,0 ms max latency.
189 records sent, 36,4 records/sec (0,03 MB/sec), 27,5 ms avg latency, 1734,0 ms max latency.
449 records sent, 89,8 records/sec (0,09 MB/sec), 11,1 ms avg latency, 643,0 ms max latency.
386 records sent, 76,1 records/sec (0,07 MB/sec), 13,1 ms avg latency, 627,0 ms max latency.
319 records sent, 61,8 records/sec (0,06 MB/sec), 16,2 ms avg latency, 625,0 ms max latency.
205 records sent, 39,7 records/sec (0,04 MB/sec), 25,2 ms avg latency, 645,0 ms max latency.
137 records sent, 26,5 records/sec (0,03 MB/sec), 37,8 ms avg latency, 1516,0 ms max latency.
489 records sent, 96,3 records/sec (0,09 MB/sec), 10,4 ms avg latency, 632,0 ms max latency.
215 records sent, 42,7 records/sec (0,04 MB/sec), 23,4 ms avg latency, 647,0 ms max latency.
235 records sent, 46,6 records/sec (0,04 MB/sec), 21,4 ms avg latency, 619,0 ms max latency.
348 records sent, 69,0 records/sec (0,07 MB/sec), 14,5 ms avg latency, 649,0 ms max latency.
431 records sent, 83,7 records/sec (0,08 MB/sec), 11,9 ms avg latency, 622,0 ms max latency.
293 records sent, 52,8 records/sec (0,05 MB/sec), 18,9 ms avg latency, 649,0 ms max latency.
117 records sent, 19,6 records/sec (0,02 MB/sec), 51,1 ms avg latency, 1936,0 ms max latency.
371 records sent, 73,3 records/sec (0,07 MB/sec), 13,6 ms avg latency, 210,0 ms max latency.
526 records sent, 102,1 records/sec (0,10 MB/sec), 9,8 ms avg latency, 636,0 ms max latency.
192 records sent, 36,0 records/sec (0,03 MB/sec), 27,8 ms avg latency, 639,0 ms max latency.
200 records sent, 38,4 records/sec (0,04 MB/sec), 26,0 ms avg latency, 1722,0 ms max latency.
442 records sent, 85,6 records/sec (0,08 MB/sec), 11,7 ms avg latency, 209,0 ms max latency.
228 records sent, 43,8 records/sec (0,04 MB/sec), 22,8 ms avg latency, 641,0 ms max latency.
355 records sent, 70,0 records/sec (0,07 MB/sec), 14,3 ms avg latency, 649,0 ms max latency.
337 records sent, 67,4 records/sec (0,06 MB/sec), 14,8 ms avg latency, 644,0 ms max latency.
297 records sent, 57,8 records/sec (0,06 MB/sec), 17,3 ms avg latency, 621,0 ms max latency.
313 records sent, 60,4 records/sec (0,06 MB/sec), 16,5 ms avg latency, 644,0 ms max latency.
177 records sent, 34,1 records/sec (0,03 MB/sec), 29,3 ms avg latency, 1516,0 ms max latency.
268 records sent, 52,5 records/sec (0,05 MB/sec), 19,0 ms avg latency, 1511,0 ms max latency.
338 records sent, 67,6 records/sec (0,06 MB/sec), 14,8 ms avg latency, 649,0 ms max latency.
227 records sent, 43,8 records/sec (0,04 MB/sec), 22,8 ms avg latency, 636,0 ms max latency.
349 records sent, 69,5 records/sec (0,07 MB/sec), 14,4 ms avg latency, 210,0 ms max latency.
430 records sent, 83,1 records/sec (0,08 MB/sec), 12,0 ms avg latency, 630,0 ms max latency.
346 records sent, 66,6 records/sec (0,06 MB/sec), 15,0 ms avg latency, 209,0 ms max latency.
222 records sent, 43,9 records/sec (0,04 MB/sec), 22,8 ms avg latency, 1507,0 ms max latency.
302 records sent, 58,4 records/sec (0,06 MB/sec), 17,1 ms avg latency, 637,0 ms max latency.
313 records sent, 62,5 records/sec (0,06 MB/sec), 16,0 ms avg latency, 645,0 ms max latency.
369 records sent, 73,2 records/sec (0,07 MB/sec), 13,6 ms avg latency, 210,0 ms max latency.
337 records sent, 66,8 records/sec (0,06 MB/sec), 15,0 ms avg latency, 647,0 ms max latency.
315 records sent, 61,2 records/sec (0,06 MB/sec), 16,3 ms avg latency, 618,0 ms max latency.
390 records sent, 76,2 records/sec (0,07 MB/sec), 13,1 ms avg latency, 637,0 ms max latency.
338 records sent, 65,0 records/sec (0,06 MB/sec), 15,4 ms avg latency, 210,0 ms max latency.
267 records sent, 52,7 records/sec (0,05 MB/sec), 18,9 ms avg latency, 211,0 ms max latency.
464 records sent, 92,5 records/sec (0,09 MB/sec), 10,8 ms avg latency, 210,0 ms max latency.
236 records sent, 46,7 records/sec (0,04 MB/sec), 21,4 ms avg latency, 1501,0 ms max latency.
296 records sent, 55,3 records/sec (0,05 MB/sec), 18,1 ms avg latency, 647,0 ms max latency.
338 records sent, 67,6 records/sec (0,06 MB/sec), 14,8 ms avg latency, 627,0 ms max latency.
244 records sent, 48,5 records/sec (0,05 MB/sec), 20,6 ms avg latency, 631,0 ms max latency.
286 records sent, 55,8 records/sec (0,05 MB/sec), 17,9 ms avg latency, 647,0 ms max latency.
472 records sent, 93,4 records/sec (0,09 MB/sec), 10,7 ms avg latency, 226,0 ms max latency.
482 records sent, 95,5 records/sec (0,09 MB/sec), 10,5 ms avg latency, 213,0 ms max latency.
284 records sent, 55,9 records/sec (0,05 MB/sec), 17,9 ms avg latency, 624,0 ms max latency.
348 records sent, 69,6 records/sec (0,07 MB/sec), 14,3 ms avg latency, 209,0 ms max latency.
347 records sent, 69,4 records/sec (0,07 MB/sec), 14,4 ms avg latency, 210,0 ms max latency.
260 records sent, 51,5 records/sec (0,05 MB/sec), 19,4 ms avg latency, 631,0 ms max latency.
380 records sent, 68,8 records/sec (0,07 MB/sec), 14,5 ms avg latency, 649,0 ms max latency.
422 records sent, 81,9 records/sec (0,08 MB/sec), 12,2 ms avg latency, 210,0 ms max latency.
226 records sent, 45,0 records/sec (0,04 MB/sec), 22,2 ms avg latency, 644,0 ms max latency.
302 records sent, 58,3 records/sec (0,06 MB/sec), 17,1 ms avg latency, 214,0 ms max latency.
303 records sent, 58,7 records/sec (0,06 MB/sec), 17,0 ms avg latency, 638,0 ms max latency.
330 records sent, 66,0 records/sec (0,06 MB/sec), 15,1 ms avg latency, 210,0 ms max latency.
367 records sent, 69,9 records/sec (0,07 MB/sec), 14,3 ms avg latency, 635,0 ms max latency.
290 records sent, 56,9 records/sec (0,05 MB/sec), 17,6 ms avg latency, 210,0 ms max latency.
270 records sent, 51,0 records/sec (0,05 MB/sec), 19,6 ms avg latency, 630,0 ms max latency.
262 records sent, 49,6 records/sec (0,05 MB/sec), 20,1 ms avg latency, 649,0 ms max latency.
293 records sent, 55,2 records/sec (0,05 MB/sec), 18,1 ms avg latency, 620,0 ms max latency.
285 records sent, 55,5 records/sec (0,05 MB/sec), 18,0 ms avg latency, 635,0 ms max latency.
411 records sent, 80,3 records/sec (0,08 MB/sec), 12,5 ms avg latency, 210,0 ms max latency.
245 records sent, 48,7 records/sec (0,05 MB/sec), 20,5 ms avg latency, 634,0 ms max latency.
327 records sent, 65,4 records/sec (0,06 MB/sec), 15,3 ms avg latency, 646,0 ms max latency.
274 records sent, 53,7 records/sec (0,05 MB/sec), 18,6 ms avg latency, 637,0 ms max latency.
288 records sent, 56,5 records/sec (0,05 MB/sec), 17,7 ms avg latency, 209,0 ms max latency.
238 records sent, 47,5 records/sec (0,05 MB/sec), 21,1 ms avg latency, 622,0 ms max latency.
341 records sent, 67,7 records/sec (0,06 MB/sec), 14,8 ms avg latency, 642,0 ms max latency.
361 records sent, 71,7 records/sec (0,07 MB/sec), 13,9 ms avg latency, 210,0 ms max latency.
323 records sent, 62,2 records/sec (0,06 MB/sec), 16,1 ms avg latency, 644,0 ms max latency.
324 records sent, 57,7 records/sec (0,06 MB/sec), 17,3 ms avg latency, 646,0 ms max latency.
286 records sent, 56,1 records/sec (0,05 MB/sec), 17,8 ms avg latency, 622,0 ms max latency.
404 records sent, 79,0 records/sec (0,08 MB/sec), 12,6 ms avg latency, 210,0 ms max latency.
264 records sent, 51,8 records/sec (0,05 MB/sec), 19,3 ms avg latency, 636,0 ms max latency.
305 records sent, 58,7 records/sec (0,06 MB/sec), 17,0 ms avg latency, 649,0 ms max latency.
287 records sent, 55,9 records/sec (0,05 MB/sec), 17,9 ms avg latency, 639,0 ms max latency.
248 records sent, 45,7 records/sec (0,04 MB/sec), 21,9 ms avg latency, 618,0 ms max latency.
242 records sent, 48,3 records/sec (0,05 MB/sec), 20,7 ms avg latency, 210,0 ms max latency.
294 records sent, 57,4 records/sec (0,05 MB/sec), 17,4 ms avg latency, 210,0 ms max latency.
217 records sent, 43,2 records/sec (0,04 MB/sec), 23,1 ms avg latency, 641,0 ms max latency.
416 records sent, 74,6 records/sec (0,07 MB/sec), 13,4 ms avg latency, 633,0 ms max latency.
252 records sent, 45,8 records/sec (0,04 MB/sec), 21,8 ms avg latency, 638,0 ms max latency.
384 records sent, 75,0 records/sec (0,07 MB/sec), 13,3 ms avg latency, 649,0 ms max latency.
340 records sent, 65,4 records/sec (0,06 MB/sec), 15,3 ms avg latency, 210,0 ms max latency.
302 records sent, 58,6 records/sec (0,06 MB/sec), 17,1 ms avg latency, 645,0 ms max latency.
293 records sent, 56,8 records/sec (0,05 MB/sec), 17,6 ms avg latency, 643,0 ms max latency.
293 records sent, 56,8 records/sec (0,05 MB/sec), 17,6 ms avg latency, 644,0 ms max latency.
262 records sent, 51,5 records/sec (0,05 MB/sec), 19,4 ms avg latency, 636,0 ms max latency.
281 records sent, 54,8 records/sec (0,05 MB/sec), 18,2 ms avg latency, 648,0 ms max latency.
349 records sent, 69,3 records/sec (0,07 MB/sec), 14,4 ms avg latency, 626,0 ms max latency.
469 records sent, 93,1 records/sec (0,09 MB/sec), 10,7 ms avg latency, 209,0 ms max latency.
471 records sent, 93,0 records/sec (0,09 MB/sec), 10,7 ms avg latency, 625,0 ms max latency.
236 records sent, 46,9 records/sec (0,04 MB/sec), 21,3 ms avg latency, 637,0 ms max latency.
267 records sent, 50,5 records/sec (0,05 MB/sec), 19,8 ms avg latency, 635,0 ms max latency.
242 records sent, 48,1 records/sec (0,05 MB/sec), 20,8 ms avg latency, 643,0 ms max latency.
257 records sent, 50,8 records/sec (0,05 MB/sec), 19,7 ms avg latency, 636,0 ms max latency.
310 records sent, 60,3 records/sec (0,06 MB/sec), 16,6 ms avg latency, 210,0 ms max latency.
313 records sent, 62,6 records/sec (0,06 MB/sec), 16,0 ms avg latency, 633,0 ms max latency.
239 records sent, 47,4 records/sec (0,05 MB/sec), 21,1 ms avg latency, 641,0 ms max latency.
290 records sent, 56,4 records/sec (0,05 MB/sec), 17,7 ms avg latency, 644,0 ms max latency.
301 records sent, 54,0 records/sec (0,05 MB/sec), 18,5 ms avg latency, 646,0 ms max latency.
206 records sent, 39,9 records/sec (0,04 MB/sec), 25,0 ms avg latency, 638,0 ms max latency.
346 records sent, 69,2 records/sec (0,07 MB/sec), 14,4 ms avg latency, 210,0 ms max latency.
348 records sent, 69,3 records/sec (0,07 MB/sec), 14,4 ms avg latency, 637,0 ms max latency.
303 records sent, 59,0 records/sec (0,06 MB/sec), 16,9 ms avg latency, 626,0 ms max latency.
335 records sent, 64,3 records/sec (0,06 MB/sec), 15,5 ms avg latency, 644,0 ms max latency.
232 records sent, 44,2 records/sec (0,04 MB/sec), 22,6 ms avg latency, 643,0 ms max latency.
249 records sent, 49,2 records/sec (0,05 MB/sec), 20,3 ms avg latency, 643,0 ms max latency.
270 records sent, 53,2 records/sec (0,05 MB/sec), 18,8 ms avg latency, 210,0 ms max latency.
294 records sent, 57,4 records/sec (0,05 MB/sec), 17,4 ms avg latency, 210,0 ms max latency.
378 records sent, 73,5 records/sec (0,07 MB/sec), 13,6 ms avg latency, 645,0 ms max latency.
359 records sent, 71,1 records/sec (0,07 MB/sec), 14,1 ms avg latency, 227,0 ms max latency.
155 records sent, 30,5 records/sec (0,03 MB/sec), 32,8 ms avg latency, 642,0 ms max latency.
231 records sent, 45,8 records/sec (0,04 MB/sec), 21,8 ms avg latency, 653,0 ms max latency.
175 records sent, 34,0 records/sec (0,03 MB/sec), 29,4 ms avg latency, 649,0 ms max latency.
320 records sent, 62,1 records/sec (0,06 MB/sec), 16,1 ms avg latency, 210,0 ms max latency.
263 records sent, 41,1 records/sec (0,04 MB/sec), 24,3 ms avg latency, 1532,0 ms max latency.
313 records sent, 62,6 records/sec (0,06 MB/sec), 16,0 ms avg latency, 646,0 ms max latency.
312 records sent, 55,7 records/sec (0,05 MB/sec), 17,9 ms avg latency, 637,0 ms max latency.
292 records sent, 57,0 records/sec (0,05 MB/sec), 17,5 ms avg latency, 640,0 ms max latency.
238 records sent, 47,6 records/sec (0,05 MB/sec), 21,0 ms avg latency, 628,0 ms max latency.
229 records sent, 45,7 records/sec (0,04 MB/sec), 21,9 ms avg latency, 649,0 ms max latency.
239 records sent, 46,0 records/sec (0,04 MB/sec), 21,7 ms avg latency, 618,0 ms max latency.
285 records sent, 55,4 records/sec (0,05 MB/sec), 18,0 ms avg latency, 1507,0 ms max latency.
263 records sent, 51,7 records/sec (0,05 MB/sec), 19,3 ms avg latency, 645,0 ms max latency.
350 records sent, 69,3 records/sec (0,07 MB/sec), 14,4 ms avg latency, 641,0 ms max latency.
197 records sent, 36,6 records/sec (0,03 MB/sec), 27,3 ms avg latency, 649,0 ms max latency.
254 records sent, 49,8 records/sec (0,05 MB/sec), 20,1 ms avg latency, 648,0 ms max latency.
266 records sent, 52,7 records/sec (0,05 MB/sec), 19,0 ms avg latency, 626,0 ms max latency.
351 records sent, 70,2 records/sec (0,07 MB/sec), 14,2 ms avg latency, 210,0 ms max latency.
399 records sent, 72,2 records/sec (0,07 MB/sec), 13,8 ms avg latency, 626,0 ms max latency.
298 records sent, 57,7 records/sec (0,06 MB/sec), 17,3 ms avg latency, 644,0 ms max latency.
183 records sent, 35,8 records/sec (0,03 MB/sec), 27,9 ms avg latency, 629,0 ms max latency.
282 records sent, 54,7 records/sec (0,05 MB/sec), 18,2 ms avg latency, 645,0 ms max latency.
218 records sent, 42,2 records/sec (0,04 MB/sec), 23,7 ms avg latency, 622,0 ms max latency.
428 records sent, 85,6 records/sec (0,08 MB/sec), 11,7 ms avg latency, 649,0 ms max latency.
206 records sent, 39,7 records/sec (0,04 MB/sec), 25,2 ms avg latency, 642,0 ms max latency.
242 records sent, 47,6 records/sec (0,05 MB/sec), 21,0 ms avg latency, 1528,0 ms max latency.
342 records sent, 68,4 records/sec (0,07 MB/sec), 14,6 ms avg latency, 210,0 ms max latency.
312 records sent, 60,2 records/sec (0,06 MB/sec), 16,6 ms avg latency, 638,0 ms max latency.
254 records sent, 50,0 records/sec (0,05 MB/sec), 20,0 ms avg latency, 647,0 ms max latency.
329 records sent, 63,5 records/sec (0,06 MB/sec), 15,7 ms avg latency, 621,0 ms max latency.
432 records sent, 83,6 records/sec (0,08 MB/sec), 12,0 ms avg latency, 631,0 ms max latency.
350 records sent, 69,9 records/sec (0,07 MB/sec), 14,3 ms avg latency, 214,0 ms max latency.
348 records sent, 69,6 records/sec (0,07 MB/sec), 14,3 ms avg latency, 622,0 ms max latency.
266 records sent, 52,1 records/sec (0,05 MB/sec), 19,2 ms avg latency, 641,0 ms max latency.
324 records sent, 62,6 records/sec (0,06 MB/sec), 16,0 ms avg latency, 209,0 ms max latency.
405 records sent, 78,5 records/sec (0,07 MB/sec), 12,7 ms avg latency, 626,0 ms max latency.
368 records sent, 73,3 records/sec (0,07 MB/sec), 13,6 ms avg latency, 210,0 ms max latency.
223 records sent, 44,6 records/sec (0,04 MB/sec), 22,4 ms avg latency, 640,0 ms max latency.
337 records sent, 59,9 records/sec (0,06 MB/sec), 16,7 ms avg latency, 639,0 ms max latency.
267 records sent, 52,0 records/sec (0,05 MB/sec), 19,2 ms avg latency, 650,0 ms max latency.
428 records sent, 83,1 records/sec (0,08 MB/sec), 12,0 ms avg latency, 630,0 ms max latency.
269 records sent, 52,7 records/sec (0,05 MB/sec), 18,9 ms avg latency, 641,0 ms max latency.
392 records sent, 77,1 records/sec (0,07 MB/sec), 13,0 ms avg latency, 210,0 ms max latency.
421 records sent, 81,9 records/sec (0,08 MB/sec), 12,2 ms avg latency, 210,0 ms max latency.
243 records sent, 48,3 records/sec (0,05 MB/sec), 20,7 ms avg latency, 633,0 ms max latency.
348 records sent, 69,5 records/sec (0,07 MB/sec), 14,4 ms avg latency, 623,0 ms max latency.
240 records sent, 47,9 records/sec (0,05 MB/sec), 20,9 ms avg latency, 624,0 ms max latency.
378 records sent, 74,7 records/sec (0,07 MB/sec), 13,4 ms avg latency, 620,0 ms max latency.
296 records sent, 58,0 records/sec (0,06 MB/sec), 17,2 ms avg latency, 210,0 ms max latency.
195 records sent, 37,5 records/sec (0,04 MB/sec), 26,6 ms avg latency, 649,0 ms max latency.
286 records sent, 56,0 records/sec (0,05 MB/sec), 17,8 ms avg latency, 210,0 ms max latency.
289 records sent, 56,4 records/sec (0,05 MB/sec), 17,7 ms avg latency, 211,0 ms max latency.
355 records sent, 70,8 records/sec (0,07 MB/sec), 14,1 ms avg latency, 210,0 ms max latency.
292 records sent, 52,9 records/sec (0,05 MB/sec), 18,9 ms avg latency, 636,0 ms max latency.
317 records sent, 63,3 records/sec (0,06 MB/sec), 15,8 ms avg latency, 643,0 ms max latency.
290 records sent, 56,7 records/sec (0,05 MB/sec), 17,6 ms avg latency, 626,0 ms max latency.
320 records sent, 62,2 records/sec (0,06 MB/sec), 16,1 ms avg latency, 209,0 ms max latency.
187 records sent, 33,7 records/sec (0,03 MB/sec), 29,7 ms avg latency, 650,0 ms max latency.
386 records sent, 76,3 records/sec (0,07 MB/sec), 13,1 ms avg latency, 625,0 ms max latency.
343 records sent, 66,1 records/sec (0,06 MB/sec), 15,1 ms avg latency, 626,0 ms max latency.
339 records sent, 67,8 records/sec (0,06 MB/sec), 14,7 ms avg latency, 621,0 ms max latency.
234 records sent, 46,8 records/sec (0,04 MB/sec), 21,4 ms avg latency, 627,0 ms max latency.
347 records sent, 66,5 records/sec (0,06 MB/sec), 15,0 ms avg latency, 640,0 ms max latency.
345 records sent, 69,0 records/sec (0,07 MB/sec), 14,5 ms avg latency, 210,0 ms max latency.
418 records sent, 81,5 records/sec (0,08 MB/sec), 12,3 ms avg latency, 633,0 ms max latency.
254 records sent, 50,6 records/sec (0,05 MB/sec), 19,7 ms avg latency, 210,0 ms max latency.
357 records sent, 71,4 records/sec (0,07 MB/sec), 14,0 ms avg latency, 209,0 ms max latency.
304 records sent, 59,4 records/sec (0,06 MB/sec), 16,8 ms avg latency, 622,0 ms max latency.
323 records sent, 62,5 records/sec (0,06 MB/sec), 16,0 ms avg latency, 620,0 ms max latency.
217 records sent, 41,8 records/sec (0,04 MB/sec), 23,9 ms avg latency, 628,0 ms max latency.
80000 records sent, 60,024865 records/sec (0,06 MB/sec), 16,64 ms avg latency, 1936,00 ms max latency, 2 ms 50th, 207 ms 95th, 210 ms 99th, 643 ms 99.9th.

Metric Name                                                                          Value
app-info:commit-id:{client-id=producer-1}                                          : d4284cbebb6f0a4c
app-info:start-time-ms:{client-id=producer-1}                                      : 1592691795975
app-info:version:{client-id=producer-1}                                            : 2.3.1
kafka-metrics-count:count:{client-id=producer-1}                                   : 126,000
producer-metrics:batch-size-avg:{client-id=producer-1}                             : 1075,000
producer-metrics:batch-size-max:{client-id=producer-1}                             : 1075,000
producer-metrics:batch-split-rate:{client-id=producer-1}                           : 0,000
producer-metrics:batch-split-total:{client-id=producer-1}                          : 0,000
producer-metrics:buffer-available-bytes:{client-id=producer-1}                     : 33554432,000
producer-metrics:buffer-exhausted-rate:{client-id=producer-1}                      : 0,000
producer-metrics:buffer-exhausted-total:{client-id=producer-1}                     : 0,000
producer-metrics:buffer-total-bytes:{client-id=producer-1}                         : 33554432,000
producer-metrics:bufferpool-wait-ratio:{client-id=producer-1}                      : 0,000
producer-metrics:bufferpool-wait-time-total:{client-id=producer-1}                 : 0,000
producer-metrics:compression-rate-avg:{client-id=producer-1}                       : 1,000
producer-metrics:connection-close-rate:{client-id=producer-1}                      : 0,000
producer-metrics:connection-close-total:{client-id=producer-1}                     : 22,000
producer-metrics:connection-count:{client-id=producer-1}                           : 3,000
producer-metrics:connection-creation-rate:{client-id=producer-1}                   : 0,000
producer-metrics:connection-creation-total:{client-id=producer-1}                  : 25,000
producer-metrics:failed-authentication-rate:{client-id=producer-1}                 : 0,000
producer-metrics:failed-authentication-total:{client-id=producer-1}                : 0,000
producer-metrics:failed-reauthentication-rate:{client-id=producer-1}               : 0,000
producer-metrics:failed-reauthentication-total:{client-id=producer-1}              : 0,000
producer-metrics:incoming-byte-rate:{client-id=producer-1}                         : 3850,407
producer-metrics:incoming-byte-total:{client-id=producer-1}                        : 4974190,000
producer-metrics:io-ratio:{client-id=producer-1}                                   : 0,002
producer-metrics:io-time-ns-avg:{client-id=producer-1}                             : 11795,287
producer-metrics:io-wait-ratio:{client-id=producer-1}                              : 1,010
producer-metrics:io-wait-time-ns-avg:{client-id=producer-1}                        : 5341437,290
producer-metrics:io-waittime-total:{client-id=producer-1}                          : 1323605193532,000
producer-metrics:iotime-total:{client-id=producer-1}                               : 3202687053,000
producer-metrics:metadata-age:{client-id=producer-1}                               : 230,511
producer-metrics:network-io-rate:{client-id=producer-1}                            : 124,174
producer-metrics:network-io-total:{client-id=producer-1}                           : 160119,000
producer-metrics:outgoing-byte-rate:{client-id=producer-1}                         : 71083,384
producer-metrics:outgoing-byte-total:{client-id=producer-1}                        : 91614564,000
producer-metrics:produce-throttle-time-avg:{client-id=producer-1}                  : 0,000
producer-metrics:produce-throttle-time-max:{client-id=producer-1}                  : 0,000
producer-metrics:reauthentication-latency-avg:{client-id=producer-1}               : NaN
producer-metrics:reauthentication-latency-max:{client-id=producer-1}               : NaN
producer-metrics:record-error-rate:{client-id=producer-1}                          : 0,000
producer-metrics:record-error-total:{client-id=producer-1}                         : 0,000
producer-metrics:record-queue-time-avg:{client-id=producer-1}                      : 0,022
producer-metrics:record-queue-time-max:{client-id=producer-1}                      : 1,000
producer-metrics:record-retry-rate:{client-id=producer-1}                          : 0,000
producer-metrics:record-retry-total:{client-id=producer-1}                         : 21,000
producer-metrics:record-send-rate:{client-id=producer-1}                           : 62,076
producer-metrics:record-send-total:{client-id=producer-1}                          : 80021,000
producer-metrics:record-size-avg:{client-id=producer-1}                            : 1091,000
producer-metrics:record-size-max:{client-id=producer-1}                            : 1091,000
producer-metrics:records-per-request-avg:{client-id=producer-1}                    : 1,000
producer-metrics:request-latency-avg:{client-id=producer-1}                        : 16,132
producer-metrics:request-latency-max:{client-id=producer-1}                        : 633,000
producer-metrics:request-rate:{client-id=producer-1}                               : 62,074
producer-metrics:request-size-avg:{client-id=producer-1}                           : 1145,000
producer-metrics:request-size-max:{client-id=producer-1}                           : 1145,000
producer-metrics:request-total:{client-id=producer-1}                              : 80070,000
producer-metrics:requests-in-flight:{client-id=producer-1}                         : 0,000
producer-metrics:response-rate:{client-id=producer-1}                              : 62,103
producer-metrics:response-total:{client-id=producer-1}                             : 80049,000
producer-metrics:select-rate:{client-id=producer-1}                                : 189,136
producer-metrics:select-total:{client-id=producer-1}                               : 239809,000
producer-metrics:successful-authentication-no-reauth-total:{client-id=producer-1}  : 0,000
producer-metrics:successful-authentication-rate:{client-id=producer-1}             : 0,000
producer-metrics:successful-authentication-total:{client-id=producer-1}            : 0,000
producer-metrics:successful-reauthentication-rate:{client-id=producer-1}           : 0,000
producer-metrics:successful-reauthentication-total:{client-id=producer-1}          : 0,000
producer-metrics:waiting-threads:{client-id=producer-1}                            : 0,000
producer-node-metrics:incoming-byte-rate:{client-id=producer-1, node-id=node--2}   : 0,000
producer-node-metrics:incoming-byte-rate:{client-id=producer-1, node-id=node-1}    : 1284,530
producer-node-metrics:incoming-byte-rate:{client-id=producer-1, node-id=node-3}    : 1303,359
producer-node-metrics:incoming-byte-rate:{client-id=producer-1, node-id=node-6}    : 1280,633
producer-node-metrics:incoming-byte-total:{client-id=producer-1, node-id=node--2}  : 579,000
producer-node-metrics:incoming-byte-total:{client-id=producer-1, node-id=node-1}   : 1650484,000
producer-node-metrics:incoming-byte-total:{client-id=producer-1, node-id=node-3}   : 1659982,000
producer-node-metrics:incoming-byte-total:{client-id=producer-1, node-id=node-6}   : 1663145,000
producer-node-metrics:outgoing-byte-rate:{client-id=producer-1, node-id=node--2}   : 0,000
producer-node-metrics:outgoing-byte-rate:{client-id=producer-1, node-id=node-1}    : 23772,329
producer-node-metrics:outgoing-byte-rate:{client-id=producer-1, node-id=node-3}    : 24065,077
producer-node-metrics:outgoing-byte-rate:{client-id=producer-1, node-id=node-6}    : 23581,389
producer-node-metrics:outgoing-byte-total:{client-id=producer-1, node-id=node--2}  : 67,000
producer-node-metrics:outgoing-byte-total:{client-id=producer-1, node-id=node-1}   : 30400123,000
producer-node-metrics:outgoing-byte-total:{client-id=producer-1, node-id=node-3}   : 30564992,000
producer-node-metrics:outgoing-byte-total:{client-id=producer-1, node-id=node-6}   : 30649382,000
producer-node-metrics:request-latency-avg:{client-id=producer-1, node-id=node--2}  : NaN
producer-node-metrics:request-latency-avg:{client-id=producer-1, node-id=node-1}   : 21,407
producer-node-metrics:request-latency-avg:{client-id=producer-1, node-id=node-3}   : 15,067
producer-node-metrics:request-latency-avg:{client-id=producer-1, node-id=node-6}   : 11,751
producer-node-metrics:request-latency-max:{client-id=producer-1, node-id=node--2}  : NaN
producer-node-metrics:request-latency-max:{client-id=producer-1, node-id=node-1}   : 620,000
producer-node-metrics:request-latency-max:{client-id=producer-1, node-id=node-3}   : 633,000
producer-node-metrics:request-latency-max:{client-id=producer-1, node-id=node-6}   : 622,000
producer-node-metrics:request-rate:{client-id=producer-1, node-id=node--2}         : 0,000
producer-node-metrics:request-rate:{client-id=producer-1, node-id=node-1}          : 20,761
producer-node-metrics:request-rate:{client-id=producer-1, node-id=node-3}          : 21,016
producer-node-metrics:request-rate:{client-id=producer-1, node-id=node-6}          : 20,593
producer-node-metrics:request-size-avg:{client-id=producer-1, node-id=node--2}     : NaN
producer-node-metrics:request-size-avg:{client-id=producer-1, node-id=node-1}      : 1145,000
producer-node-metrics:request-size-avg:{client-id=producer-1, node-id=node-3}      : 1145,000
producer-node-metrics:request-size-avg:{client-id=producer-1, node-id=node-6}      : 1145,000
producer-node-metrics:request-size-max:{client-id=producer-1, node-id=node--2}     : NaN
producer-node-metrics:request-size-max:{client-id=producer-1, node-id=node-1}      : 1145,000
producer-node-metrics:request-size-max:{client-id=producer-1, node-id=node-3}      : 1145,000
producer-node-metrics:request-size-max:{client-id=producer-1, node-id=node-6}      : 1145,000
producer-node-metrics:request-total:{client-id=producer-1, node-id=node--2}        : 2,000
producer-node-metrics:request-total:{client-id=producer-1, node-id=node-1}         : 26569,000
producer-node-metrics:request-total:{client-id=producer-1, node-id=node-3}         : 26715,000
producer-node-metrics:request-total:{client-id=producer-1, node-id=node-6}         : 26784,000
producer-node-metrics:response-rate:{client-id=producer-1, node-id=node--2}        : 0,000
producer-node-metrics:response-rate:{client-id=producer-1, node-id=node-1}         : 20,718
producer-node-metrics:response-rate:{client-id=producer-1, node-id=node-3}         : 21,022
producer-node-metrics:response-rate:{client-id=producer-1, node-id=node-6}         : 20,655
producer-node-metrics:response-total:{client-id=producer-1, node-id=node--2}       : 2,000
producer-node-metrics:response-total:{client-id=producer-1, node-id=node-1}        : 26562,000
producer-node-metrics:response-total:{client-id=producer-1, node-id=node-3}        : 26708,000
producer-node-metrics:response-total:{client-id=producer-1, node-id=node-6}        : 26777,000
producer-topic-metrics:byte-rate:{client-id=producer-1, topic=test-topic}          : 66729,939
producer-topic-metrics:byte-total:{client-id=producer-1, topic=test-topic}         : 86011462,000
producer-topic-metrics:compression-rate:{client-id=producer-1, topic=test-topic}   : 1,000
producer-topic-metrics:record-error-rate:{client-id=producer-1, topic=test-topic}  : 0,000
producer-topic-metrics:record-error-total:{client-id=producer-1, topic=test-topic} : 0,000
producer-topic-metrics:record-retry-rate:{client-id=producer-1, topic=test-topic}  : 0,000
producer-topic-metrics:record-retry-total:{client-id=producer-1, topic=test-topic} : 21,000
producer-topic-metrics:record-send-rate:{client-id=producer-1, topic=test-topic}   : 62,076
producer-topic-metrics:record-send-total:{client-id=producer-1, topic=test-topic}  : 80021,000
Produce Time: 1332.78
Aplication time: 1333.473
*****Produção finalizada, esperando 180 s para buscar WM*****
Water mark: 720000
