Topic to send: test-topic
Topic to acks: -1
Records: 80000
Size:1000
110 records sent, 21,5 records/sec (0,02 MB/sec), 46,4 ms avg latency, 651,0 ms max latency.
201 records sent, 39,4 records/sec (0,04 MB/sec), 25,4 ms avg latency, 626,0 ms max latency.
157 records sent, 29,1 records/sec (0,03 MB/sec), 34,3 ms avg latency, 648,0 ms max latency.
333 records sent, 59,8 records/sec (0,06 MB/sec), 16,7 ms avg latency, 645,0 ms max latency.
330 records sent, 65,2 records/sec (0,06 MB/sec), 15,3 ms avg latency, 629,0 ms max latency.
390 records sent, 75,4 records/sec (0,07 MB/sec), 13,2 ms avg latency, 214,0 ms max latency.
327 records sent, 64,7 records/sec (0,06 MB/sec), 15,4 ms avg latency, 640,0 ms max latency.
124 records sent, 24,6 records/sec (0,02 MB/sec), 40,6 ms avg latency, 648,0 ms max latency.
376 records sent, 73,2 records/sec (0,07 MB/sec), 13,6 ms avg latency, 213,0 ms max latency.
515 records sent, 98,9 records/sec (0,09 MB/sec), 10,1 ms avg latency, 635,0 ms max latency.
211 records sent, 42,2 records/sec (0,04 MB/sec), 23,7 ms avg latency, 642,0 ms max latency.
197 records sent, 39,4 records/sec (0,04 MB/sec), 25,4 ms avg latency, 646,0 ms max latency.
297 records sent, 57,5 records/sec (0,05 MB/sec), 17,4 ms avg latency, 648,0 ms max latency.
443 records sent, 85,1 records/sec (0,08 MB/sec), 11,7 ms avg latency, 210,0 ms max latency.
323 records sent, 62,1 records/sec (0,06 MB/sec), 16,1 ms avg latency, 627,0 ms max latency.
183 records sent, 32,7 records/sec (0,03 MB/sec), 30,5 ms avg latency, 650,0 ms max latency.
315 records sent, 55,9 records/sec (0,05 MB/sec), 17,9 ms avg latency, 645,0 ms max latency.
151 records sent, 29,7 records/sec (0,03 MB/sec), 33,7 ms avg latency, 642,0 ms max latency.
345 records sent, 68,6 records/sec (0,07 MB/sec), 14,5 ms avg latency, 211,0 ms max latency.
244 records sent, 48,1 records/sec (0,05 MB/sec), 20,8 ms avg latency, 649,0 ms max latency.
358 records sent, 71,2 records/sec (0,07 MB/sec), 14,0 ms avg latency, 210,0 ms max latency.
408 records sent, 79,7 records/sec (0,08 MB/sec), 12,5 ms avg latency, 210,0 ms max latency.
363 records sent, 72,2 records/sec (0,07 MB/sec), 13,8 ms avg latency, 210,0 ms max latency.
225 records sent, 45,0 records/sec (0,04 MB/sec), 22,2 ms avg latency, 639,0 ms max latency.
208 records sent, 40,1 records/sec (0,04 MB/sec), 24,9 ms avg latency, 641,0 ms max latency.
127 records sent, 24,9 records/sec (0,02 MB/sec), 40,2 ms avg latency, 1524,0 ms max latency.
202 records sent, 39,0 records/sec (0,04 MB/sec), 25,6 ms avg latency, 623,0 ms max latency.
185 records sent, 30,1 records/sec (0,03 MB/sec), 33,1 ms avg latency, 1527,0 ms max latency.
265 records sent, 52,0 records/sec (0,05 MB/sec), 19,2 ms avg latency, 637,0 ms max latency.
267 records sent, 52,4 records/sec (0,05 MB/sec), 19,1 ms avg latency, 628,0 ms max latency.
253 records sent, 47,7 records/sec (0,05 MB/sec), 20,9 ms avg latency, 648,0 ms max latency.
226 records sent, 44,8 records/sec (0,04 MB/sec), 22,3 ms avg latency, 649,0 ms max latency.
266 records sent, 52,1 records/sec (0,05 MB/sec), 19,2 ms avg latency, 637,0 ms max latency.
240 records sent, 47,7 records/sec (0,05 MB/sec), 20,9 ms avg latency, 632,0 ms max latency.
305 records sent, 59,2 records/sec (0,06 MB/sec), 16,9 ms avg latency, 639,0 ms max latency.
282 records sent, 55,1 records/sec (0,05 MB/sec), 18,1 ms avg latency, 648,0 ms max latency.
314 records sent, 60,6 records/sec (0,06 MB/sec), 16,5 ms avg latency, 635,0 ms max latency.
359 records sent, 71,1 records/sec (0,07 MB/sec), 14,0 ms avg latency, 632,0 ms max latency.
321 records sent, 57,3 records/sec (0,05 MB/sec), 17,4 ms avg latency, 647,0 ms max latency.
299 records sent, 58,3 records/sec (0,06 MB/sec), 17,1 ms avg latency, 618,0 ms max latency.
332 records sent, 66,4 records/sec (0,06 MB/sec), 15,0 ms avg latency, 638,0 ms max latency.
344 records sent, 68,1 records/sec (0,06 MB/sec), 14,7 ms avg latency, 212,0 ms max latency.
319 records sent, 63,8 records/sec (0,06 MB/sec), 15,7 ms avg latency, 212,0 ms max latency.
228 records sent, 45,6 records/sec (0,04 MB/sec), 21,9 ms avg latency, 632,0 ms max latency.
241 records sent, 47,7 records/sec (0,05 MB/sec), 21,0 ms avg latency, 638,0 ms max latency.
278 records sent, 54,3 records/sec (0,05 MB/sec), 18,4 ms avg latency, 642,0 ms max latency.
412 records sent, 79,6 records/sec (0,08 MB/sec), 12,5 ms avg latency, 646,0 ms max latency.
352 records sent, 70,1 records/sec (0,07 MB/sec), 14,3 ms avg latency, 636,0 ms max latency.
314 records sent, 61,0 records/sec (0,06 MB/sec), 16,4 ms avg latency, 628,0 ms max latency.
366 records sent, 66,8 records/sec (0,06 MB/sec), 15,0 ms avg latency, 643,0 ms max latency.
328 records sent, 63,1 records/sec (0,06 MB/sec), 15,8 ms avg latency, 644,0 ms max latency.
409 records sent, 79,7 records/sec (0,08 MB/sec), 12,5 ms avg latency, 210,0 ms max latency.
491 records sent, 96,8 records/sec (0,09 MB/sec), 10,3 ms avg latency, 210,0 ms max latency.
334 records sent, 61,5 records/sec (0,06 MB/sec), 16,2 ms avg latency, 649,0 ms max latency.
297 records sent, 53,6 records/sec (0,05 MB/sec), 18,6 ms avg latency, 630,0 ms max latency.
328 records sent, 65,6 records/sec (0,06 MB/sec), 15,2 ms avg latency, 640,0 ms max latency.
281 records sent, 54,8 records/sec (0,05 MB/sec), 18,2 ms avg latency, 646,0 ms max latency.
211 records sent, 40,6 records/sec (0,04 MB/sec), 24,6 ms avg latency, 641,0 ms max latency.
302 records sent, 56,1 records/sec (0,05 MB/sec), 17,8 ms avg latency, 647,0 ms max latency.
252 records sent, 49,6 records/sec (0,05 MB/sec), 20,2 ms avg latency, 649,0 ms max latency.
244 records sent, 46,8 records/sec (0,04 MB/sec), 21,4 ms avg latency, 624,0 ms max latency.
208 records sent, 40,4 records/sec (0,04 MB/sec), 24,8 ms avg latency, 641,0 ms max latency.
226 records sent, 45,2 records/sec (0,04 MB/sec), 22,1 ms avg latency, 641,0 ms max latency.
356 records sent, 70,6 records/sec (0,07 MB/sec), 14,1 ms avg latency, 209,0 ms max latency.
191 records sent, 37,2 records/sec (0,04 MB/sec), 26,9 ms avg latency, 640,0 ms max latency.
214 records sent, 41,2 records/sec (0,04 MB/sec), 24,3 ms avg latency, 648,0 ms max latency.
293 records sent, 57,0 records/sec (0,05 MB/sec), 17,5 ms avg latency, 646,0 ms max latency.
259 records sent, 51,1 records/sec (0,05 MB/sec), 19,6 ms avg latency, 631,0 ms max latency.
313 records sent, 60,8 records/sec (0,06 MB/sec), 16,4 ms avg latency, 210,0 ms max latency.
273 records sent, 53,7 records/sec (0,05 MB/sec), 18,6 ms avg latency, 210,0 ms max latency.
290 records sent, 56,8 records/sec (0,05 MB/sec), 17,6 ms avg latency, 210,0 ms max latency.
274 records sent, 49,6 records/sec (0,05 MB/sec), 20,1 ms avg latency, 643,0 ms max latency.
322 records sent, 64,4 records/sec (0,06 MB/sec), 15,5 ms avg latency, 638,0 ms max latency.
346 records sent, 69,1 records/sec (0,07 MB/sec), 14,5 ms avg latency, 623,0 ms max latency.
327 records sent, 63,3 records/sec (0,06 MB/sec), 15,8 ms avg latency, 210,0 ms max latency.
236 records sent, 47,2 records/sec (0,05 MB/sec), 21,2 ms avg latency, 210,0 ms max latency.
321 records sent, 62,3 records/sec (0,06 MB/sec), 16,0 ms avg latency, 210,0 ms max latency.
356 records sent, 71,0 records/sec (0,07 MB/sec), 14,1 ms avg latency, 210,0 ms max latency.
262 records sent, 51,9 records/sec (0,05 MB/sec), 19,3 ms avg latency, 209,0 ms max latency.
166 records sent, 32,6 records/sec (0,03 MB/sec), 30,7 ms avg latency, 634,0 ms max latency.
181 records sent, 35,2 records/sec (0,03 MB/sec), 28,4 ms avg latency, 640,0 ms max latency.
192 records sent, 37,3 records/sec (0,04 MB/sec), 26,8 ms avg latency, 638,0 ms max latency.
324 records sent, 62,5 records/sec (0,06 MB/sec), 16,0 ms avg latency, 647,0 ms max latency.
258 records sent, 47,2 records/sec (0,05 MB/sec), 21,2 ms avg latency, 631,0 ms max latency.
305 records sent, 58,8 records/sec (0,06 MB/sec), 17,0 ms avg latency, 624,0 ms max latency.
294 records sent, 57,3 records/sec (0,05 MB/sec), 17,4 ms avg latency, 636,0 ms max latency.
329 records sent, 65,8 records/sec (0,06 MB/sec), 15,2 ms avg latency, 210,0 ms max latency.
328 records sent, 63,3 records/sec (0,06 MB/sec), 15,8 ms avg latency, 211,0 ms max latency.
314 records sent, 61,0 records/sec (0,06 MB/sec), 16,4 ms avg latency, 211,0 ms max latency.
180 records sent, 35,3 records/sec (0,03 MB/sec), 28,3 ms avg latency, 210,0 ms max latency.
227 records sent, 45,3 records/sec (0,04 MB/sec), 22,0 ms avg latency, 210,0 ms max latency.
334 records sent, 64,6 records/sec (0,06 MB/sec), 15,5 ms avg latency, 209,0 ms max latency.
303 records sent, 58,3 records/sec (0,06 MB/sec), 17,1 ms avg latency, 647,0 ms max latency.
223 records sent, 44,6 records/sec (0,04 MB/sec), 22,4 ms avg latency, 645,0 ms max latency.
220 records sent, 39,3 records/sec (0,04 MB/sec), 25,4 ms avg latency, 639,0 ms max latency.
316 records sent, 61,1 records/sec (0,06 MB/sec), 16,4 ms avg latency, 637,0 ms max latency.
296 records sent, 57,3 records/sec (0,05 MB/sec), 17,4 ms avg latency, 646,0 ms max latency.
219 records sent, 42,1 records/sec (0,04 MB/sec), 23,8 ms avg latency, 647,0 ms max latency.
194 records sent, 38,8 records/sec (0,04 MB/sec), 25,8 ms avg latency, 648,0 ms max latency.
119 records sent, 23,6 records/sec (0,02 MB/sec), 42,4 ms avg latency, 648,0 ms max latency.
270 records sent, 53,2 records/sec (0,05 MB/sec), 18,8 ms avg latency, 627,0 ms max latency.
302 records sent, 58,8 records/sec (0,06 MB/sec), 17,0 ms avg latency, 210,0 ms max latency.
259 records sent, 51,3 records/sec (0,05 MB/sec), 19,5 ms avg latency, 210,0 ms max latency.
341 records sent, 68,0 records/sec (0,06 MB/sec), 14,7 ms avg latency, 624,0 ms max latency.
294 records sent, 57,2 records/sec (0,05 MB/sec), 17,5 ms avg latency, 625,0 ms max latency.
231 records sent, 44,5 records/sec (0,04 MB/sec), 22,5 ms avg latency, 210,0 ms max latency.
283 records sent, 55,6 records/sec (0,05 MB/sec), 18,0 ms avg latency, 210,0 ms max latency.
324 records sent, 62,7 records/sec (0,06 MB/sec), 16,0 ms avg latency, 210,0 ms max latency.
360 records sent, 71,5 records/sec (0,07 MB/sec), 14,0 ms avg latency, 210,0 ms max latency.
363 records sent, 71,8 records/sec (0,07 MB/sec), 13,9 ms avg latency, 640,0 ms max latency.
330 records sent, 66,0 records/sec (0,06 MB/sec), 15,1 ms avg latency, 643,0 ms max latency.
282 records sent, 55,1 records/sec (0,05 MB/sec), 18,1 ms avg latency, 640,0 ms max latency.
344 records sent, 68,4 records/sec (0,07 MB/sec), 14,6 ms avg latency, 644,0 ms max latency.
496 records sent, 97,6 records/sec (0,09 MB/sec), 10,2 ms avg latency, 210,0 ms max latency.
380 records sent, 75,1 records/sec (0,07 MB/sec), 13,3 ms avg latency, 210,0 ms max latency.
384 records sent, 75,9 records/sec (0,07 MB/sec), 13,2 ms avg latency, 210,0 ms max latency.
201 records sent, 40,0 records/sec (0,04 MB/sec), 25,0 ms avg latency, 1534,0 ms max latency.
113 records sent, 22,1 records/sec (0,02 MB/sec), 45,2 ms avg latency, 1718,0 ms max latency.
315 records sent, 56,5 records/sec (0,05 MB/sec), 17,7 ms avg latency, 639,0 ms max latency.
181 records sent, 35,4 records/sec (0,03 MB/sec), 28,3 ms avg latency, 635,0 ms max latency.
168 records sent, 32,8 records/sec (0,03 MB/sec), 30,5 ms avg latency, 648,0 ms max latency.
304 records sent, 59,4 records/sec (0,06 MB/sec), 16,8 ms avg latency, 209,0 ms max latency.
358 records sent, 71,4 records/sec (0,07 MB/sec), 14,0 ms avg latency, 210,0 ms max latency.
434 records sent, 83,6 records/sec (0,08 MB/sec), 12,0 ms avg latency, 210,0 ms max latency.
280 records sent, 50,9 records/sec (0,05 MB/sec), 19,7 ms avg latency, 633,0 ms max latency.
227 records sent, 45,4 records/sec (0,04 MB/sec), 22,0 ms avg latency, 631,0 ms max latency.
285 records sent, 55,9 records/sec (0,05 MB/sec), 17,9 ms avg latency, 210,0 ms max latency.
277 records sent, 54,5 records/sec (0,05 MB/sec), 18,3 ms avg latency, 210,0 ms max latency.
222 records sent, 39,5 records/sec (0,04 MB/sec), 25,3 ms avg latency, 635,0 ms max latency.
186 records sent, 33,4 records/sec (0,03 MB/sec), 29,9 ms avg latency, 643,0 ms max latency.
249 records sent, 49,3 records/sec (0,05 MB/sec), 20,2 ms avg latency, 635,0 ms max latency.
314 records sent, 60,9 records/sec (0,06 MB/sec), 16,4 ms avg latency, 210,0 ms max latency.
274 records sent, 53,7 records/sec (0,05 MB/sec), 18,6 ms avg latency, 646,0 ms max latency.
341 records sent, 68,0 records/sec (0,06 MB/sec), 14,7 ms avg latency, 644,0 ms max latency.
552 records sent, 106,3 records/sec (0,10 MB/sec), 9,4 ms avg latency, 210,0 ms max latency.
358 records sent, 71,0 records/sec (0,07 MB/sec), 14,1 ms avg latency, 642,0 ms max latency.
470 records sent, 85,6 records/sec (0,08 MB/sec), 11,7 ms avg latency, 639,0 ms max latency.
239 records sent, 47,8 records/sec (0,05 MB/sec), 20,9 ms avg latency, 626,0 ms max latency.
309 records sent, 59,8 records/sec (0,06 MB/sec), 16,7 ms avg latency, 639,0 ms max latency.
237 records sent, 47,4 records/sec (0,05 MB/sec), 21,1 ms avg latency, 619,0 ms max latency.
195 records sent, 37,4 records/sec (0,04 MB/sec), 26,7 ms avg latency, 658,0 ms max latency.
337 records sent, 67,4 records/sec (0,06 MB/sec), 14,8 ms avg latency, 646,0 ms max latency.
215 records sent, 41,3 records/sec (0,04 MB/sec), 24,2 ms avg latency, 647,0 ms max latency.
370 records sent, 73,2 records/sec (0,07 MB/sec), 13,6 ms avg latency, 628,0 ms max latency.
440 records sent, 84,8 records/sec (0,08 MB/sec), 11,8 ms avg latency, 210,0 ms max latency.
537 records sent, 104,0 records/sec (0,10 MB/sec), 9,6 ms avg latency, 210,0 ms max latency.
377 records sent, 73,6 records/sec (0,07 MB/sec), 13,6 ms avg latency, 210,0 ms max latency.
330 records sent, 63,7 records/sec (0,06 MB/sec), 15,7 ms avg latency, 210,0 ms max latency.
313 records sent, 60,9 records/sec (0,06 MB/sec), 16,4 ms avg latency, 210,0 ms max latency.
246 records sent, 49,0 records/sec (0,05 MB/sec), 20,4 ms avg latency, 210,0 ms max latency.
350 records sent, 69,8 records/sec (0,07 MB/sec), 14,3 ms avg latency, 210,0 ms max latency.
335 records sent, 64,5 records/sec (0,06 MB/sec), 15,5 ms avg latency, 210,0 ms max latency.
309 records sent, 60,3 records/sec (0,06 MB/sec), 16,6 ms avg latency, 210,0 ms max latency.
234 records sent, 44,9 records/sec (0,04 MB/sec), 22,2 ms avg latency, 210,0 ms max latency.
192 records sent, 37,1 records/sec (0,04 MB/sec), 27,0 ms avg latency, 1507,0 ms max latency.
304 records sent, 60,6 records/sec (0,06 MB/sec), 16,5 ms avg latency, 1536,0 ms max latency.
311 records sent, 62,2 records/sec (0,06 MB/sec), 16,1 ms avg latency, 1512,0 ms max latency.
231 records sent, 45,9 records/sec (0,04 MB/sec), 21,8 ms avg latency, 638,0 ms max latency.
242 records sent, 46,2 records/sec (0,04 MB/sec), 21,6 ms avg latency, 641,0 ms max latency.
190 records sent, 36,8 records/sec (0,04 MB/sec), 27,2 ms avg latency, 641,0 ms max latency.
195 records sent, 37,6 records/sec (0,04 MB/sec), 26,6 ms avg latency, 648,0 ms max latency.
325 records sent, 62,6 records/sec (0,06 MB/sec), 16,0 ms avg latency, 647,0 ms max latency.
260 records sent, 49,4 records/sec (0,05 MB/sec), 20,2 ms avg latency, 642,0 ms max latency.
380 records sent, 74,7 records/sec (0,07 MB/sec), 13,4 ms avg latency, 627,0 ms max latency.
371 records sent, 73,2 records/sec (0,07 MB/sec), 13,6 ms avg latency, 628,0 ms max latency.
226 records sent, 45,0 records/sec (0,04 MB/sec), 22,2 ms avg latency, 645,0 ms max latency.
440 records sent, 88,0 records/sec (0,08 MB/sec), 11,4 ms avg latency, 645,0 ms max latency.
380 records sent, 75,0 records/sec (0,07 MB/sec), 13,3 ms avg latency, 210,0 ms max latency.
362 records sent, 71,1 records/sec (0,07 MB/sec), 14,0 ms avg latency, 649,0 ms max latency.
392 records sent, 77,0 records/sec (0,07 MB/sec), 13,0 ms avg latency, 210,0 ms max latency.
246 records sent, 48,9 records/sec (0,05 MB/sec), 20,4 ms avg latency, 619,0 ms max latency.
289 records sent, 56,4 records/sec (0,05 MB/sec), 17,7 ms avg latency, 641,0 ms max latency.
150 records sent, 29,6 records/sec (0,03 MB/sec), 33,8 ms avg latency, 643,0 ms max latency.
260 records sent, 51,3 records/sec (0,05 MB/sec), 19,5 ms avg latency, 210,0 ms max latency.
268 records sent, 52,9 records/sec (0,05 MB/sec), 18,9 ms avg latency, 210,0 ms max latency.
259 records sent, 51,3 records/sec (0,05 MB/sec), 19,5 ms avg latency, 210,0 ms max latency.
362 records sent, 71,8 records/sec (0,07 MB/sec), 13,9 ms avg latency, 210,0 ms max latency.
366 records sent, 72,0 records/sec (0,07 MB/sec), 13,9 ms avg latency, 211,0 ms max latency.
555 records sent, 111,0 records/sec (0,11 MB/sec), 9,0 ms avg latency, 210,0 ms max latency.
406 records sent, 79,1 records/sec (0,08 MB/sec), 12,6 ms avg latency, 210,0 ms max latency.
505 records sent, 98,8 records/sec (0,09 MB/sec), 10,1 ms avg latency, 210,0 ms max latency.
445 records sent, 85,5 records/sec (0,08 MB/sec), 11,7 ms avg latency, 210,0 ms max latency.
364 records sent, 72,2 records/sec (0,07 MB/sec), 13,8 ms avg latency, 621,0 ms max latency.
252 records sent, 49,9 records/sec (0,05 MB/sec), 20,0 ms avg latency, 649,0 ms max latency.
397 records sent, 77,6 records/sec (0,07 MB/sec), 12,9 ms avg latency, 210,0 ms max latency.
350 records sent, 69,6 records/sec (0,07 MB/sec), 14,4 ms avg latency, 210,0 ms max latency.
342 records sent, 65,7 records/sec (0,06 MB/sec), 15,2 ms avg latency, 210,0 ms max latency.
226 records sent, 44,4 records/sec (0,04 MB/sec), 22,5 ms avg latency, 1512,0 ms max latency.
274 records sent, 47,4 records/sec (0,05 MB/sec), 21,1 ms avg latency, 1520,0 ms max latency.
328 records sent, 60,4 records/sec (0,06 MB/sec), 16,5 ms avg latency, 646,0 ms max latency.
257 records sent, 50,8 records/sec (0,05 MB/sec), 19,6 ms avg latency, 633,0 ms max latency.
372 records sent, 73,3 records/sec (0,07 MB/sec), 13,6 ms avg latency, 629,0 ms max latency.
318 records sent, 63,4 records/sec (0,06 MB/sec), 15,8 ms avg latency, 641,0 ms max latency.
218 records sent, 43,6 records/sec (0,04 MB/sec), 22,9 ms avg latency, 644,0 ms max latency.
231 records sent, 46,1 records/sec (0,04 MB/sec), 21,7 ms avg latency, 643,0 ms max latency.
256 records sent, 50,6 records/sec (0,05 MB/sec), 19,7 ms avg latency, 620,0 ms max latency.
321 records sent, 62,0 records/sec (0,06 MB/sec), 16,1 ms avg latency, 633,0 ms max latency.
366 records sent, 72,4 records/sec (0,07 MB/sec), 13,8 ms avg latency, 625,0 ms max latency.
553 records sent, 106,5 records/sec (0,10 MB/sec), 9,4 ms avg latency, 210,0 ms max latency.
369 records sent, 73,0 records/sec (0,07 MB/sec), 13,7 ms avg latency, 209,0 ms max latency.
291 records sent, 57,0 records/sec (0,05 MB/sec), 17,5 ms avg latency, 210,0 ms max latency.
295 records sent, 57,5 records/sec (0,05 MB/sec), 17,4 ms avg latency, 211,0 ms max latency.
161 records sent, 30,9 records/sec (0,03 MB/sec), 32,3 ms avg latency, 1525,0 ms max latency.
261 records sent, 50,7 records/sec (0,05 MB/sec), 19,7 ms avg latency, 1733,0 ms max latency.
327 records sent, 65,4 records/sec (0,06 MB/sec), 15,3 ms avg latency, 640,0 ms max latency.
360 records sent, 68,4 records/sec (0,07 MB/sec), 14,6 ms avg latency, 637,0 ms max latency.
263 records sent, 52,0 records/sec (0,05 MB/sec), 19,2 ms avg latency, 641,0 ms max latency.
299 records sent, 58,5 records/sec (0,06 MB/sec), 17,1 ms avg latency, 210,0 ms max latency.
340 records sent, 68,0 records/sec (0,06 MB/sec), 14,7 ms avg latency, 621,0 ms max latency.
246 records sent, 48,4 records/sec (0,05 MB/sec), 20,7 ms avg latency, 650,0 ms max latency.
291 records sent, 56,7 records/sec (0,05 MB/sec), 17,6 ms avg latency, 636,0 ms max latency.
266 records sent, 52,3 records/sec (0,05 MB/sec), 19,1 ms avg latency, 636,0 ms max latency.
209 records sent, 40,1 records/sec (0,04 MB/sec), 24,9 ms avg latency, 648,0 ms max latency.
226 records sent, 45,2 records/sec (0,04 MB/sec), 22,1 ms avg latency, 639,0 ms max latency.
173 records sent, 33,8 records/sec (0,03 MB/sec), 29,6 ms avg latency, 639,0 ms max latency.
222 records sent, 44,3 records/sec (0,04 MB/sec), 22,5 ms avg latency, 638,0 ms max latency.
339 records sent, 67,8 records/sec (0,06 MB/sec), 14,7 ms avg latency, 624,0 ms max latency.
284 records sent, 55,4 records/sec (0,05 MB/sec), 18,0 ms avg latency, 642,0 ms max latency.
309 records sent, 59,6 records/sec (0,06 MB/sec), 16,8 ms avg latency, 642,0 ms max latency.
295 records sent, 57,5 records/sec (0,05 MB/sec), 17,4 ms avg latency, 640,0 ms max latency.
362 records sent, 71,5 records/sec (0,07 MB/sec), 14,0 ms avg latency, 648,0 ms max latency.
418 records sent, 83,5 records/sec (0,08 MB/sec), 12,0 ms avg latency, 644,0 ms max latency.
312 records sent, 60,5 records/sec (0,06 MB/sec), 16,5 ms avg latency, 621,0 ms max latency.
254 records sent, 50,5 records/sec (0,05 MB/sec), 19,8 ms avg latency, 619,0 ms max latency.
251 records sent, 49,6 records/sec (0,05 MB/sec), 20,2 ms avg latency, 633,0 ms max latency.
198 records sent, 38,6 records/sec (0,04 MB/sec), 25,9 ms avg latency, 210,0 ms max latency.
137 records sent, 23,8 records/sec (0,02 MB/sec), 42,1 ms avg latency, 1517,0 ms max latency.
252 records sent, 50,0 records/sec (0,05 MB/sec), 20,0 ms avg latency, 209,0 ms max latency.
163 records sent, 31,7 records/sec (0,03 MB/sec), 31,5 ms avg latency, 1730,0 ms max latency.
291 records sent, 57,1 records/sec (0,05 MB/sec), 17,5 ms avg latency, 210,0 ms max latency.
310 records sent, 60,1 records/sec (0,06 MB/sec), 16,6 ms avg latency, 638,0 ms max latency.
258 records sent, 50,9 records/sec (0,05 MB/sec), 19,6 ms avg latency, 638,0 ms max latency.
160 records sent, 31,1 records/sec (0,03 MB/sec), 32,2 ms avg latency, 647,0 ms max latency.
169 records sent, 33,3 records/sec (0,03 MB/sec), 30,0 ms avg latency, 210,0 ms max latency.
201 records sent, 39,0 records/sec (0,04 MB/sec), 25,6 ms avg latency, 626,0 ms max latency.
359 records sent, 71,5 records/sec (0,07 MB/sec), 14,0 ms avg latency, 210,0 ms max latency.
273 records sent, 53,5 records/sec (0,05 MB/sec), 18,7 ms avg latency, 643,0 ms max latency.
267 records sent, 52,7 records/sec (0,05 MB/sec), 19,0 ms avg latency, 209,0 ms max latency.
255 records sent, 50,8 records/sec (0,05 MB/sec), 19,7 ms avg latency, 627,0 ms max latency.
400 records sent, 78,3 records/sec (0,07 MB/sec), 12,8 ms avg latency, 210,0 ms max latency.
397 records sent, 77,7 records/sec (0,07 MB/sec), 12,9 ms avg latency, 210,0 ms max latency.
341 records sent, 68,2 records/sec (0,07 MB/sec), 14,7 ms avg latency, 210,0 ms max latency.
314 records sent, 58,5 records/sec (0,06 MB/sec), 17,1 ms avg latency, 640,0 ms max latency.
344 records sent, 68,8 records/sec (0,07 MB/sec), 14,5 ms avg latency, 644,0 ms max latency.
331 records sent, 63,7 records/sec (0,06 MB/sec), 15,7 ms avg latency, 641,0 ms max latency.
340 records sent, 65,5 records/sec (0,06 MB/sec), 15,3 ms avg latency, 621,0 ms max latency.
284 records sent, 53,2 records/sec (0,05 MB/sec), 18,8 ms avg latency, 644,0 ms max latency.
299 records sent, 58,0 records/sec (0,06 MB/sec), 17,3 ms avg latency, 646,0 ms max latency.
290 records sent, 54,3 records/sec (0,05 MB/sec), 18,4 ms avg latency, 624,0 ms max latency.
313 records sent, 60,4 records/sec (0,06 MB/sec), 16,5 ms avg latency, 649,0 ms max latency.
335 records sent, 67,0 records/sec (0,06 MB/sec), 14,9 ms avg latency, 634,0 ms max latency.
387 records sent, 75,6 records/sec (0,07 MB/sec), 13,2 ms avg latency, 640,0 ms max latency.
346 records sent, 69,2 records/sec (0,07 MB/sec), 14,4 ms avg latency, 627,0 ms max latency.
418 records sent, 81,2 records/sec (0,08 MB/sec), 12,3 ms avg latency, 636,0 ms max latency.
305 records sent, 59,0 records/sec (0,06 MB/sec), 17,0 ms avg latency, 637,0 ms max latency.
328 records sent, 65,6 records/sec (0,06 MB/sec), 15,2 ms avg latency, 632,0 ms max latency.
408 records sent, 79,2 records/sec (0,08 MB/sec), 12,6 ms avg latency, 648,0 ms max latency.
264 records sent, 51,7 records/sec (0,05 MB/sec), 19,3 ms avg latency, 640,0 ms max latency.
326 records sent, 63,2 records/sec (0,06 MB/sec), 15,8 ms avg latency, 623,0 ms max latency.
240 records sent, 47,8 records/sec (0,05 MB/sec), 20,9 ms avg latency, 631,0 ms max latency.
237 records sent, 47,4 records/sec (0,05 MB/sec), 21,1 ms avg latency, 619,0 ms max latency.
290 records sent, 56,9 records/sec (0,05 MB/sec), 17,6 ms avg latency, 210,0 ms max latency.
315 records sent, 61,1 records/sec (0,06 MB/sec), 16,4 ms avg latency, 628,0 ms max latency.
376 records sent, 74,5 records/sec (0,07 MB/sec), 13,4 ms avg latency, 629,0 ms max latency.
371 records sent, 73,2 records/sec (0,07 MB/sec), 13,6 ms avg latency, 640,0 ms max latency.
439 records sent, 84,9 records/sec (0,08 MB/sec), 11,8 ms avg latency, 210,0 ms max latency.
247 records sent, 49,0 records/sec (0,05 MB/sec), 20,4 ms avg latency, 647,0 ms max latency.
240 records sent, 45,9 records/sec (0,04 MB/sec), 21,8 ms avg latency, 627,0 ms max latency.
221 records sent, 44,0 records/sec (0,04 MB/sec), 22,7 ms avg latency, 646,0 ms max latency.
258 records sent, 47,2 records/sec (0,04 MB/sec), 21,2 ms avg latency, 625,0 ms max latency.
80000 records sent, 57,568245 records/sec (0,05 MB/sec), 17,35 ms avg latency, 1733,00 ms max latency, 2 ms 50th, 207 ms 95th, 210 ms 99th, 643 ms 99.9th.

Metric Name                                                                          Value
app-info:commit-id:{client-id=producer-1}                                          : d4284cbebb6f0a4c
app-info:start-time-ms:{client-id=producer-1}                                      : 1592679562395
app-info:version:{client-id=producer-1}                                            : 2.3.1
kafka-metrics-count:count:{client-id=producer-1}                                   : 126,000
producer-metrics:batch-size-avg:{client-id=producer-1}                             : 1075,000
producer-metrics:batch-size-max:{client-id=producer-1}                             : 1075,000
producer-metrics:batch-split-rate:{client-id=producer-1}                           : 0,000
producer-metrics:batch-split-total:{client-id=producer-1}                          : 0,000
producer-metrics:buffer-available-bytes:{client-id=producer-1}                     : 33554432,000
producer-metrics:buffer-exhausted-rate:{client-id=producer-1}                      : 0,000
producer-metrics:buffer-exhausted-total:{client-id=producer-1}                     : 0,000
producer-metrics:buffer-total-bytes:{client-id=producer-1}                         : 33554432,000
producer-metrics:bufferpool-wait-ratio:{client-id=producer-1}                      : 0,000
producer-metrics:bufferpool-wait-time-total:{client-id=producer-1}                 : 0,000
producer-metrics:compression-rate-avg:{client-id=producer-1}                       : 1,000
producer-metrics:connection-close-rate:{client-id=producer-1}                      : 0,000
producer-metrics:connection-close-total:{client-id=producer-1}                     : 19,000
producer-metrics:connection-count:{client-id=producer-1}                           : 3,000
producer-metrics:connection-creation-rate:{client-id=producer-1}                   : 0,000
producer-metrics:connection-creation-total:{client-id=producer-1}                  : 22,000
producer-metrics:failed-authentication-rate:{client-id=producer-1}                 : 0,000
producer-metrics:failed-authentication-total:{client-id=producer-1}                : 0,000
producer-metrics:failed-reauthentication-rate:{client-id=producer-1}               : 0,000
producer-metrics:failed-reauthentication-total:{client-id=producer-1}              : 0,000
producer-metrics:incoming-byte-rate:{client-id=producer-1}                         : 3555,275
producer-metrics:incoming-byte-total:{client-id=producer-1}                        : 4972453,000
producer-metrics:io-ratio:{client-id=producer-1}                                   : 0,002
producer-metrics:io-time-ns-avg:{client-id=producer-1}                             : 11808,988
producer-metrics:io-wait-ratio:{client-id=producer-1}                              : 1,000
producer-metrics:io-wait-time-ns-avg:{client-id=producer-1}                        : 5814509,222
producer-metrics:io-waittime-total:{client-id=producer-1}                          : 1380489938819,000
producer-metrics:iotime-total:{client-id=producer-1}                               : 3172401043,000
producer-metrics:metadata-age:{client-id=producer-1}                               : 214,842
producer-metrics:network-io-rate:{client-id=producer-1}                            : 114,654
producer-metrics:network-io-total:{client-id=producer-1}                           : 160104,000
producer-metrics:outgoing-byte-rate:{client-id=producer-1}                         : 65630,097
producer-metrics:outgoing-byte-total:{client-id=producer-1}                        : 91610928,000
producer-metrics:produce-throttle-time-avg:{client-id=producer-1}                  : 0,000
producer-metrics:produce-throttle-time-max:{client-id=producer-1}                  : 0,000
producer-metrics:reauthentication-latency-avg:{client-id=producer-1}               : NaN
producer-metrics:reauthentication-latency-max:{client-id=producer-1}               : NaN
producer-metrics:record-error-rate:{client-id=producer-1}                          : 0,000
producer-metrics:record-error-total:{client-id=producer-1}                         : 0,000
producer-metrics:record-queue-time-avg:{client-id=producer-1}                      : 0,019
producer-metrics:record-queue-time-max:{client-id=producer-1}                      : 1,000
producer-metrics:record-retry-rate:{client-id=producer-1}                          : 0,000
producer-metrics:record-retry-total:{client-id=producer-1}                         : 18,000
producer-metrics:record-send-rate:{client-id=producer-1}                           : 57,314
producer-metrics:record-send-total:{client-id=producer-1}                          : 80018,000
producer-metrics:record-size-avg:{client-id=producer-1}                            : 1091,000
producer-metrics:record-size-max:{client-id=producer-1}                            : 1091,000
producer-metrics:records-per-request-avg:{client-id=producer-1}                    : 1,000
producer-metrics:request-latency-avg:{client-id=producer-1}                        : 17,485
producer-metrics:request-latency-max:{client-id=producer-1}                        : 647,000
producer-metrics:request-rate:{client-id=producer-1}                               : 57,314
producer-metrics:request-size-avg:{client-id=producer-1}                           : 1145,000
producer-metrics:request-size-max:{client-id=producer-1}                           : 1145,000
producer-metrics:request-total:{client-id=producer-1}                              : 80061,000
producer-metrics:requests-in-flight:{client-id=producer-1}                         : 0,000
producer-metrics:response-rate:{client-id=producer-1}                              : 57,341
producer-metrics:response-total:{client-id=producer-1}                             : 80043,000
producer-metrics:select-rate:{client-id=producer-1}                                : 171,912
producer-metrics:select-total:{client-id=producer-1}                               : 239967,000
producer-metrics:successful-authentication-no-reauth-total:{client-id=producer-1}  : 0,000
producer-metrics:successful-authentication-rate:{client-id=producer-1}             : 0,000
producer-metrics:successful-authentication-total:{client-id=producer-1}            : 0,000
producer-metrics:successful-reauthentication-rate:{client-id=producer-1}           : 0,000
producer-metrics:successful-reauthentication-total:{client-id=producer-1}          : 0,000
producer-metrics:waiting-threads:{client-id=producer-1}                            : 0,000
producer-node-metrics:incoming-byte-rate:{client-id=producer-1, node-id=node--3}   : 0,000
producer-node-metrics:incoming-byte-rate:{client-id=producer-1, node-id=node-1}    : 1178,379
producer-node-metrics:incoming-byte-rate:{client-id=producer-1, node-id=node-3}    : 1176,542
producer-node-metrics:incoming-byte-rate:{client-id=producer-1, node-id=node-6}    : 1165,132
producer-node-metrics:incoming-byte-total:{client-id=producer-1, node-id=node--3}  : 579,000
producer-node-metrics:incoming-byte-total:{client-id=producer-1, node-id=node-1}   : 1650190,000
producer-node-metrics:incoming-byte-total:{client-id=producer-1, node-id=node-3}   : 1659118,000
producer-node-metrics:incoming-byte-total:{client-id=producer-1, node-id=node-6}   : 1662566,000
producer-node-metrics:outgoing-byte-rate:{client-id=producer-1, node-id=node--3}   : 0,000
producer-node-metrics:outgoing-byte-rate:{client-id=producer-1, node-id=node-1}    : 21957,012
producer-node-metrics:outgoing-byte-rate:{client-id=producer-1, node-id=node-3}    : 22075,792
producer-node-metrics:outgoing-byte-rate:{client-id=producer-1, node-id=node-6}    : 21483,745
producer-node-metrics:outgoing-byte-total:{client-id=producer-1, node-id=node--3}  : 67,000
producer-node-metrics:outgoing-byte-total:{client-id=producer-1, node-id=node-1}   : 30398954,000
producer-node-metrics:outgoing-byte-total:{client-id=producer-1, node-id=node-3}   : 30563737,000
producer-node-metrics:outgoing-byte-total:{client-id=producer-1, node-id=node-6}   : 30648170,000
producer-node-metrics:request-latency-avg:{client-id=producer-1, node-id=node--3}  : NaN
producer-node-metrics:request-latency-avg:{client-id=producer-1, node-id=node-1}   : 18,815
producer-node-metrics:request-latency-avg:{client-id=producer-1, node-id=node-3}   : 16,882
producer-node-metrics:request-latency-avg:{client-id=producer-1, node-id=node-6}   : 18,123
producer-node-metrics:request-latency-max:{client-id=producer-1, node-id=node--3}  : NaN
producer-node-metrics:request-latency-max:{client-id=producer-1, node-id=node-1}   : 645,000
producer-node-metrics:request-latency-max:{client-id=producer-1, node-id=node-3}   : 639,000
producer-node-metrics:request-latency-max:{client-id=producer-1, node-id=node-6}   : 647,000
producer-node-metrics:request-rate:{client-id=producer-1, node-id=node--3}         : 0,000
producer-node-metrics:request-rate:{client-id=producer-1, node-id=node-1}          : 19,175
producer-node-metrics:request-rate:{client-id=producer-1, node-id=node-3}          : 19,279
producer-node-metrics:request-rate:{client-id=producer-1, node-id=node-6}          : 18,762
producer-node-metrics:request-size-avg:{client-id=producer-1, node-id=node--3}     : NaN
producer-node-metrics:request-size-avg:{client-id=producer-1, node-id=node-1}      : 1145,000
producer-node-metrics:request-size-avg:{client-id=producer-1, node-id=node-3}      : 1145,000
producer-node-metrics:request-size-avg:{client-id=producer-1, node-id=node-6}      : 1145,000
producer-node-metrics:request-size-max:{client-id=producer-1, node-id=node--3}     : NaN
producer-node-metrics:request-size-max:{client-id=producer-1, node-id=node-1}      : 1145,000
producer-node-metrics:request-size-max:{client-id=producer-1, node-id=node-3}      : 1145,000
producer-node-metrics:request-size-max:{client-id=producer-1, node-id=node-6}      : 1145,000
producer-node-metrics:request-total:{client-id=producer-1, node-id=node--3}        : 2,000
producer-node-metrics:request-total:{client-id=producer-1, node-id=node-1}         : 26567,000
producer-node-metrics:request-total:{client-id=producer-1, node-id=node-3}         : 26711,000
producer-node-metrics:request-total:{client-id=producer-1, node-id=node-6}         : 26781,000
producer-node-metrics:response-rate:{client-id=producer-1, node-id=node--3}        : 0,000
producer-node-metrics:response-rate:{client-id=producer-1, node-id=node-1}         : 19,006
producer-node-metrics:response-rate:{client-id=producer-1, node-id=node-3}         : 18,976
producer-node-metrics:response-rate:{client-id=producer-1, node-id=node-6}         : 18,792
producer-node-metrics:response-total:{client-id=producer-1, node-id=node--3}       : 2,000
producer-node-metrics:response-total:{client-id=producer-1, node-id=node-1}        : 26561,000
producer-node-metrics:response-total:{client-id=producer-1, node-id=node-3}        : 26705,000
producer-node-metrics:response-total:{client-id=producer-1, node-id=node-6}        : 26775,000
producer-topic-metrics:byte-rate:{client-id=producer-1, topic=test-topic}          : 61612,354
producer-topic-metrics:byte-total:{client-id=producer-1, topic=test-topic}         : 86008237,000
producer-topic-metrics:compression-rate:{client-id=producer-1, topic=test-topic}   : 1,000
producer-topic-metrics:record-error-rate:{client-id=producer-1, topic=test-topic}  : 0,000
producer-topic-metrics:record-error-total:{client-id=producer-1, topic=test-topic} : 0,000
producer-topic-metrics:record-retry-rate:{client-id=producer-1, topic=test-topic}  : 0,000
producer-topic-metrics:record-retry-total:{client-id=producer-1, topic=test-topic} : 18,000
producer-topic-metrics:record-send-rate:{client-id=producer-1, topic=test-topic}   : 57,314
producer-topic-metrics:record-send-total:{client-id=producer-1, topic=test-topic}  : 80018,000
Produce Time: 1389.655
Aplication time: 1390.332
*****Produção finalizada, esperando 180 s para buscar WM*****
Water mark: 80000
