Topic to send: test-topic
Topic to acks: -1
Records: 80000
Size:1000
313 records sent, 61,5 records/sec (0,06 MB/sec), 16,2 ms avg latency, 637,0 ms max latency.
362 records sent, 71,7 records/sec (0,07 MB/sec), 13,9 ms avg latency, 648,0 ms max latency.
249 records sent, 49,8 records/sec (0,05 MB/sec), 20,0 ms avg latency, 1515,0 ms max latency.
201 records sent, 39,5 records/sec (0,04 MB/sec), 25,3 ms avg latency, 1528,0 ms max latency.
277 records sent, 55,4 records/sec (0,05 MB/sec), 18,0 ms avg latency, 648,0 ms max latency.
313 records sent, 62,3 records/sec (0,06 MB/sec), 16,0 ms avg latency, 631,0 ms max latency.
319 records sent, 62,6 records/sec (0,06 MB/sec), 15,9 ms avg latency, 1523,0 ms max latency.
282 records sent, 55,9 records/sec (0,05 MB/sec), 17,8 ms avg latency, 1515,0 ms max latency.
291 records sent, 56,4 records/sec (0,05 MB/sec), 17,7 ms avg latency, 627,0 ms max latency.
231 records sent, 45,7 records/sec (0,04 MB/sec), 21,9 ms avg latency, 641,0 ms max latency.
378 records sent, 73,8 records/sec (0,07 MB/sec), 13,5 ms avg latency, 644,0 ms max latency.
277 records sent, 54,0 records/sec (0,05 MB/sec), 18,5 ms avg latency, 642,0 ms max latency.
285 records sent, 55,4 records/sec (0,05 MB/sec), 18,0 ms avg latency, 1495,0 ms max latency.
95 records sent, 18,7 records/sec (0,02 MB/sec), 53,4 ms avg latency, 1542,0 ms max latency.
320 records sent, 56,8 records/sec (0,05 MB/sec), 17,6 ms avg latency, 649,0 ms max latency.
231 records sent, 45,7 records/sec (0,04 MB/sec), 21,9 ms avg latency, 645,0 ms max latency.
234 records sent, 46,6 records/sec (0,04 MB/sec), 21,4 ms avg latency, 646,0 ms max latency.
387 records sent, 69,6 records/sec (0,07 MB/sec), 14,3 ms avg latency, 647,0 ms max latency.
249 records sent, 49,2 records/sec (0,05 MB/sec), 20,3 ms avg latency, 636,0 ms max latency.
270 records sent, 52,7 records/sec (0,05 MB/sec), 19,0 ms avg latency, 640,0 ms max latency.
121 records sent, 24,1 records/sec (0,02 MB/sec), 41,5 ms avg latency, 640,0 ms max latency.
370 records sent, 73,2 records/sec (0,07 MB/sec), 13,7 ms avg latency, 619,0 ms max latency.
446 records sent, 85,8 records/sec (0,08 MB/sec), 11,6 ms avg latency, 212,0 ms max latency.
269 records sent, 52,8 records/sec (0,05 MB/sec), 18,9 ms avg latency, 634,0 ms max latency.
255 records sent, 50,4 records/sec (0,05 MB/sec), 19,8 ms avg latency, 643,0 ms max latency.
347 records sent, 69,0 records/sec (0,07 MB/sec), 14,5 ms avg latency, 637,0 ms max latency.
196 records sent, 37,8 records/sec (0,04 MB/sec), 26,4 ms avg latency, 646,0 ms max latency.
267 records sent, 50,4 records/sec (0,05 MB/sec), 19,8 ms avg latency, 642,0 ms max latency.
364 records sent, 72,1 records/sec (0,07 MB/sec), 13,9 ms avg latency, 640,0 ms max latency.
413 records sent, 80,7 records/sec (0,08 MB/sec), 12,4 ms avg latency, 209,0 ms max latency.
284 records sent, 55,6 records/sec (0,05 MB/sec), 18,0 ms avg latency, 643,0 ms max latency.
300 records sent, 58,5 records/sec (0,06 MB/sec), 17,1 ms avg latency, 633,0 ms max latency.
349 records sent, 69,8 records/sec (0,07 MB/sec), 14,3 ms avg latency, 210,0 ms max latency.
334 records sent, 66,8 records/sec (0,06 MB/sec), 15,0 ms avg latency, 638,0 ms max latency.
306 records sent, 57,0 records/sec (0,05 MB/sec), 17,5 ms avg latency, 630,0 ms max latency.
333 records sent, 64,4 records/sec (0,06 MB/sec), 15,5 ms avg latency, 210,0 ms max latency.
279 records sent, 50,8 records/sec (0,05 MB/sec), 19,6 ms avg latency, 626,0 ms max latency.
265 records sent, 52,1 records/sec (0,05 MB/sec), 19,2 ms avg latency, 647,0 ms max latency.
324 records sent, 62,7 records/sec (0,06 MB/sec), 15,9 ms avg latency, 648,0 ms max latency.
238 records sent, 47,5 records/sec (0,05 MB/sec), 21,1 ms avg latency, 639,0 ms max latency.
317 records sent, 61,2 records/sec (0,06 MB/sec), 16,3 ms avg latency, 638,0 ms max latency.
381 records sent, 69,3 records/sec (0,07 MB/sec), 14,4 ms avg latency, 636,0 ms max latency.
296 records sent, 58,0 records/sec (0,06 MB/sec), 17,2 ms avg latency, 210,0 ms max latency.
307 records sent, 59,8 records/sec (0,06 MB/sec), 16,7 ms avg latency, 210,0 ms max latency.
324 records sent, 62,8 records/sec (0,06 MB/sec), 15,9 ms avg latency, 210,0 ms max latency.
270 records sent, 51,0 records/sec (0,05 MB/sec), 19,6 ms avg latency, 641,0 ms max latency.
366 records sent, 72,4 records/sec (0,07 MB/sec), 13,8 ms avg latency, 637,0 ms max latency.
332 records sent, 63,8 records/sec (0,06 MB/sec), 15,7 ms avg latency, 634,0 ms max latency.
370 records sent, 73,3 records/sec (0,07 MB/sec), 13,6 ms avg latency, 210,0 ms max latency.
380 records sent, 75,2 records/sec (0,07 MB/sec), 13,3 ms avg latency, 210,0 ms max latency.
346 records sent, 69,2 records/sec (0,07 MB/sec), 14,4 ms avg latency, 627,0 ms max latency.
257 records sent, 51,1 records/sec (0,05 MB/sec), 19,6 ms avg latency, 628,0 ms max latency.
395 records sent, 77,5 records/sec (0,07 MB/sec), 12,9 ms avg latency, 642,0 ms max latency.
390 records sent, 76,8 records/sec (0,07 MB/sec), 13,0 ms avg latency, 210,0 ms max latency.
309 records sent, 57,7 records/sec (0,06 MB/sec), 17,3 ms avg latency, 634,0 ms max latency.
315 records sent, 60,9 records/sec (0,06 MB/sec), 16,4 ms avg latency, 648,0 ms max latency.
341 records sent, 68,2 records/sec (0,07 MB/sec), 14,6 ms avg latency, 645,0 ms max latency.
343 records sent, 68,6 records/sec (0,07 MB/sec), 14,6 ms avg latency, 210,0 ms max latency.
339 records sent, 65,2 records/sec (0,06 MB/sec), 15,3 ms avg latency, 629,0 ms max latency.
446 records sent, 89,2 records/sec (0,09 MB/sec), 11,2 ms avg latency, 209,0 ms max latency.
298 records sent, 57,9 records/sec (0,06 MB/sec), 17,3 ms avg latency, 646,0 ms max latency.
244 records sent, 48,5 records/sec (0,05 MB/sec), 20,6 ms avg latency, 638,0 ms max latency.
329 records sent, 65,8 records/sec (0,06 MB/sec), 15,2 ms avg latency, 648,0 ms max latency.
322 records sent, 62,1 records/sec (0,06 MB/sec), 16,1 ms avg latency, 639,0 ms max latency.
252 records sent, 49,8 records/sec (0,05 MB/sec), 20,0 ms avg latency, 633,0 ms max latency.
343 records sent, 68,6 records/sec (0,07 MB/sec), 14,6 ms avg latency, 628,0 ms max latency.
247 records sent, 49,1 records/sec (0,05 MB/sec), 20,4 ms avg latency, 629,0 ms max latency.
322 records sent, 64,4 records/sec (0,06 MB/sec), 15,5 ms avg latency, 648,0 ms max latency.
303 records sent, 54,5 records/sec (0,05 MB/sec), 18,3 ms avg latency, 628,0 ms max latency.
265 records sent, 52,0 records/sec (0,05 MB/sec), 19,2 ms avg latency, 645,0 ms max latency.
410 records sent, 79,5 records/sec (0,08 MB/sec), 12,6 ms avg latency, 642,0 ms max latency.
217 records sent, 43,4 records/sec (0,04 MB/sec), 23,0 ms avg latency, 639,0 ms max latency.
307 records sent, 59,5 records/sec (0,06 MB/sec), 16,8 ms avg latency, 649,0 ms max latency.
299 records sent, 58,0 records/sec (0,06 MB/sec), 17,3 ms avg latency, 646,0 ms max latency.
312 records sent, 62,4 records/sec (0,06 MB/sec), 16,0 ms avg latency, 647,0 ms max latency.
303 records sent, 58,5 records/sec (0,06 MB/sec), 17,1 ms avg latency, 649,0 ms max latency.
256 records sent, 50,8 records/sec (0,05 MB/sec), 19,7 ms avg latency, 636,0 ms max latency.
315 records sent, 61,2 records/sec (0,06 MB/sec), 16,3 ms avg latency, 624,0 ms max latency.
308 records sent, 59,5 records/sec (0,06 MB/sec), 16,8 ms avg latency, 633,0 ms max latency.
330 records sent, 58,8 records/sec (0,06 MB/sec), 17,0 ms avg latency, 648,0 ms max latency.
329 records sent, 63,6 records/sec (0,06 MB/sec), 15,7 ms avg latency, 209,0 ms max latency.
201 records sent, 38,8 records/sec (0,04 MB/sec), 25,8 ms avg latency, 644,0 ms max latency.
401 records sent, 77,8 records/sec (0,07 MB/sec), 12,8 ms avg latency, 650,0 ms max latency.
197 records sent, 38,2 records/sec (0,04 MB/sec), 26,1 ms avg latency, 636,0 ms max latency.
351 records sent, 70,0 records/sec (0,07 MB/sec), 14,3 ms avg latency, 633,0 ms max latency.
246 records sent, 49,2 records/sec (0,05 MB/sec), 20,3 ms avg latency, 209,0 ms max latency.
254 records sent, 50,2 records/sec (0,05 MB/sec), 19,9 ms avg latency, 629,0 ms max latency.
261 records sent, 51,6 records/sec (0,05 MB/sec), 19,4 ms avg latency, 645,0 ms max latency.
292 records sent, 57,2 records/sec (0,05 MB/sec), 17,5 ms avg latency, 210,0 ms max latency.
297 records sent, 57,7 records/sec (0,06 MB/sec), 17,3 ms avg latency, 211,0 ms max latency.
222 records sent, 42,9 records/sec (0,04 MB/sec), 23,3 ms avg latency, 625,0 ms max latency.
238 records sent, 47,6 records/sec (0,05 MB/sec), 21,0 ms avg latency, 210,0 ms max latency.
252 records sent, 50,0 records/sec (0,05 MB/sec), 20,0 ms avg latency, 636,0 ms max latency.
276 records sent, 54,1 records/sec (0,05 MB/sec), 18,5 ms avg latency, 639,0 ms max latency.
291 records sent, 57,0 records/sec (0,05 MB/sec), 17,5 ms avg latency, 210,0 ms max latency.
271 records sent, 53,4 records/sec (0,05 MB/sec), 18,7 ms avg latency, 631,0 ms max latency.
235 records sent, 45,3 records/sec (0,04 MB/sec), 22,1 ms avg latency, 209,0 ms max latency.
270 records sent, 53,2 records/sec (0,05 MB/sec), 18,8 ms avg latency, 643,0 ms max latency.
258 records sent, 51,2 records/sec (0,05 MB/sec), 19,5 ms avg latency, 626,0 ms max latency.
349 records sent, 69,8 records/sec (0,07 MB/sec), 14,3 ms avg latency, 632,0 ms max latency.
252 records sent, 50,2 records/sec (0,05 MB/sec), 19,9 ms avg latency, 633,0 ms max latency.
318 records sent, 61,8 records/sec (0,06 MB/sec), 16,2 ms avg latency, 213,0 ms max latency.
258 records sent, 51,3 records/sec (0,05 MB/sec), 19,5 ms avg latency, 210,0 ms max latency.
230 records sent, 46,0 records/sec (0,04 MB/sec), 21,7 ms avg latency, 643,0 ms max latency.
258 records sent, 51,2 records/sec (0,05 MB/sec), 19,5 ms avg latency, 632,0 ms max latency.
353 records sent, 67,8 records/sec (0,06 MB/sec), 14,7 ms avg latency, 210,0 ms max latency.
315 records sent, 63,0 records/sec (0,06 MB/sec), 15,9 ms avg latency, 638,0 ms max latency.
248 records sent, 49,4 records/sec (0,05 MB/sec), 20,2 ms avg latency, 210,0 ms max latency.
346 records sent, 68,4 records/sec (0,07 MB/sec), 14,6 ms avg latency, 629,0 ms max latency.
269 records sent, 53,3 records/sec (0,05 MB/sec), 18,8 ms avg latency, 633,0 ms max latency.
311 records sent, 60,6 records/sec (0,06 MB/sec), 16,5 ms avg latency, 210,0 ms max latency.
342 records sent, 66,0 records/sec (0,06 MB/sec), 15,1 ms avg latency, 215,0 ms max latency.
317 records sent, 61,5 records/sec (0,06 MB/sec), 16,2 ms avg latency, 633,0 ms max latency.
250 records sent, 49,9 records/sec (0,05 MB/sec), 20,0 ms avg latency, 210,0 ms max latency.
253 records sent, 50,0 records/sec (0,05 MB/sec), 20,0 ms avg latency, 644,0 ms max latency.
271 records sent, 53,6 records/sec (0,05 MB/sec), 18,6 ms avg latency, 622,0 ms max latency.
328 records sent, 63,3 records/sec (0,06 MB/sec), 15,8 ms avg latency, 631,0 ms max latency.
367 records sent, 72,9 records/sec (0,07 MB/sec), 13,7 ms avg latency, 210,0 ms max latency.
391 records sent, 73,7 records/sec (0,07 MB/sec), 13,5 ms avg latency, 634,0 ms max latency.
369 records sent, 73,2 records/sec (0,07 MB/sec), 13,6 ms avg latency, 210,0 ms max latency.
338 records sent, 67,6 records/sec (0,06 MB/sec), 14,8 ms avg latency, 641,0 ms max latency.
241 records sent, 48,1 records/sec (0,05 MB/sec), 20,8 ms avg latency, 623,0 ms max latency.
387 records sent, 76,0 records/sec (0,07 MB/sec), 13,1 ms avg latency, 640,0 ms max latency.
308 records sent, 59,8 records/sec (0,06 MB/sec), 16,7 ms avg latency, 647,0 ms max latency.
415 records sent, 80,9 records/sec (0,08 MB/sec), 12,4 ms avg latency, 210,0 ms max latency.
312 records sent, 60,8 records/sec (0,06 MB/sec), 16,4 ms avg latency, 210,0 ms max latency.
302 records sent, 58,9 records/sec (0,06 MB/sec), 17,0 ms avg latency, 637,0 ms max latency.
343 records sent, 68,4 records/sec (0,07 MB/sec), 14,6 ms avg latency, 643,0 ms max latency.
350 records sent, 69,3 records/sec (0,07 MB/sec), 14,4 ms avg latency, 629,0 ms max latency.
286 records sent, 56,3 records/sec (0,05 MB/sec), 17,8 ms avg latency, 209,0 ms max latency.
319 records sent, 57,0 records/sec (0,05 MB/sec), 17,6 ms avg latency, 642,0 ms max latency.
329 records sent, 63,7 records/sec (0,06 MB/sec), 15,7 ms avg latency, 210,0 ms max latency.
403 records sent, 79,4 records/sec (0,08 MB/sec), 12,6 ms avg latency, 210,0 ms max latency.
306 records sent, 57,3 records/sec (0,05 MB/sec), 17,4 ms avg latency, 634,0 ms max latency.
390 records sent, 76,9 records/sec (0,07 MB/sec), 13,0 ms avg latency, 623,0 ms max latency.
268 records sent, 53,0 records/sec (0,05 MB/sec), 18,9 ms avg latency, 639,0 ms max latency.
407 records sent, 79,8 records/sec (0,08 MB/sec), 12,5 ms avg latency, 210,0 ms max latency.
422 records sent, 82,1 records/sec (0,08 MB/sec), 12,2 ms avg latency, 638,0 ms max latency.
275 records sent, 54,1 records/sec (0,05 MB/sec), 18,5 ms avg latency, 636,0 ms max latency.
349 records sent, 69,8 records/sec (0,07 MB/sec), 14,3 ms avg latency, 210,0 ms max latency.
355 records sent, 70,9 records/sec (0,07 MB/sec), 14,1 ms avg latency, 210,0 ms max latency.
302 records sent, 59,2 records/sec (0,06 MB/sec), 16,9 ms avg latency, 210,0 ms max latency.
350 records sent, 67,2 records/sec (0,06 MB/sec), 14,9 ms avg latency, 621,0 ms max latency.
266 records sent, 52,5 records/sec (0,05 MB/sec), 19,0 ms avg latency, 641,0 ms max latency.
352 records sent, 67,8 records/sec (0,06 MB/sec), 14,7 ms avg latency, 209,0 ms max latency.
427 records sent, 82,8 records/sec (0,08 MB/sec), 12,1 ms avg latency, 210,0 ms max latency.
233 records sent, 45,8 records/sec (0,04 MB/sec), 21,8 ms avg latency, 1526,0 ms max latency.
164 records sent, 32,1 records/sec (0,03 MB/sec), 31,1 ms avg latency, 646,0 ms max latency.
341 records sent, 65,5 records/sec (0,06 MB/sec), 15,2 ms avg latency, 210,0 ms max latency.
271 records sent, 51,2 records/sec (0,05 MB/sec), 19,5 ms avg latency, 639,0 ms max latency.
378 records sent, 74,2 records/sec (0,07 MB/sec), 13,5 ms avg latency, 636,0 ms max latency.
219 records sent, 43,5 records/sec (0,04 MB/sec), 23,0 ms avg latency, 1519,0 ms max latency.
285 records sent, 55,8 records/sec (0,05 MB/sec), 17,9 ms avg latency, 642,0 ms max latency.
233 records sent, 46,6 records/sec (0,04 MB/sec), 21,5 ms avg latency, 626,0 ms max latency.
364 records sent, 72,1 records/sec (0,07 MB/sec), 13,9 ms avg latency, 638,0 ms max latency.
218 records sent, 42,0 records/sec (0,04 MB/sec), 23,8 ms avg latency, 632,0 ms max latency.
388 records sent, 76,1 records/sec (0,07 MB/sec), 13,1 ms avg latency, 650,0 ms max latency.
251 records sent, 49,0 records/sec (0,05 MB/sec), 20,4 ms avg latency, 1532,0 ms max latency.
216 records sent, 43,1 records/sec (0,04 MB/sec), 23,2 ms avg latency, 646,0 ms max latency.
266 records sent, 50,2 records/sec (0,05 MB/sec), 19,9 ms avg latency, 638,0 ms max latency.
321 records sent, 64,2 records/sec (0,06 MB/sec), 15,6 ms avg latency, 649,0 ms max latency.
295 records sent, 57,4 records/sec (0,05 MB/sec), 17,4 ms avg latency, 640,0 ms max latency.
354 records sent, 70,8 records/sec (0,07 MB/sec), 14,1 ms avg latency, 622,0 ms max latency.
239 records sent, 47,5 records/sec (0,05 MB/sec), 21,0 ms avg latency, 641,0 ms max latency.
226 records sent, 43,5 records/sec (0,04 MB/sec), 23,0 ms avg latency, 642,0 ms max latency.
447 records sent, 86,4 records/sec (0,08 MB/sec), 11,6 ms avg latency, 210,0 ms max latency.
387 records sent, 76,1 records/sec (0,07 MB/sec), 13,1 ms avg latency, 620,0 ms max latency.
268 records sent, 52,8 records/sec (0,05 MB/sec), 18,9 ms avg latency, 635,0 ms max latency.
255 records sent, 50,4 records/sec (0,05 MB/sec), 19,8 ms avg latency, 643,0 ms max latency.
411 records sent, 80,4 records/sec (0,08 MB/sec), 12,4 ms avg latency, 636,0 ms max latency.
447 records sent, 85,9 records/sec (0,08 MB/sec), 11,6 ms avg latency, 643,0 ms max latency.
278 records sent, 54,5 records/sec (0,05 MB/sec), 18,3 ms avg latency, 644,0 ms max latency.
464 records sent, 92,8 records/sec (0,09 MB/sec), 10,8 ms avg latency, 626,0 ms max latency.
513 records sent, 100,1 records/sec (0,10 MB/sec), 10,0 ms avg latency, 210,0 ms max latency.
491 records sent, 97,1 records/sec (0,09 MB/sec), 10,3 ms avg latency, 637,0 ms max latency.
246 records sent, 49,1 records/sec (0,05 MB/sec), 20,3 ms avg latency, 210,0 ms max latency.
403 records sent, 79,2 records/sec (0,08 MB/sec), 12,6 ms avg latency, 636,0 ms max latency.
520 records sent, 101,2 records/sec (0,10 MB/sec), 9,9 ms avg latency, 644,0 ms max latency.
341 records sent, 68,2 records/sec (0,07 MB/sec), 14,7 ms avg latency, 635,0 ms max latency.
444 records sent, 85,5 records/sec (0,08 MB/sec), 11,7 ms avg latency, 626,0 ms max latency.
455 records sent, 91,0 records/sec (0,09 MB/sec), 11,0 ms avg latency, 624,0 ms max latency.
379 records sent, 74,5 records/sec (0,07 MB/sec), 13,4 ms avg latency, 647,0 ms max latency.
297 records sent, 57,6 records/sec (0,05 MB/sec), 17,4 ms avg latency, 647,0 ms max latency.
341 records sent, 68,2 records/sec (0,07 MB/sec), 14,6 ms avg latency, 210,0 ms max latency.
317 records sent, 61,1 records/sec (0,06 MB/sec), 16,4 ms avg latency, 648,0 ms max latency.
263 records sent, 51,9 records/sec (0,05 MB/sec), 19,3 ms avg latency, 635,0 ms max latency.
321 records sent, 61,7 records/sec (0,06 MB/sec), 16,2 ms avg latency, 648,0 ms max latency.
370 records sent, 72,7 records/sec (0,07 MB/sec), 13,7 ms avg latency, 640,0 ms max latency.
253 records sent, 50,1 records/sec (0,05 MB/sec), 20,0 ms avg latency, 641,0 ms max latency.
278 records sent, 53,6 records/sec (0,05 MB/sec), 18,6 ms avg latency, 1521,0 ms max latency.
367 records sent, 64,2 records/sec (0,06 MB/sec), 15,6 ms avg latency, 1503,0 ms max latency.
346 records sent, 69,0 records/sec (0,07 MB/sec), 14,5 ms avg latency, 628,0 ms max latency.
168 records sent, 30,2 records/sec (0,03 MB/sec), 33,1 ms avg latency, 1507,0 ms max latency.
352 records sent, 70,1 records/sec (0,07 MB/sec), 14,3 ms avg latency, 623,0 ms max latency.
208 records sent, 41,5 records/sec (0,04 MB/sec), 24,1 ms avg latency, 1507,0 ms max latency.
331 records sent, 66,2 records/sec (0,06 MB/sec), 15,1 ms avg latency, 648,0 ms max latency.
346 records sent, 69,2 records/sec (0,07 MB/sec), 14,4 ms avg latency, 618,0 ms max latency.
265 records sent, 52,5 records/sec (0,05 MB/sec), 19,0 ms avg latency, 623,0 ms max latency.
228 records sent, 45,4 records/sec (0,04 MB/sec), 22,0 ms avg latency, 1493,0 ms max latency.
305 records sent, 58,8 records/sec (0,06 MB/sec), 17,0 ms avg latency, 1712,0 ms max latency.
271 records sent, 53,2 records/sec (0,05 MB/sec), 18,8 ms avg latency, 638,0 ms max latency.
264 records sent, 51,4 records/sec (0,05 MB/sec), 19,4 ms avg latency, 1520,0 ms max latency.
243 records sent, 47,8 records/sec (0,05 MB/sec), 20,9 ms avg latency, 1506,0 ms max latency.
419 records sent, 74,9 records/sec (0,07 MB/sec), 13,3 ms avg latency, 644,0 ms max latency.
322 records sent, 62,1 records/sec (0,06 MB/sec), 16,1 ms avg latency, 638,0 ms max latency.
413 records sent, 80,5 records/sec (0,08 MB/sec), 12,4 ms avg latency, 210,0 ms max latency.
266 records sent, 52,1 records/sec (0,05 MB/sec), 19,2 ms avg latency, 640,0 ms max latency.
268 records sent, 52,9 records/sec (0,05 MB/sec), 18,9 ms avg latency, 635,0 ms max latency.
312 records sent, 62,4 records/sec (0,06 MB/sec), 16,0 ms avg latency, 1509,0 ms max latency.
269 records sent, 52,4 records/sec (0,05 MB/sec), 19,1 ms avg latency, 1518,0 ms max latency.
341 records sent, 65,6 records/sec (0,06 MB/sec), 15,2 ms avg latency, 210,0 ms max latency.
338 records sent, 66,8 records/sec (0,06 MB/sec), 15,0 ms avg latency, 1519,0 ms max latency.
278 records sent, 54,1 records/sec (0,05 MB/sec), 18,5 ms avg latency, 1510,0 ms max latency.
286 records sent, 55,7 records/sec (0,05 MB/sec), 17,9 ms avg latency, 644,0 ms max latency.
313 records sent, 48,0 records/sec (0,05 MB/sec), 20,8 ms avg latency, 1529,0 ms max latency.
344 records sent, 68,5 records/sec (0,07 MB/sec), 14,6 ms avg latency, 623,0 ms max latency.
308 records sent, 57,5 records/sec (0,05 MB/sec), 17,4 ms avg latency, 631,0 ms max latency.
111 records sent, 22,2 records/sec (0,02 MB/sec), 45,1 ms avg latency, 644,0 ms max latency.
213 records sent, 42,5 records/sec (0,04 MB/sec), 23,5 ms avg latency, 1717,0 ms max latency.
469 records sent, 85,9 records/sec (0,08 MB/sec), 11,6 ms avg latency, 623,0 ms max latency.
220 records sent, 44,0 records/sec (0,04 MB/sec), 22,7 ms avg latency, 639,0 ms max latency.
386 records sent, 75,9 records/sec (0,07 MB/sec), 13,2 ms avg latency, 209,0 ms max latency.
234 records sent, 46,0 records/sec (0,04 MB/sec), 21,7 ms avg latency, 1721,0 ms max latency.
287 records sent, 56,4 records/sec (0,05 MB/sec), 17,7 ms avg latency, 629,0 ms max latency.
198 records sent, 38,4 records/sec (0,04 MB/sec), 26,0 ms avg latency, 641,0 ms max latency.
346 records sent, 69,1 records/sec (0,07 MB/sec), 14,5 ms avg latency, 636,0 ms max latency.
320 records sent, 64,0 records/sec (0,06 MB/sec), 15,6 ms avg latency, 644,0 ms max latency.
230 records sent, 45,8 records/sec (0,04 MB/sec), 21,8 ms avg latency, 634,0 ms max latency.
215 records sent, 42,5 records/sec (0,04 MB/sec), 23,5 ms avg latency, 1528,0 ms max latency.
262 records sent, 51,8 records/sec (0,05 MB/sec), 19,3 ms avg latency, 629,0 ms max latency.
339 records sent, 67,5 records/sec (0,06 MB/sec), 14,8 ms avg latency, 649,0 ms max latency.
328 records sent, 52,2 records/sec (0,05 MB/sec), 19,1 ms avg latency, 1520,0 ms max latency.
351 records sent, 70,2 records/sec (0,07 MB/sec), 14,2 ms avg latency, 209,0 ms max latency.
366 records sent, 72,8 records/sec (0,07 MB/sec), 13,7 ms avg latency, 209,0 ms max latency.
269 records sent, 53,0 records/sec (0,05 MB/sec), 18,8 ms avg latency, 637,0 ms max latency.
318 records sent, 61,6 records/sec (0,06 MB/sec), 16,2 ms avg latency, 640,0 ms max latency.
346 records sent, 68,7 records/sec (0,07 MB/sec), 14,5 ms avg latency, 648,0 ms max latency.
241 records sent, 48,2 records/sec (0,05 MB/sec), 20,8 ms avg latency, 624,0 ms max latency.
187 records sent, 34,5 records/sec (0,03 MB/sec), 29,0 ms avg latency, 1511,0 ms max latency.
211 records sent, 40,7 records/sec (0,04 MB/sec), 24,6 ms avg latency, 639,0 ms max latency.
482 records sent, 95,4 records/sec (0,09 MB/sec), 10,5 ms avg latency, 210,0 ms max latency.
233 records sent, 46,6 records/sec (0,04 MB/sec), 21,4 ms avg latency, 643,0 ms max latency.
308 records sent, 59,8 records/sec (0,06 MB/sec), 16,7 ms avg latency, 634,0 ms max latency.
399 records sent, 78,5 records/sec (0,07 MB/sec), 12,7 ms avg latency, 210,0 ms max latency.
261 records sent, 51,9 records/sec (0,05 MB/sec), 19,2 ms avg latency, 210,0 ms max latency.
214 records sent, 42,8 records/sec (0,04 MB/sec), 23,3 ms avg latency, 648,0 ms max latency.
309 records sent, 59,8 records/sec (0,06 MB/sec), 16,7 ms avg latency, 643,0 ms max latency.
346 records sent, 69,2 records/sec (0,07 MB/sec), 14,4 ms avg latency, 210,0 ms max latency.
226 records sent, 43,5 records/sec (0,04 MB/sec), 23,0 ms avg latency, 644,0 ms max latency.
231 records sent, 41,2 records/sec (0,04 MB/sec), 24,3 ms avg latency, 624,0 ms max latency.
257 records sent, 50,6 records/sec (0,05 MB/sec), 19,8 ms avg latency, 643,0 ms max latency.
423 records sent, 82,4 records/sec (0,08 MB/sec), 12,1 ms avg latency, 210,0 ms max latency.
244 records sent, 48,6 records/sec (0,05 MB/sec), 20,6 ms avg latency, 639,0 ms max latency.
329 records sent, 63,8 records/sec (0,06 MB/sec), 15,7 ms avg latency, 621,0 ms max latency.
240 records sent, 40,4 records/sec (0,04 MB/sec), 24,7 ms avg latency, 1518,0 ms max latency.
189 records sent, 37,8 records/sec (0,04 MB/sec), 26,4 ms avg latency, 1533,0 ms max latency.
293 records sent, 57,2 records/sec (0,05 MB/sec), 17,5 ms avg latency, 630,0 ms max latency.
349 records sent, 67,0 records/sec (0,06 MB/sec), 14,9 ms avg latency, 630,0 ms max latency.
290 records sent, 56,0 records/sec (0,05 MB/sec), 17,8 ms avg latency, 1529,0 ms max latency.
271 records sent, 52,8 records/sec (0,05 MB/sec), 18,9 ms avg latency, 1519,0 ms max latency.
80000 records sent, 59,748176 records/sec (0,06 MB/sec), 16,72 ms avg latency, 1721,00 ms max latency, 2 ms 50th, 207 ms 95th, 210 ms 99th, 644 ms 99.9th.

Metric Name                                                                          Value
app-info:commit-id:{client-id=producer-1}                                          : d4284cbebb6f0a4c
app-info:start-time-ms:{client-id=producer-1}                                      : 1592685638623
app-info:version:{client-id=producer-1}                                            : 2.3.1
kafka-metrics-count:count:{client-id=producer-1}                                   : 126,000
producer-metrics:batch-size-avg:{client-id=producer-1}                             : 1075,000
producer-metrics:batch-size-max:{client-id=producer-1}                             : 1075,000
producer-metrics:batch-split-rate:{client-id=producer-1}                           : 0,000
producer-metrics:batch-split-total:{client-id=producer-1}                          : 0,000
producer-metrics:buffer-available-bytes:{client-id=producer-1}                     : 33554432,000
producer-metrics:buffer-exhausted-rate:{client-id=producer-1}                      : 0,000
producer-metrics:buffer-exhausted-total:{client-id=producer-1}                     : 0,000
producer-metrics:buffer-total-bytes:{client-id=producer-1}                         : 33554432,000
producer-metrics:bufferpool-wait-ratio:{client-id=producer-1}                      : 0,000
producer-metrics:bufferpool-wait-time-total:{client-id=producer-1}                 : 0,000
producer-metrics:compression-rate-avg:{client-id=producer-1}                       : 1,000
producer-metrics:connection-close-rate:{client-id=producer-1}                      : 0,131
producer-metrics:connection-close-total:{client-id=producer-1}                     : 32,000
producer-metrics:connection-count:{client-id=producer-1}                           : 3,000
producer-metrics:connection-creation-rate:{client-id=producer-1}                   : 0,131
producer-metrics:connection-creation-total:{client-id=producer-1}                  : 35,000
producer-metrics:failed-authentication-rate:{client-id=producer-1}                 : 0,000
producer-metrics:failed-authentication-total:{client-id=producer-1}                : 0,000
producer-metrics:failed-reauthentication-rate:{client-id=producer-1}               : 0,000
producer-metrics:failed-reauthentication-total:{client-id=producer-1}              : 0,000
producer-metrics:incoming-byte-rate:{client-id=producer-1}                         : 3368,474
producer-metrics:incoming-byte-total:{client-id=producer-1}                        : 4979980,000
producer-metrics:io-ratio:{client-id=producer-1}                                   : 0,002
producer-metrics:io-time-ns-avg:{client-id=producer-1}                             : 12607,179
producer-metrics:io-wait-ratio:{client-id=producer-1}                              : 0,999
producer-metrics:io-wait-time-ns-avg:{client-id=producer-1}                        : 6201051,464
producer-metrics:io-waittime-total:{client-id=producer-1}                          : 1329710211920,000
producer-metrics:iotime-total:{client-id=producer-1}                               : 3294201962,000
producer-metrics:metadata-age:{client-id=producer-1}                               : 5,807
producer-metrics:network-io-rate:{client-id=producer-1}                            : 107,376
producer-metrics:network-io-total:{client-id=producer-1}                           : 160169,000
producer-metrics:outgoing-byte-rate:{client-id=producer-1}                         : 61314,871
producer-metrics:outgoing-byte-total:{client-id=producer-1}                        : 91626680,000
producer-metrics:produce-throttle-time-avg:{client-id=producer-1}                  : 0,000
producer-metrics:produce-throttle-time-max:{client-id=producer-1}                  : 0,000
producer-metrics:reauthentication-latency-avg:{client-id=producer-1}               : NaN
producer-metrics:reauthentication-latency-max:{client-id=producer-1}               : NaN
producer-metrics:record-error-rate:{client-id=producer-1}                          : 0,000
producer-metrics:record-error-total:{client-id=producer-1}                         : 0,000
producer-metrics:record-queue-time-avg:{client-id=producer-1}                      : 2,642
producer-metrics:record-queue-time-max:{client-id=producer-1}                      : 1531,000
producer-metrics:record-retry-rate:{client-id=producer-1}                          : 0,131
producer-metrics:record-retry-total:{client-id=producer-1}                         : 31,000
producer-metrics:record-send-rate:{client-id=producer-1}                           : 53,542
producer-metrics:record-send-total:{client-id=producer-1}                          : 80031,000
producer-metrics:record-size-avg:{client-id=producer-1}                            : 1091,000
producer-metrics:record-size-max:{client-id=producer-1}                            : 1091,000
producer-metrics:records-per-request-avg:{client-id=producer-1}                    : 1,000
producer-metrics:request-latency-avg:{client-id=producer-1}                        : 16,099
producer-metrics:request-latency-max:{client-id=producer-1}                        : 645,000
producer-metrics:request-rate:{client-id=producer-1}                               : 53,725
producer-metrics:request-size-avg:{client-id=producer-1}                           : 1141,192
producer-metrics:request-size-max:{client-id=producer-1}                           : 1145,000
producer-metrics:request-total:{client-id=producer-1}                              : 80100,000
producer-metrics:requests-in-flight:{client-id=producer-1}                         : 0,000
producer-metrics:response-rate:{client-id=producer-1}                              : 53,655
producer-metrics:response-total:{client-id=producer-1}                             : 80069,000
producer-metrics:select-rate:{client-id=producer-1}                                : 161,034
producer-metrics:select-total:{client-id=producer-1}                               : 240054,000
producer-metrics:successful-authentication-no-reauth-total:{client-id=producer-1}  : 0,000
producer-metrics:successful-authentication-rate:{client-id=producer-1}             : 0,000
producer-metrics:successful-authentication-total:{client-id=producer-1}            : 0,000
producer-metrics:successful-reauthentication-rate:{client-id=producer-1}           : 0,000
producer-metrics:successful-reauthentication-total:{client-id=producer-1}          : 0,000
producer-metrics:waiting-threads:{client-id=producer-1}                            : 0,000
producer-node-metrics:incoming-byte-rate:{client-id=producer-1, node-id=node--1}   : 0,000
producer-node-metrics:incoming-byte-rate:{client-id=producer-1, node-id=node-1}    : 1117,601
producer-node-metrics:incoming-byte-rate:{client-id=producer-1, node-id=node-3}    : 1134,275
producer-node-metrics:incoming-byte-rate:{client-id=producer-1, node-id=node-6}    : 1121,303
producer-node-metrics:incoming-byte-total:{client-id=producer-1, node-id=node--1}  : 579,000
producer-node-metrics:incoming-byte-total:{client-id=producer-1, node-id=node-1}   : 1652497,000
producer-node-metrics:incoming-byte-total:{client-id=producer-1, node-id=node-3}   : 1660588,000
producer-node-metrics:incoming-byte-total:{client-id=producer-1, node-id=node-6}   : 1666316,000
producer-node-metrics:outgoing-byte-rate:{client-id=producer-1, node-id=node--1}   : 0,000
producer-node-metrics:outgoing-byte-rate:{client-id=producer-1, node-id=node-1}    : 20183,646
producer-node-metrics:outgoing-byte-rate:{client-id=producer-1, node-id=node-3}    : 20661,908
producer-node-metrics:outgoing-byte-rate:{client-id=producer-1, node-id=node-6}    : 20453,942
producer-node-metrics:outgoing-byte-total:{client-id=producer-1, node-id=node--1}  : 67,000
producer-node-metrics:outgoing-byte-total:{client-id=producer-1, node-id=node-1}   : 30402675,000
producer-node-metrics:outgoing-byte-total:{client-id=producer-1, node-id=node-3}   : 30569581,000
producer-node-metrics:outgoing-byte-total:{client-id=producer-1, node-id=node-6}   : 30654357,000
producer-node-metrics:request-latency-avg:{client-id=producer-1, node-id=node--1}  : NaN
producer-node-metrics:request-latency-avg:{client-id=producer-1, node-id=node-1}   : 16,701
producer-node-metrics:request-latency-avg:{client-id=producer-1, node-id=node-3}   : 16,846
producer-node-metrics:request-latency-avg:{client-id=producer-1, node-id=node-6}   : 13,990
producer-node-metrics:request-latency-max:{client-id=producer-1, node-id=node--1}  : NaN
producer-node-metrics:request-latency-max:{client-id=producer-1, node-id=node-1}   : 630,000
producer-node-metrics:request-latency-max:{client-id=producer-1, node-id=node-3}   : 635,000
producer-node-metrics:request-latency-max:{client-id=producer-1, node-id=node-6}   : 645,000
producer-node-metrics:request-rate:{client-id=producer-1, node-id=node--1}         : 0,000
producer-node-metrics:request-rate:{client-id=producer-1, node-id=node-1}          : 17,672
producer-node-metrics:request-rate:{client-id=producer-1, node-id=node-3}          : 18,094
producer-node-metrics:request-rate:{client-id=producer-1, node-id=node-6}          : 17,955
producer-node-metrics:request-size-avg:{client-id=producer-1, node-id=node--1}     : NaN
producer-node-metrics:request-size-avg:{client-id=producer-1, node-id=node-1}      : 1142,085
producer-node-metrics:request-size-avg:{client-id=producer-1, node-id=node-3}      : 1141,886
producer-node-metrics:request-size-avg:{client-id=producer-1, node-id=node-6}      : 1139,150
producer-node-metrics:request-size-max:{client-id=producer-1, node-id=node--1}     : NaN
producer-node-metrics:request-size-max:{client-id=producer-1, node-id=node-1}      : 1145,000
producer-node-metrics:request-size-max:{client-id=producer-1, node-id=node-3}      : 1145,000
producer-node-metrics:request-size-max:{client-id=producer-1, node-id=node-6}      : 1145,000
producer-node-metrics:request-total:{client-id=producer-1, node-id=node--1}        : 2,000
producer-node-metrics:request-total:{client-id=producer-1, node-id=node-1}         : 26578,000
producer-node-metrics:request-total:{client-id=producer-1, node-id=node-3}         : 26721,000
producer-node-metrics:request-total:{client-id=producer-1, node-id=node-6}         : 26799,000
producer-node-metrics:response-rate:{client-id=producer-1, node-id=node--1}        : 0,000
producer-node-metrics:response-rate:{client-id=producer-1, node-id=node-1}         : 17,845
producer-node-metrics:response-rate:{client-id=producer-1, node-id=node-3}         : 18,117
producer-node-metrics:response-rate:{client-id=producer-1, node-id=node-6}         : 17,717
producer-node-metrics:response-total:{client-id=producer-1, node-id=node--1}       : 2,000
producer-node-metrics:response-total:{client-id=producer-1, node-id=node-1}        : 26569,000
producer-node-metrics:response-total:{client-id=producer-1, node-id=node-3}        : 26710,000
producer-node-metrics:response-total:{client-id=producer-1, node-id=node-6}        : 26788,000
producer-topic-metrics:byte-rate:{client-id=producer-1, topic=test-topic}          : 57556,601
producer-topic-metrics:byte-total:{client-id=producer-1, topic=test-topic}         : 86022208,000
producer-topic-metrics:compression-rate:{client-id=producer-1, topic=test-topic}   : 1,000
producer-topic-metrics:record-error-rate:{client-id=producer-1, topic=test-topic}  : 0,000
producer-topic-metrics:record-error-total:{client-id=producer-1, topic=test-topic} : 0,000
producer-topic-metrics:record-retry-rate:{client-id=producer-1, topic=test-topic}  : 0,131
producer-topic-metrics:record-retry-total:{client-id=producer-1, topic=test-topic} : 31,000
producer-topic-metrics:record-send-rate:{client-id=producer-1, topic=test-topic}   : 53,542
producer-topic-metrics:record-send-total:{client-id=producer-1, topic=test-topic}  : 80031,000
Produce Time: 1338.952
Aplication time: 1339.599
*****Produção finalizada, esperando 180 s para buscar WM*****
Water mark: 400000
