Topic to send: test-topic
Topic to acks: -1
Records: 80000
Size:1000
280 records sent, 56,0 records/sec (0,05 MB/sec), 17,8 ms avg latency, 234,0 ms max latency.
264 records sent, 48,5 records/sec (0,05 MB/sec), 20,6 ms avg latency, 633,0 ms max latency.
426 records sent, 83,4 records/sec (0,08 MB/sec), 12,0 ms avg latency, 211,0 ms max latency.
275 records sent, 55,0 records/sec (0,05 MB/sec), 18,1 ms avg latency, 633,0 ms max latency.
247 records sent, 48,5 records/sec (0,05 MB/sec), 20,6 ms avg latency, 627,0 ms max latency.
207 records sent, 41,3 records/sec (0,04 MB/sec), 24,2 ms avg latency, 642,0 ms max latency.
286 records sent, 55,3 records/sec (0,05 MB/sec), 18,1 ms avg latency, 620,0 ms max latency.
375 records sent, 73,1 records/sec (0,07 MB/sec), 13,7 ms avg latency, 641,0 ms max latency.
267 records sent, 52,1 records/sec (0,05 MB/sec), 19,2 ms avg latency, 635,0 ms max latency.
264 records sent, 51,6 records/sec (0,05 MB/sec), 19,3 ms avg latency, 649,0 ms max latency.
246 records sent, 48,8 records/sec (0,05 MB/sec), 20,5 ms avg latency, 635,0 ms max latency.
311 records sent, 60,1 records/sec (0,06 MB/sec), 16,6 ms avg latency, 634,0 ms max latency.
241 records sent, 48,1 records/sec (0,05 MB/sec), 20,8 ms avg latency, 622,0 ms max latency.
246 records sent, 49,1 records/sec (0,05 MB/sec), 20,4 ms avg latency, 210,0 ms max latency.
229 records sent, 45,1 records/sec (0,04 MB/sec), 22,2 ms avg latency, 644,0 ms max latency.
400 records sent, 74,5 records/sec (0,07 MB/sec), 13,4 ms avg latency, 645,0 ms max latency.
426 records sent, 82,0 records/sec (0,08 MB/sec), 12,2 ms avg latency, 637,0 ms max latency.
108 records sent, 21,6 records/sec (0,02 MB/sec), 46,3 ms avg latency, 632,0 ms max latency.
345 records sent, 68,0 records/sec (0,06 MB/sec), 14,7 ms avg latency, 214,0 ms max latency.
419 records sent, 81,0 records/sec (0,08 MB/sec), 12,3 ms avg latency, 627,0 ms max latency.
306 records sent, 61,2 records/sec (0,06 MB/sec), 16,3 ms avg latency, 637,0 ms max latency.
302 records sent, 58,8 records/sec (0,06 MB/sec), 17,0 ms avg latency, 627,0 ms max latency.
453 records sent, 90,6 records/sec (0,09 MB/sec), 11,0 ms avg latency, 210,0 ms max latency.
315 records sent, 60,9 records/sec (0,06 MB/sec), 16,4 ms avg latency, 645,0 ms max latency.
302 records sent, 58,9 records/sec (0,06 MB/sec), 17,0 ms avg latency, 628,0 ms max latency.
342 records sent, 60,9 records/sec (0,06 MB/sec), 16,4 ms avg latency, 631,0 ms max latency.
345 records sent, 66,4 records/sec (0,06 MB/sec), 15,1 ms avg latency, 209,0 ms max latency.
276 records sent, 54,1 records/sec (0,05 MB/sec), 18,4 ms avg latency, 645,0 ms max latency.
379 records sent, 68,8 records/sec (0,07 MB/sec), 14,5 ms avg latency, 640,0 ms max latency.
205 records sent, 39,8 records/sec (0,04 MB/sec), 25,1 ms avg latency, 631,0 ms max latency.
334 records sent, 64,3 records/sec (0,06 MB/sec), 15,5 ms avg latency, 209,0 ms max latency.
271 records sent, 49,1 records/sec (0,05 MB/sec), 20,3 ms avg latency, 643,0 ms max latency.
285 records sent, 55,7 records/sec (0,05 MB/sec), 17,9 ms avg latency, 637,0 ms max latency.
347 records sent, 69,2 records/sec (0,07 MB/sec), 14,4 ms avg latency, 636,0 ms max latency.
365 records sent, 71,9 records/sec (0,07 MB/sec), 13,9 ms avg latency, 643,0 ms max latency.
228 records sent, 45,6 records/sec (0,04 MB/sec), 21,9 ms avg latency, 634,0 ms max latency.
306 records sent, 59,7 records/sec (0,06 MB/sec), 16,7 ms avg latency, 618,0 ms max latency.
345 records sent, 68,5 records/sec (0,07 MB/sec), 14,6 ms avg latency, 641,0 ms max latency.
334 records sent, 64,2 records/sec (0,06 MB/sec), 15,5 ms avg latency, 622,0 ms max latency.
316 records sent, 60,9 records/sec (0,06 MB/sec), 16,4 ms avg latency, 649,0 ms max latency.
281 records sent, 48,6 records/sec (0,05 MB/sec), 20,5 ms avg latency, 1517,0 ms max latency.
337 records sent, 67,1 records/sec (0,06 MB/sec), 14,9 ms avg latency, 622,0 ms max latency.
279 records sent, 54,5 records/sec (0,05 MB/sec), 18,3 ms avg latency, 209,0 ms max latency.
214 records sent, 37,5 records/sec (0,04 MB/sec), 26,6 ms avg latency, 1530,0 ms max latency.
220 records sent, 44,0 records/sec (0,04 MB/sec), 22,7 ms avg latency, 644,0 ms max latency.
206 records sent, 39,9 records/sec (0,04 MB/sec), 25,0 ms avg latency, 630,0 ms max latency.
346 records sent, 68,9 records/sec (0,07 MB/sec), 14,5 ms avg latency, 625,0 ms max latency.
321 records sent, 59,4 records/sec (0,06 MB/sec), 16,8 ms avg latency, 643,0 ms max latency.
282 records sent, 55,1 records/sec (0,05 MB/sec), 18,1 ms avg latency, 648,0 ms max latency.
293 records sent, 57,1 records/sec (0,05 MB/sec), 17,5 ms avg latency, 649,0 ms max latency.
343 records sent, 68,4 records/sec (0,07 MB/sec), 14,6 ms avg latency, 630,0 ms max latency.
328 records sent, 65,6 records/sec (0,06 MB/sec), 15,2 ms avg latency, 637,0 ms max latency.
308 records sent, 61,6 records/sec (0,06 MB/sec), 16,2 ms avg latency, 1732,0 ms max latency.
220 records sent, 42,4 records/sec (0,04 MB/sec), 23,6 ms avg latency, 637,0 ms max latency.
211 records sent, 41,9 records/sec (0,04 MB/sec), 23,9 ms avg latency, 1511,0 ms max latency.
374 records sent, 70,7 records/sec (0,07 MB/sec), 14,1 ms avg latency, 646,0 ms max latency.
254 records sent, 49,6 records/sec (0,05 MB/sec), 20,2 ms avg latency, 647,0 ms max latency.
197 records sent, 37,6 records/sec (0,04 MB/sec), 26,6 ms avg latency, 1513,0 ms max latency.
178 records sent, 34,8 records/sec (0,03 MB/sec), 28,7 ms avg latency, 644,0 ms max latency.
246 records sent, 48,7 records/sec (0,05 MB/sec), 20,5 ms avg latency, 640,0 ms max latency.
410 records sent, 80,2 records/sec (0,08 MB/sec), 12,5 ms avg latency, 211,0 ms max latency.
264 records sent, 51,8 records/sec (0,05 MB/sec), 19,3 ms avg latency, 645,0 ms max latency.
344 records sent, 68,4 records/sec (0,07 MB/sec), 14,6 ms avg latency, 643,0 ms max latency.
358 records sent, 71,2 records/sec (0,07 MB/sec), 14,0 ms avg latency, 209,0 ms max latency.
255 records sent, 50,6 records/sec (0,05 MB/sec), 19,8 ms avg latency, 637,0 ms max latency.
188 records sent, 36,4 records/sec (0,03 MB/sec), 27,5 ms avg latency, 1710,0 ms max latency.
342 records sent, 68,4 records/sec (0,07 MB/sec), 14,6 ms avg latency, 625,0 ms max latency.
301 records sent, 58,8 records/sec (0,06 MB/sec), 17,0 ms avg latency, 212,0 ms max latency.
299 records sent, 58,1 records/sec (0,06 MB/sec), 17,2 ms avg latency, 228,0 ms max latency.
294 records sent, 57,2 records/sec (0,05 MB/sec), 17,5 ms avg latency, 647,0 ms max latency.
248 records sent, 45,1 records/sec (0,04 MB/sec), 22,2 ms avg latency, 631,0 ms max latency.
207 records sent, 40,0 records/sec (0,04 MB/sec), 25,0 ms avg latency, 639,0 ms max latency.
269 records sent, 53,2 records/sec (0,05 MB/sec), 18,8 ms avg latency, 631,0 ms max latency.
311 records sent, 60,3 records/sec (0,06 MB/sec), 16,6 ms avg latency, 635,0 ms max latency.
262 records sent, 51,8 records/sec (0,05 MB/sec), 19,3 ms avg latency, 628,0 ms max latency.
267 records sent, 52,5 records/sec (0,05 MB/sec), 19,0 ms avg latency, 621,0 ms max latency.
222 records sent, 42,8 records/sec (0,04 MB/sec), 23,4 ms avg latency, 637,0 ms max latency.
496 records sent, 97,2 records/sec (0,09 MB/sec), 10,3 ms avg latency, 236,0 ms max latency.
403 records sent, 72,7 records/sec (0,07 MB/sec), 13,7 ms avg latency, 634,0 ms max latency.
180 records sent, 33,5 records/sec (0,03 MB/sec), 29,9 ms avg latency, 1710,0 ms max latency.
297 records sent, 58,1 records/sec (0,06 MB/sec), 17,2 ms avg latency, 628,0 ms max latency.
271 records sent, 53,6 records/sec (0,05 MB/sec), 18,7 ms avg latency, 635,0 ms max latency.
198 records sent, 39,5 records/sec (0,04 MB/sec), 25,3 ms avg latency, 1526,0 ms max latency.
210 records sent, 40,5 records/sec (0,04 MB/sec), 24,6 ms avg latency, 633,0 ms max latency.
212 records sent, 42,4 records/sec (0,04 MB/sec), 23,6 ms avg latency, 643,0 ms max latency.
291 records sent, 57,0 records/sec (0,05 MB/sec), 17,5 ms avg latency, 210,0 ms max latency.
422 records sent, 81,4 records/sec (0,08 MB/sec), 12,3 ms avg latency, 210,0 ms max latency.
311 records sent, 60,3 records/sec (0,06 MB/sec), 16,6 ms avg latency, 210,0 ms max latency.
314 records sent, 60,7 records/sec (0,06 MB/sec), 16,5 ms avg latency, 239,0 ms max latency.
214 records sent, 42,8 records/sec (0,04 MB/sec), 23,4 ms avg latency, 632,0 ms max latency.
203 records sent, 39,1 records/sec (0,04 MB/sec), 25,6 ms avg latency, 1918,0 ms max latency.
360 records sent, 71,6 records/sec (0,07 MB/sec), 14,0 ms avg latency, 210,0 ms max latency.
344 records sent, 68,7 records/sec (0,07 MB/sec), 14,5 ms avg latency, 212,0 ms max latency.
305 records sent, 59,4 records/sec (0,06 MB/sec), 16,8 ms avg latency, 632,0 ms max latency.
234 records sent, 46,7 records/sec (0,04 MB/sec), 21,4 ms avg latency, 636,0 ms max latency.
238 records sent, 44,0 records/sec (0,04 MB/sec), 22,7 ms avg latency, 625,0 ms max latency.
205 records sent, 39,7 records/sec (0,04 MB/sec), 25,2 ms avg latency, 642,0 ms max latency.
223 records sent, 43,1 records/sec (0,04 MB/sec), 23,2 ms avg latency, 627,0 ms max latency.
227 records sent, 45,0 records/sec (0,04 MB/sec), 22,2 ms avg latency, 632,0 ms max latency.
331 records sent, 64,0 records/sec (0,06 MB/sec), 15,6 ms avg latency, 624,0 ms max latency.
339 records sent, 65,4 records/sec (0,06 MB/sec), 15,3 ms avg latency, 618,0 ms max latency.
231 records sent, 46,2 records/sec (0,04 MB/sec), 21,6 ms avg latency, 636,0 ms max latency.
250 records sent, 49,6 records/sec (0,05 MB/sec), 20,1 ms avg latency, 641,0 ms max latency.
442 records sent, 85,5 records/sec (0,08 MB/sec), 11,7 ms avg latency, 638,0 ms max latency.
351 records sent, 69,8 records/sec (0,07 MB/sec), 14,3 ms avg latency, 629,0 ms max latency.
347 records sent, 66,8 records/sec (0,06 MB/sec), 15,0 ms avg latency, 209,0 ms max latency.
300 records sent, 58,6 records/sec (0,06 MB/sec), 17,0 ms avg latency, 209,0 ms max latency.
346 records sent, 69,2 records/sec (0,07 MB/sec), 14,4 ms avg latency, 626,0 ms max latency.
289 records sent, 56,5 records/sec (0,05 MB/sec), 17,7 ms avg latency, 210,0 ms max latency.
311 records sent, 60,6 records/sec (0,06 MB/sec), 16,5 ms avg latency, 209,0 ms max latency.
360 records sent, 71,3 records/sec (0,07 MB/sec), 14,0 ms avg latency, 642,0 ms max latency.
269 records sent, 53,3 records/sec (0,05 MB/sec), 18,7 ms avg latency, 210,0 ms max latency.
292 records sent, 57,1 records/sec (0,05 MB/sec), 17,5 ms avg latency, 648,0 ms max latency.
289 records sent, 56,6 records/sec (0,05 MB/sec), 17,7 ms avg latency, 627,0 ms max latency.
365 records sent, 72,3 records/sec (0,07 MB/sec), 13,8 ms avg latency, 644,0 ms max latency.
384 records sent, 75,8 records/sec (0,07 MB/sec), 13,2 ms avg latency, 210,0 ms max latency.
237 records sent, 47,2 records/sec (0,04 MB/sec), 21,2 ms avg latency, 628,0 ms max latency.
264 records sent, 52,3 records/sec (0,05 MB/sec), 19,1 ms avg latency, 624,0 ms max latency.
290 records sent, 52,0 records/sec (0,05 MB/sec), 19,2 ms avg latency, 646,0 ms max latency.
268 records sent, 52,9 records/sec (0,05 MB/sec), 18,9 ms avg latency, 639,0 ms max latency.
242 records sent, 47,7 records/sec (0,05 MB/sec), 20,9 ms avg latency, 646,0 ms max latency.
269 records sent, 53,1 records/sec (0,05 MB/sec), 18,8 ms avg latency, 626,0 ms max latency.
355 records sent, 70,2 records/sec (0,07 MB/sec), 14,2 ms avg latency, 639,0 ms max latency.
313 records sent, 60,7 records/sec (0,06 MB/sec), 16,5 ms avg latency, 646,0 ms max latency.
240 records sent, 47,8 records/sec (0,05 MB/sec), 20,9 ms avg latency, 637,0 ms max latency.
315 records sent, 61,2 records/sec (0,06 MB/sec), 16,3 ms avg latency, 210,0 ms max latency.
364 records sent, 72,2 records/sec (0,07 MB/sec), 13,8 ms avg latency, 210,0 ms max latency.
301 records sent, 58,7 records/sec (0,06 MB/sec), 17,0 ms avg latency, 634,0 ms max latency.
341 records sent, 68,1 records/sec (0,06 MB/sec), 14,7 ms avg latency, 210,0 ms max latency.
396 records sent, 77,8 records/sec (0,07 MB/sec), 12,8 ms avg latency, 210,0 ms max latency.
253 records sent, 50,0 records/sec (0,05 MB/sec), 20,0 ms avg latency, 642,0 ms max latency.
388 records sent, 76,5 records/sec (0,07 MB/sec), 13,1 ms avg latency, 211,0 ms max latency.
276 records sent, 54,0 records/sec (0,05 MB/sec), 18,5 ms avg latency, 641,0 ms max latency.
284 records sent, 55,8 records/sec (0,05 MB/sec), 17,9 ms avg latency, 630,0 ms max latency.
400 records sent, 71,7 records/sec (0,07 MB/sec), 13,9 ms avg latency, 647,0 ms max latency.
302 records sent, 58,7 records/sec (0,06 MB/sec), 17,0 ms avg latency, 648,0 ms max latency.
338 records sent, 67,6 records/sec (0,06 MB/sec), 14,8 ms avg latency, 630,0 ms max latency.
385 records sent, 75,6 records/sec (0,07 MB/sec), 13,2 ms avg latency, 210,0 ms max latency.
337 records sent, 66,9 records/sec (0,06 MB/sec), 14,9 ms avg latency, 642,0 ms max latency.
416 records sent, 81,1 records/sec (0,08 MB/sec), 12,3 ms avg latency, 211,0 ms max latency.
498 records sent, 98,0 records/sec (0,09 MB/sec), 10,2 ms avg latency, 228,0 ms max latency.
271 records sent, 53,5 records/sec (0,05 MB/sec), 18,7 ms avg latency, 210,0 ms max latency.
233 records sent, 46,6 records/sec (0,04 MB/sec), 21,5 ms avg latency, 210,0 ms max latency.
307 records sent, 59,6 records/sec (0,06 MB/sec), 16,8 ms avg latency, 643,0 ms max latency.
314 records sent, 61,0 records/sec (0,06 MB/sec), 16,4 ms avg latency, 645,0 ms max latency.
351 records sent, 70,2 records/sec (0,07 MB/sec), 14,2 ms avg latency, 210,0 ms max latency.
244 records sent, 48,3 records/sec (0,05 MB/sec), 20,7 ms avg latency, 644,0 ms max latency.
296 records sent, 58,0 records/sec (0,06 MB/sec), 17,2 ms avg latency, 210,0 ms max latency.
283 records sent, 55,5 records/sec (0,05 MB/sec), 18,0 ms avg latency, 644,0 ms max latency.
383 records sent, 74,6 records/sec (0,07 MB/sec), 13,4 ms avg latency, 642,0 ms max latency.
401 records sent, 78,6 records/sec (0,07 MB/sec), 12,7 ms avg latency, 210,0 ms max latency.
278 records sent, 54,4 records/sec (0,05 MB/sec), 18,4 ms avg latency, 634,0 ms max latency.
418 records sent, 81,3 records/sec (0,08 MB/sec), 12,3 ms avg latency, 210,0 ms max latency.
193 records sent, 37,4 records/sec (0,04 MB/sec), 26,7 ms avg latency, 643,0 ms max latency.
295 records sent, 57,8 records/sec (0,06 MB/sec), 17,3 ms avg latency, 638,0 ms max latency.
457 records sent, 91,3 records/sec (0,09 MB/sec), 10,9 ms avg latency, 631,0 ms max latency.
231 records sent, 42,2 records/sec (0,04 MB/sec), 23,7 ms avg latency, 1525,0 ms max latency.
338 records sent, 67,3 records/sec (0,06 MB/sec), 14,8 ms avg latency, 627,0 ms max latency.
412 records sent, 80,5 records/sec (0,08 MB/sec), 12,4 ms avg latency, 210,0 ms max latency.
241 records sent, 48,0 records/sec (0,05 MB/sec), 20,8 ms avg latency, 643,0 ms max latency.
241 records sent, 47,9 records/sec (0,05 MB/sec), 20,9 ms avg latency, 644,0 ms max latency.
392 records sent, 77,2 records/sec (0,07 MB/sec), 12,9 ms avg latency, 618,0 ms max latency.
327 records sent, 65,2 records/sec (0,06 MB/sec), 15,3 ms avg latency, 627,0 ms max latency.
292 records sent, 57,1 records/sec (0,05 MB/sec), 17,5 ms avg latency, 629,0 ms max latency.
401 records sent, 78,4 records/sec (0,07 MB/sec), 12,7 ms avg latency, 210,0 ms max latency.
234 records sent, 44,7 records/sec (0,04 MB/sec), 22,4 ms avg latency, 640,0 ms max latency.
319 records sent, 50,4 records/sec (0,05 MB/sec), 19,8 ms avg latency, 1520,0 ms max latency.
344 records sent, 65,4 records/sec (0,06 MB/sec), 15,3 ms avg latency, 649,0 ms max latency.
323 records sent, 62,2 records/sec (0,06 MB/sec), 16,1 ms avg latency, 641,0 ms max latency.
206 records sent, 41,1 records/sec (0,04 MB/sec), 24,3 ms avg latency, 1508,0 ms max latency.
327 records sent, 63,1 records/sec (0,06 MB/sec), 15,8 ms avg latency, 210,0 ms max latency.
314 records sent, 61,3 records/sec (0,06 MB/sec), 16,3 ms avg latency, 209,0 ms max latency.
340 records sent, 67,6 records/sec (0,06 MB/sec), 14,8 ms avg latency, 636,0 ms max latency.
261 records sent, 51,7 records/sec (0,05 MB/sec), 19,3 ms avg latency, 637,0 ms max latency.
369 records sent, 73,4 records/sec (0,07 MB/sec), 13,6 ms avg latency, 210,0 ms max latency.
246 records sent, 48,8 records/sec (0,05 MB/sec), 20,5 ms avg latency, 634,0 ms max latency.
301 records sent, 58,5 records/sec (0,06 MB/sec), 17,1 ms avg latency, 235,0 ms max latency.
259 records sent, 51,3 records/sec (0,05 MB/sec), 19,5 ms avg latency, 630,0 ms max latency.
401 records sent, 78,7 records/sec (0,08 MB/sec), 12,7 ms avg latency, 621,0 ms max latency.
206 records sent, 33,9 records/sec (0,03 MB/sec), 29,5 ms avg latency, 1509,0 ms max latency.
241 records sent, 48,0 records/sec (0,05 MB/sec), 20,8 ms avg latency, 641,0 ms max latency.
317 records sent, 63,3 records/sec (0,06 MB/sec), 15,8 ms avg latency, 647,0 ms max latency.
353 records sent, 70,2 records/sec (0,07 MB/sec), 14,2 ms avg latency, 219,0 ms max latency.
230 records sent, 44,2 records/sec (0,04 MB/sec), 22,6 ms avg latency, 645,0 ms max latency.
241 records sent, 48,2 records/sec (0,05 MB/sec), 20,7 ms avg latency, 629,0 ms max latency.
328 records sent, 63,2 records/sec (0,06 MB/sec), 15,8 ms avg latency, 632,0 ms max latency.
322 records sent, 62,1 records/sec (0,06 MB/sec), 16,1 ms avg latency, 647,0 ms max latency.
408 records sent, 79,0 records/sec (0,08 MB/sec), 12,7 ms avg latency, 652,0 ms max latency.
341 records sent, 68,2 records/sec (0,07 MB/sec), 14,6 ms avg latency, 643,0 ms max latency.
454 records sent, 90,8 records/sec (0,09 MB/sec), 11,0 ms avg latency, 622,0 ms max latency.
373 records sent, 73,8 records/sec (0,07 MB/sec), 13,5 ms avg latency, 636,0 ms max latency.
246 records sent, 48,7 records/sec (0,05 MB/sec), 20,5 ms avg latency, 638,0 ms max latency.
289 records sent, 57,8 records/sec (0,06 MB/sec), 17,3 ms avg latency, 1538,0 ms max latency.
322 records sent, 62,4 records/sec (0,06 MB/sec), 16,0 ms avg latency, 631,0 ms max latency.
280 records sent, 54,9 records/sec (0,05 MB/sec), 18,2 ms avg latency, 645,0 ms max latency.
218 records sent, 38,4 records/sec (0,04 MB/sec), 26,0 ms avg latency, 1526,0 ms max latency.
273 records sent, 53,8 records/sec (0,05 MB/sec), 18,6 ms avg latency, 636,0 ms max latency.
355 records sent, 70,7 records/sec (0,07 MB/sec), 14,1 ms avg latency, 618,0 ms max latency.
215 records sent, 41,4 records/sec (0,04 MB/sec), 24,1 ms avg latency, 646,0 ms max latency.
318 records sent, 61,5 records/sec (0,06 MB/sec), 16,3 ms avg latency, 637,0 ms max latency.
273 records sent, 53,8 records/sec (0,05 MB/sec), 18,6 ms avg latency, 622,0 ms max latency.
352 records sent, 70,1 records/sec (0,07 MB/sec), 14,3 ms avg latency, 623,0 ms max latency.
345 records sent, 68,1 records/sec (0,06 MB/sec), 14,7 ms avg latency, 1509,0 ms max latency.
147 records sent, 28,8 records/sec (0,03 MB/sec), 34,7 ms avg latency, 1710,0 ms max latency.
315 records sent, 63,0 records/sec (0,06 MB/sec), 15,9 ms avg latency, 646,0 ms max latency.
301 records sent, 58,4 records/sec (0,06 MB/sec), 17,1 ms avg latency, 648,0 ms max latency.
333 records sent, 64,2 records/sec (0,06 MB/sec), 15,6 ms avg latency, 210,0 ms max latency.
240 records sent, 47,9 records/sec (0,05 MB/sec), 20,9 ms avg latency, 210,0 ms max latency.
193 records sent, 37,1 records/sec (0,04 MB/sec), 26,9 ms avg latency, 1518,0 ms max latency.
227 records sent, 43,8 records/sec (0,04 MB/sec), 22,8 ms avg latency, 621,0 ms max latency.
266 records sent, 52,4 records/sec (0,05 MB/sec), 19,1 ms avg latency, 647,0 ms max latency.
283 records sent, 55,4 records/sec (0,05 MB/sec), 18,0 ms avg latency, 630,0 ms max latency.
295 records sent, 57,0 records/sec (0,05 MB/sec), 17,5 ms avg latency, 640,0 ms max latency.
345 records sent, 68,9 records/sec (0,07 MB/sec), 14,5 ms avg latency, 622,0 ms max latency.
351 records sent, 69,8 records/sec (0,07 MB/sec), 14,3 ms avg latency, 637,0 ms max latency.
336 records sent, 64,8 records/sec (0,06 MB/sec), 15,4 ms avg latency, 210,0 ms max latency.
235 records sent, 45,1 records/sec (0,04 MB/sec), 22,2 ms avg latency, 626,0 ms max latency.
284 records sent, 55,5 records/sec (0,05 MB/sec), 18,0 ms avg latency, 228,0 ms max latency.
366 records sent, 72,5 records/sec (0,07 MB/sec), 13,8 ms avg latency, 645,0 ms max latency.
327 records sent, 65,4 records/sec (0,06 MB/sec), 15,3 ms avg latency, 645,0 ms max latency.
400 records sent, 78,2 records/sec (0,07 MB/sec), 12,8 ms avg latency, 210,0 ms max latency.
286 records sent, 47,4 records/sec (0,05 MB/sec), 21,1 ms avg latency, 1517,0 ms max latency.
340 records sent, 67,9 records/sec (0,06 MB/sec), 14,7 ms avg latency, 639,0 ms max latency.
333 records sent, 64,1 records/sec (0,06 MB/sec), 15,6 ms avg latency, 642,0 ms max latency.
295 records sent, 57,3 records/sec (0,05 MB/sec), 17,4 ms avg latency, 643,0 ms max latency.
452 records sent, 89,7 records/sec (0,09 MB/sec), 11,1 ms avg latency, 210,0 ms max latency.
286 records sent, 44,5 records/sec (0,04 MB/sec), 22,4 ms avg latency, 1530,0 ms max latency.
274 records sent, 53,6 records/sec (0,05 MB/sec), 18,6 ms avg latency, 638,0 ms max latency.
337 records sent, 67,4 records/sec (0,06 MB/sec), 14,8 ms avg latency, 213,0 ms max latency.
275 records sent, 54,2 records/sec (0,05 MB/sec), 18,4 ms avg latency, 210,0 ms max latency.
282 records sent, 55,1 records/sec (0,05 MB/sec), 18,1 ms avg latency, 660,0 ms max latency.
236 records sent, 47,2 records/sec (0,05 MB/sec), 21,2 ms avg latency, 636,0 ms max latency.
212 records sent, 41,9 records/sec (0,04 MB/sec), 23,8 ms avg latency, 1734,0 ms max latency.
243 records sent, 41,0 records/sec (0,04 MB/sec), 24,4 ms avg latency, 1508,0 ms max latency.
333 records sent, 66,4 records/sec (0,06 MB/sec), 15,0 ms avg latency, 639,0 ms max latency.
278 records sent, 50,3 records/sec (0,05 MB/sec), 19,9 ms avg latency, 644,0 ms max latency.
302 records sent, 58,7 records/sec (0,06 MB/sec), 17,0 ms avg latency, 648,0 ms max latency.
405 records sent, 79,5 records/sec (0,08 MB/sec), 12,6 ms avg latency, 210,0 ms max latency.
344 records sent, 68,7 records/sec (0,07 MB/sec), 14,6 ms avg latency, 632,0 ms max latency.
182 records sent, 34,9 records/sec (0,03 MB/sec), 28,6 ms avg latency, 1538,0 ms max latency.
235 records sent, 46,6 records/sec (0,04 MB/sec), 21,5 ms avg latency, 642,0 ms max latency.
226 records sent, 45,0 records/sec (0,04 MB/sec), 22,2 ms avg latency, 647,0 ms max latency.
320 records sent, 61,9 records/sec (0,06 MB/sec), 16,2 ms avg latency, 237,0 ms max latency.
303 records sent, 59,3 records/sec (0,06 MB/sec), 16,9 ms avg latency, 210,0 ms max latency.
383 records sent, 75,5 records/sec (0,07 MB/sec), 13,2 ms avg latency, 620,0 ms max latency.
250 records sent, 49,4 records/sec (0,05 MB/sec), 20,2 ms avg latency, 637,0 ms max latency.
290 records sent, 58,0 records/sec (0,06 MB/sec), 17,2 ms avg latency, 648,0 ms max latency.
351 records sent, 69,8 records/sec (0,07 MB/sec), 14,3 ms avg latency, 219,0 ms max latency.
372 records sent, 73,8 records/sec (0,07 MB/sec), 13,5 ms avg latency, 210,0 ms max latency.
351 records sent, 70,2 records/sec (0,07 MB/sec), 14,2 ms avg latency, 212,0 ms max latency.
293 records sent, 57,1 records/sec (0,05 MB/sec), 17,5 ms avg latency, 634,0 ms max latency.
267 records sent, 52,6 records/sec (0,05 MB/sec), 19,0 ms avg latency, 639,0 ms max latency.
317 records sent, 63,4 records/sec (0,06 MB/sec), 15,8 ms avg latency, 642,0 ms max latency.
302 records sent, 59,0 records/sec (0,06 MB/sec), 16,9 ms avg latency, 632,0 ms max latency.
233 records sent, 46,4 records/sec (0,04 MB/sec), 21,5 ms avg latency, 645,0 ms max latency.
183 records sent, 35,7 records/sec (0,03 MB/sec), 28,0 ms avg latency, 633,0 ms max latency.
352 records sent, 70,2 records/sec (0,07 MB/sec), 14,2 ms avg latency, 210,0 ms max latency.
412 records sent, 80,4 records/sec (0,08 MB/sec), 12,4 ms avg latency, 624,0 ms max latency.
144 records sent, 28,2 records/sec (0,03 MB/sec), 35,5 ms avg latency, 1721,0 ms max latency.
395 records sent, 77,8 records/sec (0,07 MB/sec), 12,8 ms avg latency, 210,0 ms max latency.
281 records sent, 55,0 records/sec (0,05 MB/sec), 18,2 ms avg latency, 646,0 ms max latency.
226 records sent, 45,2 records/sec (0,04 MB/sec), 22,1 ms avg latency, 638,0 ms max latency.
457 records sent, 87,8 records/sec (0,08 MB/sec), 11,4 ms avg latency, 210,0 ms max latency.
280 records sent, 55,2 records/sec (0,05 MB/sec), 18,1 ms avg latency, 622,0 ms max latency.
195 records sent, 35,8 records/sec (0,03 MB/sec), 27,9 ms avg latency, 1712,0 ms max latency.
80000 records sent, 58,603980 records/sec (0,06 MB/sec), 17,05 ms avg latency, 1918,00 ms max latency, 2 ms 50th, 207 ms 95th, 210 ms 99th, 644 ms 99.9th.

Metric Name                                                                          Value
app-info:commit-id:{client-id=producer-1}                                          : d4284cbebb6f0a4c
app-info:start-time-ms:{client-id=producer-1}                                      : 1592704204715
app-info:version:{client-id=producer-1}                                            : 2.3.1
kafka-metrics-count:count:{client-id=producer-1}                                   : 126,000
producer-metrics:batch-size-avg:{client-id=producer-1}                             : 1075,000
producer-metrics:batch-size-max:{client-id=producer-1}                             : 1075,000
producer-metrics:batch-split-rate:{client-id=producer-1}                           : 0,000
producer-metrics:batch-split-total:{client-id=producer-1}                          : 0,000
producer-metrics:buffer-available-bytes:{client-id=producer-1}                     : 33554432,000
producer-metrics:buffer-exhausted-rate:{client-id=producer-1}                      : 0,000
producer-metrics:buffer-exhausted-total:{client-id=producer-1}                     : 0,000
producer-metrics:buffer-total-bytes:{client-id=producer-1}                         : 33554432,000
producer-metrics:bufferpool-wait-ratio:{client-id=producer-1}                      : 0,000
producer-metrics:bufferpool-wait-time-total:{client-id=producer-1}                 : 0,000
producer-metrics:compression-rate-avg:{client-id=producer-1}                       : 1,000
producer-metrics:connection-close-rate:{client-id=producer-1}                      : 0,054
producer-metrics:connection-close-total:{client-id=producer-1}                     : 28,000
producer-metrics:connection-count:{client-id=producer-1}                           : 3,000
producer-metrics:connection-creation-rate:{client-id=producer-1}                   : 0,054
producer-metrics:connection-creation-total:{client-id=producer-1}                  : 31,000
producer-metrics:failed-authentication-rate:{client-id=producer-1}                 : 0,000
producer-metrics:failed-authentication-total:{client-id=producer-1}                : 0,000
producer-metrics:failed-reauthentication-rate:{client-id=producer-1}               : 0,000
producer-metrics:failed-reauthentication-total:{client-id=producer-1}              : 0,000
producer-metrics:incoming-byte-rate:{client-id=producer-1}                         : 3694,013
producer-metrics:incoming-byte-total:{client-id=producer-1}                        : 4977379,000
producer-metrics:io-ratio:{client-id=producer-1}                                   : 0,002
producer-metrics:io-time-ns-avg:{client-id=producer-1}                             : 12111,352
producer-metrics:io-wait-ratio:{client-id=producer-1}                              : 1,009
producer-metrics:io-wait-time-ns-avg:{client-id=producer-1}                        : 5682540,701
producer-metrics:io-waittime-total:{client-id=producer-1}                          : 1355966687398,000
producer-metrics:iotime-total:{client-id=producer-1}                               : 3189714379,000
producer-metrics:metadata-age:{client-id=producer-1}                               : 5,468
producer-metrics:network-io-rate:{client-id=producer-1}                            : 118,442
producer-metrics:network-io-total:{client-id=producer-1}                           : 160147,000
producer-metrics:outgoing-byte-rate:{client-id=producer-1}                         : 67715,174
producer-metrics:outgoing-byte-total:{client-id=producer-1}                        : 91621796,000
producer-metrics:produce-throttle-time-avg:{client-id=producer-1}                  : 0,000
producer-metrics:produce-throttle-time-max:{client-id=producer-1}                  : 0,000
producer-metrics:reauthentication-latency-avg:{client-id=producer-1}               : NaN
producer-metrics:reauthentication-latency-max:{client-id=producer-1}               : NaN
producer-metrics:record-error-rate:{client-id=producer-1}                          : 0,000
producer-metrics:record-error-total:{client-id=producer-1}                         : 0,000
producer-metrics:record-queue-time-avg:{client-id=producer-1}                      : 1,493
producer-metrics:record-queue-time-max:{client-id=producer-1}                      : 1719,000
producer-metrics:record-retry-rate:{client-id=producer-1}                          : 0,054
producer-metrics:record-retry-total:{client-id=producer-1}                         : 27,000
producer-metrics:record-send-rate:{client-id=producer-1}                           : 59,134
producer-metrics:record-send-total:{client-id=producer-1}                          : 80027,000
producer-metrics:record-size-avg:{client-id=producer-1}                            : 1091,000
producer-metrics:record-size-max:{client-id=producer-1}                            : 1091,000
producer-metrics:records-per-request-avg:{client-id=producer-1}                    : 1,000
producer-metrics:request-latency-avg:{client-id=producer-1}                        : 15,652
producer-metrics:request-latency-max:{client-id=producer-1}                        : 646,000
producer-metrics:request-rate:{client-id=producer-1}                               : 59,234
producer-metrics:request-size-avg:{client-id=producer-1}                           : 1143,096
producer-metrics:request-size-max:{client-id=producer-1}                           : 1145,000
producer-metrics:request-total:{client-id=producer-1}                              : 80087,000
producer-metrics:requests-in-flight:{client-id=producer-1}                         : 0,000
producer-metrics:response-rate:{client-id=producer-1}                              : 59,209
producer-metrics:response-total:{client-id=producer-1}                             : 80060,000
producer-metrics:select-rate:{client-id=producer-1}                                : 177,630
producer-metrics:select-total:{client-id=producer-1}                               : 240007,000
producer-metrics:successful-authentication-no-reauth-total:{client-id=producer-1}  : 0,000
producer-metrics:successful-authentication-rate:{client-id=producer-1}             : 0,000
producer-metrics:successful-authentication-total:{client-id=producer-1}            : 0,000
producer-metrics:successful-reauthentication-rate:{client-id=producer-1}           : 0,000
producer-metrics:successful-reauthentication-total:{client-id=producer-1}          : 0,000
producer-metrics:waiting-threads:{client-id=producer-1}                            : 0,000
producer-node-metrics:incoming-byte-rate:{client-id=producer-1, node-id=node--3}   : 0,000
producer-node-metrics:incoming-byte-rate:{client-id=producer-1, node-id=node-1}    : 1261,846
producer-node-metrics:incoming-byte-rate:{client-id=producer-1, node-id=node-3}    : 1260,346
producer-node-metrics:incoming-byte-rate:{client-id=producer-1, node-id=node-6}    : 1267,281
producer-node-metrics:incoming-byte-total:{client-id=producer-1, node-id=node--3}  : 579,000
producer-node-metrics:incoming-byte-total:{client-id=producer-1, node-id=node-1}   : 1652212,000
producer-node-metrics:incoming-byte-total:{client-id=producer-1, node-id=node-3}   : 1659430,000
producer-node-metrics:incoming-byte-total:{client-id=producer-1, node-id=node-6}   : 1665158,000
producer-node-metrics:outgoing-byte-rate:{client-id=producer-1, node-id=node--3}   : 0,000
producer-node-metrics:outgoing-byte-rate:{client-id=producer-1, node-id=node-1}    : 22914,963
producer-node-metrics:outgoing-byte-rate:{client-id=producer-1, node-id=node-3}    : 23134,357
producer-node-metrics:outgoing-byte-rate:{client-id=producer-1, node-id=node-6}    : 23261,473
producer-node-metrics:outgoing-byte-total:{client-id=producer-1, node-id=node--3}  : 67,000
producer-node-metrics:outgoing-byte-total:{client-id=producer-1, node-id=node-1}   : 30402634,000
producer-node-metrics:outgoing-byte-total:{client-id=producer-1, node-id=node-3}   : 30567159,000
producer-node-metrics:outgoing-byte-total:{client-id=producer-1, node-id=node-6}   : 30651936,000
producer-node-metrics:request-latency-avg:{client-id=producer-1, node-id=node--3}  : NaN
producer-node-metrics:request-latency-avg:{client-id=producer-1, node-id=node-1}   : 16,687
producer-node-metrics:request-latency-avg:{client-id=producer-1, node-id=node-3}   : 15,000
producer-node-metrics:request-latency-avg:{client-id=producer-1, node-id=node-6}   : 15,223
producer-node-metrics:request-latency-max:{client-id=producer-1, node-id=node--3}  : NaN
producer-node-metrics:request-latency-max:{client-id=producer-1, node-id=node-1}   : 646,000
producer-node-metrics:request-latency-max:{client-id=producer-1, node-id=node-3}   : 646,000
producer-node-metrics:request-latency-max:{client-id=producer-1, node-id=node-6}   : 638,000
producer-node-metrics:request-rate:{client-id=producer-1, node-id=node--3}         : 0,000
producer-node-metrics:request-rate:{client-id=producer-1, node-id=node-1}          : 20,066
producer-node-metrics:request-rate:{client-id=producer-1, node-id=node-3}          : 20,230
producer-node-metrics:request-rate:{client-id=producer-1, node-id=node-6}          : 20,341
producer-node-metrics:request-size-avg:{client-id=producer-1, node-id=node--3}     : NaN
producer-node-metrics:request-size-avg:{client-id=producer-1, node-id=node-1}      : 1141,970
producer-node-metrics:request-size-avg:{client-id=producer-1, node-id=node-3}      : 1143,525
producer-node-metrics:request-size-avg:{client-id=producer-1, node-id=node-6}      : 1143,523
producer-node-metrics:request-size-max:{client-id=producer-1, node-id=node--3}     : NaN
producer-node-metrics:request-size-max:{client-id=producer-1, node-id=node-1}      : 1145,000
producer-node-metrics:request-size-max:{client-id=producer-1, node-id=node-3}      : 1145,000
producer-node-metrics:request-size-max:{client-id=producer-1, node-id=node-6}      : 1145,000
producer-node-metrics:request-total:{client-id=producer-1, node-id=node--3}        : 2,000
producer-node-metrics:request-total:{client-id=producer-1, node-id=node-1}         : 26577,000
producer-node-metrics:request-total:{client-id=producer-1, node-id=node-3}         : 26715,000
producer-node-metrics:request-total:{client-id=producer-1, node-id=node-6}         : 26793,000
producer-node-metrics:response-rate:{client-id=producer-1, node-id=node--3}        : 0,000
producer-node-metrics:response-rate:{client-id=producer-1, node-id=node-1}         : 20,148
producer-node-metrics:response-rate:{client-id=producer-1, node-id=node-3}         : 20,231
producer-node-metrics:response-rate:{client-id=producer-1, node-id=node-6}         : 20,342
producer-node-metrics:response-total:{client-id=producer-1, node-id=node--3}       : 2,000
producer-node-metrics:response-total:{client-id=producer-1, node-id=node-1}        : 26568,000
producer-node-metrics:response-total:{client-id=producer-1, node-id=node-3}        : 26706,000
producer-node-metrics:response-total:{client-id=producer-1, node-id=node-6}        : 26784,000
producer-topic-metrics:byte-rate:{client-id=producer-1, topic=test-topic}          : 63567,352
producer-topic-metrics:byte-total:{client-id=producer-1, topic=test-topic}         : 86017915,000
producer-topic-metrics:compression-rate:{client-id=producer-1, topic=test-topic}   : 1,000
producer-topic-metrics:record-error-rate:{client-id=producer-1, topic=test-topic}  : 0,000
producer-topic-metrics:record-error-total:{client-id=producer-1, topic=test-topic} : 0,000
producer-topic-metrics:record-retry-rate:{client-id=producer-1, topic=test-topic}  : 0,054
producer-topic-metrics:record-retry-total:{client-id=producer-1, topic=test-topic} : 27,000
producer-topic-metrics:record-send-rate:{client-id=producer-1, topic=test-topic}   : 59,134
producer-topic-metrics:record-send-total:{client-id=producer-1, topic=test-topic}  : 80027,000
Produce Time: 1365.094
Aplication time: 1365.769
*****Produção finalizada, esperando 180 s para buscar WM*****
Water mark: 1360000
