Topic to send: test-topic
Topic to acks: -2
Records: 80000
Size:1000
[12:11:07]    __________  ________________ 
[12:11:07]   /  _/ ___/ |/ /  _/_  __/ __/ 
[12:11:07]  _/ // (7 7    // /  / / / _/   
[12:11:07] /___/\___/_/|_/___/ /_/ /___/  
[12:11:07] 
[12:11:07] ver. 2.7.6#20190911-sha1:21f7ca41
[12:11:07] 2019 Copyright(C) Apache Software Foundation
[12:11:07] 
[12:11:07] Ignite documentation: http://ignite.apache.org
[12:11:07] 
[12:11:07] Quiet mode.
[12:11:07]   ^-- Logging by 'JavaLogger [quiet=true, config=null]'
[12:11:07]   ^-- To see **FULL** console log here add -DIGNITE_QUIET=false or "-v" to ignite.{sh|bat}
[12:11:07] 
[12:11:07] OS: Linux 5.0.0-38-generic amd64
[12:11:07] VM information: OpenJDK Runtime Environment 11.0.5+10-post-Ubuntu-0ubuntu1.119.04 Private Build OpenJDK 64-Bit Server VM 11.0.5+10-post-Ubuntu-0ubuntu1.119.04
[12:11:07] Please set system property '-Djava.net.preferIPv4Stack=true' to avoid possible problems in mixed environments.
[12:11:07] Initial heap size is 126MB (should be no less than 512MB, use -Xms512m -Xmx512m).
[12:11:08] Configured plugins:
[12:11:08]   ^-- None
[12:11:08] 
[12:11:08] Configured failure handler: [hnd=StopNodeOrHaltFailureHandler [tryStop=false, timeout=0, super=AbstractFailureHandler [ignoredFailureTypes=[SYSTEM_WORKER_BLOCKED, SYSTEM_CRITICAL_OPERATION_TIMEOUT]]]]
[12:11:08] Message queue limit is set to 0 which may lead to potential OOMEs when running cache operations in FULL_ASYNC or PRIMARY_SYNC modes due to message queues growth on sender and receiver sides.
[12:11:08] Security status [authentication=off, tls/ssl=off]
[12:11:08] REST protocols do not start on client node. To start the protocols on client node set '-DIGNITE_REST_START_ON_CLIENT=true' system property.
[12:11:10] Performance suggestions for grid  (fix if possible)
[12:11:10] To disable, set -DIGNITE_PERFORMANCE_SUGGESTIONS_DISABLED=true
[12:11:10]   ^-- Switch to the most recent 1.8 JVM version
[12:11:10]   ^-- Specify JVM heap max size (add '-Xmx<size>[g|G|m|M|k|K]' to JVM options)
[12:11:10]   ^-- Set max direct memory size if getting 'OOME: Direct buffer memory' (add '-XX:MaxDirectMemorySize=<size>[g|G|m|M|k|K]' to JVM options)
[12:11:10]   ^-- Disable processing of calls to System.gc() (add '-XX:+DisableExplicitGC' to JVM options)
[12:11:10] Refer to this page for more performance suggestions: https://apacheignite.readme.io/docs/jvm-and-system-tuning
[12:11:10] 
[12:11:10] To start Console Management & Monitoring run ignitevisorcmd.{sh|bat}
[12:11:10] 
[12:11:10] Ignite node started OK (id=a32ade58)
[12:11:10] Topology snapshot [ver=44, locNode=a32ade58, servers=1, clients=1, state=ACTIVE, CPUs=8, offheap=1.5GB, heap=3.9GB]
2441 records sent, 448,2 records/sec (0,43 MB/sec), 2,2 ms avg latency, 2112,0 ms max latency.
3209 records sent, 631,7 records/sec (0,60 MB/sec), 1,6 ms avg latency, 567,0 ms max latency.
2766 records sent, 552,1 records/sec (0,53 MB/sec), 1,8 ms avg latency, 580,0 ms max latency.
2631 records sent, 514,4 records/sec (0,49 MB/sec), 1,9 ms avg latency, 597,0 ms max latency.
3003 records sent, 592,5 records/sec (0,57 MB/sec), 1,7 ms avg latency, 477,0 ms max latency.
2316 records sent, 462,3 records/sec (0,44 MB/sec), 2,1 ms avg latency, 335,0 ms max latency.
2506 records sent, 497,9 records/sec (0,47 MB/sec), 2,0 ms avg latency, 688,0 ms max latency.
2770 records sent, 551,9 records/sec (0,53 MB/sec), 1,8 ms avg latency, 225,0 ms max latency.
2653 records sent, 530,6 records/sec (0,51 MB/sec), 1,9 ms avg latency, 470,0 ms max latency.
2388 records sent, 474,5 records/sec (0,45 MB/sec), 2,1 ms avg latency, 589,0 ms max latency.
2816 records sent, 562,0 records/sec (0,54 MB/sec), 1,8 ms avg latency, 275,0 ms max latency.
2621 records sent, 523,6 records/sec (0,50 MB/sec), 1,9 ms avg latency, 525,0 ms max latency.
2553 records sent, 499,1 records/sec (0,48 MB/sec), 2,0 ms avg latency, 433,0 ms max latency.
2681 records sent, 535,5 records/sec (0,51 MB/sec), 1,9 ms avg latency, 287,0 ms max latency.
2670 records sent, 532,4 records/sec (0,51 MB/sec), 1,9 ms avg latency, 235,0 ms max latency.
2740 records sent, 540,3 records/sec (0,52 MB/sec), 1,8 ms avg latency, 278,0 ms max latency.
2654 records sent, 527,8 records/sec (0,50 MB/sec), 1,9 ms avg latency, 234,0 ms max latency.
2513 records sent, 500,0 records/sec (0,48 MB/sec), 2,0 ms avg latency, 230,0 ms max latency.
2615 records sent, 506,2 records/sec (0,48 MB/sec), 2,0 ms avg latency, 580,0 ms max latency.
2399 records sent, 463,8 records/sec (0,44 MB/sec), 2,1 ms avg latency, 403,0 ms max latency.
2496 records sent, 495,7 records/sec (0,47 MB/sec), 2,0 ms avg latency, 295,0 ms max latency.
2381 records sent, 448,7 records/sec (0,43 MB/sec), 2,2 ms avg latency, 696,0 ms max latency.
3118 records sent, 617,2 records/sec (0,59 MB/sec), 1,6 ms avg latency, 235,0 ms max latency.
2717 records sent, 487,8 records/sec (0,47 MB/sec), 2,0 ms avg latency, 714,0 ms max latency.
2830 records sent, 545,7 records/sec (0,52 MB/sec), 1,8 ms avg latency, 643,0 ms max latency.
2983 records sent, 596,5 records/sec (0,57 MB/sec), 1,7 ms avg latency, 708,0 ms max latency.
2175 records sent, 435,0 records/sec (0,41 MB/sec), 2,3 ms avg latency, 610,0 ms max latency.
2707 records sent, 540,1 records/sec (0,52 MB/sec), 1,8 ms avg latency, 700,0 ms max latency.
2661 records sent, 526,3 records/sec (0,50 MB/sec), 1,9 ms avg latency, 270,0 ms max latency.
2487 records sent, 484,1 records/sec (0,46 MB/sec), 2,1 ms avg latency, 588,0 ms max latency.
80000 records sent, 520,714681 records/sec (0,50 MB/sec), 1,91 ms avg latency, 2112,00 ms max latency, 0 ms 50th, 10 ms 95th, 32 ms 99th, 232 ms 99.9th.

Metric Name                                                                          Value
app-info:commit-id:{client-id=producer-1}                                          : d12590634290dbc4
app-info:start-time-ms:{client-id=producer-1}                                      : 1593616267189
app-info:version:{client-id=producer-1}                                            : 2.3.1
kafka-metrics-count:count:{client-id=producer-1}                                   : 126,000
producer-metrics:batch-size-avg:{client-id=producer-1}                             : 1075,000
producer-metrics:batch-size-max:{client-id=producer-1}                             : 1075,000
producer-metrics:batch-split-rate:{client-id=producer-1}                           : 0,000
producer-metrics:batch-split-total:{client-id=producer-1}                          : 0,000
producer-metrics:buffer-available-bytes:{client-id=producer-1}                     : 33554432,000
producer-metrics:buffer-exhausted-rate:{client-id=producer-1}                      : 0,000
producer-metrics:buffer-exhausted-total:{client-id=producer-1}                     : 0,000
producer-metrics:buffer-total-bytes:{client-id=producer-1}                         : 33554432,000
producer-metrics:bufferpool-wait-ratio:{client-id=producer-1}                      : 0,000
producer-metrics:bufferpool-wait-time-total:{client-id=producer-1}                 : 0,000
producer-metrics:compression-rate-avg:{client-id=producer-1}                       : 1,000
producer-metrics:connection-close-rate:{client-id=producer-1}                      : 0,138
producer-metrics:connection-close-total:{client-id=producer-1}                     : 16,000
producer-metrics:connection-count:{client-id=producer-1}                           : 4,000
producer-metrics:connection-creation-rate:{client-id=producer-1}                   : 0,138
producer-metrics:connection-creation-total:{client-id=producer-1}                  : 20,000
producer-metrics:failed-authentication-rate:{client-id=producer-1}                 : 0,000
producer-metrics:failed-authentication-total:{client-id=producer-1}                : 0,000
producer-metrics:failed-reauthentication-rate:{client-id=producer-1}               : 0,000
producer-metrics:failed-reauthentication-total:{client-id=producer-1}              : 0,000
producer-metrics:incoming-byte-rate:{client-id=producer-1}                         : 63,174
producer-metrics:incoming-byte-total:{client-id=producer-1}                        : 9870,000
producer-metrics:io-ratio:{client-id=producer-1}                                   : 0,007
producer-metrics:io-time-ns-avg:{client-id=producer-1}                             : 6910,014
producer-metrics:io-wait-ratio:{client-id=producer-1}                              : 0,980
producer-metrics:io-wait-time-ns-avg:{client-id=producer-1}                        : 942444,563
producer-metrics:io-waittime-total:{client-id=producer-1}                          : 147303285781,000
producer-metrics:iotime-total:{client-id=producer-1}                               : 1427959038,000
producer-metrics:metadata-age:{client-id=producer-1}                               : 24,429
producer-metrics:network-io-rate:{client-id=producer-1}                            : 516,042
producer-metrics:network-io-total:{client-id=producer-1}                           : 80069,000
producer-metrics:outgoing-byte-rate:{client-id=producer-1}                         : 595623,150
producer-metrics:outgoing-byte-total:{client-id=producer-1}                        : 92390019,000
producer-metrics:produce-throttle-time-avg:{client-id=producer-1}                  : 0,000
producer-metrics:produce-throttle-time-max:{client-id=producer-1}                  : 0,000
producer-metrics:reauthentication-latency-avg:{client-id=producer-1}               : NaN
producer-metrics:reauthentication-latency-max:{client-id=producer-1}               : NaN
producer-metrics:record-error-rate:{client-id=producer-1}                          : 0,000
producer-metrics:record-error-total:{client-id=producer-1}                         : 0,000
producer-metrics:record-queue-time-avg:{client-id=producer-1}                      : 0,168
producer-metrics:record-queue-time-max:{client-id=producer-1}                      : 714,000
producer-metrics:record-retry-rate:{client-id=producer-1}                          : 0,144
producer-metrics:record-retry-total:{client-id=producer-1}                         : 11,000
producer-metrics:record-send-rate:{client-id=producer-1}                           : 517,509
producer-metrics:record-send-total:{client-id=producer-1}                          : 80011,000
producer-metrics:record-size-avg:{client-id=producer-1}                            : 1091,000
producer-metrics:record-size-max:{client-id=producer-1}                            : 1091,000
producer-metrics:records-per-request-avg:{client-id=producer-1}                    : 1,000
producer-metrics:request-latency-avg:{client-id=producer-1}                        : NaN
producer-metrics:request-latency-max:{client-id=producer-1}                        : NaN
producer-metrics:request-rate:{client-id=producer-1}                               : 515,847
producer-metrics:request-size-avg:{client-id=producer-1}                           : 1154,477
producer-metrics:request-size-max:{client-id=producer-1}                           : 1155,000
producer-metrics:request-total:{client-id=producer-1}                              : 80035,000
producer-metrics:requests-in-flight:{client-id=producer-1}                         : 1,000
producer-metrics:response-rate:{client-id=producer-1}                              : 0,217
producer-metrics:response-total:{client-id=producer-1}                             : 34,000
producer-metrics:select-rate:{client-id=producer-1}                                : 1039,350
producer-metrics:select-total:{client-id=producer-1}                               : 157417,000
producer-metrics:successful-authentication-no-reauth-total:{client-id=producer-1}  : 0,000
producer-metrics:successful-authentication-rate:{client-id=producer-1}             : 0,000
producer-metrics:successful-authentication-total:{client-id=producer-1}            : 0,000
producer-metrics:successful-reauthentication-rate:{client-id=producer-1}           : 0,000
producer-metrics:successful-reauthentication-total:{client-id=producer-1}          : 0,000
producer-metrics:waiting-threads:{client-id=producer-1}                            : 0,000
producer-node-metrics:incoming-byte-rate:{client-id=producer-1, node-id=node--2}   : 0,000
producer-node-metrics:incoming-byte-rate:{client-id=producer-1, node-id=node-1}    : 25,172
producer-node-metrics:incoming-byte-rate:{client-id=producer-1, node-id=node-3}    : 23,053
producer-node-metrics:incoming-byte-rate:{client-id=producer-1, node-id=node-6}    : 23,424
producer-node-metrics:incoming-byte-total:{client-id=producer-1, node-id=node--2}  : 579,000
producer-node-metrics:incoming-byte-total:{client-id=producer-1, node-id=node-1}   : 2628,000
producer-node-metrics:incoming-byte-total:{client-id=producer-1, node-id=node-3}   : 3483,000
producer-node-metrics:incoming-byte-total:{client-id=producer-1, node-id=node-6}   : 3180,000
producer-node-metrics:outgoing-byte-rate:{client-id=producer-1, node-id=node--2}   : 0,000
producer-node-metrics:outgoing-byte-rate:{client-id=producer-1, node-id=node-1}    : 198546,215
producer-node-metrics:outgoing-byte-rate:{client-id=producer-1, node-id=node-3}    : 201153,467
producer-node-metrics:outgoing-byte-rate:{client-id=producer-1, node-id=node-6}    : 198608,199
producer-node-metrics:outgoing-byte-total:{client-id=producer-1, node-id=node--2}  : 67,000
producer-node-metrics:outgoing-byte-total:{client-id=producer-1, node-id=node-1}   : 30823510,000
producer-node-metrics:outgoing-byte-total:{client-id=producer-1, node-id=node-3}   : 30908984,000
producer-node-metrics:outgoing-byte-total:{client-id=producer-1, node-id=node-6}   : 30657458,000
producer-node-metrics:request-latency-avg:{client-id=producer-1, node-id=node--2}  : NaN
producer-node-metrics:request-latency-avg:{client-id=producer-1, node-id=node-1}   : NaN
producer-node-metrics:request-latency-avg:{client-id=producer-1, node-id=node-3}   : NaN
producer-node-metrics:request-latency-avg:{client-id=producer-1, node-id=node-6}   : NaN
producer-node-metrics:request-latency-max:{client-id=producer-1, node-id=node--2}  : NaN
producer-node-metrics:request-latency-max:{client-id=producer-1, node-id=node-1}   : NaN
producer-node-metrics:request-latency-max:{client-id=producer-1, node-id=node-3}   : NaN
producer-node-metrics:request-latency-max:{client-id=producer-1, node-id=node-6}   : NaN
producer-node-metrics:request-rate:{client-id=producer-1, node-id=node--2}         : 0,000
producer-node-metrics:request-rate:{client-id=producer-1, node-id=node-1}          : 171,945
producer-node-metrics:request-rate:{client-id=producer-1, node-id=node-3}          : 174,227
producer-node-metrics:request-rate:{client-id=producer-1, node-id=node-6}          : 172,023
producer-node-metrics:request-size-avg:{client-id=producer-1, node-id=node--2}     : NaN
producer-node-metrics:request-size-avg:{client-id=producer-1, node-id=node-1}      : 1154,603
producer-node-metrics:request-size-avg:{client-id=producer-1, node-id=node-3}      : 1154,411
producer-node-metrics:request-size-avg:{client-id=producer-1, node-id=node-6}      : 1154,401
producer-node-metrics:request-size-max:{client-id=producer-1, node-id=node--2}     : NaN
producer-node-metrics:request-size-max:{client-id=producer-1, node-id=node-1}      : 1155,000
producer-node-metrics:request-size-max:{client-id=producer-1, node-id=node-3}      : 1155,000
producer-node-metrics:request-size-max:{client-id=producer-1, node-id=node-6}      : 1155,000
producer-node-metrics:request-total:{client-id=producer-1, node-id=node--2}        : 2,000
producer-node-metrics:request-total:{client-id=producer-1, node-id=node-1}         : 26699,000
producer-node-metrics:request-total:{client-id=producer-1, node-id=node-3}         : 26776,000
producer-node-metrics:request-total:{client-id=producer-1, node-id=node-6}         : 26558,000
producer-node-metrics:response-rate:{client-id=producer-1, node-id=node--2}        : 0,000
producer-node-metrics:response-rate:{client-id=producer-1, node-id=node-1}         : 0,087
producer-node-metrics:response-rate:{client-id=producer-1, node-id=node-3}         : 0,079
producer-node-metrics:response-rate:{client-id=producer-1, node-id=node-6}         : 0,081
producer-node-metrics:response-total:{client-id=producer-1, node-id=node--2}       : 2,000
producer-node-metrics:response-total:{client-id=producer-1, node-id=node-1}        : 9,000
producer-node-metrics:response-total:{client-id=producer-1, node-id=node-3}        : 12,000
producer-node-metrics:response-total:{client-id=producer-1, node-id=node-6}        : 11,000
producer-topic-metrics:byte-rate:{client-id=producer-1, topic=test-topic}          : 556305,141
producer-topic-metrics:byte-total:{client-id=producer-1, topic=test-topic}         : 86000718,000
producer-topic-metrics:compression-rate:{client-id=producer-1, topic=test-topic}   : 1,000
producer-topic-metrics:record-error-rate:{client-id=producer-1, topic=test-topic}  : 0,000
producer-topic-metrics:record-error-total:{client-id=producer-1, topic=test-topic} : 0,000
producer-topic-metrics:record-retry-rate:{client-id=producer-1, topic=test-topic}  : 0,144
producer-topic-metrics:record-retry-total:{client-id=producer-1, topic=test-topic} : 11,000
producer-topic-metrics:record-send-rate:{client-id=producer-1, topic=test-topic}   : 517,509
producer-topic-metrics:record-send-total:{client-id=producer-1, topic=test-topic}  : 80011,000
Produce Time: 153.634
[12:13:41] Ignite node stopped OK [uptime=00:02:30.683]
Aplication time: 154.507
*****Produção finalizada, esperando 180 s para buscar WM*****
Water mark: 1760000
