Topic to send: test-topic
Topic to acks: -2
Records: 80000
Size:1000
[00:06:08]    __________  ________________ 
[00:06:08]   /  _/ ___/ |/ /  _/_  __/ __/ 
[00:06:08]  _/ // (7 7    // /  / / / _/   
[00:06:08] /___/\___/_/|_/___/ /_/ /___/  
[00:06:08] 
[00:06:08] ver. 2.7.6#20190911-sha1:21f7ca41
[00:06:08] 2019 Copyright(C) Apache Software Foundation
[00:06:08] 
[00:06:08] Ignite documentation: http://ignite.apache.org
[00:06:08] 
[00:06:08] Quiet mode.
[00:06:08]   ^-- Logging by 'JavaLogger [quiet=true, config=null]'
[00:06:08]   ^-- To see **FULL** console log here add -DIGNITE_QUIET=false or "-v" to ignite.{sh|bat}
[00:06:08] 
[00:06:08] OS: Linux 5.0.0-38-generic amd64
[00:06:08] VM information: OpenJDK Runtime Environment 11.0.5+10-post-Ubuntu-0ubuntu1.119.04 Private Build OpenJDK 64-Bit Server VM 11.0.5+10-post-Ubuntu-0ubuntu1.119.04
[00:06:08] Please set system property '-Djava.net.preferIPv4Stack=true' to avoid possible problems in mixed environments.
[00:06:08] Initial heap size is 126MB (should be no less than 512MB, use -Xms512m -Xmx512m).
[00:06:08] Configured plugins:
[00:06:08]   ^-- None
[00:06:08] 
[00:06:08] Configured failure handler: [hnd=StopNodeOrHaltFailureHandler [tryStop=false, timeout=0, super=AbstractFailureHandler [ignoredFailureTypes=[SYSTEM_WORKER_BLOCKED, SYSTEM_CRITICAL_OPERATION_TIMEOUT]]]]
[00:06:08] Message queue limit is set to 0 which may lead to potential OOMEs when running cache operations in FULL_ASYNC or PRIMARY_SYNC modes due to message queues growth on sender and receiver sides.
[00:06:08] Security status [authentication=off, tls/ssl=off]
[00:06:09] REST protocols do not start on client node. To start the protocols on client node set '-DIGNITE_REST_START_ON_CLIENT=true' system property.
[00:06:10] Performance suggestions for grid  (fix if possible)
[00:06:10] To disable, set -DIGNITE_PERFORMANCE_SUGGESTIONS_DISABLED=true
[00:06:10]   ^-- Switch to the most recent 1.8 JVM version
[00:06:10]   ^-- Specify JVM heap max size (add '-Xmx<size>[g|G|m|M|k|K]' to JVM options)
[00:06:10]   ^-- Set max direct memory size if getting 'OOME: Direct buffer memory' (add '-XX:MaxDirectMemorySize=<size>[g|G|m|M|k|K]' to JVM options)
[00:06:10]   ^-- Disable processing of calls to System.gc() (add '-XX:+DisableExplicitGC' to JVM options)
[00:06:10] Refer to this page for more performance suggestions: https://apacheignite.readme.io/docs/jvm-and-system-tuning
[00:06:10] 
[00:06:10] To start Console Management & Monitoring run ignitevisorcmd.{sh|bat}
[00:06:10] 
[00:06:10] Ignite node started OK (id=e9b1c2e8)
[00:06:10] Topology snapshot [ver=38, locNode=e9b1c2e8, servers=1, clients=1, state=ACTIVE, CPUs=8, offheap=1.5GB, heap=3.9GB]
2070 records sent, 394,1 records/sec (0,38 MB/sec), 2,5 ms avg latency, 2003,0 ms max latency.
3210 records sent, 627,7 records/sec (0,60 MB/sec), 1,6 ms avg latency, 230,0 ms max latency.
2709 records sent, 537,7 records/sec (0,51 MB/sec), 1,8 ms avg latency, 221,0 ms max latency.
2734 records sent, 540,9 records/sec (0,52 MB/sec), 1,8 ms avg latency, 401,0 ms max latency.
2600 records sent, 499,4 records/sec (0,48 MB/sec), 2,0 ms avg latency, 312,0 ms max latency.
2424 records sent, 470,6 records/sec (0,45 MB/sec), 2,1 ms avg latency, 339,0 ms max latency.
2658 records sent, 519,3 records/sec (0,50 MB/sec), 1,9 ms avg latency, 326,0 ms max latency.
2725 records sent, 544,7 records/sec (0,52 MB/sec), 1,8 ms avg latency, 785,0 ms max latency.
2516 records sent, 501,3 records/sec (0,48 MB/sec), 2,0 ms avg latency, 1198,0 ms max latency.
2425 records sent, 484,6 records/sec (0,46 MB/sec), 2,1 ms avg latency, 386,0 ms max latency.
2800 records sent, 559,3 records/sec (0,53 MB/sec), 1,8 ms avg latency, 634,0 ms max latency.
2712 records sent, 524,3 records/sec (0,50 MB/sec), 1,9 ms avg latency, 364,0 ms max latency.
2446 records sent, 487,9 records/sec (0,47 MB/sec), 2,0 ms avg latency, 238,0 ms max latency.
2496 records sent, 494,2 records/sec (0,47 MB/sec), 2,0 ms avg latency, 677,0 ms max latency.
2995 records sent, 587,5 records/sec (0,56 MB/sec), 1,7 ms avg latency, 709,0 ms max latency.
2526 records sent, 504,2 records/sec (0,48 MB/sec), 2,0 ms avg latency, 861,0 ms max latency.
2806 records sent, 545,6 records/sec (0,52 MB/sec), 1,8 ms avg latency, 680,0 ms max latency.
2632 records sent, 520,3 records/sec (0,50 MB/sec), 1,9 ms avg latency, 351,0 ms max latency.
2405 records sent, 481,0 records/sec (0,46 MB/sec), 2,1 ms avg latency, 555,0 ms max latency.
2607 records sent, 520,4 records/sec (0,50 MB/sec), 1,9 ms avg latency, 703,0 ms max latency.
2475 records sent, 494,7 records/sec (0,47 MB/sec), 2,0 ms avg latency, 629,0 ms max latency.
2485 records sent, 481,2 records/sec (0,46 MB/sec), 2,1 ms avg latency, 421,0 ms max latency.
2615 records sent, 522,3 records/sec (0,50 MB/sec), 1,9 ms avg latency, 230,0 ms max latency.
2608 records sent, 512,5 records/sec (0,49 MB/sec), 1,9 ms avg latency, 940,0 ms max latency.
2564 records sent, 512,8 records/sec (0,49 MB/sec), 1,9 ms avg latency, 668,0 ms max latency.
2853 records sent, 569,7 records/sec (0,54 MB/sec), 1,7 ms avg latency, 602,0 ms max latency.
2409 records sent, 481,1 records/sec (0,46 MB/sec), 2,1 ms avg latency, 580,0 ms max latency.
2494 records sent, 496,5 records/sec (0,47 MB/sec), 2,0 ms avg latency, 713,0 ms max latency.
2647 records sent, 528,9 records/sec (0,50 MB/sec), 1,9 ms avg latency, 421,0 ms max latency.
2672 records sent, 532,3 records/sec (0,51 MB/sec), 1,9 ms avg latency, 434,0 ms max latency.
80000 records sent, 515,756357 records/sec (0,49 MB/sec), 1,92 ms avg latency, 2003,00 ms max latency, 0 ms 50th, 10 ms 95th, 32 ms 99th, 231 ms 99.9th.

Metric Name                                                                          Value
app-info:commit-id:{client-id=producer-1}                                          : d4284cbebb6f0a4c
app-info:start-time-ms:{client-id=producer-1}                                      : 1592795167603
app-info:version:{client-id=producer-1}                                            : 2.3.1
kafka-metrics-count:count:{client-id=producer-1}                                   : 126,000
producer-metrics:batch-size-avg:{client-id=producer-1}                             : 1075,000
producer-metrics:batch-size-max:{client-id=producer-1}                             : 1075,000
producer-metrics:batch-split-rate:{client-id=producer-1}                           : 0,000
producer-metrics:batch-split-total:{client-id=producer-1}                          : 0,000
producer-metrics:buffer-available-bytes:{client-id=producer-1}                     : 33554432,000
producer-metrics:buffer-exhausted-rate:{client-id=producer-1}                      : 0,000
producer-metrics:buffer-exhausted-total:{client-id=producer-1}                     : 0,000
producer-metrics:buffer-total-bytes:{client-id=producer-1}                         : 33554432,000
producer-metrics:bufferpool-wait-ratio:{client-id=producer-1}                      : 0,000
producer-metrics:bufferpool-wait-time-total:{client-id=producer-1}                 : 0,000
producer-metrics:compression-rate-avg:{client-id=producer-1}                       : 1,000
producer-metrics:connection-close-rate:{client-id=producer-1}                      : 0,164
producer-metrics:connection-close-total:{client-id=producer-1}                     : 16,000
producer-metrics:connection-count:{client-id=producer-1}                           : 4,000
producer-metrics:connection-creation-rate:{client-id=producer-1}                   : 0,164
producer-metrics:connection-creation-total:{client-id=producer-1}                  : 20,000
producer-metrics:failed-authentication-rate:{client-id=producer-1}                 : 0,000
producer-metrics:failed-authentication-total:{client-id=producer-1}                : 0,000
producer-metrics:failed-reauthentication-rate:{client-id=producer-1}               : 0,000
producer-metrics:failed-reauthentication-total:{client-id=producer-1}              : 0,000
producer-metrics:incoming-byte-rate:{client-id=producer-1}                         : 94,890
producer-metrics:incoming-byte-total:{client-id=producer-1}                        : 10725,000
producer-metrics:io-ratio:{client-id=producer-1}                                   : 0,008
producer-metrics:io-time-ns-avg:{client-id=producer-1}                             : 7734,999
producer-metrics:io-wait-ratio:{client-id=producer-1}                              : 0,968
producer-metrics:io-wait-time-ns-avg:{client-id=producer-1}                        : 930092,645
producer-metrics:io-waittime-total:{client-id=producer-1}                          : 148618606453,000
producer-metrics:iotime-total:{client-id=producer-1}                               : 1438873373,000
producer-metrics:metadata-age:{client-id=producer-1}                               : 1,025
producer-metrics:network-io-rate:{client-id=producer-1}                            : 523,958
producer-metrics:network-io-total:{client-id=producer-1}                           : 80074,000
producer-metrics:outgoing-byte-rate:{client-id=producer-1}                         : 604640,481
producer-metrics:outgoing-byte-total:{client-id=producer-1}                        : 92390101,000
producer-metrics:produce-throttle-time-avg:{client-id=producer-1}                  : 0,000
producer-metrics:produce-throttle-time-max:{client-id=producer-1}                  : 0,000
producer-metrics:reauthentication-latency-avg:{client-id=producer-1}               : NaN
producer-metrics:reauthentication-latency-max:{client-id=producer-1}               : NaN
producer-metrics:record-error-rate:{client-id=producer-1}                          : 0,000
producer-metrics:record-error-total:{client-id=producer-1}                         : 0,000
producer-metrics:record-queue-time-avg:{client-id=producer-1}                      : 0,188
producer-metrics:record-queue-time-max:{client-id=producer-1}                      : 713,000
producer-metrics:record-retry-rate:{client-id=producer-1}                          : 0,164
producer-metrics:record-retry-total:{client-id=producer-1}                         : 16,000
producer-metrics:record-send-rate:{client-id=producer-1}                           : 523,086
producer-metrics:record-send-total:{client-id=producer-1}                          : 80016,000
producer-metrics:record-size-avg:{client-id=producer-1}                            : 1091,000
producer-metrics:record-size-max:{client-id=producer-1}                            : 1091,000
producer-metrics:records-per-request-avg:{client-id=producer-1}                    : 1,000
producer-metrics:request-latency-avg:{client-id=producer-1}                        : NaN
producer-metrics:request-latency-max:{client-id=producer-1}                        : NaN
producer-metrics:request-rate:{client-id=producer-1}                               : 523,687
producer-metrics:request-size-avg:{client-id=producer-1}                           : 1154,386
producer-metrics:request-size-max:{client-id=producer-1}                           : 1155,000
producer-metrics:request-total:{client-id=producer-1}                              : 80037,000
producer-metrics:requests-in-flight:{client-id=producer-1}                         : 0,000
producer-metrics:response-rate:{client-id=producer-1}                              : 0,328
producer-metrics:response-total:{client-id=producer-1}                             : 37,000
producer-metrics:select-rate:{client-id=producer-1}                                : 1040,768
producer-metrics:select-total:{client-id=producer-1}                               : 157948,000
producer-metrics:successful-authentication-no-reauth-total:{client-id=producer-1}  : 0,000
producer-metrics:successful-authentication-rate:{client-id=producer-1}             : 0,000
producer-metrics:successful-authentication-total:{client-id=producer-1}            : 0,000
producer-metrics:successful-reauthentication-rate:{client-id=producer-1}           : 0,000
producer-metrics:successful-reauthentication-total:{client-id=producer-1}          : 0,000
producer-metrics:waiting-threads:{client-id=producer-1}                            : 0,000
producer-node-metrics:incoming-byte-rate:{client-id=producer-1, node-id=node--1}   : 0,000
producer-node-metrics:incoming-byte-rate:{client-id=producer-1, node-id=node-1}    : 39,974
producer-node-metrics:incoming-byte-rate:{client-id=producer-1, node-id=node-3}    : 23,845
producer-node-metrics:incoming-byte-rate:{client-id=producer-1, node-id=node-6}    : 19,214
producer-node-metrics:incoming-byte-total:{client-id=producer-1, node-id=node--1}  : 579,000
producer-node-metrics:incoming-byte-total:{client-id=producer-1, node-id=node-1}   : 3777,000
producer-node-metrics:incoming-byte-total:{client-id=producer-1, node-id=node-3}   : 3474,000
producer-node-metrics:incoming-byte-total:{client-id=producer-1, node-id=node-6}   : 2895,000
producer-node-metrics:outgoing-byte-rate:{client-id=producer-1, node-id=node--1}   : 0,000
producer-node-metrics:outgoing-byte-rate:{client-id=producer-1, node-id=node-1}    : 200596,362
producer-node-metrics:outgoing-byte-rate:{client-id=producer-1, node-id=node-3}    : 202285,579
producer-node-metrics:outgoing-byte-rate:{client-id=producer-1, node-id=node-6}    : 200961,923
producer-node-metrics:outgoing-byte-total:{client-id=producer-1, node-id=node--1}  : 67,000
producer-node-metrics:outgoing-byte-total:{client-id=producer-1, node-id=node-1}   : 30823663,000
producer-node-metrics:outgoing-byte-total:{client-id=producer-1, node-id=node-3}   : 30909003,000
producer-node-metrics:outgoing-byte-total:{client-id=producer-1, node-id=node-6}   : 30657368,000
producer-node-metrics:request-latency-avg:{client-id=producer-1, node-id=node--1}  : NaN
producer-node-metrics:request-latency-avg:{client-id=producer-1, node-id=node-1}   : NaN
producer-node-metrics:request-latency-avg:{client-id=producer-1, node-id=node-3}   : NaN
producer-node-metrics:request-latency-avg:{client-id=producer-1, node-id=node-6}   : NaN
producer-node-metrics:request-latency-max:{client-id=producer-1, node-id=node--1}  : NaN
producer-node-metrics:request-latency-max:{client-id=producer-1, node-id=node-1}   : NaN
producer-node-metrics:request-latency-max:{client-id=producer-1, node-id=node-3}   : NaN
producer-node-metrics:request-latency-max:{client-id=producer-1, node-id=node-6}   : NaN
producer-node-metrics:request-rate:{client-id=producer-1, node-id=node--1}         : 0,000
producer-node-metrics:request-rate:{client-id=producer-1, node-id=node-1}          : 173,773
producer-node-metrics:request-rate:{client-id=producer-1, node-id=node-3}          : 175,175
producer-node-metrics:request-rate:{client-id=producer-1, node-id=node-6}          : 174,084
producer-node-metrics:request-size-avg:{client-id=producer-1, node-id=node--1}     : NaN
producer-node-metrics:request-size-avg:{client-id=producer-1, node-id=node-1}      : 1154,258
producer-node-metrics:request-size-avg:{client-id=producer-1, node-id=node-3}      : 1154,629
producer-node-metrics:request-size-avg:{client-id=producer-1, node-id=node-6}      : 1154,263
producer-node-metrics:request-size-max:{client-id=producer-1, node-id=node--1}     : NaN
producer-node-metrics:request-size-max:{client-id=producer-1, node-id=node-1}      : 1155,000
producer-node-metrics:request-size-max:{client-id=producer-1, node-id=node-3}      : 1155,000
producer-node-metrics:request-size-max:{client-id=producer-1, node-id=node-6}      : 1155,000
producer-node-metrics:request-total:{client-id=producer-1, node-id=node--1}        : 2,000
producer-node-metrics:request-total:{client-id=producer-1, node-id=node-1}         : 26703,000
producer-node-metrics:request-total:{client-id=producer-1, node-id=node-3}         : 26776,000
producer-node-metrics:request-total:{client-id=producer-1, node-id=node-6}         : 26556,000
producer-node-metrics:response-rate:{client-id=producer-1, node-id=node--1}        : 0,000
producer-node-metrics:response-rate:{client-id=producer-1, node-id=node-1}         : 0,138
producer-node-metrics:response-rate:{client-id=producer-1, node-id=node-3}         : 0,082
producer-node-metrics:response-rate:{client-id=producer-1, node-id=node-6}         : 0,067
producer-node-metrics:response-total:{client-id=producer-1, node-id=node--1}       : 2,000
producer-node-metrics:response-total:{client-id=producer-1, node-id=node-1}        : 13,000
producer-node-metrics:response-total:{client-id=producer-1, node-id=node-3}        : 12,000
producer-node-metrics:response-total:{client-id=producer-1, node-id=node-6}        : 10,000
producer-topic-metrics:byte-rate:{client-id=producer-1, topic=test-topic}          : 562301,519
producer-topic-metrics:byte-total:{client-id=producer-1, topic=test-topic}         : 86006089,000
producer-topic-metrics:compression-rate:{client-id=producer-1, topic=test-topic}   : 1,000
producer-topic-metrics:record-error-rate:{client-id=producer-1, topic=test-topic}  : 0,000
producer-topic-metrics:record-error-total:{client-id=producer-1, topic=test-topic} : 0,000
producer-topic-metrics:record-retry-rate:{client-id=producer-1, topic=test-topic}  : 0,164
producer-topic-metrics:record-retry-total:{client-id=producer-1, topic=test-topic} : 16,000
producer-topic-metrics:record-send-rate:{client-id=producer-1, topic=test-topic}   : 523,101
producer-topic-metrics:record-send-total:{client-id=producer-1, topic=test-topic}  : 80016,000
Produce Time: 155.104
[00:08:42] Ignite node stopped OK [uptime=00:02:32.074]
Aplication time: 155.823
*****Produção finalizada, esperando 180 s para buscar WM*****
Water mark: 1520294
