Topic to send: test-topic
Topic to acks: -2
Records: 80000
Size:1000
[12:27:59]    __________  ________________ 
[12:27:59]   /  _/ ___/ |/ /  _/_  __/ __/ 
[12:27:59]  _/ // (7 7    // /  / / / _/   
[12:27:59] /___/\___/_/|_/___/ /_/ /___/  
[12:27:59] 
[12:27:59] ver. 2.7.6#20190911-sha1:21f7ca41
[12:27:59] 2019 Copyright(C) Apache Software Foundation
[12:27:59] 
[12:27:59] Ignite documentation: http://ignite.apache.org
[12:27:59] 
[12:27:59] Quiet mode.
[12:27:59]   ^-- Logging by 'JavaLogger [quiet=true, config=null]'
[12:27:59]   ^-- To see **FULL** console log here add -DIGNITE_QUIET=false or "-v" to ignite.{sh|bat}
[12:27:59] 
[12:28:00] OS: Linux 5.0.0-38-generic amd64
[12:28:00] VM information: OpenJDK Runtime Environment 11.0.5+10-post-Ubuntu-0ubuntu1.119.04 Private Build OpenJDK 64-Bit Server VM 11.0.5+10-post-Ubuntu-0ubuntu1.119.04
[12:28:00] Please set system property '-Djava.net.preferIPv4Stack=true' to avoid possible problems in mixed environments.
[12:28:00] Initial heap size is 126MB (should be no less than 512MB, use -Xms512m -Xmx512m).
[12:28:00] Configured plugins:
[12:28:00]   ^-- None
[12:28:00] 
[12:28:00] Configured failure handler: [hnd=StopNodeOrHaltFailureHandler [tryStop=false, timeout=0, super=AbstractFailureHandler [ignoredFailureTypes=[SYSTEM_WORKER_BLOCKED, SYSTEM_CRITICAL_OPERATION_TIMEOUT]]]]
[12:28:00] Message queue limit is set to 0 which may lead to potential OOMEs when running cache operations in FULL_ASYNC or PRIMARY_SYNC modes due to message queues growth on sender and receiver sides.
[12:28:00] Security status [authentication=off, tls/ssl=off]
[12:28:00] REST protocols do not start on client node. To start the protocols on client node set '-DIGNITE_REST_START_ON_CLIENT=true' system property.
[12:28:02] Performance suggestions for grid  (fix if possible)
[12:28:02] To disable, set -DIGNITE_PERFORMANCE_SUGGESTIONS_DISABLED=true
[12:28:02]   ^-- Switch to the most recent 1.8 JVM version
[12:28:02]   ^-- Specify JVM heap max size (add '-Xmx<size>[g|G|m|M|k|K]' to JVM options)
[12:28:02]   ^-- Set max direct memory size if getting 'OOME: Direct buffer memory' (add '-XX:MaxDirectMemorySize=<size>[g|G|m|M|k|K]' to JVM options)
[12:28:02]   ^-- Disable processing of calls to System.gc() (add '-XX:+DisableExplicitGC' to JVM options)
[12:28:02] Refer to this page for more performance suggestions: https://apacheignite.readme.io/docs/jvm-and-system-tuning
[12:28:02] 
[12:28:02] To start Console Management & Monitoring run ignitevisorcmd.{sh|bat}
[12:28:02] 
[12:28:02] Ignite node started OK (id=9bcc07ea)
[12:28:02] Topology snapshot [ver=50, locNode=9bcc07ea, servers=1, clients=1, state=ACTIVE, CPUs=8, offheap=1.5GB, heap=3.9GB]
2146 records sent, 408,6 records/sec (0,39 MB/sec), 2,4 ms avg latency, 1960,0 ms max latency.
3166 records sent, 631,8 records/sec (0,60 MB/sec), 1,6 ms avg latency, 499,0 ms max latency.
2475 records sent, 494,1 records/sec (0,47 MB/sec), 2,0 ms avg latency, 365,0 ms max latency.
2051 records sent, 385,8 records/sec (0,37 MB/sec), 2,6 ms avg latency, 1621,0 ms max latency.
3089 records sent, 617,8 records/sec (0,59 MB/sec), 1,6 ms avg latency, 234,0 ms max latency.
2426 records sent, 483,5 records/sec (0,46 MB/sec), 2,0 ms avg latency, 678,0 ms max latency.
2609 records sent, 519,7 records/sec (0,50 MB/sec), 1,9 ms avg latency, 235,0 ms max latency.
2650 records sent, 529,6 records/sec (0,51 MB/sec), 1,9 ms avg latency, 278,0 ms max latency.
2671 records sent, 506,3 records/sec (0,48 MB/sec), 2,0 ms avg latency, 369,0 ms max latency.
2529 records sent, 504,9 records/sec (0,48 MB/sec), 2,0 ms avg latency, 267,0 ms max latency.
2220 records sent, 441,3 records/sec (0,42 MB/sec), 2,3 ms avg latency, 725,0 ms max latency.
3080 records sent, 595,1 records/sec (0,57 MB/sec), 1,7 ms avg latency, 450,0 ms max latency.
2793 records sent, 533,2 records/sec (0,51 MB/sec), 1,9 ms avg latency, 280,0 ms max latency.
2646 records sent, 525,4 records/sec (0,50 MB/sec), 1,9 ms avg latency, 236,0 ms max latency.
2142 records sent, 426,4 records/sec (0,41 MB/sec), 2,3 ms avg latency, 231,0 ms max latency.
2919 records sent, 583,1 records/sec (0,56 MB/sec), 1,7 ms avg latency, 260,0 ms max latency.
2641 records sent, 521,6 records/sec (0,50 MB/sec), 1,9 ms avg latency, 396,0 ms max latency.
2780 records sent, 544,8 records/sec (0,52 MB/sec), 1,8 ms avg latency, 371,0 ms max latency.
2354 records sent, 470,1 records/sec (0,45 MB/sec), 2,1 ms avg latency, 304,0 ms max latency.
2570 records sent, 512,5 records/sec (0,49 MB/sec), 1,9 ms avg latency, 258,0 ms max latency.
2455 records sent, 490,0 records/sec (0,47 MB/sec), 2,0 ms avg latency, 583,0 ms max latency.
2371 records sent, 465,1 records/sec (0,44 MB/sec), 2,1 ms avg latency, 579,0 ms max latency.
2760 records sent, 549,0 records/sec (0,52 MB/sec), 1,8 ms avg latency, 275,0 ms max latency.
2529 records sent, 502,4 records/sec (0,48 MB/sec), 2,0 ms avg latency, 429,0 ms max latency.
2515 records sent, 500,4 records/sec (0,48 MB/sec), 2,0 ms avg latency, 291,0 ms max latency.
2664 records sent, 528,3 records/sec (0,50 MB/sec), 1,9 ms avg latency, 488,0 ms max latency.
2723 records sent, 534,2 records/sec (0,51 MB/sec), 1,9 ms avg latency, 346,0 ms max latency.
2624 records sent, 524,8 records/sec (0,50 MB/sec), 1,9 ms avg latency, 915,0 ms max latency.
2604 records sent, 513,2 records/sec (0,49 MB/sec), 1,9 ms avg latency, 661,0 ms max latency.
2841 records sent, 550,7 records/sec (0,53 MB/sec), 1,8 ms avg latency, 598,0 ms max latency.
80000 records sent, 512,475577 records/sec (0,49 MB/sec), 1,94 ms avg latency, 1960,00 ms max latency, 0 ms 50th, 10 ms 95th, 33 ms 99th, 236 ms 99.9th.

Metric Name                                                                          Value
app-info:commit-id:{client-id=producer-1}                                          : d12590634290dbc4
app-info:start-time-ms:{client-id=producer-1}                                      : 1593617279407
app-info:version:{client-id=producer-1}                                            : 2.3.1
kafka-metrics-count:count:{client-id=producer-1}                                   : 126,000
producer-metrics:batch-size-avg:{client-id=producer-1}                             : 1075,000
producer-metrics:batch-size-max:{client-id=producer-1}                             : 1075,000
producer-metrics:batch-split-rate:{client-id=producer-1}                           : 0,000
producer-metrics:batch-split-total:{client-id=producer-1}                          : 0,000
producer-metrics:buffer-available-bytes:{client-id=producer-1}                     : 33554432,000
producer-metrics:buffer-exhausted-rate:{client-id=producer-1}                      : 0,000
producer-metrics:buffer-exhausted-total:{client-id=producer-1}                     : 0,000
producer-metrics:buffer-total-bytes:{client-id=producer-1}                         : 33554432,000
producer-metrics:bufferpool-wait-ratio:{client-id=producer-1}                      : 0,000
producer-metrics:bufferpool-wait-time-total:{client-id=producer-1}                 : 0,000
producer-metrics:compression-rate-avg:{client-id=producer-1}                       : 1,000
producer-metrics:connection-close-rate:{client-id=producer-1}                      : 0,075
producer-metrics:connection-close-total:{client-id=producer-1}                     : 8,000
producer-metrics:connection-count:{client-id=producer-1}                           : 4,000
producer-metrics:connection-creation-rate:{client-id=producer-1}                   : 0,068
producer-metrics:connection-creation-total:{client-id=producer-1}                  : 12,000
producer-metrics:failed-authentication-rate:{client-id=producer-1}                 : 0,000
producer-metrics:failed-authentication-total:{client-id=producer-1}                : 0,000
producer-metrics:failed-reauthentication-rate:{client-id=producer-1}               : 0,000
producer-metrics:failed-reauthentication-total:{client-id=producer-1}              : 0,000
producer-metrics:incoming-byte-rate:{client-id=producer-1}                         : 39,101
producer-metrics:incoming-byte-total:{client-id=producer-1}                        : 6093,000
producer-metrics:io-ratio:{client-id=producer-1}                                   : 0,008
producer-metrics:io-time-ns-avg:{client-id=producer-1}                             : 7205,946
producer-metrics:io-wait-ratio:{client-id=producer-1}                              : 0,977
producer-metrics:io-wait-time-ns-avg:{client-id=producer-1}                        : 934231,766
producer-metrics:io-waittime-total:{client-id=producer-1}                          : 149703425270,000
producer-metrics:iotime-total:{client-id=producer-1}                               : 1447609760,000
producer-metrics:metadata-age:{client-id=producer-1}                               : 5,432
producer-metrics:network-io-rate:{client-id=producer-1}                            : 516,207
producer-metrics:network-io-total:{client-id=producer-1}                           : 80042,000
producer-metrics:outgoing-byte-rate:{client-id=producer-1}                         : 595955,101
producer-metrics:outgoing-byte-total:{client-id=producer-1}                        : 92389569,000
producer-metrics:produce-throttle-time-avg:{client-id=producer-1}                  : 0,000
producer-metrics:produce-throttle-time-max:{client-id=producer-1}                  : 0,000
producer-metrics:reauthentication-latency-avg:{client-id=producer-1}               : NaN
producer-metrics:reauthentication-latency-max:{client-id=producer-1}               : NaN
producer-metrics:record-error-rate:{client-id=producer-1}                          : 0,000
producer-metrics:record-error-total:{client-id=producer-1}                         : 0,000
producer-metrics:record-queue-time-avg:{client-id=producer-1}                      : 0,109
producer-metrics:record-queue-time-max:{client-id=producer-1}                      : 915,000
producer-metrics:record-retry-rate:{client-id=producer-1}                          : 0,075
producer-metrics:record-retry-total:{client-id=producer-1}                         : 7,000
producer-metrics:record-send-rate:{client-id=producer-1}                           : 516,252
producer-metrics:record-send-total:{client-id=producer-1}                          : 80007,000
producer-metrics:record-size-avg:{client-id=producer-1}                            : 1091,000
producer-metrics:record-size-max:{client-id=producer-1}                            : 1091,000
producer-metrics:records-per-request-avg:{client-id=producer-1}                    : 1,000
producer-metrics:request-latency-avg:{client-id=producer-1}                        : NaN
producer-metrics:request-latency-max:{client-id=producer-1}                        : NaN
producer-metrics:request-rate:{client-id=producer-1}                               : 516,040
producer-metrics:request-size-avg:{client-id=producer-1}                           : 1154,637
producer-metrics:request-size-max:{client-id=producer-1}                           : 1155,000
producer-metrics:request-total:{client-id=producer-1}                              : 80021,000
producer-metrics:requests-in-flight:{client-id=producer-1}                         : 0,000
producer-metrics:response-rate:{client-id=producer-1}                              : 0,135
producer-metrics:response-total:{client-id=producer-1}                             : 21,000
producer-metrics:select-rate:{client-id=producer-1}                                : 1045,970
producer-metrics:select-total:{client-id=producer-1}                               : 157441,000
producer-metrics:successful-authentication-no-reauth-total:{client-id=producer-1}  : 0,000
producer-metrics:successful-authentication-rate:{client-id=producer-1}             : 0,000
producer-metrics:successful-authentication-total:{client-id=producer-1}            : 0,000
producer-metrics:successful-reauthentication-rate:{client-id=producer-1}           : 0,000
producer-metrics:successful-reauthentication-total:{client-id=producer-1}          : 0,000
producer-metrics:waiting-threads:{client-id=producer-1}                            : 0,000
producer-node-metrics:incoming-byte-rate:{client-id=producer-1, node-id=node--1}   : 0,000
producer-node-metrics:incoming-byte-rate:{client-id=producer-1, node-id=node-1}    : 13,236
producer-node-metrics:incoming-byte-rate:{client-id=producer-1, node-id=node-3}    : 15,101
producer-node-metrics:incoming-byte-rate:{client-id=producer-1, node-id=node-6}    : 13,019
producer-node-metrics:incoming-byte-total:{client-id=producer-1, node-id=node--1}  : 579,000
producer-node-metrics:incoming-byte-total:{client-id=producer-1, node-id=node-1}   : 2316,000
producer-node-metrics:incoming-byte-total:{client-id=producer-1, node-id=node-3}   : 2040,000
producer-node-metrics:incoming-byte-total:{client-id=producer-1, node-id=node-6}   : 1158,000
producer-node-metrics:outgoing-byte-rate:{client-id=producer-1, node-id=node--1}   : 0,000
producer-node-metrics:outgoing-byte-rate:{client-id=producer-1, node-id=node-1}    : 199368,782
producer-node-metrics:outgoing-byte-rate:{client-id=producer-1, node-id=node-3}    : 200751,801
producer-node-metrics:outgoing-byte-rate:{client-id=producer-1, node-id=node-6}    : 198859,100
producer-node-metrics:outgoing-byte-total:{client-id=producer-1, node-id=node--1}  : 67,000
producer-node-metrics:outgoing-byte-total:{client-id=producer-1, node-id=node-1}   : 30823524,000
producer-node-metrics:outgoing-byte-total:{client-id=producer-1, node-id=node-3}   : 30908807,000
producer-node-metrics:outgoing-byte-total:{client-id=producer-1, node-id=node-6}   : 30657171,000
producer-node-metrics:request-latency-avg:{client-id=producer-1, node-id=node--1}  : NaN
producer-node-metrics:request-latency-avg:{client-id=producer-1, node-id=node-1}   : NaN
producer-node-metrics:request-latency-avg:{client-id=producer-1, node-id=node-3}   : NaN
producer-node-metrics:request-latency-avg:{client-id=producer-1, node-id=node-6}   : NaN
producer-node-metrics:request-latency-max:{client-id=producer-1, node-id=node--1}  : NaN
producer-node-metrics:request-latency-max:{client-id=producer-1, node-id=node-1}   : NaN
producer-node-metrics:request-latency-max:{client-id=producer-1, node-id=node-3}   : NaN
producer-node-metrics:request-latency-max:{client-id=producer-1, node-id=node-6}   : NaN
producer-node-metrics:request-rate:{client-id=producer-1, node-id=node--1}         : 0,000
producer-node-metrics:request-rate:{client-id=producer-1, node-id=node-1}          : 172,654
producer-node-metrics:request-rate:{client-id=producer-1, node-id=node-3}          : 173,846
producer-node-metrics:request-rate:{client-id=producer-1, node-id=node-6}          : 172,207
producer-node-metrics:request-size-avg:{client-id=producer-1, node-id=node--1}     : NaN
producer-node-metrics:request-size-avg:{client-id=producer-1, node-id=node-1}      : 1154,630
producer-node-metrics:request-size-avg:{client-id=producer-1, node-id=node-3}      : 1154,638
producer-node-metrics:request-size-avg:{client-id=producer-1, node-id=node-6}      : 1154,635
producer-node-metrics:request-size-max:{client-id=producer-1, node-id=node--1}     : NaN
producer-node-metrics:request-size-max:{client-id=producer-1, node-id=node-1}      : 1155,000
producer-node-metrics:request-size-max:{client-id=producer-1, node-id=node-3}      : 1155,000
producer-node-metrics:request-size-max:{client-id=producer-1, node-id=node-6}      : 1155,000
producer-node-metrics:request-total:{client-id=producer-1, node-id=node--1}        : 2,000
producer-node-metrics:request-total:{client-id=producer-1, node-id=node-1}         : 26698,000
producer-node-metrics:request-total:{client-id=producer-1, node-id=node-3}         : 26771,000
producer-node-metrics:request-total:{client-id=producer-1, node-id=node-6}         : 26550,000
producer-node-metrics:response-rate:{client-id=producer-1, node-id=node--1}        : 0,000
producer-node-metrics:response-rate:{client-id=producer-1, node-id=node-1}         : 0,045
producer-node-metrics:response-rate:{client-id=producer-1, node-id=node-3}         : 0,052
producer-node-metrics:response-rate:{client-id=producer-1, node-id=node-6}         : 0,046
producer-node-metrics:response-total:{client-id=producer-1, node-id=node--1}       : 2,000
producer-node-metrics:response-total:{client-id=producer-1, node-id=node-1}        : 8,000
producer-node-metrics:response-total:{client-id=producer-1, node-id=node-3}        : 7,000
producer-node-metrics:response-total:{client-id=producer-1, node-id=node-6}        : 4,000
producer-topic-metrics:byte-rate:{client-id=producer-1, topic=test-topic}          : 554939,935
producer-topic-metrics:byte-total:{client-id=producer-1, topic=test-topic}         : 85996418,000
producer-topic-metrics:compression-rate:{client-id=producer-1, topic=test-topic}   : 1,000
producer-topic-metrics:record-error-rate:{client-id=producer-1, topic=test-topic}  : 0,000
producer-topic-metrics:record-error-total:{client-id=producer-1, topic=test-topic} : 0,000
producer-topic-metrics:record-retry-rate:{client-id=producer-1, topic=test-topic}  : 0,075
producer-topic-metrics:record-retry-total:{client-id=producer-1, topic=test-topic} : 7,000
producer-topic-metrics:record-send-rate:{client-id=producer-1, topic=test-topic}   : 516,252
producer-topic-metrics:record-send-total:{client-id=producer-1, topic=test-topic}  : 80007,000
Produce Time: 156.104
[12:30:35] Ignite node stopped OK [uptime=00:02:33.031]
Aplication time: 156.827
*****Produção finalizada, esperando 180 s para buscar WM*****
Water mark: 2000000
