Topic to send: test-topic
Topic to acks: -2
Records: 80000
Size:1000
[12:05:30]    __________  ________________ 
[12:05:30]   /  _/ ___/ |/ /  _/_  __/ __/ 
[12:05:30]  _/ // (7 7    // /  / / / _/   
[12:05:30] /___/\___/_/|_/___/ /_/ /___/  
[12:05:30] 
[12:05:30] ver. 2.7.6#20190911-sha1:21f7ca41
[12:05:30] 2019 Copyright(C) Apache Software Foundation
[12:05:30] 
[12:05:30] Ignite documentation: http://ignite.apache.org
[12:05:30] 
[12:05:30] Quiet mode.
[12:05:30]   ^-- Logging by 'JavaLogger [quiet=true, config=null]'
[12:05:30]   ^-- To see **FULL** console log here add -DIGNITE_QUIET=false or "-v" to ignite.{sh|bat}
[12:05:30] 
[12:05:30] OS: Linux 5.0.0-38-generic amd64
[12:05:30] VM information: OpenJDK Runtime Environment 11.0.5+10-post-Ubuntu-0ubuntu1.119.04 Private Build OpenJDK 64-Bit Server VM 11.0.5+10-post-Ubuntu-0ubuntu1.119.04
[12:05:30] Please set system property '-Djava.net.preferIPv4Stack=true' to avoid possible problems in mixed environments.
[12:05:30] Initial heap size is 126MB (should be no less than 512MB, use -Xms512m -Xmx512m).
[12:05:30] Configured plugins:
[12:05:30]   ^-- None
[12:05:30] 
[12:05:30] Configured failure handler: [hnd=StopNodeOrHaltFailureHandler [tryStop=false, timeout=0, super=AbstractFailureHandler [ignoredFailureTypes=[SYSTEM_WORKER_BLOCKED, SYSTEM_CRITICAL_OPERATION_TIMEOUT]]]]
[12:05:30] Message queue limit is set to 0 which may lead to potential OOMEs when running cache operations in FULL_ASYNC or PRIMARY_SYNC modes due to message queues growth on sender and receiver sides.
[12:05:31] Security status [authentication=off, tls/ssl=off]
[12:05:31] REST protocols do not start on client node. To start the protocols on client node set '-DIGNITE_REST_START_ON_CLIENT=true' system property.
[12:05:33] Performance suggestions for grid  (fix if possible)
[12:05:33] To disable, set -DIGNITE_PERFORMANCE_SUGGESTIONS_DISABLED=true
[12:05:33]   ^-- Switch to the most recent 1.8 JVM version
[12:05:33]   ^-- Specify JVM heap max size (add '-Xmx<size>[g|G|m|M|k|K]' to JVM options)
[12:05:33]   ^-- Set max direct memory size if getting 'OOME: Direct buffer memory' (add '-XX:MaxDirectMemorySize=<size>[g|G|m|M|k|K]' to JVM options)
[12:05:33]   ^-- Disable processing of calls to System.gc() (add '-XX:+DisableExplicitGC' to JVM options)
[12:05:33] Refer to this page for more performance suggestions: https://apacheignite.readme.io/docs/jvm-and-system-tuning
[12:05:33] 
[12:05:33] To start Console Management & Monitoring run ignitevisorcmd.{sh|bat}
[12:05:33] 
[12:05:33] Ignite node started OK (id=a7a9b556)
[12:05:33] Topology snapshot [ver=42, locNode=a7a9b556, servers=1, clients=1, state=ACTIVE, CPUs=8, offheap=1.5GB, heap=3.9GB]
2344 records sent, 433,1 records/sec (0,41 MB/sec), 2,2 ms avg latency, 1808,0 ms max latency.
3080 records sent, 605,9 records/sec (0,58 MB/sec), 1,6 ms avg latency, 547,0 ms max latency.
2863 records sent, 531,2 records/sec (0,51 MB/sec), 1,9 ms avg latency, 465,0 ms max latency.
2758 records sent, 550,2 records/sec (0,52 MB/sec), 1,8 ms avg latency, 258,0 ms max latency.
2644 records sent, 528,7 records/sec (0,50 MB/sec), 1,9 ms avg latency, 375,0 ms max latency.
2617 records sent, 520,9 records/sec (0,50 MB/sec), 1,9 ms avg latency, 666,0 ms max latency.
2399 records sent, 479,7 records/sec (0,46 MB/sec), 2,1 ms avg latency, 530,0 ms max latency.
2684 records sent, 536,3 records/sec (0,51 MB/sec), 1,9 ms avg latency, 339,0 ms max latency.
2545 records sent, 507,2 records/sec (0,48 MB/sec), 2,0 ms avg latency, 297,0 ms max latency.
2462 records sent, 481,1 records/sec (0,46 MB/sec), 2,1 ms avg latency, 671,0 ms max latency.
2371 records sent, 465,6 records/sec (0,44 MB/sec), 2,1 ms avg latency, 330,0 ms max latency.
2722 records sent, 544,1 records/sec (0,52 MB/sec), 1,8 ms avg latency, 270,0 ms max latency.
2249 records sent, 442,5 records/sec (0,42 MB/sec), 2,2 ms avg latency, 430,0 ms max latency.
2451 records sent, 471,4 records/sec (0,45 MB/sec), 2,1 ms avg latency, 445,0 ms max latency.
2751 records sent, 494,4 records/sec (0,47 MB/sec), 2,0 ms avg latency, 748,0 ms max latency.
3187 records sent, 619,2 records/sec (0,59 MB/sec), 1,6 ms avg latency, 354,0 ms max latency.
2537 records sent, 507,0 records/sec (0,48 MB/sec), 2,0 ms avg latency, 686,0 ms max latency.
2703 records sent, 531,8 records/sec (0,51 MB/sec), 1,9 ms avg latency, 235,0 ms max latency.
2495 records sent, 482,0 records/sec (0,46 MB/sec), 2,1 ms avg latency, 280,0 ms max latency.
2870 records sent, 568,5 records/sec (0,54 MB/sec), 1,7 ms avg latency, 1029,0 ms max latency.
2547 records sent, 501,2 records/sec (0,48 MB/sec), 2,0 ms avg latency, 271,0 ms max latency.
2385 records sent, 473,2 records/sec (0,45 MB/sec), 2,1 ms avg latency, 643,0 ms max latency.
2998 records sent, 596,5 records/sec (0,57 MB/sec), 1,7 ms avg latency, 350,0 ms max latency.
2686 records sent, 535,0 records/sec (0,51 MB/sec), 1,9 ms avg latency, 686,0 ms max latency.
2666 records sent, 533,2 records/sec (0,51 MB/sec), 1,9 ms avg latency, 789,0 ms max latency.
2850 records sent, 569,5 records/sec (0,54 MB/sec), 1,7 ms avg latency, 614,0 ms max latency.
2095 records sent, 383,1 records/sec (0,37 MB/sec), 2,6 ms avg latency, 1659,0 ms max latency.
3420 records sent, 654,8 records/sec (0,62 MB/sec), 1,5 ms avg latency, 330,0 ms max latency.
2477 records sent, 491,4 records/sec (0,47 MB/sec), 2,0 ms avg latency, 271,0 ms max latency.
2941 records sent, 570,1 records/sec (0,54 MB/sec), 1,7 ms avg latency, 426,0 ms max latency.
80000 records sent, 519,851842 records/sec (0,50 MB/sec), 1,91 ms avg latency, 1808,00 ms max latency, 0 ms 50th, 10 ms 95th, 32 ms 99th, 237 ms 99.9th.

Metric Name                                                                          Value
app-info:commit-id:{client-id=producer-1}                                          : d12590634290dbc4
app-info:start-time-ms:{client-id=producer-1}                                      : 1593615930015
app-info:version:{client-id=producer-1}                                            : 2.3.1
kafka-metrics-count:count:{client-id=producer-1}                                   : 126,000
producer-metrics:batch-size-avg:{client-id=producer-1}                             : 1075,000
producer-metrics:batch-size-max:{client-id=producer-1}                             : 1075,000
producer-metrics:batch-split-rate:{client-id=producer-1}                           : 0,000
producer-metrics:batch-split-total:{client-id=producer-1}                          : 0,000
producer-metrics:buffer-available-bytes:{client-id=producer-1}                     : 33554432,000
producer-metrics:buffer-exhausted-rate:{client-id=producer-1}                      : 0,000
producer-metrics:buffer-exhausted-total:{client-id=producer-1}                     : 0,000
producer-metrics:buffer-total-bytes:{client-id=producer-1}                         : 33554432,000
producer-metrics:bufferpool-wait-ratio:{client-id=producer-1}                      : 0,000
producer-metrics:bufferpool-wait-time-total:{client-id=producer-1}                 : 0,000
producer-metrics:compression-rate-avg:{client-id=producer-1}                       : 1,000
producer-metrics:connection-close-rate:{client-id=producer-1}                      : 0,166
producer-metrics:connection-close-total:{client-id=producer-1}                     : 21,000
producer-metrics:connection-count:{client-id=producer-1}                           : 4,000
producer-metrics:connection-creation-rate:{client-id=producer-1}                   : 0,243
producer-metrics:connection-creation-total:{client-id=producer-1}                  : 25,000
producer-metrics:failed-authentication-rate:{client-id=producer-1}                 : 0,000
producer-metrics:failed-authentication-total:{client-id=producer-1}                : 0,000
producer-metrics:failed-reauthentication-rate:{client-id=producer-1}               : 0,000
producer-metrics:failed-reauthentication-total:{client-id=producer-1}              : 0,000
producer-metrics:incoming-byte-rate:{client-id=producer-1}                         : 103,479
producer-metrics:incoming-byte-total:{client-id=producer-1}                        : 13620,000
producer-metrics:io-ratio:{client-id=producer-1}                                   : 0,008
producer-metrics:io-time-ns-avg:{client-id=producer-1}                             : 7238,482
producer-metrics:io-wait-ratio:{client-id=producer-1}                              : 0,973
producer-metrics:io-wait-time-ns-avg:{client-id=producer-1}                        : 898011,100
producer-metrics:io-waittime-total:{client-id=producer-1}                          : 147329529233,000
producer-metrics:iotime-total:{client-id=producer-1}                               : 1461152940,000
producer-metrics:metadata-age:{client-id=producer-1}                               : 6,468
producer-metrics:network-io-rate:{client-id=producer-1}                            : 532,620
producer-metrics:network-io-total:{client-id=producer-1}                           : 80094,000
producer-metrics:outgoing-byte-rate:{client-id=producer-1}                         : 614355,917
producer-metrics:outgoing-byte-total:{client-id=producer-1}                        : 92390440,000
producer-metrics:produce-throttle-time-avg:{client-id=producer-1}                  : 0,000
producer-metrics:produce-throttle-time-max:{client-id=producer-1}                  : 0,000
producer-metrics:reauthentication-latency-avg:{client-id=producer-1}               : NaN
producer-metrics:reauthentication-latency-max:{client-id=producer-1}               : NaN
producer-metrics:record-error-rate:{client-id=producer-1}                          : 0,000
producer-metrics:record-error-total:{client-id=producer-1}                         : 0,000
producer-metrics:record-queue-time-avg:{client-id=producer-1}                      : 0,247
producer-metrics:record-queue-time-max:{client-id=producer-1}                      : 1659,000
producer-metrics:record-retry-rate:{client-id=producer-1}                          : 0,198
producer-metrics:record-retry-total:{client-id=producer-1}                         : 16,000
producer-metrics:record-send-rate:{client-id=producer-1}                           : 542,087
producer-metrics:record-send-total:{client-id=producer-1}                          : 80016,000
producer-metrics:record-size-avg:{client-id=producer-1}                            : 1091,000
producer-metrics:record-size-max:{client-id=producer-1}                            : 1091,000
producer-metrics:records-per-request-avg:{client-id=producer-1}                    : 1,000
producer-metrics:request-latency-avg:{client-id=producer-1}                        : NaN
producer-metrics:request-latency-max:{client-id=producer-1}                        : NaN
producer-metrics:request-rate:{client-id=producer-1}                               : 532,219
producer-metrics:request-size-avg:{client-id=producer-1}                           : 1154,123
producer-metrics:request-size-max:{client-id=producer-1}                           : 1155,000
producer-metrics:request-total:{client-id=producer-1}                              : 80047,000
producer-metrics:requests-in-flight:{client-id=producer-1}                         : 0,000
producer-metrics:response-rate:{client-id=producer-1}                              : 0,358
producer-metrics:response-total:{client-id=producer-1}                             : 47,000
producer-metrics:select-rate:{client-id=producer-1}                                : 1083,383
producer-metrics:select-total:{client-id=producer-1}                               : 157620,000
producer-metrics:successful-authentication-no-reauth-total:{client-id=producer-1}  : 0,000
producer-metrics:successful-authentication-rate:{client-id=producer-1}             : 0,000
producer-metrics:successful-authentication-total:{client-id=producer-1}            : 0,000
producer-metrics:successful-reauthentication-rate:{client-id=producer-1}           : 0,000
producer-metrics:successful-reauthentication-total:{client-id=producer-1}          : 0,000
producer-metrics:waiting-threads:{client-id=producer-1}                            : 0,000
producer-node-metrics:incoming-byte-rate:{client-id=producer-1, node-id=node--1}   : 0,000
producer-node-metrics:incoming-byte-rate:{client-id=producer-1, node-id=node-1}    : 36,967
producer-node-metrics:incoming-byte-rate:{client-id=producer-1, node-id=node-3}    : 46,663
producer-node-metrics:incoming-byte-rate:{client-id=producer-1, node-id=node-6}    : 38,746
producer-node-metrics:incoming-byte-total:{client-id=producer-1, node-id=node--1}  : 579,000
producer-node-metrics:incoming-byte-total:{client-id=producer-1, node-id=node-1}   : 3501,000
producer-node-metrics:incoming-byte-total:{client-id=producer-1, node-id=node-3}   : 5745,000
producer-node-metrics:incoming-byte-total:{client-id=producer-1, node-id=node-6}   : 3795,000
producer-node-metrics:outgoing-byte-rate:{client-id=producer-1, node-id=node--1}   : 0,000
producer-node-metrics:outgoing-byte-rate:{client-id=producer-1, node-id=node-1}    : 207774,021
producer-node-metrics:outgoing-byte-rate:{client-id=producer-1, node-id=node-3}    : 209614,477
producer-node-metrics:outgoing-byte-rate:{client-id=producer-1, node-id=node-6}    : 208215,276
producer-node-metrics:outgoing-byte-total:{client-id=producer-1, node-id=node--1}  : 67,000
producer-node-metrics:outgoing-byte-total:{client-id=producer-1, node-id=node-1}   : 30823601,000
producer-node-metrics:outgoing-byte-total:{client-id=producer-1, node-id=node-3}   : 30909366,000
producer-node-metrics:outgoing-byte-total:{client-id=producer-1, node-id=node-6}   : 30657406,000
producer-node-metrics:request-latency-avg:{client-id=producer-1, node-id=node--1}  : NaN
producer-node-metrics:request-latency-avg:{client-id=producer-1, node-id=node-1}   : NaN
producer-node-metrics:request-latency-avg:{client-id=producer-1, node-id=node-3}   : NaN
producer-node-metrics:request-latency-avg:{client-id=producer-1, node-id=node-6}   : NaN
producer-node-metrics:request-latency-max:{client-id=producer-1, node-id=node--1}  : NaN
producer-node-metrics:request-latency-max:{client-id=producer-1, node-id=node-1}   : NaN
producer-node-metrics:request-latency-max:{client-id=producer-1, node-id=node-3}   : NaN
producer-node-metrics:request-latency-max:{client-id=producer-1, node-id=node-6}   : NaN
producer-node-metrics:request-rate:{client-id=producer-1, node-id=node--1}         : 0,000
producer-node-metrics:request-rate:{client-id=producer-1, node-id=node-1}          : 179,988
producer-node-metrics:request-rate:{client-id=producer-1, node-id=node-3}          : 181,633
producer-node-metrics:request-rate:{client-id=producer-1, node-id=node-6}          : 180,370
producer-node-metrics:request-size-avg:{client-id=producer-1, node-id=node--1}     : NaN
producer-node-metrics:request-size-avg:{client-id=producer-1, node-id=node-1}      : 1154,238
producer-node-metrics:request-size-avg:{client-id=producer-1, node-id=node-3}      : 1153,880
producer-node-metrics:request-size-avg:{client-id=producer-1, node-id=node-6}      : 1154,239
producer-node-metrics:request-size-max:{client-id=producer-1, node-id=node--1}     : NaN
producer-node-metrics:request-size-max:{client-id=producer-1, node-id=node-1}      : 1155,000
producer-node-metrics:request-size-max:{client-id=producer-1, node-id=node-3}      : 1155,000
producer-node-metrics:request-size-max:{client-id=producer-1, node-id=node-6}      : 1155,000
producer-node-metrics:request-total:{client-id=producer-1, node-id=node--1}        : 2,000
producer-node-metrics:request-total:{client-id=producer-1, node-id=node-1}         : 26702,000
producer-node-metrics:request-total:{client-id=producer-1, node-id=node-3}         : 26784,000
producer-node-metrics:request-total:{client-id=producer-1, node-id=node-6}         : 26559,000
producer-node-metrics:response-rate:{client-id=producer-1, node-id=node--1}        : 0,000
producer-node-metrics:response-rate:{client-id=producer-1, node-id=node-1}         : 0,127
producer-node-metrics:response-rate:{client-id=producer-1, node-id=node-3}         : 0,163
producer-node-metrics:response-rate:{client-id=producer-1, node-id=node-6}         : 0,132
producer-node-metrics:response-total:{client-id=producer-1, node-id=node--1}       : 2,000
producer-node-metrics:response-total:{client-id=producer-1, node-id=node-1}        : 12,000
producer-node-metrics:response-total:{client-id=producer-1, node-id=node-3}        : 20,000
producer-node-metrics:response-total:{client-id=producer-1, node-id=node-6}        : 13,000
producer-topic-metrics:byte-rate:{client-id=producer-1, topic=test-topic}          : 582707,832
producer-topic-metrics:byte-total:{client-id=producer-1, topic=test-topic}         : 86006093,000
producer-topic-metrics:compression-rate:{client-id=producer-1, topic=test-topic}   : 1,000
producer-topic-metrics:record-error-rate:{client-id=producer-1, topic=test-topic}  : 0,000
producer-topic-metrics:record-error-total:{client-id=producer-1, topic=test-topic} : 0,000
producer-topic-metrics:record-retry-rate:{client-id=producer-1, topic=test-topic}  : 0,198
producer-topic-metrics:record-retry-total:{client-id=producer-1, topic=test-topic} : 16,000
producer-topic-metrics:record-send-rate:{client-id=producer-1, topic=test-topic}   : 542,087
producer-topic-metrics:record-send-total:{client-id=producer-1, topic=test-topic}  : 80016,000
Produce Time: 153.889
[12:08:04] Ignite node stopped OK [uptime=00:02:30.622]
Aplication time: 154.597
*****Produção finalizada, esperando 180 s para buscar WM*****
Water mark: 1680000
