Topic to send: test-topic
Topic to acks: -2
Records: 80000
Size:1000
[23:32:07]    __________  ________________ 
[23:32:07]   /  _/ ___/ |/ /  _/_  __/ __/ 
[23:32:07]  _/ // (7 7    // /  / / / _/   
[23:32:07] /___/\___/_/|_/___/ /_/ /___/  
[23:32:07] 
[23:32:07] ver. 2.7.6#20190911-sha1:21f7ca41
[23:32:07] 2019 Copyright(C) Apache Software Foundation
[23:32:07] 
[23:32:07] Ignite documentation: http://ignite.apache.org
[23:32:07] 
[23:32:07] Quiet mode.
[23:32:07]   ^-- Logging by 'JavaLogger [quiet=true, config=null]'
[23:32:07]   ^-- To see **FULL** console log here add -DIGNITE_QUIET=false or "-v" to ignite.{sh|bat}
[23:32:07] 
[23:32:07] OS: Linux 5.0.0-38-generic amd64
[23:32:07] VM information: OpenJDK Runtime Environment 11.0.5+10-post-Ubuntu-0ubuntu1.119.04 Private Build OpenJDK 64-Bit Server VM 11.0.5+10-post-Ubuntu-0ubuntu1.119.04
[23:32:07] Please set system property '-Djava.net.preferIPv4Stack=true' to avoid possible problems in mixed environments.
[23:32:07] Initial heap size is 126MB (should be no less than 512MB, use -Xms512m -Xmx512m).
[23:32:07] Configured plugins:
[23:32:07]   ^-- None
[23:32:07] 
[23:32:07] Configured failure handler: [hnd=StopNodeOrHaltFailureHandler [tryStop=false, timeout=0, super=AbstractFailureHandler [ignoredFailureTypes=[SYSTEM_WORKER_BLOCKED, SYSTEM_CRITICAL_OPERATION_TIMEOUT]]]]
[23:32:07] Message queue limit is set to 0 which may lead to potential OOMEs when running cache operations in FULL_ASYNC or PRIMARY_SYNC modes due to message queues growth on sender and receiver sides.
[23:32:07] Security status [authentication=off, tls/ssl=off]
[23:32:08] REST protocols do not start on client node. To start the protocols on client node set '-DIGNITE_REST_START_ON_CLIENT=true' system property.
[23:32:10] Performance suggestions for grid  (fix if possible)
[23:32:10] To disable, set -DIGNITE_PERFORMANCE_SUGGESTIONS_DISABLED=true
[23:32:10]   ^-- Switch to the most recent 1.8 JVM version
[23:32:10]   ^-- Specify JVM heap max size (add '-Xmx<size>[g|G|m|M|k|K]' to JVM options)
[23:32:10]   ^-- Set max direct memory size if getting 'OOME: Direct buffer memory' (add '-XX:MaxDirectMemorySize=<size>[g|G|m|M|k|K]' to JVM options)
[23:32:10]   ^-- Disable processing of calls to System.gc() (add '-XX:+DisableExplicitGC' to JVM options)
[23:32:10] Refer to this page for more performance suggestions: https://apacheignite.readme.io/docs/jvm-and-system-tuning
[23:32:10] 
[23:32:10] To start Console Management & Monitoring run ignitevisorcmd.{sh|bat}
[23:32:10] 
[23:32:10] Ignite node started OK (id=00ce8d4c)
[23:32:10] Topology snapshot [ver=26, locNode=00ce8d4c, servers=1, clients=1, state=ACTIVE, CPUs=8, offheap=1.5GB, heap=3.9GB]
1936 records sent, 371,2 records/sec (0,35 MB/sec), 2,6 ms avg latency, 1912,0 ms max latency.
3379 records sent, 674,3 records/sec (0,64 MB/sec), 1,5 ms avg latency, 583,0 ms max latency.
2625 records sent, 524,8 records/sec (0,50 MB/sec), 1,9 ms avg latency, 262,0 ms max latency.
2386 records sent, 473,4 records/sec (0,45 MB/sec), 2,1 ms avg latency, 344,0 ms max latency.
2313 records sent, 461,1 records/sec (0,44 MB/sec), 2,2 ms avg latency, 235,0 ms max latency.
2586 records sent, 498,5 records/sec (0,48 MB/sec), 2,0 ms avg latency, 740,0 ms max latency.
2769 records sent, 550,1 records/sec (0,52 MB/sec), 1,8 ms avg latency, 292,0 ms max latency.
2702 records sent, 539,6 records/sec (0,51 MB/sec), 1,8 ms avg latency, 290,0 ms max latency.
2423 records sent, 467,3 records/sec (0,45 MB/sec), 2,1 ms avg latency, 264,0 ms max latency.
2908 records sent, 581,4 records/sec (0,55 MB/sec), 1,7 ms avg latency, 466,0 ms max latency.
2754 records sent, 538,9 records/sec (0,51 MB/sec), 1,8 ms avg latency, 237,0 ms max latency.
2479 records sent, 492,7 records/sec (0,47 MB/sec), 2,0 ms avg latency, 286,0 ms max latency.
2547 records sent, 505,6 records/sec (0,48 MB/sec), 2,0 ms avg latency, 430,0 ms max latency.
2362 records sent, 471,6 records/sec (0,45 MB/sec), 2,1 ms avg latency, 633,0 ms max latency.
2752 records sent, 549,6 records/sec (0,52 MB/sec), 1,8 ms avg latency, 606,0 ms max latency.
2536 records sent, 494,8 records/sec (0,47 MB/sec), 2,0 ms avg latency, 535,0 ms max latency.
2979 records sent, 595,8 records/sec (0,57 MB/sec), 1,7 ms avg latency, 931,0 ms max latency.
2813 records sent, 561,1 records/sec (0,54 MB/sec), 1,8 ms avg latency, 481,0 ms max latency.
2317 records sent, 462,7 records/sec (0,44 MB/sec), 2,1 ms avg latency, 380,0 ms max latency.
2605 records sent, 520,8 records/sec (0,50 MB/sec), 1,9 ms avg latency, 351,0 ms max latency.
2664 records sent, 531,7 records/sec (0,51 MB/sec), 1,9 ms avg latency, 267,0 ms max latency.
2546 records sent, 503,1 records/sec (0,48 MB/sec), 2,0 ms avg latency, 737,0 ms max latency.
2694 records sent, 524,1 records/sec (0,50 MB/sec), 1,9 ms avg latency, 608,0 ms max latency.
2473 records sent, 493,2 records/sec (0,47 MB/sec), 2,0 ms avg latency, 383,0 ms max latency.
2030 records sent, 400,6 records/sec (0,38 MB/sec), 2,5 ms avg latency, 1580,0 ms max latency.
3254 records sent, 650,8 records/sec (0,62 MB/sec), 1,5 ms avg latency, 706,0 ms max latency.
2600 records sent, 506,1 records/sec (0,48 MB/sec), 2,0 ms avg latency, 698,0 ms max latency.
2529 records sent, 504,0 records/sec (0,48 MB/sec), 2,0 ms avg latency, 671,0 ms max latency.
2522 records sent, 494,0 records/sec (0,47 MB/sec), 2,0 ms avg latency, 263,0 ms max latency.
2624 records sent, 509,0 records/sec (0,49 MB/sec), 2,0 ms avg latency, 300,0 ms max latency.
80000 records sent, 513,258098 records/sec (0,49 MB/sec), 1,93 ms avg latency, 1912,00 ms max latency, 0 ms 50th, 10 ms 95th, 32 ms 99th, 235 ms 99.9th.

Metric Name                                                                          Value
app-info:commit-id:{client-id=producer-1}                                          : d4284cbebb6f0a4c
app-info:start-time-ms:{client-id=producer-1}                                      : 1592793127019
app-info:version:{client-id=producer-1}                                            : 2.3.1
kafka-metrics-count:count:{client-id=producer-1}                                   : 126,000
producer-metrics:batch-size-avg:{client-id=producer-1}                             : 1075,000
producer-metrics:batch-size-max:{client-id=producer-1}                             : 1075,000
producer-metrics:batch-split-rate:{client-id=producer-1}                           : 0,000
producer-metrics:batch-split-total:{client-id=producer-1}                          : 0,000
producer-metrics:buffer-available-bytes:{client-id=producer-1}                     : 33554432,000
producer-metrics:buffer-exhausted-rate:{client-id=producer-1}                      : 0,000
producer-metrics:buffer-exhausted-total:{client-id=producer-1}                     : 0,000
producer-metrics:buffer-total-bytes:{client-id=producer-1}                         : 33554432,000
producer-metrics:bufferpool-wait-ratio:{client-id=producer-1}                      : 0,000
producer-metrics:bufferpool-wait-time-total:{client-id=producer-1}                 : 0,000
producer-metrics:compression-rate-avg:{client-id=producer-1}                       : 1,000
producer-metrics:connection-close-rate:{client-id=producer-1}                      : 0,067
producer-metrics:connection-close-total:{client-id=producer-1}                     : 16,000
producer-metrics:connection-count:{client-id=producer-1}                           : 4,000
producer-metrics:connection-creation-rate:{client-id=producer-1}                   : 0,128
producer-metrics:connection-creation-total:{client-id=producer-1}                  : 20,000
producer-metrics:failed-authentication-rate:{client-id=producer-1}                 : 0,000
producer-metrics:failed-authentication-total:{client-id=producer-1}                : 0,000
producer-metrics:failed-reauthentication-rate:{client-id=producer-1}               : 0,000
producer-metrics:failed-reauthentication-total:{client-id=producer-1}              : 0,000
producer-metrics:incoming-byte-rate:{client-id=producer-1}                         : 74,385
producer-metrics:incoming-byte-total:{client-id=producer-1}                        : 10725,000
producer-metrics:io-ratio:{client-id=producer-1}                                   : 0,008
producer-metrics:io-time-ns-avg:{client-id=producer-1}                             : 7468,440
producer-metrics:io-wait-ratio:{client-id=producer-1}                              : 0,970
producer-metrics:io-wait-time-ns-avg:{client-id=producer-1}                        : 955677,219
producer-metrics:io-waittime-total:{client-id=producer-1}                          : 149209836243,000
producer-metrics:iotime-total:{client-id=producer-1}                               : 1470187872,000
producer-metrics:metadata-age:{client-id=producer-1}                               : 15,931
producer-metrics:network-io-rate:{client-id=producer-1}                            : 507,256
producer-metrics:network-io-total:{client-id=producer-1}                           : 80074,000
producer-metrics:outgoing-byte-rate:{client-id=producer-1}                         : 585464,308
producer-metrics:outgoing-byte-total:{client-id=producer-1}                        : 92390101,000
producer-metrics:produce-throttle-time-avg:{client-id=producer-1}                  : 0,000
producer-metrics:produce-throttle-time-max:{client-id=producer-1}                  : 0,000
producer-metrics:reauthentication-latency-avg:{client-id=producer-1}               : NaN
producer-metrics:reauthentication-latency-max:{client-id=producer-1}               : NaN
producer-metrics:record-error-rate:{client-id=producer-1}                          : 0,000
producer-metrics:record-error-total:{client-id=producer-1}                         : 0,000
producer-metrics:record-queue-time-avg:{client-id=producer-1}                      : 0,223
producer-metrics:record-queue-time-max:{client-id=producer-1}                      : 1580,000
producer-metrics:record-retry-rate:{client-id=producer-1}                          : 0,067
producer-metrics:record-retry-total:{client-id=producer-1}                         : 15,000
producer-metrics:record-send-rate:{client-id=producer-1}                           : 506,959
producer-metrics:record-send-total:{client-id=producer-1}                          : 80015,000
producer-metrics:record-size-avg:{client-id=producer-1}                            : 1091,000
producer-metrics:record-size-max:{client-id=producer-1}                            : 1091,000
producer-metrics:records-per-request-avg:{client-id=producer-1}                    : 1,000
producer-metrics:request-latency-avg:{client-id=producer-1}                        : NaN
producer-metrics:request-latency-max:{client-id=producer-1}                        : NaN
producer-metrics:request-rate:{client-id=producer-1}                               : 507,044
producer-metrics:request-size-avg:{client-id=producer-1}                           : 1154,498
producer-metrics:request-size-max:{client-id=producer-1}                           : 1155,000
producer-metrics:request-total:{client-id=producer-1}                              : 80037,000
producer-metrics:requests-in-flight:{client-id=producer-1}                         : 0,000
producer-metrics:response-rate:{client-id=producer-1}                              : 0,257
producer-metrics:response-total:{client-id=producer-1}                             : 37,000
producer-metrics:select-rate:{client-id=producer-1}                                : 1015,109
producer-metrics:select-total:{client-id=producer-1}                               : 154941,000
producer-metrics:successful-authentication-no-reauth-total:{client-id=producer-1}  : 0,000
producer-metrics:successful-authentication-rate:{client-id=producer-1}             : 0,000
producer-metrics:successful-authentication-total:{client-id=producer-1}            : 0,000
producer-metrics:successful-reauthentication-rate:{client-id=producer-1}           : 0,000
producer-metrics:successful-reauthentication-total:{client-id=producer-1}          : 0,000
producer-metrics:waiting-threads:{client-id=producer-1}                            : 0,000
producer-node-metrics:incoming-byte-rate:{client-id=producer-1, node-id=node--3}   : 0,000
producer-node-metrics:incoming-byte-rate:{client-id=producer-1, node-id=node-1}    : 24,602
producer-node-metrics:incoming-byte-rate:{client-id=producer-1, node-id=node-3}    : 14,658
producer-node-metrics:incoming-byte-rate:{client-id=producer-1, node-id=node-6}    : 31,118
producer-node-metrics:incoming-byte-total:{client-id=producer-1, node-id=node--3}  : 579,000
producer-node-metrics:incoming-byte-total:{client-id=producer-1, node-id=node-1}   : 2886,000
producer-node-metrics:incoming-byte-total:{client-id=producer-1, node-id=node-3}   : 3786,000
producer-node-metrics:incoming-byte-total:{client-id=producer-1, node-id=node-6}   : 3474,000
producer-node-metrics:outgoing-byte-rate:{client-id=producer-1, node-id=node--3}   : 0,000
producer-node-metrics:outgoing-byte-rate:{client-id=producer-1, node-id=node-1}    : 194423,291
producer-node-metrics:outgoing-byte-rate:{client-id=producer-1, node-id=node-3}    : 196557,222
producer-node-metrics:outgoing-byte-rate:{client-id=producer-1, node-id=node-6}    : 194461,687
producer-node-metrics:outgoing-byte-total:{client-id=producer-1, node-id=node--3}  : 67,000
producer-node-metrics:outgoing-byte-total:{client-id=producer-1, node-id=node-1}   : 30823610,000
producer-node-metrics:outgoing-byte-total:{client-id=producer-1, node-id=node-3}   : 30908989,000
producer-node-metrics:outgoing-byte-total:{client-id=producer-1, node-id=node-6}   : 30657435,000
producer-node-metrics:request-latency-avg:{client-id=producer-1, node-id=node--3}  : NaN
producer-node-metrics:request-latency-avg:{client-id=producer-1, node-id=node-1}   : NaN
producer-node-metrics:request-latency-avg:{client-id=producer-1, node-id=node-3}   : NaN
producer-node-metrics:request-latency-avg:{client-id=producer-1, node-id=node-6}   : NaN
producer-node-metrics:request-latency-max:{client-id=producer-1, node-id=node--3}  : NaN
producer-node-metrics:request-latency-max:{client-id=producer-1, node-id=node-1}   : NaN
producer-node-metrics:request-latency-max:{client-id=producer-1, node-id=node-3}   : NaN
producer-node-metrics:request-latency-max:{client-id=producer-1, node-id=node-6}   : NaN
producer-node-metrics:request-rate:{client-id=producer-1, node-id=node--3}         : 0,000
producer-node-metrics:request-rate:{client-id=producer-1, node-id=node-1}          : 168,372
producer-node-metrics:request-rate:{client-id=producer-1, node-id=node-3}          : 170,243
producer-node-metrics:request-rate:{client-id=producer-1, node-id=node-6}          : 168,429
producer-node-metrics:request-size-avg:{client-id=producer-1, node-id=node--3}     : NaN
producer-node-metrics:request-size-avg:{client-id=producer-1, node-id=node-1}      : 1154,626
producer-node-metrics:request-size-avg:{client-id=producer-1, node-id=node-3}      : 1154,438
producer-node-metrics:request-size-avg:{client-id=producer-1, node-id=node-6}      : 1154,432
producer-node-metrics:request-size-max:{client-id=producer-1, node-id=node--3}     : NaN
producer-node-metrics:request-size-max:{client-id=producer-1, node-id=node-1}      : 1155,000
producer-node-metrics:request-size-max:{client-id=producer-1, node-id=node-3}      : 1155,000
producer-node-metrics:request-size-max:{client-id=producer-1, node-id=node-6}      : 1155,000
producer-node-metrics:request-total:{client-id=producer-1, node-id=node--3}        : 2,000
producer-node-metrics:request-total:{client-id=producer-1, node-id=node-1}         : 26700,000
producer-node-metrics:request-total:{client-id=producer-1, node-id=node-3}         : 26777,000
producer-node-metrics:request-total:{client-id=producer-1, node-id=node-6}         : 26558,000
producer-node-metrics:response-rate:{client-id=producer-1, node-id=node--3}        : 0,000
producer-node-metrics:response-rate:{client-id=producer-1, node-id=node-1}         : 0,086
producer-node-metrics:response-rate:{client-id=producer-1, node-id=node-3}         : 0,050
producer-node-metrics:response-rate:{client-id=producer-1, node-id=node-6}         : 0,107
producer-node-metrics:response-total:{client-id=producer-1, node-id=node--3}       : 2,000
producer-node-metrics:response-total:{client-id=producer-1, node-id=node-1}        : 10,000
producer-node-metrics:response-total:{client-id=producer-1, node-id=node-3}        : 13,000
producer-node-metrics:response-total:{client-id=producer-1, node-id=node-6}        : 12,000
producer-topic-metrics:byte-rate:{client-id=producer-1, topic=test-topic}          : 544965,701
producer-topic-metrics:byte-total:{client-id=producer-1, topic=test-topic}         : 86005014,000
producer-topic-metrics:compression-rate:{client-id=producer-1, topic=test-topic}   : 1,000
producer-topic-metrics:record-error-rate:{client-id=producer-1, topic=test-topic}  : 0,000
producer-topic-metrics:record-error-total:{client-id=producer-1, topic=test-topic} : 0,000
producer-topic-metrics:record-retry-rate:{client-id=producer-1, topic=test-topic}  : 0,067
producer-topic-metrics:record-retry-total:{client-id=producer-1, topic=test-topic} : 15,000
producer-topic-metrics:record-send-rate:{client-id=producer-1, topic=test-topic}   : 506,959
producer-topic-metrics:record-send-total:{client-id=producer-1, topic=test-topic}  : 80015,000
Produce Time: 155.865
[23:34:43] Ignite node stopped OK [uptime=00:02:32.802]
Aplication time: 156.575
*****Produção finalizada, esperando 180 s para buscar WM*****
Water mark: 1040182
