Topic to send: test-topic
Topic to acks: -2
Records: 80000
Size:1000
[23:20:49]    __________  ________________ 
[23:20:49]   /  _/ ___/ |/ /  _/_  __/ __/ 
[23:20:49]  _/ // (7 7    // /  / / / _/   
[23:20:49] /___/\___/_/|_/___/ /_/ /___/  
[23:20:49] 
[23:20:49] ver. 2.7.6#20190911-sha1:21f7ca41
[23:20:49] 2019 Copyright(C) Apache Software Foundation
[23:20:49] 
[23:20:49] Ignite documentation: http://ignite.apache.org
[23:20:49] 
[23:20:49] Quiet mode.
[23:20:49]   ^-- Logging by 'JavaLogger [quiet=true, config=null]'
[23:20:49]   ^-- To see **FULL** console log here add -DIGNITE_QUIET=false or "-v" to ignite.{sh|bat}
[23:20:49] 
[23:20:49] OS: Linux 5.0.0-38-generic amd64
[23:20:49] VM information: OpenJDK Runtime Environment 11.0.5+10-post-Ubuntu-0ubuntu1.119.04 Private Build OpenJDK 64-Bit Server VM 11.0.5+10-post-Ubuntu-0ubuntu1.119.04
[23:20:49] Please set system property '-Djava.net.preferIPv4Stack=true' to avoid possible problems in mixed environments.
[23:20:49] Initial heap size is 126MB (should be no less than 512MB, use -Xms512m -Xmx512m).
[23:20:49] Configured plugins:
[23:20:49]   ^-- None
[23:20:49] 
[23:20:49] Configured failure handler: [hnd=StopNodeOrHaltFailureHandler [tryStop=false, timeout=0, super=AbstractFailureHandler [ignoredFailureTypes=[SYSTEM_WORKER_BLOCKED, SYSTEM_CRITICAL_OPERATION_TIMEOUT]]]]
[23:20:49] Message queue limit is set to 0 which may lead to potential OOMEs when running cache operations in FULL_ASYNC or PRIMARY_SYNC modes due to message queues growth on sender and receiver sides.
[23:20:49] Security status [authentication=off, tls/ssl=off]
[23:20:50] REST protocols do not start on client node. To start the protocols on client node set '-DIGNITE_REST_START_ON_CLIENT=true' system property.
[23:20:52] Performance suggestions for grid  (fix if possible)
[23:20:52] To disable, set -DIGNITE_PERFORMANCE_SUGGESTIONS_DISABLED=true
[23:20:52]   ^-- Switch to the most recent 1.8 JVM version
[23:20:52]   ^-- Specify JVM heap max size (add '-Xmx<size>[g|G|m|M|k|K]' to JVM options)
[23:20:52]   ^-- Set max direct memory size if getting 'OOME: Direct buffer memory' (add '-XX:MaxDirectMemorySize=<size>[g|G|m|M|k|K]' to JVM options)
[23:20:52]   ^-- Disable processing of calls to System.gc() (add '-XX:+DisableExplicitGC' to JVM options)
[23:20:52] Refer to this page for more performance suggestions: https://apacheignite.readme.io/docs/jvm-and-system-tuning
[23:20:52] 
[23:20:52] To start Console Management & Monitoring run ignitevisorcmd.{sh|bat}
[23:20:52] 
[23:20:52] Ignite node started OK (id=8cfb2d8f)
[23:20:52] Topology snapshot [ver=22, locNode=8cfb2d8f, servers=1, clients=1, state=ACTIVE, CPUs=8, offheap=1.5GB, heap=3.9GB]
2129 records sent, 403,0 records/sec (0,38 MB/sec), 2,4 ms avg latency, 1910,0 ms max latency.
3351 records sent, 656,0 records/sec (0,63 MB/sec), 1,5 ms avg latency, 232,0 ms max latency.
2445 records sent, 459,6 records/sec (0,44 MB/sec), 2,2 ms avg latency, 741,0 ms max latency.
2871 records sent, 572,9 records/sec (0,55 MB/sec), 1,7 ms avg latency, 340,0 ms max latency.
2597 records sent, 518,8 records/sec (0,49 MB/sec), 1,9 ms avg latency, 363,0 ms max latency.
2446 records sent, 481,0 records/sec (0,46 MB/sec), 2,1 ms avg latency, 265,0 ms max latency.
2793 records sent, 544,4 records/sec (0,52 MB/sec), 1,8 ms avg latency, 260,0 ms max latency.
2558 records sent, 493,3 records/sec (0,47 MB/sec), 2,0 ms avg latency, 515,0 ms max latency.
2592 records sent, 518,0 records/sec (0,49 MB/sec), 1,9 ms avg latency, 362,0 ms max latency.
2469 records sent, 480,8 records/sec (0,46 MB/sec), 2,1 ms avg latency, 275,0 ms max latency.
2420 records sent, 474,2 records/sec (0,45 MB/sec), 2,1 ms avg latency, 683,0 ms max latency.
2847 records sent, 568,7 records/sec (0,54 MB/sec), 1,7 ms avg latency, 681,0 ms max latency.
2550 records sent, 510,0 records/sec (0,49 MB/sec), 1,9 ms avg latency, 281,0 ms max latency.
2750 records sent, 549,6 records/sec (0,52 MB/sec), 1,8 ms avg latency, 647,0 ms max latency.
2558 records sent, 507,6 records/sec (0,48 MB/sec), 2,0 ms avg latency, 324,0 ms max latency.
2426 records sent, 466,2 records/sec (0,44 MB/sec), 2,1 ms avg latency, 701,0 ms max latency.
2735 records sent, 546,8 records/sec (0,52 MB/sec), 1,8 ms avg latency, 981,0 ms max latency.
2590 records sent, 514,8 records/sec (0,49 MB/sec), 1,9 ms avg latency, 667,0 ms max latency.
2417 records sent, 478,0 records/sec (0,46 MB/sec), 2,1 ms avg latency, 523,0 ms max latency.
2849 records sent, 569,5 records/sec (0,54 MB/sec), 1,7 ms avg latency, 539,0 ms max latency.
2441 records sent, 487,2 records/sec (0,46 MB/sec), 2,0 ms avg latency, 886,0 ms max latency.
2697 records sent, 517,2 records/sec (0,49 MB/sec), 1,9 ms avg latency, 528,0 ms max latency.
2834 records sent, 566,6 records/sec (0,54 MB/sec), 1,7 ms avg latency, 252,0 ms max latency.
2578 records sent, 515,0 records/sec (0,49 MB/sec), 1,9 ms avg latency, 235,0 ms max latency.
2372 records sent, 473,8 records/sec (0,45 MB/sec), 2,1 ms avg latency, 278,0 ms max latency.
2357 records sent, 400,9 records/sec (0,38 MB/sec), 2,5 ms avg latency, 1417,0 ms max latency.
3030 records sent, 603,1 records/sec (0,58 MB/sec), 1,6 ms avg latency, 604,0 ms max latency.
2671 records sent, 521,5 records/sec (0,50 MB/sec), 1,9 ms avg latency, 215,0 ms max latency.
2662 records sent, 512,3 records/sec (0,49 MB/sec), 1,9 ms avg latency, 593,0 ms max latency.
2591 records sent, 515,0 records/sec (0,49 MB/sec), 1,9 ms avg latency, 639,0 ms max latency.
80000 records sent, 513,617278 records/sec (0,49 MB/sec), 1,93 ms avg latency, 1910,00 ms max latency, 0 ms 50th, 10 ms 95th, 32 ms 99th, 235 ms 99.9th.

Metric Name                                                                          Value
app-info:commit-id:{client-id=producer-1}                                          : d4284cbebb6f0a4c
app-info:start-time-ms:{client-id=producer-1}                                      : 1592792448797
app-info:version:{client-id=producer-1}                                            : 2.3.1
kafka-metrics-count:count:{client-id=producer-1}                                   : 126,000
producer-metrics:batch-size-avg:{client-id=producer-1}                             : 1075,000
producer-metrics:batch-size-max:{client-id=producer-1}                             : 1075,000
producer-metrics:batch-split-rate:{client-id=producer-1}                           : 0,000
producer-metrics:batch-split-total:{client-id=producer-1}                          : 0,000
producer-metrics:buffer-available-bytes:{client-id=producer-1}                     : 33554432,000
producer-metrics:buffer-exhausted-rate:{client-id=producer-1}                      : 0,000
producer-metrics:buffer-exhausted-total:{client-id=producer-1}                     : 0,000
producer-metrics:buffer-total-bytes:{client-id=producer-1}                         : 33554432,000
producer-metrics:bufferpool-wait-ratio:{client-id=producer-1}                      : 0,000
producer-metrics:bufferpool-wait-time-total:{client-id=producer-1}                 : 0,000
producer-metrics:compression-rate-avg:{client-id=producer-1}                       : 1,000
producer-metrics:connection-close-rate:{client-id=producer-1}                      : 0,170
producer-metrics:connection-close-total:{client-id=producer-1}                     : 16,000
producer-metrics:connection-count:{client-id=producer-1}                           : 4,000
producer-metrics:connection-creation-rate:{client-id=producer-1}                   : 0,170
producer-metrics:connection-creation-total:{client-id=producer-1}                  : 20,000
producer-metrics:failed-authentication-rate:{client-id=producer-1}                 : 0,000
producer-metrics:failed-authentication-total:{client-id=producer-1}                : 0,000
producer-metrics:failed-reauthentication-rate:{client-id=producer-1}               : 0,000
producer-metrics:failed-reauthentication-total:{client-id=producer-1}              : 0,000
producer-metrics:incoming-byte-rate:{client-id=producer-1}                         : 98,376
producer-metrics:incoming-byte-total:{client-id=producer-1}                        : 10440,000
producer-metrics:io-ratio:{client-id=producer-1}                                   : 0,008
producer-metrics:io-time-ns-avg:{client-id=producer-1}                             : 7291,329
producer-metrics:io-wait-ratio:{client-id=producer-1}                              : 0,972
producer-metrics:io-wait-time-ns-avg:{client-id=producer-1}                        : 942926,416
producer-metrics:io-waittime-total:{client-id=producer-1}                          : 149147836779,000
producer-metrics:iotime-total:{client-id=producer-1}                               : 1497090470,000
producer-metrics:metadata-age:{client-id=producer-1}                               : 3,286
producer-metrics:network-io-rate:{client-id=producer-1}                            : 509,483
producer-metrics:network-io-total:{client-id=producer-1}                           : 80073,000
producer-metrics:outgoing-byte-rate:{client-id=producer-1}                         : 588267,345
producer-metrics:outgoing-byte-total:{client-id=producer-1}                        : 92390101,000
producer-metrics:produce-throttle-time-avg:{client-id=producer-1}                  : 0,000
producer-metrics:produce-throttle-time-max:{client-id=producer-1}                  : 0,000
producer-metrics:reauthentication-latency-avg:{client-id=producer-1}               : NaN
producer-metrics:reauthentication-latency-max:{client-id=producer-1}               : NaN
producer-metrics:record-error-rate:{client-id=producer-1}                          : 0,000
producer-metrics:record-error-total:{client-id=producer-1}                         : 0,000
producer-metrics:record-queue-time-avg:{client-id=producer-1}                      : 0,143
producer-metrics:record-queue-time-max:{client-id=producer-1}                      : 1417,000
producer-metrics:record-retry-rate:{client-id=producer-1}                          : 0,136
producer-metrics:record-retry-total:{client-id=producer-1}                         : 14,000
producer-metrics:record-send-rate:{client-id=producer-1}                           : 508,557
producer-metrics:record-send-total:{client-id=producer-1}                          : 80014,000
producer-metrics:record-size-avg:{client-id=producer-1}                            : 1091,000
producer-metrics:record-size-max:{client-id=producer-1}                            : 1091,000
producer-metrics:records-per-request-avg:{client-id=producer-1}                    : 1,000
producer-metrics:request-latency-avg:{client-id=producer-1}                        : NaN
producer-metrics:request-latency-max:{client-id=producer-1}                        : NaN
producer-metrics:request-rate:{client-id=producer-1}                               : 509,329
producer-metrics:request-size-avg:{client-id=producer-1}                           : 1154,628
producer-metrics:request-size-max:{client-id=producer-1}                           : 1155,000
producer-metrics:request-total:{client-id=producer-1}                              : 80037,000
producer-metrics:requests-in-flight:{client-id=producer-1}                         : 0,000
producer-metrics:response-rate:{client-id=producer-1}                              : 0,340
producer-metrics:response-total:{client-id=producer-1}                             : 36,000
producer-metrics:select-rate:{client-id=producer-1}                                : 1030,677
producer-metrics:select-total:{client-id=producer-1}                               : 157410,000
producer-metrics:successful-authentication-no-reauth-total:{client-id=producer-1}  : 0,000
producer-metrics:successful-authentication-rate:{client-id=producer-1}             : 0,000
producer-metrics:successful-authentication-total:{client-id=producer-1}            : 0,000
producer-metrics:successful-reauthentication-rate:{client-id=producer-1}           : 0,000
producer-metrics:successful-reauthentication-total:{client-id=producer-1}          : 0,000
producer-metrics:waiting-threads:{client-id=producer-1}                            : 0,000
producer-node-metrics:incoming-byte-rate:{client-id=producer-1, node-id=node--3}   : 0,000
producer-node-metrics:incoming-byte-rate:{client-id=producer-1, node-id=node-1}    : 30,587
producer-node-metrics:incoming-byte-rate:{client-id=producer-1, node-id=node-3}    : 34,998
producer-node-metrics:incoming-byte-rate:{client-id=producer-1, node-id=node-6}    : 36,877
producer-node-metrics:incoming-byte-total:{client-id=producer-1, node-id=node--3}  : 579,000
producer-node-metrics:incoming-byte-total:{client-id=producer-1, node-id=node-1}   : 2886,000
producer-node-metrics:incoming-byte-total:{client-id=producer-1, node-id=node-3}   : 2895,000
producer-node-metrics:incoming-byte-total:{client-id=producer-1, node-id=node-6}   : 4080,000
producer-node-metrics:outgoing-byte-rate:{client-id=producer-1, node-id=node--3}   : 0,000
producer-node-metrics:outgoing-byte-rate:{client-id=producer-1, node-id=node-1}    : 194926,621
producer-node-metrics:outgoing-byte-rate:{client-id=producer-1, node-id=node-3}    : 196986,606
producer-node-metrics:outgoing-byte-rate:{client-id=producer-1, node-id=node-6}    : 195432,255
producer-node-metrics:outgoing-byte-total:{client-id=producer-1, node-id=node--3}  : 67,000
producer-node-metrics:outgoing-byte-total:{client-id=producer-1, node-id=node-1}   : 30823610,000
producer-node-metrics:outgoing-byte-total:{client-id=producer-1, node-id=node-3}   : 30908936,000
producer-node-metrics:outgoing-byte-total:{client-id=producer-1, node-id=node-6}   : 30657488,000
producer-node-metrics:request-latency-avg:{client-id=producer-1, node-id=node--3}  : NaN
producer-node-metrics:request-latency-avg:{client-id=producer-1, node-id=node-1}   : NaN
producer-node-metrics:request-latency-avg:{client-id=producer-1, node-id=node-3}   : NaN
producer-node-metrics:request-latency-avg:{client-id=producer-1, node-id=node-6}   : NaN
producer-node-metrics:request-latency-max:{client-id=producer-1, node-id=node--3}  : NaN
producer-node-metrics:request-latency-max:{client-id=producer-1, node-id=node-1}   : NaN
producer-node-metrics:request-latency-max:{client-id=producer-1, node-id=node-3}   : NaN
producer-node-metrics:request-latency-max:{client-id=producer-1, node-id=node-6}   : NaN
producer-node-metrics:request-rate:{client-id=producer-1, node-id=node--3}         : 0,000
producer-node-metrics:request-rate:{client-id=producer-1, node-id=node-1}          : 168,827
producer-node-metrics:request-rate:{client-id=producer-1, node-id=node-3}          : 170,577
producer-node-metrics:request-rate:{client-id=producer-1, node-id=node-6}          : 169,204
producer-node-metrics:request-size-avg:{client-id=producer-1, node-id=node--3}     : NaN
producer-node-metrics:request-size-avg:{client-id=producer-1, node-id=node-1}      : 1154,428
producer-node-metrics:request-size-avg:{client-id=producer-1, node-id=node-3}      : 1154,624
producer-node-metrics:request-size-avg:{client-id=producer-1, node-id=node-6}      : 1154,812
producer-node-metrics:request-size-max:{client-id=producer-1, node-id=node--3}     : NaN
producer-node-metrics:request-size-max:{client-id=producer-1, node-id=node-1}      : 1155,000
producer-node-metrics:request-size-max:{client-id=producer-1, node-id=node-3}      : 1155,000
producer-node-metrics:request-size-max:{client-id=producer-1, node-id=node-6}      : 1155,000
producer-node-metrics:request-total:{client-id=producer-1, node-id=node--3}        : 2,000
producer-node-metrics:request-total:{client-id=producer-1, node-id=node-1}         : 26700,000
producer-node-metrics:request-total:{client-id=producer-1, node-id=node-3}         : 26774,000
producer-node-metrics:request-total:{client-id=producer-1, node-id=node-6}         : 26561,000
producer-node-metrics:response-rate:{client-id=producer-1, node-id=node--3}        : 0,000
producer-node-metrics:response-rate:{client-id=producer-1, node-id=node-1}         : 0,106
producer-node-metrics:response-rate:{client-id=producer-1, node-id=node-3}         : 0,122
producer-node-metrics:response-rate:{client-id=producer-1, node-id=node-6}         : 0,127
producer-node-metrics:response-total:{client-id=producer-1, node-id=node--3}       : 2,000
producer-node-metrics:response-total:{client-id=producer-1, node-id=node-1}        : 10,000
producer-node-metrics:response-total:{client-id=producer-1, node-id=node-3}        : 10,000
producer-node-metrics:response-total:{client-id=producer-1, node-id=node-6}        : 14,000
producer-topic-metrics:byte-rate:{client-id=producer-1, topic=test-topic}          : 546636,239
producer-topic-metrics:byte-total:{client-id=producer-1, topic=test-topic}         : 86003939,000
producer-topic-metrics:compression-rate:{client-id=producer-1, topic=test-topic}   : 1,000
producer-topic-metrics:record-error-rate:{client-id=producer-1, topic=test-topic}  : 0,000
producer-topic-metrics:record-error-total:{client-id=producer-1, topic=test-topic} : 0,000
producer-topic-metrics:record-retry-rate:{client-id=producer-1, topic=test-topic}  : 0,136
producer-topic-metrics:record-retry-total:{client-id=producer-1, topic=test-topic} : 14,000
producer-topic-metrics:record-send-rate:{client-id=producer-1, topic=test-topic}   : 508,572
producer-topic-metrics:record-send-total:{client-id=producer-1, topic=test-topic}  : 80014,000
Produce Time: 155.757
[23:23:24] Ignite node stopped OK [uptime=00:02:32.711]
Aplication time: 156.45
*****Produção finalizada, esperando 180 s para buscar WM*****
Water mark: 880152
