Topic to send: test-topic
Topic to acks: -2
Records: 80000
Size:1000
[10:27:01]    __________  ________________ 
[10:27:01]   /  _/ ___/ |/ /  _/_  __/ __/ 
[10:27:01]  _/ // (7 7    // /  / / / _/   
[10:27:01] /___/\___/_/|_/___/ /_/ /___/  
[10:27:01] 
[10:27:01] ver. 2.7.6#20190911-sha1:21f7ca41
[10:27:01] 2019 Copyright(C) Apache Software Foundation
[10:27:01] 
[10:27:01] Ignite documentation: http://ignite.apache.org
[10:27:01] 
[10:27:01] Quiet mode.
[10:27:01]   ^-- Logging by 'JavaLogger [quiet=true, config=null]'
[10:27:01]   ^-- To see **FULL** console log here add -DIGNITE_QUIET=false or "-v" to ignite.{sh|bat}
[10:27:01] 
[10:27:01] OS: Linux 5.0.0-38-generic amd64
[10:27:01] VM information: OpenJDK Runtime Environment 11.0.5+10-post-Ubuntu-0ubuntu1.119.04 Private Build OpenJDK 64-Bit Server VM 11.0.5+10-post-Ubuntu-0ubuntu1.119.04
[10:27:01] Please set system property '-Djava.net.preferIPv4Stack=true' to avoid possible problems in mixed environments.
[10:27:01] Initial heap size is 126MB (should be no less than 512MB, use -Xms512m -Xmx512m).
[10:27:01] Configured plugins:
[10:27:01]   ^-- None
[10:27:01] 
[10:27:01] Configured failure handler: [hnd=StopNodeOrHaltFailureHandler [tryStop=false, timeout=0, super=AbstractFailureHandler [ignoredFailureTypes=[SYSTEM_WORKER_BLOCKED, SYSTEM_CRITICAL_OPERATION_TIMEOUT]]]]
[10:27:01] Message queue limit is set to 0 which may lead to potential OOMEs when running cache operations in FULL_ASYNC or PRIMARY_SYNC modes due to message queues growth on sender and receiver sides.
[10:27:01] Security status [authentication=off, tls/ssl=off]
[10:27:01] REST protocols do not start on client node. To start the protocols on client node set '-DIGNITE_REST_START_ON_CLIENT=true' system property.
[10:27:03] Performance suggestions for grid  (fix if possible)
[10:27:03] To disable, set -DIGNITE_PERFORMANCE_SUGGESTIONS_DISABLED=true
[10:27:03]   ^-- Switch to the most recent 1.8 JVM version
[10:27:03]   ^-- Specify JVM heap max size (add '-Xmx<size>[g|G|m|M|k|K]' to JVM options)
[10:27:03]   ^-- Set max direct memory size if getting 'OOME: Direct buffer memory' (add '-XX:MaxDirectMemorySize=<size>[g|G|m|M|k|K]' to JVM options)
[10:27:03]   ^-- Disable processing of calls to System.gc() (add '-XX:+DisableExplicitGC' to JVM options)
[10:27:03] Refer to this page for more performance suggestions: https://apacheignite.readme.io/docs/jvm-and-system-tuning
[10:27:03] 
[10:27:03] To start Console Management & Monitoring run ignitevisorcmd.{sh|bat}
[10:27:03] 
[10:27:03] Ignite node started OK (id=65b45b87)
[10:27:03] Topology snapshot [ver=10, locNode=65b45b87, servers=1, clients=1, state=ACTIVE, CPUs=8, offheap=1.5GB, heap=3.9GB]
2263 records sent, 409,9 records/sec (0,39 MB/sec), 2,4 ms avg latency, 2047,0 ms max latency.
3399 records sent, 665,9 records/sec (0,64 MB/sec), 1,5 ms avg latency, 223,0 ms max latency.
2616 records sent, 494,2 records/sec (0,47 MB/sec), 2,0 ms avg latency, 814,0 ms max latency.
2792 records sent, 542,5 records/sec (0,52 MB/sec), 1,8 ms avg latency, 409,0 ms max latency.
2882 records sent, 576,4 records/sec (0,55 MB/sec), 1,7 ms avg latency, 683,0 ms max latency.
2482 records sent, 480,4 records/sec (0,46 MB/sec), 2,1 ms avg latency, 423,0 ms max latency.
2312 records sent, 459,6 records/sec (0,44 MB/sec), 2,2 ms avg latency, 668,0 ms max latency.
2771 records sent, 542,7 records/sec (0,52 MB/sec), 1,8 ms avg latency, 611,0 ms max latency.
2596 records sent, 518,1 records/sec (0,49 MB/sec), 1,9 ms avg latency, 634,0 ms max latency.
2587 records sent, 517,1 records/sec (0,49 MB/sec), 1,9 ms avg latency, 241,0 ms max latency.
2626 records sent, 508,7 records/sec (0,49 MB/sec), 2,0 ms avg latency, 437,0 ms max latency.
2611 records sent, 503,4 records/sec (0,48 MB/sec), 2,0 ms avg latency, 492,0 ms max latency.
2819 records sent, 563,0 records/sec (0,54 MB/sec), 1,8 ms avg latency, 654,0 ms max latency.
2132 records sent, 425,8 records/sec (0,41 MB/sec), 2,3 ms avg latency, 436,0 ms max latency.
2673 records sent, 534,6 records/sec (0,51 MB/sec), 1,9 ms avg latency, 491,0 ms max latency.
2896 records sent, 532,2 records/sec (0,51 MB/sec), 1,9 ms avg latency, 712,0 ms max latency.
2738 records sent, 538,4 records/sec (0,51 MB/sec), 1,8 ms avg latency, 435,0 ms max latency.
2693 records sent, 538,4 records/sec (0,51 MB/sec), 1,8 ms avg latency, 257,0 ms max latency.
2688 records sent, 536,1 records/sec (0,51 MB/sec), 1,9 ms avg latency, 351,0 ms max latency.
2629 records sent, 513,2 records/sec (0,49 MB/sec), 1,9 ms avg latency, 242,0 ms max latency.
2908 records sent, 580,6 records/sec (0,55 MB/sec), 1,7 ms avg latency, 369,0 ms max latency.
2297 records sent, 452,6 records/sec (0,43 MB/sec), 2,2 ms avg latency, 367,0 ms max latency.
2588 records sent, 515,2 records/sec (0,49 MB/sec), 1,9 ms avg latency, 312,0 ms max latency.
2640 records sent, 527,3 records/sec (0,50 MB/sec), 1,9 ms avg latency, 256,0 ms max latency.
2675 records sent, 534,7 records/sec (0,51 MB/sec), 1,9 ms avg latency, 308,0 ms max latency.
2500 records sent, 499,1 records/sec (0,48 MB/sec), 2,0 ms avg latency, 934,0 ms max latency.
2761 records sent, 535,7 records/sec (0,51 MB/sec), 1,9 ms avg latency, 763,0 ms max latency.
2664 records sent, 532,1 records/sec (0,51 MB/sec), 1,9 ms avg latency, 247,0 ms max latency.
2575 records sent, 497,8 records/sec (0,47 MB/sec), 2,0 ms avg latency, 481,0 ms max latency.
2642 records sent, 484,7 records/sec (0,46 MB/sec), 2,1 ms avg latency, 492,0 ms max latency.
80000 records sent, 518,776466 records/sec (0,49 MB/sec), 1,91 ms avg latency, 2047,00 ms max latency, 0 ms 50th, 10 ms 95th, 32 ms 99th, 236 ms 99.9th.

Metric Name                                                                          Value
app-info:commit-id:{client-id=producer-1}                                          : d12590634290dbc4
app-info:start-time-ms:{client-id=producer-1}                                      : 1593610020407
app-info:version:{client-id=producer-1}                                            : 2.3.1
kafka-metrics-count:count:{client-id=producer-1}                                   : 126,000
producer-metrics:batch-size-avg:{client-id=producer-1}                             : 1075,000
producer-metrics:batch-size-max:{client-id=producer-1}                             : 1075,000
producer-metrics:batch-split-rate:{client-id=producer-1}                           : 0,000
producer-metrics:batch-split-total:{client-id=producer-1}                          : 0,000
producer-metrics:buffer-available-bytes:{client-id=producer-1}                     : 33554432,000
producer-metrics:buffer-exhausted-rate:{client-id=producer-1}                      : 0,000
producer-metrics:buffer-exhausted-total:{client-id=producer-1}                     : 0,000
producer-metrics:buffer-total-bytes:{client-id=producer-1}                         : 33554432,000
producer-metrics:bufferpool-wait-ratio:{client-id=producer-1}                      : 0,000
producer-metrics:bufferpool-wait-time-total:{client-id=producer-1}                 : 0,000
producer-metrics:compression-rate-avg:{client-id=producer-1}                       : 1,000
producer-metrics:connection-close-rate:{client-id=producer-1}                      : 0,090
producer-metrics:connection-close-total:{client-id=producer-1}                     : 13,000
producer-metrics:connection-count:{client-id=producer-1}                           : 4,000
producer-metrics:connection-creation-rate:{client-id=producer-1}                   : 0,091
producer-metrics:connection-creation-total:{client-id=producer-1}                  : 17,000
producer-metrics:failed-authentication-rate:{client-id=producer-1}                 : 0,000
producer-metrics:failed-authentication-total:{client-id=producer-1}                : 0,000
producer-metrics:failed-reauthentication-rate:{client-id=producer-1}               : 0,000
producer-metrics:failed-reauthentication-total:{client-id=producer-1}              : 0,000
producer-metrics:incoming-byte-rate:{client-id=producer-1}                         : 52,460
producer-metrics:incoming-byte-total:{client-id=producer-1}                        : 8988,000
producer-metrics:io-ratio:{client-id=producer-1}                                   : 0,008
producer-metrics:io-time-ns-avg:{client-id=producer-1}                             : 7336,725
producer-metrics:io-wait-ratio:{client-id=producer-1}                              : 0,971
producer-metrics:io-wait-time-ns-avg:{client-id=producer-1}                        : 941528,560
producer-metrics:io-waittime-total:{client-id=producer-1}                          : 147633226449,000
producer-metrics:iotime-total:{client-id=producer-1}                               : 1493073782,000
producer-metrics:metadata-age:{client-id=producer-1}                               : 17,573
producer-metrics:network-io-rate:{client-id=producer-1}                            : 515,578
producer-metrics:network-io-total:{client-id=producer-1}                           : 80062,000
producer-metrics:outgoing-byte-rate:{client-id=producer-1}                         : 595335,152
producer-metrics:outgoing-byte-total:{client-id=producer-1}                        : 92389904,000
producer-metrics:produce-throttle-time-avg:{client-id=producer-1}                  : 0,000
producer-metrics:produce-throttle-time-max:{client-id=producer-1}                  : 0,000
producer-metrics:reauthentication-latency-avg:{client-id=producer-1}               : NaN
producer-metrics:reauthentication-latency-max:{client-id=producer-1}               : NaN
producer-metrics:record-error-rate:{client-id=producer-1}                          : 0,000
producer-metrics:record-error-total:{client-id=producer-1}                         : 0,000
producer-metrics:record-queue-time-avg:{client-id=producer-1}                      : 0,119
producer-metrics:record-queue-time-max:{client-id=producer-1}                      : 934,000
producer-metrics:record-retry-rate:{client-id=producer-1}                          : 0,038
producer-metrics:record-retry-total:{client-id=producer-1}                         : 9,000
producer-metrics:record-send-rate:{client-id=producer-1}                           : 517,341
producer-metrics:record-send-total:{client-id=producer-1}                          : 80009,000
producer-metrics:record-size-avg:{client-id=producer-1}                            : 1091,000
producer-metrics:record-size-max:{client-id=producer-1}                            : 1091,000
producer-metrics:records-per-request-avg:{client-id=producer-1}                    : 1,000
producer-metrics:request-latency-avg:{client-id=producer-1}                        : NaN
producer-metrics:request-latency-max:{client-id=producer-1}                        : NaN
producer-metrics:request-rate:{client-id=producer-1}                               : 515,416
producer-metrics:request-size-avg:{client-id=producer-1}                           : 1154,615
producer-metrics:request-size-max:{client-id=producer-1}                           : 1155,000
producer-metrics:request-total:{client-id=producer-1}                              : 80031,000
producer-metrics:requests-in-flight:{client-id=producer-1}                         : 0,000
producer-metrics:response-rate:{client-id=producer-1}                              : 0,181
producer-metrics:response-total:{client-id=producer-1}                             : 31,000
producer-metrics:select-rate:{client-id=producer-1}                                : 1031,092
producer-metrics:select-total:{client-id=producer-1}                               : 157707,000
producer-metrics:successful-authentication-no-reauth-total:{client-id=producer-1}  : 0,000
producer-metrics:successful-authentication-rate:{client-id=producer-1}             : 0,000
producer-metrics:successful-authentication-total:{client-id=producer-1}            : 0,000
producer-metrics:successful-reauthentication-rate:{client-id=producer-1}           : 0,000
producer-metrics:successful-reauthentication-total:{client-id=producer-1}          : 0,000
producer-metrics:waiting-threads:{client-id=producer-1}                            : 0,000
producer-node-metrics:incoming-byte-rate:{client-id=producer-1, node-id=node--3}   : 0,000
producer-node-metrics:incoming-byte-rate:{client-id=producer-1, node-id=node-1}    : 26,931
producer-node-metrics:incoming-byte-rate:{client-id=producer-1, node-id=node-3}    : 26,093
producer-node-metrics:incoming-byte-rate:{client-id=producer-1, node-id=node-6}    : 0,000
producer-node-metrics:incoming-byte-total:{client-id=producer-1, node-id=node--3}  : 579,000
producer-node-metrics:incoming-byte-total:{client-id=producer-1, node-id=node-1}   : 3501,000
producer-node-metrics:incoming-byte-total:{client-id=producer-1, node-id=node-3}   : 2904,000
producer-node-metrics:incoming-byte-total:{client-id=producer-1, node-id=node-6}   : 2004,000
producer-node-metrics:outgoing-byte-rate:{client-id=producer-1, node-id=node--3}   : 0,000
producer-node-metrics:outgoing-byte-rate:{client-id=producer-1, node-id=node-1}    : 198561,719
producer-node-metrics:outgoing-byte-rate:{client-id=producer-1, node-id=node-3}    : 201065,926
producer-node-metrics:outgoing-byte-rate:{client-id=producer-1, node-id=node-6}    : 198009,911
producer-node-metrics:outgoing-byte-total:{client-id=producer-1, node-id=node--3}  : 67,000
producer-node-metrics:outgoing-byte-total:{client-id=producer-1, node-id=node-1}   : 30823601,000
producer-node-metrics:outgoing-byte-total:{client-id=producer-1, node-id=node-3}   : 30908917,000
producer-node-metrics:outgoing-byte-total:{client-id=producer-1, node-id=node-6}   : 30657319,000
producer-node-metrics:request-latency-avg:{client-id=producer-1, node-id=node--3}  : NaN
producer-node-metrics:request-latency-avg:{client-id=producer-1, node-id=node-1}   : NaN
producer-node-metrics:request-latency-avg:{client-id=producer-1, node-id=node-3}   : NaN
producer-node-metrics:request-latency-avg:{client-id=producer-1, node-id=node-6}   : NaN
producer-node-metrics:request-latency-max:{client-id=producer-1, node-id=node--3}  : NaN
producer-node-metrics:request-latency-max:{client-id=producer-1, node-id=node-1}   : NaN
producer-node-metrics:request-latency-max:{client-id=producer-1, node-id=node-3}   : NaN
producer-node-metrics:request-latency-max:{client-id=producer-1, node-id=node-6}   : NaN
producer-node-metrics:request-rate:{client-id=producer-1, node-id=node--3}         : 0,000
producer-node-metrics:request-rate:{client-id=producer-1, node-id=node-1}          : 171,946
producer-node-metrics:request-rate:{client-id=producer-1, node-id=node-3}          : 174,108
producer-node-metrics:request-rate:{client-id=producer-1, node-id=node-6}          : 171,375
producer-node-metrics:request-size-avg:{client-id=producer-1, node-id=node--3}     : NaN
producer-node-metrics:request-size-avg:{client-id=producer-1, node-id=node-1}      : 1154,411
producer-node-metrics:request-size-avg:{client-id=producer-1, node-id=node-3}      : 1154,421
producer-node-metrics:request-size-avg:{client-id=producer-1, node-id=node-6}      : 1155,000
producer-node-metrics:request-size-max:{client-id=producer-1, node-id=node--3}     : NaN
producer-node-metrics:request-size-max:{client-id=producer-1, node-id=node-1}      : 1155,000
producer-node-metrics:request-size-max:{client-id=producer-1, node-id=node-3}      : 1155,000
producer-node-metrics:request-size-max:{client-id=producer-1, node-id=node-6}      : 1155,000
producer-node-metrics:request-total:{client-id=producer-1, node-id=node--3}        : 2,000
producer-node-metrics:request-total:{client-id=producer-1, node-id=node-1}         : 26702,000
producer-node-metrics:request-total:{client-id=producer-1, node-id=node-3}         : 26774,000
producer-node-metrics:request-total:{client-id=producer-1, node-id=node-6}         : 26553,000
producer-node-metrics:response-rate:{client-id=producer-1, node-id=node--3}        : 0,000
producer-node-metrics:response-rate:{client-id=producer-1, node-id=node-1}         : 0,093
producer-node-metrics:response-rate:{client-id=producer-1, node-id=node-3}         : 0,091
producer-node-metrics:response-rate:{client-id=producer-1, node-id=node-6}         : 0,000
producer-node-metrics:response-total:{client-id=producer-1, node-id=node--3}       : 2,000
producer-node-metrics:response-total:{client-id=producer-1, node-id=node-1}        : 12,000
producer-node-metrics:response-total:{client-id=producer-1, node-id=node-3}        : 10,000
producer-node-metrics:response-total:{client-id=producer-1, node-id=node-6}        : 7,000
producer-topic-metrics:byte-rate:{client-id=producer-1, topic=test-topic}          : 556091,245
producer-topic-metrics:byte-total:{client-id=producer-1, topic=test-topic}         : 85998568,000
producer-topic-metrics:compression-rate:{client-id=producer-1, topic=test-topic}   : 1,000
producer-topic-metrics:record-error-rate:{client-id=producer-1, topic=test-topic}  : 0,000
producer-topic-metrics:record-error-total:{client-id=producer-1, topic=test-topic} : 0,000
producer-topic-metrics:record-retry-rate:{client-id=producer-1, topic=test-topic}  : 0,038
producer-topic-metrics:record-retry-total:{client-id=producer-1, topic=test-topic} : 9,000
producer-topic-metrics:record-send-rate:{client-id=producer-1, topic=test-topic}   : 517,341
producer-topic-metrics:record-send-total:{client-id=producer-1, topic=test-topic}  : 80009,000
Produce Time: 154.208
[10:29:34] Ignite node stopped OK [uptime=00:02:31.132]
Aplication time: 154.917
*****Produção finalizada, esperando 180 s para buscar WM*****
Water mark: 400000
