Topic to send: test-topic
Topic to acks: -2
Records: 80000
Size:1000
[22:31:29]    __________  ________________ 
[22:31:29]   /  _/ ___/ |/ /  _/_  __/ __/ 
[22:31:29]  _/ // (7 7    // /  / / / _/   
[22:31:29] /___/\___/_/|_/___/ /_/ /___/  
[22:31:29] 
[22:31:29] ver. 2.7.6#20190911-sha1:21f7ca41
[22:31:29] 2019 Copyright(C) Apache Software Foundation
[22:31:29] 
[22:31:29] Ignite documentation: http://ignite.apache.org
[22:31:29] 
[22:31:29] Quiet mode.
[22:31:29]   ^-- Logging by 'JavaLogger [quiet=true, config=null]'
[22:31:29]   ^-- To see **FULL** console log here add -DIGNITE_QUIET=false or "-v" to ignite.{sh|bat}
[22:31:29] 
[22:31:30] OS: Linux 5.0.0-38-generic amd64
[22:31:30] VM information: OpenJDK Runtime Environment 11.0.5+10-post-Ubuntu-0ubuntu1.119.04 Private Build OpenJDK 64-Bit Server VM 11.0.5+10-post-Ubuntu-0ubuntu1.119.04
[22:31:30] Please set system property '-Djava.net.preferIPv4Stack=true' to avoid possible problems in mixed environments.
[22:31:30] Initial heap size is 126MB (should be no less than 512MB, use -Xms512m -Xmx512m).
[22:31:30] Configured plugins:
[22:31:30]   ^-- None
[22:31:30] 
[22:31:30] Configured failure handler: [hnd=StopNodeOrHaltFailureHandler [tryStop=false, timeout=0, super=AbstractFailureHandler [ignoredFailureTypes=[SYSTEM_WORKER_BLOCKED, SYSTEM_CRITICAL_OPERATION_TIMEOUT]]]]
[22:31:30] Message queue limit is set to 0 which may lead to potential OOMEs when running cache operations in FULL_ASYNC or PRIMARY_SYNC modes due to message queues growth on sender and receiver sides.
[22:31:30] Security status [authentication=off, tls/ssl=off]
[22:31:30] REST protocols do not start on client node. To start the protocols on client node set '-DIGNITE_REST_START_ON_CLIENT=true' system property.
[22:31:32] Performance suggestions for grid  (fix if possible)
[22:31:32] To disable, set -DIGNITE_PERFORMANCE_SUGGESTIONS_DISABLED=true
[22:31:32]   ^-- Switch to the most recent 1.8 JVM version
[22:31:32]   ^-- Specify JVM heap max size (add '-Xmx<size>[g|G|m|M|k|K]' to JVM options)
[22:31:32]   ^-- Set max direct memory size if getting 'OOME: Direct buffer memory' (add '-XX:MaxDirectMemorySize=<size>[g|G|m|M|k|K]' to JVM options)
[22:31:32]   ^-- Disable processing of calls to System.gc() (add '-XX:+DisableExplicitGC' to JVM options)
[22:31:32] Refer to this page for more performance suggestions: https://apacheignite.readme.io/docs/jvm-and-system-tuning
[22:31:32] 
[22:31:32] To start Console Management & Monitoring run ignitevisorcmd.{sh|bat}
[22:31:32] 
[22:31:32] Ignite node started OK (id=ff2ee41f)
[22:31:32] Topology snapshot [ver=6, locNode=ff2ee41f, servers=1, clients=1, state=ACTIVE, CPUs=8, offheap=1.5GB, heap=3.9GB]
2062 records sent, 392,8 records/sec (0,37 MB/sec), 2,5 ms avg latency, 1885,0 ms max latency.
3359 records sent, 670,2 records/sec (0,64 MB/sec), 1,5 ms avg latency, 411,0 ms max latency.
2419 records sent, 483,7 records/sec (0,46 MB/sec), 2,0 ms avg latency, 394,0 ms max latency.
2212 records sent, 440,2 records/sec (0,42 MB/sec), 2,3 ms avg latency, 705,0 ms max latency.
2589 records sent, 517,8 records/sec (0,49 MB/sec), 1,9 ms avg latency, 611,0 ms max latency.
2831 records sent, 503,0 records/sec (0,48 MB/sec), 2,0 ms avg latency, 629,0 ms max latency.
2830 records sent, 560,2 records/sec (0,53 MB/sec), 1,8 ms avg latency, 271,0 ms max latency.
2665 records sent, 532,3 records/sec (0,51 MB/sec), 1,9 ms avg latency, 459,0 ms max latency.
2252 records sent, 442,1 records/sec (0,42 MB/sec), 2,2 ms avg latency, 1461,0 ms max latency.
2692 records sent, 515,1 records/sec (0,49 MB/sec), 1,9 ms avg latency, 657,0 ms max latency.
3081 records sent, 615,0 records/sec (0,59 MB/sec), 1,6 ms avg latency, 670,0 ms max latency.
2598 records sent, 519,0 records/sec (0,49 MB/sec), 1,9 ms avg latency, 619,0 ms max latency.
2452 records sent, 470,6 records/sec (0,45 MB/sec), 2,1 ms avg latency, 341,0 ms max latency.
2796 records sent, 504,7 records/sec (0,48 MB/sec), 2,0 ms avg latency, 555,0 ms max latency.
2973 records sent, 593,7 records/sec (0,57 MB/sec), 1,7 ms avg latency, 902,0 ms max latency.
2481 records sent, 495,4 records/sec (0,47 MB/sec), 2,0 ms avg latency, 262,0 ms max latency.
2475 records sent, 494,1 records/sec (0,47 MB/sec), 2,0 ms avg latency, 227,0 ms max latency.
2852 records sent, 565,9 records/sec (0,54 MB/sec), 1,8 ms avg latency, 677,0 ms max latency.
2711 records sent, 521,5 records/sec (0,50 MB/sec), 1,9 ms avg latency, 532,0 ms max latency.
2082 records sent, 415,2 records/sec (0,40 MB/sec), 2,4 ms avg latency, 720,0 ms max latency.
2805 records sent, 560,9 records/sec (0,53 MB/sec), 1,8 ms avg latency, 513,0 ms max latency.
2492 records sent, 495,9 records/sec (0,47 MB/sec), 2,0 ms avg latency, 511,0 ms max latency.
2455 records sent, 487,6 records/sec (0,46 MB/sec), 2,0 ms avg latency, 718,0 ms max latency.
2480 records sent, 445,1 records/sec (0,42 MB/sec), 2,2 ms avg latency, 929,0 ms max latency.
3050 records sent, 561,4 records/sec (0,54 MB/sec), 1,8 ms avg latency, 952,0 ms max latency.
2493 records sent, 498,6 records/sec (0,48 MB/sec), 2,0 ms avg latency, 515,0 ms max latency.
2802 records sent, 558,5 records/sec (0,53 MB/sec), 1,8 ms avg latency, 482,0 ms max latency.
2649 records sent, 510,0 records/sec (0,49 MB/sec), 2,0 ms avg latency, 434,0 ms max latency.
2718 records sent, 540,7 records/sec (0,52 MB/sec), 1,8 ms avg latency, 647,0 ms max latency.
2708 records sent, 538,4 records/sec (0,51 MB/sec), 1,8 ms avg latency, 232,0 ms max latency.
80000 records sent, 514,023195 records/sec (0,49 MB/sec), 1,93 ms avg latency, 1885,00 ms max latency, 0 ms 50th, 10 ms 95th, 32 ms 99th, 244 ms 99.9th.

Metric Name                                                                          Value
app-info:commit-id:{client-id=producer-1}                                          : d4284cbebb6f0a4c
app-info:start-time-ms:{client-id=producer-1}                                      : 1592789489387
app-info:version:{client-id=producer-1}                                            : 2.3.1
kafka-metrics-count:count:{client-id=producer-1}                                   : 126,000
producer-metrics:batch-size-avg:{client-id=producer-1}                             : 1075,000
producer-metrics:batch-size-max:{client-id=producer-1}                             : 1075,000
producer-metrics:batch-split-rate:{client-id=producer-1}                           : 0,000
producer-metrics:batch-split-total:{client-id=producer-1}                          : 0,000
producer-metrics:buffer-available-bytes:{client-id=producer-1}                     : 33554432,000
producer-metrics:buffer-exhausted-rate:{client-id=producer-1}                      : 0,000
producer-metrics:buffer-exhausted-total:{client-id=producer-1}                     : 0,000
producer-metrics:buffer-total-bytes:{client-id=producer-1}                         : 33554432,000
producer-metrics:bufferpool-wait-ratio:{client-id=producer-1}                      : 0,000
producer-metrics:bufferpool-wait-time-total:{client-id=producer-1}                 : 0,000
producer-metrics:compression-rate-avg:{client-id=producer-1}                       : 1,000
producer-metrics:connection-close-rate:{client-id=producer-1}                      : 0,182
producer-metrics:connection-close-total:{client-id=producer-1}                     : 15,000
producer-metrics:connection-count:{client-id=producer-1}                           : 4,000
producer-metrics:connection-creation-rate:{client-id=producer-1}                   : 0,174
producer-metrics:connection-creation-total:{client-id=producer-1}                  : 19,000
producer-metrics:failed-authentication-rate:{client-id=producer-1}                 : 0,000
producer-metrics:failed-authentication-total:{client-id=producer-1}                : 0,000
producer-metrics:failed-reauthentication-rate:{client-id=producer-1}               : 0,000
producer-metrics:failed-reauthentication-total:{client-id=producer-1}              : 0,000
producer-metrics:incoming-byte-rate:{client-id=producer-1}                         : 93,855
producer-metrics:incoming-byte-total:{client-id=producer-1}                        : 9576,000
producer-metrics:io-ratio:{client-id=producer-1}                                   : 0,008
producer-metrics:io-time-ns-avg:{client-id=producer-1}                             : 7303,160
producer-metrics:io-wait-ratio:{client-id=producer-1}                              : 0,973
producer-metrics:io-wait-time-ns-avg:{client-id=producer-1}                        : 935509,661
producer-metrics:io-waittime-total:{client-id=producer-1}                          : 149255349379,000
producer-metrics:iotime-total:{client-id=producer-1}                               : 1442388585,000
producer-metrics:metadata-age:{client-id=producer-1}                               : 14,317
producer-metrics:network-io-rate:{client-id=producer-1}                            : 516,827
producer-metrics:network-io-total:{client-id=producer-1}                           : 80068,000
producer-metrics:outgoing-byte-rate:{client-id=producer-1}                         : 596356,369
producer-metrics:outgoing-byte-total:{client-id=producer-1}                        : 92390034,000
producer-metrics:produce-throttle-time-avg:{client-id=producer-1}                  : 0,000
producer-metrics:produce-throttle-time-max:{client-id=producer-1}                  : 0,000
producer-metrics:reauthentication-latency-avg:{client-id=producer-1}               : NaN
producer-metrics:reauthentication-latency-max:{client-id=producer-1}               : NaN
producer-metrics:record-error-rate:{client-id=producer-1}                          : 0,000
producer-metrics:record-error-total:{client-id=producer-1}                         : 0,000
producer-metrics:record-queue-time-avg:{client-id=producer-1}                      : 0,225
producer-metrics:record-queue-time-max:{client-id=producer-1}                      : 951,000
producer-metrics:record-retry-rate:{client-id=producer-1}                          : 0,182
producer-metrics:record-retry-total:{client-id=producer-1}                         : 14,000
producer-metrics:record-send-rate:{client-id=producer-1}                           : 516,679
producer-metrics:record-send-total:{client-id=producer-1}                          : 80014,000
producer-metrics:record-size-avg:{client-id=producer-1}                            : 1091,000
producer-metrics:record-size-max:{client-id=producer-1}                            : 1091,000
producer-metrics:records-per-request-avg:{client-id=producer-1}                    : 1,000
producer-metrics:request-latency-avg:{client-id=producer-1}                        : NaN
producer-metrics:request-latency-max:{client-id=producer-1}                        : NaN
producer-metrics:request-rate:{client-id=producer-1}                               : 516,527
producer-metrics:request-size-avg:{client-id=producer-1}                           : 1154,253
producer-metrics:request-size-max:{client-id=producer-1}                           : 1155,000
producer-metrics:request-total:{client-id=producer-1}                              : 80035,000
producer-metrics:requests-in-flight:{client-id=producer-1}                         : 1,000
producer-metrics:response-rate:{client-id=producer-1}                              : 0,324
producer-metrics:response-total:{client-id=producer-1}                             : 33,000
producer-metrics:select-rate:{client-id=producer-1}                                : 1040,073
producer-metrics:select-total:{client-id=producer-1}                               : 157011,000
producer-metrics:successful-authentication-no-reauth-total:{client-id=producer-1}  : 0,000
producer-metrics:successful-authentication-rate:{client-id=producer-1}             : 0,000
producer-metrics:successful-authentication-total:{client-id=producer-1}            : 0,000
producer-metrics:successful-reauthentication-rate:{client-id=producer-1}           : 0,000
producer-metrics:successful-reauthentication-total:{client-id=producer-1}          : 0,000
producer-metrics:waiting-threads:{client-id=producer-1}                            : 0,000
producer-node-metrics:incoming-byte-rate:{client-id=producer-1, node-id=node--1}   : 0,000
producer-node-metrics:incoming-byte-rate:{client-id=producer-1, node-id=node-1}    : 44,378
producer-node-metrics:incoming-byte-rate:{client-id=producer-1, node-id=node-3}    : 10,116
producer-node-metrics:incoming-byte-rate:{client-id=producer-1, node-id=node-6}    : 34,888
producer-node-metrics:incoming-byte-total:{client-id=producer-1, node-id=node--1}  : 579,000
producer-node-metrics:incoming-byte-total:{client-id=producer-1, node-id=node-1}   : 2904,000
producer-node-metrics:incoming-byte-total:{client-id=producer-1, node-id=node-3}   : 2601,000
producer-node-metrics:incoming-byte-total:{client-id=producer-1, node-id=node-6}   : 3492,000
producer-node-metrics:outgoing-byte-rate:{client-id=producer-1, node-id=node--1}   : 0,000
producer-node-metrics:outgoing-byte-rate:{client-id=producer-1, node-id=node-1}    : 198258,955
producer-node-metrics:outgoing-byte-rate:{client-id=producer-1, node-id=node-3}    : 201070,333
producer-node-metrics:outgoing-byte-rate:{client-id=producer-1, node-id=node-6}    : 198150,991
producer-node-metrics:outgoing-byte-total:{client-id=producer-1, node-id=node--1}  : 67,000
producer-node-metrics:outgoing-byte-total:{client-id=producer-1, node-id=node-1}   : 30823615,000
producer-node-metrics:outgoing-byte-total:{client-id=producer-1, node-id=node-3}   : 30908955,000
producer-node-metrics:outgoing-byte-total:{client-id=producer-1, node-id=node-6}   : 30657397,000
producer-node-metrics:request-latency-avg:{client-id=producer-1, node-id=node--1}  : NaN
producer-node-metrics:request-latency-avg:{client-id=producer-1, node-id=node-1}   : NaN
producer-node-metrics:request-latency-avg:{client-id=producer-1, node-id=node-3}   : NaN
producer-node-metrics:request-latency-avg:{client-id=producer-1, node-id=node-6}   : NaN
producer-node-metrics:request-latency-max:{client-id=producer-1, node-id=node--1}  : NaN
producer-node-metrics:request-latency-max:{client-id=producer-1, node-id=node-1}   : NaN
producer-node-metrics:request-latency-max:{client-id=producer-1, node-id=node-3}   : NaN
producer-node-metrics:request-latency-max:{client-id=producer-1, node-id=node-6}   : NaN
producer-node-metrics:request-rate:{client-id=producer-1, node-id=node--1}         : 0,000
producer-node-metrics:request-rate:{client-id=producer-1, node-id=node-1}          : 171,781
producer-node-metrics:request-rate:{client-id=producer-1, node-id=node-3}          : 174,098
producer-node-metrics:request-rate:{client-id=producer-1, node-id=node-6}          : 171,626
producer-node-metrics:request-size-avg:{client-id=producer-1, node-id=node--1}     : NaN
producer-node-metrics:request-size-avg:{client-id=producer-1, node-id=node-1}      : 1153,869
producer-node-metrics:request-size-avg:{client-id=producer-1, node-id=node-3}      : 1154,625
producer-node-metrics:request-size-avg:{client-id=producer-1, node-id=node-6}      : 1154,249
producer-node-metrics:request-size-max:{client-id=producer-1, node-id=node--1}     : NaN
producer-node-metrics:request-size-max:{client-id=producer-1, node-id=node-1}      : 1155,000
producer-node-metrics:request-size-max:{client-id=producer-1, node-id=node-3}      : 1155,000
producer-node-metrics:request-size-max:{client-id=producer-1, node-id=node-6}      : 1155,000
producer-node-metrics:request-total:{client-id=producer-1, node-id=node--1}        : 2,000
producer-node-metrics:request-total:{client-id=producer-1, node-id=node-1}         : 26701,000
producer-node-metrics:request-total:{client-id=producer-1, node-id=node-3}         : 26774,000
producer-node-metrics:request-total:{client-id=producer-1, node-id=node-6}         : 26558,000
producer-node-metrics:response-rate:{client-id=producer-1, node-id=node--1}        : 0,000
producer-node-metrics:response-rate:{client-id=producer-1, node-id=node-1}         : 0,153
producer-node-metrics:response-rate:{client-id=producer-1, node-id=node-3}         : 0,035
producer-node-metrics:response-rate:{client-id=producer-1, node-id=node-6}         : 0,121
producer-node-metrics:response-total:{client-id=producer-1, node-id=node--1}       : 2,000
producer-node-metrics:response-total:{client-id=producer-1, node-id=node-1}        : 10,000
producer-node-metrics:response-total:{client-id=producer-1, node-id=node-3}        : 9,000
producer-node-metrics:response-total:{client-id=producer-1, node-id=node-6}        : 12,000
producer-topic-metrics:byte-rate:{client-id=producer-1, topic=test-topic}          : 555333,516
producer-topic-metrics:byte-total:{client-id=producer-1, topic=test-topic}         : 86003940,000
producer-topic-metrics:compression-rate:{client-id=producer-1, topic=test-topic}   : 1,000
producer-topic-metrics:record-error-rate:{client-id=producer-1, topic=test-topic}  : 0,000
producer-topic-metrics:record-error-total:{client-id=producer-1, topic=test-topic} : 0,000
producer-topic-metrics:record-retry-rate:{client-id=producer-1, topic=test-topic}  : 0,182
producer-topic-metrics:record-retry-total:{client-id=producer-1, topic=test-topic} : 14,000
producer-topic-metrics:record-send-rate:{client-id=producer-1, topic=test-topic}   : 516,694
producer-topic-metrics:record-send-total:{client-id=producer-1, topic=test-topic}  : 80014,000
Produce Time: 155.634
[22:34:05] Ignite node stopped OK [uptime=00:02:33.137]
Aplication time: 156.984
*****Produção finalizada, esperando 180 s para buscar WM*****
Water mark: 240042
