Topic to send: test-topic
Topic to acks: -1
Records: 80000
Size:20000
620 records sent, 123,9 records/sec (2,36 MB/sec), 8,0 ms avg latency, 288,0 ms max latency.
682 records sent, 136,3 records/sec (2,60 MB/sec), 7,3 ms avg latency, 63,0 ms max latency.
705 records sent, 140,9 records/sec (2,69 MB/sec), 7,1 ms avg latency, 30,0 ms max latency.
719 records sent, 143,8 records/sec (2,74 MB/sec), 6,9 ms avg latency, 27,0 ms max latency.
728 records sent, 145,6 records/sec (2,78 MB/sec), 6,9 ms avg latency, 34,0 ms max latency.
730 records sent, 146,0 records/sec (2,78 MB/sec), 6,8 ms avg latency, 13,0 ms max latency.
715 records sent, 142,9 records/sec (2,73 MB/sec), 7,0 ms avg latency, 111,0 ms max latency.
731 records sent, 146,1 records/sec (2,79 MB/sec), 6,8 ms avg latency, 22,0 ms max latency.
717 records sent, 143,2 records/sec (2,73 MB/sec), 7,0 ms avg latency, 56,0 ms max latency.
712 records sent, 142,3 records/sec (2,71 MB/sec), 7,0 ms avg latency, 156,0 ms max latency.
724 records sent, 144,8 records/sec (2,76 MB/sec), 6,9 ms avg latency, 69,0 ms max latency.
738 records sent, 147,5 records/sec (2,81 MB/sec), 6,8 ms avg latency, 36,0 ms max latency.
735 records sent, 146,9 records/sec (2,80 MB/sec), 6,8 ms avg latency, 20,0 ms max latency.
732 records sent, 146,4 records/sec (2,79 MB/sec), 6,8 ms avg latency, 34,0 ms max latency.
730 records sent, 145,9 records/sec (2,78 MB/sec), 6,8 ms avg latency, 40,0 ms max latency.
734 records sent, 146,7 records/sec (2,80 MB/sec), 6,8 ms avg latency, 32,0 ms max latency.
736 records sent, 147,2 records/sec (2,81 MB/sec), 6,8 ms avg latency, 19,0 ms max latency.
737 records sent, 147,3 records/sec (2,81 MB/sec), 6,8 ms avg latency, 20,0 ms max latency.
714 records sent, 129,6 records/sec (2,47 MB/sec), 7,7 ms avg latency, 610,0 ms max latency.
712 records sent, 142,4 records/sec (2,72 MB/sec), 7,0 ms avg latency, 158,0 ms max latency.
727 records sent, 145,3 records/sec (2,77 MB/sec), 6,9 ms avg latency, 35,0 ms max latency.
733 records sent, 146,5 records/sec (2,80 MB/sec), 6,8 ms avg latency, 36,0 ms max latency.
737 records sent, 147,4 records/sec (2,81 MB/sec), 6,8 ms avg latency, 19,0 ms max latency.
740 records sent, 148,0 records/sec (2,82 MB/sec), 6,7 ms avg latency, 28,0 ms max latency.
729 records sent, 145,7 records/sec (2,78 MB/sec), 6,8 ms avg latency, 38,0 ms max latency.
730 records sent, 145,9 records/sec (2,78 MB/sec), 6,8 ms avg latency, 38,0 ms max latency.
733 records sent, 146,6 records/sec (2,80 MB/sec), 6,8 ms avg latency, 35,0 ms max latency.
738 records sent, 147,6 records/sec (2,81 MB/sec), 6,8 ms avg latency, 35,0 ms max latency.
732 records sent, 146,3 records/sec (2,79 MB/sec), 6,8 ms avg latency, 34,0 ms max latency.
733 records sent, 146,5 records/sec (2,79 MB/sec), 6,8 ms avg latency, 47,0 ms max latency.
735 records sent, 146,9 records/sec (2,80 MB/sec), 6,8 ms avg latency, 33,0 ms max latency.
687 records sent, 137,3 records/sec (2,62 MB/sec), 7,3 ms avg latency, 238,0 ms max latency.
733 records sent, 146,6 records/sec (2,80 MB/sec), 6,8 ms avg latency, 24,0 ms max latency.
738 records sent, 147,6 records/sec (2,81 MB/sec), 6,8 ms avg latency, 16,0 ms max latency.
738 records sent, 147,5 records/sec (2,81 MB/sec), 6,8 ms avg latency, 17,0 ms max latency.
736 records sent, 147,1 records/sec (2,80 MB/sec), 6,8 ms avg latency, 30,0 ms max latency.
732 records sent, 146,4 records/sec (2,79 MB/sec), 6,8 ms avg latency, 32,0 ms max latency.
733 records sent, 146,6 records/sec (2,80 MB/sec), 6,8 ms avg latency, 22,0 ms max latency.
741 records sent, 148,1 records/sec (2,82 MB/sec), 6,7 ms avg latency, 13,0 ms max latency.
726 records sent, 145,1 records/sec (2,77 MB/sec), 6,9 ms avg latency, 33,0 ms max latency.
730 records sent, 145,9 records/sec (2,78 MB/sec), 6,8 ms avg latency, 29,0 ms max latency.
733 records sent, 146,5 records/sec (2,80 MB/sec), 6,8 ms avg latency, 20,0 ms max latency.
738 records sent, 147,5 records/sec (2,81 MB/sec), 6,8 ms avg latency, 15,0 ms max latency.
734 records sent, 146,7 records/sec (2,80 MB/sec), 6,8 ms avg latency, 26,0 ms max latency.
734 records sent, 146,8 records/sec (2,80 MB/sec), 6,8 ms avg latency, 35,0 ms max latency.
734 records sent, 146,7 records/sec (2,80 MB/sec), 6,8 ms avg latency, 38,0 ms max latency.
714 records sent, 142,8 records/sec (2,72 MB/sec), 7,0 ms avg latency, 96,0 ms max latency.
734 records sent, 146,7 records/sec (2,80 MB/sec), 6,8 ms avg latency, 34,0 ms max latency.
734 records sent, 146,7 records/sec (2,80 MB/sec), 6,8 ms avg latency, 33,0 ms max latency.
740 records sent, 147,9 records/sec (2,82 MB/sec), 6,7 ms avg latency, 35,0 ms max latency.
735 records sent, 147,0 records/sec (2,80 MB/sec), 6,8 ms avg latency, 20,0 ms max latency.
732 records sent, 146,2 records/sec (2,79 MB/sec), 6,8 ms avg latency, 39,0 ms max latency.
718 records sent, 143,5 records/sec (2,74 MB/sec), 7,0 ms avg latency, 71,0 ms max latency.
745 records sent, 148,9 records/sec (2,84 MB/sec), 6,7 ms avg latency, 11,0 ms max latency.
727 records sent, 145,2 records/sec (2,77 MB/sec), 6,9 ms avg latency, 66,0 ms max latency.
738 records sent, 147,5 records/sec (2,81 MB/sec), 6,8 ms avg latency, 30,0 ms max latency.
740 records sent, 147,9 records/sec (2,82 MB/sec), 6,8 ms avg latency, 30,0 ms max latency.
741 records sent, 148,1 records/sec (2,82 MB/sec), 6,7 ms avg latency, 29,0 ms max latency.
725 records sent, 145,0 records/sec (2,77 MB/sec), 6,9 ms avg latency, 77,0 ms max latency.
736 records sent, 147,1 records/sec (2,80 MB/sec), 6,8 ms avg latency, 38,0 ms max latency.
737 records sent, 147,2 records/sec (2,81 MB/sec), 6,8 ms avg latency, 36,0 ms max latency.
738 records sent, 147,5 records/sec (2,81 MB/sec), 6,8 ms avg latency, 36,0 ms max latency.
738 records sent, 147,5 records/sec (2,81 MB/sec), 6,8 ms avg latency, 33,0 ms max latency.
730 records sent, 146,0 records/sec (2,78 MB/sec), 6,8 ms avg latency, 39,0 ms max latency.
738 records sent, 147,5 records/sec (2,81 MB/sec), 6,8 ms avg latency, 36,0 ms max latency.
732 records sent, 146,2 records/sec (2,79 MB/sec), 6,8 ms avg latency, 23,0 ms max latency.
746 records sent, 149,1 records/sec (2,84 MB/sec), 6,7 ms avg latency, 20,0 ms max latency.
735 records sent, 147,0 records/sec (2,80 MB/sec), 6,8 ms avg latency, 28,0 ms max latency.
703 records sent, 140,5 records/sec (2,68 MB/sec), 7,1 ms avg latency, 211,0 ms max latency.
722 records sent, 144,4 records/sec (2,75 MB/sec), 6,9 ms avg latency, 68,0 ms max latency.
738 records sent, 147,5 records/sec (2,81 MB/sec), 6,8 ms avg latency, 37,0 ms max latency.
717 records sent, 143,3 records/sec (2,73 MB/sec), 7,0 ms avg latency, 64,0 ms max latency.
741 records sent, 148,1 records/sec (2,83 MB/sec), 6,7 ms avg latency, 24,0 ms max latency.
730 records sent, 145,9 records/sec (2,78 MB/sec), 6,8 ms avg latency, 58,0 ms max latency.
735 records sent, 146,9 records/sec (2,80 MB/sec), 6,8 ms avg latency, 21,0 ms max latency.
714 records sent, 142,7 records/sec (2,72 MB/sec), 7,0 ms avg latency, 174,0 ms max latency.
735 records sent, 146,9 records/sec (2,80 MB/sec), 6,8 ms avg latency, 24,0 ms max latency.
669 records sent, 133,7 records/sec (2,55 MB/sec), 7,5 ms avg latency, 271,0 ms max latency.
742 records sent, 148,3 records/sec (2,83 MB/sec), 6,7 ms avg latency, 8,0 ms max latency.
733 records sent, 146,5 records/sec (2,79 MB/sec), 6,8 ms avg latency, 37,0 ms max latency.
708 records sent, 141,1 records/sec (2,69 MB/sec), 7,1 ms avg latency, 284,0 ms max latency.
740 records sent, 147,9 records/sec (2,82 MB/sec), 6,8 ms avg latency, 33,0 ms max latency.
741 records sent, 148,1 records/sec (2,82 MB/sec), 6,7 ms avg latency, 35,0 ms max latency.
742 records sent, 148,3 records/sec (2,83 MB/sec), 6,7 ms avg latency, 26,0 ms max latency.
734 records sent, 146,7 records/sec (2,80 MB/sec), 6,8 ms avg latency, 28,0 ms max latency.
733 records sent, 146,6 records/sec (2,80 MB/sec), 6,8 ms avg latency, 37,0 ms max latency.
733 records sent, 146,6 records/sec (2,80 MB/sec), 6,8 ms avg latency, 38,0 ms max latency.
724 records sent, 144,7 records/sec (2,76 MB/sec), 6,9 ms avg latency, 42,0 ms max latency.
734 records sent, 146,7 records/sec (2,80 MB/sec), 6,8 ms avg latency, 34,0 ms max latency.
735 records sent, 147,0 records/sec (2,80 MB/sec), 6,8 ms avg latency, 28,0 ms max latency.
728 records sent, 145,5 records/sec (2,77 MB/sec), 6,9 ms avg latency, 61,0 ms max latency.
734 records sent, 146,7 records/sec (2,80 MB/sec), 6,8 ms avg latency, 32,0 ms max latency.
729 records sent, 145,7 records/sec (2,78 MB/sec), 6,9 ms avg latency, 36,0 ms max latency.
731 records sent, 146,1 records/sec (2,79 MB/sec), 6,8 ms avg latency, 25,0 ms max latency.
734 records sent, 146,7 records/sec (2,80 MB/sec), 6,8 ms avg latency, 41,0 ms max latency.
737 records sent, 147,3 records/sec (2,81 MB/sec), 6,8 ms avg latency, 35,0 ms max latency.
706 records sent, 141,0 records/sec (2,69 MB/sec), 7,1 ms avg latency, 93,0 ms max latency.
733 records sent, 146,5 records/sec (2,79 MB/sec), 6,8 ms avg latency, 27,0 ms max latency.
737 records sent, 147,3 records/sec (2,81 MB/sec), 6,8 ms avg latency, 32,0 ms max latency.
708 records sent, 141,5 records/sec (2,70 MB/sec), 7,1 ms avg latency, 176,0 ms max latency.
733 records sent, 146,5 records/sec (2,79 MB/sec), 6,8 ms avg latency, 36,0 ms max latency.
743 records sent, 148,6 records/sec (2,83 MB/sec), 6,7 ms avg latency, 24,0 ms max latency.
735 records sent, 146,9 records/sec (2,80 MB/sec), 6,8 ms avg latency, 32,0 ms max latency.
735 records sent, 146,9 records/sec (2,80 MB/sec), 6,8 ms avg latency, 34,0 ms max latency.
733 records sent, 146,5 records/sec (2,79 MB/sec), 6,8 ms avg latency, 39,0 ms max latency.
740 records sent, 148,0 records/sec (2,82 MB/sec), 6,7 ms avg latency, 38,0 ms max latency.
737 records sent, 147,3 records/sec (2,81 MB/sec), 6,8 ms avg latency, 35,0 ms max latency.
743 records sent, 148,5 records/sec (2,83 MB/sec), 6,7 ms avg latency, 38,0 ms max latency.
734 records sent, 146,7 records/sec (2,80 MB/sec), 6,8 ms avg latency, 26,0 ms max latency.
80000 records sent, 145,534192 records/sec (2,78 MB/sec), 6,85 ms avg latency, 610,00 ms max latency, 7 ms 50th, 7 ms 95th, 8 ms 99th, 34 ms 99.9th.

Metric Name                                                                          Value
app-info:commit-id:{client-id=producer-1}                                          : d4284cbebb6f0a4c
app-info:start-time-ms:{client-id=producer-1}                                      : 1591903136355
app-info:version:{client-id=producer-1}                                            : 2.3.1
kafka-metrics-count:count:{client-id=producer-1}                                   : 126,000
producer-metrics:batch-size-avg:{client-id=producer-1}                             : 20077,000
producer-metrics:batch-size-max:{client-id=producer-1}                             : 20077,000
producer-metrics:batch-split-rate:{client-id=producer-1}                           : 0,000
producer-metrics:batch-split-total:{client-id=producer-1}                          : 0,000
producer-metrics:buffer-available-bytes:{client-id=producer-1}                     : 33554432,000
producer-metrics:buffer-exhausted-rate:{client-id=producer-1}                      : 0,000
producer-metrics:buffer-exhausted-total:{client-id=producer-1}                     : 0,000
producer-metrics:buffer-total-bytes:{client-id=producer-1}                         : 33554432,000
producer-metrics:bufferpool-wait-ratio:{client-id=producer-1}                      : 0,000
producer-metrics:bufferpool-wait-time-total:{client-id=producer-1}                 : 0,000
producer-metrics:compression-rate-avg:{client-id=producer-1}                       : 1,000
producer-metrics:connection-close-rate:{client-id=producer-1}                      : 0,025
producer-metrics:connection-close-total:{client-id=producer-1}                     : 1,000
producer-metrics:connection-count:{client-id=producer-1}                           : 3,000
producer-metrics:connection-creation-rate:{client-id=producer-1}                   : 0,000
producer-metrics:connection-creation-total:{client-id=producer-1}                  : 4,000
producer-metrics:failed-authentication-rate:{client-id=producer-1}                 : 0,000
producer-metrics:failed-authentication-total:{client-id=producer-1}                : 0,000
producer-metrics:failed-reauthentication-rate:{client-id=producer-1}               : 0,000
producer-metrics:failed-reauthentication-total:{client-id=producer-1}              : 0,000
producer-metrics:incoming-byte-rate:{client-id=producer-1}                         : 9117,522
producer-metrics:incoming-byte-total:{client-id=producer-1}                        : 4962031,000
producer-metrics:io-ratio:{client-id=producer-1}                                   : 0,009
producer-metrics:io-time-ns-avg:{client-id=producer-1}                             : 21476,815
producer-metrics:io-wait-ratio:{client-id=producer-1}                              : 0,975
producer-metrics:io-wait-time-ns-avg:{client-id=producer-1}                        : 2212408,270
producer-metrics:io-waittime-total:{client-id=producer-1}                          : 535860542985,000
producer-metrics:iotime-total:{client-id=producer-1}                               : 5303226708,000
producer-metrics:metadata-age:{client-id=producer-1}                               : 9,501
producer-metrics:network-io-rate:{client-id=producer-1}                            : 293,899
producer-metrics:network-io-total:{client-id=producer-1}                           : 160014,000
producer-metrics:outgoing-byte-rate:{client-id=producer-1}                         : 2960047,361
producer-metrics:outgoing-byte-total:{client-id=producer-1}                        : 1611749115,000
producer-metrics:produce-throttle-time-avg:{client-id=producer-1}                  : 0,000
producer-metrics:produce-throttle-time-max:{client-id=producer-1}                  : 0,000
producer-metrics:reauthentication-latency-avg:{client-id=producer-1}               : NaN
producer-metrics:reauthentication-latency-max:{client-id=producer-1}               : NaN
producer-metrics:record-error-rate:{client-id=producer-1}                          : 0,000
producer-metrics:record-error-total:{client-id=producer-1}                         : 0,000
producer-metrics:record-queue-time-avg:{client-id=producer-1}                      : 0,022
producer-metrics:record-queue-time-max:{client-id=producer-1}                      : 1,000
producer-metrics:record-retry-rate:{client-id=producer-1}                          : 0,000
producer-metrics:record-retry-total:{client-id=producer-1}                         : 0,000
producer-metrics:record-send-rate:{client-id=producer-1}                           : 146,914
producer-metrics:record-send-total:{client-id=producer-1}                          : 80000,000
producer-metrics:record-size-avg:{client-id=producer-1}                            : 20092,000
producer-metrics:record-size-max:{client-id=producer-1}                            : 20092,000
producer-metrics:records-per-request-avg:{client-id=producer-1}                    : 1,000
producer-metrics:request-latency-avg:{client-id=producer-1}                        : 6,738
producer-metrics:request-latency-max:{client-id=producer-1}                        : 39,000
producer-metrics:request-rate:{client-id=producer-1}                               : 146,940
producer-metrics:request-size-avg:{client-id=producer-1}                           : 20143,533
producer-metrics:request-size-max:{client-id=producer-1}                           : 20147,000
producer-metrics:request-total:{client-id=producer-1}                              : 80007,000
producer-metrics:requests-in-flight:{client-id=producer-1}                         : 0,000
producer-metrics:response-rate:{client-id=producer-1}                              : 146,962
producer-metrics:response-total:{client-id=producer-1}                             : 80007,000
producer-metrics:select-rate:{client-id=producer-1}                                : 440,782
producer-metrics:select-total:{client-id=producer-1}                               : 239970,000
producer-metrics:successful-authentication-no-reauth-total:{client-id=producer-1}  : 0,000
producer-metrics:successful-authentication-rate:{client-id=producer-1}             : 0,000
producer-metrics:successful-authentication-total:{client-id=producer-1}            : 0,000
producer-metrics:successful-reauthentication-rate:{client-id=producer-1}           : 0,000
producer-metrics:successful-reauthentication-total:{client-id=producer-1}          : 0,000
producer-metrics:waiting-threads:{client-id=producer-1}                            : 0,000
producer-node-metrics:incoming-byte-rate:{client-id=producer-1, node-id=node--3}   : 0,000
producer-node-metrics:incoming-byte-rate:{client-id=producer-1, node-id=node-1}    : 3042,459
producer-node-metrics:incoming-byte-rate:{client-id=producer-1, node-id=node-3}    : 3064,476
producer-node-metrics:incoming-byte-rate:{client-id=producer-1, node-id=node-6}    : 3015,044
producer-node-metrics:incoming-byte-total:{client-id=producer-1, node-id=node--3}  : 579,000
producer-node-metrics:incoming-byte-total:{client-id=producer-1, node-id=node-1}   : 1655074,000
producer-node-metrics:incoming-byte-total:{client-id=producer-1, node-id=node-3}   : 1660232,000
producer-node-metrics:incoming-byte-total:{client-id=producer-1, node-id=node-6}   : 1646146,000
producer-node-metrics:outgoing-byte-rate:{client-id=producer-1, node-id=node--3}   : 0,000
producer-node-metrics:outgoing-byte-rate:{client-id=producer-1, node-id=node-1}    : 988525,835
producer-node-metrics:outgoing-byte-rate:{client-id=producer-1, node-id=node-3}    : 993337,229
producer-node-metrics:outgoing-byte-rate:{client-id=producer-1, node-id=node-6}    : 979618,162
producer-node-metrics:outgoing-byte-total:{client-id=producer-1, node-id=node--3}  : 67,000
producer-node-metrics:outgoing-byte-total:{client-id=producer-1, node-id=node-1}   : 537719760,000
producer-node-metrics:outgoing-byte-total:{client-id=producer-1, node-id=node-3}   : 539210599,000
producer-node-metrics:outgoing-byte-total:{client-id=producer-1, node-id=node-6}   : 534818689,000
producer-node-metrics:request-latency-avg:{client-id=producer-1, node-id=node--3}  : NaN
producer-node-metrics:request-latency-avg:{client-id=producer-1, node-id=node-1}   : 6,947
producer-node-metrics:request-latency-avg:{client-id=producer-1, node-id=node-3}   : 6,623
producer-node-metrics:request-latency-avg:{client-id=producer-1, node-id=node-6}   : 6,642
producer-node-metrics:request-latency-max:{client-id=producer-1, node-id=node--3}  : NaN
producer-node-metrics:request-latency-max:{client-id=producer-1, node-id=node-1}   : 35,000
producer-node-metrics:request-latency-max:{client-id=producer-1, node-id=node-3}   : 38,000
producer-node-metrics:request-latency-max:{client-id=producer-1, node-id=node-6}   : 39,000
producer-node-metrics:request-rate:{client-id=producer-1, node-id=node--3}         : 0,000
producer-node-metrics:request-rate:{client-id=producer-1, node-id=node-1}          : 49,063
producer-node-metrics:request-rate:{client-id=producer-1, node-id=node-3}          : 49,327
producer-node-metrics:request-rate:{client-id=producer-1, node-id=node-6}          : 48,621
producer-node-metrics:request-size-avg:{client-id=producer-1, node-id=node--3}     : NaN
producer-node-metrics:request-size-avg:{client-id=producer-1, node-id=node-1}      : 20147,000
producer-node-metrics:request-size-avg:{client-id=producer-1, node-id=node-3}      : 20136,578
producer-node-metrics:request-size-avg:{client-id=producer-1, node-id=node-6}      : 20147,000
producer-node-metrics:request-size-max:{client-id=producer-1, node-id=node--3}     : NaN
producer-node-metrics:request-size-max:{client-id=producer-1, node-id=node-1}      : 20147,000
producer-node-metrics:request-size-max:{client-id=producer-1, node-id=node-3}      : 20147,000
producer-node-metrics:request-size-max:{client-id=producer-1, node-id=node-6}      : 20147,000
producer-node-metrics:request-total:{client-id=producer-1, node-id=node--3}        : 2,000
producer-node-metrics:request-total:{client-id=producer-1, node-id=node-1}         : 26691,000
producer-node-metrics:request-total:{client-id=producer-1, node-id=node-3}         : 26767,000
producer-node-metrics:request-total:{client-id=producer-1, node-id=node-6}         : 26547,000
producer-node-metrics:response-rate:{client-id=producer-1, node-id=node--3}        : 0,000
producer-node-metrics:response-rate:{client-id=producer-1, node-id=node-1}         : 49,073
producer-node-metrics:response-rate:{client-id=producer-1, node-id=node-3}         : 49,336
producer-node-metrics:response-rate:{client-id=producer-1, node-id=node-6}         : 48,631
producer-node-metrics:response-total:{client-id=producer-1, node-id=node--3}       : 2,000
producer-node-metrics:response-total:{client-id=producer-1, node-id=node-1}        : 26691,000
producer-node-metrics:response-total:{client-id=producer-1, node-id=node-3}        : 26767,000
producer-node-metrics:response-total:{client-id=producer-1, node-id=node-6}        : 26547,000
producer-topic-metrics:byte-rate:{client-id=producer-1, topic=test-topic}          : 2949592,757
producer-topic-metrics:byte-total:{client-id=producer-1, topic=test-topic}         : 1606148890,000
producer-topic-metrics:compression-rate:{client-id=producer-1, topic=test-topic}   : 1,000
producer-topic-metrics:record-error-rate:{client-id=producer-1, topic=test-topic}  : 0,000
producer-topic-metrics:record-error-total:{client-id=producer-1, topic=test-topic} : 0,000
producer-topic-metrics:record-retry-rate:{client-id=producer-1, topic=test-topic}  : 0,000
producer-topic-metrics:record-retry-total:{client-id=producer-1, topic=test-topic} : 0,000
producer-topic-metrics:record-send-rate:{client-id=producer-1, topic=test-topic}   : 146,914
producer-topic-metrics:record-send-total:{client-id=producer-1, topic=test-topic}  : 80000,000
Produce Time: 549.698
Aplication time: 550.494
