Topic to send: test-topic
Topic to acks: -1
Records: 80000
Size:30000
457 records sent, 91,4 records/sec (2,61 MB/sec), 10,9 ms avg latency, 287,0 ms max latency.
503 records sent, 100,5 records/sec (2,88 MB/sec), 9,9 ms avg latency, 39,0 ms max latency.
514 records sent, 102,8 records/sec (2,94 MB/sec), 9,7 ms avg latency, 11,0 ms max latency.
514 records sent, 102,8 records/sec (2,94 MB/sec), 9,7 ms avg latency, 37,0 ms max latency.
520 records sent, 103,9 records/sec (2,97 MB/sec), 9,6 ms avg latency, 19,0 ms max latency.
519 records sent, 103,7 records/sec (2,97 MB/sec), 9,6 ms avg latency, 41,0 ms max latency.
513 records sent, 102,6 records/sec (2,93 MB/sec), 9,7 ms avg latency, 37,0 ms max latency.
519 records sent, 103,7 records/sec (2,97 MB/sec), 9,6 ms avg latency, 29,0 ms max latency.
520 records sent, 103,9 records/sec (2,97 MB/sec), 9,6 ms avg latency, 37,0 ms max latency.
524 records sent, 104,7 records/sec (3,00 MB/sec), 9,5 ms avg latency, 19,0 ms max latency.
521 records sent, 104,2 records/sec (2,98 MB/sec), 9,6 ms avg latency, 30,0 ms max latency.
526 records sent, 105,1 records/sec (3,01 MB/sec), 9,5 ms avg latency, 36,0 ms max latency.
528 records sent, 105,5 records/sec (3,02 MB/sec), 9,5 ms avg latency, 27,0 ms max latency.
490 records sent, 98,0 records/sec (2,80 MB/sec), 10,2 ms avg latency, 256,0 ms max latency.
528 records sent, 105,5 records/sec (3,02 MB/sec), 9,5 ms avg latency, 37,0 ms max latency.
527 records sent, 105,4 records/sec (3,02 MB/sec), 9,5 ms avg latency, 40,0 ms max latency.
524 records sent, 104,8 records/sec (3,00 MB/sec), 9,5 ms avg latency, 34,0 ms max latency.
459 records sent, 91,7 records/sec (2,62 MB/sec), 10,9 ms avg latency, 666,0 ms max latency.
529 records sent, 105,7 records/sec (3,02 MB/sec), 9,4 ms avg latency, 30,0 ms max latency.
507 records sent, 101,3 records/sec (2,90 MB/sec), 9,9 ms avg latency, 102,0 ms max latency.
528 records sent, 105,5 records/sec (3,02 MB/sec), 9,5 ms avg latency, 32,0 ms max latency.
525 records sent, 104,8 records/sec (3,00 MB/sec), 9,5 ms avg latency, 36,0 ms max latency.
525 records sent, 105,0 records/sec (3,00 MB/sec), 9,5 ms avg latency, 38,0 ms max latency.
526 records sent, 105,1 records/sec (3,01 MB/sec), 9,5 ms avg latency, 37,0 ms max latency.
524 records sent, 104,8 records/sec (3,00 MB/sec), 9,5 ms avg latency, 39,0 ms max latency.
497 records sent, 99,3 records/sec (2,84 MB/sec), 10,1 ms avg latency, 130,0 ms max latency.
524 records sent, 104,8 records/sec (3,00 MB/sec), 9,5 ms avg latency, 38,0 ms max latency.
530 records sent, 106,0 records/sec (3,03 MB/sec), 9,4 ms avg latency, 12,0 ms max latency.
526 records sent, 105,1 records/sec (3,01 MB/sec), 9,5 ms avg latency, 35,0 ms max latency.
530 records sent, 106,0 records/sec (3,03 MB/sec), 9,4 ms avg latency, 23,0 ms max latency.
516 records sent, 103,1 records/sec (2,95 MB/sec), 9,7 ms avg latency, 107,0 ms max latency.
454 records sent, 90,7 records/sec (2,60 MB/sec), 11,0 ms avg latency, 564,0 ms max latency.
520 records sent, 104,0 records/sec (2,98 MB/sec), 9,6 ms avg latency, 40,0 ms max latency.
526 records sent, 105,2 records/sec (3,01 MB/sec), 9,5 ms avg latency, 38,0 ms max latency.
527 records sent, 105,3 records/sec (3,01 MB/sec), 9,5 ms avg latency, 33,0 ms max latency.
525 records sent, 104,9 records/sec (3,00 MB/sec), 9,5 ms avg latency, 30,0 ms max latency.
529 records sent, 105,8 records/sec (3,03 MB/sec), 9,4 ms avg latency, 10,0 ms max latency.
508 records sent, 101,5 records/sec (2,90 MB/sec), 9,8 ms avg latency, 140,0 ms max latency.
518 records sent, 103,5 records/sec (2,96 MB/sec), 9,6 ms avg latency, 78,0 ms max latency.
527 records sent, 105,3 records/sec (3,01 MB/sec), 9,5 ms avg latency, 41,0 ms max latency.
527 records sent, 105,3 records/sec (3,01 MB/sec), 9,5 ms avg latency, 30,0 ms max latency.
532 records sent, 106,2 records/sec (3,04 MB/sec), 9,4 ms avg latency, 10,0 ms max latency.
525 records sent, 105,0 records/sec (3,00 MB/sec), 9,5 ms avg latency, 40,0 ms max latency.
525 records sent, 104,9 records/sec (3,00 MB/sec), 9,5 ms avg latency, 32,0 ms max latency.
525 records sent, 104,9 records/sec (3,00 MB/sec), 9,5 ms avg latency, 39,0 ms max latency.
504 records sent, 100,8 records/sec (2,88 MB/sec), 9,9 ms avg latency, 139,0 ms max latency.
531 records sent, 106,0 records/sec (3,03 MB/sec), 9,4 ms avg latency, 13,0 ms max latency.
528 records sent, 105,5 records/sec (3,02 MB/sec), 9,5 ms avg latency, 43,0 ms max latency.
528 records sent, 105,5 records/sec (3,02 MB/sec), 9,5 ms avg latency, 30,0 ms max latency.
529 records sent, 105,7 records/sec (3,02 MB/sec), 9,4 ms avg latency, 33,0 ms max latency.
454 records sent, 90,7 records/sec (2,60 MB/sec), 11,0 ms avg latency, 747,0 ms max latency.
520 records sent, 103,8 records/sec (2,97 MB/sec), 9,6 ms avg latency, 54,0 ms max latency.
529 records sent, 105,7 records/sec (3,02 MB/sec), 9,4 ms avg latency, 32,0 ms max latency.
528 records sent, 105,4 records/sec (3,02 MB/sec), 9,5 ms avg latency, 30,0 ms max latency.
517 records sent, 103,3 records/sec (2,96 MB/sec), 9,7 ms avg latency, 148,0 ms max latency.
530 records sent, 105,9 records/sec (3,03 MB/sec), 9,4 ms avg latency, 24,0 ms max latency.
529 records sent, 105,7 records/sec (3,02 MB/sec), 9,4 ms avg latency, 39,0 ms max latency.
518 records sent, 103,6 records/sec (2,96 MB/sec), 9,6 ms avg latency, 63,0 ms max latency.
527 records sent, 105,2 records/sec (3,01 MB/sec), 9,5 ms avg latency, 39,0 ms max latency.
529 records sent, 105,6 records/sec (3,02 MB/sec), 9,4 ms avg latency, 39,0 ms max latency.
525 records sent, 104,9 records/sec (3,00 MB/sec), 9,5 ms avg latency, 39,0 ms max latency.
528 records sent, 105,6 records/sec (3,02 MB/sec), 9,5 ms avg latency, 31,0 ms max latency.
527 records sent, 105,3 records/sec (3,01 MB/sec), 9,5 ms avg latency, 31,0 ms max latency.
515 records sent, 102,9 records/sec (2,94 MB/sec), 9,7 ms avg latency, 94,0 ms max latency.
524 records sent, 104,7 records/sec (2,99 MB/sec), 9,5 ms avg latency, 42,0 ms max latency.
528 records sent, 105,5 records/sec (3,02 MB/sec), 9,5 ms avg latency, 36,0 ms max latency.
531 records sent, 106,1 records/sec (3,03 MB/sec), 9,4 ms avg latency, 33,0 ms max latency.
530 records sent, 105,9 records/sec (3,03 MB/sec), 9,4 ms avg latency, 29,0 ms max latency.
526 records sent, 105,1 records/sec (3,01 MB/sec), 9,5 ms avg latency, 31,0 ms max latency.
529 records sent, 105,7 records/sec (3,02 MB/sec), 9,5 ms avg latency, 17,0 ms max latency.
517 records sent, 103,4 records/sec (2,96 MB/sec), 9,7 ms avg latency, 51,0 ms max latency.
532 records sent, 106,4 records/sec (3,04 MB/sec), 9,4 ms avg latency, 32,0 ms max latency.
531 records sent, 106,0 records/sec (3,03 MB/sec), 9,4 ms avg latency, 27,0 ms max latency.
528 records sent, 105,5 records/sec (3,02 MB/sec), 9,5 ms avg latency, 42,0 ms max latency.
530 records sent, 106,0 records/sec (3,03 MB/sec), 9,4 ms avg latency, 10,0 ms max latency.
528 records sent, 105,5 records/sec (3,02 MB/sec), 9,5 ms avg latency, 40,0 ms max latency.
523 records sent, 104,6 records/sec (2,99 MB/sec), 9,6 ms avg latency, 50,0 ms max latency.
532 records sent, 106,4 records/sec (3,04 MB/sec), 9,4 ms avg latency, 34,0 ms max latency.
532 records sent, 106,4 records/sec (3,04 MB/sec), 9,4 ms avg latency, 21,0 ms max latency.
529 records sent, 105,7 records/sec (3,02 MB/sec), 9,4 ms avg latency, 35,0 ms max latency.
531 records sent, 106,0 records/sec (3,03 MB/sec), 9,4 ms avg latency, 26,0 ms max latency.
529 records sent, 105,7 records/sec (3,02 MB/sec), 9,5 ms avg latency, 30,0 ms max latency.
533 records sent, 106,4 records/sec (3,04 MB/sec), 9,4 ms avg latency, 10,0 ms max latency.
522 records sent, 104,3 records/sec (2,98 MB/sec), 9,6 ms avg latency, 48,0 ms max latency.
531 records sent, 106,0 records/sec (3,03 MB/sec), 9,4 ms avg latency, 28,0 ms max latency.
529 records sent, 105,7 records/sec (3,02 MB/sec), 9,4 ms avg latency, 40,0 ms max latency.
529 records sent, 105,7 records/sec (3,02 MB/sec), 9,4 ms avg latency, 37,0 ms max latency.
492 records sent, 98,2 records/sec (2,81 MB/sec), 10,2 ms avg latency, 370,0 ms max latency.
528 records sent, 105,6 records/sec (3,02 MB/sec), 9,5 ms avg latency, 35,0 ms max latency.
519 records sent, 103,7 records/sec (2,97 MB/sec), 9,6 ms avg latency, 39,0 ms max latency.
528 records sent, 105,5 records/sec (3,02 MB/sec), 9,5 ms avg latency, 43,0 ms max latency.
505 records sent, 101,0 records/sec (2,89 MB/sec), 9,9 ms avg latency, 203,0 ms max latency.
528 records sent, 105,5 records/sec (3,02 MB/sec), 9,5 ms avg latency, 35,0 ms max latency.
529 records sent, 105,8 records/sec (3,03 MB/sec), 9,4 ms avg latency, 39,0 ms max latency.
527 records sent, 105,3 records/sec (3,01 MB/sec), 9,5 ms avg latency, 35,0 ms max latency.
528 records sent, 105,5 records/sec (3,02 MB/sec), 9,5 ms avg latency, 30,0 ms max latency.
517 records sent, 103,3 records/sec (2,96 MB/sec), 9,7 ms avg latency, 97,0 ms max latency.
528 records sent, 105,4 records/sec (3,02 MB/sec), 9,5 ms avg latency, 32,0 ms max latency.
529 records sent, 105,8 records/sec (3,03 MB/sec), 9,4 ms avg latency, 36,0 ms max latency.
531 records sent, 106,1 records/sec (3,03 MB/sec), 9,4 ms avg latency, 28,0 ms max latency.
526 records sent, 105,1 records/sec (3,01 MB/sec), 9,5 ms avg latency, 40,0 ms max latency.
528 records sent, 105,4 records/sec (3,02 MB/sec), 9,5 ms avg latency, 40,0 ms max latency.
529 records sent, 105,8 records/sec (3,03 MB/sec), 9,4 ms avg latency, 38,0 ms max latency.
529 records sent, 105,8 records/sec (3,03 MB/sec), 9,4 ms avg latency, 39,0 ms max latency.
526 records sent, 105,1 records/sec (3,01 MB/sec), 9,5 ms avg latency, 35,0 ms max latency.
528 records sent, 105,5 records/sec (3,02 MB/sec), 9,5 ms avg latency, 35,0 ms max latency.
533 records sent, 106,4 records/sec (3,04 MB/sec), 9,4 ms avg latency, 10,0 ms max latency.
530 records sent, 105,8 records/sec (3,03 MB/sec), 9,4 ms avg latency, 27,0 ms max latency.
501 records sent, 100,1 records/sec (2,86 MB/sec), 10,0 ms avg latency, 73,0 ms max latency.
501 records sent, 100,2 records/sec (2,87 MB/sec), 10,0 ms avg latency, 259,0 ms max latency.
528 records sent, 105,6 records/sec (3,02 MB/sec), 9,5 ms avg latency, 41,0 ms max latency.
530 records sent, 105,9 records/sec (3,03 MB/sec), 9,4 ms avg latency, 27,0 ms max latency.
530 records sent, 105,8 records/sec (3,03 MB/sec), 9,4 ms avg latency, 34,0 ms max latency.
531 records sent, 106,0 records/sec (3,03 MB/sec), 9,4 ms avg latency, 30,0 ms max latency.
531 records sent, 106,2 records/sec (3,04 MB/sec), 9,4 ms avg latency, 31,0 ms max latency.
520 records sent, 104,0 records/sec (2,97 MB/sec), 9,6 ms avg latency, 74,0 ms max latency.
530 records sent, 105,9 records/sec (3,03 MB/sec), 9,4 ms avg latency, 28,0 ms max latency.
526 records sent, 105,1 records/sec (3,01 MB/sec), 9,5 ms avg latency, 41,0 ms max latency.
528 records sent, 105,6 records/sec (3,02 MB/sec), 9,5 ms avg latency, 39,0 ms max latency.
525 records sent, 105,0 records/sec (3,00 MB/sec), 9,5 ms avg latency, 33,0 ms max latency.
516 records sent, 103,0 records/sec (2,95 MB/sec), 9,7 ms avg latency, 120,0 ms max latency.
506 records sent, 101,2 records/sec (2,89 MB/sec), 9,9 ms avg latency, 76,0 ms max latency.
530 records sent, 106,0 records/sec (3,03 MB/sec), 9,4 ms avg latency, 36,0 ms max latency.
528 records sent, 105,6 records/sec (3,02 MB/sec), 9,5 ms avg latency, 35,0 ms max latency.
527 records sent, 105,3 records/sec (3,01 MB/sec), 9,5 ms avg latency, 33,0 ms max latency.
523 records sent, 104,4 records/sec (2,99 MB/sec), 9,5 ms avg latency, 65,0 ms max latency.
527 records sent, 105,3 records/sec (3,01 MB/sec), 9,5 ms avg latency, 36,0 ms max latency.
515 records sent, 103,0 records/sec (2,95 MB/sec), 9,7 ms avg latency, 64,0 ms max latency.
528 records sent, 105,6 records/sec (3,02 MB/sec), 9,4 ms avg latency, 41,0 ms max latency.
517 records sent, 103,4 records/sec (2,96 MB/sec), 9,7 ms avg latency, 108,0 ms max latency.
531 records sent, 106,1 records/sec (3,04 MB/sec), 9,4 ms avg latency, 36,0 ms max latency.
533 records sent, 106,4 records/sec (3,04 MB/sec), 9,4 ms avg latency, 26,0 ms max latency.
529 records sent, 105,8 records/sec (3,03 MB/sec), 9,4 ms avg latency, 30,0 ms max latency.
496 records sent, 99,1 records/sec (2,84 MB/sec), 10,1 ms avg latency, 298,0 ms max latency.
518 records sent, 103,4 records/sec (2,96 MB/sec), 9,7 ms avg latency, 47,0 ms max latency.
533 records sent, 106,4 records/sec (3,04 MB/sec), 9,4 ms avg latency, 12,0 ms max latency.
532 records sent, 106,3 records/sec (3,04 MB/sec), 9,4 ms avg latency, 18,0 ms max latency.
530 records sent, 106,0 records/sec (3,03 MB/sec), 9,4 ms avg latency, 34,0 ms max latency.
521 records sent, 104,0 records/sec (2,98 MB/sec), 9,6 ms avg latency, 70,0 ms max latency.
528 records sent, 105,4 records/sec (3,02 MB/sec), 9,5 ms avg latency, 31,0 ms max latency.
517 records sent, 103,4 records/sec (2,96 MB/sec), 9,7 ms avg latency, 76,0 ms max latency.
520 records sent, 104,0 records/sec (2,97 MB/sec), 9,6 ms avg latency, 95,0 ms max latency.
527 records sent, 105,3 records/sec (3,01 MB/sec), 9,5 ms avg latency, 41,0 ms max latency.
531 records sent, 106,1 records/sec (3,04 MB/sec), 9,4 ms avg latency, 10,0 ms max latency.
527 records sent, 105,4 records/sec (3,02 MB/sec), 9,5 ms avg latency, 42,0 ms max latency.
526 records sent, 105,1 records/sec (3,01 MB/sec), 9,5 ms avg latency, 36,0 ms max latency.
527 records sent, 105,3 records/sec (3,01 MB/sec), 9,5 ms avg latency, 25,0 ms max latency.
529 records sent, 105,7 records/sec (3,02 MB/sec), 9,5 ms avg latency, 31,0 ms max latency.
528 records sent, 105,5 records/sec (3,02 MB/sec), 9,5 ms avg latency, 36,0 ms max latency.
530 records sent, 105,9 records/sec (3,03 MB/sec), 9,4 ms avg latency, 27,0 ms max latency.
530 records sent, 105,8 records/sec (3,03 MB/sec), 9,4 ms avg latency, 40,0 ms max latency.
512 records sent, 101,9 records/sec (2,92 MB/sec), 9,8 ms avg latency, 172,0 ms max latency.
533 records sent, 106,4 records/sec (3,04 MB/sec), 9,4 ms avg latency, 10,0 ms max latency.
80000 records sent, 104,340432 records/sec (2,99 MB/sec), 9,57 ms avg latency, 747,00 ms max latency, 9 ms 50th, 10 ms 95th, 10 ms 99th, 40 ms 99.9th.

Metric Name                                                                          Value
app-info:commit-id:{client-id=producer-1}                                          : d4284cbebb6f0a4c
app-info:start-time-ms:{client-id=producer-1}                                      : 1590771483447
app-info:version:{client-id=producer-1}                                            : 2.3.1
kafka-metrics-count:count:{client-id=producer-1}                                   : 126,000
producer-metrics:batch-size-avg:{client-id=producer-1}                             : 30077,000
producer-metrics:batch-size-max:{client-id=producer-1}                             : 30077,000
producer-metrics:batch-split-rate:{client-id=producer-1}                           : 0,000
producer-metrics:batch-split-total:{client-id=producer-1}                          : 0,000
producer-metrics:buffer-available-bytes:{client-id=producer-1}                     : 33554432,000
producer-metrics:buffer-exhausted-rate:{client-id=producer-1}                      : 0,000
producer-metrics:buffer-exhausted-total:{client-id=producer-1}                     : 0,000
producer-metrics:buffer-total-bytes:{client-id=producer-1}                         : 33554432,000
producer-metrics:bufferpool-wait-ratio:{client-id=producer-1}                      : 0,000
producer-metrics:bufferpool-wait-time-total:{client-id=producer-1}                 : 0,000
producer-metrics:compression-rate-avg:{client-id=producer-1}                       : 1,000
producer-metrics:connection-close-rate:{client-id=producer-1}                      : 0,000
producer-metrics:connection-close-total:{client-id=producer-1}                     : 1,000
producer-metrics:connection-count:{client-id=producer-1}                           : 3,000
producer-metrics:connection-creation-rate:{client-id=producer-1}                   : 0,000
producer-metrics:connection-creation-total:{client-id=producer-1}                  : 4,000
producer-metrics:failed-authentication-rate:{client-id=producer-1}                 : 0,000
producer-metrics:failed-authentication-total:{client-id=producer-1}                : 0,000
producer-metrics:failed-reauthentication-rate:{client-id=producer-1}               : 0,000
producer-metrics:failed-reauthentication-total:{client-id=producer-1}              : 0,000
producer-metrics:incoming-byte-rate:{client-id=producer-1}                         : 6504,682
producer-metrics:incoming-byte-total:{client-id=producer-1}                        : 4962031,000
producer-metrics:io-ratio:{client-id=producer-1}                                   : 0,008
producer-metrics:io-time-ns-avg:{client-id=producer-1}                             : 25393,496
producer-metrics:io-wait-ratio:{client-id=producer-1}                              : 0,979
producer-metrics:io-wait-time-ns-avg:{client-id=producer-1}                        : 3111852,178
producer-metrics:io-waittime-total:{client-id=producer-1}                          : 749737610046,000
producer-metrics:iotime-total:{client-id=producer-1}                               : 6461752872,000
producer-metrics:metadata-age:{client-id=producer-1}                               : 226,528
producer-metrics:network-io-rate:{client-id=producer-1}                            : 209,805
producer-metrics:network-io-total:{client-id=producer-1}                           : 160014,000
producer-metrics:outgoing-byte-rate:{client-id=producer-1}                         : 3162472,413
producer-metrics:outgoing-byte-total:{client-id=producer-1}                        : 2411749115,000
producer-metrics:produce-throttle-time-avg:{client-id=producer-1}                  : 0,000
producer-metrics:produce-throttle-time-max:{client-id=producer-1}                  : 0,000
producer-metrics:reauthentication-latency-avg:{client-id=producer-1}               : NaN
producer-metrics:reauthentication-latency-max:{client-id=producer-1}               : NaN
producer-metrics:record-error-rate:{client-id=producer-1}                          : 0,000
producer-metrics:record-error-total:{client-id=producer-1}                         : 0,000
producer-metrics:record-queue-time-avg:{client-id=producer-1}                      : 0,029
producer-metrics:record-queue-time-max:{client-id=producer-1}                      : 1,000
producer-metrics:record-retry-rate:{client-id=producer-1}                          : 0,000
producer-metrics:record-retry-total:{client-id=producer-1}                         : 0,000
producer-metrics:record-send-rate:{client-id=producer-1}                           : 104,891
producer-metrics:record-send-total:{client-id=producer-1}                          : 80000,000
producer-metrics:record-size-avg:{client-id=producer-1}                            : 30092,000
producer-metrics:record-size-max:{client-id=producer-1}                            : 30092,000
producer-metrics:records-per-request-avg:{client-id=producer-1}                    : 1,000
producer-metrics:request-latency-avg:{client-id=producer-1}                        : 9,445
producer-metrics:request-latency-max:{client-id=producer-1}                        : 171,000
producer-metrics:request-rate:{client-id=producer-1}                               : 104,895
producer-metrics:request-size-avg:{client-id=producer-1}                           : 30147,000
producer-metrics:request-size-max:{client-id=producer-1}                           : 30147,000
producer-metrics:request-total:{client-id=producer-1}                              : 80007,000
producer-metrics:requests-in-flight:{client-id=producer-1}                         : 0,000
producer-metrics:response-rate:{client-id=producer-1}                              : 104,912
producer-metrics:response-total:{client-id=producer-1}                             : 80007,000
producer-metrics:select-rate:{client-id=producer-1}                                : 314,712
producer-metrics:select-total:{client-id=producer-1}                               : 239969,000
producer-metrics:successful-authentication-no-reauth-total:{client-id=producer-1}  : 0,000
producer-metrics:successful-authentication-rate:{client-id=producer-1}             : 0,000
producer-metrics:successful-authentication-total:{client-id=producer-1}            : 0,000
producer-metrics:successful-reauthentication-rate:{client-id=producer-1}           : 0,000
producer-metrics:successful-reauthentication-total:{client-id=producer-1}          : 0,000
producer-metrics:waiting-threads:{client-id=producer-1}                            : 0,000
producer-node-metrics:incoming-byte-rate:{client-id=producer-1, node-id=node--1}   : 0,000
producer-node-metrics:incoming-byte-rate:{client-id=producer-1, node-id=node-1}    : 2179,698
producer-node-metrics:incoming-byte-rate:{client-id=producer-1, node-id=node-3}    : 2170,755
producer-node-metrics:incoming-byte-rate:{client-id=producer-1, node-id=node-6}    : 2151,470
producer-node-metrics:incoming-byte-total:{client-id=producer-1, node-id=node--1}  : 579,000
producer-node-metrics:incoming-byte-total:{client-id=producer-1, node-id=node-1}   : 1655359,000
producer-node-metrics:incoming-byte-total:{client-id=producer-1, node-id=node-3}   : 1659947,000
producer-node-metrics:incoming-byte-total:{client-id=producer-1, node-id=node-6}   : 1646146,000
producer-node-metrics:outgoing-byte-rate:{client-id=producer-1, node-id=node--1}   : 0,000
producer-node-metrics:outgoing-byte-rate:{client-id=producer-1, node-id=node-1}    : 1059675,161
producer-node-metrics:outgoing-byte-rate:{client-id=producer-1, node-id=node-3}    : 1055328,535
producer-node-metrics:outgoing-byte-rate:{client-id=producer-1, node-id=node-6}    : 1045953,682
producer-node-metrics:outgoing-byte-total:{client-id=producer-1, node-id=node--1}  : 67,000
producer-node-metrics:outgoing-byte-total:{client-id=producer-1, node-id=node-1}   : 804619803,000
producer-node-metrics:outgoing-byte-total:{client-id=producer-1, node-id=node-3}   : 806850556,000
producer-node-metrics:outgoing-byte-total:{client-id=producer-1, node-id=node-6}   : 800278689,000
producer-node-metrics:request-latency-avg:{client-id=producer-1, node-id=node--1}  : NaN
producer-node-metrics:request-latency-avg:{client-id=producer-1, node-id=node-1}   : 9,668
producer-node-metrics:request-latency-avg:{client-id=producer-1, node-id=node-3}   : 9,352
producer-node-metrics:request-latency-avg:{client-id=producer-1, node-id=node-6}   : 9,313
producer-node-metrics:request-latency-max:{client-id=producer-1, node-id=node--1}  : NaN
producer-node-metrics:request-latency-max:{client-id=producer-1, node-id=node-1}   : 36,000
producer-node-metrics:request-latency-max:{client-id=producer-1, node-id=node-3}   : 126,000
producer-node-metrics:request-latency-max:{client-id=producer-1, node-id=node-6}   : 171,000
producer-node-metrics:request-rate:{client-id=producer-1, node-id=node--1}         : 0,000
producer-node-metrics:request-rate:{client-id=producer-1, node-id=node-1}          : 35,149
producer-node-metrics:request-rate:{client-id=producer-1, node-id=node-3}          : 35,005
producer-node-metrics:request-rate:{client-id=producer-1, node-id=node-6}          : 34,694
producer-node-metrics:request-size-avg:{client-id=producer-1, node-id=node--1}     : NaN
producer-node-metrics:request-size-avg:{client-id=producer-1, node-id=node-1}      : 30147,000
producer-node-metrics:request-size-avg:{client-id=producer-1, node-id=node-3}      : 30147,000
producer-node-metrics:request-size-avg:{client-id=producer-1, node-id=node-6}      : 30147,000
producer-node-metrics:request-size-max:{client-id=producer-1, node-id=node--1}     : NaN
producer-node-metrics:request-size-max:{client-id=producer-1, node-id=node-1}      : 30147,000
producer-node-metrics:request-size-max:{client-id=producer-1, node-id=node-3}      : 30147,000
producer-node-metrics:request-size-max:{client-id=producer-1, node-id=node-6}      : 30147,000
producer-node-metrics:request-total:{client-id=producer-1, node-id=node--1}        : 2,000
producer-node-metrics:request-total:{client-id=producer-1, node-id=node-1}         : 26692,000
producer-node-metrics:request-total:{client-id=producer-1, node-id=node-3}         : 26766,000
producer-node-metrics:request-total:{client-id=producer-1, node-id=node-6}         : 26547,000
producer-node-metrics:response-rate:{client-id=producer-1, node-id=node--1}        : 0,000
producer-node-metrics:response-rate:{client-id=producer-1, node-id=node-1}         : 35,157
producer-node-metrics:response-rate:{client-id=producer-1, node-id=node-3}         : 35,012
producer-node-metrics:response-rate:{client-id=producer-1, node-id=node-6}         : 34,701
producer-node-metrics:response-total:{client-id=producer-1, node-id=node--1}       : 2,000
producer-node-metrics:response-total:{client-id=producer-1, node-id=node-1}        : 26692,000
producer-node-metrics:response-total:{client-id=producer-1, node-id=node-3}        : 26766,000
producer-node-metrics:response-total:{client-id=producer-1, node-id=node-6}        : 26547,000
producer-topic-metrics:byte-rate:{client-id=producer-1, topic=test-topic}          : 3154807,657
producer-topic-metrics:byte-total:{client-id=producer-1, topic=test-topic}         : 2406148890,000
producer-topic-metrics:compression-rate:{client-id=producer-1, topic=test-topic}   : 1,000
producer-topic-metrics:record-error-rate:{client-id=producer-1, topic=test-topic}  : 0,000
producer-topic-metrics:record-error-total:{client-id=producer-1, topic=test-topic} : 0,000
producer-topic-metrics:record-retry-rate:{client-id=producer-1, topic=test-topic}  : 0,000
producer-topic-metrics:record-retry-total:{client-id=producer-1, topic=test-topic} : 0,000
producer-topic-metrics:record-send-rate:{client-id=producer-1, topic=test-topic}   : 104,891
producer-topic-metrics:record-send-total:{client-id=producer-1, topic=test-topic}  : 80000,000
Produce Time: 766.72
Aplication time: 767.701
