Topic to send: test-topic
Topic to acks: -1
Records: 80000
Size:30000
459 records sent, 91,7 records/sec (2,62 MB/sec), 10,9 ms avg latency, 316,0 ms max latency.
505 records sent, 101,0 records/sec (2,89 MB/sec), 9,9 ms avg latency, 32,0 ms max latency.
513 records sent, 102,6 records/sec (2,94 MB/sec), 9,7 ms avg latency, 35,0 ms max latency.
517 records sent, 103,3 records/sec (2,96 MB/sec), 9,7 ms avg latency, 42,0 ms max latency.
515 records sent, 103,0 records/sec (2,95 MB/sec), 9,7 ms avg latency, 40,0 ms max latency.
522 records sent, 104,3 records/sec (2,99 MB/sec), 9,5 ms avg latency, 36,0 ms max latency.
520 records sent, 104,0 records/sec (2,97 MB/sec), 9,6 ms avg latency, 43,0 ms max latency.
476 records sent, 95,2 records/sec (2,72 MB/sec), 10,5 ms avg latency, 244,0 ms max latency.
525 records sent, 104,9 records/sec (3,00 MB/sec), 9,5 ms avg latency, 33,0 ms max latency.
527 records sent, 105,3 records/sec (3,01 MB/sec), 9,5 ms avg latency, 10,0 ms max latency.
520 records sent, 103,9 records/sec (2,97 MB/sec), 9,6 ms avg latency, 33,0 ms max latency.
530 records sent, 106,0 records/sec (3,03 MB/sec), 9,4 ms avg latency, 10,0 ms max latency.
521 records sent, 104,1 records/sec (2,98 MB/sec), 9,6 ms avg latency, 69,0 ms max latency.
527 records sent, 105,2 records/sec (3,01 MB/sec), 9,5 ms avg latency, 38,0 ms max latency.
526 records sent, 105,2 records/sec (3,01 MB/sec), 9,5 ms avg latency, 41,0 ms max latency.
526 records sent, 105,2 records/sec (3,01 MB/sec), 9,5 ms avg latency, 32,0 ms max latency.
527 records sent, 105,3 records/sec (3,01 MB/sec), 9,5 ms avg latency, 28,0 ms max latency.
526 records sent, 105,0 records/sec (3,00 MB/sec), 9,5 ms avg latency, 37,0 ms max latency.
531 records sent, 106,2 records/sec (3,04 MB/sec), 9,4 ms avg latency, 14,0 ms max latency.
508 records sent, 101,5 records/sec (2,90 MB/sec), 9,8 ms avg latency, 117,0 ms max latency.
525 records sent, 104,9 records/sec (3,00 MB/sec), 9,5 ms avg latency, 40,0 ms max latency.
513 records sent, 102,6 records/sec (2,93 MB/sec), 9,7 ms avg latency, 122,0 ms max latency.
528 records sent, 105,5 records/sec (3,02 MB/sec), 9,5 ms avg latency, 41,0 ms max latency.
532 records sent, 106,4 records/sec (3,04 MB/sec), 9,4 ms avg latency, 10,0 ms max latency.
528 records sent, 105,5 records/sec (3,02 MB/sec), 9,5 ms avg latency, 33,0 ms max latency.
495 records sent, 99,0 records/sec (2,83 MB/sec), 10,1 ms avg latency, 269,0 ms max latency.
530 records sent, 105,9 records/sec (3,03 MB/sec), 9,4 ms avg latency, 37,0 ms max latency.
531 records sent, 106,1 records/sec (3,03 MB/sec), 9,4 ms avg latency, 10,0 ms max latency.
524 records sent, 104,7 records/sec (2,99 MB/sec), 9,5 ms avg latency, 44,0 ms max latency.
531 records sent, 106,1 records/sec (3,03 MB/sec), 9,4 ms avg latency, 28,0 ms max latency.
527 records sent, 105,3 records/sec (3,01 MB/sec), 9,5 ms avg latency, 41,0 ms max latency.
502 records sent, 100,2 records/sec (2,87 MB/sec), 10,0 ms avg latency, 181,0 ms max latency.
531 records sent, 106,1 records/sec (3,03 MB/sec), 9,4 ms avg latency, 10,0 ms max latency.
412 records sent, 5,7 records/sec (0,16 MB/sec), 176,2 ms avg latency, 68707,0 ms max latency.
Aplication time: 238.713
