Topic to send: test-topic
Topic to acks: -1
Records: 80000
Size:10000
999 records sent, 199,8 records/sec (1,91 MB/sec), 5,0 ms avg latency, 273,0 ms max latency.
1130 records sent, 226,0 records/sec (2,15 MB/sec), 4,4 ms avg latency, 33,0 ms max latency.
1144 records sent, 228,7 records/sec (2,18 MB/sec), 4,3 ms avg latency, 37,0 ms max latency.
1182 records sent, 236,3 records/sec (2,25 MB/sec), 4,2 ms avg latency, 28,0 ms max latency.
1188 records sent, 237,4 records/sec (2,26 MB/sec), 4,2 ms avg latency, 28,0 ms max latency.
1201 records sent, 240,2 records/sec (2,29 MB/sec), 4,1 ms avg latency, 30,0 ms max latency.
1177 records sent, 235,3 records/sec (2,24 MB/sec), 4,2 ms avg latency, 50,0 ms max latency.
1209 records sent, 241,7 records/sec (2,31 MB/sec), 4,1 ms avg latency, 37,0 ms max latency.
1210 records sent, 241,9 records/sec (2,31 MB/sec), 4,1 ms avg latency, 21,0 ms max latency.
1212 records sent, 242,3 records/sec (2,31 MB/sec), 4,1 ms avg latency, 27,0 ms max latency.
1205 records sent, 241,0 records/sec (2,30 MB/sec), 4,1 ms avg latency, 31,0 ms max latency.
1211 records sent, 242,2 records/sec (2,31 MB/sec), 4,1 ms avg latency, 31,0 ms max latency.
1158 records sent, 231,6 records/sec (2,21 MB/sec), 4,3 ms avg latency, 121,0 ms max latency.
1215 records sent, 242,9 records/sec (2,32 MB/sec), 4,1 ms avg latency, 25,0 ms max latency.
1208 records sent, 241,5 records/sec (2,30 MB/sec), 4,1 ms avg latency, 36,0 ms max latency.
1214 records sent, 242,8 records/sec (2,32 MB/sec), 4,1 ms avg latency, 33,0 ms max latency.
1215 records sent, 243,0 records/sec (2,32 MB/sec), 4,1 ms avg latency, 35,0 ms max latency.
1210 records sent, 242,0 records/sec (2,31 MB/sec), 4,1 ms avg latency, 33,0 ms max latency.
1132 records sent, 226,3 records/sec (2,16 MB/sec), 4,4 ms avg latency, 228,0 ms max latency.
1220 records sent, 243,9 records/sec (2,33 MB/sec), 4,1 ms avg latency, 15,0 ms max latency.
1221 records sent, 244,2 records/sec (2,33 MB/sec), 4,1 ms avg latency, 32,0 ms max latency.
1233 records sent, 246,6 records/sec (2,35 MB/sec), 4,0 ms avg latency, 17,0 ms max latency.
1221 records sent, 244,2 records/sec (2,33 MB/sec), 4,1 ms avg latency, 27,0 ms max latency.
1235 records sent, 246,9 records/sec (2,35 MB/sec), 4,0 ms avg latency, 19,0 ms max latency.
1209 records sent, 241,8 records/sec (2,31 MB/sec), 4,1 ms avg latency, 45,0 ms max latency.
1204 records sent, 240,7 records/sec (2,30 MB/sec), 4,1 ms avg latency, 57,0 ms max latency.
1213 records sent, 242,6 records/sec (2,31 MB/sec), 4,1 ms avg latency, 22,0 ms max latency.
1222 records sent, 244,3 records/sec (2,33 MB/sec), 4,1 ms avg latency, 33,0 ms max latency.
1230 records sent, 245,8 records/sec (2,34 MB/sec), 4,1 ms avg latency, 15,0 ms max latency.
1234 records sent, 246,8 records/sec (2,35 MB/sec), 4,0 ms avg latency, 30,0 ms max latency.
1236 records sent, 247,2 records/sec (2,36 MB/sec), 4,0 ms avg latency, 20,0 ms max latency.
1211 records sent, 242,2 records/sec (2,31 MB/sec), 4,1 ms avg latency, 80,0 ms max latency.
1221 records sent, 244,1 records/sec (2,33 MB/sec), 4,1 ms avg latency, 7,0 ms max latency.
1222 records sent, 244,4 records/sec (2,33 MB/sec), 4,1 ms avg latency, 30,0 ms max latency.
1219 records sent, 243,8 records/sec (2,33 MB/sec), 4,1 ms avg latency, 21,0 ms max latency.
1233 records sent, 246,6 records/sec (2,35 MB/sec), 4,0 ms avg latency, 5,0 ms max latency.
1221 records sent, 244,2 records/sec (2,33 MB/sec), 4,1 ms avg latency, 32,0 ms max latency.
1185 records sent, 236,9 records/sec (2,26 MB/sec), 4,2 ms avg latency, 230,0 ms max latency.
1223 records sent, 244,6 records/sec (2,33 MB/sec), 4,1 ms avg latency, 31,0 ms max latency.
1214 records sent, 242,8 records/sec (2,32 MB/sec), 4,1 ms avg latency, 20,0 ms max latency.
1205 records sent, 241,0 records/sec (2,30 MB/sec), 4,1 ms avg latency, 40,0 ms max latency.
1225 records sent, 245,0 records/sec (2,34 MB/sec), 4,1 ms avg latency, 5,0 ms max latency.
1223 records sent, 244,6 records/sec (2,33 MB/sec), 4,1 ms avg latency, 33,0 ms max latency.
1163 records sent, 232,6 records/sec (2,22 MB/sec), 4,3 ms avg latency, 210,0 ms max latency.
1209 records sent, 241,7 records/sec (2,30 MB/sec), 4,1 ms avg latency, 34,0 ms max latency.
1213 records sent, 242,5 records/sec (2,31 MB/sec), 4,1 ms avg latency, 40,0 ms max latency.
1215 records sent, 242,9 records/sec (2,32 MB/sec), 4,1 ms avg latency, 26,0 ms max latency.
1218 records sent, 243,6 records/sec (2,32 MB/sec), 4,1 ms avg latency, 29,0 ms max latency.
1238 records sent, 247,6 records/sec (2,36 MB/sec), 4,0 ms avg latency, 5,0 ms max latency.
1224 records sent, 244,8 records/sec (2,33 MB/sec), 4,1 ms avg latency, 36,0 ms max latency.
1196 records sent, 239,2 records/sec (2,28 MB/sec), 4,2 ms avg latency, 54,0 ms max latency.
1226 records sent, 245,1 records/sec (2,34 MB/sec), 4,1 ms avg latency, 36,0 ms max latency.
1232 records sent, 246,4 records/sec (2,35 MB/sec), 4,0 ms avg latency, 5,0 ms max latency.
1216 records sent, 243,1 records/sec (2,32 MB/sec), 4,1 ms avg latency, 23,0 ms max latency.
1227 records sent, 245,3 records/sec (2,34 MB/sec), 4,1 ms avg latency, 26,0 ms max latency.
1115 records sent, 223,0 records/sec (2,13 MB/sec), 4,5 ms avg latency, 372,0 ms max latency.
1221 records sent, 244,1 records/sec (2,33 MB/sec), 4,1 ms avg latency, 10,0 ms max latency.
1207 records sent, 241,3 records/sec (2,30 MB/sec), 4,1 ms avg latency, 36,0 ms max latency.
1212 records sent, 242,3 records/sec (2,31 MB/sec), 4,1 ms avg latency, 37,0 ms max latency.
1227 records sent, 245,4 records/sec (2,34 MB/sec), 4,1 ms avg latency, 14,0 ms max latency.
1217 records sent, 243,4 records/sec (2,32 MB/sec), 4,1 ms avg latency, 30,0 ms max latency.
1179 records sent, 235,8 records/sec (2,25 MB/sec), 4,2 ms avg latency, 169,0 ms max latency.
1222 records sent, 244,1 records/sec (2,33 MB/sec), 4,1 ms avg latency, 22,0 ms max latency.
1209 records sent, 241,8 records/sec (2,31 MB/sec), 4,1 ms avg latency, 28,0 ms max latency.
1215 records sent, 243,0 records/sec (2,32 MB/sec), 4,1 ms avg latency, 28,0 ms max latency.
1218 records sent, 243,6 records/sec (2,32 MB/sec), 4,1 ms avg latency, 36,0 ms max latency.
80000 records sent, 240,843434 records/sec (2,30 MB/sec), 4,14 ms avg latency, 372,00 ms max latency, 4 ms 50th, 5 ms 95th, 5 ms 99th, 24 ms 99.9th.

Metric Name                                                                          Value
app-info:commit-id:{client-id=producer-1}                                          : d4284cbebb6f0a4c
app-info:start-time-ms:{client-id=producer-1}                                      : 1591892739285
app-info:version:{client-id=producer-1}                                            : 2.3.1
kafka-metrics-count:count:{client-id=producer-1}                                   : 126,000
producer-metrics:batch-size-avg:{client-id=producer-1}                             : 10077,000
producer-metrics:batch-size-max:{client-id=producer-1}                             : 10077,000
producer-metrics:batch-split-rate:{client-id=producer-1}                           : 0,000
producer-metrics:batch-split-total:{client-id=producer-1}                          : 0,000
producer-metrics:buffer-available-bytes:{client-id=producer-1}                     : 33554432,000
producer-metrics:buffer-exhausted-rate:{client-id=producer-1}                      : 0,000
producer-metrics:buffer-exhausted-total:{client-id=producer-1}                     : 0,000
producer-metrics:buffer-total-bytes:{client-id=producer-1}                         : 33554432,000
producer-metrics:bufferpool-wait-ratio:{client-id=producer-1}                      : 0,000
producer-metrics:bufferpool-wait-time-total:{client-id=producer-1}                 : 0,000
producer-metrics:compression-rate-avg:{client-id=producer-1}                       : 1,000
producer-metrics:connection-close-rate:{client-id=producer-1}                      : 0,000
producer-metrics:connection-close-total:{client-id=producer-1}                     : 0,000
producer-metrics:connection-count:{client-id=producer-1}                           : 4,000
producer-metrics:connection-creation-rate:{client-id=producer-1}                   : 0,000
producer-metrics:connection-creation-total:{client-id=producer-1}                  : 4,000
producer-metrics:failed-authentication-rate:{client-id=producer-1}                 : 0,000
producer-metrics:failed-authentication-total:{client-id=producer-1}                : 0,000
producer-metrics:failed-reauthentication-rate:{client-id=producer-1}               : 0,000
producer-metrics:failed-reauthentication-total:{client-id=producer-1}              : 0,000
producer-metrics:incoming-byte-rate:{client-id=producer-1}                         : 14972,736
producer-metrics:incoming-byte-total:{client-id=producer-1}                        : 4961746,000
producer-metrics:io-ratio:{client-id=producer-1}                                   : 0,013
producer-metrics:io-time-ns-avg:{client-id=producer-1}                             : 17929,046
producer-metrics:io-wait-ratio:{client-id=producer-1}                              : 0,967
producer-metrics:io-wait-time-ns-avg:{client-id=producer-1}                        : 1336622,749
producer-metrics:io-waittime-total:{client-id=producer-1}                          : 320748423583,000
producer-metrics:iotime-total:{client-id=producer-1}                               : 4656301244,000
producer-metrics:metadata-age:{client-id=producer-1}                               : 31,996
producer-metrics:network-io-rate:{client-id=producer-1}                            : 482,920
producer-metrics:network-io-total:{client-id=producer-1}                           : 160012,000
producer-metrics:outgoing-byte-rate:{client-id=producer-1}                         : 2450314,942
producer-metrics:outgoing-byte-total:{client-id=producer-1}                        : 811749072,000
producer-metrics:produce-throttle-time-avg:{client-id=producer-1}                  : 0,000
producer-metrics:produce-throttle-time-max:{client-id=producer-1}                  : 0,000
producer-metrics:reauthentication-latency-avg:{client-id=producer-1}               : NaN
producer-metrics:reauthentication-latency-max:{client-id=producer-1}               : NaN
producer-metrics:record-error-rate:{client-id=producer-1}                          : 0,000
producer-metrics:record-error-total:{client-id=producer-1}                         : 0,000
producer-metrics:record-queue-time-avg:{client-id=producer-1}                      : 0,023
producer-metrics:record-queue-time-max:{client-id=producer-1}                      : 1,000
producer-metrics:record-retry-rate:{client-id=producer-1}                          : 0,000
producer-metrics:record-retry-total:{client-id=producer-1}                         : 0,000
producer-metrics:record-send-rate:{client-id=producer-1}                           : 241,473
producer-metrics:record-send-total:{client-id=producer-1}                          : 80000,000
producer-metrics:record-size-avg:{client-id=producer-1}                            : 10092,000
producer-metrics:record-size-max:{client-id=producer-1}                            : 10092,000
producer-metrics:records-per-request-avg:{client-id=producer-1}                    : 1,000
producer-metrics:request-latency-avg:{client-id=producer-1}                        : 4,085
producer-metrics:request-latency-max:{client-id=producer-1}                        : 169,000
producer-metrics:request-rate:{client-id=producer-1}                               : 241,459
producer-metrics:request-size-avg:{client-id=producer-1}                           : 10147,000
producer-metrics:request-size-max:{client-id=producer-1}                           : 10147,000
producer-metrics:request-total:{client-id=producer-1}                              : 80006,000
producer-metrics:requests-in-flight:{client-id=producer-1}                         : 0,000
producer-metrics:response-rate:{client-id=producer-1}                              : 241,496
producer-metrics:response-total:{client-id=producer-1}                             : 80006,000
producer-metrics:select-rate:{client-id=producer-1}                                : 723,676
producer-metrics:select-total:{client-id=producer-1}                               : 239820,000
producer-metrics:successful-authentication-no-reauth-total:{client-id=producer-1}  : 0,000
producer-metrics:successful-authentication-rate:{client-id=producer-1}             : 0,000
producer-metrics:successful-authentication-total:{client-id=producer-1}            : 0,000
producer-metrics:successful-reauthentication-rate:{client-id=producer-1}           : 0,000
producer-metrics:successful-reauthentication-total:{client-id=producer-1}          : 0,000
producer-metrics:waiting-threads:{client-id=producer-1}                            : 0,000
producer-node-metrics:incoming-byte-rate:{client-id=producer-1, node-id=node--1}   : 0,000
producer-node-metrics:incoming-byte-rate:{client-id=producer-1, node-id=node-1}    : 5032,872
producer-node-metrics:incoming-byte-rate:{client-id=producer-1, node-id=node-3}    : 4994,715
producer-node-metrics:incoming-byte-rate:{client-id=producer-1, node-id=node-6}    : 4953,136
producer-node-metrics:incoming-byte-total:{client-id=producer-1, node-id=node--1}  : 579,000
producer-node-metrics:incoming-byte-total:{client-id=producer-1, node-id=node-1}   : 1655074,000
producer-node-metrics:incoming-byte-total:{client-id=producer-1, node-id=node-3}   : 1659662,000
producer-node-metrics:incoming-byte-total:{client-id=producer-1, node-id=node-6}   : 1646431,000
producer-node-metrics:outgoing-byte-rate:{client-id=producer-1, node-id=node--1}   : 0,000
producer-node-metrics:outgoing-byte-rate:{client-id=producer-1, node-id=node-1}    : 823582,862
producer-node-metrics:outgoing-byte-rate:{client-id=producer-1, node-id=node-3}    : 817390,130
producer-node-metrics:outgoing-byte-rate:{client-id=producer-1, node-id=node-6}    : 810585,608
producer-node-metrics:outgoing-byte-total:{client-id=producer-1, node-id=node--1}  : 67,000
producer-node-metrics:outgoing-byte-total:{client-id=producer-1, node-id=node-1}   : 270819760,000
producer-node-metrics:outgoing-byte-total:{client-id=producer-1, node-id=node-3}   : 271570513,000
producer-node-metrics:outgoing-byte-total:{client-id=producer-1, node-id=node-6}   : 269358732,000
producer-node-metrics:request-latency-avg:{client-id=producer-1, node-id=node--1}  : NaN
producer-node-metrics:request-latency-avg:{client-id=producer-1, node-id=node-1}   : 4,448
producer-node-metrics:request-latency-avg:{client-id=producer-1, node-id=node-3}   : 3,952
producer-node-metrics:request-latency-avg:{client-id=producer-1, node-id=node-6}   : 3,848
producer-node-metrics:request-latency-max:{client-id=producer-1, node-id=node--1}  : NaN
producer-node-metrics:request-latency-max:{client-id=producer-1, node-id=node-1}   : 38,000
producer-node-metrics:request-latency-max:{client-id=producer-1, node-id=node-3}   : 169,000
producer-node-metrics:request-latency-max:{client-id=producer-1, node-id=node-6}   : 36,000
producer-node-metrics:request-rate:{client-id=producer-1, node-id=node--1}         : 0,000
producer-node-metrics:request-rate:{client-id=producer-1, node-id=node-1}          : 81,163
producer-node-metrics:request-rate:{client-id=producer-1, node-id=node-3}          : 80,550
producer-node-metrics:request-rate:{client-id=producer-1, node-id=node-6}          : 79,879
producer-node-metrics:request-size-avg:{client-id=producer-1, node-id=node--1}     : NaN
producer-node-metrics:request-size-avg:{client-id=producer-1, node-id=node-1}      : 10147,000
producer-node-metrics:request-size-avg:{client-id=producer-1, node-id=node-3}      : 10147,000
producer-node-metrics:request-size-avg:{client-id=producer-1, node-id=node-6}      : 10147,000
producer-node-metrics:request-size-max:{client-id=producer-1, node-id=node--1}     : NaN
producer-node-metrics:request-size-max:{client-id=producer-1, node-id=node-1}      : 10147,000
producer-node-metrics:request-size-max:{client-id=producer-1, node-id=node-3}      : 10147,000
producer-node-metrics:request-size-max:{client-id=producer-1, node-id=node-6}      : 10147,000
producer-node-metrics:request-total:{client-id=producer-1, node-id=node--1}        : 2,000
producer-node-metrics:request-total:{client-id=producer-1, node-id=node-1}         : 26691,000
producer-node-metrics:request-total:{client-id=producer-1, node-id=node-3}         : 26765,000
producer-node-metrics:request-total:{client-id=producer-1, node-id=node-6}         : 26548,000
producer-node-metrics:response-rate:{client-id=producer-1, node-id=node--1}        : 0,000
producer-node-metrics:response-rate:{client-id=producer-1, node-id=node-1}         : 81,175
producer-node-metrics:response-rate:{client-id=producer-1, node-id=node-3}         : 80,560
producer-node-metrics:response-rate:{client-id=producer-1, node-id=node-6}         : 79,889
producer-node-metrics:response-total:{client-id=producer-1, node-id=node--1}       : 2,000
producer-node-metrics:response-total:{client-id=producer-1, node-id=node-1}        : 26691,000
producer-node-metrics:response-total:{client-id=producer-1, node-id=node-3}        : 26765,000
producer-node-metrics:response-total:{client-id=producer-1, node-id=node-6}        : 26548,000
producer-topic-metrics:byte-rate:{client-id=producer-1, topic=test-topic}          : 2433249,922
producer-topic-metrics:byte-total:{client-id=producer-1, topic=test-topic}         : 806148890,000
producer-topic-metrics:compression-rate:{client-id=producer-1, topic=test-topic}   : 1,000
producer-topic-metrics:record-error-rate:{client-id=producer-1, topic=test-topic}  : 0,000
producer-topic-metrics:record-error-total:{client-id=producer-1, topic=test-topic} : 0,000
producer-topic-metrics:record-retry-rate:{client-id=producer-1, topic=test-topic}  : 0,000
producer-topic-metrics:record-retry-total:{client-id=producer-1, topic=test-topic} : 0,000
producer-topic-metrics:record-send-rate:{client-id=producer-1, topic=test-topic}   : 241,473
producer-topic-metrics:record-send-total:{client-id=producer-1, topic=test-topic}  : 80000,000
Produce Time: 332.165
Aplication time: 332.903
