Topic to send: test-topic
Topic to acks: -1
Records: 80000
Size:10000
972 records sent, 194,4 records/sec (1,85 MB/sec), 5,1 ms avg latency, 275,0 ms max latency.
1141 records sent, 228,1 records/sec (2,18 MB/sec), 4,3 ms avg latency, 8,0 ms max latency.
1158 records sent, 231,6 records/sec (2,21 MB/sec), 4,3 ms avg latency, 21,0 ms max latency.
1179 records sent, 235,8 records/sec (2,25 MB/sec), 4,2 ms avg latency, 10,0 ms max latency.
1163 records sent, 232,5 records/sec (2,22 MB/sec), 4,3 ms avg latency, 32,0 ms max latency.
1191 records sent, 238,1 records/sec (2,27 MB/sec), 4,2 ms avg latency, 32,0 ms max latency.
1160 records sent, 232,0 records/sec (2,21 MB/sec), 4,3 ms avg latency, 75,0 ms max latency.
1179 records sent, 235,8 records/sec (2,25 MB/sec), 4,2 ms avg latency, 30,0 ms max latency.
1212 records sent, 242,3 records/sec (2,31 MB/sec), 4,1 ms avg latency, 16,0 ms max latency.
1211 records sent, 242,1 records/sec (2,31 MB/sec), 4,1 ms avg latency, 17,0 ms max latency.
1117 records sent, 223,4 records/sec (2,13 MB/sec), 4,5 ms avg latency, 364,0 ms max latency.
1195 records sent, 238,9 records/sec (2,28 MB/sec), 4,2 ms avg latency, 36,0 ms max latency.
1185 records sent, 236,9 records/sec (2,26 MB/sec), 4,2 ms avg latency, 49,0 ms max latency.
1201 records sent, 240,2 records/sec (2,29 MB/sec), 4,1 ms avg latency, 31,0 ms max latency.
1196 records sent, 239,2 records/sec (2,28 MB/sec), 4,2 ms avg latency, 15,0 ms max latency.
1198 records sent, 239,5 records/sec (2,28 MB/sec), 4,2 ms avg latency, 31,0 ms max latency.
1223 records sent, 244,6 records/sec (2,33 MB/sec), 4,1 ms avg latency, 7,0 ms max latency.
1209 records sent, 241,8 records/sec (2,31 MB/sec), 4,1 ms avg latency, 36,0 ms max latency.
1200 records sent, 239,9 records/sec (2,29 MB/sec), 4,2 ms avg latency, 51,0 ms max latency.
1181 records sent, 236,2 records/sec (2,25 MB/sec), 4,2 ms avg latency, 46,0 ms max latency.
1131 records sent, 226,2 records/sec (2,16 MB/sec), 4,4 ms avg latency, 235,0 ms max latency.
1199 records sent, 239,8 records/sec (2,29 MB/sec), 4,2 ms avg latency, 32,0 ms max latency.
1205 records sent, 241,0 records/sec (2,30 MB/sec), 4,1 ms avg latency, 6,0 ms max latency.
1210 records sent, 241,9 records/sec (2,31 MB/sec), 4,1 ms avg latency, 31,0 ms max latency.
1226 records sent, 245,2 records/sec (2,34 MB/sec), 4,1 ms avg latency, 14,0 ms max latency.
1184 records sent, 236,8 records/sec (2,26 MB/sec), 4,2 ms avg latency, 71,0 ms max latency.
1189 records sent, 237,7 records/sec (2,27 MB/sec), 4,2 ms avg latency, 35,0 ms max latency.
1204 records sent, 240,8 records/sec (2,30 MB/sec), 4,1 ms avg latency, 39,0 ms max latency.
1205 records sent, 241,0 records/sec (2,30 MB/sec), 4,1 ms avg latency, 16,0 ms max latency.
1195 records sent, 239,0 records/sec (2,28 MB/sec), 4,2 ms avg latency, 32,0 ms max latency.
1204 records sent, 240,6 records/sec (2,29 MB/sec), 4,2 ms avg latency, 34,0 ms max latency.
1168 records sent, 233,6 records/sec (2,23 MB/sec), 4,3 ms avg latency, 62,0 ms max latency.
1207 records sent, 241,3 records/sec (2,30 MB/sec), 4,1 ms avg latency, 20,0 ms max latency.
1203 records sent, 240,6 records/sec (2,29 MB/sec), 4,1 ms avg latency, 27,0 ms max latency.
1203 records sent, 240,6 records/sec (2,29 MB/sec), 4,1 ms avg latency, 39,0 ms max latency.
1215 records sent, 243,0 records/sec (2,32 MB/sec), 4,1 ms avg latency, 21,0 ms max latency.
1214 records sent, 242,7 records/sec (2,31 MB/sec), 4,1 ms avg latency, 6,0 ms max latency.
1178 records sent, 235,4 records/sec (2,25 MB/sec), 4,2 ms avg latency, 66,0 ms max latency.
1192 records sent, 238,4 records/sec (2,27 MB/sec), 4,2 ms avg latency, 36,0 ms max latency.
1218 records sent, 243,6 records/sec (2,32 MB/sec), 4,1 ms avg latency, 5,0 ms max latency.
1208 records sent, 241,5 records/sec (2,30 MB/sec), 4,1 ms avg latency, 29,0 ms max latency.
1206 records sent, 241,1 records/sec (2,30 MB/sec), 4,1 ms avg latency, 31,0 ms max latency.
1207 records sent, 241,4 records/sec (2,30 MB/sec), 4,1 ms avg latency, 20,0 ms max latency.
1213 records sent, 242,5 records/sec (2,31 MB/sec), 4,1 ms avg latency, 5,0 ms max latency.
1209 records sent, 241,7 records/sec (2,30 MB/sec), 4,1 ms avg latency, 50,0 ms max latency.
1203 records sent, 240,4 records/sec (2,29 MB/sec), 4,1 ms avg latency, 47,0 ms max latency.
1205 records sent, 240,9 records/sec (2,30 MB/sec), 4,1 ms avg latency, 35,0 ms max latency.
1207 records sent, 241,4 records/sec (2,30 MB/sec), 4,1 ms avg latency, 27,0 ms max latency.
1214 records sent, 242,8 records/sec (2,32 MB/sec), 4,1 ms avg latency, 30,0 ms max latency.
1232 records sent, 246,4 records/sec (2,35 MB/sec), 4,0 ms avg latency, 15,0 ms max latency.
1135 records sent, 227,0 records/sec (2,16 MB/sec), 4,4 ms avg latency, 319,0 ms max latency.
1223 records sent, 244,6 records/sec (2,33 MB/sec), 4,1 ms avg latency, 20,0 ms max latency.
1211 records sent, 242,2 records/sec (2,31 MB/sec), 4,1 ms avg latency, 17,0 ms max latency.
1121 records sent, 224,1 records/sec (2,14 MB/sec), 4,4 ms avg latency, 348,0 ms max latency.
1194 records sent, 238,6 records/sec (2,28 MB/sec), 4,2 ms avg latency, 32,0 ms max latency.
1205 records sent, 240,9 records/sec (2,30 MB/sec), 4,1 ms avg latency, 36,0 ms max latency.
1217 records sent, 243,4 records/sec (2,32 MB/sec), 4,1 ms avg latency, 31,0 ms max latency.
1197 records sent, 239,4 records/sec (2,28 MB/sec), 4,2 ms avg latency, 30,0 ms max latency.
1193 records sent, 238,5 records/sec (2,27 MB/sec), 4,2 ms avg latency, 31,0 ms max latency.
1217 records sent, 243,3 records/sec (2,32 MB/sec), 4,1 ms avg latency, 22,0 ms max latency.
1205 records sent, 241,0 records/sec (2,30 MB/sec), 4,1 ms avg latency, 40,0 ms max latency.
1214 records sent, 242,7 records/sec (2,31 MB/sec), 4,1 ms avg latency, 5,0 ms max latency.
1200 records sent, 239,9 records/sec (2,29 MB/sec), 4,2 ms avg latency, 40,0 ms max latency.
1208 records sent, 241,5 records/sec (2,30 MB/sec), 4,1 ms avg latency, 24,0 ms max latency.
1194 records sent, 238,7 records/sec (2,28 MB/sec), 4,2 ms avg latency, 33,0 ms max latency.
1225 records sent, 244,9 records/sec (2,34 MB/sec), 4,1 ms avg latency, 24,0 ms max latency.
1186 records sent, 237,1 records/sec (2,26 MB/sec), 4,2 ms avg latency, 32,0 ms max latency.
80000 records sent, 238,302334 records/sec (2,27 MB/sec), 4,18 ms avg latency, 364,00 ms max latency, 4 ms 50th, 5 ms 95th, 5 ms 99th, 20 ms 99.9th.

Metric Name                                                                          Value
app-info:commit-id:{client-id=producer-1}                                          : d4284cbebb6f0a4c
app-info:start-time-ms:{client-id=producer-1}                                      : 1590024833295
app-info:version:{client-id=producer-1}                                            : 2.3.1
kafka-metrics-count:count:{client-id=producer-1}                                   : 126,000
producer-metrics:batch-size-avg:{client-id=producer-1}                             : 10077,000
producer-metrics:batch-size-max:{client-id=producer-1}                             : 10077,000
producer-metrics:batch-split-rate:{client-id=producer-1}                           : 0,000
producer-metrics:batch-split-total:{client-id=producer-1}                          : 0,000
producer-metrics:buffer-available-bytes:{client-id=producer-1}                     : 33554432,000
producer-metrics:buffer-exhausted-rate:{client-id=producer-1}                      : 0,000
producer-metrics:buffer-exhausted-total:{client-id=producer-1}                     : 0,000
producer-metrics:buffer-total-bytes:{client-id=producer-1}                         : 33554432,000
producer-metrics:bufferpool-wait-ratio:{client-id=producer-1}                      : 0,000
producer-metrics:bufferpool-wait-time-total:{client-id=producer-1}                 : 0,000
producer-metrics:compression-rate-avg:{client-id=producer-1}                       : 1,000
producer-metrics:connection-close-rate:{client-id=producer-1}                      : 0,000
producer-metrics:connection-close-total:{client-id=producer-1}                     : 0,000
producer-metrics:connection-count:{client-id=producer-1}                           : 4,000
producer-metrics:connection-creation-rate:{client-id=producer-1}                   : 0,000
producer-metrics:connection-creation-total:{client-id=producer-1}                  : 4,000
producer-metrics:failed-authentication-rate:{client-id=producer-1}                 : 0,000
producer-metrics:failed-authentication-total:{client-id=producer-1}                : 0,000
producer-metrics:failed-reauthentication-rate:{client-id=producer-1}               : 0,000
producer-metrics:failed-reauthentication-total:{client-id=producer-1}              : 0,000
producer-metrics:incoming-byte-rate:{client-id=producer-1}                         : 14916,165
producer-metrics:incoming-byte-total:{client-id=producer-1}                        : 4961746,000
producer-metrics:io-ratio:{client-id=producer-1}                                   : 0,014
producer-metrics:io-time-ns-avg:{client-id=producer-1}                             : 18903,650
producer-metrics:io-wait-ratio:{client-id=producer-1}                              : 0,967
producer-metrics:io-wait-time-ns-avg:{client-id=producer-1}                        : 1342423,964
producer-metrics:io-waittime-total:{client-id=producer-1}                          : 323982525772,000
producer-metrics:iotime-total:{client-id=producer-1}                               : 4708639168,000
producer-metrics:metadata-age:{client-id=producer-1}                               : 35,527
producer-metrics:network-io-rate:{client-id=producer-1}                            : 481,128
producer-metrics:network-io-total:{client-id=producer-1}                           : 160012,000
producer-metrics:outgoing-byte-rate:{client-id=producer-1}                         : 2441061,311
producer-metrics:outgoing-byte-total:{client-id=producer-1}                        : 811749072,000
producer-metrics:produce-throttle-time-avg:{client-id=producer-1}                  : 0,000
producer-metrics:produce-throttle-time-max:{client-id=producer-1}                  : 0,000
producer-metrics:reauthentication-latency-avg:{client-id=producer-1}               : NaN
producer-metrics:reauthentication-latency-max:{client-id=producer-1}               : NaN
producer-metrics:record-error-rate:{client-id=producer-1}                          : 0,000
producer-metrics:record-error-total:{client-id=producer-1}                         : 0,000
producer-metrics:record-queue-time-avg:{client-id=producer-1}                      : 0,027
producer-metrics:record-queue-time-max:{client-id=producer-1}                      : 1,000
producer-metrics:record-retry-rate:{client-id=producer-1}                          : 0,000
producer-metrics:record-retry-total:{client-id=producer-1}                         : 0,000
producer-metrics:record-send-rate:{client-id=producer-1}                           : 240,575
producer-metrics:record-send-total:{client-id=producer-1}                          : 80000,000
producer-metrics:record-size-avg:{client-id=producer-1}                            : 10092,000
producer-metrics:record-size-max:{client-id=producer-1}                            : 10092,000
producer-metrics:records-per-request-avg:{client-id=producer-1}                    : 1,000
producer-metrics:request-latency-avg:{client-id=producer-1}                        : 4,093
producer-metrics:request-latency-max:{client-id=producer-1}                        : 40,000
producer-metrics:request-rate:{client-id=producer-1}                               : 240,549
producer-metrics:request-size-avg:{client-id=producer-1}                           : 10147,000
producer-metrics:request-size-max:{client-id=producer-1}                           : 10147,000
producer-metrics:request-total:{client-id=producer-1}                              : 80006,000
producer-metrics:requests-in-flight:{client-id=producer-1}                         : 0,000
producer-metrics:response-rate:{client-id=producer-1}                              : 240,583
producer-metrics:response-total:{client-id=producer-1}                             : 80006,000
producer-metrics:select-rate:{client-id=producer-1}                                : 720,146
producer-metrics:select-total:{client-id=producer-1}                               : 239771,000
producer-metrics:successful-authentication-no-reauth-total:{client-id=producer-1}  : 0,000
producer-metrics:successful-authentication-rate:{client-id=producer-1}             : 0,000
producer-metrics:successful-authentication-total:{client-id=producer-1}            : 0,000
producer-metrics:successful-reauthentication-rate:{client-id=producer-1}           : 0,000
producer-metrics:successful-reauthentication-total:{client-id=producer-1}          : 0,000
producer-metrics:waiting-threads:{client-id=producer-1}                            : 0,000
producer-node-metrics:incoming-byte-rate:{client-id=producer-1, node-id=node--2}   : 0,000
producer-node-metrics:incoming-byte-rate:{client-id=producer-1, node-id=node-1}    : 5007,105
producer-node-metrics:incoming-byte-rate:{client-id=producer-1, node-id=node-3}    : 4910,613
producer-node-metrics:incoming-byte-rate:{client-id=producer-1, node-id=node-6}    : 4999,972
producer-node-metrics:incoming-byte-total:{client-id=producer-1, node-id=node--2}  : 579,000
producer-node-metrics:incoming-byte-total:{client-id=producer-1, node-id=node-1}   : 1659947,000
producer-node-metrics:incoming-byte-total:{client-id=producer-1, node-id=node-3}   : 1646146,000
producer-node-metrics:incoming-byte-total:{client-id=producer-1, node-id=node-6}   : 1655074,000
producer-node-metrics:outgoing-byte-rate:{client-id=producer-1, node-id=node--2}   : 0,000
producer-node-metrics:outgoing-byte-rate:{client-id=producer-1, node-id=node-1}    : 819376,497
producer-node-metrics:outgoing-byte-rate:{client-id=producer-1, node-id=node-3}    : 803631,838
producer-node-metrics:outgoing-byte-rate:{client-id=producer-1, node-id=node-6}    : 818255,460
producer-node-metrics:outgoing-byte-total:{client-id=producer-1, node-id=node--2}  : 67,000
producer-node-metrics:outgoing-byte-total:{client-id=producer-1, node-id=node-1}   : 271570556,000
producer-node-metrics:outgoing-byte-total:{client-id=producer-1, node-id=node-3}   : 269358689,000
producer-node-metrics:outgoing-byte-total:{client-id=producer-1, node-id=node-6}   : 270819760,000
producer-node-metrics:request-latency-avg:{client-id=producer-1, node-id=node--2}  : NaN
producer-node-metrics:request-latency-avg:{client-id=producer-1, node-id=node-1}   : 4,501
producer-node-metrics:request-latency-avg:{client-id=producer-1, node-id=node-3}   : 3,892
producer-node-metrics:request-latency-avg:{client-id=producer-1, node-id=node-6}   : 3,882
producer-node-metrics:request-latency-max:{client-id=producer-1, node-id=node--2}  : NaN
producer-node-metrics:request-latency-max:{client-id=producer-1, node-id=node-1}   : 40,000
producer-node-metrics:request-latency-max:{client-id=producer-1, node-id=node-3}   : 40,000
producer-node-metrics:request-latency-max:{client-id=producer-1, node-id=node-6}   : 36,000
producer-node-metrics:request-rate:{client-id=producer-1, node-id=node--2}         : 0,000
producer-node-metrics:request-rate:{client-id=producer-1, node-id=node-1}          : 80,748
producer-node-metrics:request-rate:{client-id=producer-1, node-id=node-3}          : 79,194
producer-node-metrics:request-rate:{client-id=producer-1, node-id=node-6}          : 80,636
producer-node-metrics:request-size-avg:{client-id=producer-1, node-id=node--2}     : NaN
producer-node-metrics:request-size-avg:{client-id=producer-1, node-id=node-1}      : 10147,000
producer-node-metrics:request-size-avg:{client-id=producer-1, node-id=node-3}      : 10147,000
producer-node-metrics:request-size-avg:{client-id=producer-1, node-id=node-6}      : 10147,000
producer-node-metrics:request-size-max:{client-id=producer-1, node-id=node--2}     : NaN
producer-node-metrics:request-size-max:{client-id=producer-1, node-id=node-1}      : 10147,000
producer-node-metrics:request-size-max:{client-id=producer-1, node-id=node-3}      : 10147,000
producer-node-metrics:request-size-max:{client-id=producer-1, node-id=node-6}      : 10147,000
producer-node-metrics:request-total:{client-id=producer-1, node-id=node--2}        : 2,000
producer-node-metrics:request-total:{client-id=producer-1, node-id=node-1}         : 26766,000
producer-node-metrics:request-total:{client-id=producer-1, node-id=node-3}         : 26547,000
producer-node-metrics:request-total:{client-id=producer-1, node-id=node-6}         : 26691,000
producer-node-metrics:response-rate:{client-id=producer-1, node-id=node--2}        : 0,000
producer-node-metrics:response-rate:{client-id=producer-1, node-id=node-1}         : 80,760
producer-node-metrics:response-rate:{client-id=producer-1, node-id=node-3}         : 79,203
producer-node-metrics:response-rate:{client-id=producer-1, node-id=node-6}         : 80,645
producer-node-metrics:response-total:{client-id=producer-1, node-id=node--2}       : 2,000
producer-node-metrics:response-total:{client-id=producer-1, node-id=node-1}        : 26766,000
producer-node-metrics:response-total:{client-id=producer-1, node-id=node-3}        : 26547,000
producer-node-metrics:response-total:{client-id=producer-1, node-id=node-6}        : 26691,000
producer-topic-metrics:byte-rate:{client-id=producer-1, topic=test-topic}          : 2424208,087
producer-topic-metrics:byte-total:{client-id=producer-1, topic=test-topic}         : 806148890,000
producer-topic-metrics:compression-rate:{client-id=producer-1, topic=test-topic}   : 1,000
producer-topic-metrics:record-error-rate:{client-id=producer-1, topic=test-topic}  : 0,000
producer-topic-metrics:record-error-total:{client-id=producer-1, topic=test-topic} : 0,000
producer-topic-metrics:record-retry-rate:{client-id=producer-1, topic=test-topic}  : 0,000
producer-topic-metrics:record-retry-total:{client-id=producer-1, topic=test-topic} : 0,000
producer-topic-metrics:record-send-rate:{client-id=producer-1, topic=test-topic}   : 240,575
producer-topic-metrics:record-send-total:{client-id=producer-1, topic=test-topic}  : 80000,000
Produce Time: 335.707
Aplication time: 336.42
