Topic to send: test-topic
Topic to acks: -1
Records: 80000
Size:20000
623 records sent, 124,6 records/sec (2,38 MB/sec), 8,0 ms avg latency, 271,0 ms max latency.
698 records sent, 139,6 records/sec (2,66 MB/sec), 7,1 ms avg latency, 33,0 ms max latency.
706 records sent, 141,0 records/sec (2,69 MB/sec), 7,1 ms avg latency, 8,0 ms max latency.
715 records sent, 143,0 records/sec (2,73 MB/sec), 7,0 ms avg latency, 29,0 ms max latency.
723 records sent, 144,6 records/sec (2,76 MB/sec), 6,9 ms avg latency, 25,0 ms max latency.
727 records sent, 145,4 records/sec (2,77 MB/sec), 6,9 ms avg latency, 17,0 ms max latency.
717 records sent, 143,3 records/sec (2,73 MB/sec), 7,0 ms avg latency, 60,0 ms max latency.
724 records sent, 144,7 records/sec (2,76 MB/sec), 6,9 ms avg latency, 72,0 ms max latency.
724 records sent, 144,7 records/sec (2,76 MB/sec), 6,9 ms avg latency, 47,0 ms max latency.
724 records sent, 144,8 records/sec (2,76 MB/sec), 6,9 ms avg latency, 35,0 ms max latency.
732 records sent, 146,2 records/sec (2,79 MB/sec), 6,8 ms avg latency, 13,0 ms max latency.
732 records sent, 146,3 records/sec (2,79 MB/sec), 6,8 ms avg latency, 16,0 ms max latency.
651 records sent, 130,2 records/sec (2,48 MB/sec), 7,7 ms avg latency, 325,0 ms max latency.
735 records sent, 146,8 records/sec (2,80 MB/sec), 6,8 ms avg latency, 30,0 ms max latency.
739 records sent, 147,7 records/sec (2,82 MB/sec), 6,7 ms avg latency, 26,0 ms max latency.
735 records sent, 146,9 records/sec (2,80 MB/sec), 6,8 ms avg latency, 34,0 ms max latency.
745 records sent, 148,9 records/sec (2,84 MB/sec), 6,7 ms avg latency, 8,0 ms max latency.
739 records sent, 147,7 records/sec (2,82 MB/sec), 6,8 ms avg latency, 26,0 ms max latency.
713 records sent, 142,6 records/sec (2,72 MB/sec), 7,0 ms avg latency, 157,0 ms max latency.
746 records sent, 149,0 records/sec (2,84 MB/sec), 6,7 ms avg latency, 8,0 ms max latency.
744 records sent, 148,7 records/sec (2,84 MB/sec), 6,7 ms avg latency, 19,0 ms max latency.
732 records sent, 146,2 records/sec (2,79 MB/sec), 6,8 ms avg latency, 66,0 ms max latency.
744 records sent, 148,7 records/sec (2,84 MB/sec), 6,7 ms avg latency, 8,0 ms max latency.
738 records sent, 147,6 records/sec (2,82 MB/sec), 6,8 ms avg latency, 16,0 ms max latency.
734 records sent, 146,8 records/sec (2,80 MB/sec), 6,8 ms avg latency, 37,0 ms max latency.
728 records sent, 145,5 records/sec (2,78 MB/sec), 6,9 ms avg latency, 75,0 ms max latency.
727 records sent, 145,3 records/sec (2,77 MB/sec), 6,9 ms avg latency, 83,0 ms max latency.
737 records sent, 147,3 records/sec (2,81 MB/sec), 6,8 ms avg latency, 27,0 ms max latency.
736 records sent, 147,1 records/sec (2,81 MB/sec), 6,8 ms avg latency, 26,0 ms max latency.
737 records sent, 147,3 records/sec (2,81 MB/sec), 6,8 ms avg latency, 16,0 ms max latency.
745 records sent, 148,9 records/sec (2,84 MB/sec), 6,7 ms avg latency, 8,0 ms max latency.
733 records sent, 146,5 records/sec (2,80 MB/sec), 6,8 ms avg latency, 26,0 ms max latency.
734 records sent, 146,7 records/sec (2,80 MB/sec), 6,8 ms avg latency, 37,0 ms max latency.
734 records sent, 146,7 records/sec (2,80 MB/sec), 6,8 ms avg latency, 24,0 ms max latency.
741 records sent, 148,1 records/sec (2,82 MB/sec), 6,7 ms avg latency, 13,0 ms max latency.
736 records sent, 147,1 records/sec (2,81 MB/sec), 6,8 ms avg latency, 33,0 ms max latency.
735 records sent, 146,9 records/sec (2,80 MB/sec), 6,8 ms avg latency, 27,0 ms max latency.
732 records sent, 146,3 records/sec (2,79 MB/sec), 6,8 ms avg latency, 30,0 ms max latency.
740 records sent, 147,9 records/sec (2,82 MB/sec), 6,7 ms avg latency, 8,0 ms max latency.
734 records sent, 146,8 records/sec (2,80 MB/sec), 6,8 ms avg latency, 36,0 ms max latency.
733 records sent, 146,5 records/sec (2,79 MB/sec), 6,8 ms avg latency, 41,0 ms max latency.
739 records sent, 147,7 records/sec (2,82 MB/sec), 6,8 ms avg latency, 27,0 ms max latency.
741 records sent, 148,1 records/sec (2,82 MB/sec), 6,7 ms avg latency, 35,0 ms max latency.
742 records sent, 148,4 records/sec (2,83 MB/sec), 6,7 ms avg latency, 11,0 ms max latency.
734 records sent, 146,8 records/sec (2,80 MB/sec), 6,8 ms avg latency, 68,0 ms max latency.
740 records sent, 147,9 records/sec (2,82 MB/sec), 6,8 ms avg latency, 28,0 ms max latency.
715 records sent, 142,8 records/sec (2,72 MB/sec), 7,0 ms avg latency, 101,0 ms max latency.
737 records sent, 147,3 records/sec (2,81 MB/sec), 6,8 ms avg latency, 13,0 ms max latency.
738 records sent, 147,6 records/sec (2,82 MB/sec), 6,8 ms avg latency, 8,0 ms max latency.
732 records sent, 146,2 records/sec (2,79 MB/sec), 6,8 ms avg latency, 38,0 ms max latency.
736 records sent, 147,2 records/sec (2,81 MB/sec), 6,8 ms avg latency, 38,0 ms max latency.
727 records sent, 145,3 records/sec (2,77 MB/sec), 6,9 ms avg latency, 47,0 ms max latency.
731 records sent, 146,2 records/sec (2,79 MB/sec), 6,8 ms avg latency, 49,0 ms max latency.
732 records sent, 146,3 records/sec (2,79 MB/sec), 6,8 ms avg latency, 38,0 ms max latency.
739 records sent, 147,7 records/sec (2,82 MB/sec), 6,8 ms avg latency, 8,0 ms max latency.
734 records sent, 146,7 records/sec (2,80 MB/sec), 6,8 ms avg latency, 41,0 ms max latency.
726 records sent, 145,0 records/sec (2,77 MB/sec), 6,9 ms avg latency, 97,0 ms max latency.
738 records sent, 147,5 records/sec (2,81 MB/sec), 6,8 ms avg latency, 25,0 ms max latency.
734 records sent, 146,8 records/sec (2,80 MB/sec), 6,8 ms avg latency, 39,0 ms max latency.
737 records sent, 147,4 records/sec (2,81 MB/sec), 6,8 ms avg latency, 21,0 ms max latency.
736 records sent, 147,1 records/sec (2,81 MB/sec), 6,8 ms avg latency, 8,0 ms max latency.
731 records sent, 146,2 records/sec (2,79 MB/sec), 6,8 ms avg latency, 35,0 ms max latency.
739 records sent, 147,7 records/sec (2,82 MB/sec), 6,8 ms avg latency, 8,0 ms max latency.
734 records sent, 146,7 records/sec (2,80 MB/sec), 6,8 ms avg latency, 34,0 ms max latency.
733 records sent, 146,5 records/sec (2,79 MB/sec), 6,8 ms avg latency, 37,0 ms max latency.
720 records sent, 143,9 records/sec (2,74 MB/sec), 6,9 ms avg latency, 76,0 ms max latency.
742 records sent, 148,3 records/sec (2,83 MB/sec), 6,7 ms avg latency, 8,0 ms max latency.
742 records sent, 148,4 records/sec (2,83 MB/sec), 6,7 ms avg latency, 8,0 ms max latency.
724 records sent, 144,7 records/sec (2,76 MB/sec), 6,9 ms avg latency, 128,0 ms max latency.
732 records sent, 146,3 records/sec (2,79 MB/sec), 6,8 ms avg latency, 68,0 ms max latency.
734 records sent, 146,7 records/sec (2,80 MB/sec), 6,8 ms avg latency, 66,0 ms max latency.
735 records sent, 146,9 records/sec (2,80 MB/sec), 6,8 ms avg latency, 46,0 ms max latency.
732 records sent, 146,2 records/sec (2,79 MB/sec), 6,8 ms avg latency, 52,0 ms max latency.
741 records sent, 148,0 records/sec (2,82 MB/sec), 6,7 ms avg latency, 8,0 ms max latency.
735 records sent, 146,9 records/sec (2,80 MB/sec), 6,8 ms avg latency, 39,0 ms max latency.
734 records sent, 146,7 records/sec (2,80 MB/sec), 6,8 ms avg latency, 35,0 ms max latency.
730 records sent, 145,9 records/sec (2,78 MB/sec), 6,8 ms avg latency, 60,0 ms max latency.
735 records sent, 146,8 records/sec (2,80 MB/sec), 6,8 ms avg latency, 36,0 ms max latency.
745 records sent, 148,8 records/sec (2,84 MB/sec), 6,7 ms avg latency, 8,0 ms max latency.
740 records sent, 147,9 records/sec (2,82 MB/sec), 6,7 ms avg latency, 8,0 ms max latency.
714 records sent, 142,8 records/sec (2,72 MB/sec), 7,0 ms avg latency, 171,0 ms max latency.
739 records sent, 147,8 records/sec (2,82 MB/sec), 6,8 ms avg latency, 11,0 ms max latency.
735 records sent, 147,0 records/sec (2,80 MB/sec), 6,8 ms avg latency, 8,0 ms max latency.
735 records sent, 147,0 records/sec (2,80 MB/sec), 6,8 ms avg latency, 25,0 ms max latency.
735 records sent, 147,0 records/sec (2,80 MB/sec), 6,8 ms avg latency, 21,0 ms max latency.
741 records sent, 148,1 records/sec (2,83 MB/sec), 6,7 ms avg latency, 8,0 ms max latency.
744 records sent, 148,7 records/sec (2,84 MB/sec), 6,7 ms avg latency, 9,0 ms max latency.
733 records sent, 146,6 records/sec (2,80 MB/sec), 6,8 ms avg latency, 30,0 ms max latency.
734 records sent, 146,7 records/sec (2,80 MB/sec), 6,8 ms avg latency, 67,0 ms max latency.
746 records sent, 149,1 records/sec (2,84 MB/sec), 6,7 ms avg latency, 8,0 ms max latency.
735 records sent, 146,9 records/sec (2,80 MB/sec), 6,8 ms avg latency, 27,0 ms max latency.
737 records sent, 147,2 records/sec (2,81 MB/sec), 6,8 ms avg latency, 8,0 ms max latency.
733 records sent, 146,4 records/sec (2,79 MB/sec), 6,8 ms avg latency, 36,0 ms max latency.
710 records sent, 142,0 records/sec (2,71 MB/sec), 7,0 ms avg latency, 158,0 ms max latency.
725 records sent, 144,9 records/sec (2,76 MB/sec), 6,9 ms avg latency, 36,0 ms max latency.
725 records sent, 145,0 records/sec (2,77 MB/sec), 6,9 ms avg latency, 74,0 ms max latency.
717 records sent, 143,4 records/sec (2,74 MB/sec), 7,0 ms avg latency, 139,0 ms max latency.
739 records sent, 147,7 records/sec (2,82 MB/sec), 6,8 ms avg latency, 23,0 ms max latency.
739 records sent, 147,7 records/sec (2,82 MB/sec), 6,8 ms avg latency, 8,0 ms max latency.
670 records sent, 134,0 records/sec (2,56 MB/sec), 7,4 ms avg latency, 443,0 ms max latency.
736 records sent, 147,0 records/sec (2,80 MB/sec), 6,8 ms avg latency, 39,0 ms max latency.
738 records sent, 147,5 records/sec (2,81 MB/sec), 6,8 ms avg latency, 23,0 ms max latency.
733 records sent, 146,6 records/sec (2,80 MB/sec), 6,8 ms avg latency, 33,0 ms max latency.
699 records sent, 139,7 records/sec (2,66 MB/sec), 7,1 ms avg latency, 179,0 ms max latency.
735 records sent, 146,9 records/sec (2,80 MB/sec), 6,8 ms avg latency, 26,0 ms max latency.
718 records sent, 143,5 records/sec (2,74 MB/sec), 6,9 ms avg latency, 119,0 ms max latency.
734 records sent, 146,7 records/sec (2,80 MB/sec), 6,8 ms avg latency, 23,0 ms max latency.
726 records sent, 145,1 records/sec (2,77 MB/sec), 6,9 ms avg latency, 37,0 ms max latency.
714 records sent, 142,8 records/sec (2,72 MB/sec), 7,0 ms avg latency, 93,0 ms max latency.
80000 records sent, 145,888497 records/sec (2,78 MB/sec), 6,84 ms avg latency, 443,00 ms max latency, 7 ms 50th, 7 ms 95th, 8 ms 99th, 27 ms 99.9th.

Metric Name                                                                          Value
app-info:commit-id:{client-id=producer-1}                                          : d4284cbebb6f0a4c
app-info:start-time-ms:{client-id=producer-1}                                      : 1590086951474
app-info:version:{client-id=producer-1}                                            : 2.3.1
kafka-metrics-count:count:{client-id=producer-1}                                   : 126,000
producer-metrics:batch-size-avg:{client-id=producer-1}                             : 20077,000
producer-metrics:batch-size-max:{client-id=producer-1}                             : 20077,000
producer-metrics:batch-split-rate:{client-id=producer-1}                           : 0,000
producer-metrics:batch-split-total:{client-id=producer-1}                          : 0,000
producer-metrics:buffer-available-bytes:{client-id=producer-1}                     : 33554432,000
producer-metrics:buffer-exhausted-rate:{client-id=producer-1}                      : 0,000
producer-metrics:buffer-exhausted-total:{client-id=producer-1}                     : 0,000
producer-metrics:buffer-total-bytes:{client-id=producer-1}                         : 33554432,000
producer-metrics:bufferpool-wait-ratio:{client-id=producer-1}                      : 0,000
producer-metrics:bufferpool-wait-time-total:{client-id=producer-1}                 : 0,000
producer-metrics:compression-rate-avg:{client-id=producer-1}                       : 1,000
producer-metrics:connection-close-rate:{client-id=producer-1}                      : 0,026
producer-metrics:connection-close-total:{client-id=producer-1}                     : 1,000
producer-metrics:connection-count:{client-id=producer-1}                           : 3,000
producer-metrics:connection-creation-rate:{client-id=producer-1}                   : 0,000
producer-metrics:connection-creation-total:{client-id=producer-1}                  : 4,000
producer-metrics:failed-authentication-rate:{client-id=producer-1}                 : 0,000
producer-metrics:failed-authentication-total:{client-id=producer-1}                : 0,000
producer-metrics:failed-reauthentication-rate:{client-id=producer-1}               : 0,000
producer-metrics:failed-reauthentication-total:{client-id=producer-1}              : 0,000
producer-metrics:incoming-byte-rate:{client-id=producer-1}                         : 8974,697
producer-metrics:incoming-byte-total:{client-id=producer-1}                        : 4962031,000
producer-metrics:io-ratio:{client-id=producer-1}                                   : 0,009
producer-metrics:io-time-ns-avg:{client-id=producer-1}                             : 21489,732
producer-metrics:io-wait-ratio:{client-id=producer-1}                              : 0,975
producer-metrics:io-wait-time-ns-avg:{client-id=producer-1}                        : 2247864,847
producer-metrics:io-waittime-total:{client-id=producer-1}                          : 534036438137,000
producer-metrics:iotime-total:{client-id=producer-1}                               : 5419545208,000
producer-metrics:metadata-age:{client-id=producer-1}                               : 8,185
producer-metrics:network-io-rate:{client-id=producer-1}                            : 289,283
producer-metrics:network-io-total:{client-id=producer-1}                           : 160014,000
producer-metrics:outgoing-byte-rate:{client-id=producer-1}                         : 2913609,538
producer-metrics:outgoing-byte-total:{client-id=producer-1}                        : 1611749115,000
producer-metrics:produce-throttle-time-avg:{client-id=producer-1}                  : 0,000
producer-metrics:produce-throttle-time-max:{client-id=producer-1}                  : 0,000
producer-metrics:reauthentication-latency-avg:{client-id=producer-1}               : NaN
producer-metrics:reauthentication-latency-max:{client-id=producer-1}               : NaN
producer-metrics:record-error-rate:{client-id=producer-1}                          : 0,000
producer-metrics:record-error-total:{client-id=producer-1}                         : 0,000
producer-metrics:record-queue-time-avg:{client-id=producer-1}                      : 0,030
producer-metrics:record-queue-time-max:{client-id=producer-1}                      : 4,000
producer-metrics:record-retry-rate:{client-id=producer-1}                          : 0,000
producer-metrics:record-retry-total:{client-id=producer-1}                         : 0,000
producer-metrics:record-send-rate:{client-id=producer-1}                           : 144,603
producer-metrics:record-send-total:{client-id=producer-1}                          : 80000,000
producer-metrics:record-size-avg:{client-id=producer-1}                            : 20092,000
producer-metrics:record-size-max:{client-id=producer-1}                            : 20092,000
producer-metrics:records-per-request-avg:{client-id=producer-1}                    : 1,000
producer-metrics:request-latency-avg:{client-id=producer-1}                        : 6,835
producer-metrics:request-latency-max:{client-id=producer-1}                        : 179,000
producer-metrics:request-rate:{client-id=producer-1}                               : 144,629
producer-metrics:request-size-avg:{client-id=producer-1}                           : 20143,356
producer-metrics:request-size-max:{client-id=producer-1}                           : 20147,000
producer-metrics:request-total:{client-id=producer-1}                              : 80007,000
producer-metrics:requests-in-flight:{client-id=producer-1}                         : 0,000
producer-metrics:response-rate:{client-id=producer-1}                              : 144,655
producer-metrics:response-total:{client-id=producer-1}                             : 80007,000
producer-metrics:select-rate:{client-id=producer-1}                                : 433,848
producer-metrics:select-total:{client-id=producer-1}                               : 239975,000
producer-metrics:successful-authentication-no-reauth-total:{client-id=producer-1}  : 0,000
producer-metrics:successful-authentication-rate:{client-id=producer-1}             : 0,000
producer-metrics:successful-authentication-total:{client-id=producer-1}            : 0,000
producer-metrics:successful-reauthentication-rate:{client-id=producer-1}           : 0,000
producer-metrics:successful-reauthentication-total:{client-id=producer-1}          : 0,000
producer-metrics:waiting-threads:{client-id=producer-1}                            : 0,000
producer-node-metrics:incoming-byte-rate:{client-id=producer-1, node-id=node--3}   : 0,000
producer-node-metrics:incoming-byte-rate:{client-id=producer-1, node-id=node-1}    : 3021,932
producer-node-metrics:incoming-byte-rate:{client-id=producer-1, node-id=node-3}    : 2970,669
producer-node-metrics:incoming-byte-rate:{client-id=producer-1, node-id=node-6}    : 2988,684
producer-node-metrics:incoming-byte-total:{client-id=producer-1, node-id=node--3}  : 579,000
producer-node-metrics:incoming-byte-total:{client-id=producer-1, node-id=node-1}   : 1659947,000
producer-node-metrics:incoming-byte-total:{client-id=producer-1, node-id=node-3}   : 1646431,000
producer-node-metrics:incoming-byte-total:{client-id=producer-1, node-id=node-6}   : 1655074,000
producer-node-metrics:outgoing-byte-rate:{client-id=producer-1, node-id=node--3}   : 0,000
producer-node-metrics:outgoing-byte-rate:{client-id=producer-1, node-id=node-1}    : 979406,156
producer-node-metrics:outgoing-byte-rate:{client-id=producer-1, node-id=node-3}    : 963991,656
producer-node-metrics:outgoing-byte-rate:{client-id=producer-1, node-id=node-6}    : 971049,099
producer-node-metrics:outgoing-byte-total:{client-id=producer-1, node-id=node--3}  : 67,000
producer-node-metrics:outgoing-byte-total:{client-id=producer-1, node-id=node-1}   : 539210556,000
producer-node-metrics:outgoing-byte-total:{client-id=producer-1, node-id=node-3}   : 534818732,000
producer-node-metrics:outgoing-byte-total:{client-id=producer-1, node-id=node-6}   : 537719760,000
producer-node-metrics:request-latency-avg:{client-id=producer-1, node-id=node--3}  : NaN
producer-node-metrics:request-latency-avg:{client-id=producer-1, node-id=node-1}   : 7,024
producer-node-metrics:request-latency-avg:{client-id=producer-1, node-id=node-3}   : 6,752
producer-node-metrics:request-latency-avg:{client-id=producer-1, node-id=node-6}   : 6,730
producer-node-metrics:request-latency-max:{client-id=producer-1, node-id=node--3}  : NaN
producer-node-metrics:request-latency-max:{client-id=producer-1, node-id=node-1}   : 93,000
producer-node-metrics:request-latency-max:{client-id=producer-1, node-id=node-3}   : 179,000
producer-node-metrics:request-latency-max:{client-id=producer-1, node-id=node-6}   : 119,000
producer-node-metrics:request-rate:{client-id=producer-1, node-id=node--3}         : 0,000
producer-node-metrics:request-rate:{client-id=producer-1, node-id=node-1}          : 48,637
producer-node-metrics:request-rate:{client-id=producer-1, node-id=node-3}          : 47,845
producer-node-metrics:request-rate:{client-id=producer-1, node-id=node-6}          : 48,196
producer-node-metrics:request-size-avg:{client-id=producer-1, node-id=node--3}     : NaN
producer-node-metrics:request-size-avg:{client-id=producer-1, node-id=node-1}      : 20136,080
producer-node-metrics:request-size-avg:{client-id=producer-1, node-id=node-3}      : 20147,000
producer-node-metrics:request-size-avg:{client-id=producer-1, node-id=node-6}      : 20147,000
producer-node-metrics:request-size-max:{client-id=producer-1, node-id=node--3}     : NaN
producer-node-metrics:request-size-max:{client-id=producer-1, node-id=node-1}      : 20147,000
producer-node-metrics:request-size-max:{client-id=producer-1, node-id=node-3}      : 20147,000
producer-node-metrics:request-size-max:{client-id=producer-1, node-id=node-6}      : 20147,000
producer-node-metrics:request-total:{client-id=producer-1, node-id=node--3}        : 2,000
producer-node-metrics:request-total:{client-id=producer-1, node-id=node-1}         : 26766,000
producer-node-metrics:request-total:{client-id=producer-1, node-id=node-3}         : 26548,000
producer-node-metrics:request-total:{client-id=producer-1, node-id=node-6}         : 26691,000
producer-node-metrics:response-rate:{client-id=producer-1, node-id=node--3}        : 0,000
producer-node-metrics:response-rate:{client-id=producer-1, node-id=node-1}         : 48,647
producer-node-metrics:response-rate:{client-id=producer-1, node-id=node-3}         : 47,915
producer-node-metrics:response-rate:{client-id=producer-1, node-id=node-6}         : 48,206
producer-node-metrics:response-total:{client-id=producer-1, node-id=node--3}       : 2,000
producer-node-metrics:response-total:{client-id=producer-1, node-id=node-1}        : 26766,000
producer-node-metrics:response-total:{client-id=producer-1, node-id=node-3}        : 26548,000
producer-node-metrics:response-total:{client-id=producer-1, node-id=node-6}        : 26691,000
producer-topic-metrics:byte-rate:{client-id=producer-1, topic=test-topic}          : 2903188,223
producer-topic-metrics:byte-total:{client-id=producer-1, topic=test-topic}         : 1606148890,000
producer-topic-metrics:compression-rate:{client-id=producer-1, topic=test-topic}   : 1,000
producer-topic-metrics:record-error-rate:{client-id=producer-1, topic=test-topic}  : 0,000
producer-topic-metrics:record-error-total:{client-id=producer-1, topic=test-topic} : 0,000
producer-topic-metrics:record-retry-rate:{client-id=producer-1, topic=test-topic}  : 0,000
producer-topic-metrics:record-retry-total:{client-id=producer-1, topic=test-topic} : 0,000
producer-topic-metrics:record-send-rate:{client-id=producer-1, topic=test-topic}   : 144,603
producer-topic-metrics:record-send-total:{client-id=producer-1, topic=test-topic}  : 80000,000
Produce Time: 548.364
Aplication time: 549.14
