Topic to send: test-topic
Topic to acks: -1
Records: 80000
Size:30000
455 records sent, 90,9 records/sec (2,60 MB/sec), 10,9 ms avg latency, 289,0 ms max latency.
508 records sent, 101,5 records/sec (2,90 MB/sec), 9,8 ms avg latency, 27,0 ms max latency.
516 records sent, 103,1 records/sec (2,95 MB/sec), 9,7 ms avg latency, 11,0 ms max latency.
519 records sent, 103,6 records/sec (2,96 MB/sec), 9,6 ms avg latency, 11,0 ms max latency.
519 records sent, 103,8 records/sec (2,97 MB/sec), 9,6 ms avg latency, 20,0 ms max latency.
517 records sent, 103,3 records/sec (2,95 MB/sec), 9,7 ms avg latency, 45,0 ms max latency.
514 records sent, 102,7 records/sec (2,94 MB/sec), 9,7 ms avg latency, 52,0 ms max latency.
520 records sent, 103,9 records/sec (2,97 MB/sec), 9,6 ms avg latency, 44,0 ms max latency.
525 records sent, 104,9 records/sec (3,00 MB/sec), 9,5 ms avg latency, 10,0 ms max latency.
522 records sent, 104,3 records/sec (2,98 MB/sec), 9,6 ms avg latency, 29,0 ms max latency.
527 records sent, 105,3 records/sec (3,01 MB/sec), 9,5 ms avg latency, 16,0 ms max latency.
526 records sent, 105,1 records/sec (3,01 MB/sec), 9,5 ms avg latency, 35,0 ms max latency.
523 records sent, 104,5 records/sec (2,99 MB/sec), 9,6 ms avg latency, 28,0 ms max latency.
526 records sent, 105,1 records/sec (3,01 MB/sec), 9,5 ms avg latency, 32,0 ms max latency.
525 records sent, 104,9 records/sec (3,00 MB/sec), 9,5 ms avg latency, 32,0 ms max latency.
523 records sent, 104,5 records/sec (2,99 MB/sec), 9,5 ms avg latency, 38,0 ms max latency.
524 records sent, 104,7 records/sec (2,99 MB/sec), 9,5 ms avg latency, 39,0 ms max latency.
527 records sent, 105,4 records/sec (3,01 MB/sec), 9,5 ms avg latency, 31,0 ms max latency.
527 records sent, 105,3 records/sec (3,01 MB/sec), 9,5 ms avg latency, 31,0 ms max latency.
520 records sent, 103,9 records/sec (2,97 MB/sec), 9,6 ms avg latency, 52,0 ms max latency.
528 records sent, 105,6 records/sec (3,02 MB/sec), 9,5 ms avg latency, 37,0 ms max latency.
530 records sent, 105,9 records/sec (3,03 MB/sec), 9,4 ms avg latency, 29,0 ms max latency.
531 records sent, 106,2 records/sec (3,04 MB/sec), 9,4 ms avg latency, 18,0 ms max latency.
531 records sent, 106,1 records/sec (3,04 MB/sec), 9,4 ms avg latency, 10,0 ms max latency.
530 records sent, 105,9 records/sec (3,03 MB/sec), 9,4 ms avg latency, 18,0 ms max latency.
524 records sent, 104,7 records/sec (3,00 MB/sec), 9,5 ms avg latency, 38,0 ms max latency.
528 records sent, 105,5 records/sec (3,02 MB/sec), 9,5 ms avg latency, 37,0 ms max latency.
526 records sent, 105,2 records/sec (3,01 MB/sec), 9,5 ms avg latency, 32,0 ms max latency.
527 records sent, 105,4 records/sec (3,01 MB/sec), 9,5 ms avg latency, 38,0 ms max latency.
528 records sent, 105,5 records/sec (3,02 MB/sec), 9,5 ms avg latency, 28,0 ms max latency.
525 records sent, 104,9 records/sec (3,00 MB/sec), 9,5 ms avg latency, 53,0 ms max latency.
524 records sent, 104,6 records/sec (2,99 MB/sec), 9,5 ms avg latency, 59,0 ms max latency.
522 records sent, 104,3 records/sec (2,99 MB/sec), 9,6 ms avg latency, 53,0 ms max latency.
525 records sent, 105,0 records/sec (3,00 MB/sec), 9,5 ms avg latency, 43,0 ms max latency.
529 records sent, 105,8 records/sec (3,03 MB/sec), 9,4 ms avg latency, 19,0 ms max latency.
531 records sent, 106,1 records/sec (3,04 MB/sec), 9,4 ms avg latency, 10,0 ms max latency.
531 records sent, 106,1 records/sec (3,03 MB/sec), 9,4 ms avg latency, 14,0 ms max latency.
522 records sent, 104,3 records/sec (2,99 MB/sec), 9,6 ms avg latency, 90,0 ms max latency.
522 records sent, 104,4 records/sec (2,99 MB/sec), 9,6 ms avg latency, 53,0 ms max latency.
530 records sent, 106,0 records/sec (3,03 MB/sec), 9,4 ms avg latency, 15,0 ms max latency.
529 records sent, 105,8 records/sec (3,03 MB/sec), 9,4 ms avg latency, 10,0 ms max latency.
531 records sent, 106,1 records/sec (3,04 MB/sec), 9,4 ms avg latency, 10,0 ms max latency.
529 records sent, 105,7 records/sec (3,03 MB/sec), 9,4 ms avg latency, 32,0 ms max latency.
529 records sent, 105,7 records/sec (3,02 MB/sec), 9,4 ms avg latency, 31,0 ms max latency.
516 records sent, 103,1 records/sec (2,95 MB/sec), 9,7 ms avg latency, 70,0 ms max latency.
528 records sent, 105,5 records/sec (3,02 MB/sec), 9,5 ms avg latency, 31,0 ms max latency.
529 records sent, 105,6 records/sec (3,02 MB/sec), 9,4 ms avg latency, 29,0 ms max latency.
530 records sent, 106,0 records/sec (3,03 MB/sec), 9,4 ms avg latency, 10,0 ms max latency.
531 records sent, 106,0 records/sec (3,03 MB/sec), 9,4 ms avg latency, 11,0 ms max latency.
518 records sent, 103,6 records/sec (2,96 MB/sec), 9,6 ms avg latency, 91,0 ms max latency.
526 records sent, 105,2 records/sec (3,01 MB/sec), 9,5 ms avg latency, 39,0 ms max latency.
521 records sent, 104,1 records/sec (2,98 MB/sec), 9,6 ms avg latency, 44,0 ms max latency.
530 records sent, 105,8 records/sec (3,03 MB/sec), 9,4 ms avg latency, 11,0 ms max latency.
530 records sent, 105,9 records/sec (3,03 MB/sec), 9,4 ms avg latency, 14,0 ms max latency.
534 records sent, 106,7 records/sec (3,05 MB/sec), 9,4 ms avg latency, 12,0 ms max latency.
514 records sent, 102,8 records/sec (2,94 MB/sec), 9,7 ms avg latency, 150,0 ms max latency.
530 records sent, 105,9 records/sec (3,03 MB/sec), 9,4 ms avg latency, 27,0 ms max latency.
523 records sent, 104,6 records/sec (2,99 MB/sec), 9,5 ms avg latency, 55,0 ms max latency.
532 records sent, 106,3 records/sec (3,04 MB/sec), 9,4 ms avg latency, 11,0 ms max latency.
527 records sent, 105,3 records/sec (3,01 MB/sec), 9,5 ms avg latency, 32,0 ms max latency.
529 records sent, 105,7 records/sec (3,02 MB/sec), 9,4 ms avg latency, 20,0 ms max latency.
519 records sent, 103,7 records/sec (2,97 MB/sec), 9,6 ms avg latency, 99,0 ms max latency.
528 records sent, 105,5 records/sec (3,02 MB/sec), 9,5 ms avg latency, 32,0 ms max latency.
525 records sent, 104,8 records/sec (3,00 MB/sec), 9,5 ms avg latency, 30,0 ms max latency.
529 records sent, 105,6 records/sec (3,02 MB/sec), 9,4 ms avg latency, 28,0 ms max latency.
528 records sent, 105,5 records/sec (3,02 MB/sec), 9,5 ms avg latency, 31,0 ms max latency.
527 records sent, 105,3 records/sec (3,01 MB/sec), 9,5 ms avg latency, 34,0 ms max latency.
525 records sent, 104,9 records/sec (3,00 MB/sec), 9,5 ms avg latency, 42,0 ms max latency.
528 records sent, 105,5 records/sec (3,02 MB/sec), 9,5 ms avg latency, 31,0 ms max latency.
526 records sent, 105,1 records/sec (3,01 MB/sec), 9,5 ms avg latency, 39,0 ms max latency.
528 records sent, 105,6 records/sec (3,02 MB/sec), 9,5 ms avg latency, 10,0 ms max latency.
528 records sent, 105,4 records/sec (3,02 MB/sec), 9,5 ms avg latency, 28,0 ms max latency.
527 records sent, 105,4 records/sec (3,01 MB/sec), 9,5 ms avg latency, 25,0 ms max latency.
529 records sent, 105,7 records/sec (3,03 MB/sec), 9,4 ms avg latency, 17,0 ms max latency.
530 records sent, 105,8 records/sec (3,03 MB/sec), 9,4 ms avg latency, 10,0 ms max latency.
527 records sent, 105,2 records/sec (3,01 MB/sec), 9,5 ms avg latency, 28,0 ms max latency.
529 records sent, 105,7 records/sec (3,02 MB/sec), 9,4 ms avg latency, 10,0 ms max latency.
529 records sent, 105,8 records/sec (3,03 MB/sec), 9,4 ms avg latency, 10,0 ms max latency.
529 records sent, 105,7 records/sec (3,02 MB/sec), 9,4 ms avg latency, 29,0 ms max latency.
525 records sent, 105,0 records/sec (3,00 MB/sec), 9,5 ms avg latency, 41,0 ms max latency.
507 records sent, 101,3 records/sec (2,90 MB/sec), 9,9 ms avg latency, 216,0 ms max latency.
529 records sent, 105,6 records/sec (3,02 MB/sec), 9,4 ms avg latency, 10,0 ms max latency.
529 records sent, 105,7 records/sec (3,02 MB/sec), 9,4 ms avg latency, 32,0 ms max latency.
530 records sent, 106,0 records/sec (3,03 MB/sec), 9,4 ms avg latency, 10,0 ms max latency.
523 records sent, 104,5 records/sec (2,99 MB/sec), 9,6 ms avg latency, 35,0 ms max latency.
526 records sent, 105,2 records/sec (3,01 MB/sec), 9,5 ms avg latency, 33,0 ms max latency.
455 records sent, 91,0 records/sec (2,60 MB/sec), 11,0 ms avg latency, 723,0 ms max latency.
527 records sent, 105,4 records/sec (3,01 MB/sec), 9,5 ms avg latency, 39,0 ms max latency.
527 records sent, 105,3 records/sec (3,01 MB/sec), 9,5 ms avg latency, 33,0 ms max latency.
530 records sent, 106,0 records/sec (3,03 MB/sec), 9,4 ms avg latency, 13,0 ms max latency.
530 records sent, 105,9 records/sec (3,03 MB/sec), 9,4 ms avg latency, 14,0 ms max latency.
526 records sent, 105,2 records/sec (3,01 MB/sec), 9,5 ms avg latency, 32,0 ms max latency.
526 records sent, 105,1 records/sec (3,01 MB/sec), 9,5 ms avg latency, 30,0 ms max latency.
527 records sent, 105,2 records/sec (3,01 MB/sec), 9,5 ms avg latency, 41,0 ms max latency.
527 records sent, 105,4 records/sec (3,02 MB/sec), 9,5 ms avg latency, 29,0 ms max latency.
526 records sent, 105,0 records/sec (3,00 MB/sec), 9,5 ms avg latency, 38,0 ms max latency.
526 records sent, 105,1 records/sec (3,01 MB/sec), 9,5 ms avg latency, 32,0 ms max latency.
532 records sent, 106,3 records/sec (3,04 MB/sec), 9,4 ms avg latency, 10,0 ms max latency.
501 records sent, 100,0 records/sec (2,86 MB/sec), 10,0 ms avg latency, 260,0 ms max latency.
527 records sent, 105,3 records/sec (3,01 MB/sec), 9,5 ms avg latency, 38,0 ms max latency.
520 records sent, 104,0 records/sec (2,98 MB/sec), 9,6 ms avg latency, 67,0 ms max latency.
527 records sent, 105,4 records/sec (3,01 MB/sec), 9,5 ms avg latency, 32,0 ms max latency.
518 records sent, 103,5 records/sec (2,96 MB/sec), 9,6 ms avg latency, 109,0 ms max latency.
528 records sent, 105,5 records/sec (3,02 MB/sec), 9,5 ms avg latency, 23,0 ms max latency.
528 records sent, 105,5 records/sec (3,02 MB/sec), 9,5 ms avg latency, 12,0 ms max latency.
526 records sent, 105,1 records/sec (3,01 MB/sec), 9,5 ms avg latency, 32,0 ms max latency.
526 records sent, 105,2 records/sec (3,01 MB/sec), 9,5 ms avg latency, 35,0 ms max latency.
523 records sent, 104,4 records/sec (2,99 MB/sec), 9,6 ms avg latency, 28,0 ms max latency.
525 records sent, 105,0 records/sec (3,00 MB/sec), 9,5 ms avg latency, 36,0 ms max latency.
520 records sent, 104,0 records/sec (2,98 MB/sec), 9,6 ms avg latency, 82,0 ms max latency.
528 records sent, 105,6 records/sec (3,02 MB/sec), 9,4 ms avg latency, 11,0 ms max latency.
523 records sent, 104,5 records/sec (2,99 MB/sec), 9,6 ms avg latency, 38,0 ms max latency.
467 records sent, 93,3 records/sec (2,67 MB/sec), 10,7 ms avg latency, 307,0 ms max latency.
513 records sent, 102,6 records/sec (2,93 MB/sec), 9,7 ms avg latency, 124,0 ms max latency.
531 records sent, 106,1 records/sec (3,03 MB/sec), 9,4 ms avg latency, 11,0 ms max latency.
524 records sent, 104,7 records/sec (2,99 MB/sec), 9,5 ms avg latency, 31,0 ms max latency.
529 records sent, 105,7 records/sec (3,02 MB/sec), 9,4 ms avg latency, 11,0 ms max latency.
529 records sent, 105,6 records/sec (3,02 MB/sec), 9,5 ms avg latency, 19,0 ms max latency.
527 records sent, 105,4 records/sec (3,01 MB/sec), 9,5 ms avg latency, 33,0 ms max latency.
523 records sent, 104,5 records/sec (2,99 MB/sec), 9,5 ms avg latency, 48,0 ms max latency.
521 records sent, 104,2 records/sec (2,98 MB/sec), 9,6 ms avg latency, 99,0 ms max latency.
530 records sent, 106,0 records/sec (3,03 MB/sec), 9,4 ms avg latency, 10,0 ms max latency.
523 records sent, 104,5 records/sec (2,99 MB/sec), 9,6 ms avg latency, 76,0 ms max latency.
524 records sent, 104,7 records/sec (3,00 MB/sec), 9,5 ms avg latency, 41,0 ms max latency.
532 records sent, 106,3 records/sec (3,04 MB/sec), 9,4 ms avg latency, 10,0 ms max latency.
531 records sent, 106,1 records/sec (3,04 MB/sec), 9,4 ms avg latency, 11,0 ms max latency.
531 records sent, 106,2 records/sec (3,04 MB/sec), 9,4 ms avg latency, 10,0 ms max latency.
527 records sent, 105,2 records/sec (3,01 MB/sec), 9,5 ms avg latency, 30,0 ms max latency.
521 records sent, 104,2 records/sec (2,98 MB/sec), 9,6 ms avg latency, 54,0 ms max latency.
520 records sent, 103,9 records/sec (2,97 MB/sec), 9,6 ms avg latency, 75,0 ms max latency.
523 records sent, 104,4 records/sec (2,99 MB/sec), 9,6 ms avg latency, 47,0 ms max latency.
528 records sent, 105,5 records/sec (3,02 MB/sec), 9,5 ms avg latency, 30,0 ms max latency.
527 records sent, 105,3 records/sec (3,01 MB/sec), 9,5 ms avg latency, 35,0 ms max latency.
527 records sent, 105,3 records/sec (3,01 MB/sec), 9,5 ms avg latency, 35,0 ms max latency.
527 records sent, 105,4 records/sec (3,02 MB/sec), 9,5 ms avg latency, 30,0 ms max latency.
521 records sent, 104,1 records/sec (2,98 MB/sec), 9,6 ms avg latency, 46,0 ms max latency.
528 records sent, 105,5 records/sec (3,02 MB/sec), 9,5 ms avg latency, 35,0 ms max latency.
528 records sent, 105,5 records/sec (3,02 MB/sec), 9,5 ms avg latency, 11,0 ms max latency.
528 records sent, 105,5 records/sec (3,02 MB/sec), 9,5 ms avg latency, 31,0 ms max latency.
523 records sent, 104,6 records/sec (2,99 MB/sec), 9,5 ms avg latency, 37,0 ms max latency.
524 records sent, 104,7 records/sec (3,00 MB/sec), 9,5 ms avg latency, 45,0 ms max latency.
529 records sent, 105,7 records/sec (3,02 MB/sec), 9,4 ms avg latency, 34,0 ms max latency.
523 records sent, 104,5 records/sec (2,99 MB/sec), 9,6 ms avg latency, 52,0 ms max latency.
529 records sent, 105,8 records/sec (3,03 MB/sec), 9,4 ms avg latency, 32,0 ms max latency.
530 records sent, 105,9 records/sec (3,03 MB/sec), 9,4 ms avg latency, 37,0 ms max latency.
532 records sent, 106,3 records/sec (3,04 MB/sec), 9,4 ms avg latency, 10,0 ms max latency.
533 records sent, 106,5 records/sec (3,05 MB/sec), 9,4 ms avg latency, 10,0 ms max latency.
525 records sent, 104,9 records/sec (3,00 MB/sec), 9,5 ms avg latency, 52,0 ms max latency.
521 records sent, 104,2 records/sec (2,98 MB/sec), 9,6 ms avg latency, 86,0 ms max latency.
530 records sent, 106,0 records/sec (3,03 MB/sec), 9,4 ms avg latency, 20,0 ms max latency.
527 records sent, 105,3 records/sec (3,01 MB/sec), 9,5 ms avg latency, 31,0 ms max latency.
532 records sent, 106,3 records/sec (3,04 MB/sec), 9,4 ms avg latency, 26,0 ms max latency.
80000 records sent, 104,778283 records/sec (3,00 MB/sec), 9,52 ms avg latency, 723,00 ms max latency, 9 ms 50th, 10 ms 95th, 10 ms 99th, 34 ms 99.9th.

Metric Name                                                                          Value
app-info:commit-id:{client-id=producer-1}                                          : d4284cbebb6f0a4c
app-info:start-time-ms:{client-id=producer-1}                                      : 1590109671643
app-info:version:{client-id=producer-1}                                            : 2.3.1
kafka-metrics-count:count:{client-id=producer-1}                                   : 126,000
producer-metrics:batch-size-avg:{client-id=producer-1}                             : 30077,000
producer-metrics:batch-size-max:{client-id=producer-1}                             : 30077,000
producer-metrics:batch-split-rate:{client-id=producer-1}                           : 0,000
producer-metrics:batch-split-total:{client-id=producer-1}                          : 0,000
producer-metrics:buffer-available-bytes:{client-id=producer-1}                     : 33554432,000
producer-metrics:buffer-exhausted-rate:{client-id=producer-1}                      : 0,000
producer-metrics:buffer-exhausted-total:{client-id=producer-1}                     : 0,000
producer-metrics:buffer-total-bytes:{client-id=producer-1}                         : 33554432,000
producer-metrics:bufferpool-wait-ratio:{client-id=producer-1}                      : 0,000
producer-metrics:bufferpool-wait-time-total:{client-id=producer-1}                 : 0,000
producer-metrics:compression-rate-avg:{client-id=producer-1}                       : 1,000
producer-metrics:connection-close-rate:{client-id=producer-1}                      : 0,000
producer-metrics:connection-close-total:{client-id=producer-1}                     : 1,000
producer-metrics:connection-count:{client-id=producer-1}                           : 3,000
producer-metrics:connection-creation-rate:{client-id=producer-1}                   : 0,000
producer-metrics:connection-creation-total:{client-id=producer-1}                  : 4,000
producer-metrics:failed-authentication-rate:{client-id=producer-1}                 : 0,000
producer-metrics:failed-authentication-total:{client-id=producer-1}                : 0,000
producer-metrics:failed-reauthentication-rate:{client-id=producer-1}               : 0,000
producer-metrics:failed-reauthentication-total:{client-id=producer-1}              : 0,000
producer-metrics:incoming-byte-rate:{client-id=producer-1}                         : 6546,771
producer-metrics:incoming-byte-total:{client-id=producer-1}                        : 4962031,000
producer-metrics:io-ratio:{client-id=producer-1}                                   : 0,008
producer-metrics:io-time-ns-avg:{client-id=producer-1}                             : 25338,994
producer-metrics:io-wait-ratio:{client-id=producer-1}                              : 0,978
producer-metrics:io-wait-time-ns-avg:{client-id=producer-1}                        : 3087740,918
producer-metrics:io-waittime-total:{client-id=producer-1}                          : 746043764138,000
producer-metrics:iotime-total:{client-id=producer-1}                               : 6432547290,000
producer-metrics:metadata-age:{client-id=producer-1}                               : 223,330
producer-metrics:network-io-rate:{client-id=producer-1}                            : 211,160
producer-metrics:network-io-total:{client-id=producer-1}                           : 160014,000
producer-metrics:outgoing-byte-rate:{client-id=producer-1}                         : 3182842,259
producer-metrics:outgoing-byte-total:{client-id=producer-1}                        : 2411749115,000
producer-metrics:produce-throttle-time-avg:{client-id=producer-1}                  : 0,000
producer-metrics:produce-throttle-time-max:{client-id=producer-1}                  : 0,000
producer-metrics:reauthentication-latency-avg:{client-id=producer-1}               : NaN
producer-metrics:reauthentication-latency-max:{client-id=producer-1}               : NaN
producer-metrics:record-error-rate:{client-id=producer-1}                          : 0,000
producer-metrics:record-error-total:{client-id=producer-1}                         : 0,000
producer-metrics:record-queue-time-avg:{client-id=producer-1}                      : 0,028
producer-metrics:record-queue-time-max:{client-id=producer-1}                      : 1,000
producer-metrics:record-retry-rate:{client-id=producer-1}                          : 0,000
producer-metrics:record-retry-total:{client-id=producer-1}                         : 0,000
producer-metrics:record-send-rate:{client-id=producer-1}                           : 105,569
producer-metrics:record-send-total:{client-id=producer-1}                          : 80000,000
producer-metrics:record-size-avg:{client-id=producer-1}                            : 30092,000
producer-metrics:record-size-max:{client-id=producer-1}                            : 30092,000
producer-metrics:records-per-request-avg:{client-id=producer-1}                    : 1,000
producer-metrics:request-latency-avg:{client-id=producer-1}                        : 9,388
producer-metrics:request-latency-max:{client-id=producer-1}                        : 86,000
producer-metrics:request-rate:{client-id=producer-1}                               : 105,570
producer-metrics:request-size-avg:{client-id=producer-1}                           : 30147,000
producer-metrics:request-size-max:{client-id=producer-1}                           : 30147,000
producer-metrics:request-total:{client-id=producer-1}                              : 80007,000
producer-metrics:requests-in-flight:{client-id=producer-1}                         : 0,000
producer-metrics:response-rate:{client-id=producer-1}                              : 105,591
producer-metrics:response-total:{client-id=producer-1}                             : 80007,000
producer-metrics:select-rate:{client-id=producer-1}                                : 316,773
producer-metrics:select-total:{client-id=producer-1}                               : 239990,000
producer-metrics:successful-authentication-no-reauth-total:{client-id=producer-1}  : 0,000
producer-metrics:successful-authentication-rate:{client-id=producer-1}             : 0,000
producer-metrics:successful-authentication-total:{client-id=producer-1}            : 0,000
producer-metrics:successful-reauthentication-rate:{client-id=producer-1}           : 0,000
producer-metrics:successful-reauthentication-total:{client-id=producer-1}          : 0,000
producer-metrics:waiting-threads:{client-id=producer-1}                            : 0,000
producer-node-metrics:incoming-byte-rate:{client-id=producer-1, node-id=node--2}   : 0,000
producer-node-metrics:incoming-byte-rate:{client-id=producer-1, node-id=node-1}    : 2201,012
producer-node-metrics:incoming-byte-rate:{client-id=producer-1, node-id=node-3}    : 2174,524
producer-node-metrics:incoming-byte-rate:{client-id=producer-1, node-id=node-6}    : 2182,095
producer-node-metrics:incoming-byte-total:{client-id=producer-1, node-id=node--2}  : 579,000
producer-node-metrics:incoming-byte-total:{client-id=producer-1, node-id=node-1}   : 1659947,000
producer-node-metrics:incoming-byte-total:{client-id=producer-1, node-id=node-3}   : 1646431,000
producer-node-metrics:incoming-byte-total:{client-id=producer-1, node-id=node-6}   : 1655074,000
producer-node-metrics:outgoing-byte-rate:{client-id=producer-1, node-id=node--2}   : 0,000
producer-node-metrics:outgoing-byte-rate:{client-id=producer-1, node-id=node-1}    : 1069998,642
producer-node-metrics:outgoing-byte-rate:{client-id=producer-1, node-id=node-3}    : 1057172,068
producer-node-metrics:outgoing-byte-rate:{client-id=producer-1, node-id=node-6}    : 1060827,246
producer-node-metrics:outgoing-byte-total:{client-id=producer-1, node-id=node--2}  : 67,000
producer-node-metrics:outgoing-byte-total:{client-id=producer-1, node-id=node-1}   : 806850556,000
producer-node-metrics:outgoing-byte-total:{client-id=producer-1, node-id=node-3}   : 800278732,000
producer-node-metrics:outgoing-byte-total:{client-id=producer-1, node-id=node-6}   : 804619760,000
producer-node-metrics:request-latency-avg:{client-id=producer-1, node-id=node--2}  : NaN
producer-node-metrics:request-latency-avg:{client-id=producer-1, node-id=node-1}   : 9,662
producer-node-metrics:request-latency-avg:{client-id=producer-1, node-id=node-3}   : 9,164
producer-node-metrics:request-latency-avg:{client-id=producer-1, node-id=node-6}   : 9,321
producer-node-metrics:request-latency-max:{client-id=producer-1, node-id=node--2}  : NaN
producer-node-metrics:request-latency-max:{client-id=producer-1, node-id=node-1}   : 52,000
producer-node-metrics:request-latency-max:{client-id=producer-1, node-id=node-3}   : 10,000
producer-node-metrics:request-latency-max:{client-id=producer-1, node-id=node-6}   : 86,000
producer-node-metrics:request-rate:{client-id=producer-1, node-id=node--2}         : 0,000
producer-node-metrics:request-rate:{client-id=producer-1, node-id=node-1}          : 35,491
producer-node-metrics:request-rate:{client-id=producer-1, node-id=node-3}          : 35,066
producer-node-metrics:request-rate:{client-id=producer-1, node-id=node-6}          : 35,188
producer-node-metrics:request-size-avg:{client-id=producer-1, node-id=node--2}     : NaN
producer-node-metrics:request-size-avg:{client-id=producer-1, node-id=node-1}      : 30147,000
producer-node-metrics:request-size-avg:{client-id=producer-1, node-id=node-3}      : 30147,000
producer-node-metrics:request-size-avg:{client-id=producer-1, node-id=node-6}      : 30147,000
producer-node-metrics:request-size-max:{client-id=producer-1, node-id=node--2}     : NaN
producer-node-metrics:request-size-max:{client-id=producer-1, node-id=node-1}      : 30147,000
producer-node-metrics:request-size-max:{client-id=producer-1, node-id=node-3}      : 30147,000
producer-node-metrics:request-size-max:{client-id=producer-1, node-id=node-6}      : 30147,000
producer-node-metrics:request-total:{client-id=producer-1, node-id=node--2}        : 2,000
producer-node-metrics:request-total:{client-id=producer-1, node-id=node-1}         : 26766,000
producer-node-metrics:request-total:{client-id=producer-1, node-id=node-3}         : 26548,000
producer-node-metrics:request-total:{client-id=producer-1, node-id=node-6}         : 26691,000
producer-node-metrics:response-rate:{client-id=producer-1, node-id=node--2}        : 0,000
producer-node-metrics:response-rate:{client-id=producer-1, node-id=node-1}         : 35,500
producer-node-metrics:response-rate:{client-id=producer-1, node-id=node-3}         : 35,073
producer-node-metrics:response-rate:{client-id=producer-1, node-id=node-6}         : 35,195
producer-node-metrics:response-total:{client-id=producer-1, node-id=node--2}       : 2,000
producer-node-metrics:response-total:{client-id=producer-1, node-id=node-1}        : 26766,000
producer-node-metrics:response-total:{client-id=producer-1, node-id=node-3}        : 26548,000
producer-node-metrics:response-total:{client-id=producer-1, node-id=node-6}        : 26691,000
producer-topic-metrics:byte-rate:{client-id=producer-1, topic=test-topic}          : 3175204,768
producer-topic-metrics:byte-total:{client-id=producer-1, topic=test-topic}         : 2406148890,000
producer-topic-metrics:compression-rate:{client-id=producer-1, topic=test-topic}   : 1,000
producer-topic-metrics:record-error-rate:{client-id=producer-1, topic=test-topic}  : 0,000
producer-topic-metrics:record-error-total:{client-id=producer-1, topic=test-topic} : 0,000
producer-topic-metrics:record-retry-rate:{client-id=producer-1, topic=test-topic}  : 0,000
producer-topic-metrics:record-retry-total:{client-id=producer-1, topic=test-topic} : 0,000
producer-topic-metrics:record-send-rate:{client-id=producer-1, topic=test-topic}   : 105,569
producer-topic-metrics:record-send-total:{client-id=producer-1, topic=test-topic}  : 80000,000
Produce Time: 763.516
Aplication time: 764.482
