Topic to send: test-topic
Topic to acks: -1
Records: 80000
Size:20000
627 records sent, 125,3 records/sec (2,39 MB/sec), 7,9 ms avg latency, 271,0 ms max latency.
703 records sent, 140,5 records/sec (2,68 MB/sec), 7,1 ms avg latency, 16,0 ms max latency.
710 records sent, 141,9 records/sec (2,71 MB/sec), 7,0 ms avg latency, 17,0 ms max latency.
721 records sent, 144,1 records/sec (2,75 MB/sec), 6,9 ms avg latency, 8,0 ms max latency.
727 records sent, 145,3 records/sec (2,77 MB/sec), 6,9 ms avg latency, 8,0 ms max latency.
730 records sent, 146,0 records/sec (2,78 MB/sec), 6,8 ms avg latency, 21,0 ms max latency.
731 records sent, 146,1 records/sec (2,79 MB/sec), 6,8 ms avg latency, 18,0 ms max latency.
703 records sent, 140,5 records/sec (2,68 MB/sec), 7,1 ms avg latency, 174,0 ms max latency.
734 records sent, 146,6 records/sec (2,80 MB/sec), 6,8 ms avg latency, 19,0 ms max latency.
742 records sent, 148,4 records/sec (2,83 MB/sec), 6,7 ms avg latency, 14,0 ms max latency.
746 records sent, 149,1 records/sec (2,84 MB/sec), 6,7 ms avg latency, 8,0 ms max latency.
743 records sent, 148,5 records/sec (2,83 MB/sec), 6,7 ms avg latency, 17,0 ms max latency.
706 records sent, 141,1 records/sec (2,69 MB/sec), 7,1 ms avg latency, 135,0 ms max latency.
707 records sent, 141,3 records/sec (2,70 MB/sec), 7,1 ms avg latency, 177,0 ms max latency.
740 records sent, 147,9 records/sec (2,82 MB/sec), 6,8 ms avg latency, 16,0 ms max latency.
741 records sent, 148,1 records/sec (2,82 MB/sec), 6,7 ms avg latency, 8,0 ms max latency.
744 records sent, 148,6 records/sec (2,83 MB/sec), 6,7 ms avg latency, 8,0 ms max latency.
742 records sent, 148,3 records/sec (2,83 MB/sec), 6,7 ms avg latency, 8,0 ms max latency.
716 records sent, 143,2 records/sec (2,73 MB/sec), 7,0 ms avg latency, 101,0 ms max latency.
738 records sent, 147,5 records/sec (2,81 MB/sec), 6,8 ms avg latency, 44,0 ms max latency.
739 records sent, 147,6 records/sec (2,82 MB/sec), 6,8 ms avg latency, 49,0 ms max latency.
746 records sent, 149,1 records/sec (2,84 MB/sec), 6,7 ms avg latency, 15,0 ms max latency.
748 records sent, 149,5 records/sec (2,85 MB/sec), 6,7 ms avg latency, 8,0 ms max latency.
743 records sent, 148,6 records/sec (2,83 MB/sec), 6,7 ms avg latency, 23,0 ms max latency.
723 records sent, 144,6 records/sec (2,76 MB/sec), 6,9 ms avg latency, 107,0 ms max latency.
741 records sent, 148,2 records/sec (2,83 MB/sec), 6,7 ms avg latency, 10,0 ms max latency.
735 records sent, 146,8 records/sec (2,80 MB/sec), 6,8 ms avg latency, 63,0 ms max latency.
742 records sent, 148,3 records/sec (2,83 MB/sec), 6,7 ms avg latency, 18,0 ms max latency.
745 records sent, 148,9 records/sec (2,84 MB/sec), 6,7 ms avg latency, 14,0 ms max latency.
746 records sent, 149,0 records/sec (2,84 MB/sec), 6,7 ms avg latency, 26,0 ms max latency.
722 records sent, 144,3 records/sec (2,75 MB/sec), 6,9 ms avg latency, 111,0 ms max latency.
745 records sent, 148,9 records/sec (2,84 MB/sec), 6,7 ms avg latency, 8,0 ms max latency.
735 records sent, 146,9 records/sec (2,80 MB/sec), 6,8 ms avg latency, 44,0 ms max latency.
741 records sent, 148,2 records/sec (2,83 MB/sec), 6,7 ms avg latency, 17,0 ms max latency.
745 records sent, 148,9 records/sec (2,84 MB/sec), 6,7 ms avg latency, 8,0 ms max latency.
740 records sent, 147,9 records/sec (2,82 MB/sec), 6,7 ms avg latency, 25,0 ms max latency.
740 records sent, 148,0 records/sec (2,82 MB/sec), 6,7 ms avg latency, 12,0 ms max latency.
742 records sent, 148,3 records/sec (2,83 MB/sec), 6,7 ms avg latency, 8,0 ms max latency.
735 records sent, 146,9 records/sec (2,80 MB/sec), 6,8 ms avg latency, 64,0 ms max latency.
694 records sent, 138,7 records/sec (2,65 MB/sec), 7,2 ms avg latency, 274,0 ms max latency.
735 records sent, 146,9 records/sec (2,80 MB/sec), 6,8 ms avg latency, 20,0 ms max latency.
734 records sent, 146,7 records/sec (2,80 MB/sec), 6,8 ms avg latency, 25,0 ms max latency.
737 records sent, 147,2 records/sec (2,81 MB/sec), 6,8 ms avg latency, 13,0 ms max latency.
737 records sent, 147,3 records/sec (2,81 MB/sec), 6,8 ms avg latency, 54,0 ms max latency.
743 records sent, 148,5 records/sec (2,83 MB/sec), 6,7 ms avg latency, 13,0 ms max latency.
737 records sent, 147,4 records/sec (2,81 MB/sec), 6,8 ms avg latency, 27,0 ms max latency.
730 records sent, 145,9 records/sec (2,78 MB/sec), 6,8 ms avg latency, 67,0 ms max latency.
718 records sent, 143,4 records/sec (2,74 MB/sec), 7,0 ms avg latency, 68,0 ms max latency.
741 records sent, 148,0 records/sec (2,82 MB/sec), 6,7 ms avg latency, 8,0 ms max latency.
738 records sent, 147,5 records/sec (2,81 MB/sec), 6,8 ms avg latency, 33,0 ms max latency.
744 records sent, 148,7 records/sec (2,84 MB/sec), 6,7 ms avg latency, 8,0 ms max latency.
742 records sent, 148,3 records/sec (2,83 MB/sec), 6,7 ms avg latency, 8,0 ms max latency.
733 records sent, 146,5 records/sec (2,79 MB/sec), 6,8 ms avg latency, 35,0 ms max latency.
731 records sent, 146,2 records/sec (2,79 MB/sec), 6,8 ms avg latency, 27,0 ms max latency.
739 records sent, 147,7 records/sec (2,82 MB/sec), 6,8 ms avg latency, 12,0 ms max latency.
744 records sent, 148,8 records/sec (2,84 MB/sec), 6,7 ms avg latency, 12,0 ms max latency.
742 records sent, 148,3 records/sec (2,83 MB/sec), 6,7 ms avg latency, 15,0 ms max latency.
726 records sent, 145,1 records/sec (2,77 MB/sec), 6,9 ms avg latency, 78,0 ms max latency.
739 records sent, 147,8 records/sec (2,82 MB/sec), 6,8 ms avg latency, 30,0 ms max latency.
742 records sent, 148,2 records/sec (2,83 MB/sec), 6,7 ms avg latency, 28,0 ms max latency.
740 records sent, 147,9 records/sec (2,82 MB/sec), 6,7 ms avg latency, 8,0 ms max latency.
739 records sent, 147,7 records/sec (2,82 MB/sec), 6,8 ms avg latency, 17,0 ms max latency.
741 records sent, 148,0 records/sec (2,82 MB/sec), 6,7 ms avg latency, 30,0 ms max latency.
731 records sent, 146,0 records/sec (2,79 MB/sec), 6,8 ms avg latency, 58,0 ms max latency.
737 records sent, 147,3 records/sec (2,81 MB/sec), 6,8 ms avg latency, 24,0 ms max latency.
737 records sent, 147,4 records/sec (2,81 MB/sec), 6,8 ms avg latency, 58,0 ms max latency.
735 records sent, 147,0 records/sec (2,80 MB/sec), 6,8 ms avg latency, 23,0 ms max latency.
732 records sent, 146,2 records/sec (2,79 MB/sec), 6,8 ms avg latency, 21,0 ms max latency.
712 records sent, 142,3 records/sec (2,71 MB/sec), 7,0 ms avg latency, 129,0 ms max latency.
739 records sent, 147,8 records/sec (2,82 MB/sec), 6,8 ms avg latency, 27,0 ms max latency.
732 records sent, 146,3 records/sec (2,79 MB/sec), 6,8 ms avg latency, 70,0 ms max latency.
729 records sent, 145,7 records/sec (2,78 MB/sec), 6,9 ms avg latency, 83,0 ms max latency.
737 records sent, 147,4 records/sec (2,81 MB/sec), 6,8 ms avg latency, 18,0 ms max latency.
742 records sent, 148,4 records/sec (2,83 MB/sec), 6,7 ms avg latency, 8,0 ms max latency.
739 records sent, 147,7 records/sec (2,82 MB/sec), 6,8 ms avg latency, 24,0 ms max latency.
725 records sent, 144,8 records/sec (2,76 MB/sec), 6,9 ms avg latency, 72,0 ms max latency.
729 records sent, 145,8 records/sec (2,78 MB/sec), 6,8 ms avg latency, 58,0 ms max latency.
741 records sent, 148,1 records/sec (2,82 MB/sec), 6,7 ms avg latency, 8,0 ms max latency.
742 records sent, 148,3 records/sec (2,83 MB/sec), 6,7 ms avg latency, 8,0 ms max latency.
722 records sent, 144,3 records/sec (2,75 MB/sec), 6,9 ms avg latency, 93,0 ms max latency.
739 records sent, 147,8 records/sec (2,82 MB/sec), 6,8 ms avg latency, 22,0 ms max latency.
745 records sent, 148,9 records/sec (2,84 MB/sec), 6,7 ms avg latency, 9,0 ms max latency.
741 records sent, 148,1 records/sec (2,82 MB/sec), 6,7 ms avg latency, 15,0 ms max latency.
738 records sent, 147,5 records/sec (2,81 MB/sec), 6,8 ms avg latency, 38,0 ms max latency.
741 records sent, 148,1 records/sec (2,82 MB/sec), 6,7 ms avg latency, 11,0 ms max latency.
722 records sent, 144,3 records/sec (2,75 MB/sec), 6,9 ms avg latency, 91,0 ms max latency.
734 records sent, 146,7 records/sec (2,80 MB/sec), 6,8 ms avg latency, 34,0 ms max latency.
739 records sent, 147,8 records/sec (2,82 MB/sec), 6,8 ms avg latency, 24,0 ms max latency.
742 records sent, 148,4 records/sec (2,83 MB/sec), 6,7 ms avg latency, 8,0 ms max latency.
729 records sent, 145,7 records/sec (2,78 MB/sec), 6,9 ms avg latency, 88,0 ms max latency.
732 records sent, 146,4 records/sec (2,79 MB/sec), 6,8 ms avg latency, 73,0 ms max latency.
728 records sent, 145,5 records/sec (2,77 MB/sec), 6,9 ms avg latency, 104,0 ms max latency.
743 records sent, 148,5 records/sec (2,83 MB/sec), 6,7 ms avg latency, 24,0 ms max latency.
747 records sent, 149,3 records/sec (2,85 MB/sec), 6,7 ms avg latency, 13,0 ms max latency.
743 records sent, 148,4 records/sec (2,83 MB/sec), 6,7 ms avg latency, 8,0 ms max latency.
733 records sent, 146,5 records/sec (2,79 MB/sec), 6,8 ms avg latency, 56,0 ms max latency.
733 records sent, 146,6 records/sec (2,80 MB/sec), 6,8 ms avg latency, 36,0 ms max latency.
731 records sent, 143,9 records/sec (2,75 MB/sec), 6,9 ms avg latency, 145,0 ms max latency.
744 records sent, 148,7 records/sec (2,84 MB/sec), 6,7 ms avg latency, 8,0 ms max latency.
740 records sent, 147,8 records/sec (2,82 MB/sec), 6,8 ms avg latency, 8,0 ms max latency.
743 records sent, 148,5 records/sec (2,83 MB/sec), 6,7 ms avg latency, 8,0 ms max latency.
737 records sent, 147,0 records/sec (2,80 MB/sec), 6,8 ms avg latency, 28,0 ms max latency.
737 records sent, 147,2 records/sec (2,81 MB/sec), 6,8 ms avg latency, 35,0 ms max latency.
742 records sent, 148,4 records/sec (2,83 MB/sec), 6,7 ms avg latency, 14,0 ms max latency.
729 records sent, 145,7 records/sec (2,78 MB/sec), 6,8 ms avg latency, 96,0 ms max latency.
739 records sent, 147,7 records/sec (2,82 MB/sec), 6,8 ms avg latency, 21,0 ms max latency.
740 records sent, 148,0 records/sec (2,82 MB/sec), 6,7 ms avg latency, 8,0 ms max latency.
734 records sent, 146,7 records/sec (2,80 MB/sec), 6,8 ms avg latency, 28,0 ms max latency.
722 records sent, 144,3 records/sec (2,75 MB/sec), 6,9 ms avg latency, 81,0 ms max latency.
80000 records sent, 146,611980 records/sec (2,80 MB/sec), 6,80 ms avg latency, 274,00 ms max latency, 7 ms 50th, 7 ms 95th, 8 ms 99th, 23 ms 99.9th.

Metric Name                                                                          Value
app-info:commit-id:{client-id=producer-1}                                          : d4284cbebb6f0a4c
app-info:start-time-ms:{client-id=producer-1}                                      : 1591909463719
app-info:version:{client-id=producer-1}                                            : 2.3.1
kafka-metrics-count:count:{client-id=producer-1}                                   : 126,000
producer-metrics:batch-size-avg:{client-id=producer-1}                             : 20077,000
producer-metrics:batch-size-max:{client-id=producer-1}                             : 20077,000
producer-metrics:batch-split-rate:{client-id=producer-1}                           : 0,000
producer-metrics:batch-split-total:{client-id=producer-1}                          : 0,000
producer-metrics:buffer-available-bytes:{client-id=producer-1}                     : 33554432,000
producer-metrics:buffer-exhausted-rate:{client-id=producer-1}                      : 0,000
producer-metrics:buffer-exhausted-total:{client-id=producer-1}                     : 0,000
producer-metrics:buffer-total-bytes:{client-id=producer-1}                         : 33554432,000
producer-metrics:bufferpool-wait-ratio:{client-id=producer-1}                      : 0,000
producer-metrics:bufferpool-wait-time-total:{client-id=producer-1}                 : 0,000
producer-metrics:compression-rate-avg:{client-id=producer-1}                       : 1,000
producer-metrics:connection-close-rate:{client-id=producer-1}                      : 0,028
producer-metrics:connection-close-total:{client-id=producer-1}                     : 1,000
producer-metrics:connection-count:{client-id=producer-1}                           : 3,000
producer-metrics:connection-creation-rate:{client-id=producer-1}                   : 0,000
producer-metrics:connection-creation-total:{client-id=producer-1}                  : 4,000
producer-metrics:failed-authentication-rate:{client-id=producer-1}                 : 0,000
producer-metrics:failed-authentication-total:{client-id=producer-1}                : 0,000
producer-metrics:failed-reauthentication-rate:{client-id=producer-1}               : 0,000
producer-metrics:failed-reauthentication-total:{client-id=producer-1}              : 0,000
producer-metrics:incoming-byte-rate:{client-id=producer-1}                         : 9100,132
producer-metrics:incoming-byte-total:{client-id=producer-1}                        : 4962031,000
producer-metrics:io-ratio:{client-id=producer-1}                                   : 0,010
producer-metrics:io-time-ns-avg:{client-id=producer-1}                             : 21665,965
producer-metrics:io-wait-ratio:{client-id=producer-1}                              : 0,974
producer-metrics:io-wait-time-ns-avg:{client-id=producer-1}                        : 2214991,962
producer-metrics:io-waittime-total:{client-id=producer-1}                          : 531427518252,000
producer-metrics:iotime-total:{client-id=producer-1}                               : 5388469264,000
producer-metrics:metadata-age:{client-id=producer-1}                               : 5,481
producer-metrics:network-io-rate:{client-id=producer-1}                            : 293,313
producer-metrics:network-io-total:{client-id=producer-1}                           : 160014,000
producer-metrics:outgoing-byte-rate:{client-id=producer-1}                         : 2954190,085
producer-metrics:outgoing-byte-total:{client-id=producer-1}                        : 1611749115,000
producer-metrics:produce-throttle-time-avg:{client-id=producer-1}                  : 0,000
producer-metrics:produce-throttle-time-max:{client-id=producer-1}                  : 0,000
producer-metrics:reauthentication-latency-avg:{client-id=producer-1}               : NaN
producer-metrics:reauthentication-latency-max:{client-id=producer-1}               : NaN
producer-metrics:record-error-rate:{client-id=producer-1}                          : 0,000
producer-metrics:record-error-total:{client-id=producer-1}                         : 0,000
producer-metrics:record-queue-time-avg:{client-id=producer-1}                      : 0,027
producer-metrics:record-queue-time-max:{client-id=producer-1}                      : 1,000
producer-metrics:record-retry-rate:{client-id=producer-1}                          : 0,000
producer-metrics:record-retry-total:{client-id=producer-1}                         : 0,000
producer-metrics:record-send-rate:{client-id=producer-1}                           : 146,617
producer-metrics:record-send-total:{client-id=producer-1}                          : 80000,000
producer-metrics:record-size-avg:{client-id=producer-1}                            : 20092,000
producer-metrics:record-size-max:{client-id=producer-1}                            : 20092,000
producer-metrics:records-per-request-avg:{client-id=producer-1}                    : 1,000
producer-metrics:request-latency-avg:{client-id=producer-1}                        : 6,746
producer-metrics:request-latency-max:{client-id=producer-1}                        : 96,000
producer-metrics:request-rate:{client-id=producer-1}                               : 146,647
producer-metrics:request-size-avg:{client-id=producer-1}                           : 20143,135
producer-metrics:request-size-max:{client-id=producer-1}                           : 20147,000
producer-metrics:request-total:{client-id=producer-1}                              : 80007,000
producer-metrics:requests-in-flight:{client-id=producer-1}                         : 0,000
producer-metrics:response-rate:{client-id=producer-1}                              : 146,671
producer-metrics:response-total:{client-id=producer-1}                             : 80007,000
producer-metrics:select-rate:{client-id=producer-1}                                : 439,937
producer-metrics:select-total:{client-id=producer-1}                               : 239954,000
producer-metrics:successful-authentication-no-reauth-total:{client-id=producer-1}  : 0,000
producer-metrics:successful-authentication-rate:{client-id=producer-1}             : 0,000
producer-metrics:successful-authentication-total:{client-id=producer-1}            : 0,000
producer-metrics:successful-reauthentication-rate:{client-id=producer-1}           : 0,000
producer-metrics:successful-reauthentication-total:{client-id=producer-1}          : 0,000
producer-metrics:waiting-threads:{client-id=producer-1}                            : 0,000
producer-node-metrics:incoming-byte-rate:{client-id=producer-1, node-id=node--2}   : 0,000
producer-node-metrics:incoming-byte-rate:{client-id=producer-1, node-id=node-1}    : 3047,559
producer-node-metrics:incoming-byte-rate:{client-id=producer-1, node-id=node-3}    : 3037,393
producer-node-metrics:incoming-byte-rate:{client-id=producer-1, node-id=node-6}    : 3023,959
producer-node-metrics:incoming-byte-total:{client-id=producer-1, node-id=node--2}  : 579,000
producer-node-metrics:incoming-byte-total:{client-id=producer-1, node-id=node-1}   : 1655074,000
producer-node-metrics:incoming-byte-total:{client-id=producer-1, node-id=node-3}   : 1660232,000
producer-node-metrics:incoming-byte-total:{client-id=producer-1, node-id=node-6}   : 1646146,000
producer-node-metrics:outgoing-byte-rate:{client-id=producer-1, node-id=node--2}   : 0,000
producer-node-metrics:outgoing-byte-rate:{client-id=producer-1, node-id=node-1}    : 990140,148
producer-node-metrics:outgoing-byte-rate:{client-id=producer-1, node-id=node-3}    : 984197,057
producer-node-metrics:outgoing-byte-rate:{client-id=producer-1, node-id=node-6}    : 982500,541
producer-node-metrics:outgoing-byte-total:{client-id=producer-1, node-id=node--2}  : 67,000
producer-node-metrics:outgoing-byte-total:{client-id=producer-1, node-id=node-1}   : 537719760,000
producer-node-metrics:outgoing-byte-total:{client-id=producer-1, node-id=node-3}   : 539210599,000
producer-node-metrics:outgoing-byte-total:{client-id=producer-1, node-id=node-6}   : 534818689,000
producer-node-metrics:request-latency-avg:{client-id=producer-1, node-id=node--2}  : NaN
producer-node-metrics:request-latency-avg:{client-id=producer-1, node-id=node-1}   : 7,077
producer-node-metrics:request-latency-avg:{client-id=producer-1, node-id=node-3}   : 6,601
producer-node-metrics:request-latency-avg:{client-id=producer-1, node-id=node-6}   : 6,549
producer-node-metrics:request-latency-max:{client-id=producer-1, node-id=node--2}  : NaN
producer-node-metrics:request-latency-max:{client-id=producer-1, node-id=node-1}   : 81,000
producer-node-metrics:request-latency-max:{client-id=producer-1, node-id=node-3}   : 28,000
producer-node-metrics:request-latency-max:{client-id=producer-1, node-id=node-6}   : 96,000
producer-node-metrics:request-rate:{client-id=producer-1, node-id=node--2}         : 0,000
producer-node-metrics:request-rate:{client-id=producer-1, node-id=node-1}          : 49,144
producer-node-metrics:request-rate:{client-id=producer-1, node-id=node-3}          : 48,878
producer-node-metrics:request-rate:{client-id=producer-1, node-id=node-6}          : 48,765
producer-node-metrics:request-size-avg:{client-id=producer-1, node-id=node--2}     : NaN
producer-node-metrics:request-size-avg:{client-id=producer-1, node-id=node-1}      : 20147,000
producer-node-metrics:request-size-avg:{client-id=producer-1, node-id=node-3}      : 20135,271
producer-node-metrics:request-size-avg:{client-id=producer-1, node-id=node-6}      : 20147,000
producer-node-metrics:request-size-max:{client-id=producer-1, node-id=node--2}     : NaN
producer-node-metrics:request-size-max:{client-id=producer-1, node-id=node-1}      : 20147,000
producer-node-metrics:request-size-max:{client-id=producer-1, node-id=node-3}      : 20147,000
producer-node-metrics:request-size-max:{client-id=producer-1, node-id=node-6}      : 20147,000
producer-node-metrics:request-total:{client-id=producer-1, node-id=node--2}        : 2,000
producer-node-metrics:request-total:{client-id=producer-1, node-id=node-1}         : 26691,000
producer-node-metrics:request-total:{client-id=producer-1, node-id=node-3}         : 26767,000
producer-node-metrics:request-total:{client-id=producer-1, node-id=node-6}         : 26547,000
producer-node-metrics:response-rate:{client-id=producer-1, node-id=node--2}        : 0,000
producer-node-metrics:response-rate:{client-id=producer-1, node-id=node-1}         : 49,154
producer-node-metrics:response-rate:{client-id=producer-1, node-id=node-3}         : 48,888
producer-node-metrics:response-rate:{client-id=producer-1, node-id=node-6}         : 48,774
producer-node-metrics:response-total:{client-id=producer-1, node-id=node--2}       : 2,000
producer-node-metrics:response-total:{client-id=producer-1, node-id=node-1}        : 26691,000
producer-node-metrics:response-total:{client-id=producer-1, node-id=node-3}        : 26767,000
producer-node-metrics:response-total:{client-id=producer-1, node-id=node-6}        : 26547,000
producer-topic-metrics:byte-rate:{client-id=producer-1, topic=test-topic}          : 2943620,301
producer-topic-metrics:byte-total:{client-id=producer-1, topic=test-topic}         : 1606148890,000
producer-topic-metrics:compression-rate:{client-id=producer-1, topic=test-topic}   : 1,000
producer-topic-metrics:record-error-rate:{client-id=producer-1, topic=test-topic}  : 0,000
producer-topic-metrics:record-error-total:{client-id=producer-1, topic=test-topic} : 0,000
producer-topic-metrics:record-retry-rate:{client-id=producer-1, topic=test-topic}  : 0,000
producer-topic-metrics:record-retry-total:{client-id=producer-1, topic=test-topic} : 0,000
producer-topic-metrics:record-send-rate:{client-id=producer-1, topic=test-topic}   : 146,617
producer-topic-metrics:record-send-total:{client-id=producer-1, topic=test-topic}  : 80000,000
Produce Time: 545.656
Aplication time: 546.46
