Topic to send: test-topic
Topic to acks: -1
Records: 80000
Size:30000
457 records sent, 91,4 records/sec (2,61 MB/sec), 10,9 ms avg latency, 310,0 ms max latency.
504 records sent, 100,7 records/sec (2,88 MB/sec), 9,9 ms avg latency, 35,0 ms max latency.
513 records sent, 102,6 records/sec (2,93 MB/sec), 9,7 ms avg latency, 34,0 ms max latency.
514 records sent, 102,8 records/sec (2,94 MB/sec), 9,7 ms avg latency, 38,0 ms max latency.
513 records sent, 102,4 records/sec (2,93 MB/sec), 9,7 ms avg latency, 53,0 ms max latency.
519 records sent, 103,7 records/sec (2,97 MB/sec), 9,6 ms avg latency, 32,0 ms max latency.
525 records sent, 104,8 records/sec (3,00 MB/sec), 9,5 ms avg latency, 15,0 ms max latency.
519 records sent, 103,8 records/sec (2,97 MB/sec), 9,6 ms avg latency, 44,0 ms max latency.
524 records sent, 104,7 records/sec (2,99 MB/sec), 9,5 ms avg latency, 21,0 ms max latency.
514 records sent, 102,7 records/sec (2,94 MB/sec), 9,7 ms avg latency, 84,0 ms max latency.
511 records sent, 102,1 records/sec (2,92 MB/sec), 9,8 ms avg latency, 78,0 ms max latency.
528 records sent, 105,6 records/sec (3,02 MB/sec), 9,5 ms avg latency, 10,0 ms max latency.
511 records sent, 102,0 records/sec (2,92 MB/sec), 9,8 ms avg latency, 158,0 ms max latency.
495 records sent, 99,0 records/sec (2,83 MB/sec), 10,1 ms avg latency, 286,0 ms max latency.
529 records sent, 105,7 records/sec (3,02 MB/sec), 9,4 ms avg latency, 22,0 ms max latency.
522 records sent, 104,4 records/sec (2,99 MB/sec), 9,6 ms avg latency, 40,0 ms max latency.
528 records sent, 105,5 records/sec (3,02 MB/sec), 9,5 ms avg latency, 21,0 ms max latency.
518 records sent, 103,5 records/sec (2,96 MB/sec), 9,7 ms avg latency, 52,0 ms max latency.
478 records sent, 95,4 records/sec (2,73 MB/sec), 10,5 ms avg latency, 512,0 ms max latency.
528 records sent, 105,6 records/sec (3,02 MB/sec), 9,5 ms avg latency, 31,0 ms max latency.
525 records sent, 104,9 records/sec (3,00 MB/sec), 9,5 ms avg latency, 36,0 ms max latency.
527 records sent, 105,3 records/sec (3,01 MB/sec), 9,5 ms avg latency, 31,0 ms max latency.
526 records sent, 105,2 records/sec (3,01 MB/sec), 9,5 ms avg latency, 31,0 ms max latency.
526 records sent, 105,2 records/sec (3,01 MB/sec), 9,5 ms avg latency, 32,0 ms max latency.
509 records sent, 97,9 records/sec (2,80 MB/sec), 10,2 ms avg latency, 333,0 ms max latency.
526 records sent, 105,1 records/sec (3,01 MB/sec), 9,5 ms avg latency, 29,0 ms max latency.
522 records sent, 104,2 records/sec (2,98 MB/sec), 9,6 ms avg latency, 36,0 ms max latency.
523 records sent, 104,5 records/sec (2,99 MB/sec), 9,6 ms avg latency, 40,0 ms max latency.
529 records sent, 105,7 records/sec (3,03 MB/sec), 9,4 ms avg latency, 19,0 ms max latency.
529 records sent, 105,7 records/sec (3,03 MB/sec), 9,4 ms avg latency, 24,0 ms max latency.
523 records sent, 104,6 records/sec (2,99 MB/sec), 9,5 ms avg latency, 36,0 ms max latency.
530 records sent, 105,9 records/sec (3,03 MB/sec), 9,4 ms avg latency, 14,0 ms max latency.
528 records sent, 105,5 records/sec (3,02 MB/sec), 9,5 ms avg latency, 31,0 ms max latency.
525 records sent, 105,0 records/sec (3,00 MB/sec), 9,5 ms avg latency, 45,0 ms max latency.
520 records sent, 103,9 records/sec (2,97 MB/sec), 9,6 ms avg latency, 91,0 ms max latency.
529 records sent, 105,7 records/sec (3,02 MB/sec), 9,4 ms avg latency, 28,0 ms max latency.
517 records sent, 103,2 records/sec (2,95 MB/sec), 9,7 ms avg latency, 80,0 ms max latency.
504 records sent, 100,6 records/sec (2,88 MB/sec), 9,9 ms avg latency, 264,0 ms max latency.
526 records sent, 105,2 records/sec (3,01 MB/sec), 9,5 ms avg latency, 34,0 ms max latency.
528 records sent, 105,6 records/sec (3,02 MB/sec), 9,5 ms avg latency, 30,0 ms max latency.
528 records sent, 105,5 records/sec (3,02 MB/sec), 9,5 ms avg latency, 28,0 ms max latency.
526 records sent, 105,1 records/sec (3,01 MB/sec), 9,5 ms avg latency, 44,0 ms max latency.
529 records sent, 105,6 records/sec (3,02 MB/sec), 9,5 ms avg latency, 13,0 ms max latency.
508 records sent, 101,5 records/sec (2,90 MB/sec), 9,8 ms avg latency, 196,0 ms max latency.
521 records sent, 104,1 records/sec (2,98 MB/sec), 9,6 ms avg latency, 52,0 ms max latency.
528 records sent, 105,6 records/sec (3,02 MB/sec), 9,4 ms avg latency, 29,0 ms max latency.
531 records sent, 106,1 records/sec (3,04 MB/sec), 9,4 ms avg latency, 16,0 ms max latency.
530 records sent, 105,9 records/sec (3,03 MB/sec), 9,4 ms avg latency, 33,0 ms max latency.
531 records sent, 106,1 records/sec (3,03 MB/sec), 9,4 ms avg latency, 10,0 ms max latency.
522 records sent, 104,4 records/sec (2,99 MB/sec), 9,6 ms avg latency, 43,0 ms max latency.
527 records sent, 105,4 records/sec (3,02 MB/sec), 9,5 ms avg latency, 43,0 ms max latency.
523 records sent, 104,6 records/sec (2,99 MB/sec), 9,5 ms avg latency, 45,0 ms max latency.
528 records sent, 105,5 records/sec (3,02 MB/sec), 9,5 ms avg latency, 30,0 ms max latency.
525 records sent, 104,9 records/sec (3,00 MB/sec), 9,5 ms avg latency, 38,0 ms max latency.
528 records sent, 105,4 records/sec (3,02 MB/sec), 9,5 ms avg latency, 32,0 ms max latency.
526 records sent, 105,1 records/sec (3,01 MB/sec), 9,5 ms avg latency, 32,0 ms max latency.
527 records sent, 105,3 records/sec (3,01 MB/sec), 9,5 ms avg latency, 32,0 ms max latency.
526 records sent, 105,1 records/sec (3,01 MB/sec), 9,5 ms avg latency, 32,0 ms max latency.
526 records sent, 105,2 records/sec (3,01 MB/sec), 9,5 ms avg latency, 34,0 ms max latency.
529 records sent, 105,7 records/sec (3,02 MB/sec), 9,4 ms avg latency, 37,0 ms max latency.
531 records sent, 106,1 records/sec (3,03 MB/sec), 9,4 ms avg latency, 35,0 ms max latency.
512 records sent, 102,2 records/sec (2,93 MB/sec), 9,8 ms avg latency, 195,0 ms max latency.
525 records sent, 105,0 records/sec (3,00 MB/sec), 9,5 ms avg latency, 53,0 ms max latency.
524 records sent, 104,7 records/sec (3,00 MB/sec), 9,5 ms avg latency, 32,0 ms max latency.
530 records sent, 105,9 records/sec (3,03 MB/sec), 9,4 ms avg latency, 24,0 ms max latency.
528 records sent, 105,4 records/sec (3,02 MB/sec), 9,5 ms avg latency, 29,0 ms max latency.
531 records sent, 106,1 records/sec (3,04 MB/sec), 9,4 ms avg latency, 31,0 ms max latency.
526 records sent, 105,2 records/sec (3,01 MB/sec), 9,5 ms avg latency, 36,0 ms max latency.
514 records sent, 102,7 records/sec (2,94 MB/sec), 9,7 ms avg latency, 66,0 ms max latency.
528 records sent, 105,5 records/sec (3,02 MB/sec), 9,5 ms avg latency, 26,0 ms max latency.
528 records sent, 105,5 records/sec (3,02 MB/sec), 9,5 ms avg latency, 41,0 ms max latency.
515 records sent, 102,9 records/sec (2,94 MB/sec), 9,7 ms avg latency, 158,0 ms max latency.
530 records sent, 106,0 records/sec (3,03 MB/sec), 9,4 ms avg latency, 27,0 ms max latency.
528 records sent, 105,5 records/sec (3,02 MB/sec), 9,5 ms avg latency, 37,0 ms max latency.
528 records sent, 105,4 records/sec (3,02 MB/sec), 9,5 ms avg latency, 37,0 ms max latency.
525 records sent, 104,9 records/sec (3,00 MB/sec), 9,5 ms avg latency, 34,0 ms max latency.
532 records sent, 106,2 records/sec (3,04 MB/sec), 9,4 ms avg latency, 10,0 ms max latency.
528 records sent, 105,5 records/sec (3,02 MB/sec), 9,5 ms avg latency, 35,0 ms max latency.
531 records sent, 106,1 records/sec (3,04 MB/sec), 9,4 ms avg latency, 10,0 ms max latency.
532 records sent, 106,2 records/sec (3,04 MB/sec), 9,4 ms avg latency, 10,0 ms max latency.
528 records sent, 105,4 records/sec (3,02 MB/sec), 9,5 ms avg latency, 37,0 ms max latency.
517 records sent, 103,3 records/sec (2,96 MB/sec), 9,7 ms avg latency, 78,0 ms max latency.
521 records sent, 104,2 records/sec (2,98 MB/sec), 9,6 ms avg latency, 55,0 ms max latency.
530 records sent, 106,0 records/sec (3,03 MB/sec), 9,4 ms avg latency, 15,0 ms max latency.
528 records sent, 105,5 records/sec (3,02 MB/sec), 9,5 ms avg latency, 39,0 ms max latency.
530 records sent, 106,0 records/sec (3,03 MB/sec), 9,4 ms avg latency, 10,0 ms max latency.
514 records sent, 102,8 records/sec (2,94 MB/sec), 9,7 ms avg latency, 154,0 ms max latency.
517 records sent, 103,4 records/sec (2,96 MB/sec), 9,7 ms avg latency, 142,0 ms max latency.
527 records sent, 105,3 records/sec (3,01 MB/sec), 9,5 ms avg latency, 36,0 ms max latency.
528 records sent, 105,6 records/sec (3,02 MB/sec), 9,5 ms avg latency, 33,0 ms max latency.
527 records sent, 105,3 records/sec (3,01 MB/sec), 9,5 ms avg latency, 38,0 ms max latency.
530 records sent, 106,0 records/sec (3,03 MB/sec), 9,4 ms avg latency, 10,0 ms max latency.
507 records sent, 101,3 records/sec (2,90 MB/sec), 9,9 ms avg latency, 176,0 ms max latency.
528 records sent, 105,6 records/sec (3,02 MB/sec), 9,4 ms avg latency, 40,0 ms max latency.
518 records sent, 103,5 records/sec (2,96 MB/sec), 9,7 ms avg latency, 63,0 ms max latency.
529 records sent, 105,6 records/sec (3,02 MB/sec), 9,5 ms avg latency, 33,0 ms max latency.
526 records sent, 105,2 records/sec (3,01 MB/sec), 9,5 ms avg latency, 39,0 ms max latency.
525 records sent, 105,0 records/sec (3,00 MB/sec), 9,5 ms avg latency, 32,0 ms max latency.
529 records sent, 105,7 records/sec (3,02 MB/sec), 9,5 ms avg latency, 31,0 ms max latency.
528 records sent, 105,6 records/sec (3,02 MB/sec), 9,4 ms avg latency, 31,0 ms max latency.
526 records sent, 105,1 records/sec (3,01 MB/sec), 9,5 ms avg latency, 27,0 ms max latency.
525 records sent, 105,0 records/sec (3,00 MB/sec), 9,5 ms avg latency, 43,0 ms max latency.
527 records sent, 105,3 records/sec (3,01 MB/sec), 9,5 ms avg latency, 32,0 ms max latency.
529 records sent, 105,7 records/sec (3,02 MB/sec), 9,4 ms avg latency, 35,0 ms max latency.
529 records sent, 105,7 records/sec (3,02 MB/sec), 9,4 ms avg latency, 32,0 ms max latency.
526 records sent, 105,1 records/sec (3,01 MB/sec), 9,5 ms avg latency, 33,0 ms max latency.
513 records sent, 102,5 records/sec (2,93 MB/sec), 9,7 ms avg latency, 51,0 ms max latency.
529 records sent, 105,7 records/sec (3,02 MB/sec), 9,4 ms avg latency, 29,0 ms max latency.
522 records sent, 104,3 records/sec (2,98 MB/sec), 9,6 ms avg latency, 30,0 ms max latency.
525 records sent, 104,9 records/sec (3,00 MB/sec), 9,5 ms avg latency, 41,0 ms max latency.
523 records sent, 104,6 records/sec (2,99 MB/sec), 9,5 ms avg latency, 44,0 ms max latency.
531 records sent, 106,1 records/sec (3,04 MB/sec), 9,4 ms avg latency, 11,0 ms max latency.
523 records sent, 104,5 records/sec (2,99 MB/sec), 9,6 ms avg latency, 50,0 ms max latency.
517 records sent, 103,4 records/sec (2,96 MB/sec), 9,7 ms avg latency, 61,0 ms max latency.
526 records sent, 105,1 records/sec (3,01 MB/sec), 9,5 ms avg latency, 37,0 ms max latency.
524 records sent, 104,7 records/sec (3,00 MB/sec), 9,5 ms avg latency, 41,0 ms max latency.
528 records sent, 105,4 records/sec (3,02 MB/sec), 9,5 ms avg latency, 35,0 ms max latency.
526 records sent, 105,1 records/sec (3,01 MB/sec), 9,5 ms avg latency, 33,0 ms max latency.
527 records sent, 105,3 records/sec (3,01 MB/sec), 9,5 ms avg latency, 27,0 ms max latency.
523 records sent, 104,6 records/sec (2,99 MB/sec), 9,6 ms avg latency, 38,0 ms max latency.
530 records sent, 105,9 records/sec (3,03 MB/sec), 9,4 ms avg latency, 10,0 ms max latency.
529 records sent, 105,6 records/sec (3,02 MB/sec), 9,5 ms avg latency, 22,0 ms max latency.
528 records sent, 105,6 records/sec (3,02 MB/sec), 9,5 ms avg latency, 22,0 ms max latency.
527 records sent, 105,4 records/sec (3,01 MB/sec), 9,5 ms avg latency, 37,0 ms max latency.
521 records sent, 103,6 records/sec (2,96 MB/sec), 9,6 ms avg latency, 55,0 ms max latency.
520 records sent, 104,0 records/sec (2,98 MB/sec), 9,6 ms avg latency, 75,0 ms max latency.
529 records sent, 105,8 records/sec (3,03 MB/sec), 9,4 ms avg latency, 24,0 ms max latency.
532 records sent, 106,4 records/sec (3,04 MB/sec), 9,4 ms avg latency, 10,0 ms max latency.
528 records sent, 105,6 records/sec (3,02 MB/sec), 9,5 ms avg latency, 24,0 ms max latency.
530 records sent, 105,9 records/sec (3,03 MB/sec), 9,4 ms avg latency, 13,0 ms max latency.
530 records sent, 105,9 records/sec (3,03 MB/sec), 9,4 ms avg latency, 26,0 ms max latency.
529 records sent, 105,8 records/sec (3,03 MB/sec), 9,4 ms avg latency, 16,0 ms max latency.
528 records sent, 105,6 records/sec (3,02 MB/sec), 9,5 ms avg latency, 26,0 ms max latency.
522 records sent, 104,4 records/sec (2,99 MB/sec), 9,6 ms avg latency, 66,0 ms max latency.
527 records sent, 105,4 records/sec (3,01 MB/sec), 9,5 ms avg latency, 30,0 ms max latency.
529 records sent, 105,8 records/sec (3,03 MB/sec), 9,4 ms avg latency, 32,0 ms max latency.
528 records sent, 105,5 records/sec (3,02 MB/sec), 9,5 ms avg latency, 38,0 ms max latency.
526 records sent, 105,0 records/sec (3,00 MB/sec), 9,5 ms avg latency, 37,0 ms max latency.
505 records sent, 100,9 records/sec (2,89 MB/sec), 9,9 ms avg latency, 174,0 ms max latency.
526 records sent, 105,2 records/sec (3,01 MB/sec), 9,5 ms avg latency, 35,0 ms max latency.
528 records sent, 105,6 records/sec (3,02 MB/sec), 9,5 ms avg latency, 31,0 ms max latency.
527 records sent, 105,3 records/sec (3,01 MB/sec), 9,5 ms avg latency, 31,0 ms max latency.
530 records sent, 105,9 records/sec (3,03 MB/sec), 9,4 ms avg latency, 33,0 ms max latency.
524 records sent, 104,8 records/sec (3,00 MB/sec), 9,5 ms avg latency, 29,0 ms max latency.
522 records sent, 104,3 records/sec (2,99 MB/sec), 9,6 ms avg latency, 39,0 ms max latency.
525 records sent, 104,9 records/sec (3,00 MB/sec), 9,5 ms avg latency, 31,0 ms max latency.
531 records sent, 106,1 records/sec (3,04 MB/sec), 9,4 ms avg latency, 10,0 ms max latency.
526 records sent, 105,1 records/sec (3,01 MB/sec), 9,5 ms avg latency, 41,0 ms max latency.
528 records sent, 105,5 records/sec (3,02 MB/sec), 9,5 ms avg latency, 26,0 ms max latency.
525 records sent, 104,9 records/sec (3,00 MB/sec), 9,5 ms avg latency, 39,0 ms max latency.
532 records sent, 106,3 records/sec (3,04 MB/sec), 9,4 ms avg latency, 10,0 ms max latency.
517 records sent, 103,4 records/sec (2,96 MB/sec), 9,7 ms avg latency, 50,0 ms max latency.
80000 records sent, 104,600185 records/sec (2,99 MB/sec), 9,54 ms avg latency, 512,00 ms max latency, 9 ms 50th, 10 ms 95th, 10 ms 99th, 37 ms 99.9th.

Metric Name                                                                          Value
app-info:commit-id:{client-id=producer-1}                                          : d4284cbebb6f0a4c
app-info:start-time-ms:{client-id=producer-1}                                      : 1591920676800
app-info:version:{client-id=producer-1}                                            : 2.3.1
kafka-metrics-count:count:{client-id=producer-1}                                   : 126,000
producer-metrics:batch-size-avg:{client-id=producer-1}                             : 30077,000
producer-metrics:batch-size-max:{client-id=producer-1}                             : 30077,000
producer-metrics:batch-split-rate:{client-id=producer-1}                           : 0,000
producer-metrics:batch-split-total:{client-id=producer-1}                          : 0,000
producer-metrics:buffer-available-bytes:{client-id=producer-1}                     : 33554432,000
producer-metrics:buffer-exhausted-rate:{client-id=producer-1}                      : 0,000
producer-metrics:buffer-exhausted-total:{client-id=producer-1}                     : 0,000
producer-metrics:buffer-total-bytes:{client-id=producer-1}                         : 33554432,000
producer-metrics:bufferpool-wait-ratio:{client-id=producer-1}                      : 0,000
producer-metrics:bufferpool-wait-time-total:{client-id=producer-1}                 : 0,000
producer-metrics:compression-rate-avg:{client-id=producer-1}                       : 1,000
producer-metrics:connection-close-rate:{client-id=producer-1}                      : 0,000
producer-metrics:connection-close-total:{client-id=producer-1}                     : 1,000
producer-metrics:connection-count:{client-id=producer-1}                           : 3,000
producer-metrics:connection-creation-rate:{client-id=producer-1}                   : 0,000
producer-metrics:connection-creation-total:{client-id=producer-1}                  : 4,000
producer-metrics:failed-authentication-rate:{client-id=producer-1}                 : 0,000
producer-metrics:failed-authentication-total:{client-id=producer-1}                : 0,000
producer-metrics:failed-reauthentication-rate:{client-id=producer-1}               : 0,000
producer-metrics:failed-reauthentication-total:{client-id=producer-1}              : 0,000
producer-metrics:incoming-byte-rate:{client-id=producer-1}                         : 6509,617
producer-metrics:incoming-byte-total:{client-id=producer-1}                        : 4962031,000
producer-metrics:io-ratio:{client-id=producer-1}                                   : 0,008
producer-metrics:io-time-ns-avg:{client-id=producer-1}                             : 26108,747
producer-metrics:io-wait-ratio:{client-id=producer-1}                              : 0,979
producer-metrics:io-wait-time-ns-avg:{client-id=producer-1}                        : 3107392,205
producer-metrics:io-waittime-total:{client-id=producer-1}                          : 747679869603,000
producer-metrics:iotime-total:{client-id=producer-1}                               : 6460860844,000
producer-metrics:metadata-age:{client-id=producer-1}                               : 224,613
producer-metrics:network-io-rate:{client-id=producer-1}                            : 209,941
producer-metrics:network-io-total:{client-id=producer-1}                           : 160014,000
producer-metrics:outgoing-byte-rate:{client-id=producer-1}                         : 3164822,737
producer-metrics:outgoing-byte-total:{client-id=producer-1}                        : 2411749115,000
producer-metrics:produce-throttle-time-avg:{client-id=producer-1}                  : 0,000
producer-metrics:produce-throttle-time-max:{client-id=producer-1}                  : 0,000
producer-metrics:reauthentication-latency-avg:{client-id=producer-1}               : NaN
producer-metrics:reauthentication-latency-max:{client-id=producer-1}               : NaN
producer-metrics:record-error-rate:{client-id=producer-1}                          : 0,000
producer-metrics:record-error-total:{client-id=producer-1}                         : 0,000
producer-metrics:record-queue-time-avg:{client-id=producer-1}                      : 0,029
producer-metrics:record-queue-time-max:{client-id=producer-1}                      : 5,000
producer-metrics:record-retry-rate:{client-id=producer-1}                          : 0,000
producer-metrics:record-retry-total:{client-id=producer-1}                         : 0,000
producer-metrics:record-send-rate:{client-id=producer-1}                           : 104,970
producer-metrics:record-send-total:{client-id=producer-1}                          : 80000,000
producer-metrics:record-size-avg:{client-id=producer-1}                            : 30092,000
producer-metrics:record-size-max:{client-id=producer-1}                            : 30092,000
producer-metrics:records-per-request-avg:{client-id=producer-1}                    : 1,000
producer-metrics:request-latency-avg:{client-id=producer-1}                        : 9,438
producer-metrics:request-latency-max:{client-id=producer-1}                        : 50,000
producer-metrics:request-rate:{client-id=producer-1}                               : 104,973
producer-metrics:request-size-avg:{client-id=producer-1}                           : 30147,000
producer-metrics:request-size-max:{client-id=producer-1}                           : 30147,000
producer-metrics:request-total:{client-id=producer-1}                              : 80007,000
producer-metrics:requests-in-flight:{client-id=producer-1}                         : 0,000
producer-metrics:response-rate:{client-id=producer-1}                              : 104,991
producer-metrics:response-total:{client-id=producer-1}                             : 80007,000
producer-metrics:select-rate:{client-id=producer-1}                                : 314,943
producer-metrics:select-total:{client-id=producer-1}                               : 239927,000
producer-metrics:successful-authentication-no-reauth-total:{client-id=producer-1}  : 0,000
producer-metrics:successful-authentication-rate:{client-id=producer-1}             : 0,000
producer-metrics:successful-authentication-total:{client-id=producer-1}            : 0,000
producer-metrics:successful-reauthentication-rate:{client-id=producer-1}           : 0,000
producer-metrics:successful-reauthentication-total:{client-id=producer-1}          : 0,000
producer-metrics:waiting-threads:{client-id=producer-1}                            : 0,000
producer-node-metrics:incoming-byte-rate:{client-id=producer-1, node-id=node--2}   : 0,000
producer-node-metrics:incoming-byte-rate:{client-id=producer-1, node-id=node-1}    : 2172,312
producer-node-metrics:incoming-byte-rate:{client-id=producer-1, node-id=node-3}    : 2182,259
producer-node-metrics:incoming-byte-rate:{client-id=producer-1, node-id=node-6}    : 2160,313
producer-node-metrics:incoming-byte-total:{client-id=producer-1, node-id=node--2}  : 579,000
producer-node-metrics:incoming-byte-total:{client-id=producer-1, node-id=node-1}   : 1655074,000
producer-node-metrics:incoming-byte-total:{client-id=producer-1, node-id=node-3}   : 1659947,000
producer-node-metrics:incoming-byte-total:{client-id=producer-1, node-id=node-6}   : 1646431,000
producer-node-metrics:outgoing-byte-rate:{client-id=producer-1, node-id=node--2}   : 0,000
producer-node-metrics:outgoing-byte-rate:{client-id=producer-1, node-id=node-1}    : 1056076,630
producer-node-metrics:outgoing-byte-rate:{client-id=producer-1, node-id=node-3}    : 1059090,835
producer-node-metrics:outgoing-byte-rate:{client-id=producer-1, node-id=node-6}    : 1050244,766
producer-node-metrics:outgoing-byte-total:{client-id=producer-1, node-id=node--2}  : 67,000
producer-node-metrics:outgoing-byte-total:{client-id=producer-1, node-id=node-1}   : 804619760,000
producer-node-metrics:outgoing-byte-total:{client-id=producer-1, node-id=node-3}   : 806850556,000
producer-node-metrics:outgoing-byte-total:{client-id=producer-1, node-id=node-6}   : 800278732,000
producer-node-metrics:request-latency-avg:{client-id=producer-1, node-id=node--2}  : NaN
producer-node-metrics:request-latency-avg:{client-id=producer-1, node-id=node-1}   : 9,663
producer-node-metrics:request-latency-avg:{client-id=producer-1, node-id=node-3}   : 9,309
producer-node-metrics:request-latency-avg:{client-id=producer-1, node-id=node-6}   : 9,336
producer-node-metrics:request-latency-max:{client-id=producer-1, node-id=node--2}  : NaN
producer-node-metrics:request-latency-max:{client-id=producer-1, node-id=node-1}   : 38,000
producer-node-metrics:request-latency-max:{client-id=producer-1, node-id=node-3}   : 41,000
producer-node-metrics:request-latency-max:{client-id=producer-1, node-id=node-6}   : 50,000
producer-node-metrics:request-rate:{client-id=producer-1, node-id=node--2}         : 0,000
producer-node-metrics:request-rate:{client-id=producer-1, node-id=node-1}          : 35,029
producer-node-metrics:request-rate:{client-id=producer-1, node-id=node-3}          : 35,129
producer-node-metrics:request-rate:{client-id=producer-1, node-id=node-6}          : 34,837
producer-node-metrics:request-size-avg:{client-id=producer-1, node-id=node--2}     : NaN
producer-node-metrics:request-size-avg:{client-id=producer-1, node-id=node-1}      : 30147,000
producer-node-metrics:request-size-avg:{client-id=producer-1, node-id=node-3}      : 30147,000
producer-node-metrics:request-size-avg:{client-id=producer-1, node-id=node-6}      : 30147,000
producer-node-metrics:request-size-max:{client-id=producer-1, node-id=node--2}     : NaN
producer-node-metrics:request-size-max:{client-id=producer-1, node-id=node-1}      : 30147,000
producer-node-metrics:request-size-max:{client-id=producer-1, node-id=node-3}      : 30147,000
producer-node-metrics:request-size-max:{client-id=producer-1, node-id=node-6}      : 30147,000
producer-node-metrics:request-total:{client-id=producer-1, node-id=node--2}        : 2,000
producer-node-metrics:request-total:{client-id=producer-1, node-id=node-1}         : 26691,000
producer-node-metrics:request-total:{client-id=producer-1, node-id=node-3}         : 26766,000
producer-node-metrics:request-total:{client-id=producer-1, node-id=node-6}         : 26548,000
producer-node-metrics:response-rate:{client-id=producer-1, node-id=node--2}        : 0,000
producer-node-metrics:response-rate:{client-id=producer-1, node-id=node-1}         : 35,038
producer-node-metrics:response-rate:{client-id=producer-1, node-id=node-3}         : 35,198
producer-node-metrics:response-rate:{client-id=producer-1, node-id=node-6}         : 34,844
producer-node-metrics:response-total:{client-id=producer-1, node-id=node--2}       : 2,000
producer-node-metrics:response-total:{client-id=producer-1, node-id=node-1}        : 26691,000
producer-node-metrics:response-total:{client-id=producer-1, node-id=node-3}        : 26766,000
producer-node-metrics:response-total:{client-id=producer-1, node-id=node-6}        : 26548,000
producer-topic-metrics:byte-rate:{client-id=producer-1, topic=test-topic}          : 3157168,163
producer-topic-metrics:byte-total:{client-id=producer-1, topic=test-topic}         : 2406148890,000
producer-topic-metrics:compression-rate:{client-id=producer-1, topic=test-topic}   : 1,000
producer-topic-metrics:record-error-rate:{client-id=producer-1, topic=test-topic}  : 0,000
producer-topic-metrics:record-error-total:{client-id=producer-1, topic=test-topic} : 0,000
producer-topic-metrics:record-retry-rate:{client-id=producer-1, topic=test-topic}  : 0,000
producer-topic-metrics:record-retry-total:{client-id=producer-1, topic=test-topic} : 0,000
producer-topic-metrics:record-send-rate:{client-id=producer-1, topic=test-topic}   : 104,970
producer-topic-metrics:record-send-total:{client-id=producer-1, topic=test-topic}  : 80000,000
Produce Time: 764.816
Aplication time: 765.797
