Topic to send: test-topic
Topic to acks: -1
Records: 80000
Size:30000
450 records sent, 89,9 records/sec (2,57 MB/sec), 11,1 ms avg latency, 307,0 ms max latency.
504 records sent, 100,8 records/sec (2,88 MB/sec), 9,9 ms avg latency, 33,0 ms max latency.
508 records sent, 101,6 records/sec (2,91 MB/sec), 9,8 ms avg latency, 50,0 ms max latency.
515 records sent, 102,9 records/sec (2,94 MB/sec), 9,7 ms avg latency, 30,0 ms max latency.
517 records sent, 103,4 records/sec (2,96 MB/sec), 9,6 ms avg latency, 19,0 ms max latency.
519 records sent, 103,7 records/sec (2,97 MB/sec), 9,6 ms avg latency, 34,0 ms max latency.
512 records sent, 102,4 records/sec (2,93 MB/sec), 9,8 ms avg latency, 81,0 ms max latency.
521 records sent, 104,1 records/sec (2,98 MB/sec), 9,6 ms avg latency, 39,0 ms max latency.
506 records sent, 101,1 records/sec (2,89 MB/sec), 9,9 ms avg latency, 89,0 ms max latency.
519 records sent, 103,7 records/sec (2,97 MB/sec), 9,6 ms avg latency, 35,0 ms max latency.
498 records sent, 99,6 records/sec (2,85 MB/sec), 10,0 ms avg latency, 150,0 ms max latency.
521 records sent, 104,1 records/sec (2,98 MB/sec), 9,6 ms avg latency, 58,0 ms max latency.
527 records sent, 105,2 records/sec (3,01 MB/sec), 9,5 ms avg latency, 12,0 ms max latency.
524 records sent, 104,8 records/sec (3,00 MB/sec), 9,5 ms avg latency, 28,0 ms max latency.
516 records sent, 103,1 records/sec (2,95 MB/sec), 9,7 ms avg latency, 101,0 ms max latency.
523 records sent, 104,4 records/sec (2,99 MB/sec), 9,6 ms avg latency, 30,0 ms max latency.
516 records sent, 103,2 records/sec (2,95 MB/sec), 9,7 ms avg latency, 45,0 ms max latency.
524 records sent, 104,6 records/sec (2,99 MB/sec), 9,5 ms avg latency, 38,0 ms max latency.
528 records sent, 105,5 records/sec (3,02 MB/sec), 9,5 ms avg latency, 39,0 ms max latency.
528 records sent, 105,5 records/sec (3,02 MB/sec), 9,5 ms avg latency, 21,0 ms max latency.
529 records sent, 105,7 records/sec (3,02 MB/sec), 9,4 ms avg latency, 10,0 ms max latency.
527 records sent, 105,3 records/sec (3,01 MB/sec), 9,5 ms avg latency, 17,0 ms max latency.
524 records sent, 104,6 records/sec (2,99 MB/sec), 9,5 ms avg latency, 36,0 ms max latency.
522 records sent, 104,4 records/sec (2,99 MB/sec), 9,6 ms avg latency, 33,0 ms max latency.
525 records sent, 105,0 records/sec (3,00 MB/sec), 9,5 ms avg latency, 46,0 ms max latency.
526 records sent, 105,1 records/sec (3,01 MB/sec), 9,5 ms avg latency, 22,0 ms max latency.
527 records sent, 105,2 records/sec (3,01 MB/sec), 9,5 ms avg latency, 22,0 ms max latency.
516 records sent, 103,1 records/sec (2,95 MB/sec), 9,7 ms avg latency, 148,0 ms max latency.
528 records sent, 105,5 records/sec (3,02 MB/sec), 9,5 ms avg latency, 19,0 ms max latency.
529 records sent, 105,7 records/sec (3,02 MB/sec), 9,4 ms avg latency, 14,0 ms max latency.
528 records sent, 105,6 records/sec (3,02 MB/sec), 9,5 ms avg latency, 12,0 ms max latency.
528 records sent, 105,5 records/sec (3,02 MB/sec), 9,5 ms avg latency, 26,0 ms max latency.
529 records sent, 105,8 records/sec (3,03 MB/sec), 9,4 ms avg latency, 10,0 ms max latency.
524 records sent, 104,8 records/sec (3,00 MB/sec), 9,5 ms avg latency, 63,0 ms max latency.
526 records sent, 105,2 records/sec (3,01 MB/sec), 9,5 ms avg latency, 34,0 ms max latency.
525 records sent, 104,9 records/sec (3,00 MB/sec), 9,5 ms avg latency, 35,0 ms max latency.
527 records sent, 105,3 records/sec (3,01 MB/sec), 9,5 ms avg latency, 34,0 ms max latency.
530 records sent, 105,9 records/sec (3,03 MB/sec), 9,4 ms avg latency, 35,0 ms max latency.
531 records sent, 106,1 records/sec (3,03 MB/sec), 9,4 ms avg latency, 30,0 ms max latency.
516 records sent, 103,0 records/sec (2,95 MB/sec), 9,7 ms avg latency, 165,0 ms max latency.
532 records sent, 106,2 records/sec (3,04 MB/sec), 9,4 ms avg latency, 15,0 ms max latency.
529 records sent, 105,7 records/sec (3,02 MB/sec), 9,4 ms avg latency, 28,0 ms max latency.
526 records sent, 105,1 records/sec (3,01 MB/sec), 9,5 ms avg latency, 43,0 ms max latency.
511 records sent, 102,2 records/sec (2,92 MB/sec), 9,8 ms avg latency, 165,0 ms max latency.
530 records sent, 106,0 records/sec (3,03 MB/sec), 9,4 ms avg latency, 10,0 ms max latency.
464 records sent, 92,7 records/sec (2,65 MB/sec), 10,8 ms avg latency, 633,0 ms max latency.
523 records sent, 104,6 records/sec (2,99 MB/sec), 9,6 ms avg latency, 39,0 ms max latency.
532 records sent, 106,3 records/sec (3,04 MB/sec), 9,4 ms avg latency, 17,0 ms max latency.
531 records sent, 106,0 records/sec (3,03 MB/sec), 9,4 ms avg latency, 22,0 ms max latency.
531 records sent, 106,1 records/sec (3,04 MB/sec), 9,4 ms avg latency, 14,0 ms max latency.
447 records sent, 89,3 records/sec (2,56 MB/sec), 11,2 ms avg latency, 487,0 ms max latency.
529 records sent, 105,7 records/sec (3,02 MB/sec), 9,4 ms avg latency, 30,0 ms max latency.
530 records sent, 105,8 records/sec (3,03 MB/sec), 9,4 ms avg latency, 22,0 ms max latency.
525 records sent, 104,9 records/sec (3,00 MB/sec), 9,5 ms avg latency, 41,0 ms max latency.
522 records sent, 104,4 records/sec (2,99 MB/sec), 9,6 ms avg latency, 76,0 ms max latency.
531 records sent, 106,0 records/sec (3,03 MB/sec), 9,4 ms avg latency, 11,0 ms max latency.
519 records sent, 103,7 records/sec (2,97 MB/sec), 9,6 ms avg latency, 88,0 ms max latency.
530 records sent, 105,9 records/sec (3,03 MB/sec), 9,4 ms avg latency, 10,0 ms max latency.
528 records sent, 105,5 records/sec (3,02 MB/sec), 9,5 ms avg latency, 33,0 ms max latency.
530 records sent, 106,0 records/sec (3,03 MB/sec), 9,4 ms avg latency, 10,0 ms max latency.
525 records sent, 105,0 records/sec (3,00 MB/sec), 9,5 ms avg latency, 41,0 ms max latency.
523 records sent, 104,5 records/sec (2,99 MB/sec), 9,5 ms avg latency, 51,0 ms max latency.
531 records sent, 106,1 records/sec (3,03 MB/sec), 9,4 ms avg latency, 10,0 ms max latency.
527 records sent, 105,3 records/sec (3,01 MB/sec), 9,5 ms avg latency, 33,0 ms max latency.
523 records sent, 104,5 records/sec (2,99 MB/sec), 9,6 ms avg latency, 43,0 ms max latency.
529 records sent, 105,6 records/sec (3,02 MB/sec), 9,4 ms avg latency, 16,0 ms max latency.
523 records sent, 104,4 records/sec (2,99 MB/sec), 9,6 ms avg latency, 34,0 ms max latency.
528 records sent, 105,6 records/sec (3,02 MB/sec), 9,5 ms avg latency, 29,0 ms max latency.
528 records sent, 105,4 records/sec (3,02 MB/sec), 9,5 ms avg latency, 35,0 ms max latency.
507 records sent, 101,3 records/sec (2,90 MB/sec), 9,9 ms avg latency, 194,0 ms max latency.
529 records sent, 105,8 records/sec (3,03 MB/sec), 9,4 ms avg latency, 31,0 ms max latency.
528 records sent, 105,4 records/sec (3,02 MB/sec), 9,4 ms avg latency, 37,0 ms max latency.
527 records sent, 105,2 records/sec (3,01 MB/sec), 9,5 ms avg latency, 36,0 ms max latency.
526 records sent, 105,1 records/sec (3,01 MB/sec), 9,5 ms avg latency, 33,0 ms max latency.
523 records sent, 104,6 records/sec (2,99 MB/sec), 9,6 ms avg latency, 44,0 ms max latency.
500 records sent, 99,9 records/sec (2,86 MB/sec), 10,0 ms avg latency, 273,0 ms max latency.
531 records sent, 106,0 records/sec (3,03 MB/sec), 9,4 ms avg latency, 13,0 ms max latency.
532 records sent, 106,2 records/sec (3,04 MB/sec), 9,4 ms avg latency, 11,0 ms max latency.
528 records sent, 105,6 records/sec (3,02 MB/sec), 9,5 ms avg latency, 20,0 ms max latency.
527 records sent, 105,3 records/sec (3,01 MB/sec), 9,5 ms avg latency, 34,0 ms max latency.
527 records sent, 105,4 records/sec (3,01 MB/sec), 9,5 ms avg latency, 40,0 ms max latency.
531 records sent, 106,1 records/sec (3,03 MB/sec), 9,4 ms avg latency, 10,0 ms max latency.
525 records sent, 105,0 records/sec (3,00 MB/sec), 9,5 ms avg latency, 37,0 ms max latency.
531 records sent, 106,2 records/sec (3,04 MB/sec), 9,4 ms avg latency, 10,0 ms max latency.
528 records sent, 105,6 records/sec (3,02 MB/sec), 9,5 ms avg latency, 29,0 ms max latency.
526 records sent, 105,2 records/sec (3,01 MB/sec), 9,5 ms avg latency, 23,0 ms max latency.
522 records sent, 104,4 records/sec (2,99 MB/sec), 9,6 ms avg latency, 57,0 ms max latency.
528 records sent, 105,4 records/sec (3,02 MB/sec), 9,5 ms avg latency, 34,0 ms max latency.
523 records sent, 104,6 records/sec (2,99 MB/sec), 9,5 ms avg latency, 42,0 ms max latency.
530 records sent, 105,9 records/sec (3,03 MB/sec), 9,4 ms avg latency, 10,0 ms max latency.
531 records sent, 106,1 records/sec (3,03 MB/sec), 9,4 ms avg latency, 10,0 ms max latency.
531 records sent, 106,0 records/sec (3,03 MB/sec), 9,4 ms avg latency, 10,0 ms max latency.
531 records sent, 106,2 records/sec (3,04 MB/sec), 9,4 ms avg latency, 10,0 ms max latency.
519 records sent, 103,6 records/sec (2,96 MB/sec), 9,6 ms avg latency, 51,0 ms max latency.
530 records sent, 105,9 records/sec (3,03 MB/sec), 9,4 ms avg latency, 30,0 ms max latency.
530 records sent, 106,0 records/sec (3,03 MB/sec), 9,4 ms avg latency, 21,0 ms max latency.
530 records sent, 106,0 records/sec (3,03 MB/sec), 9,4 ms avg latency, 10,0 ms max latency.
532 records sent, 106,2 records/sec (3,04 MB/sec), 9,4 ms avg latency, 21,0 ms max latency.
531 records sent, 106,0 records/sec (3,03 MB/sec), 9,4 ms avg latency, 10,0 ms max latency.
522 records sent, 104,3 records/sec (2,98 MB/sec), 9,6 ms avg latency, 73,0 ms max latency.
526 records sent, 105,2 records/sec (3,01 MB/sec), 9,5 ms avg latency, 35,0 ms max latency.
531 records sent, 106,0 records/sec (3,03 MB/sec), 9,4 ms avg latency, 10,0 ms max latency.
531 records sent, 106,0 records/sec (3,03 MB/sec), 9,4 ms avg latency, 11,0 ms max latency.
531 records sent, 106,1 records/sec (3,03 MB/sec), 9,4 ms avg latency, 11,0 ms max latency.
526 records sent, 105,1 records/sec (3,01 MB/sec), 9,5 ms avg latency, 35,0 ms max latency.
528 records sent, 105,5 records/sec (3,02 MB/sec), 9,5 ms avg latency, 36,0 ms max latency.
507 records sent, 101,4 records/sec (2,90 MB/sec), 9,9 ms avg latency, 183,0 ms max latency.
525 records sent, 104,9 records/sec (3,00 MB/sec), 9,5 ms avg latency, 37,0 ms max latency.
527 records sent, 105,4 records/sec (3,02 MB/sec), 9,5 ms avg latency, 28,0 ms max latency.
527 records sent, 105,4 records/sec (3,01 MB/sec), 9,5 ms avg latency, 39,0 ms max latency.
531 records sent, 106,1 records/sec (3,03 MB/sec), 9,4 ms avg latency, 10,0 ms max latency.
528 records sent, 105,5 records/sec (3,02 MB/sec), 9,5 ms avg latency, 16,0 ms max latency.
531 records sent, 106,1 records/sec (3,04 MB/sec), 9,4 ms avg latency, 10,0 ms max latency.
528 records sent, 105,6 records/sec (3,02 MB/sec), 9,5 ms avg latency, 27,0 ms max latency.
527 records sent, 105,3 records/sec (3,01 MB/sec), 9,5 ms avg latency, 43,0 ms max latency.
532 records sent, 106,4 records/sec (3,04 MB/sec), 9,4 ms avg latency, 12,0 ms max latency.
531 records sent, 106,1 records/sec (3,04 MB/sec), 9,4 ms avg latency, 10,0 ms max latency.
529 records sent, 105,6 records/sec (3,02 MB/sec), 9,5 ms avg latency, 20,0 ms max latency.
518 records sent, 103,5 records/sec (2,96 MB/sec), 9,6 ms avg latency, 51,0 ms max latency.
519 records sent, 93,2 records/sec (2,67 MB/sec), 10,7 ms avg latency, 703,0 ms max latency.
532 records sent, 106,3 records/sec (3,04 MB/sec), 9,4 ms avg latency, 11,0 ms max latency.
529 records sent, 105,6 records/sec (3,02 MB/sec), 9,4 ms avg latency, 33,0 ms max latency.
527 records sent, 105,3 records/sec (3,01 MB/sec), 9,5 ms avg latency, 43,0 ms max latency.
527 records sent, 105,4 records/sec (3,01 MB/sec), 9,5 ms avg latency, 27,0 ms max latency.
469 records sent, 93,7 records/sec (2,68 MB/sec), 10,7 ms avg latency, 539,0 ms max latency.
527 records sent, 105,3 records/sec (3,01 MB/sec), 9,5 ms avg latency, 47,0 ms max latency.
528 records sent, 105,6 records/sec (3,02 MB/sec), 9,5 ms avg latency, 32,0 ms max latency.
528 records sent, 105,5 records/sec (3,02 MB/sec), 9,5 ms avg latency, 36,0 ms max latency.
528 records sent, 105,6 records/sec (3,02 MB/sec), 9,5 ms avg latency, 23,0 ms max latency.
531 records sent, 106,1 records/sec (3,03 MB/sec), 9,4 ms avg latency, 13,0 ms max latency.
506 records sent, 101,1 records/sec (2,89 MB/sec), 9,9 ms avg latency, 189,0 ms max latency.
526 records sent, 105,1 records/sec (3,01 MB/sec), 9,5 ms avg latency, 56,0 ms max latency.
528 records sent, 105,6 records/sec (3,02 MB/sec), 9,5 ms avg latency, 11,0 ms max latency.
529 records sent, 105,7 records/sec (3,02 MB/sec), 9,5 ms avg latency, 30,0 ms max latency.
531 records sent, 106,2 records/sec (3,04 MB/sec), 9,4 ms avg latency, 10,0 ms max latency.
530 records sent, 106,0 records/sec (3,03 MB/sec), 9,4 ms avg latency, 11,0 ms max latency.
526 records sent, 105,2 records/sec (3,01 MB/sec), 9,5 ms avg latency, 30,0 ms max latency.
521 records sent, 104,1 records/sec (2,98 MB/sec), 9,6 ms avg latency, 50,0 ms max latency.
528 records sent, 105,6 records/sec (3,02 MB/sec), 9,4 ms avg latency, 19,0 ms max latency.
530 records sent, 106,0 records/sec (3,03 MB/sec), 9,4 ms avg latency, 10,0 ms max latency.
530 records sent, 105,8 records/sec (3,03 MB/sec), 9,4 ms avg latency, 10,0 ms max latency.
527 records sent, 105,2 records/sec (3,01 MB/sec), 9,5 ms avg latency, 36,0 ms max latency.
514 records sent, 102,7 records/sec (2,94 MB/sec), 9,7 ms avg latency, 103,0 ms max latency.
528 records sent, 105,5 records/sec (3,02 MB/sec), 9,5 ms avg latency, 23,0 ms max latency.
528 records sent, 105,5 records/sec (3,02 MB/sec), 9,5 ms avg latency, 16,0 ms max latency.
529 records sent, 105,8 records/sec (3,03 MB/sec), 9,4 ms avg latency, 26,0 ms max latency.
529 records sent, 105,8 records/sec (3,03 MB/sec), 9,4 ms avg latency, 10,0 ms max latency.
530 records sent, 105,9 records/sec (3,03 MB/sec), 9,4 ms avg latency, 11,0 ms max latency.
526 records sent, 105,2 records/sec (3,01 MB/sec), 9,5 ms avg latency, 40,0 ms max latency.
513 records sent, 102,5 records/sec (2,93 MB/sec), 9,7 ms avg latency, 189,0 ms max latency.
528 records sent, 105,4 records/sec (3,02 MB/sec), 9,5 ms avg latency, 28,0 ms max latency.
527 records sent, 105,3 records/sec (3,01 MB/sec), 9,5 ms avg latency, 38,0 ms max latency.
80000 records sent, 104,516143 records/sec (2,99 MB/sec), 9,55 ms avg latency, 703,00 ms max latency, 9 ms 50th, 10 ms 95th, 10 ms 99th, 35 ms 99.9th.

Metric Name                                                                          Value
app-info:commit-id:{client-id=producer-1}                                          : d4284cbebb6f0a4c
app-info:start-time-ms:{client-id=producer-1}                                      : 1590108875126
app-info:version:{client-id=producer-1}                                            : 2.3.1
kafka-metrics-count:count:{client-id=producer-1}                                   : 126,000
producer-metrics:batch-size-avg:{client-id=producer-1}                             : 30077,000
producer-metrics:batch-size-max:{client-id=producer-1}                             : 30077,000
producer-metrics:batch-split-rate:{client-id=producer-1}                           : 0,000
producer-metrics:batch-split-total:{client-id=producer-1}                          : 0,000
producer-metrics:buffer-available-bytes:{client-id=producer-1}                     : 33554432,000
producer-metrics:buffer-exhausted-rate:{client-id=producer-1}                      : 0,000
producer-metrics:buffer-exhausted-total:{client-id=producer-1}                     : 0,000
producer-metrics:buffer-total-bytes:{client-id=producer-1}                         : 33554432,000
producer-metrics:bufferpool-wait-ratio:{client-id=producer-1}                      : 0,000
producer-metrics:bufferpool-wait-time-total:{client-id=producer-1}                 : 0,000
producer-metrics:compression-rate-avg:{client-id=producer-1}                       : 1,000
producer-metrics:connection-close-rate:{client-id=producer-1}                      : 0,000
producer-metrics:connection-close-total:{client-id=producer-1}                     : 1,000
producer-metrics:connection-count:{client-id=producer-1}                           : 3,000
producer-metrics:connection-creation-rate:{client-id=producer-1}                   : 0,000
producer-metrics:connection-creation-total:{client-id=producer-1}                  : 4,000
producer-metrics:failed-authentication-rate:{client-id=producer-1}                 : 0,000
producer-metrics:failed-authentication-total:{client-id=producer-1}                : 0,000
producer-metrics:failed-reauthentication-rate:{client-id=producer-1}               : 0,000
producer-metrics:failed-reauthentication-total:{client-id=producer-1}              : 0,000
producer-metrics:incoming-byte-rate:{client-id=producer-1}                         : 6521,543
producer-metrics:incoming-byte-total:{client-id=producer-1}                        : 4962031,000
producer-metrics:io-ratio:{client-id=producer-1}                                   : 0,008
producer-metrics:io-time-ns-avg:{client-id=producer-1}                             : 24884,125
producer-metrics:io-wait-ratio:{client-id=producer-1}                              : 0,979
producer-metrics:io-wait-time-ns-avg:{client-id=producer-1}                        : 3104086,446
producer-metrics:io-waittime-total:{client-id=producer-1}                          : 748317223168,000
producer-metrics:iotime-total:{client-id=producer-1}                               : 6509624087,000
producer-metrics:metadata-age:{client-id=producer-1}                               : 225,204
producer-metrics:network-io-rate:{client-id=producer-1}                            : 210,343
producer-metrics:network-io-total:{client-id=producer-1}                           : 160014,000
producer-metrics:outgoing-byte-rate:{client-id=producer-1}                         : 3170591,302
producer-metrics:outgoing-byte-total:{client-id=producer-1}                        : 2411749115,000
producer-metrics:produce-throttle-time-avg:{client-id=producer-1}                  : 0,000
producer-metrics:produce-throttle-time-max:{client-id=producer-1}                  : 0,000
producer-metrics:reauthentication-latency-avg:{client-id=producer-1}               : NaN
producer-metrics:reauthentication-latency-max:{client-id=producer-1}               : NaN
producer-metrics:record-error-rate:{client-id=producer-1}                          : 0,000
producer-metrics:record-error-total:{client-id=producer-1}                         : 0,000
producer-metrics:record-queue-time-avg:{client-id=producer-1}                      : 0,029
producer-metrics:record-queue-time-max:{client-id=producer-1}                      : 1,000
producer-metrics:record-retry-rate:{client-id=producer-1}                          : 0,000
producer-metrics:record-retry-total:{client-id=producer-1}                         : 0,000
producer-metrics:record-send-rate:{client-id=producer-1}                           : 105,162
producer-metrics:record-send-total:{client-id=producer-1}                          : 80000,000
producer-metrics:record-size-avg:{client-id=producer-1}                            : 30092,000
producer-metrics:record-size-max:{client-id=producer-1}                            : 30092,000
producer-metrics:records-per-request-avg:{client-id=producer-1}                    : 1,000
producer-metrics:request-latency-avg:{client-id=producer-1}                        : 9,417
producer-metrics:request-latency-max:{client-id=producer-1}                        : 189,000
producer-metrics:request-rate:{client-id=producer-1}                               : 105,164
producer-metrics:request-size-avg:{client-id=producer-1}                           : 30147,000
producer-metrics:request-size-max:{client-id=producer-1}                           : 30147,000
producer-metrics:request-total:{client-id=producer-1}                              : 80007,000
producer-metrics:requests-in-flight:{client-id=producer-1}                         : 0,000
producer-metrics:response-rate:{client-id=producer-1}                              : 105,186
producer-metrics:response-total:{client-id=producer-1}                             : 80007,000
producer-metrics:select-rate:{client-id=producer-1}                                : 315,552
producer-metrics:select-total:{client-id=producer-1}                               : 239949,000
producer-metrics:successful-authentication-no-reauth-total:{client-id=producer-1}  : 0,000
producer-metrics:successful-authentication-rate:{client-id=producer-1}             : 0,000
producer-metrics:successful-authentication-total:{client-id=producer-1}            : 0,000
producer-metrics:successful-reauthentication-rate:{client-id=producer-1}           : 0,000
producer-metrics:successful-reauthentication-total:{client-id=producer-1}          : 0,000
producer-metrics:waiting-threads:{client-id=producer-1}                            : 0,000
producer-node-metrics:incoming-byte-rate:{client-id=producer-1, node-id=node--1}   : 0,000
producer-node-metrics:incoming-byte-rate:{client-id=producer-1, node-id=node-1}    : 2185,690
producer-node-metrics:incoming-byte-rate:{client-id=producer-1, node-id=node-3}    : 2164,606
producer-node-metrics:incoming-byte-rate:{client-id=producer-1, node-id=node-6}    : 2175,414
producer-node-metrics:incoming-byte-total:{client-id=producer-1, node-id=node--1}  : 579,000
producer-node-metrics:incoming-byte-total:{client-id=producer-1, node-id=node-1}   : 1659662,000
producer-node-metrics:incoming-byte-total:{client-id=producer-1, node-id=node-3}   : 1646146,000
producer-node-metrics:incoming-byte-total:{client-id=producer-1, node-id=node-6}   : 1655644,000
producer-node-metrics:outgoing-byte-rate:{client-id=producer-1, node-id=node--1}   : 0,000
producer-node-metrics:outgoing-byte-rate:{client-id=producer-1, node-id=node-1}    : 1062356,041
producer-node-metrics:outgoing-byte-rate:{client-id=producer-1, node-id=node-3}    : 1052355,131
producer-node-metrics:outgoing-byte-rate:{client-id=producer-1, node-id=node-6}    : 1057610,029
producer-node-metrics:outgoing-byte-total:{client-id=producer-1, node-id=node--1}  : 67,000
producer-node-metrics:outgoing-byte-total:{client-id=producer-1, node-id=node-1}   : 806850513,000
producer-node-metrics:outgoing-byte-total:{client-id=producer-1, node-id=node-3}   : 800278689,000
producer-node-metrics:outgoing-byte-total:{client-id=producer-1, node-id=node-6}   : 804619846,000
producer-node-metrics:request-latency-avg:{client-id=producer-1, node-id=node--1}  : NaN
producer-node-metrics:request-latency-avg:{client-id=producer-1, node-id=node-1}   : 9,661
producer-node-metrics:request-latency-avg:{client-id=producer-1, node-id=node-3}   : 9,306
producer-node-metrics:request-latency-avg:{client-id=producer-1, node-id=node-6}   : 9,288
producer-node-metrics:request-latency-max:{client-id=producer-1, node-id=node--1}  : NaN
producer-node-metrics:request-latency-max:{client-id=producer-1, node-id=node-1}   : 26,000
producer-node-metrics:request-latency-max:{client-id=producer-1, node-id=node-3}   : 189,000
producer-node-metrics:request-latency-max:{client-id=producer-1, node-id=node-6}   : 40,000
producer-node-metrics:request-rate:{client-id=producer-1, node-id=node--1}         : 0,000
producer-node-metrics:request-rate:{client-id=producer-1, node-id=node-1}          : 35,238
producer-node-metrics:request-rate:{client-id=producer-1, node-id=node-3}          : 34,906
producer-node-metrics:request-rate:{client-id=producer-1, node-id=node-6}          : 35,080
producer-node-metrics:request-size-avg:{client-id=producer-1, node-id=node--1}     : NaN
producer-node-metrics:request-size-avg:{client-id=producer-1, node-id=node-1}      : 30147,000
producer-node-metrics:request-size-avg:{client-id=producer-1, node-id=node-3}      : 30147,000
producer-node-metrics:request-size-avg:{client-id=producer-1, node-id=node-6}      : 30147,000
producer-node-metrics:request-size-max:{client-id=producer-1, node-id=node--1}     : NaN
producer-node-metrics:request-size-max:{client-id=producer-1, node-id=node-1}      : 30147,000
producer-node-metrics:request-size-max:{client-id=producer-1, node-id=node-3}      : 30147,000
producer-node-metrics:request-size-max:{client-id=producer-1, node-id=node-6}      : 30147,000
producer-node-metrics:request-total:{client-id=producer-1, node-id=node--1}        : 2,000
producer-node-metrics:request-total:{client-id=producer-1, node-id=node-1}         : 26765,000
producer-node-metrics:request-total:{client-id=producer-1, node-id=node-3}         : 26547,000
producer-node-metrics:request-total:{client-id=producer-1, node-id=node-6}         : 26693,000
producer-node-metrics:response-rate:{client-id=producer-1, node-id=node--1}        : 0,000
producer-node-metrics:response-rate:{client-id=producer-1, node-id=node-1}         : 35,253
producer-node-metrics:response-rate:{client-id=producer-1, node-id=node-3}         : 34,913
producer-node-metrics:response-rate:{client-id=producer-1, node-id=node-6}         : 35,087
producer-node-metrics:response-total:{client-id=producer-1, node-id=node--1}       : 2,000
producer-node-metrics:response-total:{client-id=producer-1, node-id=node-1}        : 26765,000
producer-node-metrics:response-total:{client-id=producer-1, node-id=node-3}        : 26547,000
producer-node-metrics:response-total:{client-id=producer-1, node-id=node-6}        : 26693,000
producer-topic-metrics:byte-rate:{client-id=producer-1, topic=test-topic}          : 3162942,591
producer-topic-metrics:byte-total:{client-id=producer-1, topic=test-topic}         : 2406148890,000
producer-topic-metrics:compression-rate:{client-id=producer-1, topic=test-topic}   : 1,000
producer-topic-metrics:record-error-rate:{client-id=producer-1, topic=test-topic}  : 0,000
producer-topic-metrics:record-error-total:{client-id=producer-1, topic=test-topic} : 0,000
producer-topic-metrics:record-retry-rate:{client-id=producer-1, topic=test-topic}  : 0,000
producer-topic-metrics:record-retry-total:{client-id=producer-1, topic=test-topic} : 0,000
producer-topic-metrics:record-send-rate:{client-id=producer-1, topic=test-topic}   : 105,162
producer-topic-metrics:record-send-total:{client-id=producer-1, topic=test-topic}  : 80000,000
Produce Time: 765.431
Aplication time: 766.389
