Topic to send: test-topic
Topic to acks: -1
Records: 80000
Size:30000
450 records sent, 89,9 records/sec (2,57 MB/sec), 11,1 ms avg latency, 339,0 ms max latency.
505 records sent, 100,9 records/sec (2,89 MB/sec), 9,9 ms avg latency, 23,0 ms max latency.
512 records sent, 102,4 records/sec (2,93 MB/sec), 9,7 ms avg latency, 35,0 ms max latency.
515 records sent, 103,0 records/sec (2,95 MB/sec), 9,7 ms avg latency, 32,0 ms max latency.
517 records sent, 103,2 records/sec (2,95 MB/sec), 9,7 ms avg latency, 32,0 ms max latency.
520 records sent, 103,8 records/sec (2,97 MB/sec), 9,6 ms avg latency, 11,0 ms max latency.
504 records sent, 100,7 records/sec (2,88 MB/sec), 9,9 ms avg latency, 63,0 ms max latency.
518 records sent, 103,6 records/sec (2,96 MB/sec), 9,6 ms avg latency, 29,0 ms max latency.
523 records sent, 104,4 records/sec (2,99 MB/sec), 9,6 ms avg latency, 40,0 ms max latency.
498 records sent, 99,5 records/sec (2,85 MB/sec), 10,0 ms avg latency, 241,0 ms max latency.
522 records sent, 104,4 records/sec (2,99 MB/sec), 9,6 ms avg latency, 22,0 ms max latency.
523 records sent, 104,5 records/sec (2,99 MB/sec), 9,6 ms avg latency, 41,0 ms max latency.
502 records sent, 100,2 records/sec (2,87 MB/sec), 10,0 ms avg latency, 120,0 ms max latency.
524 records sent, 104,7 records/sec (3,00 MB/sec), 9,5 ms avg latency, 30,0 ms max latency.
525 records sent, 105,0 records/sec (3,00 MB/sec), 9,5 ms avg latency, 36,0 ms max latency.
524 records sent, 104,7 records/sec (2,99 MB/sec), 9,5 ms avg latency, 33,0 ms max latency.
524 records sent, 104,6 records/sec (2,99 MB/sec), 9,5 ms avg latency, 42,0 ms max latency.
524 records sent, 104,8 records/sec (3,00 MB/sec), 9,5 ms avg latency, 30,0 ms max latency.
524 records sent, 104,6 records/sec (2,99 MB/sec), 9,5 ms avg latency, 38,0 ms max latency.
519 records sent, 103,7 records/sec (2,97 MB/sec), 9,6 ms avg latency, 66,0 ms max latency.
527 records sent, 105,2 records/sec (3,01 MB/sec), 9,5 ms avg latency, 34,0 ms max latency.
526 records sent, 105,1 records/sec (3,01 MB/sec), 9,5 ms avg latency, 34,0 ms max latency.
525 records sent, 104,9 records/sec (3,00 MB/sec), 9,5 ms avg latency, 36,0 ms max latency.
529 records sent, 105,7 records/sec (3,02 MB/sec), 9,4 ms avg latency, 27,0 ms max latency.
503 records sent, 100,5 records/sec (2,87 MB/sec), 9,9 ms avg latency, 229,0 ms max latency.
511 records sent, 102,0 records/sec (2,92 MB/sec), 9,8 ms avg latency, 75,0 ms max latency.
527 records sent, 105,3 records/sec (3,01 MB/sec), 9,5 ms avg latency, 43,0 ms max latency.
529 records sent, 105,7 records/sec (3,03 MB/sec), 9,4 ms avg latency, 41,0 ms max latency.
526 records sent, 105,1 records/sec (3,01 MB/sec), 9,5 ms avg latency, 39,0 ms max latency.
527 records sent, 105,3 records/sec (3,01 MB/sec), 9,5 ms avg latency, 38,0 ms max latency.
528 records sent, 105,5 records/sec (3,02 MB/sec), 9,5 ms avg latency, 16,0 ms max latency.
513 records sent, 102,5 records/sec (2,93 MB/sec), 9,7 ms avg latency, 55,0 ms max latency.
524 records sent, 104,8 records/sec (3,00 MB/sec), 9,5 ms avg latency, 36,0 ms max latency.
528 records sent, 105,6 records/sec (3,02 MB/sec), 9,5 ms avg latency, 21,0 ms max latency.
510 records sent, 101,9 records/sec (2,91 MB/sec), 9,8 ms avg latency, 157,0 ms max latency.
525 records sent, 104,8 records/sec (3,00 MB/sec), 9,5 ms avg latency, 36,0 ms max latency.
528 records sent, 105,5 records/sec (3,02 MB/sec), 9,5 ms avg latency, 15,0 ms max latency.
390 records sent, 77,9 records/sec (2,23 MB/sec), 12,8 ms avg latency, 899,0 ms max latency.
514 records sent, 102,6 records/sec (2,94 MB/sec), 9,7 ms avg latency, 64,0 ms max latency.
524 records sent, 104,7 records/sec (3,00 MB/sec), 9,5 ms avg latency, 37,0 ms max latency.
522 records sent, 104,3 records/sec (2,98 MB/sec), 9,6 ms avg latency, 45,0 ms max latency.
531 records sent, 106,2 records/sec (3,04 MB/sec), 9,4 ms avg latency, 10,0 ms max latency.
527 records sent, 105,4 records/sec (3,01 MB/sec), 9,5 ms avg latency, 10,0 ms max latency.
526 records sent, 105,2 records/sec (3,01 MB/sec), 9,5 ms avg latency, 26,0 ms max latency.
514 records sent, 102,7 records/sec (2,94 MB/sec), 9,7 ms avg latency, 113,0 ms max latency.
529 records sent, 105,6 records/sec (3,02 MB/sec), 9,5 ms avg latency, 10,0 ms max latency.
524 records sent, 104,7 records/sec (3,00 MB/sec), 9,5 ms avg latency, 34,0 ms max latency.
494 records sent, 98,7 records/sec (2,82 MB/sec), 10,1 ms avg latency, 280,0 ms max latency.
530 records sent, 105,9 records/sec (3,03 MB/sec), 9,4 ms avg latency, 10,0 ms max latency.
527 records sent, 105,4 records/sec (3,01 MB/sec), 9,5 ms avg latency, 28,0 ms max latency.
521 records sent, 104,1 records/sec (2,98 MB/sec), 9,6 ms avg latency, 34,0 ms max latency.
512 records sent, 102,2 records/sec (2,92 MB/sec), 9,8 ms avg latency, 113,0 ms max latency.
529 records sent, 105,7 records/sec (3,02 MB/sec), 9,4 ms avg latency, 10,0 ms max latency.
531 records sent, 106,0 records/sec (3,03 MB/sec), 9,4 ms avg latency, 10,0 ms max latency.
524 records sent, 104,8 records/sec (3,00 MB/sec), 9,5 ms avg latency, 38,0 ms max latency.
526 records sent, 105,2 records/sec (3,01 MB/sec), 9,5 ms avg latency, 39,0 ms max latency.
527 records sent, 105,2 records/sec (3,01 MB/sec), 9,5 ms avg latency, 15,0 ms max latency.
521 records sent, 104,2 records/sec (2,98 MB/sec), 9,6 ms avg latency, 59,0 ms max latency.
503 records sent, 100,5 records/sec (2,87 MB/sec), 9,9 ms avg latency, 225,0 ms max latency.
526 records sent, 105,0 records/sec (3,00 MB/sec), 9,5 ms avg latency, 43,0 ms max latency.
525 records sent, 104,9 records/sec (3,00 MB/sec), 9,5 ms avg latency, 43,0 ms max latency.
521 records sent, 104,1 records/sec (2,98 MB/sec), 9,6 ms avg latency, 52,0 ms max latency.
526 records sent, 105,1 records/sec (3,01 MB/sec), 9,5 ms avg latency, 37,0 ms max latency.
482 records sent, 96,2 records/sec (2,75 MB/sec), 10,4 ms avg latency, 220,0 ms max latency.
525 records sent, 104,9 records/sec (3,00 MB/sec), 9,5 ms avg latency, 35,0 ms max latency.
526 records sent, 105,1 records/sec (3,01 MB/sec), 9,5 ms avg latency, 31,0 ms max latency.
528 records sent, 105,5 records/sec (3,02 MB/sec), 9,5 ms avg latency, 35,0 ms max latency.
527 records sent, 105,3 records/sec (3,01 MB/sec), 9,5 ms avg latency, 25,0 ms max latency.
526 records sent, 105,1 records/sec (3,01 MB/sec), 9,5 ms avg latency, 21,0 ms max latency.
522 records sent, 104,4 records/sec (2,99 MB/sec), 9,5 ms avg latency, 44,0 ms max latency.
512 records sent, 102,3 records/sec (2,93 MB/sec), 9,8 ms avg latency, 146,0 ms max latency.
527 records sent, 105,4 records/sec (3,01 MB/sec), 9,5 ms avg latency, 34,0 ms max latency.
526 records sent, 105,1 records/sec (3,01 MB/sec), 9,5 ms avg latency, 33,0 ms max latency.
529 records sent, 105,6 records/sec (3,02 MB/sec), 9,4 ms avg latency, 31,0 ms max latency.
530 records sent, 105,9 records/sec (3,03 MB/sec), 9,4 ms avg latency, 18,0 ms max latency.
528 records sent, 105,5 records/sec (3,02 MB/sec), 9,5 ms avg latency, 34,0 ms max latency.
525 records sent, 105,0 records/sec (3,00 MB/sec), 9,5 ms avg latency, 36,0 ms max latency.
521 records sent, 104,1 records/sec (2,98 MB/sec), 9,6 ms avg latency, 39,0 ms max latency.
501 records sent, 100,1 records/sec (2,86 MB/sec), 10,0 ms avg latency, 255,0 ms max latency.
529 records sent, 105,7 records/sec (3,02 MB/sec), 9,5 ms avg latency, 18,0 ms max latency.
526 records sent, 105,1 records/sec (3,01 MB/sec), 9,5 ms avg latency, 44,0 ms max latency.
528 records sent, 105,5 records/sec (3,02 MB/sec), 9,4 ms avg latency, 36,0 ms max latency.
515 records sent, 103,0 records/sec (2,95 MB/sec), 9,7 ms avg latency, 47,0 ms max latency.
524 records sent, 104,8 records/sec (3,00 MB/sec), 9,5 ms avg latency, 48,0 ms max latency.
529 records sent, 105,8 records/sec (3,03 MB/sec), 9,4 ms avg latency, 25,0 ms max latency.
510 records sent, 101,8 records/sec (2,91 MB/sec), 9,8 ms avg latency, 177,0 ms max latency.
528 records sent, 105,5 records/sec (3,02 MB/sec), 9,5 ms avg latency, 27,0 ms max latency.
526 records sent, 105,2 records/sec (3,01 MB/sec), 9,5 ms avg latency, 40,0 ms max latency.
525 records sent, 104,9 records/sec (3,00 MB/sec), 9,5 ms avg latency, 40,0 ms max latency.
526 records sent, 105,1 records/sec (3,01 MB/sec), 9,5 ms avg latency, 32,0 ms max latency.
462 records sent, 92,3 records/sec (2,64 MB/sec), 10,8 ms avg latency, 645,0 ms max latency.
527 records sent, 105,2 records/sec (3,01 MB/sec), 9,5 ms avg latency, 36,0 ms max latency.
527 records sent, 105,3 records/sec (3,01 MB/sec), 9,5 ms avg latency, 32,0 ms max latency.
527 records sent, 105,3 records/sec (3,01 MB/sec), 9,5 ms avg latency, 37,0 ms max latency.
521 records sent, 104,1 records/sec (2,98 MB/sec), 9,6 ms avg latency, 72,0 ms max latency.
525 records sent, 104,9 records/sec (3,00 MB/sec), 9,5 ms avg latency, 39,0 ms max latency.
518 records sent, 103,6 records/sec (2,96 MB/sec), 9,6 ms avg latency, 67,0 ms max latency.
524 records sent, 104,7 records/sec (3,00 MB/sec), 9,5 ms avg latency, 38,0 ms max latency.
521 records sent, 104,1 records/sec (2,98 MB/sec), 9,6 ms avg latency, 39,0 ms max latency.
523 records sent, 104,6 records/sec (2,99 MB/sec), 9,5 ms avg latency, 39,0 ms max latency.
527 records sent, 105,3 records/sec (3,01 MB/sec), 9,5 ms avg latency, 30,0 ms max latency.
428 records sent, 3,5 records/sec (0,10 MB/sec), 281,7 ms avg latency, 116511,0 ms max latency.
515 records sent, 102,9 records/sec (2,94 MB/sec), 9,7 ms avg latency, 31,0 ms max latency.
521 records sent, 104,1 records/sec (2,98 MB/sec), 9,6 ms avg latency, 31,0 ms max latency.
522 records sent, 104,2 records/sec (2,98 MB/sec), 9,6 ms avg latency, 25,0 ms max latency.
523 records sent, 104,5 records/sec (2,99 MB/sec), 9,5 ms avg latency, 16,0 ms max latency.
521 records sent, 104,1 records/sec (2,98 MB/sec), 9,6 ms avg latency, 36,0 ms max latency.
524 records sent, 104,6 records/sec (2,99 MB/sec), 9,6 ms avg latency, 39,0 ms max latency.
514 records sent, 102,8 records/sec (2,94 MB/sec), 9,7 ms avg latency, 87,0 ms max latency.
516 records sent, 103,1 records/sec (2,95 MB/sec), 9,7 ms avg latency, 67,0 ms max latency.
520 records sent, 103,9 records/sec (2,97 MB/sec), 9,6 ms avg latency, 36,0 ms max latency.
523 records sent, 104,6 records/sec (2,99 MB/sec), 9,5 ms avg latency, 34,0 ms max latency.
527 records sent, 105,2 records/sec (3,01 MB/sec), 9,5 ms avg latency, 31,0 ms max latency.
526 records sent, 105,1 records/sec (3,01 MB/sec), 9,5 ms avg latency, 27,0 ms max latency.
516 records sent, 103,1 records/sec (2,95 MB/sec), 9,7 ms avg latency, 72,0 ms max latency.
529 records sent, 105,7 records/sec (3,02 MB/sec), 9,4 ms avg latency, 32,0 ms max latency.
507 records sent, 101,3 records/sec (2,90 MB/sec), 9,9 ms avg latency, 99,0 ms max latency.
529 records sent, 105,8 records/sec (3,03 MB/sec), 9,4 ms avg latency, 39,0 ms max latency.
529 records sent, 105,7 records/sec (3,03 MB/sec), 9,5 ms avg latency, 33,0 ms max latency.
518 records sent, 103,6 records/sec (2,96 MB/sec), 9,6 ms avg latency, 59,0 ms max latency.
521 records sent, 104,1 records/sec (2,98 MB/sec), 9,6 ms avg latency, 79,0 ms max latency.
526 records sent, 105,2 records/sec (3,01 MB/sec), 9,5 ms avg latency, 33,0 ms max latency.
437 records sent, 87,4 records/sec (2,50 MB/sec), 11,4 ms avg latency, 721,0 ms max latency.
525 records sent, 104,9 records/sec (3,00 MB/sec), 9,5 ms avg latency, 42,0 ms max latency.
515 records sent, 102,9 records/sec (2,94 MB/sec), 9,7 ms avg latency, 125,0 ms max latency.
510 records sent, 102,0 records/sec (2,92 MB/sec), 9,8 ms avg latency, 160,0 ms max latency.
525 records sent, 104,9 records/sec (3,00 MB/sec), 9,5 ms avg latency, 34,0 ms max latency.
521 records sent, 104,1 records/sec (2,98 MB/sec), 9,6 ms avg latency, 62,0 ms max latency.
513 records sent, 102,4 records/sec (2,93 MB/sec), 9,7 ms avg latency, 126,0 ms max latency.
524 records sent, 104,6 records/sec (2,99 MB/sec), 9,5 ms avg latency, 35,0 ms max latency.
502 records sent, 100,2 records/sec (2,87 MB/sec), 10,0 ms avg latency, 169,0 ms max latency.
525 records sent, 104,8 records/sec (3,00 MB/sec), 9,5 ms avg latency, 41,0 ms max latency.
523 records sent, 104,4 records/sec (2,99 MB/sec), 9,6 ms avg latency, 38,0 ms max latency.
521 records sent, 104,0 records/sec (2,98 MB/sec), 9,6 ms avg latency, 43,0 ms max latency.
523 records sent, 104,6 records/sec (2,99 MB/sec), 9,5 ms avg latency, 38,0 ms max latency.
529 records sent, 105,8 records/sec (3,03 MB/sec), 9,4 ms avg latency, 12,0 ms max latency.
526 records sent, 105,0 records/sec (3,00 MB/sec), 9,5 ms avg latency, 31,0 ms max latency.
523 records sent, 104,5 records/sec (2,99 MB/sec), 9,6 ms avg latency, 37,0 ms max latency.
525 records sent, 104,9 records/sec (3,00 MB/sec), 9,5 ms avg latency, 34,0 ms max latency.
525 records sent, 104,9 records/sec (3,00 MB/sec), 9,5 ms avg latency, 31,0 ms max latency.
518 records sent, 103,6 records/sec (2,96 MB/sec), 9,6 ms avg latency, 47,0 ms max latency.
525 records sent, 104,8 records/sec (3,00 MB/sec), 9,5 ms avg latency, 36,0 ms max latency.
523 records sent, 104,6 records/sec (2,99 MB/sec), 9,5 ms avg latency, 40,0 ms max latency.
521 records sent, 104,1 records/sec (2,98 MB/sec), 9,6 ms avg latency, 31,0 ms max latency.
527 records sent, 105,3 records/sec (3,01 MB/sec), 9,5 ms avg latency, 12,0 ms max latency.
524 records sent, 104,8 records/sec (3,00 MB/sec), 9,5 ms avg latency, 33,0 ms max latency.
514 records sent, 102,8 records/sec (2,94 MB/sec), 9,7 ms avg latency, 81,0 ms max latency.
523 records sent, 104,5 records/sec (2,99 MB/sec), 9,6 ms avg latency, 30,0 ms max latency.
523 records sent, 104,5 records/sec (2,99 MB/sec), 9,6 ms avg latency, 39,0 ms max latency.
524 records sent, 104,8 records/sec (3,00 MB/sec), 9,5 ms avg latency, 22,0 ms max latency.
522 records sent, 104,4 records/sec (2,99 MB/sec), 9,6 ms avg latency, 43,0 ms max latency.
527 records sent, 105,3 records/sec (3,01 MB/sec), 9,5 ms avg latency, 25,0 ms max latency.
516 records sent, 103,1 records/sec (2,95 MB/sec), 9,7 ms avg latency, 62,0 ms max latency.
529 records sent, 105,7 records/sec (3,02 MB/sec), 9,4 ms avg latency, 37,0 ms max latency.
80000 records sent, 90,124496 records/sec (2,58 MB/sec), 11,08 ms avg latency, 116511,00 ms max latency, 9 ms 50th, 10 ms 95th, 10 ms 99th, 39 ms 99.9th.

Metric Name                                                                          Value
app-info:commit-id:{client-id=producer-1}                                          : d4284cbebb6f0a4c
app-info:start-time-ms:{client-id=producer-1}                                      : 1590765174793
app-info:version:{client-id=producer-1}                                            : 2.3.1
kafka-metrics-count:count:{client-id=producer-1}                                   : 126,000
producer-metrics:batch-size-avg:{client-id=producer-1}                             : 30077,000
producer-metrics:batch-size-max:{client-id=producer-1}                             : 30077,000
producer-metrics:batch-split-rate:{client-id=producer-1}                           : 0,000
producer-metrics:batch-split-total:{client-id=producer-1}                          : 0,000
producer-metrics:buffer-available-bytes:{client-id=producer-1}                     : 33554432,000
producer-metrics:buffer-exhausted-rate:{client-id=producer-1}                      : 0,000
producer-metrics:buffer-exhausted-total:{client-id=producer-1}                     : 0,000
producer-metrics:buffer-total-bytes:{client-id=producer-1}                         : 33554432,000
producer-metrics:bufferpool-wait-ratio:{client-id=producer-1}                      : 0,000
producer-metrics:bufferpool-wait-time-total:{client-id=producer-1}                 : 0,000
producer-metrics:compression-rate-avg:{client-id=producer-1}                       : 1,000
producer-metrics:connection-close-rate:{client-id=producer-1}                      : 0,000
producer-metrics:connection-close-total:{client-id=producer-1}                     : 15,000
producer-metrics:connection-count:{client-id=producer-1}                           : 3,000
producer-metrics:connection-creation-rate:{client-id=producer-1}                   : 0,000
producer-metrics:connection-creation-total:{client-id=producer-1}                  : 7,000
producer-metrics:failed-authentication-rate:{client-id=producer-1}                 : 0,000
producer-metrics:failed-authentication-total:{client-id=producer-1}                : 0,000
producer-metrics:failed-reauthentication-rate:{client-id=producer-1}               : 0,000
producer-metrics:failed-reauthentication-total:{client-id=producer-1}              : 0,000
producer-metrics:incoming-byte-rate:{client-id=producer-1}                         : 6469,301
producer-metrics:incoming-byte-total:{client-id=producer-1}                        : 4963260,000
producer-metrics:io-ratio:{client-id=producer-1}                                   : 0,007
producer-metrics:io-time-ns-avg:{client-id=producer-1}                             : 23954,798
producer-metrics:io-wait-ratio:{client-id=producer-1}                              : 0,979
producer-metrics:io-wait-time-ns-avg:{client-id=producer-1}                        : 3129225,373
producer-metrics:io-waittime-total:{client-id=producer-1}                          : 870530864163,000
producer-metrics:iotime-total:{client-id=producer-1}                               : 6333021702,000
producer-metrics:metadata-age:{client-id=producer-1}                               : 280,782
producer-metrics:network-io-rate:{client-id=producer-1}                            : 208,660
producer-metrics:network-io-total:{client-id=producer-1}                           : 160027,000
producer-metrics:outgoing-byte-rate:{client-id=producer-1}                         : 3145104,988
producer-metrics:outgoing-byte-total:{client-id=producer-1}                        : 2411839714,000
producer-metrics:produce-throttle-time-avg:{client-id=producer-1}                  : 0,000
producer-metrics:produce-throttle-time-max:{client-id=producer-1}                  : 0,000
producer-metrics:reauthentication-latency-avg:{client-id=producer-1}               : NaN
producer-metrics:reauthentication-latency-max:{client-id=producer-1}               : NaN
producer-metrics:record-error-rate:{client-id=producer-1}                          : 0,000
producer-metrics:record-error-total:{client-id=producer-1}                         : 0,000
producer-metrics:record-queue-time-avg:{client-id=producer-1}                      : 0,027
producer-metrics:record-queue-time-max:{client-id=producer-1}                      : 1,000
producer-metrics:record-retry-rate:{client-id=producer-1}                          : 0,000
producer-metrics:record-retry-total:{client-id=producer-1}                         : 3,000
producer-metrics:record-send-rate:{client-id=producer-1}                           : 104,319
producer-metrics:record-send-total:{client-id=producer-1}                          : 80003,000
producer-metrics:record-size-avg:{client-id=producer-1}                            : 30092,000
producer-metrics:record-size-max:{client-id=producer-1}                            : 30092,000
producer-metrics:records-per-request-avg:{client-id=producer-1}                    : 1,000
producer-metrics:request-latency-avg:{client-id=producer-1}                        : 9,491
producer-metrics:request-latency-max:{client-id=producer-1}                        : 81,000
producer-metrics:request-rate:{client-id=producer-1}                               : 104,318
producer-metrics:request-size-avg:{client-id=producer-1}                           : 30147,000
producer-metrics:request-size-max:{client-id=producer-1}                           : 30147,000
producer-metrics:request-total:{client-id=producer-1}                              : 80015,000
producer-metrics:requests-in-flight:{client-id=producer-1}                         : 0,000
producer-metrics:response-rate:{client-id=producer-1}                              : 104,344
producer-metrics:response-total:{client-id=producer-1}                             : 80012,000
producer-metrics:select-rate:{client-id=producer-1}                                : 313,014
producer-metrics:select-total:{client-id=producer-1}                               : 239936,000
producer-metrics:successful-authentication-no-reauth-total:{client-id=producer-1}  : 0,000
producer-metrics:successful-authentication-rate:{client-id=producer-1}             : 0,000
producer-metrics:successful-authentication-total:{client-id=producer-1}            : 0,000
producer-metrics:successful-reauthentication-rate:{client-id=producer-1}           : 0,000
producer-metrics:successful-reauthentication-total:{client-id=producer-1}          : 0,000
producer-metrics:waiting-threads:{client-id=producer-1}                            : 0,000
producer-node-metrics:incoming-byte-rate:{client-id=producer-1, node-id=node--3}   : 0,000
producer-node-metrics:incoming-byte-rate:{client-id=producer-1, node-id=node-1}    : 2165,599
producer-node-metrics:incoming-byte-rate:{client-id=producer-1, node-id=node-3}    : 2167,586
producer-node-metrics:incoming-byte-rate:{client-id=producer-1, node-id=node-6}    : 2140,427
producer-node-metrics:incoming-byte-total:{client-id=producer-1, node-id=node--3}  : 579,000
producer-node-metrics:incoming-byte-total:{client-id=producer-1, node-id=node-1}   : 1655644,000
producer-node-metrics:incoming-byte-total:{client-id=producer-1, node-id=node-3}   : 1660312,000
producer-node-metrics:incoming-byte-total:{client-id=producer-1, node-id=node-6}   : 1646725,000
producer-node-metrics:outgoing-byte-rate:{client-id=producer-1, node-id=node--3}   : 0,000
producer-node-metrics:outgoing-byte-rate:{client-id=producer-1, node-id=node-1}    : 1052771,250
producer-node-metrics:outgoing-byte-rate:{client-id=producer-1, node-id=node-3}    : 1053789,703
producer-node-metrics:outgoing-byte-rate:{client-id=producer-1, node-id=node-6}    : 1040623,781
producer-node-metrics:outgoing-byte-total:{client-id=producer-1, node-id=node--3}  : 67,000
producer-node-metrics:outgoing-byte-total:{client-id=producer-1, node-id=node-1}   : 804619846,000
producer-node-metrics:outgoing-byte-total:{client-id=producer-1, node-id=node-3}   : 806941002,000
producer-node-metrics:outgoing-byte-total:{client-id=producer-1, node-id=node-6}   : 800278799,000
producer-node-metrics:request-latency-avg:{client-id=producer-1, node-id=node--3}  : NaN
producer-node-metrics:request-latency-avg:{client-id=producer-1, node-id=node-1}   : 9,711
producer-node-metrics:request-latency-avg:{client-id=producer-1, node-id=node-3}   : 9,352
producer-node-metrics:request-latency-avg:{client-id=producer-1, node-id=node-6}   : 9,400
producer-node-metrics:request-latency-max:{client-id=producer-1, node-id=node--3}  : NaN
producer-node-metrics:request-latency-max:{client-id=producer-1, node-id=node-1}   : 37,000
producer-node-metrics:request-latency-max:{client-id=producer-1, node-id=node-3}   : 62,000
producer-node-metrics:request-latency-max:{client-id=producer-1, node-id=node-6}   : 81,000
producer-node-metrics:request-rate:{client-id=producer-1, node-id=node--3}         : 0,000
producer-node-metrics:request-rate:{client-id=producer-1, node-id=node-1}          : 34,920
producer-node-metrics:request-rate:{client-id=producer-1, node-id=node-3}          : 34,953
producer-node-metrics:request-rate:{client-id=producer-1, node-id=node-6}          : 34,517
producer-node-metrics:request-size-avg:{client-id=producer-1, node-id=node--3}     : NaN
producer-node-metrics:request-size-avg:{client-id=producer-1, node-id=node-1}      : 30147,000
producer-node-metrics:request-size-avg:{client-id=producer-1, node-id=node-3}      : 30147,000
producer-node-metrics:request-size-avg:{client-id=producer-1, node-id=node-6}      : 30147,000
producer-node-metrics:request-size-max:{client-id=producer-1, node-id=node--3}     : NaN
producer-node-metrics:request-size-max:{client-id=producer-1, node-id=node-1}      : 30147,000
producer-node-metrics:request-size-max:{client-id=producer-1, node-id=node-3}      : 30147,000
producer-node-metrics:request-size-max:{client-id=producer-1, node-id=node-6}      : 30147,000
producer-node-metrics:request-total:{client-id=producer-1, node-id=node--3}        : 2,000
producer-node-metrics:request-total:{client-id=producer-1, node-id=node-1}         : 26693,000
producer-node-metrics:request-total:{client-id=producer-1, node-id=node-3}         : 26770,000
producer-node-metrics:request-total:{client-id=producer-1, node-id=node-6}         : 26550,000
producer-node-metrics:response-rate:{client-id=producer-1, node-id=node--3}        : 0,000
producer-node-metrics:response-rate:{client-id=producer-1, node-id=node-1}         : 34,929
producer-node-metrics:response-rate:{client-id=producer-1, node-id=node-3}         : 34,961
producer-node-metrics:response-rate:{client-id=producer-1, node-id=node-6}         : 34,523
producer-node-metrics:response-total:{client-id=producer-1, node-id=node--3}       : 2,000
producer-node-metrics:response-total:{client-id=producer-1, node-id=node-1}        : 26693,000
producer-node-metrics:response-total:{client-id=producer-1, node-id=node-3}        : 26768,000
producer-node-metrics:response-total:{client-id=producer-1, node-id=node-6}        : 26549,000
producer-topic-metrics:byte-rate:{client-id=producer-1, topic=test-topic}          : 3137608,520
producer-topic-metrics:byte-total:{client-id=producer-1, topic=test-topic}         : 2406239121,000
producer-topic-metrics:compression-rate:{client-id=producer-1, topic=test-topic}   : 1,000
producer-topic-metrics:record-error-rate:{client-id=producer-1, topic=test-topic}  : 0,000
producer-topic-metrics:record-error-total:{client-id=producer-1, topic=test-topic} : 0,000
producer-topic-metrics:record-retry-rate:{client-id=producer-1, topic=test-topic}  : 0,000
producer-topic-metrics:record-retry-total:{client-id=producer-1, topic=test-topic} : 3,000
producer-topic-metrics:record-send-rate:{client-id=producer-1, topic=test-topic}   : 104,319
producer-topic-metrics:record-send-total:{client-id=producer-1, topic=test-topic}  : 80003,000
Produce Time: 887.661
Aplication time: 888.635
