Topic to send: test-topic
Topic to acks: -1
Records: 80000
Size:10000
994 records sent, 198,7 records/sec (1,90 MB/sec), 5,0 ms avg latency, 286,0 ms max latency.
1141 records sent, 228,2 records/sec (2,18 MB/sec), 4,4 ms avg latency, 31,0 ms max latency.
1170 records sent, 234,0 records/sec (2,23 MB/sec), 4,2 ms avg latency, 14,0 ms max latency.
1184 records sent, 236,7 records/sec (2,26 MB/sec), 4,2 ms avg latency, 27,0 ms max latency.
1168 records sent, 233,6 records/sec (2,23 MB/sec), 4,3 ms avg latency, 103,0 ms max latency.
1197 records sent, 239,4 records/sec (2,28 MB/sec), 4,2 ms avg latency, 22,0 ms max latency.
1191 records sent, 238,2 records/sec (2,27 MB/sec), 4,2 ms avg latency, 58,0 ms max latency.
1215 records sent, 242,9 records/sec (2,32 MB/sec), 4,1 ms avg latency, 5,0 ms max latency.
1216 records sent, 243,2 records/sec (2,32 MB/sec), 4,1 ms avg latency, 11,0 ms max latency.
1208 records sent, 241,6 records/sec (2,30 MB/sec), 4,1 ms avg latency, 25,0 ms max latency.
1221 records sent, 244,2 records/sec (2,33 MB/sec), 4,1 ms avg latency, 16,0 ms max latency.
1211 records sent, 242,1 records/sec (2,31 MB/sec), 4,1 ms avg latency, 12,0 ms max latency.
1170 records sent, 234,0 records/sec (2,23 MB/sec), 4,3 ms avg latency, 69,0 ms max latency.
1202 records sent, 240,4 records/sec (2,29 MB/sec), 4,1 ms avg latency, 39,0 ms max latency.
1211 records sent, 242,1 records/sec (2,31 MB/sec), 4,1 ms avg latency, 5,0 ms max latency.
1202 records sent, 240,4 records/sec (2,29 MB/sec), 4,1 ms avg latency, 23,0 ms max latency.
1210 records sent, 241,9 records/sec (2,31 MB/sec), 4,1 ms avg latency, 27,0 ms max latency.
1213 records sent, 242,6 records/sec (2,31 MB/sec), 4,1 ms avg latency, 16,0 ms max latency.
1164 records sent, 232,7 records/sec (2,22 MB/sec), 4,3 ms avg latency, 177,0 ms max latency.
1184 records sent, 236,8 records/sec (2,26 MB/sec), 4,2 ms avg latency, 71,0 ms max latency.
1217 records sent, 243,3 records/sec (2,32 MB/sec), 4,1 ms avg latency, 24,0 ms max latency.
1207 records sent, 241,4 records/sec (2,30 MB/sec), 4,1 ms avg latency, 24,0 ms max latency.
1221 records sent, 244,1 records/sec (2,33 MB/sec), 4,1 ms avg latency, 5,0 ms max latency.
1211 records sent, 242,1 records/sec (2,31 MB/sec), 4,1 ms avg latency, 23,0 ms max latency.
1198 records sent, 239,6 records/sec (2,28 MB/sec), 4,2 ms avg latency, 20,0 ms max latency.
1197 records sent, 239,3 records/sec (2,28 MB/sec), 4,2 ms avg latency, 46,0 ms max latency.
1209 records sent, 241,8 records/sec (2,31 MB/sec), 4,1 ms avg latency, 16,0 ms max latency.
1204 records sent, 240,3 records/sec (2,29 MB/sec), 4,1 ms avg latency, 24,0 ms max latency.
1204 records sent, 240,7 records/sec (2,30 MB/sec), 4,1 ms avg latency, 17,0 ms max latency.
1164 records sent, 232,8 records/sec (2,22 MB/sec), 4,3 ms avg latency, 217,0 ms max latency.
1204 records sent, 240,8 records/sec (2,30 MB/sec), 4,1 ms avg latency, 23,0 ms max latency.
1183 records sent, 236,5 records/sec (2,26 MB/sec), 4,2 ms avg latency, 56,0 ms max latency.
1211 records sent, 241,7 records/sec (2,31 MB/sec), 4,1 ms avg latency, 14,0 ms max latency.
1208 records sent, 241,6 records/sec (2,30 MB/sec), 4,1 ms avg latency, 9,0 ms max latency.
1191 records sent, 238,2 records/sec (2,27 MB/sec), 4,2 ms avg latency, 22,0 ms max latency.
1207 records sent, 241,4 records/sec (2,30 MB/sec), 4,1 ms avg latency, 11,0 ms max latency.
1193 records sent, 238,6 records/sec (2,28 MB/sec), 4,2 ms avg latency, 47,0 ms max latency.
1176 records sent, 235,1 records/sec (2,24 MB/sec), 4,2 ms avg latency, 91,0 ms max latency.
1180 records sent, 236,0 records/sec (2,25 MB/sec), 4,2 ms avg latency, 76,0 ms max latency.
1202 records sent, 240,3 records/sec (2,29 MB/sec), 4,1 ms avg latency, 5,0 ms max latency.
1197 records sent, 239,4 records/sec (2,28 MB/sec), 4,2 ms avg latency, 46,0 ms max latency.
1193 records sent, 238,6 records/sec (2,28 MB/sec), 4,2 ms avg latency, 46,0 ms max latency.
1196 records sent, 239,2 records/sec (2,28 MB/sec), 4,2 ms avg latency, 39,0 ms max latency.
1213 records sent, 242,6 records/sec (2,31 MB/sec), 4,1 ms avg latency, 11,0 ms max latency.
1196 records sent, 239,1 records/sec (2,28 MB/sec), 4,2 ms avg latency, 69,0 ms max latency.
1210 records sent, 242,0 records/sec (2,31 MB/sec), 4,1 ms avg latency, 23,0 ms max latency.
1208 records sent, 241,6 records/sec (2,30 MB/sec), 4,1 ms avg latency, 25,0 ms max latency.
1216 records sent, 243,2 records/sec (2,32 MB/sec), 4,1 ms avg latency, 5,0 ms max latency.
1213 records sent, 242,6 records/sec (2,31 MB/sec), 4,1 ms avg latency, 23,0 ms max latency.
1226 records sent, 245,1 records/sec (2,34 MB/sec), 4,1 ms avg latency, 5,0 ms max latency.
1184 records sent, 236,8 records/sec (2,26 MB/sec), 4,2 ms avg latency, 59,0 ms max latency.
1146 records sent, 229,1 records/sec (2,18 MB/sec), 4,3 ms avg latency, 246,0 ms max latency.
1199 records sent, 239,8 records/sec (2,29 MB/sec), 4,2 ms avg latency, 24,0 ms max latency.
1213 records sent, 242,5 records/sec (2,31 MB/sec), 4,1 ms avg latency, 5,0 ms max latency.
1220 records sent, 243,9 records/sec (2,33 MB/sec), 4,1 ms avg latency, 21,0 ms max latency.
1207 records sent, 241,3 records/sec (2,30 MB/sec), 4,1 ms avg latency, 5,0 ms max latency.
1109 records sent, 221,7 records/sec (2,11 MB/sec), 4,5 ms avg latency, 241,0 ms max latency.
1220 records sent, 243,9 records/sec (2,33 MB/sec), 4,1 ms avg latency, 15,0 ms max latency.
1197 records sent, 239,3 records/sec (2,28 MB/sec), 4,2 ms avg latency, 46,0 ms max latency.
1201 records sent, 240,2 records/sec (2,29 MB/sec), 4,2 ms avg latency, 25,0 ms max latency.
1209 records sent, 241,7 records/sec (2,30 MB/sec), 4,1 ms avg latency, 12,0 ms max latency.
1212 records sent, 242,4 records/sec (2,31 MB/sec), 4,1 ms avg latency, 29,0 ms max latency.
1218 records sent, 243,6 records/sec (2,32 MB/sec), 4,1 ms avg latency, 24,0 ms max latency.
1197 records sent, 239,4 records/sec (2,28 MB/sec), 4,2 ms avg latency, 40,0 ms max latency.
1215 records sent, 242,9 records/sec (2,32 MB/sec), 4,1 ms avg latency, 6,0 ms max latency.
1219 records sent, 243,7 records/sec (2,32 MB/sec), 4,1 ms avg latency, 7,0 ms max latency.
80000 records sent, 238,967184 records/sec (2,28 MB/sec), 4,17 ms avg latency, 286,00 ms max latency, 4 ms 50th, 5 ms 95th, 5 ms 99th, 17 ms 99.9th.

Metric Name                                                                          Value
app-info:commit-id:{client-id=producer-1}                                          : d4284cbebb6f0a4c
app-info:start-time-ms:{client-id=producer-1}                                      : 1590726042069
app-info:version:{client-id=producer-1}                                            : 2.3.1
kafka-metrics-count:count:{client-id=producer-1}                                   : 126,000
producer-metrics:batch-size-avg:{client-id=producer-1}                             : 10077,000
producer-metrics:batch-size-max:{client-id=producer-1}                             : 10077,000
producer-metrics:batch-split-rate:{client-id=producer-1}                           : 0,000
producer-metrics:batch-split-total:{client-id=producer-1}                          : 0,000
producer-metrics:buffer-available-bytes:{client-id=producer-1}                     : 33554432,000
producer-metrics:buffer-exhausted-rate:{client-id=producer-1}                      : 0,000
producer-metrics:buffer-exhausted-total:{client-id=producer-1}                     : 0,000
producer-metrics:buffer-total-bytes:{client-id=producer-1}                         : 33554432,000
producer-metrics:bufferpool-wait-ratio:{client-id=producer-1}                      : 0,000
producer-metrics:bufferpool-wait-time-total:{client-id=producer-1}                 : 0,000
producer-metrics:compression-rate-avg:{client-id=producer-1}                       : 1,000
producer-metrics:connection-close-rate:{client-id=producer-1}                      : 0,000
producer-metrics:connection-close-total:{client-id=producer-1}                     : 0,000
producer-metrics:connection-count:{client-id=producer-1}                           : 4,000
producer-metrics:connection-creation-rate:{client-id=producer-1}                   : 0,000
producer-metrics:connection-creation-total:{client-id=producer-1}                  : 4,000
producer-metrics:failed-authentication-rate:{client-id=producer-1}                 : 0,000
producer-metrics:failed-authentication-total:{client-id=producer-1}                : 0,000
producer-metrics:failed-reauthentication-rate:{client-id=producer-1}               : 0,000
producer-metrics:failed-reauthentication-total:{client-id=producer-1}              : 0,000
producer-metrics:incoming-byte-rate:{client-id=producer-1}                         : 14998,960
producer-metrics:incoming-byte-total:{client-id=producer-1}                        : 4961746,000
producer-metrics:io-ratio:{client-id=producer-1}                                   : 0,013
producer-metrics:io-time-ns-avg:{client-id=producer-1}                             : 18540,643
producer-metrics:io-wait-ratio:{client-id=producer-1}                              : 0,967
producer-metrics:io-wait-time-ns-avg:{client-id=producer-1}                        : 1333939,687
producer-metrics:io-waittime-total:{client-id=producer-1}                          : 323283712278,000
producer-metrics:iotime-total:{client-id=producer-1}                               : 4701483644,000
producer-metrics:metadata-age:{client-id=producer-1}                               : 34,587
producer-metrics:network-io-rate:{client-id=producer-1}                            : 483,587
producer-metrics:network-io-total:{client-id=producer-1}                           : 160012,000
producer-metrics:outgoing-byte-rate:{client-id=producer-1}                         : 2453321,918
producer-metrics:outgoing-byte-total:{client-id=producer-1}                        : 811749072,000
producer-metrics:produce-throttle-time-avg:{client-id=producer-1}                  : 0,000
producer-metrics:produce-throttle-time-max:{client-id=producer-1}                  : 0,000
producer-metrics:reauthentication-latency-avg:{client-id=producer-1}               : NaN
producer-metrics:reauthentication-latency-max:{client-id=producer-1}               : NaN
producer-metrics:record-error-rate:{client-id=producer-1}                          : 0,000
producer-metrics:record-error-total:{client-id=producer-1}                         : 0,000
producer-metrics:record-queue-time-avg:{client-id=producer-1}                      : 0,029
producer-metrics:record-queue-time-max:{client-id=producer-1}                      : 1,000
producer-metrics:record-retry-rate:{client-id=producer-1}                          : 0,000
producer-metrics:record-retry-total:{client-id=producer-1}                         : 0,000
producer-metrics:record-send-rate:{client-id=producer-1}                           : 241,780
producer-metrics:record-send-total:{client-id=producer-1}                          : 80000,000
producer-metrics:record-size-avg:{client-id=producer-1}                            : 10092,000
producer-metrics:record-size-max:{client-id=producer-1}                            : 10092,000
producer-metrics:records-per-request-avg:{client-id=producer-1}                    : 1,000
producer-metrics:request-latency-avg:{client-id=producer-1}                        : 4,071
producer-metrics:request-latency-max:{client-id=producer-1}                        : 40,000
producer-metrics:request-rate:{client-id=producer-1}                               : 241,786
producer-metrics:request-size-avg:{client-id=producer-1}                           : 10145,792
producer-metrics:request-size-max:{client-id=producer-1}                           : 10147,000
producer-metrics:request-total:{client-id=producer-1}                              : 80006,000
producer-metrics:requests-in-flight:{client-id=producer-1}                         : 0,000
producer-metrics:response-rate:{client-id=producer-1}                              : 241,815
producer-metrics:response-total:{client-id=producer-1}                             : 80006,000
producer-metrics:select-rate:{client-id=producer-1}                                : 724,628
producer-metrics:select-total:{client-id=producer-1}                               : 239870,000
producer-metrics:successful-authentication-no-reauth-total:{client-id=producer-1}  : 0,000
producer-metrics:successful-authentication-rate:{client-id=producer-1}             : 0,000
producer-metrics:successful-authentication-total:{client-id=producer-1}            : 0,000
producer-metrics:successful-reauthentication-rate:{client-id=producer-1}           : 0,000
producer-metrics:successful-reauthentication-total:{client-id=producer-1}          : 0,000
producer-metrics:waiting-threads:{client-id=producer-1}                            : 0,000
producer-node-metrics:incoming-byte-rate:{client-id=producer-1, node-id=node--3}   : 0,000
producer-node-metrics:incoming-byte-rate:{client-id=producer-1, node-id=node-1}    : 5021,717
producer-node-metrics:incoming-byte-rate:{client-id=producer-1, node-id=node-3}    : 5026,638
producer-node-metrics:incoming-byte-rate:{client-id=producer-1, node-id=node-6}    : 4941,664
producer-node-metrics:incoming-byte-total:{client-id=producer-1, node-id=node--3}  : 579,000
producer-node-metrics:incoming-byte-total:{client-id=producer-1, node-id=node-1}   : 1655074,000
producer-node-metrics:incoming-byte-total:{client-id=producer-1, node-id=node-3}   : 1659662,000
producer-node-metrics:incoming-byte-total:{client-id=producer-1, node-id=node-6}   : 1646431,000
producer-node-metrics:outgoing-byte-rate:{client-id=producer-1, node-id=node--3}   : 0,000
producer-node-metrics:outgoing-byte-rate:{client-id=producer-1, node-id=node-1}    : 822052,606
producer-node-metrics:outgoing-byte-rate:{client-id=producer-1, node-id=node-3}    : 822618,326
producer-node-metrics:outgoing-byte-rate:{client-id=producer-1, node-id=node-6}    : 808712,252
producer-node-metrics:outgoing-byte-total:{client-id=producer-1, node-id=node--3}  : 67,000
producer-node-metrics:outgoing-byte-total:{client-id=producer-1, node-id=node-1}   : 270819760,000
producer-node-metrics:outgoing-byte-total:{client-id=producer-1, node-id=node-3}   : 271570513,000
producer-node-metrics:outgoing-byte-total:{client-id=producer-1, node-id=node-6}   : 269358732,000
producer-node-metrics:request-latency-avg:{client-id=producer-1, node-id=node--3}  : NaN
producer-node-metrics:request-latency-avg:{client-id=producer-1, node-id=node-1}   : 4,396
producer-node-metrics:request-latency-avg:{client-id=producer-1, node-id=node-3}   : 3,876
producer-node-metrics:request-latency-avg:{client-id=producer-1, node-id=node-6}   : 3,938
producer-node-metrics:request-latency-max:{client-id=producer-1, node-id=node--3}  : NaN
producer-node-metrics:request-latency-max:{client-id=producer-1, node-id=node-1}   : 13,000
producer-node-metrics:request-latency-max:{client-id=producer-1, node-id=node-3}   : 40,000
producer-node-metrics:request-latency-max:{client-id=producer-1, node-id=node-6}   : 24,000
producer-node-metrics:request-rate:{client-id=producer-1, node-id=node--3}         : 0,000
producer-node-metrics:request-rate:{client-id=producer-1, node-id=node-1}          : 81,012
producer-node-metrics:request-rate:{client-id=producer-1, node-id=node-3}          : 81,065
producer-node-metrics:request-rate:{client-id=producer-1, node-id=node-6}          : 79,695
producer-node-metrics:request-size-avg:{client-id=producer-1, node-id=node--3}     : NaN
producer-node-metrics:request-size-avg:{client-id=producer-1, node-id=node-1}      : 10147,000
producer-node-metrics:request-size-avg:{client-id=producer-1, node-id=node-3}      : 10147,000
producer-node-metrics:request-size-avg:{client-id=producer-1, node-id=node-6}      : 10147,000
producer-node-metrics:request-size-max:{client-id=producer-1, node-id=node--3}     : NaN
producer-node-metrics:request-size-max:{client-id=producer-1, node-id=node-1}      : 10147,000
producer-node-metrics:request-size-max:{client-id=producer-1, node-id=node-3}      : 10147,000
producer-node-metrics:request-size-max:{client-id=producer-1, node-id=node-6}      : 10147,000
producer-node-metrics:request-total:{client-id=producer-1, node-id=node--3}        : 2,000
producer-node-metrics:request-total:{client-id=producer-1, node-id=node-1}         : 26691,000
producer-node-metrics:request-total:{client-id=producer-1, node-id=node-3}         : 26765,000
producer-node-metrics:request-total:{client-id=producer-1, node-id=node-6}         : 26548,000
producer-node-metrics:response-rate:{client-id=producer-1, node-id=node--3}        : 0,000
producer-node-metrics:response-rate:{client-id=producer-1, node-id=node-1}         : 80,995
producer-node-metrics:response-rate:{client-id=producer-1, node-id=node-3}         : 81,075
producer-node-metrics:response-rate:{client-id=producer-1, node-id=node-6}         : 79,704
producer-node-metrics:response-total:{client-id=producer-1, node-id=node--3}       : 2,000
producer-node-metrics:response-total:{client-id=producer-1, node-id=node-1}        : 26691,000
producer-node-metrics:response-total:{client-id=producer-1, node-id=node-3}        : 26765,000
producer-node-metrics:response-total:{client-id=producer-1, node-id=node-6}        : 26548,000
producer-topic-metrics:byte-rate:{client-id=producer-1, topic=test-topic}          : 2436345,365
producer-topic-metrics:byte-total:{client-id=producer-1, topic=test-topic}         : 806148890,000
producer-topic-metrics:compression-rate:{client-id=producer-1, topic=test-topic}   : 1,000
producer-topic-metrics:record-error-rate:{client-id=producer-1, topic=test-topic}  : 0,000
producer-topic-metrics:record-error-total:{client-id=producer-1, topic=test-topic} : 0,000
producer-topic-metrics:record-retry-rate:{client-id=producer-1, topic=test-topic}  : 0,000
producer-topic-metrics:record-retry-total:{client-id=producer-1, topic=test-topic} : 0,000
producer-topic-metrics:record-send-rate:{client-id=producer-1, topic=test-topic}   : 241,780
producer-topic-metrics:record-send-total:{client-id=producer-1, topic=test-topic}  : 80000,000
Produce Time: 334.773
Aplication time: 335.496
