Topic to send: test-topic
Topic to acks: -1
Records: 80000
Size:20000
618 records sent, 123,6 records/sec (2,36 MB/sec), 8,0 ms avg latency, 282,0 ms max latency.
701 records sent, 140,2 records/sec (2,67 MB/sec), 7,1 ms avg latency, 35,0 ms max latency.
712 records sent, 142,4 records/sec (2,72 MB/sec), 7,0 ms avg latency, 9,0 ms max latency.
723 records sent, 144,5 records/sec (2,76 MB/sec), 6,9 ms avg latency, 32,0 ms max latency.
734 records sent, 146,7 records/sec (2,80 MB/sec), 6,8 ms avg latency, 8,0 ms max latency.
730 records sent, 145,9 records/sec (2,78 MB/sec), 6,8 ms avg latency, 26,0 ms max latency.
706 records sent, 141,1 records/sec (2,69 MB/sec), 7,0 ms avg latency, 64,0 ms max latency.
724 records sent, 144,7 records/sec (2,76 MB/sec), 6,9 ms avg latency, 35,0 ms max latency.
732 records sent, 146,3 records/sec (2,79 MB/sec), 6,8 ms avg latency, 21,0 ms max latency.
735 records sent, 147,0 records/sec (2,80 MB/sec), 6,8 ms avg latency, 37,0 ms max latency.
740 records sent, 147,9 records/sec (2,82 MB/sec), 6,7 ms avg latency, 8,0 ms max latency.
742 records sent, 148,3 records/sec (2,83 MB/sec), 6,7 ms avg latency, 16,0 ms max latency.
730 records sent, 145,9 records/sec (2,78 MB/sec), 6,8 ms avg latency, 35,0 ms max latency.
729 records sent, 145,8 records/sec (2,78 MB/sec), 6,9 ms avg latency, 57,0 ms max latency.
742 records sent, 148,3 records/sec (2,83 MB/sec), 6,7 ms avg latency, 15,0 ms max latency.
745 records sent, 149,0 records/sec (2,84 MB/sec), 6,7 ms avg latency, 23,0 ms max latency.
746 records sent, 149,1 records/sec (2,84 MB/sec), 6,7 ms avg latency, 8,0 ms max latency.
738 records sent, 147,4 records/sec (2,81 MB/sec), 6,8 ms avg latency, 32,0 ms max latency.
711 records sent, 129,7 records/sec (2,47 MB/sec), 7,7 ms avg latency, 657,0 ms max latency.
726 records sent, 145,2 records/sec (2,77 MB/sec), 6,9 ms avg latency, 63,0 ms max latency.
737 records sent, 147,3 records/sec (2,81 MB/sec), 6,8 ms avg latency, 21,0 ms max latency.
741 records sent, 148,1 records/sec (2,83 MB/sec), 6,7 ms avg latency, 8,0 ms max latency.
747 records sent, 149,3 records/sec (2,85 MB/sec), 6,7 ms avg latency, 8,0 ms max latency.
740 records sent, 148,0 records/sec (2,82 MB/sec), 6,7 ms avg latency, 22,0 ms max latency.
738 records sent, 147,6 records/sec (2,81 MB/sec), 6,8 ms avg latency, 37,0 ms max latency.
702 records sent, 140,3 records/sec (2,68 MB/sec), 7,1 ms avg latency, 139,0 ms max latency.
740 records sent, 147,9 records/sec (2,82 MB/sec), 6,7 ms avg latency, 18,0 ms max latency.
731 records sent, 146,2 records/sec (2,79 MB/sec), 6,8 ms avg latency, 35,0 ms max latency.
742 records sent, 148,3 records/sec (2,83 MB/sec), 6,7 ms avg latency, 16,0 ms max latency.
740 records sent, 147,9 records/sec (2,82 MB/sec), 6,7 ms avg latency, 8,0 ms max latency.
736 records sent, 147,2 records/sec (2,81 MB/sec), 6,8 ms avg latency, 28,0 ms max latency.
694 records sent, 138,7 records/sec (2,65 MB/sec), 7,2 ms avg latency, 189,0 ms max latency.
739 records sent, 147,8 records/sec (2,82 MB/sec), 6,8 ms avg latency, 8,0 ms max latency.
738 records sent, 147,6 records/sec (2,82 MB/sec), 6,8 ms avg latency, 38,0 ms max latency.
736 records sent, 147,1 records/sec (2,81 MB/sec), 6,8 ms avg latency, 41,0 ms max latency.
738 records sent, 147,5 records/sec (2,81 MB/sec), 6,8 ms avg latency, 23,0 ms max latency.
742 records sent, 148,4 records/sec (2,83 MB/sec), 6,7 ms avg latency, 8,0 ms max latency.
743 records sent, 148,4 records/sec (2,83 MB/sec), 6,7 ms avg latency, 12,0 ms max latency.
738 records sent, 147,5 records/sec (2,81 MB/sec), 6,8 ms avg latency, 10,0 ms max latency.
738 records sent, 147,5 records/sec (2,81 MB/sec), 6,8 ms avg latency, 34,0 ms max latency.
740 records sent, 148,0 records/sec (2,82 MB/sec), 6,7 ms avg latency, 21,0 ms max latency.
744 records sent, 148,8 records/sec (2,84 MB/sec), 6,7 ms avg latency, 8,0 ms max latency.
740 records sent, 147,9 records/sec (2,82 MB/sec), 6,8 ms avg latency, 38,0 ms max latency.
742 records sent, 148,3 records/sec (2,83 MB/sec), 6,7 ms avg latency, 26,0 ms max latency.
738 records sent, 147,5 records/sec (2,81 MB/sec), 6,8 ms avg latency, 52,0 ms max latency.
744 records sent, 148,7 records/sec (2,84 MB/sec), 6,7 ms avg latency, 8,0 ms max latency.
740 records sent, 147,9 records/sec (2,82 MB/sec), 6,7 ms avg latency, 8,0 ms max latency.
737 records sent, 147,3 records/sec (2,81 MB/sec), 6,8 ms avg latency, 33,0 ms max latency.
746 records sent, 149,1 records/sec (2,84 MB/sec), 6,7 ms avg latency, 9,0 ms max latency.
681 records sent, 136,1 records/sec (2,60 MB/sec), 7,3 ms avg latency, 414,0 ms max latency.
732 records sent, 146,4 records/sec (2,79 MB/sec), 6,8 ms avg latency, 83,0 ms max latency.
724 records sent, 144,7 records/sec (2,76 MB/sec), 6,9 ms avg latency, 52,0 ms max latency.
741 records sent, 148,1 records/sec (2,83 MB/sec), 6,7 ms avg latency, 34,0 ms max latency.
738 records sent, 147,5 records/sec (2,81 MB/sec), 6,8 ms avg latency, 34,0 ms max latency.
739 records sent, 147,8 records/sec (2,82 MB/sec), 6,8 ms avg latency, 32,0 ms max latency.
737 records sent, 147,2 records/sec (2,81 MB/sec), 6,8 ms avg latency, 28,0 ms max latency.
655 records sent, 131,0 records/sec (2,50 MB/sec), 7,6 ms avg latency, 454,0 ms max latency.
740 records sent, 147,9 records/sec (2,82 MB/sec), 6,7 ms avg latency, 27,0 ms max latency.
738 records sent, 147,5 records/sec (2,81 MB/sec), 6,8 ms avg latency, 42,0 ms max latency.
745 records sent, 148,9 records/sec (2,84 MB/sec), 6,7 ms avg latency, 9,0 ms max latency.
741 records sent, 148,1 records/sec (2,82 MB/sec), 6,7 ms avg latency, 20,0 ms max latency.
733 records sent, 146,6 records/sec (2,80 MB/sec), 6,8 ms avg latency, 34,0 ms max latency.
735 records sent, 147,0 records/sec (2,80 MB/sec), 6,8 ms avg latency, 35,0 ms max latency.
723 records sent, 144,6 records/sec (2,76 MB/sec), 6,9 ms avg latency, 77,0 ms max latency.
740 records sent, 147,9 records/sec (2,82 MB/sec), 6,7 ms avg latency, 20,0 ms max latency.
744 records sent, 148,8 records/sec (2,84 MB/sec), 6,7 ms avg latency, 8,0 ms max latency.
736 records sent, 147,2 records/sec (2,81 MB/sec), 6,8 ms avg latency, 27,0 ms max latency.
740 records sent, 147,9 records/sec (2,82 MB/sec), 6,7 ms avg latency, 21,0 ms max latency.
732 records sent, 146,4 records/sec (2,79 MB/sec), 6,8 ms avg latency, 95,0 ms max latency.
738 records sent, 147,5 records/sec (2,81 MB/sec), 6,8 ms avg latency, 35,0 ms max latency.
716 records sent, 143,2 records/sec (2,73 MB/sec), 7,0 ms avg latency, 78,0 ms max latency.
744 records sent, 148,8 records/sec (2,84 MB/sec), 6,7 ms avg latency, 33,0 ms max latency.
747 records sent, 149,3 records/sec (2,85 MB/sec), 6,7 ms avg latency, 32,0 ms max latency.
743 records sent, 148,6 records/sec (2,83 MB/sec), 6,7 ms avg latency, 33,0 ms max latency.
743 records sent, 148,4 records/sec (2,83 MB/sec), 6,7 ms avg latency, 30,0 ms max latency.
746 records sent, 149,0 records/sec (2,84 MB/sec), 6,7 ms avg latency, 10,0 ms max latency.
725 records sent, 144,8 records/sec (2,76 MB/sec), 6,9 ms avg latency, 71,0 ms max latency.
743 records sent, 148,6 records/sec (2,83 MB/sec), 6,7 ms avg latency, 8,0 ms max latency.
743 records sent, 148,4 records/sec (2,83 MB/sec), 6,7 ms avg latency, 31,0 ms max latency.
749 records sent, 149,7 records/sec (2,86 MB/sec), 6,7 ms avg latency, 8,0 ms max latency.
719 records sent, 143,7 records/sec (2,74 MB/sec), 6,9 ms avg latency, 170,0 ms max latency.
738 records sent, 147,5 records/sec (2,81 MB/sec), 6,8 ms avg latency, 12,0 ms max latency.
721 records sent, 144,1 records/sec (2,75 MB/sec), 6,9 ms avg latency, 115,0 ms max latency.
740 records sent, 148,0 records/sec (2,82 MB/sec), 6,7 ms avg latency, 21,0 ms max latency.
742 records sent, 148,4 records/sec (2,83 MB/sec), 6,7 ms avg latency, 13,0 ms max latency.
743 records sent, 148,5 records/sec (2,83 MB/sec), 6,7 ms avg latency, 37,0 ms max latency.
744 records sent, 148,7 records/sec (2,84 MB/sec), 6,7 ms avg latency, 8,0 ms max latency.
666 records sent, 133,1 records/sec (2,54 MB/sec), 7,5 ms avg latency, 397,0 ms max latency.
742 records sent, 148,3 records/sec (2,83 MB/sec), 6,7 ms avg latency, 23,0 ms max latency.
729 records sent, 145,7 records/sec (2,78 MB/sec), 6,9 ms avg latency, 73,0 ms max latency.
738 records sent, 147,5 records/sec (2,81 MB/sec), 6,8 ms avg latency, 31,0 ms max latency.
742 records sent, 148,4 records/sec (2,83 MB/sec), 6,7 ms avg latency, 17,0 ms max latency.
678 records sent, 135,5 records/sec (2,58 MB/sec), 7,4 ms avg latency, 452,0 ms max latency.
717 records sent, 143,3 records/sec (2,73 MB/sec), 7,0 ms avg latency, 88,0 ms max latency.
741 records sent, 148,2 records/sec (2,83 MB/sec), 6,7 ms avg latency, 12,0 ms max latency.
699 records sent, 139,7 records/sec (2,66 MB/sec), 7,1 ms avg latency, 104,0 ms max latency.
738 records sent, 147,6 records/sec (2,82 MB/sec), 6,8 ms avg latency, 8,0 ms max latency.
742 records sent, 148,3 records/sec (2,83 MB/sec), 6,7 ms avg latency, 8,0 ms max latency.
734 records sent, 146,7 records/sec (2,80 MB/sec), 6,8 ms avg latency, 31,0 ms max latency.
735 records sent, 147,0 records/sec (2,80 MB/sec), 6,8 ms avg latency, 34,0 ms max latency.
742 records sent, 148,3 records/sec (2,83 MB/sec), 6,7 ms avg latency, 8,0 ms max latency.
743 records sent, 148,5 records/sec (2,83 MB/sec), 6,7 ms avg latency, 8,0 ms max latency.
727 records sent, 145,4 records/sec (2,77 MB/sec), 6,9 ms avg latency, 40,0 ms max latency.
743 records sent, 148,6 records/sec (2,83 MB/sec), 6,7 ms avg latency, 8,0 ms max latency.
734 records sent, 146,8 records/sec (2,80 MB/sec), 6,8 ms avg latency, 35,0 ms max latency.
731 records sent, 146,2 records/sec (2,79 MB/sec), 6,8 ms avg latency, 36,0 ms max latency.
744 records sent, 148,7 records/sec (2,84 MB/sec), 6,7 ms avg latency, 8,0 ms max latency.
735 records sent, 147,0 records/sec (2,80 MB/sec), 6,8 ms avg latency, 32,0 ms max latency.
725 records sent, 144,9 records/sec (2,76 MB/sec), 6,9 ms avg latency, 46,0 ms max latency.
80000 records sent, 146,085102 records/sec (2,79 MB/sec), 6,83 ms avg latency, 657,00 ms max latency, 7 ms 50th, 7 ms 95th, 8 ms 99th, 32 ms 99.9th.

Metric Name                                                                          Value
app-info:commit-id:{client-id=producer-1}                                          : d4284cbebb6f0a4c
app-info:start-time-ms:{client-id=producer-1}                                      : 1590085793995
app-info:version:{client-id=producer-1}                                            : 2.3.1
kafka-metrics-count:count:{client-id=producer-1}                                   : 126,000
producer-metrics:batch-size-avg:{client-id=producer-1}                             : 20077,000
producer-metrics:batch-size-max:{client-id=producer-1}                             : 20077,000
producer-metrics:batch-split-rate:{client-id=producer-1}                           : 0,000
producer-metrics:batch-split-total:{client-id=producer-1}                          : 0,000
producer-metrics:buffer-available-bytes:{client-id=producer-1}                     : 33554432,000
producer-metrics:buffer-exhausted-rate:{client-id=producer-1}                      : 0,000
producer-metrics:buffer-exhausted-total:{client-id=producer-1}                     : 0,000
producer-metrics:buffer-total-bytes:{client-id=producer-1}                         : 33554432,000
producer-metrics:bufferpool-wait-ratio:{client-id=producer-1}                      : 0,000
producer-metrics:bufferpool-wait-time-total:{client-id=producer-1}                 : 0,000
producer-metrics:compression-rate-avg:{client-id=producer-1}                       : 1,000
producer-metrics:connection-close-rate:{client-id=producer-1}                      : 0,027
producer-metrics:connection-close-total:{client-id=producer-1}                     : 1,000
producer-metrics:connection-count:{client-id=producer-1}                           : 3,000
producer-metrics:connection-creation-rate:{client-id=producer-1}                   : 0,000
producer-metrics:connection-creation-total:{client-id=producer-1}                  : 4,000
producer-metrics:failed-authentication-rate:{client-id=producer-1}                 : 0,000
producer-metrics:failed-authentication-total:{client-id=producer-1}                : 0,000
producer-metrics:failed-reauthentication-rate:{client-id=producer-1}               : 0,000
producer-metrics:failed-reauthentication-total:{client-id=producer-1}              : 0,000
producer-metrics:incoming-byte-rate:{client-id=producer-1}                         : 9105,815
producer-metrics:incoming-byte-total:{client-id=producer-1}                        : 4962031,000
producer-metrics:io-ratio:{client-id=producer-1}                                   : 0,010
producer-metrics:io-time-ns-avg:{client-id=producer-1}                             : 22037,879
producer-metrics:io-wait-ratio:{client-id=producer-1}                              : 0,976
producer-metrics:io-wait-time-ns-avg:{client-id=producer-1}                        : 2216143,137
producer-metrics:io-waittime-total:{client-id=producer-1}                          : 533413560351,000
producer-metrics:iotime-total:{client-id=producer-1}                               : 5459633991,000
producer-metrics:metadata-age:{client-id=producer-1}                               : 7,440
producer-metrics:network-io-rate:{client-id=producer-1}                            : 293,509
producer-metrics:network-io-total:{client-id=producer-1}                           : 160014,000
producer-metrics:outgoing-byte-rate:{client-id=producer-1}                         : 2956172,905
producer-metrics:outgoing-byte-total:{client-id=producer-1}                        : 1611749115,000
producer-metrics:produce-throttle-time-avg:{client-id=producer-1}                  : 0,000
producer-metrics:produce-throttle-time-max:{client-id=producer-1}                  : 0,000
producer-metrics:reauthentication-latency-avg:{client-id=producer-1}               : NaN
producer-metrics:reauthentication-latency-max:{client-id=producer-1}               : NaN
producer-metrics:record-error-rate:{client-id=producer-1}                          : 0,000
producer-metrics:record-error-total:{client-id=producer-1}                         : 0,000
producer-metrics:record-queue-time-avg:{client-id=producer-1}                      : 0,038
producer-metrics:record-queue-time-max:{client-id=producer-1}                      : 5,000
producer-metrics:record-retry-rate:{client-id=producer-1}                          : 0,000
producer-metrics:record-retry-total:{client-id=producer-1}                         : 0,000
producer-metrics:record-send-rate:{client-id=producer-1}                           : 146,714
producer-metrics:record-send-total:{client-id=producer-1}                          : 80000,000
producer-metrics:record-size-avg:{client-id=producer-1}                            : 20092,000
producer-metrics:record-size-max:{client-id=producer-1}                            : 20092,000
producer-metrics:records-per-request-avg:{client-id=producer-1}                    : 1,000
producer-metrics:request-latency-avg:{client-id=producer-1}                        : 6,732
producer-metrics:request-latency-max:{client-id=producer-1}                        : 46,000
producer-metrics:request-rate:{client-id=producer-1}                               : 146,745
producer-metrics:request-size-avg:{client-id=producer-1}                           : 20143,337
producer-metrics:request-size-max:{client-id=producer-1}                           : 20147,000
producer-metrics:request-total:{client-id=producer-1}                              : 80007,000
producer-metrics:requests-in-flight:{client-id=producer-1}                         : 0,000
producer-metrics:response-rate:{client-id=producer-1}                              : 146,768
producer-metrics:response-total:{client-id=producer-1}                             : 80007,000
producer-metrics:select-rate:{client-id=producer-1}                                : 440,198
producer-metrics:select-total:{client-id=producer-1}                               : 239979,000
producer-metrics:successful-authentication-no-reauth-total:{client-id=producer-1}  : 0,000
producer-metrics:successful-authentication-rate:{client-id=producer-1}             : 0,000
producer-metrics:successful-authentication-total:{client-id=producer-1}            : 0,000
producer-metrics:successful-reauthentication-rate:{client-id=producer-1}           : 0,000
producer-metrics:successful-reauthentication-total:{client-id=producer-1}          : 0,000
producer-metrics:waiting-threads:{client-id=producer-1}                            : 0,000
producer-node-metrics:incoming-byte-rate:{client-id=producer-1, node-id=node--3}   : 0,000
producer-node-metrics:incoming-byte-rate:{client-id=producer-1, node-id=node-1}    : 3062,333
producer-node-metrics:incoming-byte-rate:{client-id=producer-1, node-id=node-3}    : 3010,698
producer-node-metrics:incoming-byte-rate:{client-id=producer-1, node-id=node-6}    : 3040,365
producer-node-metrics:incoming-byte-total:{client-id=producer-1, node-id=node--3}  : 579,000
producer-node-metrics:incoming-byte-total:{client-id=producer-1, node-id=node-1}   : 1659947,000
producer-node-metrics:incoming-byte-total:{client-id=producer-1, node-id=node-3}   : 1646431,000
producer-node-metrics:incoming-byte-total:{client-id=producer-1, node-id=node-6}   : 1655074,000
producer-node-metrics:outgoing-byte-rate:{client-id=producer-1, node-id=node--3}   : 0,000
producer-node-metrics:outgoing-byte-rate:{client-id=producer-1, node-id=node-1}    : 992482,924
producer-node-metrics:outgoing-byte-rate:{client-id=producer-1, node-id=node-3}    : 978225,797
producer-node-metrics:outgoing-byte-rate:{client-id=producer-1, node-id=node-6}    : 987838,155
producer-node-metrics:outgoing-byte-total:{client-id=producer-1, node-id=node--3}  : 67,000
producer-node-metrics:outgoing-byte-total:{client-id=producer-1, node-id=node-1}   : 539210556,000
producer-node-metrics:outgoing-byte-total:{client-id=producer-1, node-id=node-3}   : 534818732,000
producer-node-metrics:outgoing-byte-total:{client-id=producer-1, node-id=node-6}   : 537719760,000
producer-node-metrics:request-latency-avg:{client-id=producer-1, node-id=node--3}  : NaN
producer-node-metrics:request-latency-avg:{client-id=producer-1, node-id=node-1}   : 7,062
producer-node-metrics:request-latency-avg:{client-id=producer-1, node-id=node-3}   : 6,601
producer-node-metrics:request-latency-avg:{client-id=producer-1, node-id=node-6}   : 6,531
producer-node-metrics:request-latency-max:{client-id=producer-1, node-id=node--3}  : NaN
producer-node-metrics:request-latency-max:{client-id=producer-1, node-id=node-1}   : 46,000
producer-node-metrics:request-latency-max:{client-id=producer-1, node-id=node-3}   : 36,000
producer-node-metrics:request-latency-max:{client-id=producer-1, node-id=node-6}   : 35,000
producer-node-metrics:request-rate:{client-id=producer-1, node-id=node--3}         : 0,000
producer-node-metrics:request-rate:{client-id=producer-1, node-id=node-1}          : 49,286
producer-node-metrics:request-rate:{client-id=producer-1, node-id=node-3}          : 48,552
producer-node-metrics:request-rate:{client-id=producer-1, node-id=node-6}          : 49,029
producer-node-metrics:request-size-avg:{client-id=producer-1, node-id=node--3}     : NaN
producer-node-metrics:request-size-avg:{client-id=producer-1, node-id=node-1}      : 20136,014
producer-node-metrics:request-size-avg:{client-id=producer-1, node-id=node-3}      : 20147,000
producer-node-metrics:request-size-avg:{client-id=producer-1, node-id=node-6}      : 20147,000
producer-node-metrics:request-size-max:{client-id=producer-1, node-id=node--3}     : NaN
producer-node-metrics:request-size-max:{client-id=producer-1, node-id=node-1}      : 20147,000
producer-node-metrics:request-size-max:{client-id=producer-1, node-id=node-3}      : 20147,000
producer-node-metrics:request-size-max:{client-id=producer-1, node-id=node-6}      : 20147,000
producer-node-metrics:request-total:{client-id=producer-1, node-id=node--3}        : 2,000
producer-node-metrics:request-total:{client-id=producer-1, node-id=node-1}         : 26766,000
producer-node-metrics:request-total:{client-id=producer-1, node-id=node-3}         : 26548,000
producer-node-metrics:request-total:{client-id=producer-1, node-id=node-6}         : 26691,000
producer-node-metrics:response-rate:{client-id=producer-1, node-id=node--3}        : 0,000
producer-node-metrics:response-rate:{client-id=producer-1, node-id=node-1}         : 49,296
producer-node-metrics:response-rate:{client-id=producer-1, node-id=node-3}         : 48,560
producer-node-metrics:response-rate:{client-id=producer-1, node-id=node-6}         : 49,038
producer-node-metrics:response-total:{client-id=producer-1, node-id=node--3}       : 2,000
producer-node-metrics:response-total:{client-id=producer-1, node-id=node-1}        : 26766,000
producer-node-metrics:response-total:{client-id=producer-1, node-id=node-3}        : 26548,000
producer-node-metrics:response-total:{client-id=producer-1, node-id=node-6}        : 26691,000
producer-topic-metrics:byte-rate:{client-id=producer-1, topic=test-topic}          : 2945602,079
producer-topic-metrics:byte-total:{client-id=producer-1, topic=test-topic}         : 1606148890,000
producer-topic-metrics:compression-rate:{client-id=producer-1, topic=test-topic}   : 1,000
producer-topic-metrics:record-error-rate:{client-id=producer-1, topic=test-topic}  : 0,000
producer-topic-metrics:record-error-total:{client-id=producer-1, topic=test-topic} : 0,000
producer-topic-metrics:record-retry-rate:{client-id=producer-1, topic=test-topic}  : 0,000
producer-topic-metrics:record-retry-total:{client-id=producer-1, topic=test-topic} : 0,000
producer-topic-metrics:record-send-rate:{client-id=producer-1, topic=test-topic}   : 146,715
producer-topic-metrics:record-send-total:{client-id=producer-1, topic=test-topic}  : 80000,000
Produce Time: 547.624
Aplication time: 548.397
