Topic to send: test-topic
Topic to acks: -1
Records: 80000
Size:20000
618 records sent, 123,5 records/sec (2,36 MB/sec), 8,0 ms avg latency, 280,0 ms max latency.
699 records sent, 139,8 records/sec (2,67 MB/sec), 7,1 ms avg latency, 29,0 ms max latency.
706 records sent, 141,1 records/sec (2,69 MB/sec), 7,0 ms avg latency, 32,0 ms max latency.
716 records sent, 143,1 records/sec (2,73 MB/sec), 7,0 ms avg latency, 38,0 ms max latency.
732 records sent, 146,3 records/sec (2,79 MB/sec), 6,8 ms avg latency, 8,0 ms max latency.
721 records sent, 144,1 records/sec (2,75 MB/sec), 6,9 ms avg latency, 33,0 ms max latency.
712 records sent, 142,3 records/sec (2,71 MB/sec), 7,0 ms avg latency, 78,0 ms max latency.
728 records sent, 145,5 records/sec (2,77 MB/sec), 6,9 ms avg latency, 33,0 ms max latency.
733 records sent, 146,4 records/sec (2,79 MB/sec), 6,8 ms avg latency, 27,0 ms max latency.
706 records sent, 141,0 records/sec (2,69 MB/sec), 7,1 ms avg latency, 220,0 ms max latency.
726 records sent, 145,0 records/sec (2,77 MB/sec), 6,9 ms avg latency, 38,0 ms max latency.
729 records sent, 145,7 records/sec (2,78 MB/sec), 6,9 ms avg latency, 34,0 ms max latency.
715 records sent, 142,9 records/sec (2,72 MB/sec), 7,0 ms avg latency, 71,0 ms max latency.
713 records sent, 142,5 records/sec (2,72 MB/sec), 7,0 ms avg latency, 135,0 ms max latency.
699 records sent, 139,6 records/sec (2,66 MB/sec), 7,2 ms avg latency, 257,0 ms max latency.
736 records sent, 147,0 records/sec (2,80 MB/sec), 6,8 ms avg latency, 25,0 ms max latency.
736 records sent, 147,1 records/sec (2,81 MB/sec), 6,8 ms avg latency, 8,0 ms max latency.
741 records sent, 148,1 records/sec (2,82 MB/sec), 6,7 ms avg latency, 16,0 ms max latency.
735 records sent, 146,9 records/sec (2,80 MB/sec), 6,8 ms avg latency, 16,0 ms max latency.
722 records sent, 144,3 records/sec (2,75 MB/sec), 6,9 ms avg latency, 59,0 ms max latency.
742 records sent, 148,3 records/sec (2,83 MB/sec), 6,7 ms avg latency, 8,0 ms max latency.
729 records sent, 145,7 records/sec (2,78 MB/sec), 6,8 ms avg latency, 35,0 ms max latency.
735 records sent, 146,9 records/sec (2,80 MB/sec), 6,8 ms avg latency, 33,0 ms max latency.
713 records sent, 142,5 records/sec (2,72 MB/sec), 7,0 ms avg latency, 145,0 ms max latency.
735 records sent, 147,0 records/sec (2,80 MB/sec), 6,8 ms avg latency, 31,0 ms max latency.
714 records sent, 142,7 records/sec (2,72 MB/sec), 7,0 ms avg latency, 75,0 ms max latency.
732 records sent, 146,3 records/sec (2,79 MB/sec), 6,8 ms avg latency, 38,0 ms max latency.
742 records sent, 148,4 records/sec (2,83 MB/sec), 6,7 ms avg latency, 26,0 ms max latency.
741 records sent, 148,1 records/sec (2,83 MB/sec), 6,7 ms avg latency, 16,0 ms max latency.
740 records sent, 147,8 records/sec (2,82 MB/sec), 6,8 ms avg latency, 8,0 ms max latency.
734 records sent, 146,7 records/sec (2,80 MB/sec), 6,8 ms avg latency, 33,0 ms max latency.
718 records sent, 143,4 records/sec (2,74 MB/sec), 7,0 ms avg latency, 41,0 ms max latency.
655 records sent, 131,0 records/sec (2,50 MB/sec), 7,6 ms avg latency, 559,0 ms max latency.
734 records sent, 146,8 records/sec (2,80 MB/sec), 6,8 ms avg latency, 28,0 ms max latency.
739 records sent, 147,7 records/sec (2,82 MB/sec), 6,8 ms avg latency, 26,0 ms max latency.
731 records sent, 146,1 records/sec (2,79 MB/sec), 6,8 ms avg latency, 40,0 ms max latency.
734 records sent, 146,6 records/sec (2,80 MB/sec), 6,8 ms avg latency, 16,0 ms max latency.
718 records sent, 143,5 records/sec (2,74 MB/sec), 6,9 ms avg latency, 151,0 ms max latency.
733 records sent, 146,5 records/sec (2,79 MB/sec), 6,8 ms avg latency, 40,0 ms max latency.
731 records sent, 146,1 records/sec (2,79 MB/sec), 6,8 ms avg latency, 35,0 ms max latency.
737 records sent, 147,4 records/sec (2,81 MB/sec), 6,8 ms avg latency, 13,0 ms max latency.
731 records sent, 146,2 records/sec (2,79 MB/sec), 6,8 ms avg latency, 11,0 ms max latency.
723 records sent, 144,4 records/sec (2,75 MB/sec), 6,9 ms avg latency, 28,0 ms max latency.
729 records sent, 145,8 records/sec (2,78 MB/sec), 6,8 ms avg latency, 40,0 ms max latency.
726 records sent, 145,1 records/sec (2,77 MB/sec), 6,9 ms avg latency, 72,0 ms max latency.
736 records sent, 147,0 records/sec (2,80 MB/sec), 6,8 ms avg latency, 36,0 ms max latency.
731 records sent, 146,1 records/sec (2,79 MB/sec), 6,8 ms avg latency, 36,0 ms max latency.
736 records sent, 147,1 records/sec (2,81 MB/sec), 6,8 ms avg latency, 8,0 ms max latency.
740 records sent, 148,0 records/sec (2,82 MB/sec), 6,8 ms avg latency, 9,0 ms max latency.
738 records sent, 147,5 records/sec (2,81 MB/sec), 6,8 ms avg latency, 31,0 ms max latency.
709 records sent, 141,7 records/sec (2,70 MB/sec), 7,0 ms avg latency, 90,0 ms max latency.
737 records sent, 147,3 records/sec (2,81 MB/sec), 6,8 ms avg latency, 28,0 ms max latency.
728 records sent, 145,4 records/sec (2,77 MB/sec), 6,9 ms avg latency, 42,0 ms max latency.
738 records sent, 147,4 records/sec (2,81 MB/sec), 6,8 ms avg latency, 25,0 ms max latency.
724 records sent, 144,6 records/sec (2,76 MB/sec), 6,9 ms avg latency, 38,0 ms max latency.
739 records sent, 147,7 records/sec (2,82 MB/sec), 6,8 ms avg latency, 34,0 ms max latency.
734 records sent, 146,7 records/sec (2,80 MB/sec), 6,8 ms avg latency, 32,0 ms max latency.
723 records sent, 144,5 records/sec (2,76 MB/sec), 6,9 ms avg latency, 48,0 ms max latency.
728 records sent, 145,5 records/sec (2,78 MB/sec), 6,8 ms avg latency, 31,0 ms max latency.
720 records sent, 143,8 records/sec (2,74 MB/sec), 6,9 ms avg latency, 112,0 ms max latency.
729 records sent, 145,8 records/sec (2,78 MB/sec), 6,8 ms avg latency, 8,0 ms max latency.
725 records sent, 144,9 records/sec (2,76 MB/sec), 6,9 ms avg latency, 34,0 ms max latency.
735 records sent, 146,9 records/sec (2,80 MB/sec), 6,8 ms avg latency, 40,0 ms max latency.
719 records sent, 143,7 records/sec (2,74 MB/sec), 6,9 ms avg latency, 107,0 ms max latency.
738 records sent, 147,5 records/sec (2,81 MB/sec), 6,8 ms avg latency, 8,0 ms max latency.
733 records sent, 146,6 records/sec (2,80 MB/sec), 6,8 ms avg latency, 27,0 ms max latency.
732 records sent, 146,3 records/sec (2,79 MB/sec), 6,8 ms avg latency, 9,0 ms max latency.
707 records sent, 141,4 records/sec (2,70 MB/sec), 7,1 ms avg latency, 198,0 ms max latency.
737 records sent, 147,3 records/sec (2,81 MB/sec), 6,8 ms avg latency, 8,0 ms max latency.
717 records sent, 143,4 records/sec (2,73 MB/sec), 7,0 ms avg latency, 81,0 ms max latency.
725 records sent, 144,9 records/sec (2,76 MB/sec), 6,9 ms avg latency, 78,0 ms max latency.
731 records sent, 146,1 records/sec (2,79 MB/sec), 6,8 ms avg latency, 38,0 ms max latency.
727 records sent, 145,2 records/sec (2,77 MB/sec), 6,9 ms avg latency, 62,0 ms max latency.
742 records sent, 148,4 records/sec (2,83 MB/sec), 6,7 ms avg latency, 27,0 ms max latency.
742 records sent, 148,3 records/sec (2,83 MB/sec), 6,7 ms avg latency, 34,0 ms max latency.
740 records sent, 147,9 records/sec (2,82 MB/sec), 6,7 ms avg latency, 8,0 ms max latency.
699 records sent, 139,7 records/sec (2,66 MB/sec), 7,1 ms avg latency, 165,0 ms max latency.
721 records sent, 144,1 records/sec (2,75 MB/sec), 6,9 ms avg latency, 173,0 ms max latency.
734 records sent, 146,7 records/sec (2,80 MB/sec), 6,8 ms avg latency, 40,0 ms max latency.
733 records sent, 146,4 records/sec (2,79 MB/sec), 6,8 ms avg latency, 42,0 ms max latency.
737 records sent, 147,3 records/sec (2,81 MB/sec), 6,8 ms avg latency, 29,0 ms max latency.
743 records sent, 148,6 records/sec (2,83 MB/sec), 6,7 ms avg latency, 8,0 ms max latency.
708 records sent, 141,5 records/sec (2,70 MB/sec), 7,0 ms avg latency, 95,0 ms max latency.
727 records sent, 145,3 records/sec (2,77 MB/sec), 6,9 ms avg latency, 57,0 ms max latency.
730 records sent, 145,9 records/sec (2,78 MB/sec), 6,8 ms avg latency, 35,0 ms max latency.
744 records sent, 148,8 records/sec (2,84 MB/sec), 6,7 ms avg latency, 8,0 ms max latency.
735 records sent, 146,9 records/sec (2,80 MB/sec), 6,8 ms avg latency, 40,0 ms max latency.
737 records sent, 147,4 records/sec (2,81 MB/sec), 6,8 ms avg latency, 26,0 ms max latency.
735 records sent, 146,9 records/sec (2,80 MB/sec), 6,8 ms avg latency, 33,0 ms max latency.
717 records sent, 143,4 records/sec (2,73 MB/sec), 7,0 ms avg latency, 70,0 ms max latency.
726 records sent, 145,1 records/sec (2,77 MB/sec), 6,9 ms avg latency, 35,0 ms max latency.
727 records sent, 145,4 records/sec (2,77 MB/sec), 6,9 ms avg latency, 28,0 ms max latency.
711 records sent, 142,2 records/sec (2,71 MB/sec), 7,0 ms avg latency, 161,0 ms max latency.
736 records sent, 147,1 records/sec (2,81 MB/sec), 6,8 ms avg latency, 26,0 ms max latency.
741 records sent, 148,2 records/sec (2,83 MB/sec), 6,7 ms avg latency, 8,0 ms max latency.
718 records sent, 143,5 records/sec (2,74 MB/sec), 7,0 ms avg latency, 73,0 ms max latency.
739 records sent, 147,8 records/sec (2,82 MB/sec), 6,8 ms avg latency, 11,0 ms max latency.
746 records sent, 149,2 records/sec (2,85 MB/sec), 6,7 ms avg latency, 8,0 ms max latency.
739 records sent, 147,8 records/sec (2,82 MB/sec), 6,8 ms avg latency, 32,0 ms max latency.
744 records sent, 148,7 records/sec (2,84 MB/sec), 6,7 ms avg latency, 8,0 ms max latency.
738 records sent, 147,5 records/sec (2,81 MB/sec), 6,8 ms avg latency, 22,0 ms max latency.
736 records sent, 145,7 records/sec (2,78 MB/sec), 6,9 ms avg latency, 58,0 ms max latency.
722 records sent, 144,3 records/sec (2,75 MB/sec), 6,9 ms avg latency, 67,0 ms max latency.
741 records sent, 148,0 records/sec (2,82 MB/sec), 6,7 ms avg latency, 31,0 ms max latency.
738 records sent, 147,6 records/sec (2,82 MB/sec), 6,8 ms avg latency, 10,0 ms max latency.
722 records sent, 144,4 records/sec (2,75 MB/sec), 6,9 ms avg latency, 81,0 ms max latency.
733 records sent, 146,5 records/sec (2,79 MB/sec), 6,8 ms avg latency, 34,0 ms max latency.
736 records sent, 147,0 records/sec (2,80 MB/sec), 6,8 ms avg latency, 34,0 ms max latency.
705 records sent, 141,0 records/sec (2,69 MB/sec), 7,1 ms avg latency, 144,0 ms max latency.
728 records sent, 145,5 records/sec (2,77 MB/sec), 6,9 ms avg latency, 59,0 ms max latency.
80000 records sent, 145,298416 records/sec (2,77 MB/sec), 6,86 ms avg latency, 559,00 ms max latency, 7 ms 50th, 7 ms 95th, 8 ms 99th, 33 ms 99.9th.

Metric Name                                                                          Value
app-info:commit-id:{client-id=producer-1}                                          : d4284cbebb6f0a4c
app-info:start-time-ms:{client-id=producer-1}                                      : 1590090674428
app-info:version:{client-id=producer-1}                                            : 2.3.1
kafka-metrics-count:count:{client-id=producer-1}                                   : 126,000
producer-metrics:batch-size-avg:{client-id=producer-1}                             : 20077,000
producer-metrics:batch-size-max:{client-id=producer-1}                             : 20077,000
producer-metrics:batch-split-rate:{client-id=producer-1}                           : 0,000
producer-metrics:batch-split-total:{client-id=producer-1}                          : 0,000
producer-metrics:buffer-available-bytes:{client-id=producer-1}                     : 33554432,000
producer-metrics:buffer-exhausted-rate:{client-id=producer-1}                      : 0,000
producer-metrics:buffer-exhausted-total:{client-id=producer-1}                     : 0,000
producer-metrics:buffer-total-bytes:{client-id=producer-1}                         : 33554432,000
producer-metrics:bufferpool-wait-ratio:{client-id=producer-1}                      : 0,000
producer-metrics:bufferpool-wait-time-total:{client-id=producer-1}                 : 0,000
producer-metrics:compression-rate-avg:{client-id=producer-1}                       : 1,000
producer-metrics:connection-close-rate:{client-id=producer-1}                      : 0,025
producer-metrics:connection-close-total:{client-id=producer-1}                     : 1,000
producer-metrics:connection-count:{client-id=producer-1}                           : 3,000
producer-metrics:connection-creation-rate:{client-id=producer-1}                   : 0,000
producer-metrics:connection-creation-total:{client-id=producer-1}                  : 4,000
producer-metrics:failed-authentication-rate:{client-id=producer-1}                 : 0,000
producer-metrics:failed-authentication-total:{client-id=producer-1}                : 0,000
producer-metrics:failed-reauthentication-rate:{client-id=producer-1}               : 0,000
producer-metrics:failed-reauthentication-total:{client-id=producer-1}              : 0,000
producer-metrics:incoming-byte-rate:{client-id=producer-1}                         : 9011,276
producer-metrics:incoming-byte-total:{client-id=producer-1}                        : 4962031,000
producer-metrics:io-ratio:{client-id=producer-1}                                   : 0,010
producer-metrics:io-time-ns-avg:{client-id=producer-1}                             : 21982,133
producer-metrics:io-wait-ratio:{client-id=producer-1}                              : 0,976
producer-metrics:io-wait-time-ns-avg:{client-id=producer-1}                        : 2241283,324
producer-metrics:io-waittime-total:{client-id=producer-1}                          : 536425708251,000
producer-metrics:iotime-total:{client-id=producer-1}                               : 5427626529,000
producer-metrics:metadata-age:{client-id=producer-1}                               : 10,397
producer-metrics:network-io-rate:{client-id=producer-1}                            : 290,483
producer-metrics:network-io-total:{client-id=producer-1}                           : 160014,000
producer-metrics:outgoing-byte-rate:{client-id=producer-1}                         : 2925652,861
producer-metrics:outgoing-byte-total:{client-id=producer-1}                        : 1611749115,000
producer-metrics:produce-throttle-time-avg:{client-id=producer-1}                  : 0,000
producer-metrics:produce-throttle-time-max:{client-id=producer-1}                  : 0,000
producer-metrics:reauthentication-latency-avg:{client-id=producer-1}               : NaN
producer-metrics:reauthentication-latency-max:{client-id=producer-1}               : NaN
producer-metrics:record-error-rate:{client-id=producer-1}                          : 0,000
producer-metrics:record-error-total:{client-id=producer-1}                         : 0,000
producer-metrics:record-queue-time-avg:{client-id=producer-1}                      : 0,028
producer-metrics:record-queue-time-max:{client-id=producer-1}                      : 1,000
producer-metrics:record-retry-rate:{client-id=producer-1}                          : 0,000
producer-metrics:record-retry-total:{client-id=producer-1}                         : 0,000
producer-metrics:record-send-rate:{client-id=producer-1}                           : 145,211
producer-metrics:record-send-total:{client-id=producer-1}                          : 80000,000
producer-metrics:record-size-avg:{client-id=producer-1}                            : 20092,000
producer-metrics:record-size-max:{client-id=producer-1}                            : 20092,000
producer-metrics:records-per-request-avg:{client-id=producer-1}                    : 1,000
producer-metrics:request-latency-avg:{client-id=producer-1}                        : 6,812
producer-metrics:request-latency-max:{client-id=producer-1}                        : 144,000
producer-metrics:request-rate:{client-id=producer-1}                               : 145,229
producer-metrics:request-size-avg:{client-id=producer-1}                           : 20143,569
producer-metrics:request-size-max:{client-id=producer-1}                           : 20147,000
producer-metrics:request-total:{client-id=producer-1}                              : 80007,000
producer-metrics:requests-in-flight:{client-id=producer-1}                         : 0,000
producer-metrics:response-rate:{client-id=producer-1}                              : 145,254
producer-metrics:response-total:{client-id=producer-1}                             : 80007,000
producer-metrics:select-rate:{client-id=producer-1}                                : 435,288
producer-metrics:select-total:{client-id=producer-1}                               : 239916,000
producer-metrics:successful-authentication-no-reauth-total:{client-id=producer-1}  : 0,000
producer-metrics:successful-authentication-rate:{client-id=producer-1}             : 0,000
producer-metrics:successful-authentication-total:{client-id=producer-1}            : 0,000
producer-metrics:successful-reauthentication-rate:{client-id=producer-1}           : 0,000
producer-metrics:successful-reauthentication-total:{client-id=producer-1}          : 0,000
producer-metrics:waiting-threads:{client-id=producer-1}                            : 0,000
producer-node-metrics:incoming-byte-rate:{client-id=producer-1, node-id=node--2}   : 0,000
producer-node-metrics:incoming-byte-rate:{client-id=producer-1, node-id=node-1}    : 3023,160
producer-node-metrics:incoming-byte-rate:{client-id=producer-1, node-id=node-3}    : 2987,635
producer-node-metrics:incoming-byte-rate:{client-id=producer-1, node-id=node-6}    : 3018,651
producer-node-metrics:incoming-byte-total:{client-id=producer-1, node-id=node--2}  : 579,000
producer-node-metrics:incoming-byte-total:{client-id=producer-1, node-id=node-1}   : 1659947,000
producer-node-metrics:incoming-byte-total:{client-id=producer-1, node-id=node-3}   : 1646431,000
producer-node-metrics:incoming-byte-total:{client-id=producer-1, node-id=node-6}   : 1655074,000
producer-node-metrics:outgoing-byte-rate:{client-id=producer-1, node-id=node--2}   : 0,000
producer-node-metrics:outgoing-byte-rate:{client-id=producer-1, node-id=node-1}    : 979918,428
producer-node-metrics:outgoing-byte-rate:{client-id=producer-1, node-id=node-3}    : 970739,678
producer-node-metrics:outgoing-byte-rate:{client-id=producer-1, node-id=node-6}    : 979606,259
producer-node-metrics:outgoing-byte-total:{client-id=producer-1, node-id=node--2}  : 67,000
producer-node-metrics:outgoing-byte-total:{client-id=producer-1, node-id=node-1}   : 539210556,000
producer-node-metrics:outgoing-byte-total:{client-id=producer-1, node-id=node-3}   : 534818732,000
producer-node-metrics:outgoing-byte-total:{client-id=producer-1, node-id=node-6}   : 537719760,000
producer-node-metrics:request-latency-avg:{client-id=producer-1, node-id=node--2}  : NaN
producer-node-metrics:request-latency-avg:{client-id=producer-1, node-id=node-1}   : 7,089
producer-node-metrics:request-latency-avg:{client-id=producer-1, node-id=node-3}   : 6,628
producer-node-metrics:request-latency-avg:{client-id=producer-1, node-id=node-6}   : 6,692
producer-node-metrics:request-latency-max:{client-id=producer-1, node-id=node--2}  : NaN
producer-node-metrics:request-latency-max:{client-id=producer-1, node-id=node-1}   : 144,000
producer-node-metrics:request-latency-max:{client-id=producer-1, node-id=node-3}   : 81,000
producer-node-metrics:request-latency-max:{client-id=producer-1, node-id=node-6}   : 67,000
producer-node-metrics:request-rate:{client-id=producer-1, node-id=node--2}         : 0,000
producer-node-metrics:request-rate:{client-id=producer-1, node-id=node-1}          : 48,662
producer-node-metrics:request-rate:{client-id=producer-1, node-id=node-3}          : 48,180
producer-node-metrics:request-rate:{client-id=producer-1, node-id=node-6}          : 48,620
producer-node-metrics:request-size-avg:{client-id=producer-1, node-id=node--2}     : NaN
producer-node-metrics:request-size-avg:{client-id=producer-1, node-id=node-1}      : 20136,669
producer-node-metrics:request-size-avg:{client-id=producer-1, node-id=node-3}      : 20147,000
producer-node-metrics:request-size-avg:{client-id=producer-1, node-id=node-6}      : 20147,000
producer-node-metrics:request-size-max:{client-id=producer-1, node-id=node--2}     : NaN
producer-node-metrics:request-size-max:{client-id=producer-1, node-id=node-1}      : 20147,000
producer-node-metrics:request-size-max:{client-id=producer-1, node-id=node-3}      : 20147,000
producer-node-metrics:request-size-max:{client-id=producer-1, node-id=node-6}      : 20147,000
producer-node-metrics:request-total:{client-id=producer-1, node-id=node--2}        : 2,000
producer-node-metrics:request-total:{client-id=producer-1, node-id=node-1}         : 26766,000
producer-node-metrics:request-total:{client-id=producer-1, node-id=node-3}         : 26548,000
producer-node-metrics:request-total:{client-id=producer-1, node-id=node-6}         : 26691,000
producer-node-metrics:response-rate:{client-id=producer-1, node-id=node--2}        : 0,000
producer-node-metrics:response-rate:{client-id=producer-1, node-id=node-1}         : 48,671
producer-node-metrics:response-rate:{client-id=producer-1, node-id=node-3}         : 48,188
producer-node-metrics:response-rate:{client-id=producer-1, node-id=node-6}         : 48,688
producer-node-metrics:response-total:{client-id=producer-1, node-id=node--2}       : 2,000
producer-node-metrics:response-total:{client-id=producer-1, node-id=node-1}        : 26766,000
producer-node-metrics:response-total:{client-id=producer-1, node-id=node-3}        : 26548,000
producer-node-metrics:response-total:{client-id=producer-1, node-id=node-6}        : 26691,000
producer-topic-metrics:byte-rate:{client-id=producer-1, topic=test-topic}          : 2915399,603
producer-topic-metrics:byte-total:{client-id=producer-1, topic=test-topic}         : 1606148890,000
producer-topic-metrics:compression-rate:{client-id=producer-1, topic=test-topic}   : 1,000
producer-topic-metrics:record-error-rate:{client-id=producer-1, topic=test-topic}  : 0,000
producer-topic-metrics:record-error-total:{client-id=producer-1, topic=test-topic} : 0,000
producer-topic-metrics:record-retry-rate:{client-id=producer-1, topic=test-topic}  : 0,000
producer-topic-metrics:record-retry-total:{client-id=producer-1, topic=test-topic} : 0,000
producer-topic-metrics:record-send-rate:{client-id=producer-1, topic=test-topic}   : 145,211
producer-topic-metrics:record-send-total:{client-id=producer-1, topic=test-topic}  : 80000,000
Produce Time: 550.59
Aplication time: 551.374
