Topic to send: test-topic
Topic to acks: -1
Records: 80000
Size:20000
620 records sent, 123,9 records/sec (2,36 MB/sec), 8,0 ms avg latency, 255,0 ms max latency.
701 records sent, 140,1 records/sec (2,67 MB/sec), 7,1 ms avg latency, 9,0 ms max latency.
705 records sent, 140,8 records/sec (2,69 MB/sec), 7,1 ms avg latency, 33,0 ms max latency.
709 records sent, 141,8 records/sec (2,70 MB/sec), 7,0 ms avg latency, 36,0 ms max latency.
726 records sent, 145,2 records/sec (2,77 MB/sec), 6,9 ms avg latency, 8,0 ms max latency.
728 records sent, 145,5 records/sec (2,78 MB/sec), 6,8 ms avg latency, 18,0 ms max latency.
697 records sent, 139,3 records/sec (2,66 MB/sec), 7,2 ms avg latency, 115,0 ms max latency.
729 records sent, 145,7 records/sec (2,78 MB/sec), 6,8 ms avg latency, 27,0 ms max latency.
724 records sent, 144,6 records/sec (2,76 MB/sec), 6,9 ms avg latency, 40,0 ms max latency.
729 records sent, 145,6 records/sec (2,78 MB/sec), 6,9 ms avg latency, 26,0 ms max latency.
726 records sent, 145,1 records/sec (2,77 MB/sec), 6,9 ms avg latency, 36,0 ms max latency.
724 records sent, 144,8 records/sec (2,76 MB/sec), 6,9 ms avg latency, 39,0 ms max latency.
711 records sent, 142,1 records/sec (2,71 MB/sec), 7,0 ms avg latency, 79,0 ms max latency.
731 records sent, 146,2 records/sec (2,79 MB/sec), 6,8 ms avg latency, 25,0 ms max latency.
731 records sent, 146,1 records/sec (2,79 MB/sec), 6,8 ms avg latency, 24,0 ms max latency.
734 records sent, 146,7 records/sec (2,80 MB/sec), 6,8 ms avg latency, 11,0 ms max latency.
733 records sent, 146,6 records/sec (2,80 MB/sec), 6,8 ms avg latency, 31,0 ms max latency.
740 records sent, 147,9 records/sec (2,82 MB/sec), 6,7 ms avg latency, 16,0 ms max latency.
742 records sent, 147,5 records/sec (2,81 MB/sec), 6,8 ms avg latency, 47,0 ms max latency.
701 records sent, 140,1 records/sec (2,67 MB/sec), 7,1 ms avg latency, 281,0 ms max latency.
729 records sent, 145,7 records/sec (2,78 MB/sec), 6,8 ms avg latency, 27,0 ms max latency.
730 records sent, 145,9 records/sec (2,78 MB/sec), 6,8 ms avg latency, 34,0 ms max latency.
734 records sent, 146,8 records/sec (2,80 MB/sec), 6,8 ms avg latency, 37,0 ms max latency.
731 records sent, 146,1 records/sec (2,79 MB/sec), 6,8 ms avg latency, 17,0 ms max latency.
729 records sent, 145,8 records/sec (2,78 MB/sec), 6,8 ms avg latency, 26,0 ms max latency.
715 records sent, 142,9 records/sec (2,73 MB/sec), 7,0 ms avg latency, 80,0 ms max latency.
730 records sent, 146,0 records/sec (2,78 MB/sec), 6,8 ms avg latency, 17,0 ms max latency.
733 records sent, 146,5 records/sec (2,79 MB/sec), 6,8 ms avg latency, 26,0 ms max latency.
740 records sent, 147,9 records/sec (2,82 MB/sec), 6,7 ms avg latency, 8,0 ms max latency.
734 records sent, 146,7 records/sec (2,80 MB/sec), 6,8 ms avg latency, 17,0 ms max latency.
734 records sent, 146,7 records/sec (2,80 MB/sec), 6,8 ms avg latency, 15,0 ms max latency.
707 records sent, 141,3 records/sec (2,69 MB/sec), 7,1 ms avg latency, 82,0 ms max latency.
727 records sent, 145,4 records/sec (2,77 MB/sec), 6,9 ms avg latency, 18,0 ms max latency.
727 records sent, 145,3 records/sec (2,77 MB/sec), 6,9 ms avg latency, 37,0 ms max latency.
732 records sent, 146,3 records/sec (2,79 MB/sec), 6,8 ms avg latency, 32,0 ms max latency.
729 records sent, 145,6 records/sec (2,78 MB/sec), 6,9 ms avg latency, 26,0 ms max latency.
734 records sent, 146,7 records/sec (2,80 MB/sec), 6,8 ms avg latency, 14,0 ms max latency.
697 records sent, 139,3 records/sec (2,66 MB/sec), 7,2 ms avg latency, 246,0 ms max latency.
726 records sent, 145,2 records/sec (2,77 MB/sec), 6,9 ms avg latency, 21,0 ms max latency.
729 records sent, 145,7 records/sec (2,78 MB/sec), 6,8 ms avg latency, 31,0 ms max latency.
733 records sent, 146,5 records/sec (2,80 MB/sec), 6,8 ms avg latency, 31,0 ms max latency.
741 records sent, 148,1 records/sec (2,83 MB/sec), 6,7 ms avg latency, 8,0 ms max latency.
735 records sent, 146,9 records/sec (2,80 MB/sec), 6,8 ms avg latency, 24,0 ms max latency.
729 records sent, 145,6 records/sec (2,78 MB/sec), 6,9 ms avg latency, 26,0 ms max latency.
723 records sent, 144,5 records/sec (2,76 MB/sec), 6,9 ms avg latency, 63,0 ms max latency.
734 records sent, 146,7 records/sec (2,80 MB/sec), 6,8 ms avg latency, 13,0 ms max latency.
728 records sent, 145,5 records/sec (2,77 MB/sec), 6,9 ms avg latency, 35,0 ms max latency.
734 records sent, 146,6 records/sec (2,80 MB/sec), 6,8 ms avg latency, 36,0 ms max latency.
738 records sent, 147,5 records/sec (2,81 MB/sec), 6,8 ms avg latency, 8,0 ms max latency.
734 records sent, 146,7 records/sec (2,80 MB/sec), 6,8 ms avg latency, 32,0 ms max latency.
711 records sent, 142,0 records/sec (2,71 MB/sec), 7,0 ms avg latency, 76,0 ms max latency.
718 records sent, 143,6 records/sec (2,74 MB/sec), 6,9 ms avg latency, 110,0 ms max latency.
727 records sent, 145,2 records/sec (2,77 MB/sec), 6,9 ms avg latency, 38,0 ms max latency.
728 records sent, 145,6 records/sec (2,78 MB/sec), 6,8 ms avg latency, 38,0 ms max latency.
725 records sent, 144,9 records/sec (2,76 MB/sec), 6,9 ms avg latency, 41,0 ms max latency.
734 records sent, 146,6 records/sec (2,80 MB/sec), 6,8 ms avg latency, 16,0 ms max latency.
737 records sent, 147,2 records/sec (2,81 MB/sec), 6,8 ms avg latency, 8,0 ms max latency.
722 records sent, 143,7 records/sec (2,74 MB/sec), 6,9 ms avg latency, 53,0 ms max latency.
728 records sent, 145,5 records/sec (2,77 MB/sec), 6,9 ms avg latency, 35,0 ms max latency.
731 records sent, 146,2 records/sec (2,79 MB/sec), 6,8 ms avg latency, 8,0 ms max latency.
725 records sent, 144,9 records/sec (2,76 MB/sec), 6,9 ms avg latency, 31,0 ms max latency.
721 records sent, 144,2 records/sec (2,75 MB/sec), 6,9 ms avg latency, 43,0 ms max latency.
729 records sent, 145,8 records/sec (2,78 MB/sec), 6,8 ms avg latency, 64,0 ms max latency.
734 records sent, 146,8 records/sec (2,80 MB/sec), 6,8 ms avg latency, 29,0 ms max latency.
726 records sent, 145,2 records/sec (2,77 MB/sec), 6,9 ms avg latency, 24,0 ms max latency.
731 records sent, 146,1 records/sec (2,79 MB/sec), 6,8 ms avg latency, 25,0 ms max latency.
736 records sent, 147,1 records/sec (2,81 MB/sec), 6,8 ms avg latency, 33,0 ms max latency.
742 records sent, 148,3 records/sec (2,83 MB/sec), 6,7 ms avg latency, 8,0 ms max latency.
708 records sent, 141,6 records/sec (2,70 MB/sec), 7,0 ms avg latency, 193,0 ms max latency.
709 records sent, 141,8 records/sec (2,70 MB/sec), 7,0 ms avg latency, 70,0 ms max latency.
735 records sent, 146,9 records/sec (2,80 MB/sec), 6,8 ms avg latency, 8,0 ms max latency.
741 records sent, 148,1 records/sec (2,82 MB/sec), 6,7 ms avg latency, 8,0 ms max latency.
747 records sent, 149,3 records/sec (2,85 MB/sec), 6,7 ms avg latency, 10,0 ms max latency.
742 records sent, 148,3 records/sec (2,83 MB/sec), 6,7 ms avg latency, 27,0 ms max latency.
739 records sent, 147,7 records/sec (2,82 MB/sec), 6,8 ms avg latency, 8,0 ms max latency.
737 records sent, 147,3 records/sec (2,81 MB/sec), 6,8 ms avg latency, 9,0 ms max latency.
676 records sent, 135,0 records/sec (2,58 MB/sec), 7,4 ms avg latency, 236,0 ms max latency.
734 records sent, 146,8 records/sec (2,80 MB/sec), 6,8 ms avg latency, 33,0 ms max latency.
737 records sent, 147,4 records/sec (2,81 MB/sec), 6,8 ms avg latency, 8,0 ms max latency.
731 records sent, 146,1 records/sec (2,79 MB/sec), 6,8 ms avg latency, 39,0 ms max latency.
735 records sent, 147,0 records/sec (2,80 MB/sec), 6,8 ms avg latency, 28,0 ms max latency.
737 records sent, 147,3 records/sec (2,81 MB/sec), 6,8 ms avg latency, 8,0 ms max latency.
734 records sent, 146,7 records/sec (2,80 MB/sec), 6,8 ms avg latency, 36,0 ms max latency.
737 records sent, 147,3 records/sec (2,81 MB/sec), 6,8 ms avg latency, 8,0 ms max latency.
728 records sent, 145,6 records/sec (2,78 MB/sec), 6,9 ms avg latency, 29,0 ms max latency.
731 records sent, 146,1 records/sec (2,79 MB/sec), 6,8 ms avg latency, 35,0 ms max latency.
728 records sent, 145,4 records/sec (2,77 MB/sec), 6,9 ms avg latency, 67,0 ms max latency.
737 records sent, 147,3 records/sec (2,81 MB/sec), 6,8 ms avg latency, 12,0 ms max latency.
693 records sent, 138,5 records/sec (2,64 MB/sec), 7,2 ms avg latency, 180,0 ms max latency.
727 records sent, 145,4 records/sec (2,77 MB/sec), 6,9 ms avg latency, 23,0 ms max latency.
732 records sent, 146,4 records/sec (2,79 MB/sec), 6,8 ms avg latency, 8,0 ms max latency.
729 records sent, 145,8 records/sec (2,78 MB/sec), 6,8 ms avg latency, 37,0 ms max latency.
729 records sent, 145,0 records/sec (2,76 MB/sec), 6,9 ms avg latency, 36,0 ms max latency.
716 records sent, 143,1 records/sec (2,73 MB/sec), 7,0 ms avg latency, 124,0 ms max latency.
734 records sent, 146,7 records/sec (2,80 MB/sec), 6,8 ms avg latency, 33,0 ms max latency.
707 records sent, 141,3 records/sec (2,69 MB/sec), 7,1 ms avg latency, 101,0 ms max latency.
734 records sent, 146,8 records/sec (2,80 MB/sec), 6,8 ms avg latency, 8,0 ms max latency.
733 records sent, 146,5 records/sec (2,80 MB/sec), 6,8 ms avg latency, 8,0 ms max latency.
731 records sent, 146,1 records/sec (2,79 MB/sec), 6,8 ms avg latency, 35,0 ms max latency.
733 records sent, 146,5 records/sec (2,79 MB/sec), 6,8 ms avg latency, 25,0 ms max latency.
732 records sent, 146,2 records/sec (2,79 MB/sec), 6,8 ms avg latency, 32,0 ms max latency.
731 records sent, 146,1 records/sec (2,79 MB/sec), 6,8 ms avg latency, 61,0 ms max latency.
737 records sent, 147,3 records/sec (2,81 MB/sec), 6,8 ms avg latency, 8,0 ms max latency.
729 records sent, 145,7 records/sec (2,78 MB/sec), 6,8 ms avg latency, 34,0 ms max latency.
734 records sent, 146,7 records/sec (2,80 MB/sec), 6,8 ms avg latency, 8,0 ms max latency.
741 records sent, 148,1 records/sec (2,82 MB/sec), 6,7 ms avg latency, 8,0 ms max latency.
736 records sent, 147,2 records/sec (2,81 MB/sec), 6,8 ms avg latency, 9,0 ms max latency.
731 records sent, 146,2 records/sec (2,79 MB/sec), 6,8 ms avg latency, 38,0 ms max latency.
730 records sent, 145,9 records/sec (2,78 MB/sec), 6,8 ms avg latency, 14,0 ms max latency.
738 records sent, 147,5 records/sec (2,81 MB/sec), 6,8 ms avg latency, 24,0 ms max latency.
80000 records sent, 145,258842 records/sec (2,77 MB/sec), 6,87 ms avg latency, 281,00 ms max latency, 7 ms 50th, 7 ms 95th, 8 ms 99th, 28 ms 99.9th.

Metric Name                                                                          Value
app-info:commit-id:{client-id=producer-1}                                          : d4284cbebb6f0a4c
app-info:start-time-ms:{client-id=producer-1}                                      : 1590087530739
app-info:version:{client-id=producer-1}                                            : 2.3.1
kafka-metrics-count:count:{client-id=producer-1}                                   : 126,000
producer-metrics:batch-size-avg:{client-id=producer-1}                             : 20077,000
producer-metrics:batch-size-max:{client-id=producer-1}                             : 20077,000
producer-metrics:batch-split-rate:{client-id=producer-1}                           : 0,000
producer-metrics:batch-split-total:{client-id=producer-1}                          : 0,000
producer-metrics:buffer-available-bytes:{client-id=producer-1}                     : 33554432,000
producer-metrics:buffer-exhausted-rate:{client-id=producer-1}                      : 0,000
producer-metrics:buffer-exhausted-total:{client-id=producer-1}                     : 0,000
producer-metrics:buffer-total-bytes:{client-id=producer-1}                         : 33554432,000
producer-metrics:bufferpool-wait-ratio:{client-id=producer-1}                      : 0,000
producer-metrics:bufferpool-wait-time-total:{client-id=producer-1}                 : 0,000
producer-metrics:compression-rate-avg:{client-id=producer-1}                       : 1,000
producer-metrics:connection-close-rate:{client-id=producer-1}                      : 0,025
producer-metrics:connection-close-total:{client-id=producer-1}                     : 1,000
producer-metrics:connection-count:{client-id=producer-1}                           : 3,000
producer-metrics:connection-creation-rate:{client-id=producer-1}                   : 0,000
producer-metrics:connection-creation-total:{client-id=producer-1}                  : 4,000
producer-metrics:failed-authentication-rate:{client-id=producer-1}                 : 0,000
producer-metrics:failed-authentication-total:{client-id=producer-1}                : 0,000
producer-metrics:failed-reauthentication-rate:{client-id=producer-1}               : 0,000
producer-metrics:failed-reauthentication-total:{client-id=producer-1}              : 0,000
producer-metrics:incoming-byte-rate:{client-id=producer-1}                         : 9104,706
producer-metrics:incoming-byte-total:{client-id=producer-1}                        : 4962031,000
producer-metrics:io-ratio:{client-id=producer-1}                                   : 0,009
producer-metrics:io-time-ns-avg:{client-id=producer-1}                             : 21230,382
producer-metrics:io-wait-ratio:{client-id=producer-1}                              : 0,975
producer-metrics:io-wait-time-ns-avg:{client-id=producer-1}                        : 2215579,793
producer-metrics:io-waittime-total:{client-id=producer-1}                          : 536629885632,000
producer-metrics:iotime-total:{client-id=producer-1}                               : 5429846625,000
producer-metrics:metadata-age:{client-id=producer-1}                               : 10,577
producer-metrics:network-io-rate:{client-id=producer-1}                            : 293,488
producer-metrics:network-io-total:{client-id=producer-1}                           : 160014,000
producer-metrics:outgoing-byte-rate:{client-id=producer-1}                         : 2956014,058
producer-metrics:outgoing-byte-total:{client-id=producer-1}                        : 1611749115,000
producer-metrics:produce-throttle-time-avg:{client-id=producer-1}                  : 0,000
producer-metrics:produce-throttle-time-max:{client-id=producer-1}                  : 0,000
producer-metrics:reauthentication-latency-avg:{client-id=producer-1}               : NaN
producer-metrics:reauthentication-latency-max:{client-id=producer-1}               : NaN
producer-metrics:record-error-rate:{client-id=producer-1}                          : 0,000
producer-metrics:record-error-total:{client-id=producer-1}                         : 0,000
producer-metrics:record-queue-time-avg:{client-id=producer-1}                      : 0,032
producer-metrics:record-queue-time-max:{client-id=producer-1}                      : 1,000
producer-metrics:record-retry-rate:{client-id=producer-1}                          : 0,000
producer-metrics:record-retry-total:{client-id=producer-1}                         : 0,000
producer-metrics:record-send-rate:{client-id=producer-1}                           : 146,710
producer-metrics:record-send-total:{client-id=producer-1}                          : 80000,000
producer-metrics:record-size-avg:{client-id=producer-1}                            : 20092,000
producer-metrics:record-size-max:{client-id=producer-1}                            : 20092,000
producer-metrics:records-per-request-avg:{client-id=producer-1}                    : 1,000
producer-metrics:request-latency-avg:{client-id=producer-1}                        : 6,738
producer-metrics:request-latency-max:{client-id=producer-1}                        : 37,000
producer-metrics:request-rate:{client-id=producer-1}                               : 146,736
producer-metrics:request-size-avg:{client-id=producer-1}                           : 20143,621
producer-metrics:request-size-max:{client-id=producer-1}                           : 20147,000
producer-metrics:request-total:{client-id=producer-1}                              : 80007,000
producer-metrics:requests-in-flight:{client-id=producer-1}                         : 0,000
producer-metrics:response-rate:{client-id=producer-1}                              : 146,761
producer-metrics:response-total:{client-id=producer-1}                             : 80007,000
producer-metrics:select-rate:{client-id=producer-1}                                : 440,147
producer-metrics:select-total:{client-id=producer-1}                               : 239867,000
producer-metrics:successful-authentication-no-reauth-total:{client-id=producer-1}  : 0,000
producer-metrics:successful-authentication-rate:{client-id=producer-1}             : 0,000
producer-metrics:successful-authentication-total:{client-id=producer-1}            : 0,000
producer-metrics:successful-reauthentication-rate:{client-id=producer-1}           : 0,000
producer-metrics:successful-reauthentication-total:{client-id=producer-1}          : 0,000
producer-metrics:waiting-threads:{client-id=producer-1}                            : 0,000
producer-node-metrics:incoming-byte-rate:{client-id=producer-1, node-id=node--2}   : 0,000
producer-node-metrics:incoming-byte-rate:{client-id=producer-1, node-id=node-1}    : 3045,917
producer-node-metrics:incoming-byte-rate:{client-id=producer-1, node-id=node-3}    : 3016,487
producer-node-metrics:incoming-byte-rate:{client-id=producer-1, node-id=node-6}    : 3050,493
producer-node-metrics:incoming-byte-total:{client-id=producer-1, node-id=node--2}  : 579,000
producer-node-metrics:incoming-byte-total:{client-id=producer-1, node-id=node-1}   : 1659662,000
producer-node-metrics:incoming-byte-total:{client-id=producer-1, node-id=node-3}   : 1646431,000
producer-node-metrics:incoming-byte-total:{client-id=producer-1, node-id=node-6}   : 1655359,000
producer-node-metrics:outgoing-byte-rate:{client-id=producer-1, node-id=node--2}   : 0,000
producer-node-metrics:outgoing-byte-rate:{client-id=producer-1, node-id=node-1}    : 989652,566
producer-node-metrics:outgoing-byte-rate:{client-id=producer-1, node-id=node-3}    : 977781,505
producer-node-metrics:outgoing-byte-rate:{client-id=producer-1, node-id=node-6}    : 991164,154
producer-node-metrics:outgoing-byte-total:{client-id=producer-1, node-id=node--2}  : 67,000
producer-node-metrics:outgoing-byte-total:{client-id=producer-1, node-id=node-1}   : 539210513,000
producer-node-metrics:outgoing-byte-total:{client-id=producer-1, node-id=node-3}   : 534818732,000
producer-node-metrics:outgoing-byte-total:{client-id=producer-1, node-id=node-6}   : 537719803,000
producer-node-metrics:request-latency-avg:{client-id=producer-1, node-id=node--2}  : NaN
producer-node-metrics:request-latency-avg:{client-id=producer-1, node-id=node-1}   : 7,032
producer-node-metrics:request-latency-avg:{client-id=producer-1, node-id=node-3}   : 6,583
producer-node-metrics:request-latency-avg:{client-id=producer-1, node-id=node-6}   : 6,595
producer-node-metrics:request-latency-max:{client-id=producer-1, node-id=node--2}  : NaN
producer-node-metrics:request-latency-max:{client-id=producer-1, node-id=node-1}   : 26,000
producer-node-metrics:request-latency-max:{client-id=producer-1, node-id=node-3}   : 9,000
producer-node-metrics:request-latency-max:{client-id=producer-1, node-id=node-6}   : 37,000
producer-node-metrics:request-rate:{client-id=producer-1, node-id=node--2}         : 0,000
producer-node-metrics:request-rate:{client-id=producer-1, node-id=node-1}          : 49,120
producer-node-metrics:request-rate:{client-id=producer-1, node-id=node-3}          : 48,555
producer-node-metrics:request-rate:{client-id=producer-1, node-id=node-6}          : 49,194
producer-node-metrics:request-size-avg:{client-id=producer-1, node-id=node--2}     : NaN
producer-node-metrics:request-size-avg:{client-id=producer-1, node-id=node-1}      : 20147,000
producer-node-metrics:request-size-avg:{client-id=producer-1, node-id=node-3}      : 20136,674
producer-node-metrics:request-size-avg:{client-id=producer-1, node-id=node-6}      : 20147,000
producer-node-metrics:request-size-max:{client-id=producer-1, node-id=node--2}     : NaN
producer-node-metrics:request-size-max:{client-id=producer-1, node-id=node-1}      : 20147,000
producer-node-metrics:request-size-max:{client-id=producer-1, node-id=node-3}      : 20147,000
producer-node-metrics:request-size-max:{client-id=producer-1, node-id=node-6}      : 20147,000
producer-node-metrics:request-total:{client-id=producer-1, node-id=node--2}        : 2,000
producer-node-metrics:request-total:{client-id=producer-1, node-id=node-1}         : 26765,000
producer-node-metrics:request-total:{client-id=producer-1, node-id=node-3}         : 26548,000
producer-node-metrics:request-total:{client-id=producer-1, node-id=node-6}         : 26692,000
producer-node-metrics:response-rate:{client-id=producer-1, node-id=node--2}        : 0,000
producer-node-metrics:response-rate:{client-id=producer-1, node-id=node-1}         : 49,128
producer-node-metrics:response-rate:{client-id=producer-1, node-id=node-3}         : 48,563
producer-node-metrics:response-rate:{client-id=producer-1, node-id=node-6}         : 49,202
producer-node-metrics:response-total:{client-id=producer-1, node-id=node--2}       : 2,000
producer-node-metrics:response-total:{client-id=producer-1, node-id=node-1}        : 26765,000
producer-node-metrics:response-total:{client-id=producer-1, node-id=node-3}        : 26548,000
producer-node-metrics:response-total:{client-id=producer-1, node-id=node-6}        : 26692,000
producer-topic-metrics:byte-rate:{client-id=producer-1, topic=test-topic}          : 2945426,659
producer-topic-metrics:byte-total:{client-id=producer-1, topic=test-topic}         : 1606148890,000
producer-topic-metrics:compression-rate:{client-id=producer-1, topic=test-topic}   : 1,000
producer-topic-metrics:record-error-rate:{client-id=producer-1, topic=test-topic}  : 0,000
producer-topic-metrics:record-error-total:{client-id=producer-1, topic=test-topic} : 0,000
producer-topic-metrics:record-retry-rate:{client-id=producer-1, topic=test-topic}  : 0,000
producer-topic-metrics:record-retry-total:{client-id=producer-1, topic=test-topic} : 0,000
producer-topic-metrics:record-send-rate:{client-id=producer-1, topic=test-topic}   : 146,710
producer-topic-metrics:record-send-total:{client-id=producer-1, topic=test-topic}  : 80000,000
Produce Time: 550.74
Aplication time: 551.548
