Topic to send: test-topic
Topic to acks: -1
Records: 80000
Size:10000
985 records sent, 196,8 records/sec (1,88 MB/sec), 5,0 ms avg latency, 280,0 ms max latency.
1150 records sent, 230,0 records/sec (2,19 MB/sec), 4,3 ms avg latency, 34,0 ms max latency.
1168 records sent, 233,6 records/sec (2,23 MB/sec), 4,2 ms avg latency, 16,0 ms max latency.
1183 records sent, 236,5 records/sec (2,26 MB/sec), 4,2 ms avg latency, 27,0 ms max latency.
1157 records sent, 231,4 records/sec (2,21 MB/sec), 4,3 ms avg latency, 60,0 ms max latency.
1187 records sent, 237,4 records/sec (2,26 MB/sec), 4,2 ms avg latency, 45,0 ms max latency.
1167 records sent, 233,4 records/sec (2,23 MB/sec), 4,3 ms avg latency, 67,0 ms max latency.
1198 records sent, 239,6 records/sec (2,28 MB/sec), 4,2 ms avg latency, 28,0 ms max latency.
1204 records sent, 240,7 records/sec (2,30 MB/sec), 4,1 ms avg latency, 15,0 ms max latency.
1209 records sent, 241,7 records/sec (2,30 MB/sec), 4,1 ms avg latency, 17,0 ms max latency.
1206 records sent, 241,1 records/sec (2,30 MB/sec), 4,1 ms avg latency, 31,0 ms max latency.
1205 records sent, 241,0 records/sec (2,30 MB/sec), 4,1 ms avg latency, 27,0 ms max latency.
1107 records sent, 221,2 records/sec (2,11 MB/sec), 4,5 ms avg latency, 220,0 ms max latency.
1213 records sent, 242,6 records/sec (2,31 MB/sec), 4,1 ms avg latency, 22,0 ms max latency.
1220 records sent, 244,0 records/sec (2,33 MB/sec), 4,1 ms avg latency, 32,0 ms max latency.
1215 records sent, 242,9 records/sec (2,32 MB/sec), 4,1 ms avg latency, 35,0 ms max latency.
1105 records sent, 220,9 records/sec (2,11 MB/sec), 4,5 ms avg latency, 436,0 ms max latency.
1201 records sent, 240,1 records/sec (2,29 MB/sec), 4,1 ms avg latency, 31,0 ms max latency.
1192 records sent, 238,4 records/sec (2,27 MB/sec), 4,2 ms avg latency, 33,0 ms max latency.
1226 records sent, 245,1 records/sec (2,34 MB/sec), 4,1 ms avg latency, 15,0 ms max latency.
1200 records sent, 240,0 records/sec (2,29 MB/sec), 4,2 ms avg latency, 61,0 ms max latency.
1060 records sent, 212,0 records/sec (2,02 MB/sec), 4,7 ms avg latency, 586,0 ms max latency.
1206 records sent, 241,1 records/sec (2,30 MB/sec), 4,1 ms avg latency, 16,0 ms max latency.
1217 records sent, 243,3 records/sec (2,32 MB/sec), 4,1 ms avg latency, 34,0 ms max latency.
1199 records sent, 239,7 records/sec (2,29 MB/sec), 4,2 ms avg latency, 36,0 ms max latency.
1156 records sent, 231,1 records/sec (2,20 MB/sec), 4,3 ms avg latency, 143,0 ms max latency.
1158 records sent, 231,5 records/sec (2,21 MB/sec), 4,3 ms avg latency, 186,0 ms max latency.
1187 records sent, 237,4 records/sec (2,26 MB/sec), 4,2 ms avg latency, 46,0 ms max latency.
1207 records sent, 241,4 records/sec (2,30 MB/sec), 4,1 ms avg latency, 31,0 ms max latency.
1194 records sent, 238,8 records/sec (2,28 MB/sec), 4,2 ms avg latency, 37,0 ms max latency.
1034 records sent, 206,8 records/sec (1,97 MB/sec), 4,8 ms avg latency, 655,0 ms max latency.
1159 records sent, 231,8 records/sec (2,21 MB/sec), 4,3 ms avg latency, 64,0 ms max latency.
1206 records sent, 241,1 records/sec (2,30 MB/sec), 4,1 ms avg latency, 31,0 ms max latency.
1199 records sent, 239,7 records/sec (2,29 MB/sec), 4,2 ms avg latency, 34,0 ms max latency.
1201 records sent, 240,1 records/sec (2,29 MB/sec), 4,1 ms avg latency, 33,0 ms max latency.
1209 records sent, 241,8 records/sec (2,31 MB/sec), 4,1 ms avg latency, 29,0 ms max latency.
1218 records sent, 243,5 records/sec (2,32 MB/sec), 4,1 ms avg latency, 27,0 ms max latency.
1174 records sent, 234,8 records/sec (2,24 MB/sec), 4,2 ms avg latency, 66,0 ms max latency.
1209 records sent, 241,8 records/sec (2,31 MB/sec), 4,1 ms avg latency, 36,0 ms max latency.
1201 records sent, 240,1 records/sec (2,29 MB/sec), 4,1 ms avg latency, 39,0 ms max latency.
1203 records sent, 240,5 records/sec (2,29 MB/sec), 4,1 ms avg latency, 35,0 ms max latency.
1200 records sent, 240,0 records/sec (2,29 MB/sec), 4,2 ms avg latency, 36,0 ms max latency.
1211 records sent, 242,1 records/sec (2,31 MB/sec), 4,1 ms avg latency, 11,0 ms max latency.
1214 records sent, 242,8 records/sec (2,32 MB/sec), 4,1 ms avg latency, 6,0 ms max latency.
1179 records sent, 235,7 records/sec (2,25 MB/sec), 4,2 ms avg latency, 60,0 ms max latency.
1206 records sent, 241,1 records/sec (2,30 MB/sec), 4,1 ms avg latency, 28,0 ms max latency.
1225 records sent, 244,9 records/sec (2,34 MB/sec), 4,1 ms avg latency, 37,0 ms max latency.
1177 records sent, 235,3 records/sec (2,24 MB/sec), 4,2 ms avg latency, 189,0 ms max latency.
1202 records sent, 240,4 records/sec (2,29 MB/sec), 4,2 ms avg latency, 23,0 ms max latency.
1215 records sent, 243,0 records/sec (2,32 MB/sec), 4,1 ms avg latency, 31,0 ms max latency.
1195 records sent, 238,9 records/sec (2,28 MB/sec), 4,2 ms avg latency, 67,0 ms max latency.
1200 records sent, 239,9 records/sec (2,29 MB/sec), 4,2 ms avg latency, 26,0 ms max latency.
1202 records sent, 240,4 records/sec (2,29 MB/sec), 4,2 ms avg latency, 28,0 ms max latency.
1193 records sent, 238,5 records/sec (2,27 MB/sec), 4,2 ms avg latency, 46,0 ms max latency.
1190 records sent, 237,9 records/sec (2,27 MB/sec), 4,2 ms avg latency, 29,0 ms max latency.
1176 records sent, 235,1 records/sec (2,24 MB/sec), 4,2 ms avg latency, 79,0 ms max latency.
1160 records sent, 231,9 records/sec (2,21 MB/sec), 4,3 ms avg latency, 63,0 ms max latency.
1196 records sent, 239,1 records/sec (2,28 MB/sec), 4,2 ms avg latency, 5,0 ms max latency.
1209 records sent, 241,8 records/sec (2,31 MB/sec), 4,1 ms avg latency, 30,0 ms max latency.
1167 records sent, 233,4 records/sec (2,23 MB/sec), 4,3 ms avg latency, 180,0 ms max latency.
1164 records sent, 232,8 records/sec (2,22 MB/sec), 4,3 ms avg latency, 48,0 ms max latency.
1195 records sent, 238,9 records/sec (2,28 MB/sec), 4,2 ms avg latency, 53,0 ms max latency.
1193 records sent, 238,5 records/sec (2,27 MB/sec), 4,2 ms avg latency, 32,0 ms max latency.
1177 records sent, 235,3 records/sec (2,24 MB/sec), 4,2 ms avg latency, 91,0 ms max latency.
1227 records sent, 245,3 records/sec (2,34 MB/sec), 4,1 ms avg latency, 37,0 ms max latency.
1218 records sent, 243,5 records/sec (2,32 MB/sec), 4,1 ms avg latency, 36,0 ms max latency.
1204 records sent, 240,7 records/sec (2,30 MB/sec), 4,1 ms avg latency, 35,0 ms max latency.
80000 records sent, 236,881923 records/sec (2,26 MB/sec), 4,21 ms avg latency, 655,00 ms max latency, 4 ms 50th, 5 ms 95th, 5 ms 99th, 31 ms 99.9th.

Metric Name                                                                          Value
app-info:commit-id:{client-id=producer-1}                                          : d4284cbebb6f0a4c
app-info:start-time-ms:{client-id=producer-1}                                      : 1590731683792
app-info:version:{client-id=producer-1}                                            : 2.3.1
kafka-metrics-count:count:{client-id=producer-1}                                   : 126,000
producer-metrics:batch-size-avg:{client-id=producer-1}                             : 10077,000
producer-metrics:batch-size-max:{client-id=producer-1}                             : 10077,000
producer-metrics:batch-split-rate:{client-id=producer-1}                           : 0,000
producer-metrics:batch-split-total:{client-id=producer-1}                          : 0,000
producer-metrics:buffer-available-bytes:{client-id=producer-1}                     : 33554432,000
producer-metrics:buffer-exhausted-rate:{client-id=producer-1}                      : 0,000
producer-metrics:buffer-exhausted-total:{client-id=producer-1}                     : 0,000
producer-metrics:buffer-total-bytes:{client-id=producer-1}                         : 33554432,000
producer-metrics:bufferpool-wait-ratio:{client-id=producer-1}                      : 0,000
producer-metrics:bufferpool-wait-time-total:{client-id=producer-1}                 : 0,000
producer-metrics:compression-rate-avg:{client-id=producer-1}                       : 1,000
producer-metrics:connection-close-rate:{client-id=producer-1}                      : 0,000
producer-metrics:connection-close-total:{client-id=producer-1}                     : 0,000
producer-metrics:connection-count:{client-id=producer-1}                           : 4,000
producer-metrics:connection-creation-rate:{client-id=producer-1}                   : 0,000
producer-metrics:connection-creation-total:{client-id=producer-1}                  : 4,000
producer-metrics:failed-authentication-rate:{client-id=producer-1}                 : 0,000
producer-metrics:failed-authentication-total:{client-id=producer-1}                : 0,000
producer-metrics:failed-reauthentication-rate:{client-id=producer-1}               : 0,000
producer-metrics:failed-reauthentication-total:{client-id=producer-1}              : 0,000
producer-metrics:incoming-byte-rate:{client-id=producer-1}                         : 14835,939
producer-metrics:incoming-byte-total:{client-id=producer-1}                        : 4961746,000
producer-metrics:io-ratio:{client-id=producer-1}                                   : 0,014
producer-metrics:io-time-ns-avg:{client-id=producer-1}                             : 18969,302
producer-metrics:io-wait-ratio:{client-id=producer-1}                              : 0,967
producer-metrics:io-wait-time-ns-avg:{client-id=producer-1}                        : 1347921,243
producer-metrics:io-waittime-total:{client-id=producer-1}                          : 325788049839,000
producer-metrics:iotime-total:{client-id=producer-1}                               : 4818499269,000
producer-metrics:metadata-age:{client-id=producer-1}                               : 37,517
producer-metrics:network-io-rate:{client-id=producer-1}                            : 478,348
producer-metrics:network-io-total:{client-id=producer-1}                           : 160012,000
producer-metrics:outgoing-byte-rate:{client-id=producer-1}                         : 2426751,438
producer-metrics:outgoing-byte-total:{client-id=producer-1}                        : 811749072,000
producer-metrics:produce-throttle-time-avg:{client-id=producer-1}                  : 0,000
producer-metrics:produce-throttle-time-max:{client-id=producer-1}                  : 0,000
producer-metrics:reauthentication-latency-avg:{client-id=producer-1}               : NaN
producer-metrics:reauthentication-latency-max:{client-id=producer-1}               : NaN
producer-metrics:record-error-rate:{client-id=producer-1}                          : 0,000
producer-metrics:record-error-total:{client-id=producer-1}                         : 0,000
producer-metrics:record-queue-time-avg:{client-id=producer-1}                      : 0,027
producer-metrics:record-queue-time-max:{client-id=producer-1}                      : 7,000
producer-metrics:record-retry-rate:{client-id=producer-1}                          : 0,000
producer-metrics:record-retry-total:{client-id=producer-1}                         : 0,000
producer-metrics:record-send-rate:{client-id=producer-1}                           : 239,278
producer-metrics:record-send-total:{client-id=producer-1}                          : 80000,000
producer-metrics:record-size-avg:{client-id=producer-1}                            : 10092,000
producer-metrics:record-size-max:{client-id=producer-1}                            : 10092,000
producer-metrics:records-per-request-avg:{client-id=producer-1}                    : 1,000
producer-metrics:request-latency-avg:{client-id=producer-1}                        : 4,117
producer-metrics:request-latency-max:{client-id=producer-1}                        : 91,000
producer-metrics:request-rate:{client-id=producer-1}                               : 239,167
producer-metrics:request-size-avg:{client-id=producer-1}                           : 10145,875
producer-metrics:request-size-max:{client-id=producer-1}                           : 10147,000
producer-metrics:request-total:{client-id=producer-1}                              : 80006,000
producer-metrics:requests-in-flight:{client-id=producer-1}                         : 0,000
producer-metrics:response-rate:{client-id=producer-1}                              : 239,187
producer-metrics:response-total:{client-id=producer-1}                             : 80006,000
producer-metrics:select-rate:{client-id=producer-1}                                : 717,071
producer-metrics:select-total:{client-id=producer-1}                               : 239300,000
producer-metrics:successful-authentication-no-reauth-total:{client-id=producer-1}  : 0,000
producer-metrics:successful-authentication-rate:{client-id=producer-1}             : 0,000
producer-metrics:successful-authentication-total:{client-id=producer-1}            : 0,000
producer-metrics:successful-reauthentication-rate:{client-id=producer-1}           : 0,000
producer-metrics:successful-reauthentication-total:{client-id=producer-1}          : 0,000
producer-metrics:waiting-threads:{client-id=producer-1}                            : 0,000
producer-node-metrics:incoming-byte-rate:{client-id=producer-1, node-id=node--1}   : 0,000
producer-node-metrics:incoming-byte-rate:{client-id=producer-1, node-id=node-1}    : 4980,839
producer-node-metrics:incoming-byte-rate:{client-id=producer-1, node-id=node-3}    : 4991,764
producer-node-metrics:incoming-byte-rate:{client-id=producer-1, node-id=node-6}    : 4868,468
producer-node-metrics:incoming-byte-total:{client-id=producer-1, node-id=node--1}  : 579,000
producer-node-metrics:incoming-byte-total:{client-id=producer-1, node-id=node-1}   : 1655074,000
producer-node-metrics:incoming-byte-total:{client-id=producer-1, node-id=node-3}   : 1659662,000
producer-node-metrics:incoming-byte-total:{client-id=producer-1, node-id=node-6}   : 1646431,000
producer-node-metrics:outgoing-byte-rate:{client-id=producer-1, node-id=node--1}   : 0,000
producer-node-metrics:outgoing-byte-rate:{client-id=producer-1, node-id=node-1}    : 815105,135
producer-node-metrics:outgoing-byte-rate:{client-id=producer-1, node-id=node-3}    : 816914,893
producer-node-metrics:outgoing-byte-rate:{client-id=producer-1, node-id=node-6}    : 796758,364
producer-node-metrics:outgoing-byte-total:{client-id=producer-1, node-id=node--1}  : 67,000
producer-node-metrics:outgoing-byte-total:{client-id=producer-1, node-id=node-1}   : 270819760,000
producer-node-metrics:outgoing-byte-total:{client-id=producer-1, node-id=node-3}   : 271570513,000
producer-node-metrics:outgoing-byte-total:{client-id=producer-1, node-id=node-6}   : 269358732,000
producer-node-metrics:request-latency-avg:{client-id=producer-1, node-id=node--1}  : NaN
producer-node-metrics:request-latency-avg:{client-id=producer-1, node-id=node-1}   : 4,439
producer-node-metrics:request-latency-avg:{client-id=producer-1, node-id=node-3}   : 3,953
producer-node-metrics:request-latency-avg:{client-id=producer-1, node-id=node-6}   : 3,955
producer-node-metrics:request-latency-max:{client-id=producer-1, node-id=node--1}  : NaN
producer-node-metrics:request-latency-max:{client-id=producer-1, node-id=node-1}   : 91,000
producer-node-metrics:request-latency-max:{client-id=producer-1, node-id=node-3}   : 48,000
producer-node-metrics:request-latency-max:{client-id=producer-1, node-id=node-6}   : 53,000
producer-node-metrics:request-rate:{client-id=producer-1, node-id=node--1}         : 0,000
producer-node-metrics:request-rate:{client-id=producer-1, node-id=node-1}          : 80,328
producer-node-metrics:request-rate:{client-id=producer-1, node-id=node-3}          : 80,504
producer-node-metrics:request-rate:{client-id=producer-1, node-id=node-6}          : 78,517
producer-node-metrics:request-size-avg:{client-id=producer-1, node-id=node--1}     : NaN
producer-node-metrics:request-size-avg:{client-id=producer-1, node-id=node-1}      : 10147,000
producer-node-metrics:request-size-avg:{client-id=producer-1, node-id=node-3}      : 10147,000
producer-node-metrics:request-size-avg:{client-id=producer-1, node-id=node-6}      : 10147,000
producer-node-metrics:request-size-max:{client-id=producer-1, node-id=node--1}     : NaN
producer-node-metrics:request-size-max:{client-id=producer-1, node-id=node-1}      : 10147,000
producer-node-metrics:request-size-max:{client-id=producer-1, node-id=node-3}      : 10147,000
producer-node-metrics:request-size-max:{client-id=producer-1, node-id=node-6}      : 10147,000
producer-node-metrics:request-total:{client-id=producer-1, node-id=node--1}        : 2,000
producer-node-metrics:request-total:{client-id=producer-1, node-id=node-1}         : 26691,000
producer-node-metrics:request-total:{client-id=producer-1, node-id=node-3}         : 26765,000
producer-node-metrics:request-total:{client-id=producer-1, node-id=node-6}         : 26548,000
producer-node-metrics:response-rate:{client-id=producer-1, node-id=node--1}        : 0,000
producer-node-metrics:response-rate:{client-id=producer-1, node-id=node-1}         : 80,336
producer-node-metrics:response-rate:{client-id=producer-1, node-id=node-3}         : 80,512
producer-node-metrics:response-rate:{client-id=producer-1, node-id=node-6}         : 78,524
producer-node-metrics:response-total:{client-id=producer-1, node-id=node--1}       : 2,000
producer-node-metrics:response-total:{client-id=producer-1, node-id=node-1}        : 26691,000
producer-node-metrics:response-total:{client-id=producer-1, node-id=node-3}        : 26765,000
producer-node-metrics:response-total:{client-id=producer-1, node-id=node-6}        : 26548,000
producer-topic-metrics:byte-rate:{client-id=producer-1, topic=test-topic}          : 2411249,479
producer-topic-metrics:byte-total:{client-id=producer-1, topic=test-topic}         : 806148890,000
producer-topic-metrics:compression-rate:{client-id=producer-1, topic=test-topic}   : 1,000
producer-topic-metrics:record-error-rate:{client-id=producer-1, topic=test-topic}  : 0,000
producer-topic-metrics:record-error-total:{client-id=producer-1, topic=test-topic} : 0,000
producer-topic-metrics:record-retry-rate:{client-id=producer-1, topic=test-topic}  : 0,000
producer-topic-metrics:record-retry-total:{client-id=producer-1, topic=test-topic} : 0,000
producer-topic-metrics:record-send-rate:{client-id=producer-1, topic=test-topic}   : 239,282
producer-topic-metrics:record-send-total:{client-id=producer-1, topic=test-topic}  : 80000,000
Produce Time: 337.721
Aplication time: 338.44
