Topic to send: test-topic
Topic to acks: -1
Records: 80000
Size:20000
621 records sent, 124,1 records/sec (2,37 MB/sec), 8,0 ms avg latency, 274,0 ms max latency.
696 records sent, 139,2 records/sec (2,65 MB/sec), 7,2 ms avg latency, 8,0 ms max latency.
694 records sent, 138,7 records/sec (2,65 MB/sec), 7,2 ms avg latency, 34,0 ms max latency.
707 records sent, 141,3 records/sec (2,70 MB/sec), 7,0 ms avg latency, 33,0 ms max latency.
721 records sent, 144,1 records/sec (2,75 MB/sec), 6,9 ms avg latency, 30,0 ms max latency.
673 records sent, 134,5 records/sec (2,56 MB/sec), 7,4 ms avg latency, 340,0 ms max latency.
695 records sent, 138,9 records/sec (2,65 MB/sec), 7,2 ms avg latency, 69,0 ms max latency.
719 records sent, 143,7 records/sec (2,74 MB/sec), 6,9 ms avg latency, 42,0 ms max latency.
710 records sent, 141,8 records/sec (2,71 MB/sec), 7,0 ms avg latency, 49,0 ms max latency.
722 records sent, 144,3 records/sec (2,75 MB/sec), 6,9 ms avg latency, 39,0 ms max latency.
725 records sent, 144,9 records/sec (2,76 MB/sec), 6,9 ms avg latency, 33,0 ms max latency.
728 records sent, 145,5 records/sec (2,78 MB/sec), 6,9 ms avg latency, 36,0 ms max latency.
666 records sent, 133,2 records/sec (2,54 MB/sec), 7,5 ms avg latency, 206,0 ms max latency.
718 records sent, 143,5 records/sec (2,74 MB/sec), 7,0 ms avg latency, 46,0 ms max latency.
728 records sent, 145,6 records/sec (2,78 MB/sec), 6,9 ms avg latency, 28,0 ms max latency.
724 records sent, 144,7 records/sec (2,76 MB/sec), 6,9 ms avg latency, 26,0 ms max latency.
726 records sent, 145,1 records/sec (2,77 MB/sec), 6,9 ms avg latency, 39,0 ms max latency.
724 records sent, 144,7 records/sec (2,76 MB/sec), 6,9 ms avg latency, 37,0 ms max latency.
709 records sent, 141,6 records/sec (2,70 MB/sec), 7,0 ms avg latency, 103,0 ms max latency.
716 records sent, 143,1 records/sec (2,73 MB/sec), 7,0 ms avg latency, 69,0 ms max latency.
728 records sent, 145,5 records/sec (2,77 MB/sec), 6,9 ms avg latency, 38,0 ms max latency.
735 records sent, 146,8 records/sec (2,80 MB/sec), 6,8 ms avg latency, 16,0 ms max latency.
727 records sent, 145,2 records/sec (2,77 MB/sec), 6,9 ms avg latency, 35,0 ms max latency.
733 records sent, 146,5 records/sec (2,79 MB/sec), 6,8 ms avg latency, 8,0 ms max latency.
730 records sent, 145,9 records/sec (2,78 MB/sec), 6,8 ms avg latency, 39,0 ms max latency.
686 records sent, 137,2 records/sec (2,62 MB/sec), 7,3 ms avg latency, 172,0 ms max latency.
728 records sent, 145,5 records/sec (2,77 MB/sec), 6,9 ms avg latency, 35,0 ms max latency.
728 records sent, 145,5 records/sec (2,78 MB/sec), 6,9 ms avg latency, 38,0 ms max latency.
735 records sent, 146,9 records/sec (2,80 MB/sec), 6,8 ms avg latency, 36,0 ms max latency.
735 records sent, 146,9 records/sec (2,80 MB/sec), 6,8 ms avg latency, 35,0 ms max latency.
722 records sent, 144,3 records/sec (2,75 MB/sec), 6,9 ms avg latency, 47,0 ms max latency.
691 records sent, 138,0 records/sec (2,63 MB/sec), 7,2 ms avg latency, 300,0 ms max latency.
712 records sent, 142,4 records/sec (2,72 MB/sec), 7,0 ms avg latency, 61,0 ms max latency.
699 records sent, 139,7 records/sec (2,66 MB/sec), 7,1 ms avg latency, 49,0 ms max latency.
729 records sent, 145,6 records/sec (2,78 MB/sec), 6,8 ms avg latency, 29,0 ms max latency.
732 records sent, 146,3 records/sec (2,79 MB/sec), 6,8 ms avg latency, 30,0 ms max latency.
733 records sent, 146,5 records/sec (2,79 MB/sec), 6,8 ms avg latency, 14,0 ms max latency.
664 records sent, 132,7 records/sec (2,53 MB/sec), 7,5 ms avg latency, 433,0 ms max latency.
724 records sent, 144,7 records/sec (2,76 MB/sec), 6,9 ms avg latency, 56,0 ms max latency.
733 records sent, 146,5 records/sec (2,79 MB/sec), 6,8 ms avg latency, 31,0 ms max latency.
735 records sent, 146,9 records/sec (2,80 MB/sec), 6,8 ms avg latency, 26,0 ms max latency.
728 records sent, 145,6 records/sec (2,78 MB/sec), 6,9 ms avg latency, 43,0 ms max latency.
722 records sent, 144,2 records/sec (2,75 MB/sec), 6,9 ms avg latency, 41,0 ms max latency.
727 records sent, 145,3 records/sec (2,77 MB/sec), 6,9 ms avg latency, 41,0 ms max latency.
719 records sent, 143,8 records/sec (2,74 MB/sec), 6,9 ms avg latency, 48,0 ms max latency.
729 records sent, 145,7 records/sec (2,78 MB/sec), 6,8 ms avg latency, 36,0 ms max latency.
728 records sent, 145,5 records/sec (2,78 MB/sec), 6,9 ms avg latency, 32,0 ms max latency.
729 records sent, 145,7 records/sec (2,78 MB/sec), 6,9 ms avg latency, 30,0 ms max latency.
731 records sent, 146,1 records/sec (2,79 MB/sec), 6,8 ms avg latency, 27,0 ms max latency.
685 records sent, 137,0 records/sec (2,61 MB/sec), 7,3 ms avg latency, 321,0 ms max latency.
730 records sent, 145,8 records/sec (2,78 MB/sec), 6,8 ms avg latency, 42,0 ms max latency.
718 records sent, 143,5 records/sec (2,74 MB/sec), 6,9 ms avg latency, 60,0 ms max latency.
733 records sent, 146,5 records/sec (2,79 MB/sec), 6,8 ms avg latency, 33,0 ms max latency.
732 records sent, 146,3 records/sec (2,79 MB/sec), 6,8 ms avg latency, 38,0 ms max latency.
729 records sent, 145,7 records/sec (2,78 MB/sec), 6,8 ms avg latency, 34,0 ms max latency.
737 records sent, 147,3 records/sec (2,81 MB/sec), 6,8 ms avg latency, 35,0 ms max latency.
737 records sent, 147,3 records/sec (2,81 MB/sec), 6,8 ms avg latency, 32,0 ms max latency.
731 records sent, 146,1 records/sec (2,79 MB/sec), 6,8 ms avg latency, 28,0 ms max latency.
732 records sent, 146,4 records/sec (2,79 MB/sec), 6,8 ms avg latency, 27,0 ms max latency.
730 records sent, 145,9 records/sec (2,78 MB/sec), 6,8 ms avg latency, 41,0 ms max latency.
723 records sent, 144,6 records/sec (2,76 MB/sec), 6,9 ms avg latency, 40,0 ms max latency.
725 records sent, 144,9 records/sec (2,76 MB/sec), 6,9 ms avg latency, 26,0 ms max latency.
731 records sent, 146,1 records/sec (2,79 MB/sec), 6,8 ms avg latency, 18,0 ms max latency.
712 records sent, 142,3 records/sec (2,71 MB/sec), 7,0 ms avg latency, 101,0 ms max latency.
728 records sent, 145,5 records/sec (2,78 MB/sec), 6,9 ms avg latency, 34,0 ms max latency.
727 records sent, 145,3 records/sec (2,77 MB/sec), 6,9 ms avg latency, 30,0 ms max latency.
731 records sent, 146,1 records/sec (2,79 MB/sec), 6,8 ms avg latency, 29,0 ms max latency.
684 records sent, 136,8 records/sec (2,61 MB/sec), 7,3 ms avg latency, 298,0 ms max latency.
725 records sent, 145,0 records/sec (2,77 MB/sec), 6,9 ms avg latency, 51,0 ms max latency.
729 records sent, 145,8 records/sec (2,78 MB/sec), 6,8 ms avg latency, 37,0 ms max latency.
711 records sent, 142,2 records/sec (2,71 MB/sec), 7,0 ms avg latency, 50,0 ms max latency.
731 records sent, 146,2 records/sec (2,79 MB/sec), 6,8 ms avg latency, 30,0 ms max latency.
731 records sent, 146,0 records/sec (2,79 MB/sec), 6,8 ms avg latency, 20,0 ms max latency.
694 records sent, 138,8 records/sec (2,65 MB/sec), 7,2 ms avg latency, 131,0 ms max latency.
723 records sent, 144,5 records/sec (2,76 MB/sec), 6,9 ms avg latency, 48,0 ms max latency.
733 records sent, 146,5 records/sec (2,80 MB/sec), 6,8 ms avg latency, 10,0 ms max latency.
690 records sent, 137,9 records/sec (2,63 MB/sec), 7,2 ms avg latency, 212,0 ms max latency.
732 records sent, 146,2 records/sec (2,79 MB/sec), 6,8 ms avg latency, 36,0 ms max latency.
640 records sent, 127,9 records/sec (2,44 MB/sec), 7,8 ms avg latency, 571,0 ms max latency.
731 records sent, 146,2 records/sec (2,79 MB/sec), 6,8 ms avg latency, 34,0 ms max latency.
730 records sent, 146,0 records/sec (2,78 MB/sec), 6,8 ms avg latency, 30,0 ms max latency.
731 records sent, 146,2 records/sec (2,79 MB/sec), 6,8 ms avg latency, 32,0 ms max latency.
679 records sent, 135,8 records/sec (2,59 MB/sec), 7,4 ms avg latency, 245,0 ms max latency.
738 records sent, 147,6 records/sec (2,81 MB/sec), 6,8 ms avg latency, 30,0 ms max latency.
720 records sent, 144,0 records/sec (2,75 MB/sec), 6,9 ms avg latency, 69,0 ms max latency.
734 records sent, 146,8 records/sec (2,80 MB/sec), 6,8 ms avg latency, 8,0 ms max latency.
724 records sent, 144,7 records/sec (2,76 MB/sec), 6,9 ms avg latency, 35,0 ms max latency.
735 records sent, 147,0 records/sec (2,80 MB/sec), 6,8 ms avg latency, 37,0 ms max latency.
737 records sent, 147,4 records/sec (2,81 MB/sec), 6,8 ms avg latency, 28,0 ms max latency.
695 records sent, 138,9 records/sec (2,65 MB/sec), 7,2 ms avg latency, 242,0 ms max latency.
736 records sent, 147,1 records/sec (2,81 MB/sec), 6,8 ms avg latency, 35,0 ms max latency.
729 records sent, 145,7 records/sec (2,78 MB/sec), 6,8 ms avg latency, 28,0 ms max latency.
729 records sent, 145,7 records/sec (2,78 MB/sec), 6,9 ms avg latency, 23,0 ms max latency.
728 records sent, 145,6 records/sec (2,78 MB/sec), 6,8 ms avg latency, 41,0 ms max latency.
733 records sent, 146,6 records/sec (2,80 MB/sec), 6,8 ms avg latency, 36,0 ms max latency.
714 records sent, 142,7 records/sec (2,72 MB/sec), 7,0 ms avg latency, 59,0 ms max latency.
728 records sent, 145,6 records/sec (2,78 MB/sec), 6,9 ms avg latency, 36,0 ms max latency.
736 records sent, 147,1 records/sec (2,81 MB/sec), 6,8 ms avg latency, 29,0 ms max latency.
731 records sent, 146,1 records/sec (2,79 MB/sec), 6,8 ms avg latency, 33,0 ms max latency.
729 records sent, 145,7 records/sec (2,78 MB/sec), 6,9 ms avg latency, 35,0 ms max latency.
729 records sent, 145,7 records/sec (2,78 MB/sec), 6,9 ms avg latency, 30,0 ms max latency.
703 records sent, 140,5 records/sec (2,68 MB/sec), 7,1 ms avg latency, 89,0 ms max latency.
732 records sent, 146,3 records/sec (2,79 MB/sec), 6,8 ms avg latency, 41,0 ms max latency.
692 records sent, 138,2 records/sec (2,64 MB/sec), 7,2 ms avg latency, 293,0 ms max latency.
730 records sent, 146,0 records/sec (2,78 MB/sec), 6,8 ms avg latency, 19,0 ms max latency.
732 records sent, 146,3 records/sec (2,79 MB/sec), 6,8 ms avg latency, 24,0 ms max latency.
732 records sent, 146,3 records/sec (2,79 MB/sec), 6,8 ms avg latency, 32,0 ms max latency.
731 records sent, 146,1 records/sec (2,79 MB/sec), 6,8 ms avg latency, 32,0 ms max latency.
718 records sent, 143,5 records/sec (2,74 MB/sec), 6,9 ms avg latency, 62,0 ms max latency.
683 records sent, 136,4 records/sec (2,60 MB/sec), 7,3 ms avg latency, 373,0 ms max latency.
731 records sent, 146,1 records/sec (2,79 MB/sec), 6,8 ms avg latency, 25,0 ms max latency.
80000 records sent, 143,728239 records/sec (2,74 MB/sec), 6,94 ms avg latency, 571,00 ms max latency, 7 ms 50th, 7 ms 95th, 8 ms 99th, 38 ms 99.9th.

Metric Name                                                                          Value
app-info:commit-id:{client-id=producer-1}                                          : d4284cbebb6f0a4c
app-info:start-time-ms:{client-id=producer-1}                                      : 1590748712949
app-info:version:{client-id=producer-1}                                            : 2.3.1
kafka-metrics-count:count:{client-id=producer-1}                                   : 126,000
producer-metrics:batch-size-avg:{client-id=producer-1}                             : 20077,000
producer-metrics:batch-size-max:{client-id=producer-1}                             : 20077,000
producer-metrics:batch-split-rate:{client-id=producer-1}                           : 0,000
producer-metrics:batch-split-total:{client-id=producer-1}                          : 0,000
producer-metrics:buffer-available-bytes:{client-id=producer-1}                     : 33554432,000
producer-metrics:buffer-exhausted-rate:{client-id=producer-1}                      : 0,000
producer-metrics:buffer-exhausted-total:{client-id=producer-1}                     : 0,000
producer-metrics:buffer-total-bytes:{client-id=producer-1}                         : 33554432,000
producer-metrics:bufferpool-wait-ratio:{client-id=producer-1}                      : 0,000
producer-metrics:bufferpool-wait-time-total:{client-id=producer-1}                 : 0,000
producer-metrics:compression-rate-avg:{client-id=producer-1}                       : 1,000
producer-metrics:connection-close-rate:{client-id=producer-1}                      : 0,022
producer-metrics:connection-close-total:{client-id=producer-1}                     : 1,000
producer-metrics:connection-count:{client-id=producer-1}                           : 3,000
producer-metrics:connection-creation-rate:{client-id=producer-1}                   : 0,000
producer-metrics:connection-creation-total:{client-id=producer-1}                  : 4,000
producer-metrics:failed-authentication-rate:{client-id=producer-1}                 : 0,000
producer-metrics:failed-authentication-total:{client-id=producer-1}                : 0,000
producer-metrics:failed-reauthentication-rate:{client-id=producer-1}               : 0,000
producer-metrics:failed-reauthentication-total:{client-id=producer-1}              : 0,000
producer-metrics:incoming-byte-rate:{client-id=producer-1}                         : 8927,258
producer-metrics:incoming-byte-total:{client-id=producer-1}                        : 4962031,000
producer-metrics:io-ratio:{client-id=producer-1}                                   : 0,010
producer-metrics:io-time-ns-avg:{client-id=producer-1}                             : 22096,052
producer-metrics:io-wait-ratio:{client-id=producer-1}                              : 0,975
producer-metrics:io-wait-time-ns-avg:{client-id=producer-1}                        : 2265202,035
producer-metrics:io-waittime-total:{client-id=producer-1}                          : 542203954582,000
producer-metrics:iotime-total:{client-id=producer-1}                               : 5495546075,000
producer-metrics:metadata-age:{client-id=producer-1}                               : 16,417
producer-metrics:network-io-rate:{client-id=producer-1}                            : 287,799
producer-metrics:network-io-total:{client-id=producer-1}                           : 160014,000
producer-metrics:outgoing-byte-rate:{client-id=producer-1}                         : 2898743,608
producer-metrics:outgoing-byte-total:{client-id=producer-1}                        : 1611749115,000
producer-metrics:produce-throttle-time-avg:{client-id=producer-1}                  : 0,000
producer-metrics:produce-throttle-time-max:{client-id=producer-1}                  : 0,000
producer-metrics:reauthentication-latency-avg:{client-id=producer-1}               : NaN
producer-metrics:reauthentication-latency-max:{client-id=producer-1}               : NaN
producer-metrics:record-error-rate:{client-id=producer-1}                          : 0,000
producer-metrics:record-error-total:{client-id=producer-1}                         : 0,000
producer-metrics:record-queue-time-avg:{client-id=producer-1}                      : 0,031
producer-metrics:record-queue-time-max:{client-id=producer-1}                      : 1,000
producer-metrics:record-retry-rate:{client-id=producer-1}                          : 0,000
producer-metrics:record-retry-total:{client-id=producer-1}                         : 0,000
producer-metrics:record-send-rate:{client-id=producer-1}                           : 143,866
producer-metrics:record-send-total:{client-id=producer-1}                          : 80000,000
producer-metrics:record-size-avg:{client-id=producer-1}                            : 20092,000
producer-metrics:record-size-max:{client-id=producer-1}                            : 20092,000
producer-metrics:records-per-request-avg:{client-id=producer-1}                    : 1,000
producer-metrics:request-latency-avg:{client-id=producer-1}                        : 6,864
producer-metrics:request-latency-max:{client-id=producer-1}                        : 373,000
producer-metrics:request-rate:{client-id=producer-1}                               : 143,892
producer-metrics:request-size-avg:{client-id=producer-1}                           : 20143,988
producer-metrics:request-size-max:{client-id=producer-1}                           : 20147,000
producer-metrics:request-total:{client-id=producer-1}                              : 80007,000
producer-metrics:requests-in-flight:{client-id=producer-1}                         : 0,000
producer-metrics:response-rate:{client-id=producer-1}                              : 143,910
producer-metrics:response-total:{client-id=producer-1}                             : 80007,000
producer-metrics:select-rate:{client-id=producer-1}                                : 430,266
producer-metrics:select-total:{client-id=producer-1}                               : 239841,000
producer-metrics:successful-authentication-no-reauth-total:{client-id=producer-1}  : 0,000
producer-metrics:successful-authentication-rate:{client-id=producer-1}             : 0,000
producer-metrics:successful-authentication-total:{client-id=producer-1}            : 0,000
producer-metrics:successful-reauthentication-rate:{client-id=producer-1}           : 0,000
producer-metrics:successful-reauthentication-total:{client-id=producer-1}          : 0,000
producer-metrics:waiting-threads:{client-id=producer-1}                            : 0,000
producer-node-metrics:incoming-byte-rate:{client-id=producer-1, node-id=node--3}   : 0,000
producer-node-metrics:incoming-byte-rate:{client-id=producer-1, node-id=node-1}    : 2967,326
producer-node-metrics:incoming-byte-rate:{client-id=producer-1, node-id=node-3}    : 2995,449
producer-node-metrics:incoming-byte-rate:{client-id=producer-1, node-id=node-6}    : 2968,187
producer-node-metrics:incoming-byte-total:{client-id=producer-1, node-id=node--3}  : 579,000
producer-node-metrics:incoming-byte-total:{client-id=producer-1, node-id=node-1}   : 1655074,000
producer-node-metrics:incoming-byte-total:{client-id=producer-1, node-id=node-3}   : 1659662,000
producer-node-metrics:incoming-byte-total:{client-id=producer-1, node-id=node-6}   : 1646716,000
producer-node-metrics:outgoing-byte-rate:{client-id=producer-1, node-id=node--3}   : 0,000
producer-node-metrics:outgoing-byte-rate:{client-id=producer-1, node-id=node-1}    : 964111,587
producer-node-metrics:outgoing-byte-rate:{client-id=producer-1, node-id=node-3}    : 973382,110
producer-node-metrics:outgoing-byte-rate:{client-id=producer-1, node-id=node-6}    : 962402,410
producer-node-metrics:outgoing-byte-total:{client-id=producer-1, node-id=node--3}  : 67,000
producer-node-metrics:outgoing-byte-total:{client-id=producer-1, node-id=node-1}   : 537719760,000
producer-node-metrics:outgoing-byte-total:{client-id=producer-1, node-id=node-3}   : 539210513,000
producer-node-metrics:outgoing-byte-total:{client-id=producer-1, node-id=node-6}   : 534818775,000
producer-node-metrics:request-latency-avg:{client-id=producer-1, node-id=node--3}  : NaN
producer-node-metrics:request-latency-avg:{client-id=producer-1, node-id=node-1}   : 7,173
producer-node-metrics:request-latency-avg:{client-id=producer-1, node-id=node-3}   : 6,781
producer-node-metrics:request-latency-avg:{client-id=producer-1, node-id=node-6}   : 6,643
producer-node-metrics:request-latency-max:{client-id=producer-1, node-id=node--3}  : NaN
producer-node-metrics:request-latency-max:{client-id=producer-1, node-id=node-1}   : 293,000
producer-node-metrics:request-latency-max:{client-id=producer-1, node-id=node-3}   : 373,000
producer-node-metrics:request-latency-max:{client-id=producer-1, node-id=node-6}   : 32,000
producer-node-metrics:request-rate:{client-id=producer-1, node-id=node--3}         : 0,000
producer-node-metrics:request-rate:{client-id=producer-1, node-id=node-1}          : 47,853
producer-node-metrics:request-rate:{client-id=producer-1, node-id=node-3}          : 48,312
producer-node-metrics:request-rate:{client-id=producer-1, node-id=node-6}          : 47,789
producer-node-metrics:request-size-avg:{client-id=producer-1, node-id=node--3}     : NaN
producer-node-metrics:request-size-avg:{client-id=producer-1, node-id=node-1}      : 20147,000
producer-node-metrics:request-size-avg:{client-id=producer-1, node-id=node-3}      : 20147,000
producer-node-metrics:request-size-avg:{client-id=producer-1, node-id=node-6}      : 20137,866
producer-node-metrics:request-size-max:{client-id=producer-1, node-id=node--3}     : NaN
producer-node-metrics:request-size-max:{client-id=producer-1, node-id=node-1}      : 20147,000
producer-node-metrics:request-size-max:{client-id=producer-1, node-id=node-3}      : 20147,000
producer-node-metrics:request-size-max:{client-id=producer-1, node-id=node-6}      : 20147,000
producer-node-metrics:request-total:{client-id=producer-1, node-id=node--3}        : 2,000
producer-node-metrics:request-total:{client-id=producer-1, node-id=node-1}         : 26691,000
producer-node-metrics:request-total:{client-id=producer-1, node-id=node-3}         : 26765,000
producer-node-metrics:request-total:{client-id=producer-1, node-id=node-6}         : 26549,000
producer-node-metrics:response-rate:{client-id=producer-1, node-id=node--3}        : 0,000
producer-node-metrics:response-rate:{client-id=producer-1, node-id=node-1}         : 47,860
producer-node-metrics:response-rate:{client-id=producer-1, node-id=node-3}         : 48,314
producer-node-metrics:response-rate:{client-id=producer-1, node-id=node-6}         : 47,796
producer-node-metrics:response-total:{client-id=producer-1, node-id=node--3}       : 2,000
producer-node-metrics:response-total:{client-id=producer-1, node-id=node-1}        : 26691,000
producer-node-metrics:response-total:{client-id=producer-1, node-id=node-3}        : 26765,000
producer-node-metrics:response-total:{client-id=producer-1, node-id=node-6}        : 26549,000
producer-topic-metrics:byte-rate:{client-id=producer-1, topic=test-topic}          : 2888327,965
producer-topic-metrics:byte-total:{client-id=producer-1, topic=test-topic}         : 1606148890,000
producer-topic-metrics:compression-rate:{client-id=producer-1, topic=test-topic}   : 1,000
producer-topic-metrics:record-error-rate:{client-id=producer-1, topic=test-topic}  : 0,000
producer-topic-metrics:record-error-total:{client-id=producer-1, topic=test-topic} : 0,000
producer-topic-metrics:record-retry-rate:{client-id=producer-1, topic=test-topic}  : 0,000
producer-topic-metrics:record-retry-total:{client-id=producer-1, topic=test-topic} : 0,000
producer-topic-metrics:record-send-rate:{client-id=producer-1, topic=test-topic}   : 143,866
producer-topic-metrics:record-send-total:{client-id=producer-1, topic=test-topic}  : 80000,000
Produce Time: 556.606
Aplication time: 557.386
