Topic to send: test-topic
Topic to acks: -2
Records: 80000
Size:1000
[22:50:55]    __________  ________________ 
[22:50:55]   /  _/ ___/ |/ /  _/_  __/ __/ 
[22:50:55]  _/ // (7 7    // /  / / / _/   
[22:50:55] /___/\___/_/|_/___/ /_/ /___/  
[22:50:55] 
[22:50:55] ver. 2.7.6#20190911-sha1:21f7ca41
[22:50:55] 2019 Copyright(C) Apache Software Foundation
[22:50:55] 
[22:50:55] Ignite documentation: http://ignite.apache.org
[22:50:55] 
[22:50:55] Quiet mode.
[22:50:55]   ^-- Logging by 'JavaLogger [quiet=true, config=null]'
[22:50:55]   ^-- To see **FULL** console log here add -DIGNITE_QUIET=false or "-v" to ignite.{sh|bat}
[22:50:55] 
[22:50:55] OS: Linux 5.0.0-38-generic amd64
[22:50:55] VM information: OpenJDK Runtime Environment 11.0.5+10-post-Ubuntu-0ubuntu1.119.04 Private Build OpenJDK 64-Bit Server VM 11.0.5+10-post-Ubuntu-0ubuntu1.119.04
[22:50:55] Please set system property '-Djava.net.preferIPv4Stack=true' to avoid possible problems in mixed environments.
[22:50:55] Initial heap size is 126MB (should be no less than 512MB, use -Xms512m -Xmx512m).
[22:50:55] Configured plugins:
[22:50:55]   ^-- None
[22:50:55] 
[22:50:55] Configured failure handler: [hnd=StopNodeOrHaltFailureHandler [tryStop=false, timeout=0, super=AbstractFailureHandler [ignoredFailureTypes=[SYSTEM_WORKER_BLOCKED, SYSTEM_CRITICAL_OPERATION_TIMEOUT]]]]
[22:50:55] Message queue limit is set to 0 which may lead to potential OOMEs when running cache operations in FULL_ASYNC or PRIMARY_SYNC modes due to message queues growth on sender and receiver sides.
[22:50:55] Security status [authentication=off, tls/ssl=off]
[22:50:56] REST protocols do not start on client node. To start the protocols on client node set '-DIGNITE_REST_START_ON_CLIENT=true' system property.
[22:50:57] Performance suggestions for grid  (fix if possible)
[22:50:57] To disable, set -DIGNITE_PERFORMANCE_SUGGESTIONS_DISABLED=true
[22:50:57]   ^-- Switch to the most recent 1.8 JVM version
[22:50:57]   ^-- Specify JVM heap max size (add '-Xmx<size>[g|G|m|M|k|K]' to JVM options)
[22:50:57]   ^-- Set max direct memory size if getting 'OOME: Direct buffer memory' (add '-XX:MaxDirectMemorySize=<size>[g|G|m|M|k|K]' to JVM options)
[22:50:57]   ^-- Disable processing of calls to System.gc() (add '-XX:+DisableExplicitGC' to JVM options)
[22:50:57] Refer to this page for more performance suggestions: https://apacheignite.readme.io/docs/jvm-and-system-tuning
[22:50:57] 
[22:50:57] To start Console Management & Monitoring run ignitevisorcmd.{sh|bat}
[22:50:57] 
[22:50:57] Ignite node started OK (id=49425f45)
[22:50:57] Topology snapshot [ver=30, locNode=49425f45, servers=1, clients=1, state=ACTIVE, CPUs=8, offheap=1.5GB, heap=3.9GB]
2371 records sent, 430,7 records/sec (0,41 MB/sec), 2,3 ms avg latency, 2128,0 ms max latency.
3332 records sent, 665,7 records/sec (0,63 MB/sec), 1,5 ms avg latency, 439,0 ms max latency.
2504 records sent, 480,5 records/sec (0,46 MB/sec), 2,1 ms avg latency, 474,0 ms max latency.
2637 records sent, 523,3 records/sec (0,50 MB/sec), 1,9 ms avg latency, 439,0 ms max latency.
2501 records sent, 495,5 records/sec (0,47 MB/sec), 2,0 ms avg latency, 346,0 ms max latency.
2608 records sent, 514,9 records/sec (0,49 MB/sec), 1,9 ms avg latency, 462,0 ms max latency.
2385 records sent, 477,0 records/sec (0,45 MB/sec), 2,1 ms avg latency, 427,0 ms max latency.
2455 records sent, 477,5 records/sec (0,46 MB/sec), 2,1 ms avg latency, 781,0 ms max latency.
3047 records sent, 598,3 records/sec (0,57 MB/sec), 1,7 ms avg latency, 747,0 ms max latency.
2651 records sent, 484,4 records/sec (0,46 MB/sec), 2,1 ms avg latency, 548,0 ms max latency.
2600 records sent, 519,3 records/sec (0,50 MB/sec), 1,9 ms avg latency, 510,0 ms max latency.
2401 records sent, 480,1 records/sec (0,46 MB/sec), 2,1 ms avg latency, 457,0 ms max latency.
2724 records sent, 514,8 records/sec (0,49 MB/sec), 1,9 ms avg latency, 642,0 ms max latency.
2704 records sent, 512,6 records/sec (0,49 MB/sec), 1,9 ms avg latency, 540,0 ms max latency.
2561 records sent, 497,6 records/sec (0,47 MB/sec), 2,0 ms avg latency, 707,0 ms max latency.
2660 records sent, 522,2 records/sec (0,50 MB/sec), 1,9 ms avg latency, 524,0 ms max latency.
2540 records sent, 488,9 records/sec (0,47 MB/sec), 2,0 ms avg latency, 672,0 ms max latency.
2640 records sent, 523,8 records/sec (0,50 MB/sec), 1,9 ms avg latency, 486,0 ms max latency.
2431 records sent, 475,3 records/sec (0,45 MB/sec), 2,1 ms avg latency, 426,0 ms max latency.
2839 records sent, 566,9 records/sec (0,54 MB/sec), 1,8 ms avg latency, 454,0 ms max latency.
2555 records sent, 497,0 records/sec (0,47 MB/sec), 2,0 ms avg latency, 506,0 ms max latency.
2658 records sent, 518,0 records/sec (0,49 MB/sec), 1,9 ms avg latency, 538,0 ms max latency.
2617 records sent, 523,0 records/sec (0,50 MB/sec), 1,9 ms avg latency, 399,0 ms max latency.
2571 records sent, 490,3 records/sec (0,47 MB/sec), 2,0 ms avg latency, 543,0 ms max latency.
2351 records sent, 454,7 records/sec (0,43 MB/sec), 2,2 ms avg latency, 402,0 ms max latency.
2873 records sent, 573,6 records/sec (0,55 MB/sec), 1,7 ms avg latency, 721,0 ms max latency.
2494 records sent, 490,9 records/sec (0,47 MB/sec), 2,0 ms avg latency, 529,0 ms max latency.
2628 records sent, 482,4 records/sec (0,46 MB/sec), 2,1 ms avg latency, 680,0 ms max latency.
2831 records sent, 559,5 records/sec (0,53 MB/sec), 1,8 ms avg latency, 702,0 ms max latency.
2719 records sent, 491,1 records/sec (0,47 MB/sec), 2,0 ms avg latency, 551,0 ms max latency.
80000 records sent, 510,806755 records/sec (0,49 MB/sec), 1,94 ms avg latency, 2128,00 ms max latency, 0 ms 50th, 10 ms 95th, 26 ms 99th, 344 ms 99.9th.

Metric Name                                                                          Value
app-info:commit-id:{client-id=producer-1}                                          : d12590634290dbc4
app-info:start-time-ms:{client-id=producer-1}                                      : 1593568254483
app-info:version:{client-id=producer-1}                                            : 2.3.1
kafka-metrics-count:count:{client-id=producer-1}                                   : 126,000
producer-metrics:batch-size-avg:{client-id=producer-1}                             : 1075,000
producer-metrics:batch-size-max:{client-id=producer-1}                             : 1075,000
producer-metrics:batch-split-rate:{client-id=producer-1}                           : 0,000
producer-metrics:batch-split-total:{client-id=producer-1}                          : 0,000
producer-metrics:buffer-available-bytes:{client-id=producer-1}                     : 33554432,000
producer-metrics:buffer-exhausted-rate:{client-id=producer-1}                      : 0,000
producer-metrics:buffer-exhausted-total:{client-id=producer-1}                     : 0,000
producer-metrics:buffer-total-bytes:{client-id=producer-1}                         : 33554432,000
producer-metrics:bufferpool-wait-ratio:{client-id=producer-1}                      : 0,000
producer-metrics:bufferpool-wait-time-total:{client-id=producer-1}                 : 0,000
producer-metrics:compression-rate-avg:{client-id=producer-1}                       : 1,000
producer-metrics:connection-close-rate:{client-id=producer-1}                      : 0,018
producer-metrics:connection-close-total:{client-id=producer-1}                     : 6,000
producer-metrics:connection-count:{client-id=producer-1}                           : 4,000
producer-metrics:connection-creation-rate:{client-id=producer-1}                   : 0,018
producer-metrics:connection-creation-total:{client-id=producer-1}                  : 10,000
producer-metrics:failed-authentication-rate:{client-id=producer-1}                 : 0,000
producer-metrics:failed-authentication-total:{client-id=producer-1}                : 0,000
producer-metrics:failed-reauthentication-rate:{client-id=producer-1}               : 0,000
producer-metrics:failed-reauthentication-total:{client-id=producer-1}              : 0,000
producer-metrics:incoming-byte-rate:{client-id=producer-1}                         : 10,309
producer-metrics:incoming-byte-total:{client-id=producer-1}                        : 4935,000
producer-metrics:io-ratio:{client-id=producer-1}                                   : 0,008
producer-metrics:io-time-ns-avg:{client-id=producer-1}                             : 7546,582
producer-metrics:io-wait-ratio:{client-id=producer-1}                              : 0,985
producer-metrics:io-wait-time-ns-avg:{client-id=producer-1}                        : 958109,415
producer-metrics:io-waittime-total:{client-id=producer-1}                          : 149940097009,000
producer-metrics:iotime-total:{client-id=producer-1}                               : 1473476198,000
producer-metrics:metadata-age:{client-id=producer-1}                               : 26,159
producer-metrics:network-io-rate:{client-id=producer-1}                            : 507,237
producer-metrics:network-io-total:{client-id=producer-1}                           : 80034,000
producer-metrics:outgoing-byte-rate:{client-id=producer-1}                         : 586040,265
producer-metrics:outgoing-byte-total:{client-id=producer-1}                        : 92389435,000
producer-metrics:produce-throttle-time-avg:{client-id=producer-1}                  : 0,000
producer-metrics:produce-throttle-time-max:{client-id=producer-1}                  : 0,000
producer-metrics:reauthentication-latency-avg:{client-id=producer-1}               : NaN
producer-metrics:reauthentication-latency-max:{client-id=producer-1}               : NaN
producer-metrics:record-error-rate:{client-id=producer-1}                          : 0,000
producer-metrics:record-error-total:{client-id=producer-1}                         : 0,000
producer-metrics:record-queue-time-avg:{client-id=producer-1}                      : 0,056
producer-metrics:record-queue-time-max:{client-id=producer-1}                      : 707,000
producer-metrics:record-retry-rate:{client-id=producer-1}                          : 0,018
producer-metrics:record-retry-total:{client-id=producer-1}                         : 4,000
producer-metrics:record-send-rate:{client-id=producer-1}                           : 507,378
producer-metrics:record-send-total:{client-id=producer-1}                          : 80004,000
producer-metrics:record-size-avg:{client-id=producer-1}                            : 1091,000
producer-metrics:record-size-max:{client-id=producer-1}                            : 1091,000
producer-metrics:records-per-request-avg:{client-id=producer-1}                    : 1,000
producer-metrics:request-latency-avg:{client-id=producer-1}                        : NaN
producer-metrics:request-latency-max:{client-id=producer-1}                        : NaN
producer-metrics:request-rate:{client-id=producer-1}                               : 507,196
producer-metrics:request-size-avg:{client-id=producer-1}                           : 1154,878
producer-metrics:request-size-max:{client-id=producer-1}                           : 1155,000
producer-metrics:request-total:{client-id=producer-1}                              : 80017,000
producer-metrics:requests-in-flight:{client-id=producer-1}                         : 0,000
producer-metrics:response-rate:{client-id=producer-1}                              : 0,036
producer-metrics:response-total:{client-id=producer-1}                             : 17,000
producer-metrics:select-rate:{client-id=producer-1}                                : 1028,139
producer-metrics:select-total:{client-id=producer-1}                               : 155264,000
producer-metrics:successful-authentication-no-reauth-total:{client-id=producer-1}  : 0,000
producer-metrics:successful-authentication-rate:{client-id=producer-1}             : 0,000
producer-metrics:successful-authentication-total:{client-id=producer-1}            : 0,000
producer-metrics:successful-reauthentication-rate:{client-id=producer-1}           : 0,000
producer-metrics:successful-reauthentication-total:{client-id=producer-1}          : 0,000
producer-metrics:waiting-threads:{client-id=producer-1}                            : 0,000
producer-node-metrics:incoming-byte-rate:{client-id=producer-1, node-id=node--3}   : 0,000
producer-node-metrics:incoming-byte-rate:{client-id=producer-1, node-id=node-1}    : 5,240
producer-node-metrics:incoming-byte-rate:{client-id=producer-1, node-id=node-3}    : 0,000
producer-node-metrics:incoming-byte-rate:{client-id=producer-1, node-id=node-6}    : 5,075
producer-node-metrics:incoming-byte-total:{client-id=producer-1, node-id=node--3}  : 579,000
producer-node-metrics:incoming-byte-total:{client-id=producer-1, node-id=node-1}   : 1746,000
producer-node-metrics:incoming-byte-total:{client-id=producer-1, node-id=node-3}   : 579,000
producer-node-metrics:incoming-byte-total:{client-id=producer-1, node-id=node-6}   : 2031,000
producer-node-metrics:outgoing-byte-rate:{client-id=producer-1, node-id=node--3}   : 0,000
producer-node-metrics:outgoing-byte-rate:{client-id=producer-1, node-id=node-1}    : 195117,974
producer-node-metrics:outgoing-byte-rate:{client-id=producer-1, node-id=node-3}    : 196266,374
producer-node-metrics:outgoing-byte-rate:{client-id=producer-1, node-id=node-6}    : 196866,629
producer-node-metrics:outgoing-byte-total:{client-id=producer-1, node-id=node--3}  : 67,000
producer-node-metrics:outgoing-byte-total:{client-id=producer-1, node-id=node-1}   : 30823438,000
producer-node-metrics:outgoing-byte-total:{client-id=producer-1, node-id=node-3}   : 30908668,000
producer-node-metrics:outgoing-byte-total:{client-id=producer-1, node-id=node-6}   : 30657262,000
producer-node-metrics:request-latency-avg:{client-id=producer-1, node-id=node--3}  : NaN
producer-node-metrics:request-latency-avg:{client-id=producer-1, node-id=node-1}   : NaN
producer-node-metrics:request-latency-avg:{client-id=producer-1, node-id=node-3}   : NaN
producer-node-metrics:request-latency-avg:{client-id=producer-1, node-id=node-6}   : NaN
producer-node-metrics:request-latency-max:{client-id=producer-1, node-id=node--3}  : NaN
producer-node-metrics:request-latency-max:{client-id=producer-1, node-id=node-1}   : NaN
producer-node-metrics:request-latency-max:{client-id=producer-1, node-id=node-3}   : NaN
producer-node-metrics:request-latency-max:{client-id=producer-1, node-id=node-6}   : NaN
producer-node-metrics:request-rate:{client-id=producer-1, node-id=node--3}         : 0,000
producer-node-metrics:request-rate:{client-id=producer-1, node-id=node-1}          : 168,881
producer-node-metrics:request-rate:{client-id=producer-1, node-id=node-3}          : 169,848
producer-node-metrics:request-rate:{client-id=producer-1, node-id=node-6}          : 170,393
producer-node-metrics:request-size-avg:{client-id=producer-1, node-id=node--3}     : NaN
producer-node-metrics:request-size-avg:{client-id=producer-1, node-id=node-1}      : 1154,815
producer-node-metrics:request-size-avg:{client-id=producer-1, node-id=node-3}      : 1155,000
producer-node-metrics:request-size-avg:{client-id=producer-1, node-id=node-6}      : 1154,817
producer-node-metrics:request-size-max:{client-id=producer-1, node-id=node--3}     : NaN
producer-node-metrics:request-size-max:{client-id=producer-1, node-id=node-1}      : 1155,000
producer-node-metrics:request-size-max:{client-id=producer-1, node-id=node-3}      : 1155,000
producer-node-metrics:request-size-max:{client-id=producer-1, node-id=node-6}      : 1155,000
producer-node-metrics:request-total:{client-id=producer-1, node-id=node--3}        : 2,000
producer-node-metrics:request-total:{client-id=producer-1, node-id=node-1}         : 26696,000
producer-node-metrics:request-total:{client-id=producer-1, node-id=node-3}         : 26766,000
producer-node-metrics:request-total:{client-id=producer-1, node-id=node-6}         : 26553,000
producer-node-metrics:response-rate:{client-id=producer-1, node-id=node--3}        : 0,000
producer-node-metrics:response-rate:{client-id=producer-1, node-id=node-1}         : 0,018
producer-node-metrics:response-rate:{client-id=producer-1, node-id=node-3}         : 0,000
producer-node-metrics:response-rate:{client-id=producer-1, node-id=node-6}         : 0,018
producer-node-metrics:response-total:{client-id=producer-1, node-id=node--3}       : 2,000
producer-node-metrics:response-total:{client-id=producer-1, node-id=node-1}        : 6,000
producer-node-metrics:response-total:{client-id=producer-1, node-id=node-3}        : 2,000
producer-node-metrics:response-total:{client-id=producer-1, node-id=node-6}        : 7,000
producer-topic-metrics:byte-rate:{client-id=producer-1, topic=test-topic}          : 545220,568
producer-topic-metrics:byte-total:{client-id=producer-1, topic=test-topic}         : 85993194,000
producer-topic-metrics:compression-rate:{client-id=producer-1, topic=test-topic}   : 1,000
producer-topic-metrics:record-error-rate:{client-id=producer-1, topic=test-topic}  : 0,000
producer-topic-metrics:record-error-total:{client-id=producer-1, topic=test-topic} : 0,000
producer-topic-metrics:record-retry-rate:{client-id=producer-1, topic=test-topic}  : 0,018
producer-topic-metrics:record-retry-total:{client-id=producer-1, topic=test-topic} : 4,000
producer-topic-metrics:record-send-rate:{client-id=producer-1, topic=test-topic}   : 507,378
producer-topic-metrics:record-send-total:{client-id=producer-1, topic=test-topic}  : 80004,000
Produce Time: 156.61
[22:53:31] Ignite node stopped OK [uptime=00:02:33.469]
Aplication time: 157.373
*****Produção finalizada, esperando 180 s para buscar WM*****
Water mark: 1200000
