Topic to send: test-topic
Topic to acks: -2
Records: 80000
Size:1000
[22:33:59]    __________  ________________ 
[22:33:59]   /  _/ ___/ |/ /  _/_  __/ __/ 
[22:33:59]  _/ // (7 7    // /  / / / _/   
[22:33:59] /___/\___/_/|_/___/ /_/ /___/  
[22:33:59] 
[22:33:59] ver. 2.7.6#20190911-sha1:21f7ca41
[22:33:59] 2019 Copyright(C) Apache Software Foundation
[22:33:59] 
[22:33:59] Ignite documentation: http://ignite.apache.org
[22:33:59] 
[22:33:59] Quiet mode.
[22:33:59]   ^-- Logging by 'JavaLogger [quiet=true, config=null]'
[22:33:59]   ^-- To see **FULL** console log here add -DIGNITE_QUIET=false or "-v" to ignite.{sh|bat}
[22:33:59] 
[22:33:59] OS: Linux 5.0.0-38-generic amd64
[22:33:59] VM information: OpenJDK Runtime Environment 11.0.5+10-post-Ubuntu-0ubuntu1.119.04 Private Build OpenJDK 64-Bit Server VM 11.0.5+10-post-Ubuntu-0ubuntu1.119.04
[22:33:59] Please set system property '-Djava.net.preferIPv4Stack=true' to avoid possible problems in mixed environments.
[22:33:59] Initial heap size is 126MB (should be no less than 512MB, use -Xms512m -Xmx512m).
[22:33:59] Configured plugins:
[22:33:59]   ^-- None
[22:33:59] 
[22:33:59] Configured failure handler: [hnd=StopNodeOrHaltFailureHandler [tryStop=false, timeout=0, super=AbstractFailureHandler [ignoredFailureTypes=[SYSTEM_WORKER_BLOCKED, SYSTEM_CRITICAL_OPERATION_TIMEOUT]]]]
[22:33:59] Message queue limit is set to 0 which may lead to potential OOMEs when running cache operations in FULL_ASYNC or PRIMARY_SYNC modes due to message queues growth on sender and receiver sides.
[22:33:59] Security status [authentication=off, tls/ssl=off]
[22:34:00] REST protocols do not start on client node. To start the protocols on client node set '-DIGNITE_REST_START_ON_CLIENT=true' system property.
[22:34:02] Performance suggestions for grid  (fix if possible)
[22:34:02] To disable, set -DIGNITE_PERFORMANCE_SUGGESTIONS_DISABLED=true
[22:34:02]   ^-- Switch to the most recent 1.8 JVM version
[22:34:02]   ^-- Specify JVM heap max size (add '-Xmx<size>[g|G|m|M|k|K]' to JVM options)
[22:34:02]   ^-- Set max direct memory size if getting 'OOME: Direct buffer memory' (add '-XX:MaxDirectMemorySize=<size>[g|G|m|M|k|K]' to JVM options)
[22:34:02]   ^-- Disable processing of calls to System.gc() (add '-XX:+DisableExplicitGC' to JVM options)
[22:34:02] Refer to this page for more performance suggestions: https://apacheignite.readme.io/docs/jvm-and-system-tuning
[22:34:02] 
[22:34:02] To start Console Management & Monitoring run ignitevisorcmd.{sh|bat}
[22:34:02] 
[22:34:02] Ignite node started OK (id=a7dab280)
[22:34:02] Topology snapshot [ver=24, locNode=a7dab280, servers=1, clients=1, state=ACTIVE, CPUs=8, offheap=1.5GB, heap=3.9GB]
2189 records sent, 414,8 records/sec (0,40 MB/sec), 2,4 ms avg latency, 1936,0 ms max latency.
3286 records sent, 610,4 records/sec (0,58 MB/sec), 1,6 ms avg latency, 597,0 ms max latency.
2732 records sent, 517,8 records/sec (0,49 MB/sec), 1,9 ms avg latency, 452,0 ms max latency.
2555 records sent, 500,6 records/sec (0,48 MB/sec), 2,0 ms avg latency, 584,0 ms max latency.
2726 records sent, 544,2 records/sec (0,52 MB/sec), 1,8 ms avg latency, 430,0 ms max latency.
2476 records sent, 481,8 records/sec (0,46 MB/sec), 2,1 ms avg latency, 670,0 ms max latency.
2604 records sent, 507,4 records/sec (0,48 MB/sec), 2,0 ms avg latency, 587,0 ms max latency.
2865 records sent, 531,5 records/sec (0,51 MB/sec), 1,9 ms avg latency, 436,0 ms max latency.
2647 records sent, 522,7 records/sec (0,50 MB/sec), 1,9 ms avg latency, 436,0 ms max latency.
2762 records sent, 507,2 records/sec (0,48 MB/sec), 2,0 ms avg latency, 562,0 ms max latency.
2736 records sent, 539,5 records/sec (0,51 MB/sec), 1,8 ms avg latency, 411,0 ms max latency.
2660 records sent, 518,4 records/sec (0,49 MB/sec), 1,9 ms avg latency, 352,0 ms max latency.
2425 records sent, 484,3 records/sec (0,46 MB/sec), 2,1 ms avg latency, 488,0 ms max latency.
2682 records sent, 522,9 records/sec (0,50 MB/sec), 1,9 ms avg latency, 535,0 ms max latency.
2695 records sent, 501,8 records/sec (0,48 MB/sec), 2,0 ms avg latency, 485,0 ms max latency.
2533 records sent, 505,2 records/sec (0,48 MB/sec), 2,0 ms avg latency, 659,0 ms max latency.
2615 records sent, 522,3 records/sec (0,50 MB/sec), 1,9 ms avg latency, 524,0 ms max latency.
2400 records sent, 478,8 records/sec (0,46 MB/sec), 2,1 ms avg latency, 486,0 ms max latency.
2545 records sent, 491,3 records/sec (0,47 MB/sec), 2,0 ms avg latency, 464,0 ms max latency.
2799 records sent, 546,8 records/sec (0,52 MB/sec), 1,8 ms avg latency, 420,0 ms max latency.
2931 records sent, 585,4 records/sec (0,56 MB/sec), 1,7 ms avg latency, 579,0 ms max latency.
2430 records sent, 484,1 records/sec (0,46 MB/sec), 2,1 ms avg latency, 336,0 ms max latency.
2883 records sent, 574,0 records/sec (0,55 MB/sec), 1,7 ms avg latency, 749,0 ms max latency.
2713 records sent, 533,6 records/sec (0,51 MB/sec), 1,9 ms avg latency, 384,0 ms max latency.
2435 records sent, 480,5 records/sec (0,46 MB/sec), 2,1 ms avg latency, 585,0 ms max latency.
2741 records sent, 520,4 records/sec (0,50 MB/sec), 1,9 ms avg latency, 400,0 ms max latency.
2543 records sent, 484,2 records/sec (0,46 MB/sec), 2,1 ms avg latency, 704,0 ms max latency.
2676 records sent, 529,4 records/sec (0,50 MB/sec), 1,9 ms avg latency, 269,0 ms max latency.
2684 records sent, 530,5 records/sec (0,51 MB/sec), 1,9 ms avg latency, 401,0 ms max latency.
2512 records sent, 502,1 records/sec (0,48 MB/sec), 2,0 ms avg latency, 431,0 ms max latency.
80000 records sent, 516,769159 records/sec (0,49 MB/sec), 1,92 ms avg latency, 1936,00 ms max latency, 0 ms 50th, 10 ms 95th, 29 ms 99th, 336 ms 99.9th.

Metric Name                                                                          Value
app-info:commit-id:{client-id=producer-1}                                          : d12590634290dbc4
app-info:start-time-ms:{client-id=producer-1}                                      : 1593567238751
app-info:version:{client-id=producer-1}                                            : 2.3.1
kafka-metrics-count:count:{client-id=producer-1}                                   : 126,000
producer-metrics:batch-size-avg:{client-id=producer-1}                             : 1075,000
producer-metrics:batch-size-max:{client-id=producer-1}                             : 1075,000
producer-metrics:batch-split-rate:{client-id=producer-1}                           : 0,000
producer-metrics:batch-split-total:{client-id=producer-1}                          : 0,000
producer-metrics:buffer-available-bytes:{client-id=producer-1}                     : 33554432,000
producer-metrics:buffer-exhausted-rate:{client-id=producer-1}                      : 0,000
producer-metrics:buffer-exhausted-total:{client-id=producer-1}                     : 0,000
producer-metrics:buffer-total-bytes:{client-id=producer-1}                         : 33554432,000
producer-metrics:bufferpool-wait-ratio:{client-id=producer-1}                      : 0,000
producer-metrics:bufferpool-wait-time-total:{client-id=producer-1}                 : 0,000
producer-metrics:compression-rate-avg:{client-id=producer-1}                       : 1,000
producer-metrics:connection-close-rate:{client-id=producer-1}                      : 0,040
producer-metrics:connection-close-total:{client-id=producer-1}                     : 3,000
producer-metrics:connection-count:{client-id=producer-1}                           : 4,000
producer-metrics:connection-creation-rate:{client-id=producer-1}                   : 0,040
producer-metrics:connection-creation-total:{client-id=producer-1}                  : 7,000
producer-metrics:failed-authentication-rate:{client-id=producer-1}                 : 0,000
producer-metrics:failed-authentication-total:{client-id=producer-1}                : 0,000
producer-metrics:failed-reauthentication-rate:{client-id=producer-1}               : 0,000
producer-metrics:failed-reauthentication-total:{client-id=producer-1}              : 0,000
producer-metrics:incoming-byte-rate:{client-id=producer-1}                         : 23,148
producer-metrics:incoming-byte-total:{client-id=producer-1}                        : 3198,000
producer-metrics:io-ratio:{client-id=producer-1}                                   : 0,007
producer-metrics:io-time-ns-avg:{client-id=producer-1}                             : 6748,689
producer-metrics:io-wait-ratio:{client-id=producer-1}                              : 0,972
producer-metrics:io-wait-time-ns-avg:{client-id=producer-1}                        : 922310,492
producer-metrics:io-waittime-total:{client-id=producer-1}                          : 148547695033,000
producer-metrics:iotime-total:{client-id=producer-1}                               : 1403700424,000
producer-metrics:metadata-age:{client-id=producer-1}                               : 40,527
producer-metrics:network-io-rate:{client-id=producer-1}                            : 518,619
producer-metrics:network-io-total:{client-id=producer-1}                           : 80022,000
producer-metrics:outgoing-byte-rate:{client-id=producer-1}                         : 599181,585
producer-metrics:outgoing-byte-total:{client-id=producer-1}                        : 92389234,000
producer-metrics:produce-throttle-time-avg:{client-id=producer-1}                  : 0,000
producer-metrics:produce-throttle-time-max:{client-id=producer-1}                  : 0,000
producer-metrics:reauthentication-latency-avg:{client-id=producer-1}               : NaN
producer-metrics:reauthentication-latency-max:{client-id=producer-1}               : NaN
producer-metrics:record-error-rate:{client-id=producer-1}                          : 0,000
producer-metrics:record-error-total:{client-id=producer-1}                         : 0,000
producer-metrics:record-queue-time-avg:{client-id=producer-1}                      : 0,017
producer-metrics:record-queue-time-max:{client-id=producer-1}                      : 1,000
producer-metrics:record-retry-rate:{client-id=producer-1}                          : 0,040
producer-metrics:record-retry-total:{client-id=producer-1}                         : 3,000
producer-metrics:record-send-rate:{client-id=producer-1}                           : 518,635
producer-metrics:record-send-total:{client-id=producer-1}                          : 80003,000
producer-metrics:record-size-avg:{client-id=producer-1}                            : 1091,000
producer-metrics:record-size-max:{client-id=producer-1}                            : 1091,000
producer-metrics:records-per-request-avg:{client-id=producer-1}                    : 1,000
producer-metrics:request-latency-avg:{client-id=producer-1}                        : NaN
producer-metrics:request-latency-max:{client-id=producer-1}                        : NaN
producer-metrics:request-rate:{client-id=producer-1}                               : 518,634
producer-metrics:request-size-avg:{client-id=producer-1}                           : 1155,000
producer-metrics:request-size-max:{client-id=producer-1}                           : 1155,000
producer-metrics:request-total:{client-id=producer-1}                              : 80011,000
producer-metrics:requests-in-flight:{client-id=producer-1}                         : 0,000
producer-metrics:response-rate:{client-id=producer-1}                              : 0,080
producer-metrics:response-total:{client-id=producer-1}                             : 11,000
producer-metrics:select-rate:{client-id=producer-1}                                : 1054,049
producer-metrics:select-total:{client-id=producer-1}                               : 157203,000
producer-metrics:successful-authentication-no-reauth-total:{client-id=producer-1}  : 0,000
producer-metrics:successful-authentication-rate:{client-id=producer-1}             : 0,000
producer-metrics:successful-authentication-total:{client-id=producer-1}            : 0,000
producer-metrics:successful-reauthentication-rate:{client-id=producer-1}           : 0,000
producer-metrics:successful-reauthentication-total:{client-id=producer-1}          : 0,000
producer-metrics:waiting-threads:{client-id=producer-1}                            : 0,000
producer-node-metrics:incoming-byte-rate:{client-id=producer-1, node-id=node--1}   : 0,000
producer-node-metrics:incoming-byte-rate:{client-id=producer-1, node-id=node-1}    : 7,239
producer-node-metrics:incoming-byte-rate:{client-id=producer-1, node-id=node-3}    : 5,877
producer-node-metrics:incoming-byte-rate:{client-id=producer-1, node-id=node-6}    : 11,531
producer-node-metrics:incoming-byte-total:{client-id=producer-1, node-id=node--1}  : 579,000
producer-node-metrics:incoming-byte-total:{client-id=producer-1, node-id=node-1}   : 588,000
producer-node-metrics:incoming-byte-total:{client-id=producer-1, node-id=node-3}   : 873,000
producer-node-metrics:incoming-byte-total:{client-id=producer-1, node-id=node-6}   : 1158,000
producer-node-metrics:outgoing-byte-rate:{client-id=producer-1, node-id=node--1}   : 0,000
producer-node-metrics:outgoing-byte-rate:{client-id=producer-1, node-id=node-1}    : 199982,938
producer-node-metrics:outgoing-byte-rate:{client-id=producer-1, node-id=node-3}    : 201208,712
producer-node-metrics:outgoing-byte-rate:{client-id=producer-1, node-id=node-6}    : 199193,135
producer-node-metrics:outgoing-byte-total:{client-id=producer-1, node-id=node--1}  : 67,000
producer-node-metrics:outgoing-byte-total:{client-id=producer-1, node-id=node-1}   : 30823304,000
producer-node-metrics:outgoing-byte-total:{client-id=producer-1, node-id=node-3}   : 30908692,000
producer-node-metrics:outgoing-byte-total:{client-id=producer-1, node-id=node-6}   : 30657171,000
producer-node-metrics:request-latency-avg:{client-id=producer-1, node-id=node--1}  : NaN
producer-node-metrics:request-latency-avg:{client-id=producer-1, node-id=node-1}   : NaN
producer-node-metrics:request-latency-avg:{client-id=producer-1, node-id=node-3}   : NaN
producer-node-metrics:request-latency-avg:{client-id=producer-1, node-id=node-6}   : NaN
producer-node-metrics:request-latency-max:{client-id=producer-1, node-id=node--1}  : NaN
producer-node-metrics:request-latency-max:{client-id=producer-1, node-id=node-1}   : NaN
producer-node-metrics:request-latency-max:{client-id=producer-1, node-id=node-3}   : NaN
producer-node-metrics:request-latency-max:{client-id=producer-1, node-id=node-6}   : NaN
producer-node-metrics:request-rate:{client-id=producer-1, node-id=node--1}         : 0,000
producer-node-metrics:request-rate:{client-id=producer-1, node-id=node-1}          : 173,115
producer-node-metrics:request-rate:{client-id=producer-1, node-id=node-3}          : 174,166
producer-node-metrics:request-rate:{client-id=producer-1, node-id=node-6}          : 172,426
producer-node-metrics:request-size-avg:{client-id=producer-1, node-id=node--1}     : NaN
producer-node-metrics:request-size-avg:{client-id=producer-1, node-id=node-1}      : 1155,000
producer-node-metrics:request-size-avg:{client-id=producer-1, node-id=node-3}      : 1155,000
producer-node-metrics:request-size-avg:{client-id=producer-1, node-id=node-6}      : 1155,000
producer-node-metrics:request-size-max:{client-id=producer-1, node-id=node--1}     : NaN
producer-node-metrics:request-size-max:{client-id=producer-1, node-id=node-1}      : 1155,000
producer-node-metrics:request-size-max:{client-id=producer-1, node-id=node-3}      : 1155,000
producer-node-metrics:request-size-max:{client-id=producer-1, node-id=node-6}      : 1155,000
producer-node-metrics:request-total:{client-id=producer-1, node-id=node--1}        : 2,000
producer-node-metrics:request-total:{client-id=producer-1, node-id=node-1}         : 26692,000
producer-node-metrics:request-total:{client-id=producer-1, node-id=node-3}         : 26767,000
producer-node-metrics:request-total:{client-id=producer-1, node-id=node-6}         : 26550,000
producer-node-metrics:response-rate:{client-id=producer-1, node-id=node--1}        : 0,000
producer-node-metrics:response-rate:{client-id=producer-1, node-id=node-1}         : 0,025
producer-node-metrics:response-rate:{client-id=producer-1, node-id=node-3}         : 0,020
producer-node-metrics:response-rate:{client-id=producer-1, node-id=node-6}         : 0,040
producer-node-metrics:response-total:{client-id=producer-1, node-id=node--1}       : 2,000
producer-node-metrics:response-total:{client-id=producer-1, node-id=node-1}        : 2,000
producer-node-metrics:response-total:{client-id=producer-1, node-id=node-3}        : 3,000
producer-node-metrics:response-total:{client-id=producer-1, node-id=node-6}        : 4,000
producer-topic-metrics:byte-rate:{client-id=producer-1, topic=test-topic}          : 557516,586
producer-topic-metrics:byte-total:{client-id=producer-1, topic=test-topic}         : 85992119,000
producer-topic-metrics:compression-rate:{client-id=producer-1, topic=test-topic}   : 1,000
producer-topic-metrics:record-error-rate:{client-id=producer-1, topic=test-topic}  : 0,000
producer-topic-metrics:record-error-total:{client-id=producer-1, topic=test-topic} : 0,000
producer-topic-metrics:record-retry-rate:{client-id=producer-1, topic=test-topic}  : 0,040
producer-topic-metrics:record-retry-total:{client-id=producer-1, topic=test-topic} : 3,000
producer-topic-metrics:record-send-rate:{client-id=producer-1, topic=test-topic}   : 518,635
producer-topic-metrics:record-send-total:{client-id=producer-1, topic=test-topic}  : 80003,000
Produce Time: 154.806
[22:36:33] Ignite node stopped OK [uptime=00:02:31.746]
Aplication time: 155.508
*****Produção finalizada, esperando 180 s para buscar WM*****
Water mark: 960000
