Topic to send: test-topic
Topic to acks: -2
Records: 80000
Size:1000
[23:57:20]    __________  ________________ 
[23:57:20]   /  _/ ___/ |/ /  _/_  __/ __/ 
[23:57:20]  _/ // (7 7    // /  / / / _/   
[23:57:20] /___/\___/_/|_/___/ /_/ /___/  
[23:57:20] 
[23:57:20] ver. 2.7.6#20190911-sha1:21f7ca41
[23:57:20] 2019 Copyright(C) Apache Software Foundation
[23:57:20] 
[23:57:20] Ignite documentation: http://ignite.apache.org
[23:57:20] 
[23:57:20] Quiet mode.
[23:57:20]   ^-- Logging by 'JavaLogger [quiet=true, config=null]'
[23:57:20]   ^-- To see **FULL** console log here add -DIGNITE_QUIET=false or "-v" to ignite.{sh|bat}
[23:57:20] 
[23:57:20] OS: Linux 5.0.0-38-generic amd64
[23:57:20] VM information: OpenJDK Runtime Environment 11.0.5+10-post-Ubuntu-0ubuntu1.119.04 Private Build OpenJDK 64-Bit Server VM 11.0.5+10-post-Ubuntu-0ubuntu1.119.04
[23:57:20] Please set system property '-Djava.net.preferIPv4Stack=true' to avoid possible problems in mixed environments.
[23:57:20] Initial heap size is 126MB (should be no less than 512MB, use -Xms512m -Xmx512m).
[23:57:20] Configured plugins:
[23:57:20]   ^-- None
[23:57:20] 
[23:57:20] Configured failure handler: [hnd=StopNodeOrHaltFailureHandler [tryStop=false, timeout=0, super=AbstractFailureHandler [ignoredFailureTypes=[SYSTEM_WORKER_BLOCKED, SYSTEM_CRITICAL_OPERATION_TIMEOUT]]]]
[23:57:20] Message queue limit is set to 0 which may lead to potential OOMEs when running cache operations in FULL_ASYNC or PRIMARY_SYNC modes due to message queues growth on sender and receiver sides.
[23:57:20] Security status [authentication=off, tls/ssl=off]
[23:57:20] REST protocols do not start on client node. To start the protocols on client node set '-DIGNITE_REST_START_ON_CLIENT=true' system property.
[23:57:22] Performance suggestions for grid  (fix if possible)
[23:57:22] To disable, set -DIGNITE_PERFORMANCE_SUGGESTIONS_DISABLED=true
[23:57:22]   ^-- Switch to the most recent 1.8 JVM version
[23:57:22]   ^-- Specify JVM heap max size (add '-Xmx<size>[g|G|m|M|k|K]' to JVM options)
[23:57:22]   ^-- Set max direct memory size if getting 'OOME: Direct buffer memory' (add '-XX:MaxDirectMemorySize=<size>[g|G|m|M|k|K]' to JVM options)
[23:57:22]   ^-- Disable processing of calls to System.gc() (add '-XX:+DisableExplicitGC' to JVM options)
[23:57:22] Refer to this page for more performance suggestions: https://apacheignite.readme.io/docs/jvm-and-system-tuning
[23:57:22] 
[23:57:22] To start Console Management & Monitoring run ignitevisorcmd.{sh|bat}
[23:57:22] 
[23:57:22] Ignite node started OK (id=57f63bc7)
[23:57:22] Topology snapshot [ver=52, locNode=57f63bc7, servers=1, clients=1, state=ACTIVE, CPUs=8, offheap=1.5GB, heap=3.9GB]
2105 records sent, 393,4 records/sec (0,38 MB/sec), 2,5 ms avg latency, 1981,0 ms max latency.
3214 records sent, 641,1 records/sec (0,61 MB/sec), 1,5 ms avg latency, 290,0 ms max latency.
2591 records sent, 506,0 records/sec (0,48 MB/sec), 2,0 ms avg latency, 430,0 ms max latency.
2530 records sent, 502,8 records/sec (0,48 MB/sec), 2,0 ms avg latency, 314,0 ms max latency.
2554 records sent, 510,5 records/sec (0,49 MB/sec), 1,9 ms avg latency, 319,0 ms max latency.
2525 records sent, 504,6 records/sec (0,48 MB/sec), 2,0 ms avg latency, 436,0 ms max latency.
2492 records sent, 495,7 records/sec (0,47 MB/sec), 2,0 ms avg latency, 500,0 ms max latency.
2507 records sent, 501,1 records/sec (0,48 MB/sec), 2,0 ms avg latency, 430,0 ms max latency.
2600 records sent, 517,6 records/sec (0,49 MB/sec), 1,9 ms avg latency, 275,0 ms max latency.
2695 records sent, 531,9 records/sec (0,51 MB/sec), 1,9 ms avg latency, 636,0 ms max latency.
2872 records sent, 574,1 records/sec (0,55 MB/sec), 1,7 ms avg latency, 585,0 ms max latency.
2569 records sent, 480,6 records/sec (0,46 MB/sec), 2,1 ms avg latency, 449,0 ms max latency.
2518 records sent, 497,7 records/sec (0,47 MB/sec), 2,0 ms avg latency, 322,0 ms max latency.
2529 records sent, 503,0 records/sec (0,48 MB/sec), 2,0 ms avg latency, 445,0 ms max latency.
2670 records sent, 524,6 records/sec (0,50 MB/sec), 1,9 ms avg latency, 373,0 ms max latency.
2513 records sent, 497,7 records/sec (0,47 MB/sec), 2,0 ms avg latency, 329,0 ms max latency.
2442 records sent, 481,8 records/sec (0,46 MB/sec), 2,1 ms avg latency, 808,0 ms max latency.
2553 records sent, 508,2 records/sec (0,48 MB/sec), 2,0 ms avg latency, 323,0 ms max latency.
2365 records sent, 472,3 records/sec (0,45 MB/sec), 2,1 ms avg latency, 456,0 ms max latency.
2803 records sent, 555,2 records/sec (0,53 MB/sec), 1,8 ms avg latency, 643,0 ms max latency.
2492 records sent, 497,7 records/sec (0,47 MB/sec), 2,0 ms avg latency, 280,0 ms max latency.
2556 records sent, 511,2 records/sec (0,49 MB/sec), 1,9 ms avg latency, 458,0 ms max latency.
2435 records sent, 486,6 records/sec (0,46 MB/sec), 2,0 ms avg latency, 742,0 ms max latency.
2583 records sent, 491,4 records/sec (0,47 MB/sec), 2,0 ms avg latency, 476,0 ms max latency.
2531 records sent, 506,1 records/sec (0,48 MB/sec), 2,0 ms avg latency, 681,0 ms max latency.
2569 records sent, 513,3 records/sec (0,49 MB/sec), 1,9 ms avg latency, 458,0 ms max latency.
2591 records sent, 514,9 records/sec (0,49 MB/sec), 1,9 ms avg latency, 558,0 ms max latency.
2644 records sent, 515,1 records/sec (0,49 MB/sec), 1,9 ms avg latency, 277,0 ms max latency.
2747 records sent, 546,9 records/sec (0,52 MB/sec), 1,8 ms avg latency, 255,0 ms max latency.
2486 records sent, 496,5 records/sec (0,47 MB/sec), 2,0 ms avg latency, 380,0 ms max latency.
2566 records sent, 513,2 records/sec (0,49 MB/sec), 1,9 ms avg latency, 1159,0 ms max latency.
80000 records sent, 509,700233 records/sec (0,49 MB/sec), 1,95 ms avg latency, 1981,00 ms max latency, 0 ms 50th, 10 ms 95th, 31 ms 99th, 268 ms 99.9th.

Metric Name                                                                          Value
app-info:commit-id:{client-id=producer-1}                                          : d12590634290dbc4
app-info:start-time-ms:{client-id=producer-1}                                      : 1593572239410
app-info:version:{client-id=producer-1}                                            : 2.3.1
kafka-metrics-count:count:{client-id=producer-1}                                   : 126,000
producer-metrics:batch-size-avg:{client-id=producer-1}                             : 1075,000
producer-metrics:batch-size-max:{client-id=producer-1}                             : 1075,000
producer-metrics:batch-split-rate:{client-id=producer-1}                           : 0,000
producer-metrics:batch-split-total:{client-id=producer-1}                          : 0,000
producer-metrics:buffer-available-bytes:{client-id=producer-1}                     : 33554432,000
producer-metrics:buffer-exhausted-rate:{client-id=producer-1}                      : 0,000
producer-metrics:buffer-exhausted-total:{client-id=producer-1}                     : 0,000
producer-metrics:buffer-total-bytes:{client-id=producer-1}                         : 33554432,000
producer-metrics:bufferpool-wait-ratio:{client-id=producer-1}                      : 0,000
producer-metrics:bufferpool-wait-time-total:{client-id=producer-1}                 : 0,000
producer-metrics:compression-rate-avg:{client-id=producer-1}                       : 1,000
producer-metrics:connection-close-rate:{client-id=producer-1}                      : 0,031
producer-metrics:connection-close-total:{client-id=producer-1}                     : 2,000
producer-metrics:connection-count:{client-id=producer-1}                           : 4,000
producer-metrics:connection-creation-rate:{client-id=producer-1}                   : 0,031
producer-metrics:connection-creation-total:{client-id=producer-1}                  : 6,000
producer-metrics:failed-authentication-rate:{client-id=producer-1}                 : 0,000
producer-metrics:failed-authentication-total:{client-id=producer-1}                : 0,000
producer-metrics:failed-reauthentication-rate:{client-id=producer-1}               : 0,000
producer-metrics:failed-reauthentication-total:{client-id=producer-1}              : 0,000
producer-metrics:incoming-byte-rate:{client-id=producer-1}                         : 17,873
producer-metrics:incoming-byte-total:{client-id=producer-1}                        : 2619,000
producer-metrics:io-ratio:{client-id=producer-1}                                   : 0,007
producer-metrics:io-time-ns-avg:{client-id=producer-1}                             : 7009,854
producer-metrics:io-wait-ratio:{client-id=producer-1}                              : 0,976
producer-metrics:io-wait-time-ns-avg:{client-id=producer-1}                        : 936383,646
producer-metrics:io-waittime-total:{client-id=producer-1}                          : 150717284913,000
producer-metrics:iotime-total:{client-id=producer-1}                               : 1439759788,000
producer-metrics:metadata-age:{client-id=producer-1}                               : 1,681
producer-metrics:network-io-rate:{client-id=producer-1}                            : 515,045
producer-metrics:network-io-total:{client-id=producer-1}                           : 80018,000
producer-metrics:outgoing-byte-rate:{client-id=producer-1}                         : 595192,679
producer-metrics:outgoing-byte-total:{client-id=producer-1}                        : 92389167,000
producer-metrics:produce-throttle-time-avg:{client-id=producer-1}                  : 0,000
producer-metrics:produce-throttle-time-max:{client-id=producer-1}                  : 0,000
producer-metrics:reauthentication-latency-avg:{client-id=producer-1}               : NaN
producer-metrics:reauthentication-latency-max:{client-id=producer-1}               : NaN
producer-metrics:record-error-rate:{client-id=producer-1}                          : 0,000
producer-metrics:record-error-total:{client-id=producer-1}                         : 0,000
producer-metrics:record-queue-time-avg:{client-id=producer-1}                      : 0,078
producer-metrics:record-queue-time-max:{client-id=producer-1}                      : 1158,000
producer-metrics:record-retry-rate:{client-id=producer-1}                          : 0,031
producer-metrics:record-retry-total:{client-id=producer-1}                         : 2,000
producer-metrics:record-send-rate:{client-id=producer-1}                           : 515,076
producer-metrics:record-send-total:{client-id=producer-1}                          : 80002,000
producer-metrics:record-size-avg:{client-id=producer-1}                            : 1091,000
producer-metrics:record-size-max:{client-id=producer-1}                            : 1091,000
producer-metrics:records-per-request-avg:{client-id=producer-1}                    : 1,000
producer-metrics:request-latency-avg:{client-id=producer-1}                        : NaN
producer-metrics:request-latency-max:{client-id=producer-1}                        : NaN
producer-metrics:request-rate:{client-id=producer-1}                               : 514,991
producer-metrics:request-size-avg:{client-id=producer-1}                           : 1154,881
producer-metrics:request-size-max:{client-id=producer-1}                           : 1155,000
producer-metrics:request-total:{client-id=producer-1}                              : 80009,000
producer-metrics:requests-in-flight:{client-id=producer-1}                         : 0,000
producer-metrics:response-rate:{client-id=producer-1}                              : 0,062
producer-metrics:response-total:{client-id=producer-1}                             : 9,000
producer-metrics:select-rate:{client-id=producer-1}                                : 1042,601
producer-metrics:select-total:{client-id=producer-1}                               : 158614,000
producer-metrics:successful-authentication-no-reauth-total:{client-id=producer-1}  : 0,000
producer-metrics:successful-authentication-rate:{client-id=producer-1}             : 0,000
producer-metrics:successful-authentication-total:{client-id=producer-1}            : 0,000
producer-metrics:successful-reauthentication-rate:{client-id=producer-1}           : 0,000
producer-metrics:successful-reauthentication-total:{client-id=producer-1}          : 0,000
producer-metrics:waiting-threads:{client-id=producer-1}                            : 0,000
producer-node-metrics:incoming-byte-rate:{client-id=producer-1, node-id=node--2}   : 0,000
producer-node-metrics:incoming-byte-rate:{client-id=producer-1, node-id=node-1}    : 9,075
producer-node-metrics:incoming-byte-rate:{client-id=producer-1, node-id=node-3}    : 8,995
producer-node-metrics:incoming-byte-rate:{client-id=producer-1, node-id=node-6}    : 0,000
producer-node-metrics:incoming-byte-total:{client-id=producer-1, node-id=node--2}  : 579,000
producer-node-metrics:incoming-byte-total:{client-id=producer-1, node-id=node-1}   : 588,000
producer-node-metrics:incoming-byte-total:{client-id=producer-1, node-id=node-3}   : 873,000
producer-node-metrics:incoming-byte-total:{client-id=producer-1, node-id=node-6}   : 579,000
producer-node-metrics:outgoing-byte-rate:{client-id=producer-1, node-id=node--2}   : 0,000
producer-node-metrics:outgoing-byte-rate:{client-id=producer-1, node-id=node-1}    : 199072,027
producer-node-metrics:outgoing-byte-rate:{client-id=producer-1, node-id=node-3}    : 198999,425
producer-node-metrics:outgoing-byte-rate:{client-id=producer-1, node-id=node-6}    : 196879,317
producer-node-metrics:outgoing-byte-total:{client-id=producer-1, node-id=node--2}  : 67,000
producer-node-metrics:outgoing-byte-total:{client-id=producer-1, node-id=node-1}   : 30823304,000
producer-node-metrics:outgoing-byte-total:{client-id=producer-1, node-id=node-3}   : 30908692,000
producer-node-metrics:outgoing-byte-total:{client-id=producer-1, node-id=node-6}   : 30657104,000
producer-node-metrics:request-latency-avg:{client-id=producer-1, node-id=node--2}  : NaN
producer-node-metrics:request-latency-avg:{client-id=producer-1, node-id=node-1}   : NaN
producer-node-metrics:request-latency-avg:{client-id=producer-1, node-id=node-3}   : NaN
producer-node-metrics:request-latency-avg:{client-id=producer-1, node-id=node-6}   : NaN
producer-node-metrics:request-latency-max:{client-id=producer-1, node-id=node--2}  : NaN
producer-node-metrics:request-latency-max:{client-id=producer-1, node-id=node-1}   : NaN
producer-node-metrics:request-latency-max:{client-id=producer-1, node-id=node-3}   : NaN
producer-node-metrics:request-latency-max:{client-id=producer-1, node-id=node-6}   : NaN
producer-node-metrics:request-rate:{client-id=producer-1, node-id=node--2}         : 0,000
producer-node-metrics:request-rate:{client-id=producer-1, node-id=node-1}          : 172,280
producer-node-metrics:request-rate:{client-id=producer-1, node-id=node-3}          : 172,198
producer-node-metrics:request-rate:{client-id=producer-1, node-id=node-6}          : 170,337
producer-node-metrics:request-size-avg:{client-id=producer-1, node-id=node--2}     : NaN
producer-node-metrics:request-size-avg:{client-id=producer-1, node-id=node-1}      : 1154,820
producer-node-metrics:request-size-avg:{client-id=producer-1, node-id=node-3}      : 1154,823
producer-node-metrics:request-size-avg:{client-id=producer-1, node-id=node-6}      : 1155,000
producer-node-metrics:request-size-max:{client-id=producer-1, node-id=node--2}     : NaN
producer-node-metrics:request-size-max:{client-id=producer-1, node-id=node-1}      : 1155,000
producer-node-metrics:request-size-max:{client-id=producer-1, node-id=node-3}      : 1155,000
producer-node-metrics:request-size-max:{client-id=producer-1, node-id=node-6}      : 1155,000
producer-node-metrics:request-total:{client-id=producer-1, node-id=node--2}        : 2,000
producer-node-metrics:request-total:{client-id=producer-1, node-id=node-1}         : 26692,000
producer-node-metrics:request-total:{client-id=producer-1, node-id=node-3}         : 26767,000
producer-node-metrics:request-total:{client-id=producer-1, node-id=node-6}         : 26548,000
producer-node-metrics:response-rate:{client-id=producer-1, node-id=node--2}        : 0,000
producer-node-metrics:response-rate:{client-id=producer-1, node-id=node-1}         : 0,031
producer-node-metrics:response-rate:{client-id=producer-1, node-id=node-3}         : 0,032
producer-node-metrics:response-rate:{client-id=producer-1, node-id=node-6}         : 0,000
producer-node-metrics:response-total:{client-id=producer-1, node-id=node--2}       : 2,000
producer-node-metrics:response-total:{client-id=producer-1, node-id=node-1}        : 2,000
producer-node-metrics:response-total:{client-id=producer-1, node-id=node-3}        : 3,000
producer-node-metrics:response-total:{client-id=producer-1, node-id=node-6}        : 2,000
producer-topic-metrics:byte-rate:{client-id=producer-1, topic=test-topic}          : 553600,570
producer-topic-metrics:byte-total:{client-id=producer-1, topic=test-topic}         : 85991044,000
producer-topic-metrics:compression-rate:{client-id=producer-1, topic=test-topic}   : 1,000
producer-topic-metrics:record-error-rate:{client-id=producer-1, topic=test-topic}  : 0,000
producer-topic-metrics:record-error-total:{client-id=producer-1, topic=test-topic} : 0,000
producer-topic-metrics:record-retry-rate:{client-id=producer-1, topic=test-topic}  : 0,031
producer-topic-metrics:record-retry-total:{client-id=producer-1, topic=test-topic} : 2,000
producer-topic-metrics:record-send-rate:{client-id=producer-1, topic=test-topic}   : 515,076
producer-topic-metrics:record-send-total:{client-id=producer-1, topic=test-topic}  : 80002,000
Produce Time: 156.955
[23:59:56] Ignite node stopped OK [uptime=00:02:33.837]
Aplication time: 157.69
*****Produção finalizada, esperando 180 s para buscar WM*****
Water mark: 2080000
