Topic to send: test-topic
Topic to acks: 0
Records: 80000
Size:1000
3319 records sent, 659,6 records/sec (0,63 MB/sec), 1,5 ms avg latency, 516,0 ms max latency.
3777 records sent, 749,0 records/sec (0,71 MB/sec), 1,3 ms avg latency, 549,0 ms max latency.
4968 records sent, 990,8 records/sec (0,94 MB/sec), 1,0 ms avg latency, 606,0 ms max latency.
3780 records sent, 677,5 records/sec (0,65 MB/sec), 1,5 ms avg latency, 859,0 ms max latency.
3436 records sent, 675,6 records/sec (0,64 MB/sec), 1,5 ms avg latency, 1508,0 ms max latency.
3765 records sent, 742,2 records/sec (0,71 MB/sec), 1,3 ms avg latency, 616,0 ms max latency.
4011 records sent, 793,9 records/sec (0,76 MB/sec), 1,2 ms avg latency, 1109,0 ms max latency.
2373 records sent, 474,6 records/sec (0,45 MB/sec), 2,1 ms avg latency, 619,0 ms max latency.
3610 records sent, 641,2 records/sec (0,61 MB/sec), 1,5 ms avg latency, 898,0 ms max latency.
3240 records sent, 631,3 records/sec (0,60 MB/sec), 1,6 ms avg latency, 619,0 ms max latency.
2635 records sent, 506,1 records/sec (0,48 MB/sec), 2,0 ms avg latency, 671,0 ms max latency.
3058 records sent, 606,4 records/sec (0,58 MB/sec), 1,6 ms avg latency, 651,0 ms max latency.
3362 records sent, 665,7 records/sec (0,63 MB/sec), 1,5 ms avg latency, 877,0 ms max latency.
3829 records sent, 763,7 records/sec (0,73 MB/sec), 1,3 ms avg latency, 443,0 ms max latency.
3571 records sent, 704,9 records/sec (0,67 MB/sec), 1,4 ms avg latency, 496,0 ms max latency.
4836 records sent, 943,2 records/sec (0,90 MB/sec), 1,0 ms avg latency, 678,0 ms max latency.
3750 records sent, 750,0 records/sec (0,72 MB/sec), 1,3 ms avg latency, 411,0 ms max latency.
2597 records sent, 499,8 records/sec (0,48 MB/sec), 2,0 ms avg latency, 693,0 ms max latency.
3451 records sent, 673,5 records/sec (0,64 MB/sec), 1,5 ms avg latency, 428,0 ms max latency.
3181 records sent, 568,2 records/sec (0,54 MB/sec), 1,8 ms avg latency, 711,0 ms max latency.
4029 records sent, 788,9 records/sec (0,75 MB/sec), 1,3 ms avg latency, 654,0 ms max latency.
3373 records sent, 669,0 records/sec (0,64 MB/sec), 1,5 ms avg latency, 730,0 ms max latency.
80000 records sent, 691,658597 records/sec (0,66 MB/sec), 1,43 ms avg latency, 1508,00 ms max latency, 0 ms 50th, 1 ms 95th, 1 ms 99th, 208 ms 99.9th.

Metric Name                                                                          Value
app-info:commit-id:{client-id=producer-1}                                          : d12590634290dbc4
app-info:start-time-ms:{client-id=producer-1}                                      : 1593111226079
app-info:version:{client-id=producer-1}                                            : 2.3.1
kafka-metrics-count:count:{client-id=producer-1}                                   : 126,000
producer-metrics:batch-size-avg:{client-id=producer-1}                             : 1075,000
producer-metrics:batch-size-max:{client-id=producer-1}                             : 1075,000
producer-metrics:batch-split-rate:{client-id=producer-1}                           : 0,000
producer-metrics:batch-split-total:{client-id=producer-1}                          : 0,000
producer-metrics:buffer-available-bytes:{client-id=producer-1}                     : 33554432,000
producer-metrics:buffer-exhausted-rate:{client-id=producer-1}                      : 0,000
producer-metrics:buffer-exhausted-total:{client-id=producer-1}                     : 0,000
producer-metrics:buffer-total-bytes:{client-id=producer-1}                         : 33554432,000
producer-metrics:bufferpool-wait-ratio:{client-id=producer-1}                      : 0,000
producer-metrics:bufferpool-wait-time-total:{client-id=producer-1}                 : 0,000
producer-metrics:compression-rate-avg:{client-id=producer-1}                       : 1,000
producer-metrics:connection-close-rate:{client-id=producer-1}                      : 0,276
producer-metrics:connection-close-total:{client-id=producer-1}                     : 33,000
producer-metrics:connection-count:{client-id=producer-1}                           : 4,000
producer-metrics:connection-creation-rate:{client-id=producer-1}                   : 0,276
producer-metrics:connection-creation-total:{client-id=producer-1}                  : 37,000
producer-metrics:failed-authentication-rate:{client-id=producer-1}                 : 0,000
producer-metrics:failed-authentication-total:{client-id=producer-1}                : 0,000
producer-metrics:failed-reauthentication-rate:{client-id=producer-1}               : 0,000
producer-metrics:failed-reauthentication-total:{client-id=producer-1}              : 0,000
producer-metrics:incoming-byte-rate:{client-id=producer-1}                         : 142,950
producer-metrics:incoming-byte-total:{client-id=producer-1}                        : 19143,000
producer-metrics:io-ratio:{client-id=producer-1}                                   : 0,010
producer-metrics:io-time-ns-avg:{client-id=producer-1}                             : 7336,725
producer-metrics:io-wait-ratio:{client-id=producer-1}                              : 0,970
producer-metrics:io-wait-time-ns-avg:{client-id=producer-1}                        : 687645,517
producer-metrics:io-waittime-total:{client-id=producer-1}                          : 109964635043,000
producer-metrics:iotime-total:{client-id=producer-1}                               : 1382186744,000
producer-metrics:metadata-age:{client-id=producer-1}                               : 3,588
producer-metrics:network-io-rate:{client-id=producer-1}                            : 711,895
producer-metrics:network-io-total:{client-id=producer-1}                           : 80134,000
producer-metrics:outgoing-byte-rate:{client-id=producer-1}                         : 814057,184
producer-metrics:outgoing-byte-total:{client-id=producer-1}                        : 91591115,000
producer-metrics:produce-throttle-time-avg:{client-id=producer-1}                  : 0,000
producer-metrics:produce-throttle-time-max:{client-id=producer-1}                  : 0,000
producer-metrics:reauthentication-latency-avg:{client-id=producer-1}               : NaN
producer-metrics:reauthentication-latency-max:{client-id=producer-1}               : NaN
producer-metrics:record-error-rate:{client-id=producer-1}                          : 0,000
producer-metrics:record-error-total:{client-id=producer-1}                         : 0,000
producer-metrics:record-queue-time-avg:{client-id=producer-1}                      : 0,221
producer-metrics:record-queue-time-max:{client-id=producer-1}                      : 877,000
producer-metrics:record-retry-rate:{client-id=producer-1}                          : 0,237
producer-metrics:record-retry-total:{client-id=producer-1}                         : 30,000
producer-metrics:record-send-rate:{client-id=producer-1}                           : 711,722
producer-metrics:record-send-total:{client-id=producer-1}                          : 80030,000
producer-metrics:record-size-avg:{client-id=producer-1}                            : 1091,000
producer-metrics:record-size-max:{client-id=producer-1}                            : 1091,000
producer-metrics:records-per-request-avg:{client-id=producer-1}                    : 1,000
producer-metrics:request-latency-avg:{client-id=producer-1}                        : NaN
producer-metrics:request-latency-max:{client-id=producer-1}                        : NaN
producer-metrics:request-rate:{client-id=producer-1}                               : 711,420
producer-metrics:request-size-avg:{client-id=producer-1}                           : 1144,209
producer-metrics:request-size-max:{client-id=producer-1}                           : 1145,000
producer-metrics:request-total:{client-id=producer-1}                              : 80068,000
producer-metrics:requests-in-flight:{client-id=producer-1}                         : 0,000
producer-metrics:response-rate:{client-id=producer-1}                              : 0,493
producer-metrics:response-total:{client-id=producer-1}                             : 66,000
producer-metrics:select-rate:{client-id=producer-1}                                : 1410,677
producer-metrics:select-total:{client-id=producer-1}                               : 158782,000
producer-metrics:successful-authentication-no-reauth-total:{client-id=producer-1}  : 0,000
producer-metrics:successful-authentication-rate:{client-id=producer-1}             : 0,000
producer-metrics:successful-authentication-total:{client-id=producer-1}            : 0,000
producer-metrics:successful-reauthentication-rate:{client-id=producer-1}           : 0,000
producer-metrics:successful-reauthentication-total:{client-id=producer-1}          : 0,000
producer-metrics:waiting-threads:{client-id=producer-1}                            : 0,000
producer-node-metrics:incoming-byte-rate:{client-id=producer-1, node-id=node--1}   : 0,000
producer-node-metrics:incoming-byte-rate:{client-id=producer-1, node-id=node-1}    : 46,417
producer-node-metrics:incoming-byte-rate:{client-id=producer-1, node-id=node-3}    : 66,270
producer-node-metrics:incoming-byte-rate:{client-id=producer-1, node-id=node-6}    : 51,100
producer-node-metrics:incoming-byte-total:{client-id=producer-1, node-id=node--1}  : 579,000
producer-node-metrics:incoming-byte-total:{client-id=producer-1, node-id=node-1}   : 6681,000
producer-node-metrics:incoming-byte-total:{client-id=producer-1, node-id=node-3}   : 5799,000
producer-node-metrics:incoming-byte-total:{client-id=producer-1, node-id=node-6}   : 6084,000
producer-node-metrics:outgoing-byte-rate:{client-id=producer-1, node-id=node--1}   : 0,000
producer-node-metrics:outgoing-byte-rate:{client-id=producer-1, node-id=node-1}    : 272969,511
producer-node-metrics:outgoing-byte-rate:{client-id=producer-1, node-id=node-3}    : 272617,426
producer-node-metrics:outgoing-byte-rate:{client-id=producer-1, node-id=node-6}    : 268895,867
producer-node-metrics:outgoing-byte-total:{client-id=producer-1, node-id=node--1}  : 67,000
producer-node-metrics:outgoing-byte-total:{client-id=producer-1, node-id=node-1}   : 30557079,000
producer-node-metrics:outgoing-byte-total:{client-id=producer-1, node-id=node-3}   : 30641612,000
producer-node-metrics:outgoing-byte-total:{client-id=producer-1, node-id=node-6}   : 30392357,000
producer-node-metrics:request-latency-avg:{client-id=producer-1, node-id=node--1}  : NaN
producer-node-metrics:request-latency-avg:{client-id=producer-1, node-id=node-1}   : NaN
producer-node-metrics:request-latency-avg:{client-id=producer-1, node-id=node-3}   : NaN
producer-node-metrics:request-latency-avg:{client-id=producer-1, node-id=node-6}   : NaN
producer-node-metrics:request-latency-max:{client-id=producer-1, node-id=node--1}  : NaN
producer-node-metrics:request-latency-max:{client-id=producer-1, node-id=node-1}   : NaN
producer-node-metrics:request-latency-max:{client-id=producer-1, node-id=node-3}   : NaN
producer-node-metrics:request-latency-max:{client-id=producer-1, node-id=node-6}   : NaN
producer-node-metrics:request-rate:{client-id=producer-1, node-id=node--1}         : 0,000
producer-node-metrics:request-rate:{client-id=producer-1, node-id=node-1}          : 238,551
producer-node-metrics:request-rate:{client-id=producer-1, node-id=node-3}          : 238,243
producer-node-metrics:request-rate:{client-id=producer-1, node-id=node-6}          : 235,010
producer-node-metrics:request-size-avg:{client-id=producer-1, node-id=node--1}     : NaN
producer-node-metrics:request-size-avg:{client-id=producer-1, node-id=node-1}      : 1144,239
producer-node-metrics:request-size-avg:{client-id=producer-1, node-id=node-3}      : 1144,240
producer-node-metrics:request-size-avg:{client-id=producer-1, node-id=node-6}      : 1144,147
producer-node-metrics:request-size-max:{client-id=producer-1, node-id=node--1}     : NaN
producer-node-metrics:request-size-max:{client-id=producer-1, node-id=node-1}      : 1145,000
producer-node-metrics:request-size-max:{client-id=producer-1, node-id=node-3}      : 1145,000
producer-node-metrics:request-size-max:{client-id=producer-1, node-id=node-6}      : 1145,000
producer-node-metrics:request-total:{client-id=producer-1, node-id=node--1}        : 2,000
producer-node-metrics:request-total:{client-id=producer-1, node-id=node-1}         : 26713,000
producer-node-metrics:request-total:{client-id=producer-1, node-id=node-3}         : 26784,000
producer-node-metrics:request-total:{client-id=producer-1, node-id=node-6}         : 26569,000
producer-node-metrics:response-rate:{client-id=producer-1, node-id=node--1}        : 0,000
producer-node-metrics:response-rate:{client-id=producer-1, node-id=node-1}         : 0,158
producer-node-metrics:response-rate:{client-id=producer-1, node-id=node-3}         : 0,229
producer-node-metrics:response-rate:{client-id=producer-1, node-id=node-6}         : 0,177
producer-node-metrics:response-total:{client-id=producer-1, node-id=node--1}       : 2,000
producer-node-metrics:response-total:{client-id=producer-1, node-id=node-1}        : 23,000
producer-node-metrics:response-total:{client-id=producer-1, node-id=node-3}        : 20,000
producer-node-metrics:response-total:{client-id=producer-1, node-id=node-6}        : 21,000
producer-topic-metrics:byte-rate:{client-id=producer-1, topic=test-topic}          : 765087,813
producer-topic-metrics:byte-total:{client-id=producer-1, topic=test-topic}         : 86021140,000
producer-topic-metrics:compression-rate:{client-id=producer-1, topic=test-topic}   : 1,000
producer-topic-metrics:record-error-rate:{client-id=producer-1, topic=test-topic}  : 0,000
producer-topic-metrics:record-error-total:{client-id=producer-1, topic=test-topic} : 0,000
producer-topic-metrics:record-retry-rate:{client-id=producer-1, topic=test-topic}  : 0,237
producer-topic-metrics:record-retry-total:{client-id=producer-1, topic=test-topic} : 30,000
producer-topic-metrics:record-send-rate:{client-id=producer-1, topic=test-topic}   : 711,722
producer-topic-metrics:record-send-total:{client-id=producer-1, topic=test-topic}  : 80030,000
Produce Time: 115.664
Aplication time: 116.359
*****Produção finalizada, esperando 180 s para buscar WM*****
Water mark: 1585056
