Topic to send: test-topic
Topic to acks: -2
Records: 80000
Size:1000
[12:32:46]    __________  ________________ 
[12:32:46]   /  _/ ___/ |/ /  _/_  __/ __/ 
[12:32:46]  _/ // (7 7    // /  / / / _/   
[12:32:46] /___/\___/_/|_/___/ /_/ /___/  
[12:32:46] 
[12:32:46] ver. 2.7.6#20190911-sha1:21f7ca41
[12:32:46] 2019 Copyright(C) Apache Software Foundation
[12:32:46] 
[12:32:46] Ignite documentation: http://ignite.apache.org
[12:32:46] 
[12:32:46] Quiet mode.
[12:32:46]   ^-- Logging by 'JavaLogger [quiet=true, config=null]'
[12:32:46]   ^-- To see **FULL** console log here add -DIGNITE_QUIET=false or "-v" to ignite.{sh|bat}
[12:32:46] 
[12:32:46] OS: Linux 5.0.0-38-generic amd64
[12:32:46] VM information: OpenJDK Runtime Environment 11.0.5+10-post-Ubuntu-0ubuntu1.119.04 Private Build OpenJDK 64-Bit Server VM 11.0.5+10-post-Ubuntu-0ubuntu1.119.04
[12:32:46] Please set system property '-Djava.net.preferIPv4Stack=true' to avoid possible problems in mixed environments.
[12:32:46] Initial heap size is 126MB (should be no less than 512MB, use -Xms512m -Xmx512m).
[12:32:46] Configured plugins:
[12:32:46]   ^-- None
[12:32:46] 
[12:32:46] Configured failure handler: [hnd=StopNodeOrHaltFailureHandler [tryStop=false, timeout=0, super=AbstractFailureHandler [ignoredFailureTypes=[SYSTEM_WORKER_BLOCKED, SYSTEM_CRITICAL_OPERATION_TIMEOUT]]]]
[12:32:46] Message queue limit is set to 0 which may lead to potential OOMEs when running cache operations in FULL_ASYNC or PRIMARY_SYNC modes due to message queues growth on sender and receiver sides.
[12:32:46] Security status [authentication=off, tls/ssl=off]
[12:32:46] REST protocols do not start on client node. To start the protocols on client node set '-DIGNITE_REST_START_ON_CLIENT=true' system property.
[12:32:48] Performance suggestions for grid  (fix if possible)
[12:32:48] To disable, set -DIGNITE_PERFORMANCE_SUGGESTIONS_DISABLED=true
[12:32:48]   ^-- Switch to the most recent 1.8 JVM version
[12:32:48]   ^-- Specify JVM heap max size (add '-Xmx<size>[g|G|m|M|k|K]' to JVM options)
[12:32:48]   ^-- Set max direct memory size if getting 'OOME: Direct buffer memory' (add '-XX:MaxDirectMemorySize=<size>[g|G|m|M|k|K]' to JVM options)
[12:32:48]   ^-- Disable processing of calls to System.gc() (add '-XX:+DisableExplicitGC' to JVM options)
[12:32:48] Refer to this page for more performance suggestions: https://apacheignite.readme.io/docs/jvm-and-system-tuning
[12:32:48] 
[12:32:48] To start Console Management & Monitoring run ignitevisorcmd.{sh|bat}
[12:32:48] 
[12:32:48] Ignite node started OK (id=3144aca2)
[12:32:48] Topology snapshot [ver=32, locNode=3144aca2, servers=1, clients=1, state=ACTIVE, CPUs=8, offheap=1.5GB, heap=3.9GB]
1651 records sent, 329,1 records/sec (0,31 MB/sec), 3,0 ms avg latency, 1307,0 ms max latency.
2425 records sent, 465,1 records/sec (0,44 MB/sec), 2,1 ms avg latency, 682,0 ms max latency.
2900 records sent, 532,0 records/sec (0,51 MB/sec), 1,9 ms avg latency, 678,0 ms max latency.
2150 records sent, 429,1 records/sec (0,41 MB/sec), 2,3 ms avg latency, 1270,0 ms max latency.
2083 records sent, 409,2 records/sec (0,39 MB/sec), 2,4 ms avg latency, 617,0 ms max latency.
2222 records sent, 443,5 records/sec (0,42 MB/sec), 2,2 ms avg latency, 1445,0 ms max latency.
1899 records sent, 370,5 records/sec (0,35 MB/sec), 2,7 ms avg latency, 569,0 ms max latency.
2199 records sent, 439,8 records/sec (0,42 MB/sec), 2,3 ms avg latency, 1660,0 ms max latency.
2090 records sent, 417,8 records/sec (0,40 MB/sec), 2,4 ms avg latency, 891,0 ms max latency.
2762 records sent, 552,4 records/sec (0,53 MB/sec), 1,8 ms avg latency, 530,0 ms max latency.
2853 records sent, 550,9 records/sec (0,53 MB/sec), 1,8 ms avg latency, 618,0 ms max latency.
1823 records sent, 354,6 records/sec (0,34 MB/sec), 2,8 ms avg latency, 896,0 ms max latency.
2692 records sent, 537,9 records/sec (0,51 MB/sec), 1,8 ms avg latency, 641,0 ms max latency.
2272 records sent, 447,9 records/sec (0,43 MB/sec), 2,2 ms avg latency, 745,0 ms max latency.
2160 records sent, 407,6 records/sec (0,39 MB/sec), 2,4 ms avg latency, 661,0 ms max latency.
2596 records sent, 515,2 records/sec (0,49 MB/sec), 1,9 ms avg latency, 657,0 ms max latency.
2537 records sent, 505,5 records/sec (0,48 MB/sec), 2,0 ms avg latency, 700,0 ms max latency.
2655 records sent, 524,0 records/sec (0,50 MB/sec), 1,9 ms avg latency, 897,0 ms max latency.
2457 records sent, 481,5 records/sec (0,46 MB/sec), 2,1 ms avg latency, 424,0 ms max latency.
2803 records sent, 546,7 records/sec (0,52 MB/sec), 1,8 ms avg latency, 541,0 ms max latency.
2389 records sent, 471,5 records/sec (0,45 MB/sec), 2,1 ms avg latency, 604,0 ms max latency.
2179 records sent, 431,3 records/sec (0,41 MB/sec), 2,3 ms avg latency, 611,0 ms max latency.
2452 records sent, 490,1 records/sec (0,47 MB/sec), 2,0 ms avg latency, 228,0 ms max latency.
2377 records sent, 473,7 records/sec (0,45 MB/sec), 2,1 ms avg latency, 689,0 ms max latency.
2090 records sent, 389,2 records/sec (0,37 MB/sec), 2,6 ms avg latency, 1601,0 ms max latency.
2771 records sent, 548,0 records/sec (0,52 MB/sec), 1,8 ms avg latency, 678,0 ms max latency.
1962 records sent, 382,7 records/sec (0,36 MB/sec), 2,6 ms avg latency, 703,0 ms max latency.
2092 records sent, 400,5 records/sec (0,38 MB/sec), 2,5 ms avg latency, 644,0 ms max latency.
2483 records sent, 496,6 records/sec (0,47 MB/sec), 2,0 ms avg latency, 736,0 ms max latency.
2489 records sent, 494,7 records/sec (0,47 MB/sec), 2,0 ms avg latency, 742,0 ms max latency.
2762 records sent, 552,4 records/sec (0,53 MB/sec), 1,8 ms avg latency, 559,0 ms max latency.
2041 records sent, 404,6 records/sec (0,39 MB/sec), 2,5 ms avg latency, 588,0 ms max latency.
2244 records sent, 357,4 records/sec (0,34 MB/sec), 2,8 ms avg latency, 1304,0 ms max latency.
80000 records sent, 459,918135 records/sec (0,44 MB/sec), 2,16 ms avg latency, 1660,00 ms max latency, 0 ms 50th, 8 ms 95th, 23 ms 99th, 260 ms 99.9th.

Metric Name                                                                          Value
app-info:commit-id:{client-id=producer-1}                                          : d12590634290dbc4
app-info:start-time-ms:{client-id=producer-1}                                      : 1593444765519
app-info:version:{client-id=producer-1}                                            : 2.3.1
kafka-metrics-count:count:{client-id=producer-1}                                   : 126,000
producer-metrics:batch-size-avg:{client-id=producer-1}                             : 1075,000
producer-metrics:batch-size-max:{client-id=producer-1}                             : 1075,000
producer-metrics:batch-split-rate:{client-id=producer-1}                           : 0,000
producer-metrics:batch-split-total:{client-id=producer-1}                          : 0,000
producer-metrics:buffer-available-bytes:{client-id=producer-1}                     : 33554432,000
producer-metrics:buffer-exhausted-rate:{client-id=producer-1}                      : 0,000
producer-metrics:buffer-exhausted-total:{client-id=producer-1}                     : 0,000
producer-metrics:buffer-total-bytes:{client-id=producer-1}                         : 33554432,000
producer-metrics:bufferpool-wait-ratio:{client-id=producer-1}                      : 0,000
producer-metrics:bufferpool-wait-time-total:{client-id=producer-1}                 : 0,000
producer-metrics:compression-rate-avg:{client-id=producer-1}                       : 1,000
producer-metrics:connection-close-rate:{client-id=producer-1}                      : 0,417
producer-metrics:connection-close-total:{client-id=producer-1}                     : 62,000
producer-metrics:connection-count:{client-id=producer-1}                           : 4,000
producer-metrics:connection-creation-rate:{client-id=producer-1}                   : 0,443
producer-metrics:connection-creation-total:{client-id=producer-1}                  : 66,000
producer-metrics:failed-authentication-rate:{client-id=producer-1}                 : 0,000
producer-metrics:failed-authentication-total:{client-id=producer-1}                : 0,000
producer-metrics:failed-reauthentication-rate:{client-id=producer-1}               : 0,000
producer-metrics:failed-reauthentication-total:{client-id=producer-1}              : 0,000
producer-metrics:incoming-byte-rate:{client-id=producer-1}                         : 237,620
producer-metrics:incoming-byte-total:{client-id=producer-1}                        : 35649,000
producer-metrics:io-ratio:{client-id=producer-1}                                   : 0,007
producer-metrics:io-time-ns-avg:{client-id=producer-1}                             : 7681,762
producer-metrics:io-wait-ratio:{client-id=producer-1}                              : 0,973
producer-metrics:io-wait-time-ns-avg:{client-id=producer-1}                        : 1049626,766
producer-metrics:io-waittime-total:{client-id=producer-1}                          : 167482156116,000
producer-metrics:iotime-total:{client-id=producer-1}                               : 1484174346,000
producer-metrics:metadata-age:{client-id=producer-1}                               : 0,449
producer-metrics:network-io-rate:{client-id=producer-1}                            : 458,269
producer-metrics:network-io-total:{client-id=producer-1}                           : 80250,000
producer-metrics:outgoing-byte-rate:{client-id=producer-1}                         : 527497,333
producer-metrics:outgoing-byte-total:{client-id=producer-1}                        : 92393101,000
producer-metrics:produce-throttle-time-avg:{client-id=producer-1}                  : 0,000
producer-metrics:produce-throttle-time-max:{client-id=producer-1}                  : 0,000
producer-metrics:reauthentication-latency-avg:{client-id=producer-1}               : NaN
producer-metrics:reauthentication-latency-max:{client-id=producer-1}               : NaN
producer-metrics:record-error-rate:{client-id=producer-1}                          : 0,000
producer-metrics:record-error-total:{client-id=producer-1}                         : 0,000
producer-metrics:record-queue-time-avg:{client-id=producer-1}                      : 0,511
producer-metrics:record-queue-time-max:{client-id=producer-1}                      : 1601,000
producer-metrics:record-retry-rate:{client-id=producer-1}                          : 0,295
producer-metrics:record-retry-total:{client-id=producer-1}                         : 50,000
producer-metrics:record-send-rate:{client-id=producer-1}                           : 456,958
producer-metrics:record-send-total:{client-id=producer-1}                          : 80050,000
producer-metrics:record-size-avg:{client-id=producer-1}                            : 1091,000
producer-metrics:record-size-max:{client-id=producer-1}                            : 1091,000
producer-metrics:records-per-request-avg:{client-id=producer-1}                    : 1,000
producer-metrics:request-latency-avg:{client-id=producer-1}                        : NaN
producer-metrics:request-latency-max:{client-id=producer-1}                        : NaN
producer-metrics:request-rate:{client-id=producer-1}                               : 457,465
producer-metrics:request-size-avg:{client-id=producer-1}                           : 1152,981
producer-metrics:request-size-max:{client-id=producer-1}                           : 1155,000
producer-metrics:request-total:{client-id=producer-1}                              : 80127,000
producer-metrics:requests-in-flight:{client-id=producer-1}                         : 0,000
producer-metrics:response-rate:{client-id=producer-1}                              : 0,820
producer-metrics:response-total:{client-id=producer-1}                             : 123,000
producer-metrics:select-rate:{client-id=producer-1}                                : 927,227
producer-metrics:select-total:{client-id=producer-1}                               : 158301,000
producer-metrics:successful-authentication-no-reauth-total:{client-id=producer-1}  : 0,000
producer-metrics:successful-authentication-rate:{client-id=producer-1}             : 0,000
producer-metrics:successful-authentication-total:{client-id=producer-1}            : 0,000
producer-metrics:successful-reauthentication-rate:{client-id=producer-1}           : 0,000
producer-metrics:successful-reauthentication-total:{client-id=producer-1}          : 0,000
producer-metrics:waiting-threads:{client-id=producer-1}                            : 0,000
producer-node-metrics:incoming-byte-rate:{client-id=producer-1, node-id=node--3}   : 0,000
producer-node-metrics:incoming-byte-rate:{client-id=producer-1, node-id=node-1}    : 95,153
producer-node-metrics:incoming-byte-rate:{client-id=producer-1, node-id=node-3}    : 82,781
producer-node-metrics:incoming-byte-rate:{client-id=producer-1, node-id=node-6}    : 76,975
producer-node-metrics:incoming-byte-total:{client-id=producer-1, node-id=node--3}  : 579,000
producer-node-metrics:incoming-byte-total:{client-id=producer-1, node-id=node-1}   : 12186,000
producer-node-metrics:incoming-byte-total:{client-id=producer-1, node-id=node-3}   : 9549,000
producer-node-metrics:incoming-byte-total:{client-id=producer-1, node-id=node-6}   : 13335,000
producer-node-metrics:outgoing-byte-rate:{client-id=producer-1, node-id=node--3}   : 0,000
producer-node-metrics:outgoing-byte-rate:{client-id=producer-1, node-id=node-1}    : 174473,801
producer-node-metrics:outgoing-byte-rate:{client-id=producer-1, node-id=node-3}    : 175515,590
producer-node-metrics:outgoing-byte-rate:{client-id=producer-1, node-id=node-6}    : 176347,363
producer-node-metrics:outgoing-byte-total:{client-id=producer-1, node-id=node--3}  : 67,000
producer-node-metrics:outgoing-byte-total:{client-id=producer-1, node-id=node-1}   : 30658473,000
producer-node-metrics:outgoing-byte-total:{client-id=producer-1, node-id=node-3}   : 30824414,000
producer-node-metrics:outgoing-byte-total:{client-id=producer-1, node-id=node-6}   : 30910147,000
producer-node-metrics:request-latency-avg:{client-id=producer-1, node-id=node--3}  : NaN
producer-node-metrics:request-latency-avg:{client-id=producer-1, node-id=node-1}   : NaN
producer-node-metrics:request-latency-avg:{client-id=producer-1, node-id=node-3}   : NaN
producer-node-metrics:request-latency-avg:{client-id=producer-1, node-id=node-6}   : NaN
producer-node-metrics:request-latency-max:{client-id=producer-1, node-id=node--3}  : NaN
producer-node-metrics:request-latency-max:{client-id=producer-1, node-id=node-1}   : NaN
producer-node-metrics:request-latency-max:{client-id=producer-1, node-id=node-3}   : NaN
producer-node-metrics:request-latency-max:{client-id=producer-1, node-id=node-6}   : NaN
producer-node-metrics:request-rate:{client-id=producer-1, node-id=node--3}         : 0,000
producer-node-metrics:request-rate:{client-id=producer-1, node-id=node-1}          : 151,343
producer-node-metrics:request-rate:{client-id=producer-1, node-id=node-3}          : 152,187
producer-node-metrics:request-rate:{client-id=producer-1, node-id=node-6}          : 152,944
producer-node-metrics:request-size-avg:{client-id=producer-1, node-id=node--3}     : NaN
producer-node-metrics:request-size-avg:{client-id=producer-1, node-id=node-1}      : 1152,770
producer-node-metrics:request-size-avg:{client-id=producer-1, node-id=node-3}      : 1153,205
producer-node-metrics:request-size-avg:{client-id=producer-1, node-id=node-6}      : 1152,936
producer-node-metrics:request-size-max:{client-id=producer-1, node-id=node--3}     : NaN
producer-node-metrics:request-size-max:{client-id=producer-1, node-id=node-1}      : 1155,000
producer-node-metrics:request-size-max:{client-id=producer-1, node-id=node-3}      : 1155,000
producer-node-metrics:request-size-max:{client-id=producer-1, node-id=node-6}      : 1155,000
producer-node-metrics:request-total:{client-id=producer-1, node-id=node--3}        : 2,000
producer-node-metrics:request-total:{client-id=producer-1, node-id=node-1}         : 26590,000
producer-node-metrics:request-total:{client-id=producer-1, node-id=node-3}         : 26724,000
producer-node-metrics:request-total:{client-id=producer-1, node-id=node-6}         : 26811,000
producer-node-metrics:response-rate:{client-id=producer-1, node-id=node--3}        : 0,000
producer-node-metrics:response-rate:{client-id=producer-1, node-id=node-1}         : 0,328
producer-node-metrics:response-rate:{client-id=producer-1, node-id=node-3}         : 0,288
producer-node-metrics:response-rate:{client-id=producer-1, node-id=node-6}         : 0,265
producer-node-metrics:response-total:{client-id=producer-1, node-id=node--3}       : 2,000
producer-node-metrics:response-total:{client-id=producer-1, node-id=node-1}        : 42,000
producer-node-metrics:response-total:{client-id=producer-1, node-id=node-3}        : 33,000
producer-node-metrics:response-total:{client-id=producer-1, node-id=node-6}        : 46,000
producer-topic-metrics:byte-rate:{client-id=producer-1, topic=test-topic}          : 491220,503
producer-topic-metrics:byte-total:{client-id=producer-1, topic=test-topic}         : 86042638,000
producer-topic-metrics:compression-rate:{client-id=producer-1, topic=test-topic}   : 1,000
producer-topic-metrics:record-error-rate:{client-id=producer-1, topic=test-topic}  : 0,000
producer-topic-metrics:record-error-total:{client-id=producer-1, topic=test-topic} : 0,000
producer-topic-metrics:record-retry-rate:{client-id=producer-1, topic=test-topic}  : 0,295
producer-topic-metrics:record-retry-total:{client-id=producer-1, topic=test-topic} : 50,000
producer-topic-metrics:record-send-rate:{client-id=producer-1, topic=test-topic}   : 456,958
producer-topic-metrics:record-send-total:{client-id=producer-1, topic=test-topic}  : 80050,000
Produce Time: 173.943
[12:35:39] Ignite node stopped OK [uptime=00:02:51.024]
Aplication time: 174.647
*****Produção finalizada, esperando 180 s para buscar WM*****
Water mark: 1280000
