Topic to send: test-topic
Topic to acks: -2
Records: 80000
Size:1000
[11:17:33]    __________  ________________ 
[11:17:33]   /  _/ ___/ |/ /  _/_  __/ __/ 
[11:17:33]  _/ // (7 7    // /  / / / _/   
[11:17:33] /___/\___/_/|_/___/ /_/ /___/  
[11:17:33] 
[11:17:33] ver. 2.7.6#20190911-sha1:21f7ca41
[11:17:33] 2019 Copyright(C) Apache Software Foundation
[11:17:33] 
[11:17:33] Ignite documentation: http://ignite.apache.org
[11:17:33] 
[11:17:33] Quiet mode.
[11:17:33]   ^-- Logging by 'JavaLogger [quiet=true, config=null]'
[11:17:33]   ^-- To see **FULL** console log here add -DIGNITE_QUIET=false or "-v" to ignite.{sh|bat}
[11:17:33] 
[11:17:33] OS: Linux 5.0.0-38-generic amd64
[11:17:33] VM information: OpenJDK Runtime Environment 11.0.5+10-post-Ubuntu-0ubuntu1.119.04 Private Build OpenJDK 64-Bit Server VM 11.0.5+10-post-Ubuntu-0ubuntu1.119.04
[11:17:33] Please set system property '-Djava.net.preferIPv4Stack=true' to avoid possible problems in mixed environments.
[11:17:33] Initial heap size is 126MB (should be no less than 512MB, use -Xms512m -Xmx512m).
[11:17:33] Configured plugins:
[11:17:33]   ^-- None
[11:17:33] 
[11:17:33] Configured failure handler: [hnd=StopNodeOrHaltFailureHandler [tryStop=false, timeout=0, super=AbstractFailureHandler [ignoredFailureTypes=[SYSTEM_WORKER_BLOCKED, SYSTEM_CRITICAL_OPERATION_TIMEOUT]]]]
[11:17:33] Message queue limit is set to 0 which may lead to potential OOMEs when running cache operations in FULL_ASYNC or PRIMARY_SYNC modes due to message queues growth on sender and receiver sides.
[11:17:33] Security status [authentication=off, tls/ssl=off]
[11:17:34] REST protocols do not start on client node. To start the protocols on client node set '-DIGNITE_REST_START_ON_CLIENT=true' system property.
[11:17:35] Performance suggestions for grid  (fix if possible)
[11:17:35] To disable, set -DIGNITE_PERFORMANCE_SUGGESTIONS_DISABLED=true
[11:17:35]   ^-- Switch to the most recent 1.8 JVM version
[11:17:35]   ^-- Specify JVM heap max size (add '-Xmx<size>[g|G|m|M|k|K]' to JVM options)
[11:17:35]   ^-- Set max direct memory size if getting 'OOME: Direct buffer memory' (add '-XX:MaxDirectMemorySize=<size>[g|G|m|M|k|K]' to JVM options)
[11:17:35]   ^-- Disable processing of calls to System.gc() (add '-XX:+DisableExplicitGC' to JVM options)
[11:17:35] Refer to this page for more performance suggestions: https://apacheignite.readme.io/docs/jvm-and-system-tuning
[11:17:35] 
[11:17:35] To start Console Management & Monitoring run ignitevisorcmd.{sh|bat}
[11:17:35] 
[11:17:35] Ignite node started OK (id=710b7c07)
[11:17:35] Topology snapshot [ver=8, locNode=710b7c07, servers=1, clients=1, state=ACTIVE, CPUs=8, offheap=1.5GB, heap=3.9GB]
1891 records sent, 362,9 records/sec (0,35 MB/sec), 2,7 ms avg latency, 1730,0 ms max latency.
2390 records sent, 471,9 records/sec (0,45 MB/sec), 2,1 ms avg latency, 698,0 ms max latency.
2221 records sent, 430,3 records/sec (0,41 MB/sec), 2,3 ms avg latency, 705,0 ms max latency.
1862 records sent, 370,3 records/sec (0,35 MB/sec), 2,7 ms avg latency, 1314,0 ms max latency.
2575 records sent, 506,0 records/sec (0,48 MB/sec), 2,0 ms avg latency, 381,0 ms max latency.
2868 records sent, 514,5 records/sec (0,49 MB/sec), 1,9 ms avg latency, 689,0 ms max latency.
1499 records sent, 294,4 records/sec (0,28 MB/sec), 3,4 ms avg latency, 640,0 ms max latency.
2196 records sent, 438,9 records/sec (0,42 MB/sec), 2,3 ms avg latency, 622,0 ms max latency.
3125 records sent, 624,5 records/sec (0,60 MB/sec), 1,6 ms avg latency, 399,0 ms max latency.
1452 records sent, 289,8 records/sec (0,28 MB/sec), 3,4 ms avg latency, 888,0 ms max latency.
2798 records sent, 558,9 records/sec (0,53 MB/sec), 1,8 ms avg latency, 704,0 ms max latency.
2700 records sent, 486,6 records/sec (0,46 MB/sec), 2,0 ms avg latency, 787,0 ms max latency.
2621 records sent, 522,7 records/sec (0,50 MB/sec), 1,9 ms avg latency, 643,0 ms max latency.
2824 records sent, 564,8 records/sec (0,54 MB/sec), 1,8 ms avg latency, 773,0 ms max latency.
2317 records sent, 415,1 records/sec (0,40 MB/sec), 2,4 ms avg latency, 766,0 ms max latency.
2406 records sent, 467,0 records/sec (0,45 MB/sec), 2,1 ms avg latency, 241,0 ms max latency.
2298 records sent, 458,1 records/sec (0,44 MB/sec), 2,2 ms avg latency, 664,0 ms max latency.
2609 records sent, 520,8 records/sec (0,50 MB/sec), 1,9 ms avg latency, 562,0 ms max latency.
853 records sent, 157,3 records/sec (0,15 MB/sec), 6,3 ms avg latency, 1506,0 ms max latency.
3068 records sent, 612,3 records/sec (0,58 MB/sec), 1,6 ms avg latency, 225,0 ms max latency.
1484 records sent, 294,8 records/sec (0,28 MB/sec), 3,4 ms avg latency, 683,0 ms max latency.
1872 records sent, 362,0 records/sec (0,35 MB/sec), 2,8 ms avg latency, 639,0 ms max latency.
1360 records sent, 270,5 records/sec (0,26 MB/sec), 3,7 ms avg latency, 666,0 ms max latency.
1313 records sent, 261,6 records/sec (0,25 MB/sec), 3,8 ms avg latency, 1703,0 ms max latency.
2489 records sent, 482,7 records/sec (0,46 MB/sec), 2,1 ms avg latency, 620,0 ms max latency.
2986 records sent, 596,1 records/sec (0,57 MB/sec), 1,7 ms avg latency, 555,0 ms max latency.
1646 records sent, 326,0 records/sec (0,31 MB/sec), 3,1 ms avg latency, 949,0 ms max latency.
2579 records sent, 515,1 records/sec (0,49 MB/sec), 1,9 ms avg latency, 682,0 ms max latency.
2202 records sent, 427,7 records/sec (0,41 MB/sec), 2,3 ms avg latency, 678,0 ms max latency.
2923 records sent, 583,7 records/sec (0,56 MB/sec), 1,7 ms avg latency, 485,0 ms max latency.
2094 records sent, 417,8 records/sec (0,40 MB/sec), 2,4 ms avg latency, 731,0 ms max latency.
2649 records sent, 525,4 records/sec (0,50 MB/sec), 1,9 ms avg latency, 500,0 ms max latency.
2032 records sent, 405,8 records/sec (0,39 MB/sec), 2,5 ms avg latency, 332,0 ms max latency.
2550 records sent, 509,4 records/sec (0,49 MB/sec), 2,0 ms avg latency, 358,0 ms max latency.
2068 records sent, 375,1 records/sec (0,36 MB/sec), 2,7 ms avg latency, 742,0 ms max latency.
80000 records sent, 443,336104 records/sec (0,42 MB/sec), 2,24 ms avg latency, 1730,00 ms max latency, 0 ms 50th, 10 ms 95th, 31 ms 99th, 244 ms 99.9th.

Metric Name                                                                          Value
app-info:commit-id:{client-id=producer-1}                                          : d12590634290dbc4
app-info:start-time-ms:{client-id=producer-1}                                      : 1593440252470
app-info:version:{client-id=producer-1}                                            : 2.3.1
kafka-metrics-count:count:{client-id=producer-1}                                   : 126,000
producer-metrics:batch-size-avg:{client-id=producer-1}                             : 1075,000
producer-metrics:batch-size-max:{client-id=producer-1}                             : 1075,000
producer-metrics:batch-split-rate:{client-id=producer-1}                           : 0,000
producer-metrics:batch-split-total:{client-id=producer-1}                          : 0,000
producer-metrics:buffer-available-bytes:{client-id=producer-1}                     : 33554432,000
producer-metrics:buffer-exhausted-rate:{client-id=producer-1}                      : 0,000
producer-metrics:buffer-exhausted-total:{client-id=producer-1}                     : 0,000
producer-metrics:buffer-total-bytes:{client-id=producer-1}                         : 33554432,000
producer-metrics:bufferpool-wait-ratio:{client-id=producer-1}                      : 0,000
producer-metrics:bufferpool-wait-time-total:{client-id=producer-1}                 : 0,000
producer-metrics:compression-rate-avg:{client-id=producer-1}                       : 1,000
producer-metrics:connection-close-rate:{client-id=producer-1}                      : 0,347
producer-metrics:connection-close-total:{client-id=producer-1}                     : 66,000
producer-metrics:connection-count:{client-id=producer-1}                           : 4,000
producer-metrics:connection-creation-rate:{client-id=producer-1}                   : 0,352
producer-metrics:connection-creation-total:{client-id=producer-1}                  : 70,000
producer-metrics:failed-authentication-rate:{client-id=producer-1}                 : 0,000
producer-metrics:failed-authentication-total:{client-id=producer-1}                : 0,000
producer-metrics:failed-reauthentication-rate:{client-id=producer-1}               : 0,000
producer-metrics:failed-reauthentication-total:{client-id=producer-1}              : 0,000
producer-metrics:incoming-byte-rate:{client-id=producer-1}                         : 199,408
producer-metrics:incoming-byte-total:{client-id=producer-1}                        : 37965,000
producer-metrics:io-ratio:{client-id=producer-1}                                   : 0,004
producer-metrics:io-time-ns-avg:{client-id=producer-1}                             : 7394,282
producer-metrics:io-wait-ratio:{client-id=producer-1}                              : 0,489
producer-metrics:io-wait-time-ns-avg:{client-id=producer-1}                        : 1002776,943
producer-metrics:io-waittime-total:{client-id=producer-1}                          : 173935022890,000
producer-metrics:iotime-total:{client-id=producer-1}                               : 1463486385,000
producer-metrics:metadata-age:{client-id=producer-1}                               : 0,960
producer-metrics:network-io-rate:{client-id=producer-1}                            : 241,787
producer-metrics:network-io-total:{client-id=producer-1}                           : 80265,000
producer-metrics:outgoing-byte-rate:{client-id=producer-1}                         : 278698,463
producer-metrics:outgoing-byte-total:{client-id=producer-1}                        : 92393326,000
producer-metrics:produce-throttle-time-avg:{client-id=producer-1}                  : 0,000
producer-metrics:produce-throttle-time-max:{client-id=producer-1}                  : 0,000
producer-metrics:reauthentication-latency-avg:{client-id=producer-1}               : NaN
producer-metrics:reauthentication-latency-max:{client-id=producer-1}               : NaN
producer-metrics:record-error-rate:{client-id=producer-1}                          : 0,000
producer-metrics:record-error-total:{client-id=producer-1}                         : 0,000
producer-metrics:record-queue-time-avg:{client-id=producer-1}                      : 0,397
producer-metrics:record-queue-time-max:{client-id=producer-1}                      : 1703,000
producer-metrics:record-retry-rate:{client-id=producer-1}                          : 0,339
producer-metrics:record-retry-total:{client-id=producer-1}                         : 48,000
producer-metrics:record-send-rate:{client-id=producer-1}                           : 478,843
producer-metrics:record-send-total:{client-id=producer-1}                          : 80048,000
producer-metrics:record-size-avg:{client-id=producer-1}                            : 1091,000
producer-metrics:record-size-max:{client-id=producer-1}                            : 1091,000
producer-metrics:records-per-request-avg:{client-id=producer-1}                    : 1,000
producer-metrics:request-latency-avg:{client-id=producer-1}                        : NaN
producer-metrics:request-latency-max:{client-id=producer-1}                        : NaN
producer-metrics:request-rate:{client-id=producer-1}                               : 241,520
producer-metrics:request-size-avg:{client-id=producer-1}                           : 1153,762
producer-metrics:request-size-max:{client-id=producer-1}                           : 1155,000
producer-metrics:request-total:{client-id=producer-1}                              : 80134,000
producer-metrics:requests-in-flight:{client-id=producer-1}                         : 0,000
producer-metrics:response-rate:{client-id=producer-1}                              : 0,689
producer-metrics:response-total:{client-id=producer-1}                             : 131,000
producer-metrics:select-rate:{client-id=producer-1}                                : 487,207
producer-metrics:select-total:{client-id=producer-1}                               : 158750,000
producer-metrics:successful-authentication-no-reauth-total:{client-id=producer-1}  : 0,000
producer-metrics:successful-authentication-rate:{client-id=producer-1}             : 0,000
producer-metrics:successful-authentication-total:{client-id=producer-1}            : 0,000
producer-metrics:successful-reauthentication-rate:{client-id=producer-1}           : 0,000
producer-metrics:successful-reauthentication-total:{client-id=producer-1}          : 0,000
producer-metrics:waiting-threads:{client-id=producer-1}                            : 0,000
producer-node-metrics:incoming-byte-rate:{client-id=producer-1, node-id=node--1}   : 0,000
producer-node-metrics:incoming-byte-rate:{client-id=producer-1, node-id=node-1}    : 75,366
producer-node-metrics:incoming-byte-rate:{client-id=producer-1, node-id=node-3}    : 71,389
producer-node-metrics:incoming-byte-rate:{client-id=producer-1, node-id=node-6}    : 60,401
producer-node-metrics:incoming-byte-total:{client-id=producer-1, node-id=node--1}  : 579,000
producer-node-metrics:incoming-byte-total:{client-id=producer-1, node-id=node-1}   : 11625,000
producer-node-metrics:incoming-byte-total:{client-id=producer-1, node-id=node-3}   : 13566,000
producer-node-metrics:incoming-byte-total:{client-id=producer-1, node-id=node-6}   : 12195,000
producer-node-metrics:outgoing-byte-rate:{client-id=producer-1, node-id=node--1}   : 0,000
producer-node-metrics:outgoing-byte-rate:{client-id=producer-1, node-id=node-1}    : 183213,983
producer-node-metrics:outgoing-byte-rate:{client-id=producer-1, node-id=node-3}    : 185236,856
producer-node-metrics:outgoing-byte-rate:{client-id=producer-1, node-id=node-6}    : 184345,786
producer-node-metrics:outgoing-byte-total:{client-id=producer-1, node-id=node--1}  : 67,000
producer-node-metrics:outgoing-byte-total:{client-id=producer-1, node-id=node-1}   : 30658325,000
producer-node-metrics:outgoing-byte-total:{client-id=producer-1, node-id=node-3}   : 30825002,000
producer-node-metrics:outgoing-byte-total:{client-id=producer-1, node-id=node-6}   : 30909932,000
producer-node-metrics:request-latency-avg:{client-id=producer-1, node-id=node--1}  : NaN
producer-node-metrics:request-latency-avg:{client-id=producer-1, node-id=node-1}   : NaN
producer-node-metrics:request-latency-avg:{client-id=producer-1, node-id=node-3}   : NaN
producer-node-metrics:request-latency-avg:{client-id=producer-1, node-id=node-6}   : NaN
producer-node-metrics:request-latency-max:{client-id=producer-1, node-id=node--1}  : NaN
producer-node-metrics:request-latency-max:{client-id=producer-1, node-id=node-1}   : NaN
producer-node-metrics:request-latency-max:{client-id=producer-1, node-id=node-3}   : NaN
producer-node-metrics:request-latency-max:{client-id=producer-1, node-id=node-6}   : NaN
producer-node-metrics:request-rate:{client-id=producer-1, node-id=node--1}         : 0,000
producer-node-metrics:request-rate:{client-id=producer-1, node-id=node-1}          : 158,829
producer-node-metrics:request-rate:{client-id=producer-1, node-id=node-3}          : 160,586
producer-node-metrics:request-rate:{client-id=producer-1, node-id=node-6}          : 159,767
producer-node-metrics:request-size-avg:{client-id=producer-1, node-id=node--1}     : NaN
producer-node-metrics:request-size-avg:{client-id=producer-1, node-id=node-1}      : 1153,470
producer-node-metrics:request-size-avg:{client-id=producer-1, node-id=node-3}      : 1153,371
producer-node-metrics:request-size-avg:{client-id=producer-1, node-id=node-6}      : 1153,703
producer-node-metrics:request-size-max:{client-id=producer-1, node-id=node--1}     : NaN
producer-node-metrics:request-size-max:{client-id=producer-1, node-id=node-1}      : 1155,000
producer-node-metrics:request-size-max:{client-id=producer-1, node-id=node-3}      : 1155,000
producer-node-metrics:request-size-max:{client-id=producer-1, node-id=node-6}      : 1155,000
producer-node-metrics:request-total:{client-id=producer-1, node-id=node--1}        : 2,000
producer-node-metrics:request-total:{client-id=producer-1, node-id=node-1}         : 26587,000
producer-node-metrics:request-total:{client-id=producer-1, node-id=node-3}         : 26739,000
producer-node-metrics:request-total:{client-id=producer-1, node-id=node-6}         : 26806,000
producer-node-metrics:response-rate:{client-id=producer-1, node-id=node--1}        : 0,000
producer-node-metrics:response-rate:{client-id=producer-1, node-id=node-1}         : 0,262
producer-node-metrics:response-rate:{client-id=producer-1, node-id=node-3}         : 0,247
producer-node-metrics:response-rate:{client-id=producer-1, node-id=node-6}         : 0,206
producer-node-metrics:response-total:{client-id=producer-1, node-id=node--1}       : 2,000
producer-node-metrics:response-total:{client-id=producer-1, node-id=node-1}        : 40,000
producer-node-metrics:response-total:{client-id=producer-1, node-id=node-3}        : 47,000
producer-node-metrics:response-total:{client-id=producer-1, node-id=node-6}        : 42,000
producer-topic-metrics:byte-rate:{client-id=producer-1, topic=test-topic}          : 514747,252
producer-topic-metrics:byte-total:{client-id=producer-1, topic=test-topic}         : 86040486,000
producer-topic-metrics:compression-rate:{client-id=producer-1, topic=test-topic}   : 1,000
producer-topic-metrics:record-error-rate:{client-id=producer-1, topic=test-topic}  : 0,000
producer-topic-metrics:record-error-total:{client-id=producer-1, topic=test-topic} : 0,000
producer-topic-metrics:record-retry-rate:{client-id=producer-1, topic=test-topic}  : 0,339
producer-topic-metrics:record-retry-total:{client-id=producer-1, topic=test-topic} : 48,000
producer-topic-metrics:record-send-rate:{client-id=producer-1, topic=test-topic}   : 478,843
producer-topic-metrics:record-send-total:{client-id=producer-1, topic=test-topic}  : 80048,000
Produce Time: 180.448
[11:20:33] Ignite node stopped OK [uptime=00:02:57.313]
Aplication time: 181.157
*****Produção finalizada, esperando 180 s para buscar WM*****
Water mark: 320000
