Topic to send: test-topic
Topic to acks: -2
Records: 80000
Size:1000
[12:09:08]    __________  ________________ 
[12:09:08]   /  _/ ___/ |/ /  _/_  __/ __/ 
[12:09:08]  _/ // (7 7    // /  / / / _/   
[12:09:08] /___/\___/_/|_/___/ /_/ /___/  
[12:09:08] 
[12:09:08] ver. 2.7.6#20190911-sha1:21f7ca41
[12:09:08] 2019 Copyright(C) Apache Software Foundation
[12:09:08] 
[12:09:08] Ignite documentation: http://ignite.apache.org
[12:09:08] 
[12:09:08] Quiet mode.
[12:09:08]   ^-- Logging by 'JavaLogger [quiet=true, config=null]'
[12:09:08]   ^-- To see **FULL** console log here add -DIGNITE_QUIET=false or "-v" to ignite.{sh|bat}
[12:09:08] 
[12:09:08] OS: Linux 5.0.0-38-generic amd64
[12:09:08] VM information: OpenJDK Runtime Environment 11.0.5+10-post-Ubuntu-0ubuntu1.119.04 Private Build OpenJDK 64-Bit Server VM 11.0.5+10-post-Ubuntu-0ubuntu1.119.04
[12:09:08] Please set system property '-Djava.net.preferIPv4Stack=true' to avoid possible problems in mixed environments.
[12:09:08] Initial heap size is 126MB (should be no less than 512MB, use -Xms512m -Xmx512m).
[12:09:08] Configured plugins:
[12:09:08]   ^-- None
[12:09:08] 
[12:09:08] Configured failure handler: [hnd=StopNodeOrHaltFailureHandler [tryStop=false, timeout=0, super=AbstractFailureHandler [ignoredFailureTypes=[SYSTEM_WORKER_BLOCKED, SYSTEM_CRITICAL_OPERATION_TIMEOUT]]]]
[12:09:08] Message queue limit is set to 0 which may lead to potential OOMEs when running cache operations in FULL_ASYNC or PRIMARY_SYNC modes due to message queues growth on sender and receiver sides.
[12:09:08] Security status [authentication=off, tls/ssl=off]
[12:09:09] REST protocols do not start on client node. To start the protocols on client node set '-DIGNITE_REST_START_ON_CLIENT=true' system property.
[12:09:11] Performance suggestions for grid  (fix if possible)
[12:09:11] To disable, set -DIGNITE_PERFORMANCE_SUGGESTIONS_DISABLED=true
[12:09:11]   ^-- Switch to the most recent 1.8 JVM version
[12:09:11]   ^-- Specify JVM heap max size (add '-Xmx<size>[g|G|m|M|k|K]' to JVM options)
[12:09:11]   ^-- Set max direct memory size if getting 'OOME: Direct buffer memory' (add '-XX:MaxDirectMemorySize=<size>[g|G|m|M|k|K]' to JVM options)
[12:09:11]   ^-- Disable processing of calls to System.gc() (add '-XX:+DisableExplicitGC' to JVM options)
[12:09:11] Refer to this page for more performance suggestions: https://apacheignite.readme.io/docs/jvm-and-system-tuning
[12:09:11] 
[12:09:11] To start Console Management & Monitoring run ignitevisorcmd.{sh|bat}
[12:09:11] 
[12:09:11] Ignite node started OK (id=8d2fc26c)
[12:09:11] Topology snapshot [ver=24, locNode=8d2fc26c, servers=1, clients=1, state=ACTIVE, CPUs=8, offheap=1.5GB, heap=3.9GB]
1650 records sent, 329,7 records/sec (0,31 MB/sec), 3,0 ms avg latency, 1561,0 ms max latency.
2125 records sent, 424,2 records/sec (0,40 MB/sec), 2,3 ms avg latency, 633,0 ms max latency.
2363 records sent, 443,4 records/sec (0,42 MB/sec), 2,2 ms avg latency, 678,0 ms max latency.
2072 records sent, 401,3 records/sec (0,38 MB/sec), 2,5 ms avg latency, 702,0 ms max latency.
2535 records sent, 507,0 records/sec (0,48 MB/sec), 2,0 ms avg latency, 1608,0 ms max latency.
2707 records sent, 505,5 records/sec (0,48 MB/sec), 2,0 ms avg latency, 720,0 ms max latency.
2747 records sent, 544,7 records/sec (0,52 MB/sec), 1,8 ms avg latency, 923,0 ms max latency.
2321 records sent, 463,9 records/sec (0,44 MB/sec), 2,1 ms avg latency, 620,0 ms max latency.
2294 records sent, 458,7 records/sec (0,44 MB/sec), 2,2 ms avg latency, 658,0 ms max latency.
2251 records sent, 433,4 records/sec (0,41 MB/sec), 2,3 ms avg latency, 631,0 ms max latency.
2526 records sent, 490,8 records/sec (0,47 MB/sec), 2,0 ms avg latency, 664,0 ms max latency.
2623 records sent, 516,9 records/sec (0,49 MB/sec), 1,9 ms avg latency, 688,0 ms max latency.
1863 records sent, 362,4 records/sec (0,35 MB/sec), 2,7 ms avg latency, 866,0 ms max latency.
3173 records sent, 614,8 records/sec (0,59 MB/sec), 1,6 ms avg latency, 207,0 ms max latency.
2158 records sent, 431,6 records/sec (0,41 MB/sec), 2,3 ms avg latency, 617,0 ms max latency.
1980 records sent, 387,6 records/sec (0,37 MB/sec), 2,6 ms avg latency, 651,0 ms max latency.
2855 records sent, 512,0 records/sec (0,49 MB/sec), 1,9 ms avg latency, 653,0 ms max latency.
2898 records sent, 576,6 records/sec (0,55 MB/sec), 1,7 ms avg latency, 627,0 ms max latency.
2541 records sent, 497,9 records/sec (0,47 MB/sec), 2,0 ms avg latency, 605,0 ms max latency.
2282 records sent, 455,9 records/sec (0,43 MB/sec), 2,2 ms avg latency, 729,0 ms max latency.
2575 records sent, 514,5 records/sec (0,49 MB/sec), 1,9 ms avg latency, 619,0 ms max latency.
2202 records sent, 432,9 records/sec (0,41 MB/sec), 2,3 ms avg latency, 669,0 ms max latency.
2477 records sent, 494,3 records/sec (0,47 MB/sec), 2,0 ms avg latency, 538,0 ms max latency.
2505 records sent, 497,2 records/sec (0,47 MB/sec), 2,0 ms avg latency, 647,0 ms max latency.
2516 records sent, 496,4 records/sec (0,47 MB/sec), 2,0 ms avg latency, 324,0 ms max latency.
2431 records sent, 470,5 records/sec (0,45 MB/sec), 2,1 ms avg latency, 629,0 ms max latency.
1169 records sent, 233,8 records/sec (0,22 MB/sec), 4,3 ms avg latency, 1401,0 ms max latency.
2550 records sent, 509,8 records/sec (0,49 MB/sec), 2,0 ms avg latency, 227,0 ms max latency.
2450 records sent, 488,9 records/sec (0,47 MB/sec), 2,0 ms avg latency, 360,0 ms max latency.
2059 records sent, 410,7 records/sec (0,39 MB/sec), 2,4 ms avg latency, 572,0 ms max latency.
2437 records sent, 482,5 records/sec (0,46 MB/sec), 2,1 ms avg latency, 668,0 ms max latency.
2087 records sent, 387,8 records/sec (0,37 MB/sec), 2,6 ms avg latency, 552,0 ms max latency.
2669 records sent, 501,9 records/sec (0,48 MB/sec), 2,0 ms avg latency, 349,0 ms max latency.
80000 records sent, 464,311832 records/sec (0,44 MB/sec), 2,14 ms avg latency, 1608,00 ms max latency, 0 ms 50th, 4 ms 95th, 20 ms 99th, 309 ms 99.9th.

Metric Name                                                                          Value
app-info:commit-id:{client-id=producer-1}                                          : d12590634290dbc4
app-info:start-time-ms:{client-id=producer-1}                                      : 1593443347795
app-info:version:{client-id=producer-1}                                            : 2.3.1
kafka-metrics-count:count:{client-id=producer-1}                                   : 126,000
producer-metrics:batch-size-avg:{client-id=producer-1}                             : 1075,000
producer-metrics:batch-size-max:{client-id=producer-1}                             : 1075,000
producer-metrics:batch-split-rate:{client-id=producer-1}                           : 0,000
producer-metrics:batch-split-total:{client-id=producer-1}                          : 0,000
producer-metrics:buffer-available-bytes:{client-id=producer-1}                     : 33554432,000
producer-metrics:buffer-exhausted-rate:{client-id=producer-1}                      : 0,000
producer-metrics:buffer-exhausted-total:{client-id=producer-1}                     : 0,000
producer-metrics:buffer-total-bytes:{client-id=producer-1}                         : 33554432,000
producer-metrics:bufferpool-wait-ratio:{client-id=producer-1}                      : 0,000
producer-metrics:bufferpool-wait-time-total:{client-id=producer-1}                 : 0,000
producer-metrics:compression-rate-avg:{client-id=producer-1}                       : 1,000
producer-metrics:connection-close-rate:{client-id=producer-1}                      : 0,320
producer-metrics:connection-close-total:{client-id=producer-1}                     : 61,000
producer-metrics:connection-count:{client-id=producer-1}                           : 4,000
producer-metrics:connection-creation-rate:{client-id=producer-1}                   : 0,321
producer-metrics:connection-creation-total:{client-id=producer-1}                  : 65,000
producer-metrics:failed-authentication-rate:{client-id=producer-1}                 : 0,000
producer-metrics:failed-authentication-total:{client-id=producer-1}                : 0,000
producer-metrics:failed-reauthentication-rate:{client-id=producer-1}               : 0,000
producer-metrics:failed-reauthentication-total:{client-id=producer-1}              : 0,000
producer-metrics:incoming-byte-rate:{client-id=producer-1}                         : 185,598
producer-metrics:incoming-byte-total:{client-id=producer-1}                        : 34215,000
producer-metrics:io-ratio:{client-id=producer-1}                                   : 0,007
producer-metrics:io-time-ns-avg:{client-id=producer-1}                             : 7831,749
producer-metrics:io-wait-ratio:{client-id=producer-1}                              : 0,978
producer-metrics:io-wait-time-ns-avg:{client-id=producer-1}                        : 1081909,387
producer-metrics:io-waittime-total:{client-id=producer-1}                          : 165968363521,000
producer-metrics:iotime-total:{client-id=producer-1}                               : 1501060058,000
producer-metrics:metadata-age:{client-id=producer-1}                               : 1,677
producer-metrics:network-io-rate:{client-id=producer-1}                            : 449,690
producer-metrics:network-io-total:{client-id=producer-1}                           : 80241,000
producer-metrics:outgoing-byte-rate:{client-id=producer-1}                         : 518169,030
producer-metrics:outgoing-byte-total:{client-id=producer-1}                        : 92392948,000
producer-metrics:produce-throttle-time-avg:{client-id=producer-1}                  : 0,000
producer-metrics:produce-throttle-time-max:{client-id=producer-1}                  : 0,000
producer-metrics:reauthentication-latency-avg:{client-id=producer-1}               : NaN
producer-metrics:reauthentication-latency-max:{client-id=producer-1}               : NaN
producer-metrics:record-error-rate:{client-id=producer-1}                          : 0,000
producer-metrics:record-error-total:{client-id=producer-1}                         : 0,000
producer-metrics:record-queue-time-avg:{client-id=producer-1}                      : 0,320
producer-metrics:record-queue-time-max:{client-id=producer-1}                      : 1390,000
producer-metrics:record-retry-rate:{client-id=producer-1}                          : 0,287
producer-metrics:record-retry-total:{client-id=producer-1}                         : 53,000
producer-metrics:record-send-rate:{client-id=producer-1}                           : 448,819
producer-metrics:record-send-total:{client-id=producer-1}                          : 80053,000
producer-metrics:record-size-avg:{client-id=producer-1}                            : 1091,000
producer-metrics:record-size-max:{client-id=producer-1}                            : 1091,000
producer-metrics:records-per-request-avg:{client-id=producer-1}                    : 1,000
producer-metrics:request-latency-avg:{client-id=producer-1}                        : NaN
producer-metrics:request-latency-max:{client-id=producer-1}                        : NaN
producer-metrics:request-rate:{client-id=producer-1}                               : 449,122
producer-metrics:request-size-avg:{client-id=producer-1}                           : 1153,561
producer-metrics:request-size-max:{client-id=producer-1}                           : 1155,000
producer-metrics:request-total:{client-id=producer-1}                              : 80123,000
producer-metrics:requests-in-flight:{client-id=producer-1}                         : 0,000
producer-metrics:response-rate:{client-id=producer-1}                              : 0,641
producer-metrics:response-total:{client-id=producer-1}                             : 118,000
producer-metrics:select-rate:{client-id=producer-1}                                : 904,210
producer-metrics:select-total:{client-id=producer-1}                               : 157960,000
producer-metrics:successful-authentication-no-reauth-total:{client-id=producer-1}  : 0,000
producer-metrics:successful-authentication-rate:{client-id=producer-1}             : 0,000
producer-metrics:successful-authentication-total:{client-id=producer-1}            : 0,000
producer-metrics:successful-reauthentication-rate:{client-id=producer-1}           : 0,000
producer-metrics:successful-reauthentication-total:{client-id=producer-1}          : 0,000
producer-metrics:waiting-threads:{client-id=producer-1}                            : 0,000
producer-node-metrics:incoming-byte-rate:{client-id=producer-1, node-id=node--1}   : 0,000
producer-node-metrics:incoming-byte-rate:{client-id=producer-1, node-id=node-1}    : 47,035
producer-node-metrics:incoming-byte-rate:{client-id=producer-1, node-id=node-3}    : 83,477
producer-node-metrics:incoming-byte-rate:{client-id=producer-1, node-id=node-6}    : 29,478
producer-node-metrics:incoming-byte-total:{client-id=producer-1, node-id=node--1}  : 579,000
producer-node-metrics:incoming-byte-total:{client-id=producer-1, node-id=node-1}   : 9567,000
producer-node-metrics:incoming-byte-total:{client-id=producer-1, node-id=node-3}   : 12195,000
producer-node-metrics:incoming-byte-total:{client-id=producer-1, node-id=node-6}   : 11874,000
producer-node-metrics:outgoing-byte-rate:{client-id=producer-1, node-id=node--1}   : 0,000
producer-node-metrics:outgoing-byte-rate:{client-id=producer-1, node-id=node-1}    : 171761,733
producer-node-metrics:outgoing-byte-rate:{client-id=producer-1, node-id=node-3}    : 171924,154
producer-node-metrics:outgoing-byte-rate:{client-id=producer-1, node-id=node-6}    : 173481,620
producer-node-metrics:outgoing-byte-total:{client-id=producer-1, node-id=node--1}  : 67,000
producer-node-metrics:outgoing-byte-total:{client-id=producer-1, node-id=node-1}   : 30658157,000
producer-node-metrics:outgoing-byte-total:{client-id=producer-1, node-id=node-3}   : 30824673,000
producer-node-metrics:outgoing-byte-total:{client-id=producer-1, node-id=node-6}   : 30910051,000
producer-node-metrics:request-latency-avg:{client-id=producer-1, node-id=node--1}  : NaN
producer-node-metrics:request-latency-avg:{client-id=producer-1, node-id=node-1}   : NaN
producer-node-metrics:request-latency-avg:{client-id=producer-1, node-id=node-3}   : NaN
producer-node-metrics:request-latency-avg:{client-id=producer-1, node-id=node-6}   : NaN
producer-node-metrics:request-latency-max:{client-id=producer-1, node-id=node--1}  : NaN
producer-node-metrics:request-latency-max:{client-id=producer-1, node-id=node-1}   : NaN
producer-node-metrics:request-latency-max:{client-id=producer-1, node-id=node-3}   : NaN
producer-node-metrics:request-latency-max:{client-id=producer-1, node-id=node-6}   : NaN
producer-node-metrics:request-rate:{client-id=producer-1, node-id=node--1}         : 0,000
producer-node-metrics:request-rate:{client-id=producer-1, node-id=node-1}          : 148,822
producer-node-metrics:request-rate:{client-id=producer-1, node-id=node-3}          : 149,094
producer-node-metrics:request-rate:{client-id=producer-1, node-id=node-6}          : 150,348
producer-node-metrics:request-size-avg:{client-id=producer-1, node-id=node--1}     : NaN
producer-node-metrics:request-size-avg:{client-id=producer-1, node-id=node-1}      : 1153,987
producer-node-metrics:request-size-avg:{client-id=producer-1, node-id=node-3}      : 1152,970
producer-node-metrics:request-size-avg:{client-id=producer-1, node-id=node-6}      : 1153,714
producer-node-metrics:request-size-max:{client-id=producer-1, node-id=node--1}     : NaN
producer-node-metrics:request-size-max:{client-id=producer-1, node-id=node-1}      : 1155,000
producer-node-metrics:request-size-max:{client-id=producer-1, node-id=node-3}      : 1155,000
producer-node-metrics:request-size-max:{client-id=producer-1, node-id=node-6}      : 1155,000
producer-node-metrics:request-total:{client-id=producer-1, node-id=node--1}        : 2,000
producer-node-metrics:request-total:{client-id=producer-1, node-id=node-1}         : 26580,000
producer-node-metrics:request-total:{client-id=producer-1, node-id=node-3}         : 26734,000
producer-node-metrics:request-total:{client-id=producer-1, node-id=node-6}         : 26807,000
producer-node-metrics:response-rate:{client-id=producer-1, node-id=node--1}        : 0,000
producer-node-metrics:response-rate:{client-id=producer-1, node-id=node-1}         : 0,163
producer-node-metrics:response-rate:{client-id=producer-1, node-id=node-3}         : 0,288
producer-node-metrics:response-rate:{client-id=producer-1, node-id=node-6}         : 0,102
producer-node-metrics:response-total:{client-id=producer-1, node-id=node--1}       : 2,000
producer-node-metrics:response-total:{client-id=producer-1, node-id=node-1}        : 33,000
producer-node-metrics:response-total:{client-id=producer-1, node-id=node-3}        : 42,000
producer-node-metrics:response-total:{client-id=producer-1, node-id=node-6}        : 41,000
producer-topic-metrics:byte-rate:{client-id=producer-1, topic=test-topic}          : 482471,369
producer-topic-metrics:byte-total:{client-id=producer-1, topic=test-topic}         : 86045863,000
producer-topic-metrics:compression-rate:{client-id=producer-1, topic=test-topic}   : 1,000
producer-topic-metrics:record-error-rate:{client-id=producer-1, topic=test-topic}  : 0,000
producer-topic-metrics:record-error-total:{client-id=producer-1, topic=test-topic} : 0,000
producer-topic-metrics:record-retry-rate:{client-id=producer-1, topic=test-topic}  : 0,287
producer-topic-metrics:record-retry-total:{client-id=producer-1, topic=test-topic} : 53,000
producer-topic-metrics:record-send-rate:{client-id=producer-1, topic=test-topic}   : 448,828
producer-topic-metrics:record-send-total:{client-id=producer-1, topic=test-topic}  : 80053,000
Produce Time: 172.298
[12:12:00] Ignite node stopped OK [uptime=00:02:49.298]
Aplication time: 173.019
*****Produção finalizada, esperando 180 s para buscar WM*****
Water mark: 960000
