Topic to send: test-topic
Topic to acks: -2
Records: 80000
Size:20000
[15:24:45]    __________  ________________ 
[15:24:45]   /  _/ ___/ |/ /  _/_  __/ __/ 
[15:24:45]  _/ // (7 7    // /  / / / _/   
[15:24:45] /___/\___/_/|_/___/ /_/ /___/  
[15:24:45] 
[15:24:45] ver. 2.7.6#20190911-sha1:21f7ca41
[15:24:45] 2019 Copyright(C) Apache Software Foundation
[15:24:45] 
[15:24:45] Ignite documentation: http://ignite.apache.org
[15:24:45] 
[15:24:45] Quiet mode.
[15:24:45]   ^-- Logging by 'JavaLogger [quiet=true, config=null]'
[15:24:45]   ^-- To see **FULL** console log here add -DIGNITE_QUIET=false or "-v" to ignite.{sh|bat}
[15:24:45] 
[15:24:45] OS: Linux 5.0.0-38-generic amd64
[15:24:45] VM information: OpenJDK Runtime Environment 11.0.5+10-post-Ubuntu-0ubuntu1.119.04 Private Build OpenJDK 64-Bit Server VM 11.0.5+10-post-Ubuntu-0ubuntu1.119.04
[15:24:45] Please set system property '-Djava.net.preferIPv4Stack=true' to avoid possible problems in mixed environments.
[15:24:45] Initial heap size is 126MB (should be no less than 512MB, use -Xms512m -Xmx512m).
[15:24:45] Configured plugins:
[15:24:45]   ^-- None
[15:24:45] 
[15:24:45] Configured failure handler: [hnd=StopNodeOrHaltFailureHandler [tryStop=false, timeout=0, super=AbstractFailureHandler [ignoredFailureTypes=[SYSTEM_WORKER_BLOCKED, SYSTEM_CRITICAL_OPERATION_TIMEOUT]]]]
[15:24:45] Message queue limit is set to 0 which may lead to potential OOMEs when running cache operations in FULL_ASYNC or PRIMARY_SYNC modes due to message queues growth on sender and receiver sides.
[15:24:45] Security status [authentication=off, tls/ssl=off]
[15:24:46] REST protocols do not start on client node. To start the protocols on client node set '-DIGNITE_REST_START_ON_CLIENT=true' system property.
[15:24:48] Performance suggestions for grid  (fix if possible)
[15:24:48] To disable, set -DIGNITE_PERFORMANCE_SUGGESTIONS_DISABLED=true
[15:24:48]   ^-- Switch to the most recent 1.8 JVM version
[15:24:48]   ^-- Specify JVM heap max size (add '-Xmx<size>[g|G|m|M|k|K]' to JVM options)
[15:24:48]   ^-- Set max direct memory size if getting 'OOME: Direct buffer memory' (add '-XX:MaxDirectMemorySize=<size>[g|G|m|M|k|K]' to JVM options)
[15:24:48]   ^-- Disable processing of calls to System.gc() (add '-XX:+DisableExplicitGC' to JVM options)
[15:24:48] Refer to this page for more performance suggestions: https://apacheignite.readme.io/docs/jvm-and-system-tuning
[15:24:48] 
[15:24:48] To start Console Management & Monitoring run ignitevisorcmd.{sh|bat}
[15:24:48] 
[15:24:48] Ignite node started OK (id=5e9ec6a1)
[15:24:48] Topology snapshot [ver=18, locNode=5e9ec6a1, servers=1, clients=1, state=ACTIVE, CPUs=8, offheap=1.5GB, heap=3.9GB]
1418 records sent, 199,1 records/sec (3,80 MB/sec), 5,0 ms avg latency, 3767,0 ms max latency.
1275 records sent, 253,7 records/sec (4,84 MB/sec), 3,9 ms avg latency, 113,0 ms max latency.
1300 records sent, 258,2 records/sec (4,92 MB/sec), 3,8 ms avg latency, 94,0 ms max latency.
1275 records sent, 253,8 records/sec (4,84 MB/sec), 3,9 ms avg latency, 101,0 ms max latency.
1305 records sent, 261,0 records/sec (4,98 MB/sec), 3,8 ms avg latency, 91,0 ms max latency.
1320 records sent, 259,7 records/sec (4,95 MB/sec), 3,8 ms avg latency, 92,0 ms max latency.
1275 records sent, 252,2 records/sec (4,81 MB/sec), 3,9 ms avg latency, 119,0 ms max latency.
1325 records sent, 262,9 records/sec (5,01 MB/sec), 3,8 ms avg latency, 93,0 ms max latency.
1325 records sent, 263,5 records/sec (5,03 MB/sec), 3,8 ms avg latency, 94,0 ms max latency.
1325 records sent, 263,6 records/sec (5,03 MB/sec), 3,8 ms avg latency, 98,0 ms max latency.
1325 records sent, 264,9 records/sec (5,05 MB/sec), 3,8 ms avg latency, 94,0 ms max latency.
1346 records sent, 269,1 records/sec (5,13 MB/sec), 3,7 ms avg latency, 104,0 ms max latency.
1304 records sent, 258,9 records/sec (4,94 MB/sec), 3,9 ms avg latency, 90,0 ms max latency.
1325 records sent, 262,2 records/sec (5,00 MB/sec), 3,8 ms avg latency, 98,0 ms max latency.
1350 records sent, 266,4 records/sec (5,08 MB/sec), 3,7 ms avg latency, 95,0 ms max latency.
1350 records sent, 266,5 records/sec (5,08 MB/sec), 3,7 ms avg latency, 91,0 ms max latency.
1350 records sent, 266,4 records/sec (5,08 MB/sec), 3,7 ms avg latency, 91,0 ms max latency.
1350 records sent, 265,6 records/sec (5,07 MB/sec), 3,8 ms avg latency, 90,0 ms max latency.
1350 records sent, 267,0 records/sec (5,09 MB/sec), 3,7 ms avg latency, 91,0 ms max latency.
1350 records sent, 266,3 records/sec (5,08 MB/sec), 3,7 ms avg latency, 90,0 ms max latency.
1350 records sent, 266,0 records/sec (5,07 MB/sec), 3,7 ms avg latency, 91,0 ms max latency.
1325 records sent, 264,0 records/sec (5,04 MB/sec), 3,8 ms avg latency, 91,0 ms max latency.
1350 records sent, 266,6 records/sec (5,08 MB/sec), 3,7 ms avg latency, 90,0 ms max latency.
1350 records sent, 266,6 records/sec (5,08 MB/sec), 3,7 ms avg latency, 91,0 ms max latency.
1350 records sent, 266,1 records/sec (5,07 MB/sec), 3,7 ms avg latency, 92,0 ms max latency.
1350 records sent, 266,4 records/sec (5,08 MB/sec), 3,7 ms avg latency, 91,0 ms max latency.
1350 records sent, 266,7 records/sec (5,09 MB/sec), 3,7 ms avg latency, 90,0 ms max latency.
1350 records sent, 266,6 records/sec (5,08 MB/sec), 3,7 ms avg latency, 90,0 ms max latency.
1350 records sent, 267,3 records/sec (5,10 MB/sec), 3,7 ms avg latency, 91,0 ms max latency.
1350 records sent, 267,8 records/sec (5,11 MB/sec), 3,7 ms avg latency, 90,0 ms max latency.
1350 records sent, 267,2 records/sec (5,10 MB/sec), 3,7 ms avg latency, 90,0 ms max latency.
1250 records sent, 249,7 records/sec (4,76 MB/sec), 4,0 ms avg latency, 218,0 ms max latency.
1350 records sent, 268,2 records/sec (5,12 MB/sec), 3,7 ms avg latency, 90,0 ms max latency.
1350 records sent, 267,6 records/sec (5,10 MB/sec), 3,7 ms avg latency, 90,0 ms max latency.
1350 records sent, 266,6 records/sec (5,08 MB/sec), 3,7 ms avg latency, 92,0 ms max latency.
1350 records sent, 266,5 records/sec (5,08 MB/sec), 3,7 ms avg latency, 90,0 ms max latency.
1350 records sent, 267,6 records/sec (5,10 MB/sec), 3,7 ms avg latency, 92,0 ms max latency.
1350 records sent, 267,2 records/sec (5,10 MB/sec), 3,7 ms avg latency, 90,0 ms max latency.
1350 records sent, 266,9 records/sec (5,09 MB/sec), 3,7 ms avg latency, 90,0 ms max latency.
1350 records sent, 267,1 records/sec (5,09 MB/sec), 3,7 ms avg latency, 91,0 ms max latency.
1350 records sent, 266,8 records/sec (5,09 MB/sec), 3,7 ms avg latency, 90,0 ms max latency.
1300 records sent, 259,1 records/sec (4,94 MB/sec), 3,8 ms avg latency, 90,0 ms max latency.
1350 records sent, 267,2 records/sec (5,10 MB/sec), 3,7 ms avg latency, 90,0 ms max latency.
1350 records sent, 266,9 records/sec (5,09 MB/sec), 3,7 ms avg latency, 95,0 ms max latency.
1350 records sent, 267,5 records/sec (5,10 MB/sec), 3,7 ms avg latency, 90,0 ms max latency.
1347 records sent, 269,2 records/sec (5,13 MB/sec), 3,7 ms avg latency, 91,0 ms max latency.
1328 records sent, 263,9 records/sec (5,03 MB/sec), 3,8 ms avg latency, 91,0 ms max latency.
1350 records sent, 266,9 records/sec (5,09 MB/sec), 3,7 ms avg latency, 91,0 ms max latency.
1350 records sent, 266,9 records/sec (5,09 MB/sec), 3,7 ms avg latency, 92,0 ms max latency.
1350 records sent, 267,6 records/sec (5,10 MB/sec), 3,7 ms avg latency, 90,0 ms max latency.
1350 records sent, 266,9 records/sec (5,09 MB/sec), 3,7 ms avg latency, 90,0 ms max latency.
1350 records sent, 266,5 records/sec (5,08 MB/sec), 3,7 ms avg latency, 91,0 ms max latency.
1300 records sent, 257,8 records/sec (4,92 MB/sec), 3,9 ms avg latency, 255,0 ms max latency.
1350 records sent, 267,5 records/sec (5,10 MB/sec), 3,7 ms avg latency, 92,0 ms max latency.
1350 records sent, 266,5 records/sec (5,08 MB/sec), 3,7 ms avg latency, 102,0 ms max latency.
1250 records sent, 246,0 records/sec (4,69 MB/sec), 4,1 ms avg latency, 172,0 ms max latency.
1350 records sent, 267,4 records/sec (5,10 MB/sec), 3,7 ms avg latency, 94,0 ms max latency.
1350 records sent, 267,3 records/sec (5,10 MB/sec), 3,7 ms avg latency, 93,0 ms max latency.
1350 records sent, 267,5 records/sec (5,10 MB/sec), 3,7 ms avg latency, 93,0 ms max latency.
80000 records sent, 262,863038 records/sec (5,01 MB/sec), 3,79 ms avg latency, 3767,00 ms max latency, 0 ms 50th, 7 ms 95th, 89 ms 99th, 91 ms 99.9th.

Metric Name                                                                          Value
app-info:commit-id:{client-id=producer-1}                                          : d4284cbebb6f0a4c
app-info:start-time-ms:{client-id=producer-1}                                      : 1590431085088
app-info:version:{client-id=producer-1}                                            : 2.3.1
kafka-metrics-count:count:{client-id=producer-1}                                   : 126,000
producer-metrics:batch-size-avg:{client-id=producer-1}                             : 20077,000
producer-metrics:batch-size-max:{client-id=producer-1}                             : 20077,000
producer-metrics:batch-split-rate:{client-id=producer-1}                           : 0,000
producer-metrics:batch-split-total:{client-id=producer-1}                          : 0,000
producer-metrics:buffer-available-bytes:{client-id=producer-1}                     : 33554432,000
producer-metrics:buffer-exhausted-rate:{client-id=producer-1}                      : 0,000
producer-metrics:buffer-exhausted-total:{client-id=producer-1}                     : 0,000
producer-metrics:buffer-total-bytes:{client-id=producer-1}                         : 33554432,000
producer-metrics:bufferpool-wait-ratio:{client-id=producer-1}                      : 0,000
producer-metrics:bufferpool-wait-time-total:{client-id=producer-1}                 : 0,000
producer-metrics:compression-rate-avg:{client-id=producer-1}                       : 1,000
producer-metrics:connection-close-rate:{client-id=producer-1}                      : 0,000
producer-metrics:connection-close-total:{client-id=producer-1}                     : 0,000
producer-metrics:connection-count:{client-id=producer-1}                           : 4,000
producer-metrics:connection-creation-rate:{client-id=producer-1}                   : 0,000
producer-metrics:connection-creation-total:{client-id=producer-1}                  : 4,000
producer-metrics:failed-authentication-rate:{client-id=producer-1}                 : 0,000
producer-metrics:failed-authentication-total:{client-id=producer-1}                : 0,000
producer-metrics:failed-reauthentication-rate:{client-id=producer-1}               : 0,000
producer-metrics:failed-reauthentication-total:{client-id=producer-1}              : 0,000
producer-metrics:incoming-byte-rate:{client-id=producer-1}                         : 8,363
producer-metrics:incoming-byte-total:{client-id=producer-1}                        : 1746,000
producer-metrics:io-ratio:{client-id=producer-1}                                   : 0,008
producer-metrics:io-time-ns-avg:{client-id=producer-1}                             : 15849,008
producer-metrics:io-wait-ratio:{client-id=producer-1}                              : 0,972
producer-metrics:io-wait-time-ns-avg:{client-id=producer-1}                        : 1827545,671
producer-metrics:io-waittime-total:{client-id=producer-1}                          : 293001813755,000
producer-metrics:iotime-total:{client-id=producer-1}                               : 2719979438,000
producer-metrics:metadata-age:{client-id=producer-1}                               : 4,079
producer-metrics:network-io-rate:{client-id=producer-1}                            : 263,930
producer-metrics:network-io-total:{client-id=producer-1}                           : 80012,000
producer-metrics:outgoing-byte-rate:{client-id=producer-1}                         : 5320412,427
producer-metrics:outgoing-byte-total:{client-id=producer-1}                        : 1612549072,000
producer-metrics:produce-throttle-time-avg:{client-id=producer-1}                  : 0,000
producer-metrics:produce-throttle-time-max:{client-id=producer-1}                  : 0,000
producer-metrics:reauthentication-latency-avg:{client-id=producer-1}               : NaN
producer-metrics:reauthentication-latency-max:{client-id=producer-1}               : NaN
producer-metrics:record-error-rate:{client-id=producer-1}                          : 0,000
producer-metrics:record-error-total:{client-id=producer-1}                         : 0,000
producer-metrics:record-queue-time-avg:{client-id=producer-1}                      : 0,024
producer-metrics:record-queue-time-max:{client-id=producer-1}                      : 2,000
producer-metrics:record-retry-rate:{client-id=producer-1}                          : 0,000
producer-metrics:record-retry-total:{client-id=producer-1}                         : 0,000
producer-metrics:record-send-rate:{client-id=producer-1}                           : 263,914
producer-metrics:record-send-total:{client-id=producer-1}                          : 80000,000
producer-metrics:record-size-avg:{client-id=producer-1}                            : 20092,000
producer-metrics:record-size-max:{client-id=producer-1}                            : 20092,000
producer-metrics:records-per-request-avg:{client-id=producer-1}                    : 1,000
producer-metrics:request-latency-avg:{client-id=producer-1}                        : NaN
producer-metrics:request-latency-max:{client-id=producer-1}                        : NaN
producer-metrics:request-rate:{client-id=producer-1}                               : 263,900
producer-metrics:request-size-avg:{client-id=producer-1}                           : 20154,742
producer-metrics:request-size-max:{client-id=producer-1}                           : 20157,000
producer-metrics:request-total:{client-id=producer-1}                              : 80006,000
producer-metrics:requests-in-flight:{client-id=producer-1}                         : 0,000
producer-metrics:response-rate:{client-id=producer-1}                              : 0,029
producer-metrics:response-total:{client-id=producer-1}                             : 6,000
producer-metrics:select-rate:{client-id=producer-1}                                : 531,625
producer-metrics:select-total:{client-id=producer-1}                               : 156092,000
producer-metrics:successful-authentication-no-reauth-total:{client-id=producer-1}  : 0,000
producer-metrics:successful-authentication-rate:{client-id=producer-1}             : 0,000
producer-metrics:successful-authentication-total:{client-id=producer-1}            : 0,000
producer-metrics:successful-reauthentication-rate:{client-id=producer-1}           : 0,000
producer-metrics:successful-reauthentication-total:{client-id=producer-1}          : 0,000
producer-metrics:waiting-threads:{client-id=producer-1}                            : 0,000
producer-node-metrics:incoming-byte-rate:{client-id=producer-1, node-id=node--3}   : 0,000
producer-node-metrics:incoming-byte-rate:{client-id=producer-1, node-id=node-1}    : 8,363
producer-node-metrics:incoming-byte-rate:{client-id=producer-1, node-id=node-3}    : 0,000
producer-node-metrics:incoming-byte-rate:{client-id=producer-1, node-id=node-6}    : 0,000
producer-node-metrics:incoming-byte-total:{client-id=producer-1, node-id=node--3}  : 579,000
producer-node-metrics:incoming-byte-total:{client-id=producer-1, node-id=node-1}   : 579,000
producer-node-metrics:incoming-byte-total:{client-id=producer-1, node-id=node-3}   : 294,000
producer-node-metrics:incoming-byte-total:{client-id=producer-1, node-id=node-6}   : 294,000
producer-node-metrics:outgoing-byte-rate:{client-id=producer-1, node-id=node--3}   : 0,000
producer-node-metrics:outgoing-byte-rate:{client-id=producer-1, node-id=node-1}    : 1785502,011
producer-node-metrics:outgoing-byte-rate:{client-id=producer-1, node-id=node-3}    : 1748265,262
producer-node-metrics:outgoing-byte-rate:{client-id=producer-1, node-id=node-6}    : 1786101,302
producer-node-metrics:outgoing-byte-total:{client-id=producer-1, node-id=node--3}  : 67,000
producer-node-metrics:outgoing-byte-total:{client-id=producer-1, node-id=node-1}   : 539478196,000
producer-node-metrics:outgoing-byte-total:{client-id=producer-1, node-id=node-3}   : 535084149,000
producer-node-metrics:outgoing-byte-total:{client-id=producer-1, node-id=node-6}   : 537986660,000
producer-node-metrics:request-latency-avg:{client-id=producer-1, node-id=node--3}  : NaN
producer-node-metrics:request-latency-avg:{client-id=producer-1, node-id=node-1}   : NaN
producer-node-metrics:request-latency-avg:{client-id=producer-1, node-id=node-3}   : NaN
producer-node-metrics:request-latency-avg:{client-id=producer-1, node-id=node-6}   : NaN
producer-node-metrics:request-latency-max:{client-id=producer-1, node-id=node--3}  : NaN
producer-node-metrics:request-latency-max:{client-id=producer-1, node-id=node-1}   : NaN
producer-node-metrics:request-latency-max:{client-id=producer-1, node-id=node-3}   : NaN
producer-node-metrics:request-latency-max:{client-id=producer-1, node-id=node-6}   : NaN
producer-node-metrics:request-rate:{client-id=producer-1, node-id=node--3}         : 0,000
producer-node-metrics:request-rate:{client-id=producer-1, node-id=node-1}          : 88,588
producer-node-metrics:request-rate:{client-id=producer-1, node-id=node-3}          : 86,709
producer-node-metrics:request-rate:{client-id=producer-1, node-id=node-6}          : 88,586
producer-node-metrics:request-size-avg:{client-id=producer-1, node-id=node--3}     : NaN
producer-node-metrics:request-size-avg:{client-id=producer-1, node-id=node-1}      : 20150,237
producer-node-metrics:request-size-avg:{client-id=producer-1, node-id=node-3}      : 20157,000
producer-node-metrics:request-size-avg:{client-id=producer-1, node-id=node-6}      : 20157,000
producer-node-metrics:request-size-max:{client-id=producer-1, node-id=node--3}     : NaN
producer-node-metrics:request-size-max:{client-id=producer-1, node-id=node-1}      : 20157,000
producer-node-metrics:request-size-max:{client-id=producer-1, node-id=node-3}      : 20157,000
producer-node-metrics:request-size-max:{client-id=producer-1, node-id=node-6}      : 20157,000
producer-node-metrics:request-total:{client-id=producer-1, node-id=node--3}        : 2,000
producer-node-metrics:request-total:{client-id=producer-1, node-id=node-1}         : 26766,000
producer-node-metrics:request-total:{client-id=producer-1, node-id=node-3}         : 26547,000
producer-node-metrics:request-total:{client-id=producer-1, node-id=node-6}         : 26691,000
producer-node-metrics:response-rate:{client-id=producer-1, node-id=node--3}        : 0,000
producer-node-metrics:response-rate:{client-id=producer-1, node-id=node-1}         : 0,029
producer-node-metrics:response-rate:{client-id=producer-1, node-id=node-3}         : 0,000
producer-node-metrics:response-rate:{client-id=producer-1, node-id=node-6}         : 0,000
producer-node-metrics:response-total:{client-id=producer-1, node-id=node--3}       : 2,000
producer-node-metrics:response-total:{client-id=producer-1, node-id=node-1}        : 2,000
producer-node-metrics:response-total:{client-id=producer-1, node-id=node-3}        : 1,000
producer-node-metrics:response-total:{client-id=producer-1, node-id=node-6}        : 1,000
producer-topic-metrics:byte-rate:{client-id=producer-1, topic=test-topic}          : 5297490,870
producer-topic-metrics:byte-total:{client-id=producer-1, topic=test-topic}         : 1606148890,000
producer-topic-metrics:compression-rate:{client-id=producer-1, topic=test-topic}   : 1,000
producer-topic-metrics:record-error-rate:{client-id=producer-1, topic=test-topic}  : 0,000
producer-topic-metrics:record-error-total:{client-id=producer-1, topic=test-topic} : 0,000
producer-topic-metrics:record-retry-rate:{client-id=producer-1, topic=test-topic}  : 0,000
producer-topic-metrics:record-retry-total:{client-id=producer-1, topic=test-topic} : 0,000
producer-topic-metrics:record-send-rate:{client-id=producer-1, topic=test-topic}   : 263,914
producer-topic-metrics:record-send-total:{client-id=producer-1, topic=test-topic}  : 80000,000
Produce Time: 304.339
[15:29:49] Ignite node stopped OK [uptime=00:05:01.206]
Aplication time: 305.167
