Topic to send: test-topic
Topic to acks: -2
Records: 80000
Size:30000
[16:43:06]    __________  ________________ 
[16:43:06]   /  _/ ___/ |/ /  _/_  __/ __/ 
[16:43:06]  _/ // (7 7    // /  / / / _/   
[16:43:06] /___/\___/_/|_/___/ /_/ /___/  
[16:43:06] 
[16:43:06] ver. 2.7.6#20190911-sha1:21f7ca41
[16:43:06] 2019 Copyright(C) Apache Software Foundation
[16:43:06] 
[16:43:06] Ignite documentation: http://ignite.apache.org
[16:43:06] 
[16:43:06] Quiet mode.
[16:43:06]   ^-- Logging by 'JavaLogger [quiet=true, config=null]'
[16:43:06]   ^-- To see **FULL** console log here add -DIGNITE_QUIET=false or "-v" to ignite.{sh|bat}
[16:43:06] 
[16:43:06] OS: Linux 5.0.0-38-generic amd64
[16:43:06] VM information: OpenJDK Runtime Environment 11.0.5+10-post-Ubuntu-0ubuntu1.119.04 Private Build OpenJDK 64-Bit Server VM 11.0.5+10-post-Ubuntu-0ubuntu1.119.04
[16:43:06] Please set system property '-Djava.net.preferIPv4Stack=true' to avoid possible problems in mixed environments.
[16:43:06] Initial heap size is 126MB (should be no less than 512MB, use -Xms512m -Xmx512m).
[16:43:06] Configured plugins:
[16:43:06]   ^-- None
[16:43:06] 
[16:43:06] Configured failure handler: [hnd=StopNodeOrHaltFailureHandler [tryStop=false, timeout=0, super=AbstractFailureHandler [ignoredFailureTypes=[SYSTEM_WORKER_BLOCKED, SYSTEM_CRITICAL_OPERATION_TIMEOUT]]]]
[16:43:06] Message queue limit is set to 0 which may lead to potential OOMEs when running cache operations in FULL_ASYNC or PRIMARY_SYNC modes due to message queues growth on sender and receiver sides.
[16:43:07] Security status [authentication=off, tls/ssl=off]
[16:43:07] REST protocols do not start on client node. To start the protocols on client node set '-DIGNITE_REST_START_ON_CLIENT=true' system property.
[16:43:09] Performance suggestions for grid  (fix if possible)
[16:43:09] To disable, set -DIGNITE_PERFORMANCE_SUGGESTIONS_DISABLED=true
[16:43:09]   ^-- Switch to the most recent 1.8 JVM version
[16:43:09]   ^-- Specify JVM heap max size (add '-Xmx<size>[g|G|m|M|k|K]' to JVM options)
[16:43:09]   ^-- Set max direct memory size if getting 'OOME: Direct buffer memory' (add '-XX:MaxDirectMemorySize=<size>[g|G|m|M|k|K]' to JVM options)
[16:43:09]   ^-- Disable processing of calls to System.gc() (add '-XX:+DisableExplicitGC' to JVM options)
[16:43:09] Refer to this page for more performance suggestions: https://apacheignite.readme.io/docs/jvm-and-system-tuning
[16:43:09] 
[16:43:09] To start Console Management & Monitoring run ignitevisorcmd.{sh|bat}
[16:43:09] 
[16:43:09] Ignite node started OK (id=c369a8fa)
[16:43:09] Topology snapshot [ver=62, locNode=c369a8fa, servers=1, clients=1, state=ACTIVE, CPUs=8, offheap=1.5GB, heap=3.9GB]
1033 records sent, 146,3 records/sec (4,19 MB/sec), 6,8 ms avg latency, 3750,0 ms max latency.
875 records sent, 173,6 records/sec (4,97 MB/sec), 5,7 ms avg latency, 124,0 ms max latency.
875 records sent, 171,7 records/sec (4,91 MB/sec), 5,8 ms avg latency, 128,0 ms max latency.
900 records sent, 176,8 records/sec (5,06 MB/sec), 5,6 ms avg latency, 122,0 ms max latency.
900 records sent, 179,3 records/sec (5,13 MB/sec), 5,6 ms avg latency, 121,0 ms max latency.
900 records sent, 178,4 records/sec (5,10 MB/sec), 5,6 ms avg latency, 121,0 ms max latency.
719 records sent, 143,8 records/sec (4,11 MB/sec), 6,9 ms avg latency, 816,0 ms max latency.
906 records sent, 177,9 records/sec (5,09 MB/sec), 5,6 ms avg latency, 116,0 ms max latency.
919 records sent, 183,5 records/sec (5,25 MB/sec), 5,4 ms avg latency, 119,0 ms max latency.
881 records sent, 172,7 records/sec (4,94 MB/sec), 5,8 ms avg latency, 115,0 ms max latency.
900 records sent, 180,0 records/sec (5,15 MB/sec), 5,5 ms avg latency, 116,0 ms max latency.
922 records sent, 184,4 records/sec (5,28 MB/sec), 5,4 ms avg latency, 115,0 ms max latency.
846 records sent, 168,3 records/sec (4,81 MB/sec), 5,9 ms avg latency, 122,0 ms max latency.
707 records sent, 141,3 records/sec (4,04 MB/sec), 7,1 ms avg latency, 427,0 ms max latency.
924 records sent, 184,6 records/sec (5,28 MB/sec), 5,4 ms avg latency, 120,0 ms max latency.
901 records sent, 177,6 records/sec (5,08 MB/sec), 5,6 ms avg latency, 124,0 ms max latency.
900 records sent, 177,0 records/sec (5,06 MB/sec), 5,6 ms avg latency, 113,0 ms max latency.
808 records sent, 161,4 records/sec (4,62 MB/sec), 6,2 ms avg latency, 117,0 ms max latency.
842 records sent, 168,0 records/sec (4,81 MB/sec), 5,9 ms avg latency, 162,0 ms max latency.
820 records sent, 164,0 records/sec (4,69 MB/sec), 6,1 ms avg latency, 477,0 ms max latency.
780 records sent, 154,5 records/sec (4,42 MB/sec), 6,5 ms avg latency, 114,0 ms max latency.
919 records sent, 183,7 records/sec (5,26 MB/sec), 5,4 ms avg latency, 130,0 ms max latency.
876 records sent, 174,9 records/sec (5,00 MB/sec), 5,7 ms avg latency, 118,0 ms max latency.
905 records sent, 177,8 records/sec (5,09 MB/sec), 5,6 ms avg latency, 116,0 ms max latency.
850 records sent, 167,3 records/sec (4,79 MB/sec), 6,0 ms avg latency, 320,0 ms max latency.
819 records sent, 163,7 records/sec (4,68 MB/sec), 6,1 ms avg latency, 392,0 ms max latency.
906 records sent, 179,0 records/sec (5,12 MB/sec), 5,6 ms avg latency, 119,0 ms max latency.
818 records sent, 163,4 records/sec (4,68 MB/sec), 6,1 ms avg latency, 114,0 ms max latency.
907 records sent, 178,3 records/sec (5,10 MB/sec), 5,6 ms avg latency, 113,0 ms max latency.
875 records sent, 174,9 records/sec (5,00 MB/sec), 5,7 ms avg latency, 113,0 ms max latency.
800 records sent, 159,6 records/sec (4,57 MB/sec), 6,3 ms avg latency, 396,0 ms max latency.
899 records sent, 179,6 records/sec (5,14 MB/sec), 5,5 ms avg latency, 115,0 ms max latency.
901 records sent, 177,5 records/sec (5,08 MB/sec), 5,6 ms avg latency, 117,0 ms max latency.
888 records sent, 177,6 records/sec (5,08 MB/sec), 5,6 ms avg latency, 116,0 ms max latency.
812 records sent, 161,1 records/sec (4,61 MB/sec), 6,2 ms avg latency, 118,0 ms max latency.
925 records sent, 181,7 records/sec (5,20 MB/sec), 5,5 ms avg latency, 118,0 ms max latency.
850 records sent, 157,3 records/sec (4,50 MB/sec), 6,4 ms avg latency, 598,0 ms max latency.
915 records sent, 182,9 records/sec (5,23 MB/sec), 5,5 ms avg latency, 119,0 ms max latency.
910 records sent, 179,2 records/sec (5,13 MB/sec), 5,6 ms avg latency, 118,0 ms max latency.
854 records sent, 170,8 records/sec (4,89 MB/sec), 5,8 ms avg latency, 312,0 ms max latency.
870 records sent, 173,2 records/sec (4,96 MB/sec), 5,8 ms avg latency, 121,0 ms max latency.
898 records sent, 179,5 records/sec (5,13 MB/sec), 5,6 ms avg latency, 118,0 ms max latency.
903 records sent, 178,2 records/sec (5,10 MB/sec), 5,6 ms avg latency, 118,0 ms max latency.
845 records sent, 169,0 records/sec (4,84 MB/sec), 5,9 ms avg latency, 173,0 ms max latency.
880 records sent, 173,1 records/sec (4,95 MB/sec), 5,8 ms avg latency, 120,0 ms max latency.
925 records sent, 181,4 records/sec (5,19 MB/sec), 5,5 ms avg latency, 117,0 ms max latency.
875 records sent, 174,6 records/sec (5,00 MB/sec), 5,7 ms avg latency, 152,0 ms max latency.
800 records sent, 159,0 records/sec (4,55 MB/sec), 6,3 ms avg latency, 114,0 ms max latency.
925 records sent, 181,6 records/sec (5,20 MB/sec), 5,5 ms avg latency, 118,0 ms max latency.
875 records sent, 173,6 records/sec (4,97 MB/sec), 5,7 ms avg latency, 194,0 ms max latency.
850 records sent, 168,9 records/sec (4,83 MB/sec), 5,9 ms avg latency, 143,0 ms max latency.
925 records sent, 182,1 records/sec (5,21 MB/sec), 5,5 ms avg latency, 113,0 ms max latency.
899 records sent, 179,5 records/sec (5,14 MB/sec), 5,6 ms avg latency, 113,0 ms max latency.
901 records sent, 179,0 records/sec (5,12 MB/sec), 5,6 ms avg latency, 119,0 ms max latency.
800 records sent, 157,0 records/sec (4,49 MB/sec), 6,4 ms avg latency, 115,0 ms max latency.
875 records sent, 175,0 records/sec (5,01 MB/sec), 5,7 ms avg latency, 119,0 ms max latency.
850 records sent, 168,5 records/sec (4,82 MB/sec), 5,9 ms avg latency, 118,0 ms max latency.
900 records sent, 178,4 records/sec (5,10 MB/sec), 5,6 ms avg latency, 115,0 ms max latency.
875 records sent, 174,8 records/sec (5,00 MB/sec), 5,7 ms avg latency, 124,0 ms max latency.
925 records sent, 181,5 records/sec (5,19 MB/sec), 5,5 ms avg latency, 119,0 ms max latency.
924 records sent, 184,8 records/sec (5,29 MB/sec), 5,4 ms avg latency, 118,0 ms max latency.
751 records sent, 147,0 records/sec (4,21 MB/sec), 6,8 ms avg latency, 219,0 ms max latency.
875 records sent, 174,7 records/sec (5,00 MB/sec), 5,7 ms avg latency, 159,0 ms max latency.
870 records sent, 174,0 records/sec (4,98 MB/sec), 5,7 ms avg latency, 121,0 ms max latency.
855 records sent, 168,8 records/sec (4,83 MB/sec), 5,9 ms avg latency, 238,0 ms max latency.
917 records sent, 183,2 records/sec (5,24 MB/sec), 5,4 ms avg latency, 118,0 ms max latency.
908 records sent, 179,0 records/sec (5,12 MB/sec), 5,6 ms avg latency, 118,0 ms max latency.
866 records sent, 172,9 records/sec (4,95 MB/sec), 5,8 ms avg latency, 142,0 ms max latency.
759 records sent, 150,7 records/sec (4,31 MB/sec), 6,6 ms avg latency, 123,0 ms max latency.
925 records sent, 181,7 records/sec (5,20 MB/sec), 5,5 ms avg latency, 120,0 ms max latency.
850 records sent, 169,6 records/sec (4,85 MB/sec), 5,9 ms avg latency, 118,0 ms max latency.
875 records sent, 174,6 records/sec (4,99 MB/sec), 5,7 ms avg latency, 302,0 ms max latency.
816 records sent, 163,1 records/sec (4,67 MB/sec), 6,1 ms avg latency, 401,0 ms max latency.
884 records sent, 173,6 records/sec (4,97 MB/sec), 5,7 ms avg latency, 117,0 ms max latency.
845 records sent, 166,6 records/sec (4,77 MB/sec), 6,0 ms avg latency, 113,0 ms max latency.
887 records sent, 177,4 records/sec (5,08 MB/sec), 5,6 ms avg latency, 119,0 ms max latency.
868 records sent, 171,0 records/sec (4,89 MB/sec), 5,8 ms avg latency, 136,0 ms max latency.
875 records sent, 172,5 records/sec (4,94 MB/sec), 5,8 ms avg latency, 115,0 ms max latency.
925 records sent, 181,6 records/sec (5,20 MB/sec), 5,5 ms avg latency, 119,0 ms max latency.
900 records sent, 178,0 records/sec (5,09 MB/sec), 5,6 ms avg latency, 118,0 ms max latency.
875 records sent, 173,3 records/sec (4,96 MB/sec), 5,7 ms avg latency, 215,0 ms max latency.
838 records sent, 167,6 records/sec (4,79 MB/sec), 6,0 ms avg latency, 118,0 ms max latency.
862 records sent, 171,5 records/sec (4,91 MB/sec), 5,8 ms avg latency, 208,0 ms max latency.
912 records sent, 182,1 records/sec (5,21 MB/sec), 5,5 ms avg latency, 114,0 ms max latency.
863 records sent, 172,1 records/sec (4,92 MB/sec), 5,8 ms avg latency, 113,0 ms max latency.
875 records sent, 174,1 records/sec (4,98 MB/sec), 5,7 ms avg latency, 181,0 ms max latency.
875 records sent, 174,9 records/sec (5,00 MB/sec), 5,7 ms avg latency, 145,0 ms max latency.
925 records sent, 181,4 records/sec (5,19 MB/sec), 5,5 ms avg latency, 117,0 ms max latency.
750 records sent, 149,9 records/sec (4,29 MB/sec), 6,7 ms avg latency, 116,0 ms max latency.
924 records sent, 184,5 records/sec (5,28 MB/sec), 5,4 ms avg latency, 118,0 ms max latency.
866 records sent, 172,3 records/sec (4,93 MB/sec), 5,8 ms avg latency, 116,0 ms max latency.
80000 records sent, 172,339509 records/sec (4,93 MB/sec), 5,79 ms avg latency, 3750,00 ms max latency, 0 ms 50th, 13 ms 95th, 109 ms 99th, 118 ms 99.9th.

Metric Name                                                                          Value
app-info:commit-id:{client-id=producer-1}                                          : d4284cbebb6f0a4c
app-info:start-time-ms:{client-id=producer-1}                                      : 1590522186189
app-info:version:{client-id=producer-1}                                            : 2.3.1
kafka-metrics-count:count:{client-id=producer-1}                                   : 126,000
producer-metrics:batch-size-avg:{client-id=producer-1}                             : 30077,000
producer-metrics:batch-size-max:{client-id=producer-1}                             : 30077,000
producer-metrics:batch-split-rate:{client-id=producer-1}                           : 0,000
producer-metrics:batch-split-total:{client-id=producer-1}                          : 0,000
producer-metrics:buffer-available-bytes:{client-id=producer-1}                     : 33554432,000
producer-metrics:buffer-exhausted-rate:{client-id=producer-1}                      : 0,000
producer-metrics:buffer-exhausted-total:{client-id=producer-1}                     : 0,000
producer-metrics:buffer-total-bytes:{client-id=producer-1}                         : 33554432,000
producer-metrics:bufferpool-wait-ratio:{client-id=producer-1}                      : 0,000
producer-metrics:bufferpool-wait-time-total:{client-id=producer-1}                 : 0,000
producer-metrics:compression-rate-avg:{client-id=producer-1}                       : 1,000
producer-metrics:connection-close-rate:{client-id=producer-1}                      : 0,000
producer-metrics:connection-close-total:{client-id=producer-1}                     : 0,000
producer-metrics:connection-count:{client-id=producer-1}                           : 4,000
producer-metrics:connection-creation-rate:{client-id=producer-1}                   : 0,000
producer-metrics:connection-creation-total:{client-id=producer-1}                  : 4,000
producer-metrics:failed-authentication-rate:{client-id=producer-1}                 : 0,000
producer-metrics:failed-authentication-total:{client-id=producer-1}                : 0,000
producer-metrics:failed-reauthentication-rate:{client-id=producer-1}               : 0,000
producer-metrics:failed-reauthentication-total:{client-id=producer-1}              : 0,000
producer-metrics:incoming-byte-rate:{client-id=producer-1}                         : 0,000
producer-metrics:incoming-byte-total:{client-id=producer-1}                        : 1746,000
producer-metrics:io-ratio:{client-id=producer-1}                                   : 0,007
producer-metrics:io-time-ns-avg:{client-id=producer-1}                             : 18391,758
producer-metrics:io-wait-ratio:{client-id=producer-1}                              : 0,975
producer-metrics:io-wait-time-ns-avg:{client-id=producer-1}                        : 2722172,443
producer-metrics:io-waittime-total:{client-id=producer-1}                          : 449927568570,000
producer-metrics:iotime-total:{client-id=producer-1}                               : 3274828565,000
producer-metrics:metadata-age:{client-id=producer-1}                               : 163,905
producer-metrics:network-io-rate:{client-id=producer-1}                            : 174,338
producer-metrics:network-io-total:{client-id=producer-1}                           : 80012,000
producer-metrics:outgoing-byte-rate:{client-id=producer-1}                         : 5258229,103
producer-metrics:outgoing-byte-total:{client-id=producer-1}                        : 2412549072,000
producer-metrics:produce-throttle-time-avg:{client-id=producer-1}                  : NaN
producer-metrics:produce-throttle-time-max:{client-id=producer-1}                  : NaN
producer-metrics:reauthentication-latency-avg:{client-id=producer-1}               : NaN
producer-metrics:reauthentication-latency-max:{client-id=producer-1}               : NaN
producer-metrics:record-error-rate:{client-id=producer-1}                          : 0,000
producer-metrics:record-error-total:{client-id=producer-1}                         : 0,000
producer-metrics:record-queue-time-avg:{client-id=producer-1}                      : 0,025
producer-metrics:record-queue-time-max:{client-id=producer-1}                      : 1,000
producer-metrics:record-retry-rate:{client-id=producer-1}                          : 0,000
producer-metrics:record-retry-total:{client-id=producer-1}                         : 0,000
producer-metrics:record-send-rate:{client-id=producer-1}                           : 174,324
producer-metrics:record-send-total:{client-id=producer-1}                          : 80000,000
producer-metrics:record-size-avg:{client-id=producer-1}                            : 30092,000
producer-metrics:record-size-max:{client-id=producer-1}                            : 30092,000
producer-metrics:records-per-request-avg:{client-id=producer-1}                    : 1,000
producer-metrics:request-latency-avg:{client-id=producer-1}                        : NaN
producer-metrics:request-latency-max:{client-id=producer-1}                        : NaN
producer-metrics:request-rate:{client-id=producer-1}                               : 174,342
producer-metrics:request-size-avg:{client-id=producer-1}                           : 30157,000
producer-metrics:request-size-max:{client-id=producer-1}                           : 30157,000
producer-metrics:request-total:{client-id=producer-1}                              : 80006,000
producer-metrics:requests-in-flight:{client-id=producer-1}                         : 0,000
producer-metrics:response-rate:{client-id=producer-1}                              : 0,000
producer-metrics:response-total:{client-id=producer-1}                             : 6,000
producer-metrics:select-rate:{client-id=producer-1}                                : 358,148
producer-metrics:select-total:{client-id=producer-1}                               : 160353,000
producer-metrics:successful-authentication-no-reauth-total:{client-id=producer-1}  : 0,000
producer-metrics:successful-authentication-rate:{client-id=producer-1}             : 0,000
producer-metrics:successful-authentication-total:{client-id=producer-1}            : 0,000
producer-metrics:successful-reauthentication-rate:{client-id=producer-1}           : 0,000
producer-metrics:successful-reauthentication-total:{client-id=producer-1}          : 0,000
producer-metrics:waiting-threads:{client-id=producer-1}                            : 0,000
producer-node-metrics:incoming-byte-rate:{client-id=producer-1, node-id=node--2}   : 0,000
producer-node-metrics:incoming-byte-rate:{client-id=producer-1, node-id=node-1}    : 0,000
producer-node-metrics:incoming-byte-rate:{client-id=producer-1, node-id=node-3}    : 0,000
producer-node-metrics:incoming-byte-rate:{client-id=producer-1, node-id=node-6}    : 0,000
producer-node-metrics:incoming-byte-total:{client-id=producer-1, node-id=node--2}  : 579,000
producer-node-metrics:incoming-byte-total:{client-id=producer-1, node-id=node-1}   : 294,000
producer-node-metrics:incoming-byte-total:{client-id=producer-1, node-id=node-3}   : 294,000
producer-node-metrics:incoming-byte-total:{client-id=producer-1, node-id=node-6}   : 579,000
producer-node-metrics:outgoing-byte-rate:{client-id=producer-1, node-id=node--2}   : 0,000
producer-node-metrics:outgoing-byte-rate:{client-id=producer-1, node-id=node-1}    : 1743191,277
producer-node-metrics:outgoing-byte-rate:{client-id=producer-1, node-id=node-3}    : 1762707,213
producer-node-metrics:outgoing-byte-rate:{client-id=producer-1, node-id=node-6}    : 1751525,272
producer-node-metrics:outgoing-byte-total:{client-id=producer-1, node-id=node--2}  : 67,000
producer-node-metrics:outgoing-byte-total:{client-id=producer-1, node-id=node-1}   : 800544149,000
producer-node-metrics:outgoing-byte-total:{client-id=producer-1, node-id=node-3}   : 804886660,000
producer-node-metrics:outgoing-byte-total:{client-id=producer-1, node-id=node-6}   : 807118196,000
producer-node-metrics:request-latency-avg:{client-id=producer-1, node-id=node--2}  : NaN
producer-node-metrics:request-latency-avg:{client-id=producer-1, node-id=node-1}   : NaN
producer-node-metrics:request-latency-avg:{client-id=producer-1, node-id=node-3}   : NaN
producer-node-metrics:request-latency-avg:{client-id=producer-1, node-id=node-6}   : NaN
producer-node-metrics:request-latency-max:{client-id=producer-1, node-id=node--2}  : NaN
producer-node-metrics:request-latency-max:{client-id=producer-1, node-id=node-1}   : NaN
producer-node-metrics:request-latency-max:{client-id=producer-1, node-id=node-3}   : NaN
producer-node-metrics:request-latency-max:{client-id=producer-1, node-id=node-6}   : NaN
producer-node-metrics:request-rate:{client-id=producer-1, node-id=node--2}         : 0,000
producer-node-metrics:request-rate:{client-id=producer-1, node-id=node-1}          : 57,800
producer-node-metrics:request-rate:{client-id=producer-1, node-id=node-3}          : 58,446
producer-node-metrics:request-rate:{client-id=producer-1, node-id=node-6}          : 58,075
producer-node-metrics:request-size-avg:{client-id=producer-1, node-id=node--2}     : NaN
producer-node-metrics:request-size-avg:{client-id=producer-1, node-id=node-1}      : 30157,000
producer-node-metrics:request-size-avg:{client-id=producer-1, node-id=node-3}      : 30157,000
producer-node-metrics:request-size-avg:{client-id=producer-1, node-id=node-6}      : 30157,000
producer-node-metrics:request-size-max:{client-id=producer-1, node-id=node--2}     : NaN
producer-node-metrics:request-size-max:{client-id=producer-1, node-id=node-1}      : 30157,000
producer-node-metrics:request-size-max:{client-id=producer-1, node-id=node-3}      : 30157,000
producer-node-metrics:request-size-max:{client-id=producer-1, node-id=node-6}      : 30157,000
producer-node-metrics:request-total:{client-id=producer-1, node-id=node--2}        : 2,000
producer-node-metrics:request-total:{client-id=producer-1, node-id=node-1}         : 26547,000
producer-node-metrics:request-total:{client-id=producer-1, node-id=node-3}         : 26691,000
producer-node-metrics:request-total:{client-id=producer-1, node-id=node-6}         : 26766,000
producer-node-metrics:response-rate:{client-id=producer-1, node-id=node--2}        : 0,000
producer-node-metrics:response-rate:{client-id=producer-1, node-id=node-1}         : 0,000
producer-node-metrics:response-rate:{client-id=producer-1, node-id=node-3}         : 0,000
producer-node-metrics:response-rate:{client-id=producer-1, node-id=node-6}         : 0,000
producer-node-metrics:response-total:{client-id=producer-1, node-id=node--2}       : 2,000
producer-node-metrics:response-total:{client-id=producer-1, node-id=node-1}        : 1,000
producer-node-metrics:response-total:{client-id=producer-1, node-id=node-3}        : 1,000
producer-node-metrics:response-total:{client-id=producer-1, node-id=node-6}        : 2,000
producer-topic-metrics:byte-rate:{client-id=producer-1, topic=test-topic}          : 5243022,140
producer-topic-metrics:byte-total:{client-id=producer-1, topic=test-topic}         : 2406148890,000
producer-topic-metrics:compression-rate:{client-id=producer-1, topic=test-topic}   : 1,000
producer-topic-metrics:record-error-rate:{client-id=producer-1, topic=test-topic}  : 0,000
producer-topic-metrics:record-error-total:{client-id=producer-1, topic=test-topic} : 0,000
producer-topic-metrics:record-retry-rate:{client-id=producer-1, topic=test-topic}  : 0,000
producer-topic-metrics:record-retry-total:{client-id=producer-1, topic=test-topic} : 0,000
producer-topic-metrics:record-send-rate:{client-id=producer-1, topic=test-topic}   : 174,328
producer-topic-metrics:record-send-total:{client-id=producer-1, topic=test-topic}  : 80000,000
Produce Time: 464.196
[16:50:50] Ignite node stopped OK [uptime=00:07:41.114]
Aplication time: 465.21
