Topic to send: test-topic
Topic to acks: -2
Records: 80000
Size:30000
[15:49:10]    __________  ________________ 
[15:49:10]   /  _/ ___/ |/ /  _/_  __/ __/ 
[15:49:10]  _/ // (7 7    // /  / / / _/   
[15:49:10] /___/\___/_/|_/___/ /_/ /___/  
[15:49:10] 
[15:49:10] ver. 2.7.6#20190911-sha1:21f7ca41
[15:49:10] 2019 Copyright(C) Apache Software Foundation
[15:49:10] 
[15:49:10] Ignite documentation: http://ignite.apache.org
[15:49:10] 
[15:49:10] Quiet mode.
[15:49:10]   ^-- Logging by 'JavaLogger [quiet=true, config=null]'
[15:49:10]   ^-- To see **FULL** console log here add -DIGNITE_QUIET=false or "-v" to ignite.{sh|bat}
[15:49:10] 
[15:49:10] OS: Linux 5.0.0-38-generic amd64
[15:49:10] VM information: OpenJDK Runtime Environment 11.0.5+10-post-Ubuntu-0ubuntu1.119.04 Private Build OpenJDK 64-Bit Server VM 11.0.5+10-post-Ubuntu-0ubuntu1.119.04
[15:49:10] Please set system property '-Djava.net.preferIPv4Stack=true' to avoid possible problems in mixed environments.
[15:49:10] Initial heap size is 126MB (should be no less than 512MB, use -Xms512m -Xmx512m).
[15:49:10] Configured plugins:
[15:49:10]   ^-- None
[15:49:10] 
[15:49:10] Configured failure handler: [hnd=StopNodeOrHaltFailureHandler [tryStop=false, timeout=0, super=AbstractFailureHandler [ignoredFailureTypes=[SYSTEM_WORKER_BLOCKED, SYSTEM_CRITICAL_OPERATION_TIMEOUT]]]]
[15:49:10] Message queue limit is set to 0 which may lead to potential OOMEs when running cache operations in FULL_ASYNC or PRIMARY_SYNC modes due to message queues growth on sender and receiver sides.
[15:49:10] Security status [authentication=off, tls/ssl=off]
[15:49:11] REST protocols do not start on client node. To start the protocols on client node set '-DIGNITE_REST_START_ON_CLIENT=true' system property.
[15:49:13] Performance suggestions for grid  (fix if possible)
[15:49:13] To disable, set -DIGNITE_PERFORMANCE_SUGGESTIONS_DISABLED=true
[15:49:13]   ^-- Switch to the most recent 1.8 JVM version
[15:49:13]   ^-- Specify JVM heap max size (add '-Xmx<size>[g|G|m|M|k|K]' to JVM options)
[15:49:13]   ^-- Set max direct memory size if getting 'OOME: Direct buffer memory' (add '-XX:MaxDirectMemorySize=<size>[g|G|m|M|k|K]' to JVM options)
[15:49:13]   ^-- Disable processing of calls to System.gc() (add '-XX:+DisableExplicitGC' to JVM options)
[15:49:13] Refer to this page for more performance suggestions: https://apacheignite.readme.io/docs/jvm-and-system-tuning
[15:49:13] 
[15:49:13] To start Console Management & Monitoring run ignitevisorcmd.{sh|bat}
[15:49:13] 
[15:49:13] Ignite node started OK (id=4d56f00a)
[15:49:13] Topology snapshot [ver=50, locNode=4d56f00a, servers=1, clients=1, state=ACTIVE, CPUs=8, offheap=1.5GB, heap=3.9GB]
1039 records sent, 147,9 records/sec (4,23 MB/sec), 6,7 ms avg latency, 3734,0 ms max latency.
875 records sent, 172,9 records/sec (4,95 MB/sec), 5,7 ms avg latency, 133,0 ms max latency.
900 records sent, 177,0 records/sec (5,06 MB/sec), 5,6 ms avg latency, 116,0 ms max latency.
900 records sent, 178,3 records/sec (5,10 MB/sec), 5,6 ms avg latency, 119,0 ms max latency.
900 records sent, 180,0 records/sec (5,15 MB/sec), 5,5 ms avg latency, 122,0 ms max latency.
783 records sent, 148,5 records/sec (4,25 MB/sec), 6,7 ms avg latency, 887,0 ms max latency.
692 records sent, 138,2 records/sec (3,95 MB/sec), 7,2 ms avg latency, 116,0 ms max latency.
908 records sent, 181,6 records/sec (5,20 MB/sec), 5,5 ms avg latency, 120,0 ms max latency.
901 records sent, 180,2 records/sec (5,16 MB/sec), 5,5 ms avg latency, 130,0 ms max latency.
896 records sent, 179,2 records/sec (5,13 MB/sec), 5,6 ms avg latency, 116,0 ms max latency.
912 records sent, 182,4 records/sec (5,22 MB/sec), 5,5 ms avg latency, 116,0 ms max latency.
892 records sent, 176,3 records/sec (5,04 MB/sec), 5,7 ms avg latency, 124,0 ms max latency.
815 records sent, 162,2 records/sec (4,64 MB/sec), 6,1 ms avg latency, 526,0 ms max latency.
701 records sent, 139,1 records/sec (3,98 MB/sec), 7,2 ms avg latency, 150,0 ms max latency.
922 records sent, 184,3 records/sec (5,27 MB/sec), 5,4 ms avg latency, 122,0 ms max latency.
903 records sent, 178,5 records/sec (5,11 MB/sec), 5,6 ms avg latency, 119,0 ms max latency.
925 records sent, 181,4 records/sec (5,19 MB/sec), 5,5 ms avg latency, 119,0 ms max latency.
923 records sent, 184,3 records/sec (5,27 MB/sec), 5,4 ms avg latency, 123,0 ms max latency.
783 records sent, 156,6 records/sec (4,48 MB/sec), 6,4 ms avg latency, 570,0 ms max latency.
818 records sent, 162,4 records/sec (4,65 MB/sec), 6,1 ms avg latency, 142,0 ms max latency.
801 records sent, 158,3 records/sec (4,53 MB/sec), 6,3 ms avg latency, 119,0 ms max latency.
923 records sent, 184,5 records/sec (5,28 MB/sec), 5,4 ms avg latency, 117,0 ms max latency.
902 records sent, 178,7 records/sec (5,11 MB/sec), 5,6 ms avg latency, 119,0 ms max latency.
925 records sent, 181,8 records/sec (5,20 MB/sec), 5,5 ms avg latency, 118,0 ms max latency.
800 records sent, 160,0 records/sec (4,58 MB/sec), 6,2 ms avg latency, 468,0 ms max latency.
875 records sent, 174,7 records/sec (5,00 MB/sec), 5,7 ms avg latency, 179,0 ms max latency.
814 records sent, 162,3 records/sec (4,64 MB/sec), 6,1 ms avg latency, 119,0 ms max latency.
811 records sent, 161,3 records/sec (4,61 MB/sec), 6,2 ms avg latency, 118,0 ms max latency.
925 records sent, 181,3 records/sec (5,19 MB/sec), 5,5 ms avg latency, 116,0 ms max latency.
924 records sent, 184,7 records/sec (5,28 MB/sec), 5,4 ms avg latency, 118,0 ms max latency.
776 records sent, 154,5 records/sec (4,42 MB/sec), 6,5 ms avg latency, 640,0 ms max latency.
900 records sent, 177,8 records/sec (5,09 MB/sec), 5,6 ms avg latency, 141,0 ms max latency.
924 records sent, 184,7 records/sec (5,29 MB/sec), 5,4 ms avg latency, 119,0 ms max latency.
801 records sent, 159,7 records/sec (4,57 MB/sec), 6,3 ms avg latency, 112,0 ms max latency.
868 records sent, 173,6 records/sec (4,97 MB/sec), 5,8 ms avg latency, 113,0 ms max latency.
907 records sent, 178,6 records/sec (5,11 MB/sec), 5,6 ms avg latency, 115,0 ms max latency.
816 records sent, 163,2 records/sec (4,67 MB/sec), 6,1 ms avg latency, 518,0 ms max latency.
859 records sent, 169,9 records/sec (4,86 MB/sec), 5,9 ms avg latency, 176,0 ms max latency.
924 records sent, 184,5 records/sec (5,28 MB/sec), 5,4 ms avg latency, 119,0 ms max latency.
901 records sent, 178,1 records/sec (5,10 MB/sec), 5,6 ms avg latency, 119,0 ms max latency.
799 records sent, 159,6 records/sec (4,57 MB/sec), 6,3 ms avg latency, 113,0 ms max latency.
901 records sent, 178,8 records/sec (5,12 MB/sec), 5,6 ms avg latency, 120,0 ms max latency.
775 records sent, 153,5 records/sec (4,39 MB/sec), 6,5 ms avg latency, 566,0 ms max latency.
875 records sent, 174,5 records/sec (4,99 MB/sec), 5,7 ms avg latency, 119,0 ms max latency.
925 records sent, 181,3 records/sec (5,19 MB/sec), 5,5 ms avg latency, 117,0 ms max latency.
920 records sent, 184,0 records/sec (5,26 MB/sec), 5,4 ms avg latency, 115,0 ms max latency.
905 records sent, 178,4 records/sec (5,10 MB/sec), 5,6 ms avg latency, 116,0 ms max latency.
796 records sent, 159,0 records/sec (4,55 MB/sec), 6,3 ms avg latency, 119,0 ms max latency.
779 records sent, 153,3 records/sec (4,39 MB/sec), 6,5 ms avg latency, 594,0 ms max latency.
875 records sent, 174,2 records/sec (4,98 MB/sec), 5,7 ms avg latency, 179,0 ms max latency.
925 records sent, 181,6 records/sec (5,20 MB/sec), 5,5 ms avg latency, 117,0 ms max latency.
925 records sent, 181,6 records/sec (5,20 MB/sec), 5,5 ms avg latency, 119,0 ms max latency.
925 records sent, 181,4 records/sec (5,19 MB/sec), 5,5 ms avg latency, 119,0 ms max latency.
925 records sent, 182,3 records/sec (5,22 MB/sec), 5,5 ms avg latency, 118,0 ms max latency.
661 records sent, 128,9 records/sec (3,69 MB/sec), 7,7 ms avg latency, 492,0 ms max latency.
889 records sent, 174,9 records/sec (5,00 MB/sec), 5,7 ms avg latency, 118,0 ms max latency.
923 records sent, 184,6 records/sec (5,28 MB/sec), 5,4 ms avg latency, 116,0 ms max latency.
902 records sent, 178,5 records/sec (5,11 MB/sec), 5,6 ms avg latency, 119,0 ms max latency.
923 records sent, 184,6 records/sec (5,28 MB/sec), 5,4 ms avg latency, 118,0 ms max latency.
902 records sent, 177,7 records/sec (5,08 MB/sec), 5,6 ms avg latency, 120,0 ms max latency.
911 records sent, 182,1 records/sec (5,21 MB/sec), 5,5 ms avg latency, 119,0 ms max latency.
664 records sent, 131,7 records/sec (3,77 MB/sec), 7,6 ms avg latency, 545,0 ms max latency.
878 records sent, 173,7 records/sec (4,97 MB/sec), 5,7 ms avg latency, 125,0 ms max latency.
925 records sent, 181,9 records/sec (5,20 MB/sec), 5,5 ms avg latency, 119,0 ms max latency.
925 records sent, 181,8 records/sec (5,20 MB/sec), 5,5 ms avg latency, 114,0 ms max latency.
925 records sent, 181,3 records/sec (5,19 MB/sec), 5,5 ms avg latency, 120,0 ms max latency.
925 records sent, 181,2 records/sec (5,18 MB/sec), 5,5 ms avg latency, 118,0 ms max latency.
735 records sent, 146,8 records/sec (4,20 MB/sec), 6,8 ms avg latency, 421,0 ms max latency.
765 records sent, 151,9 records/sec (4,35 MB/sec), 6,6 ms avg latency, 188,0 ms max latency.
925 records sent, 181,4 records/sec (5,19 MB/sec), 5,5 ms avg latency, 114,0 ms max latency.
925 records sent, 181,7 records/sec (5,20 MB/sec), 5,5 ms avg latency, 118,0 ms max latency.
925 records sent, 181,7 records/sec (5,20 MB/sec), 5,5 ms avg latency, 118,0 ms max latency.
924 records sent, 184,8 records/sec (5,29 MB/sec), 5,4 ms avg latency, 118,0 ms max latency.
801 records sent, 159,8 records/sec (4,57 MB/sec), 6,2 ms avg latency, 469,0 ms max latency.
743 records sent, 148,2 records/sec (4,24 MB/sec), 6,7 ms avg latency, 132,0 ms max latency.
857 records sent, 170,3 records/sec (4,87 MB/sec), 5,9 ms avg latency, 116,0 ms max latency.
925 records sent, 182,0 records/sec (5,21 MB/sec), 5,5 ms avg latency, 120,0 ms max latency.
925 records sent, 181,8 records/sec (5,20 MB/sec), 5,5 ms avg latency, 118,0 ms max latency.
925 records sent, 181,8 records/sec (5,20 MB/sec), 5,5 ms avg latency, 119,0 ms max latency.
816 records sent, 163,2 records/sec (4,67 MB/sec), 6,1 ms avg latency, 537,0 ms max latency.
859 records sent, 169,7 records/sec (4,86 MB/sec), 5,9 ms avg latency, 117,0 ms max latency.
750 records sent, 149,1 records/sec (4,27 MB/sec), 6,7 ms avg latency, 118,0 ms max latency.
900 records sent, 178,5 records/sec (5,11 MB/sec), 5,6 ms avg latency, 118,0 ms max latency.
925 records sent, 181,6 records/sec (5,19 MB/sec), 5,5 ms avg latency, 119,0 ms max latency.
923 records sent, 184,4 records/sec (5,28 MB/sec), 5,4 ms avg latency, 119,0 ms max latency.
802 records sent, 158,3 records/sec (4,53 MB/sec), 6,3 ms avg latency, 460,0 ms max latency.
900 records sent, 178,1 records/sec (5,09 MB/sec), 5,6 ms avg latency, 118,0 ms max latency.
900 records sent, 179,3 records/sec (5,13 MB/sec), 5,6 ms avg latency, 119,0 ms max latency.
722 records sent, 144,2 records/sec (4,13 MB/sec), 6,9 ms avg latency, 114,0 ms max latency.
903 records sent, 179,0 records/sec (5,12 MB/sec), 5,6 ms avg latency, 116,0 ms max latency.
925 records sent, 182,1 records/sec (5,21 MB/sec), 5,5 ms avg latency, 120,0 ms max latency.
825 records sent, 161,8 records/sec (4,63 MB/sec), 6,2 ms avg latency, 311,0 ms max latency.
80000 records sent, 171,310245 records/sec (4,90 MB/sec), 5,82 ms avg latency, 3734,00 ms max latency, 0 ms 50th, 13 ms 95th, 109 ms 99th, 119 ms 99.9th.

Metric Name                                                                          Value
app-info:commit-id:{client-id=producer-1}                                          : d4284cbebb6f0a4c
app-info:start-time-ms:{client-id=producer-1}                                      : 1590518949883
app-info:version:{client-id=producer-1}                                            : 2.3.1
kafka-metrics-count:count:{client-id=producer-1}                                   : 126,000
producer-metrics:batch-size-avg:{client-id=producer-1}                             : 30077,000
producer-metrics:batch-size-max:{client-id=producer-1}                             : 30077,000
producer-metrics:batch-split-rate:{client-id=producer-1}                           : 0,000
producer-metrics:batch-split-total:{client-id=producer-1}                          : 0,000
producer-metrics:buffer-available-bytes:{client-id=producer-1}                     : 33554432,000
producer-metrics:buffer-exhausted-rate:{client-id=producer-1}                      : 0,000
producer-metrics:buffer-exhausted-total:{client-id=producer-1}                     : 0,000
producer-metrics:buffer-total-bytes:{client-id=producer-1}                         : 33554432,000
producer-metrics:bufferpool-wait-ratio:{client-id=producer-1}                      : 0,000
producer-metrics:bufferpool-wait-time-total:{client-id=producer-1}                 : 0,000
producer-metrics:compression-rate-avg:{client-id=producer-1}                       : 1,000
producer-metrics:connection-close-rate:{client-id=producer-1}                      : 0,000
producer-metrics:connection-close-total:{client-id=producer-1}                     : 0,000
producer-metrics:connection-count:{client-id=producer-1}                           : 4,000
producer-metrics:connection-creation-rate:{client-id=producer-1}                   : 0,000
producer-metrics:connection-creation-total:{client-id=producer-1}                  : 4,000
producer-metrics:failed-authentication-rate:{client-id=producer-1}                 : 0,000
producer-metrics:failed-authentication-total:{client-id=producer-1}                : 0,000
producer-metrics:failed-reauthentication-rate:{client-id=producer-1}               : 0,000
producer-metrics:failed-reauthentication-total:{client-id=producer-1}              : 0,000
producer-metrics:incoming-byte-rate:{client-id=producer-1}                         : 0,000
producer-metrics:incoming-byte-total:{client-id=producer-1}                        : 1746,000
producer-metrics:io-ratio:{client-id=producer-1}                                   : 0,006
producer-metrics:io-time-ns-avg:{client-id=producer-1}                             : 18161,831
producer-metrics:io-wait-ratio:{client-id=producer-1}                              : 0,975
producer-metrics:io-wait-time-ns-avg:{client-id=producer-1}                        : 2759067,207
producer-metrics:io-waittime-total:{client-id=producer-1}                          : 452434629595,000
producer-metrics:iotime-total:{client-id=producer-1}                               : 3290827356,000
producer-metrics:metadata-age:{client-id=producer-1}                               : 166,733
producer-metrics:network-io-rate:{client-id=producer-1}                            : 172,374
producer-metrics:network-io-total:{client-id=producer-1}                           : 80012,000
producer-metrics:outgoing-byte-rate:{client-id=producer-1}                         : 5198497,945
producer-metrics:outgoing-byte-total:{client-id=producer-1}                        : 2412549072,000
producer-metrics:produce-throttle-time-avg:{client-id=producer-1}                  : NaN
producer-metrics:produce-throttle-time-max:{client-id=producer-1}                  : NaN
producer-metrics:reauthentication-latency-avg:{client-id=producer-1}               : NaN
producer-metrics:reauthentication-latency-max:{client-id=producer-1}               : NaN
producer-metrics:record-error-rate:{client-id=producer-1}                          : 0,000
producer-metrics:record-error-total:{client-id=producer-1}                         : 0,000
producer-metrics:record-queue-time-avg:{client-id=producer-1}                      : 0,018
producer-metrics:record-queue-time-max:{client-id=producer-1}                      : 1,000
producer-metrics:record-retry-rate:{client-id=producer-1}                          : 0,000
producer-metrics:record-retry-total:{client-id=producer-1}                         : 0,000
producer-metrics:record-send-rate:{client-id=producer-1}                           : 172,321
producer-metrics:record-send-total:{client-id=producer-1}                          : 80000,000
producer-metrics:record-size-avg:{client-id=producer-1}                            : 30092,000
producer-metrics:record-size-max:{client-id=producer-1}                            : 30092,000
producer-metrics:records-per-request-avg:{client-id=producer-1}                    : 1,000
producer-metrics:request-latency-avg:{client-id=producer-1}                        : NaN
producer-metrics:request-latency-max:{client-id=producer-1}                        : NaN
producer-metrics:request-rate:{client-id=producer-1}                               : 172,377
producer-metrics:request-size-avg:{client-id=producer-1}                           : 30157,000
producer-metrics:request-size-max:{client-id=producer-1}                           : 30157,000
producer-metrics:request-total:{client-id=producer-1}                              : 80006,000
producer-metrics:requests-in-flight:{client-id=producer-1}                         : 0,000
producer-metrics:response-rate:{client-id=producer-1}                              : 0,000
producer-metrics:response-total:{client-id=producer-1}                             : 6,000
producer-metrics:select-rate:{client-id=producer-1}                                : 353,355
producer-metrics:select-total:{client-id=producer-1}                               : 158582,000
producer-metrics:successful-authentication-no-reauth-total:{client-id=producer-1}  : 0,000
producer-metrics:successful-authentication-rate:{client-id=producer-1}             : 0,000
producer-metrics:successful-authentication-total:{client-id=producer-1}            : 0,000
producer-metrics:successful-reauthentication-rate:{client-id=producer-1}           : 0,000
producer-metrics:successful-reauthentication-total:{client-id=producer-1}          : 0,000
producer-metrics:waiting-threads:{client-id=producer-1}                            : 0,000
producer-node-metrics:incoming-byte-rate:{client-id=producer-1, node-id=node--2}   : 0,000
producer-node-metrics:incoming-byte-rate:{client-id=producer-1, node-id=node-1}    : 0,000
producer-node-metrics:incoming-byte-rate:{client-id=producer-1, node-id=node-3}    : 0,000
producer-node-metrics:incoming-byte-rate:{client-id=producer-1, node-id=node-6}    : 0,000
producer-node-metrics:incoming-byte-total:{client-id=producer-1, node-id=node--2}  : 579,000
producer-node-metrics:incoming-byte-total:{client-id=producer-1, node-id=node-1}   : 579,000
producer-node-metrics:incoming-byte-total:{client-id=producer-1, node-id=node-3}   : 294,000
producer-node-metrics:incoming-byte-total:{client-id=producer-1, node-id=node-6}   : 294,000
producer-node-metrics:outgoing-byte-rate:{client-id=producer-1, node-id=node--2}   : 0,000
producer-node-metrics:outgoing-byte-rate:{client-id=producer-1, node-id=node-1}    : 1717865,785
producer-node-metrics:outgoing-byte-rate:{client-id=producer-1, node-id=node-3}    : 1741330,117
producer-node-metrics:outgoing-byte-rate:{client-id=producer-1, node-id=node-6}    : 1736260,675
producer-node-metrics:outgoing-byte-total:{client-id=producer-1, node-id=node--2}  : 67,000
producer-node-metrics:outgoing-byte-total:{client-id=producer-1, node-id=node-1}   : 800544192,000
producer-node-metrics:outgoing-byte-total:{client-id=producer-1, node-id=node-3}   : 804886660,000
producer-node-metrics:outgoing-byte-total:{client-id=producer-1, node-id=node-6}   : 807118153,000
producer-node-metrics:request-latency-avg:{client-id=producer-1, node-id=node--2}  : NaN
producer-node-metrics:request-latency-avg:{client-id=producer-1, node-id=node-1}   : NaN
producer-node-metrics:request-latency-avg:{client-id=producer-1, node-id=node-3}   : NaN
producer-node-metrics:request-latency-avg:{client-id=producer-1, node-id=node-6}   : NaN
producer-node-metrics:request-latency-max:{client-id=producer-1, node-id=node--2}  : NaN
producer-node-metrics:request-latency-max:{client-id=producer-1, node-id=node-1}   : NaN
producer-node-metrics:request-latency-max:{client-id=producer-1, node-id=node-3}   : NaN
producer-node-metrics:request-latency-max:{client-id=producer-1, node-id=node-6}   : NaN
producer-node-metrics:request-rate:{client-id=producer-1, node-id=node--2}         : 0,000
producer-node-metrics:request-rate:{client-id=producer-1, node-id=node-1}          : 56,964
producer-node-metrics:request-rate:{client-id=producer-1, node-id=node-3}          : 57,741
producer-node-metrics:request-rate:{client-id=producer-1, node-id=node-6}          : 57,573
producer-node-metrics:request-size-avg:{client-id=producer-1, node-id=node--2}     : NaN
producer-node-metrics:request-size-avg:{client-id=producer-1, node-id=node-1}      : 30157,000
producer-node-metrics:request-size-avg:{client-id=producer-1, node-id=node-3}      : 30157,000
producer-node-metrics:request-size-avg:{client-id=producer-1, node-id=node-6}      : 30157,000
producer-node-metrics:request-size-max:{client-id=producer-1, node-id=node--2}     : NaN
producer-node-metrics:request-size-max:{client-id=producer-1, node-id=node-1}      : 30157,000
producer-node-metrics:request-size-max:{client-id=producer-1, node-id=node-3}      : 30157,000
producer-node-metrics:request-size-max:{client-id=producer-1, node-id=node-6}      : 30157,000
producer-node-metrics:request-total:{client-id=producer-1, node-id=node--2}        : 2,000
producer-node-metrics:request-total:{client-id=producer-1, node-id=node-1}         : 26548,000
producer-node-metrics:request-total:{client-id=producer-1, node-id=node-3}         : 26691,000
producer-node-metrics:request-total:{client-id=producer-1, node-id=node-6}         : 26765,000
producer-node-metrics:response-rate:{client-id=producer-1, node-id=node--2}        : 0,000
producer-node-metrics:response-rate:{client-id=producer-1, node-id=node-1}         : 0,000
producer-node-metrics:response-rate:{client-id=producer-1, node-id=node-3}         : 0,000
producer-node-metrics:response-rate:{client-id=producer-1, node-id=node-6}         : 0,000
producer-node-metrics:response-total:{client-id=producer-1, node-id=node--2}       : 2,000
producer-node-metrics:response-total:{client-id=producer-1, node-id=node-1}        : 2,000
producer-node-metrics:response-total:{client-id=producer-1, node-id=node-3}        : 1,000
producer-node-metrics:response-total:{client-id=producer-1, node-id=node-6}        : 1,000
producer-topic-metrics:byte-rate:{client-id=producer-1, topic=test-topic}          : 5182905,211
producer-topic-metrics:byte-total:{client-id=producer-1, topic=test-topic}         : 2406148890,000
producer-topic-metrics:compression-rate:{client-id=producer-1, topic=test-topic}   : 1,000
producer-topic-metrics:record-error-rate:{client-id=producer-1, topic=test-topic}  : 0,000
producer-topic-metrics:record-error-total:{client-id=producer-1, topic=test-topic} : 0,000
producer-topic-metrics:record-retry-rate:{client-id=producer-1, topic=test-topic}  : 0,000
producer-topic-metrics:record-retry-total:{client-id=producer-1, topic=test-topic} : 0,000
producer-topic-metrics:record-send-rate:{client-id=producer-1, topic=test-topic}   : 172,321
producer-topic-metrics:record-send-total:{client-id=producer-1, topic=test-topic}  : 80000,000
Produce Time: 466.984
[15:56:57] Ignite node stopped OK [uptime=00:07:43.924]
Aplication time: 468.024
