Topic to send: test-topic
Topic to acks: -2
Records: 80000
Size:30000
[16:09:54]    __________  ________________ 
[16:09:54]   /  _/ ___/ |/ /  _/_  __/ __/ 
[16:09:54]  _/ // (7 7    // /  / / / _/   
[16:09:54] /___/\___/_/|_/___/ /_/ /___/  
[16:09:54] 
[16:09:54] ver. 2.7.6#20190911-sha1:21f7ca41
[16:09:54] 2019 Copyright(C) Apache Software Foundation
[16:09:54] 
[16:09:54] Ignite documentation: http://ignite.apache.org
[16:09:54] 
[16:09:54] Quiet mode.
[16:09:54]   ^-- Logging by 'JavaLogger [quiet=true, config=null]'
[16:09:54]   ^-- To see **FULL** console log here add -DIGNITE_QUIET=false or "-v" to ignite.{sh|bat}
[16:09:54] 
[16:09:54] OS: Linux 5.0.0-38-generic amd64
[16:09:54] VM information: OpenJDK Runtime Environment 11.0.5+10-post-Ubuntu-0ubuntu1.119.04 Private Build OpenJDK 64-Bit Server VM 11.0.5+10-post-Ubuntu-0ubuntu1.119.04
[16:09:54] Please set system property '-Djava.net.preferIPv4Stack=true' to avoid possible problems in mixed environments.
[16:09:54] Initial heap size is 126MB (should be no less than 512MB, use -Xms512m -Xmx512m).
[16:09:54] Configured plugins:
[16:09:54]   ^-- None
[16:09:54] 
[16:09:54] Configured failure handler: [hnd=StopNodeOrHaltFailureHandler [tryStop=false, timeout=0, super=AbstractFailureHandler [ignoredFailureTypes=[SYSTEM_WORKER_BLOCKED, SYSTEM_CRITICAL_OPERATION_TIMEOUT]]]]
[16:09:54] Message queue limit is set to 0 which may lead to potential OOMEs when running cache operations in FULL_ASYNC or PRIMARY_SYNC modes due to message queues growth on sender and receiver sides.
[16:09:54] Security status [authentication=off, tls/ssl=off]
[16:09:54] REST protocols do not start on client node. To start the protocols on client node set '-DIGNITE_REST_START_ON_CLIENT=true' system property.
[16:09:56] Performance suggestions for grid  (fix if possible)
[16:09:56] To disable, set -DIGNITE_PERFORMANCE_SUGGESTIONS_DISABLED=true
[16:09:56]   ^-- Switch to the most recent 1.8 JVM version
[16:09:56]   ^-- Specify JVM heap max size (add '-Xmx<size>[g|G|m|M|k|K]' to JVM options)
[16:09:56]   ^-- Set max direct memory size if getting 'OOME: Direct buffer memory' (add '-XX:MaxDirectMemorySize=<size>[g|G|m|M|k|K]' to JVM options)
[16:09:56]   ^-- Disable processing of calls to System.gc() (add '-XX:+DisableExplicitGC' to JVM options)
[16:09:56] Refer to this page for more performance suggestions: https://apacheignite.readme.io/docs/jvm-and-system-tuning
[16:09:56] 
[16:09:56] To start Console Management & Monitoring run ignitevisorcmd.{sh|bat}
[16:09:56] 
[16:09:56] Ignite node started OK (id=0098090a)
[16:09:56] Topology snapshot [ver=54, locNode=0098090a, servers=1, clients=1, state=ACTIVE, CPUs=8, offheap=1.5GB, heap=3.9GB]
1046 records sent, 146,2 records/sec (4,18 MB/sec), 6,8 ms avg latency, 3824,0 ms max latency.
875 records sent, 173,5 records/sec (4,96 MB/sec), 5,7 ms avg latency, 131,0 ms max latency.
900 records sent, 177,0 records/sec (5,06 MB/sec), 5,6 ms avg latency, 117,0 ms max latency.
900 records sent, 177,4 records/sec (5,08 MB/sec), 5,6 ms avg latency, 122,0 ms max latency.
900 records sent, 177,8 records/sec (5,09 MB/sec), 5,6 ms avg latency, 136,0 ms max latency.
765 records sent, 142,4 records/sec (4,07 MB/sec), 7,0 ms avg latency, 743,0 ms max latency.
809 records sent, 161,6 records/sec (4,62 MB/sec), 6,2 ms avg latency, 120,0 ms max latency.
876 records sent, 175,0 records/sec (5,01 MB/sec), 5,7 ms avg latency, 120,0 ms max latency.
876 records sent, 173,7 records/sec (4,97 MB/sec), 5,7 ms avg latency, 136,0 ms max latency.
911 records sent, 182,2 records/sec (5,21 MB/sec), 5,5 ms avg latency, 115,0 ms max latency.
901 records sent, 180,2 records/sec (5,16 MB/sec), 5,5 ms avg latency, 121,0 ms max latency.
888 records sent, 177,5 records/sec (5,08 MB/sec), 5,6 ms avg latency, 114,0 ms max latency.
700 records sent, 139,9 records/sec (4,00 MB/sec), 7,1 ms avg latency, 858,0 ms max latency.
750 records sent, 148,2 records/sec (4,24 MB/sec), 6,7 ms avg latency, 141,0 ms max latency.
925 records sent, 181,1 records/sec (5,18 MB/sec), 5,5 ms avg latency, 118,0 ms max latency.
922 records sent, 184,3 records/sec (5,27 MB/sec), 5,4 ms avg latency, 135,0 ms max latency.
902 records sent, 180,3 records/sec (5,16 MB/sec), 5,5 ms avg latency, 116,0 ms max latency.
901 records sent, 178,1 records/sec (5,09 MB/sec), 5,6 ms avg latency, 120,0 ms max latency.
814 records sent, 162,8 records/sec (4,66 MB/sec), 6,1 ms avg latency, 492,0 ms max latency.
836 records sent, 164,3 records/sec (4,70 MB/sec), 6,1 ms avg latency, 154,0 ms max latency.
750 records sent, 149,4 records/sec (4,27 MB/sec), 6,7 ms avg latency, 119,0 ms max latency.
900 records sent, 179,4 records/sec (5,13 MB/sec), 5,6 ms avg latency, 116,0 ms max latency.
925 records sent, 181,6 records/sec (5,20 MB/sec), 5,5 ms avg latency, 118,0 ms max latency.
925 records sent, 181,9 records/sec (5,20 MB/sec), 5,5 ms avg latency, 119,0 ms max latency.
800 records sent, 158,2 records/sec (4,53 MB/sec), 6,3 ms avg latency, 602,0 ms max latency.
875 records sent, 172,0 records/sec (4,92 MB/sec), 5,8 ms avg latency, 204,0 ms max latency.
867 records sent, 173,1 records/sec (4,95 MB/sec), 5,8 ms avg latency, 117,0 ms max latency.
808 records sent, 159,7 records/sec (4,57 MB/sec), 6,2 ms avg latency, 114,0 ms max latency.
925 records sent, 181,4 records/sec (5,19 MB/sec), 5,5 ms avg latency, 120,0 ms max latency.
925 records sent, 181,6 records/sec (5,20 MB/sec), 5,5 ms avg latency, 119,0 ms max latency.
825 records sent, 163,2 records/sec (4,67 MB/sec), 6,1 ms avg latency, 418,0 ms max latency.
900 records sent, 176,5 records/sec (5,05 MB/sec), 5,6 ms avg latency, 119,0 ms max latency.
925 records sent, 181,5 records/sec (5,19 MB/sec), 5,5 ms avg latency, 114,0 ms max latency.
774 records sent, 154,7 records/sec (4,43 MB/sec), 6,5 ms avg latency, 116,0 ms max latency.
826 records sent, 164,4 records/sec (4,70 MB/sec), 6,1 ms avg latency, 115,0 ms max latency.
922 records sent, 184,3 records/sec (5,27 MB/sec), 5,4 ms avg latency, 115,0 ms max latency.
903 records sent, 178,0 records/sec (5,09 MB/sec), 5,6 ms avg latency, 119,0 ms max latency.
875 records sent, 172,0 records/sec (4,92 MB/sec), 5,8 ms avg latency, 153,0 ms max latency.
875 records sent, 174,2 records/sec (4,98 MB/sec), 5,7 ms avg latency, 146,0 ms max latency.
925 records sent, 181,6 records/sec (5,20 MB/sec), 5,5 ms avg latency, 119,0 ms max latency.
763 records sent, 152,5 records/sec (4,36 MB/sec), 6,5 ms avg latency, 112,0 ms max latency.
852 records sent, 170,4 records/sec (4,88 MB/sec), 5,9 ms avg latency, 219,0 ms max latency.
910 records sent, 179,1 records/sec (5,12 MB/sec), 5,6 ms avg latency, 119,0 ms max latency.
873 records sent, 174,6 records/sec (4,99 MB/sec), 5,7 ms avg latency, 276,0 ms max latency.
852 records sent, 167,6 records/sec (4,79 MB/sec), 5,9 ms avg latency, 112,0 ms max latency.
920 records sent, 183,8 records/sec (5,26 MB/sec), 5,4 ms avg latency, 118,0 ms max latency.
895 records sent, 178,5 records/sec (5,11 MB/sec), 5,6 ms avg latency, 111,0 ms max latency.
685 records sent, 136,0 records/sec (3,89 MB/sec), 7,3 ms avg latency, 112,0 ms max latency.
925 records sent, 181,6 records/sec (5,20 MB/sec), 5,5 ms avg latency, 119,0 ms max latency.
875 records sent, 172,0 records/sec (4,92 MB/sec), 5,8 ms avg latency, 241,0 ms max latency.
871 records sent, 174,1 records/sec (4,98 MB/sec), 5,7 ms avg latency, 176,0 ms max latency.
904 records sent, 178,9 records/sec (5,12 MB/sec), 5,6 ms avg latency, 119,0 ms max latency.
875 records sent, 173,0 records/sec (4,95 MB/sec), 5,8 ms avg latency, 115,0 ms max latency.
875 records sent, 174,4 records/sec (4,99 MB/sec), 5,7 ms avg latency, 172,0 ms max latency.
725 records sent, 143,3 records/sec (4,10 MB/sec), 7,0 ms avg latency, 112,0 ms max latency.
875 records sent, 172,9 records/sec (4,95 MB/sec), 5,8 ms avg latency, 133,0 ms max latency.
872 records sent, 173,6 records/sec (4,97 MB/sec), 5,7 ms avg latency, 136,0 ms max latency.
903 records sent, 178,4 records/sec (5,10 MB/sec), 5,6 ms avg latency, 115,0 ms max latency.
925 records sent, 181,7 records/sec (5,20 MB/sec), 5,5 ms avg latency, 119,0 ms max latency.
901 records sent, 176,0 records/sec (5,03 MB/sec), 5,6 ms avg latency, 126,0 ms max latency.
849 records sent, 167,3 records/sec (4,79 MB/sec), 5,9 ms avg latency, 114,0 ms max latency.
800 records sent, 155,9 records/sec (4,46 MB/sec), 6,4 ms avg latency, 196,0 ms max latency.
900 records sent, 177,8 records/sec (5,09 MB/sec), 5,6 ms avg latency, 118,0 ms max latency.
900 records sent, 177,8 records/sec (5,09 MB/sec), 5,6 ms avg latency, 118,0 ms max latency.
924 records sent, 184,7 records/sec (5,28 MB/sec), 5,4 ms avg latency, 116,0 ms max latency.
901 records sent, 178,7 records/sec (5,11 MB/sec), 5,6 ms avg latency, 117,0 ms max latency.
895 records sent, 178,8 records/sec (5,12 MB/sec), 5,6 ms avg latency, 113,0 ms max latency.
805 records sent, 159,4 records/sec (4,56 MB/sec), 6,3 ms avg latency, 118,0 ms max latency.
825 records sent, 164,5 records/sec (4,71 MB/sec), 6,1 ms avg latency, 140,0 ms max latency.
875 records sent, 173,1 records/sec (4,95 MB/sec), 5,8 ms avg latency, 119,0 ms max latency.
850 records sent, 169,5 records/sec (4,85 MB/sec), 5,9 ms avg latency, 119,0 ms max latency.
925 records sent, 181,5 records/sec (5,19 MB/sec), 5,5 ms avg latency, 118,0 ms max latency.
850 records sent, 168,5 records/sec (4,82 MB/sec), 5,9 ms avg latency, 177,0 ms max latency.
924 records sent, 184,6 records/sec (5,28 MB/sec), 5,4 ms avg latency, 114,0 ms max latency.
761 records sent, 152,1 records/sec (4,35 MB/sec), 6,6 ms avg latency, 113,0 ms max latency.
815 records sent, 160,1 records/sec (4,58 MB/sec), 6,2 ms avg latency, 117,0 ms max latency.
925 records sent, 181,7 records/sec (5,20 MB/sec), 5,5 ms avg latency, 113,0 ms max latency.
925 records sent, 181,6 records/sec (5,19 MB/sec), 5,5 ms avg latency, 115,0 ms max latency.
875 records sent, 174,1 records/sec (4,98 MB/sec), 5,7 ms avg latency, 149,0 ms max latency.
925 records sent, 181,6 records/sec (5,19 MB/sec), 5,5 ms avg latency, 115,0 ms max latency.
837 records sent, 167,2 records/sec (4,78 MB/sec), 6,0 ms avg latency, 254,0 ms max latency.
682 records sent, 136,2 records/sec (3,90 MB/sec), 7,3 ms avg latency, 119,0 ms max latency.
901 records sent, 180,2 records/sec (5,16 MB/sec), 5,5 ms avg latency, 120,0 ms max latency.
905 records sent, 178,8 records/sec (5,12 MB/sec), 5,6 ms avg latency, 119,0 ms max latency.
896 records sent, 179,1 records/sec (5,12 MB/sec), 5,6 ms avg latency, 121,0 ms max latency.
904 records sent, 178,7 records/sec (5,11 MB/sec), 5,6 ms avg latency, 119,0 ms max latency.
875 records sent, 171,8 records/sec (4,91 MB/sec), 5,8 ms avg latency, 242,0 ms max latency.
850 records sent, 169,7 records/sec (4,86 MB/sec), 5,9 ms avg latency, 290,0 ms max latency.
725 records sent, 142,0 records/sec (4,06 MB/sec), 7,0 ms avg latency, 136,0 ms max latency.
925 records sent, 181,7 records/sec (5,20 MB/sec), 5,5 ms avg latency, 113,0 ms max latency.
875 records sent, 173,0 records/sec (4,95 MB/sec), 5,8 ms avg latency, 154,0 ms max latency.
925 records sent, 181,8 records/sec (5,20 MB/sec), 5,5 ms avg latency, 117,0 ms max latency.
80000 records sent, 171,028243 records/sec (4,89 MB/sec), 5,83 ms avg latency, 3824,00 ms max latency, 0 ms 50th, 16 ms 95th, 109 ms 99th, 119 ms 99.9th.

Metric Name                                                                          Value
app-info:commit-id:{client-id=producer-1}                                          : d4284cbebb6f0a4c
app-info:start-time-ms:{client-id=producer-1}                                      : 1590520193553
app-info:version:{client-id=producer-1}                                            : 2.3.1
kafka-metrics-count:count:{client-id=producer-1}                                   : 126,000
producer-metrics:batch-size-avg:{client-id=producer-1}                             : 30077,000
producer-metrics:batch-size-max:{client-id=producer-1}                             : 30077,000
producer-metrics:batch-split-rate:{client-id=producer-1}                           : 0,000
producer-metrics:batch-split-total:{client-id=producer-1}                          : 0,000
producer-metrics:buffer-available-bytes:{client-id=producer-1}                     : 33554432,000
producer-metrics:buffer-exhausted-rate:{client-id=producer-1}                      : 0,000
producer-metrics:buffer-exhausted-total:{client-id=producer-1}                     : 0,000
producer-metrics:buffer-total-bytes:{client-id=producer-1}                         : 33554432,000
producer-metrics:bufferpool-wait-ratio:{client-id=producer-1}                      : 0,000
producer-metrics:bufferpool-wait-time-total:{client-id=producer-1}                 : 0,000
producer-metrics:compression-rate-avg:{client-id=producer-1}                       : 1,000
producer-metrics:connection-close-rate:{client-id=producer-1}                      : 0,000
producer-metrics:connection-close-total:{client-id=producer-1}                     : 0,000
producer-metrics:connection-count:{client-id=producer-1}                           : 4,000
producer-metrics:connection-creation-rate:{client-id=producer-1}                   : 0,000
producer-metrics:connection-creation-total:{client-id=producer-1}                  : 4,000
producer-metrics:failed-authentication-rate:{client-id=producer-1}                 : 0,000
producer-metrics:failed-authentication-total:{client-id=producer-1}                : 0,000
producer-metrics:failed-reauthentication-rate:{client-id=producer-1}               : 0,000
producer-metrics:failed-reauthentication-total:{client-id=producer-1}              : 0,000
producer-metrics:incoming-byte-rate:{client-id=producer-1}                         : 0,000
producer-metrics:incoming-byte-total:{client-id=producer-1}                        : 1746,000
producer-metrics:io-ratio:{client-id=producer-1}                                   : 0,006
producer-metrics:io-time-ns-avg:{client-id=producer-1}                             : 20416,754
producer-metrics:io-wait-ratio:{client-id=producer-1}                              : 0,970
producer-metrics:io-wait-time-ns-avg:{client-id=producer-1}                        : 3053660,693
producer-metrics:io-waittime-total:{client-id=producer-1}                          : 453190734938,000
producer-metrics:iotime-total:{client-id=producer-1}                               : 3317133540,000
producer-metrics:metadata-age:{client-id=producer-1}                               : 167,479
producer-metrics:network-io-rate:{client-id=producer-1}                            : 173,357
producer-metrics:network-io-total:{client-id=producer-1}                           : 80012,000
producer-metrics:outgoing-byte-rate:{client-id=producer-1}                         : 5229359,633
producer-metrics:outgoing-byte-total:{client-id=producer-1}                        : 2412549072,000
producer-metrics:produce-throttle-time-avg:{client-id=producer-1}                  : NaN
producer-metrics:produce-throttle-time-max:{client-id=producer-1}                  : NaN
producer-metrics:reauthentication-latency-avg:{client-id=producer-1}               : NaN
producer-metrics:reauthentication-latency-max:{client-id=producer-1}               : NaN
producer-metrics:record-error-rate:{client-id=producer-1}                          : 0,000
producer-metrics:record-error-total:{client-id=producer-1}                         : 0,000
producer-metrics:record-queue-time-avg:{client-id=producer-1}                      : 0,023
producer-metrics:record-queue-time-max:{client-id=producer-1}                      : 3,000
producer-metrics:record-retry-rate:{client-id=producer-1}                          : 0,000
producer-metrics:record-retry-total:{client-id=producer-1}                         : 0,000
producer-metrics:record-send-rate:{client-id=producer-1}                           : 173,364
producer-metrics:record-send-total:{client-id=producer-1}                          : 80000,000
producer-metrics:record-size-avg:{client-id=producer-1}                            : 30092,000
producer-metrics:record-size-max:{client-id=producer-1}                            : 30092,000
producer-metrics:records-per-request-avg:{client-id=producer-1}                    : 1,000
producer-metrics:request-latency-avg:{client-id=producer-1}                        : NaN
producer-metrics:request-latency-max:{client-id=producer-1}                        : NaN
producer-metrics:request-rate:{client-id=producer-1}                               : 173,360
producer-metrics:request-size-avg:{client-id=producer-1}                           : 30157,000
producer-metrics:request-size-max:{client-id=producer-1}                           : 30157,000
producer-metrics:request-total:{client-id=producer-1}                              : 80006,000
producer-metrics:requests-in-flight:{client-id=producer-1}                         : 0,000
producer-metrics:response-rate:{client-id=producer-1}                              : 0,000
producer-metrics:response-total:{client-id=producer-1}                             : 6,000
producer-metrics:select-rate:{client-id=producer-1}                                : 317,665
producer-metrics:select-total:{client-id=producer-1}                               : 160464,000
producer-metrics:successful-authentication-no-reauth-total:{client-id=producer-1}  : 0,000
producer-metrics:successful-authentication-rate:{client-id=producer-1}             : 0,000
producer-metrics:successful-authentication-total:{client-id=producer-1}            : 0,000
producer-metrics:successful-reauthentication-rate:{client-id=producer-1}           : 0,000
producer-metrics:successful-reauthentication-total:{client-id=producer-1}          : 0,000
producer-metrics:waiting-threads:{client-id=producer-1}                            : 0,000
producer-node-metrics:incoming-byte-rate:{client-id=producer-1, node-id=node--3}   : 0,000
producer-node-metrics:incoming-byte-rate:{client-id=producer-1, node-id=node-1}    : 0,000
producer-node-metrics:incoming-byte-rate:{client-id=producer-1, node-id=node-3}    : 0,000
producer-node-metrics:incoming-byte-rate:{client-id=producer-1, node-id=node-6}    : 0,000
producer-node-metrics:incoming-byte-total:{client-id=producer-1, node-id=node--3}  : 579,000
producer-node-metrics:incoming-byte-total:{client-id=producer-1, node-id=node-1}   : 294,000
producer-node-metrics:incoming-byte-total:{client-id=producer-1, node-id=node-3}   : 294,000
producer-node-metrics:incoming-byte-total:{client-id=producer-1, node-id=node-6}   : 579,000
producer-node-metrics:outgoing-byte-rate:{client-id=producer-1, node-id=node--3}   : 0,000
producer-node-metrics:outgoing-byte-rate:{client-id=producer-1, node-id=node-1}    : 1729339,184
producer-node-metrics:outgoing-byte-rate:{client-id=producer-1, node-id=node-3}    : 1749536,952
producer-node-metrics:outgoing-byte-rate:{client-id=producer-1, node-id=node-6}    : 1748858,283
producer-node-metrics:outgoing-byte-total:{client-id=producer-1, node-id=node--3}  : 67,000
producer-node-metrics:outgoing-byte-total:{client-id=producer-1, node-id=node-1}   : 800544149,000
producer-node-metrics:outgoing-byte-total:{client-id=producer-1, node-id=node-3}   : 804886660,000
producer-node-metrics:outgoing-byte-total:{client-id=producer-1, node-id=node-6}   : 807118196,000
producer-node-metrics:request-latency-avg:{client-id=producer-1, node-id=node--3}  : NaN
producer-node-metrics:request-latency-avg:{client-id=producer-1, node-id=node-1}   : NaN
producer-node-metrics:request-latency-avg:{client-id=producer-1, node-id=node-3}   : NaN
producer-node-metrics:request-latency-avg:{client-id=producer-1, node-id=node-6}   : NaN
producer-node-metrics:request-latency-max:{client-id=producer-1, node-id=node--3}  : NaN
producer-node-metrics:request-latency-max:{client-id=producer-1, node-id=node-1}   : NaN
producer-node-metrics:request-latency-max:{client-id=producer-1, node-id=node-3}   : NaN
producer-node-metrics:request-latency-max:{client-id=producer-1, node-id=node-6}   : NaN
producer-node-metrics:request-rate:{client-id=producer-1, node-id=node--3}         : 0,000
producer-node-metrics:request-rate:{client-id=producer-1, node-id=node-1}          : 57,341
producer-node-metrics:request-rate:{client-id=producer-1, node-id=node-3}          : 58,001
producer-node-metrics:request-rate:{client-id=producer-1, node-id=node-6}          : 57,979
producer-node-metrics:request-size-avg:{client-id=producer-1, node-id=node--3}     : NaN
producer-node-metrics:request-size-avg:{client-id=producer-1, node-id=node-1}      : 30157,000
producer-node-metrics:request-size-avg:{client-id=producer-1, node-id=node-3}      : 30157,000
producer-node-metrics:request-size-avg:{client-id=producer-1, node-id=node-6}      : 30157,000
producer-node-metrics:request-size-max:{client-id=producer-1, node-id=node--3}     : NaN
producer-node-metrics:request-size-max:{client-id=producer-1, node-id=node-1}      : 30157,000
producer-node-metrics:request-size-max:{client-id=producer-1, node-id=node-3}      : 30157,000
producer-node-metrics:request-size-max:{client-id=producer-1, node-id=node-6}      : 30157,000
producer-node-metrics:request-total:{client-id=producer-1, node-id=node--3}        : 2,000
producer-node-metrics:request-total:{client-id=producer-1, node-id=node-1}         : 26547,000
producer-node-metrics:request-total:{client-id=producer-1, node-id=node-3}         : 26691,000
producer-node-metrics:request-total:{client-id=producer-1, node-id=node-6}         : 26766,000
producer-node-metrics:response-rate:{client-id=producer-1, node-id=node--3}        : 0,000
producer-node-metrics:response-rate:{client-id=producer-1, node-id=node-1}         : 0,000
producer-node-metrics:response-rate:{client-id=producer-1, node-id=node-3}         : 0,000
producer-node-metrics:response-rate:{client-id=producer-1, node-id=node-6}         : 0,000
producer-node-metrics:response-total:{client-id=producer-1, node-id=node--3}       : 2,000
producer-node-metrics:response-total:{client-id=producer-1, node-id=node-1}        : 1,000
producer-node-metrics:response-total:{client-id=producer-1, node-id=node-3}        : 1,000
producer-node-metrics:response-total:{client-id=producer-1, node-id=node-6}        : 2,000
producer-topic-metrics:byte-rate:{client-id=producer-1, topic=test-topic}          : 5214156,649
producer-topic-metrics:byte-total:{client-id=producer-1, topic=test-topic}         : 2406148890,000
producer-topic-metrics:compression-rate:{client-id=producer-1, topic=test-topic}   : 1,000
producer-topic-metrics:record-error-rate:{client-id=producer-1, topic=test-topic}  : 0,000
producer-topic-metrics:record-error-total:{client-id=producer-1, topic=test-topic} : 0,000
producer-topic-metrics:record-retry-rate:{client-id=producer-1, topic=test-topic}  : 0,000
producer-topic-metrics:record-retry-total:{client-id=producer-1, topic=test-topic} : 0,000
producer-topic-metrics:record-send-rate:{client-id=producer-1, topic=test-topic}   : 173,364
producer-topic-metrics:record-send-total:{client-id=producer-1, topic=test-topic}  : 80000,000
Produce Time: 467.758
[16:17:41] Ignite node stopped OK [uptime=00:07:44.655]
Aplication time: 468.769
