Topic to send: test-topic
Topic to acks: -2
Records: 80000
Size:30000
[17:03:49]    __________  ________________ 
[17:03:49]   /  _/ ___/ |/ /  _/_  __/ __/ 
[17:03:49]  _/ // (7 7    // /  / / / _/   
[17:03:49] /___/\___/_/|_/___/ /_/ /___/  
[17:03:49] 
[17:03:49] ver. 2.7.6#20190911-sha1:21f7ca41
[17:03:49] 2019 Copyright(C) Apache Software Foundation
[17:03:49] 
[17:03:49] Ignite documentation: http://ignite.apache.org
[17:03:49] 
[17:03:49] Quiet mode.
[17:03:49]   ^-- Logging by 'JavaLogger [quiet=true, config=null]'
[17:03:49]   ^-- To see **FULL** console log here add -DIGNITE_QUIET=false or "-v" to ignite.{sh|bat}
[17:03:49] 
[17:03:49] OS: Linux 5.0.0-38-generic amd64
[17:03:49] VM information: OpenJDK Runtime Environment 11.0.5+10-post-Ubuntu-0ubuntu1.119.04 Private Build OpenJDK 64-Bit Server VM 11.0.5+10-post-Ubuntu-0ubuntu1.119.04
[17:03:49] Please set system property '-Djava.net.preferIPv4Stack=true' to avoid possible problems in mixed environments.
[17:03:49] Initial heap size is 126MB (should be no less than 512MB, use -Xms512m -Xmx512m).
[17:03:49] Configured plugins:
[17:03:49]   ^-- None
[17:03:49] 
[17:03:49] Configured failure handler: [hnd=StopNodeOrHaltFailureHandler [tryStop=false, timeout=0, super=AbstractFailureHandler [ignoredFailureTypes=[SYSTEM_WORKER_BLOCKED, SYSTEM_CRITICAL_OPERATION_TIMEOUT]]]]
[17:03:49] Message queue limit is set to 0 which may lead to potential OOMEs when running cache operations in FULL_ASYNC or PRIMARY_SYNC modes due to message queues growth on sender and receiver sides.
[17:03:49] Security status [authentication=off, tls/ssl=off]
[17:03:50] REST protocols do not start on client node. To start the protocols on client node set '-DIGNITE_REST_START_ON_CLIENT=true' system property.
[17:03:52] Performance suggestions for grid  (fix if possible)
[17:03:52] To disable, set -DIGNITE_PERFORMANCE_SUGGESTIONS_DISABLED=true
[17:03:52]   ^-- Switch to the most recent 1.8 JVM version
[17:03:52]   ^-- Specify JVM heap max size (add '-Xmx<size>[g|G|m|M|k|K]' to JVM options)
[17:03:52]   ^-- Set max direct memory size if getting 'OOME: Direct buffer memory' (add '-XX:MaxDirectMemorySize=<size>[g|G|m|M|k|K]' to JVM options)
[17:03:52]   ^-- Disable processing of calls to System.gc() (add '-XX:+DisableExplicitGC' to JVM options)
[17:03:52] Refer to this page for more performance suggestions: https://apacheignite.readme.io/docs/jvm-and-system-tuning
[17:03:52] 
[17:03:52] To start Console Management & Monitoring run ignitevisorcmd.{sh|bat}
[17:03:52] 
[17:03:52] Ignite node started OK (id=87e8f924)
[17:03:52] Topology snapshot [ver=66, locNode=87e8f924, servers=1, clients=1, state=ACTIVE, CPUs=8, offheap=1.5GB, heap=3.9GB]
1015 records sent, 145,9 records/sec (4,18 MB/sec), 6,8 ms avg latency, 3680,0 ms max latency.
850 records sent, 166,6 records/sec (4,77 MB/sec), 6,0 ms avg latency, 129,0 ms max latency.
900 records sent, 176,8 records/sec (5,06 MB/sec), 5,6 ms avg latency, 127,0 ms max latency.
900 records sent, 177,0 records/sec (5,06 MB/sec), 5,6 ms avg latency, 122,0 ms max latency.
900 records sent, 178,5 records/sec (5,11 MB/sec), 5,6 ms avg latency, 123,0 ms max latency.
900 records sent, 179,1 records/sec (5,13 MB/sec), 5,6 ms avg latency, 121,0 ms max latency.
750 records sent, 147,5 records/sec (4,22 MB/sec), 6,8 ms avg latency, 115,0 ms max latency.
725 records sent, 143,8 records/sec (4,11 MB/sec), 6,9 ms avg latency, 464,0 ms max latency.
919 records sent, 183,7 records/sec (5,25 MB/sec), 5,4 ms avg latency, 120,0 ms max latency.
906 records sent, 178,0 records/sec (5,09 MB/sec), 5,6 ms avg latency, 117,0 ms max latency.
918 records sent, 183,4 records/sec (5,25 MB/sec), 5,4 ms avg latency, 114,0 ms max latency.
886 records sent, 177,2 records/sec (5,07 MB/sec), 5,6 ms avg latency, 124,0 ms max latency.
911 records sent, 180,9 records/sec (5,17 MB/sec), 5,5 ms avg latency, 120,0 ms max latency.
604 records sent, 118,5 records/sec (3,39 MB/sec), 8,4 ms avg latency, 586,0 ms max latency.
907 records sent, 178,9 records/sec (5,12 MB/sec), 5,6 ms avg latency, 120,0 ms max latency.
925 records sent, 181,7 records/sec (5,20 MB/sec), 5,5 ms avg latency, 121,0 ms max latency.
925 records sent, 181,6 records/sec (5,20 MB/sec), 5,5 ms avg latency, 124,0 ms max latency.
925 records sent, 182,3 records/sec (5,21 MB/sec), 5,5 ms avg latency, 115,0 ms max latency.
925 records sent, 182,3 records/sec (5,22 MB/sec), 5,5 ms avg latency, 119,0 ms max latency.
828 records sent, 142,5 records/sec (4,08 MB/sec), 7,0 ms avg latency, 978,0 ms max latency.
897 records sent, 177,2 records/sec (5,07 MB/sec), 5,6 ms avg latency, 116,0 ms max latency.
900 records sent, 179,1 records/sec (5,12 MB/sec), 5,6 ms avg latency, 115,0 ms max latency.
923 records sent, 184,6 records/sec (5,28 MB/sec), 5,4 ms avg latency, 118,0 ms max latency.
902 records sent, 178,4 records/sec (5,10 MB/sec), 5,6 ms avg latency, 118,0 ms max latency.
922 records sent, 184,3 records/sec (5,27 MB/sec), 5,4 ms avg latency, 117,0 ms max latency.
854 records sent, 170,8 records/sec (4,89 MB/sec), 5,8 ms avg latency, 117,0 ms max latency.
660 records sent, 128,4 records/sec (3,67 MB/sec), 7,8 ms avg latency, 356,0 ms max latency.
912 records sent, 182,4 records/sec (5,22 MB/sec), 5,5 ms avg latency, 120,0 ms max latency.
902 records sent, 178,2 records/sec (5,10 MB/sec), 5,6 ms avg latency, 118,0 ms max latency.
923 records sent, 184,6 records/sec (5,28 MB/sec), 5,4 ms avg latency, 114,0 ms max latency.
877 records sent, 174,8 records/sec (5,00 MB/sec), 5,7 ms avg latency, 111,0 ms max latency.
850 records sent, 169,7 records/sec (4,86 MB/sec), 5,9 ms avg latency, 119,0 ms max latency.
800 records sent, 159,9 records/sec (4,57 MB/sec), 6,2 ms avg latency, 475,0 ms max latency.
875 records sent, 173,1 records/sec (4,95 MB/sec), 5,8 ms avg latency, 121,0 ms max latency.
925 records sent, 181,9 records/sec (5,20 MB/sec), 5,5 ms avg latency, 115,0 ms max latency.
923 records sent, 184,5 records/sec (5,28 MB/sec), 5,4 ms avg latency, 119,0 ms max latency.
902 records sent, 178,0 records/sec (5,09 MB/sec), 5,6 ms avg latency, 118,0 ms max latency.
774 records sent, 154,6 records/sec (4,42 MB/sec), 6,5 ms avg latency, 110,0 ms max latency.
792 records sent, 158,1 records/sec (4,52 MB/sec), 6,3 ms avg latency, 517,0 ms max latency.
859 records sent, 169,7 records/sec (4,85 MB/sec), 5,9 ms avg latency, 222,0 ms max latency.
925 records sent, 182,1 records/sec (5,21 MB/sec), 5,5 ms avg latency, 116,0 ms max latency.
922 records sent, 184,4 records/sec (5,28 MB/sec), 5,4 ms avg latency, 115,0 ms max latency.
901 records sent, 180,2 records/sec (5,15 MB/sec), 5,5 ms avg latency, 115,0 ms max latency.
845 records sent, 168,4 records/sec (4,82 MB/sec), 5,9 ms avg latency, 118,0 ms max latency.
732 records sent, 145,8 records/sec (4,17 MB/sec), 6,8 ms avg latency, 425,0 ms max latency.
700 records sent, 138,2 records/sec (3,95 MB/sec), 7,2 ms avg latency, 1178,0 ms max latency.
925 records sent, 181,3 records/sec (5,19 MB/sec), 5,5 ms avg latency, 119,0 ms max latency.
924 records sent, 184,7 records/sec (5,29 MB/sec), 5,4 ms avg latency, 118,0 ms max latency.
901 records sent, 178,4 records/sec (5,10 MB/sec), 5,6 ms avg latency, 120,0 ms max latency.
825 records sent, 161,9 records/sec (4,63 MB/sec), 6,2 ms avg latency, 116,0 ms max latency.
800 records sent, 159,5 records/sec (4,56 MB/sec), 6,3 ms avg latency, 335,0 ms max latency.
750 records sent, 149,9 records/sec (4,29 MB/sec), 6,7 ms avg latency, 233,0 ms max latency.
925 records sent, 182,3 records/sec (5,22 MB/sec), 5,5 ms avg latency, 115,0 ms max latency.
925 records sent, 181,6 records/sec (5,19 MB/sec), 5,5 ms avg latency, 118,0 ms max latency.
925 records sent, 181,7 records/sec (5,20 MB/sec), 5,5 ms avg latency, 115,0 ms max latency.
925 records sent, 181,8 records/sec (5,20 MB/sec), 5,5 ms avg latency, 119,0 ms max latency.
800 records sent, 158,2 records/sec (4,53 MB/sec), 6,3 ms avg latency, 593,0 ms max latency.
849 records sent, 169,0 records/sec (4,84 MB/sec), 5,9 ms avg latency, 187,0 ms max latency.
776 records sent, 153,4 records/sec (4,39 MB/sec), 6,5 ms avg latency, 117,0 ms max latency.
925 records sent, 181,4 records/sec (5,19 MB/sec), 5,5 ms avg latency, 118,0 ms max latency.
925 records sent, 181,4 records/sec (5,19 MB/sec), 5,5 ms avg latency, 118,0 ms max latency.
925 records sent, 181,6 records/sec (5,19 MB/sec), 5,5 ms avg latency, 119,0 ms max latency.
825 records sent, 162,2 records/sec (4,64 MB/sec), 6,1 ms avg latency, 452,0 ms max latency.
875 records sent, 173,7 records/sec (4,97 MB/sec), 5,7 ms avg latency, 137,0 ms max latency.
825 records sent, 164,5 records/sec (4,71 MB/sec), 6,1 ms avg latency, 119,0 ms max latency.
850 records sent, 167,4 records/sec (4,79 MB/sec), 6,0 ms avg latency, 114,0 ms max latency.
923 records sent, 184,4 records/sec (5,28 MB/sec), 5,4 ms avg latency, 117,0 ms max latency.
902 records sent, 178,7 records/sec (5,11 MB/sec), 5,6 ms avg latency, 120,0 ms max latency.
810 records sent, 162,0 records/sec (4,63 MB/sec), 6,2 ms avg latency, 603,0 ms max latency.
865 records sent, 172,3 records/sec (4,93 MB/sec), 5,8 ms avg latency, 153,0 ms max latency.
925 records sent, 181,4 records/sec (5,19 MB/sec), 5,5 ms avg latency, 119,0 ms max latency.
782 records sent, 155,7 records/sec (4,46 MB/sec), 6,4 ms avg latency, 117,0 ms max latency.
893 records sent, 177,7 records/sec (5,08 MB/sec), 5,6 ms avg latency, 115,0 ms max latency.
925 records sent, 181,9 records/sec (5,21 MB/sec), 5,5 ms avg latency, 120,0 ms max latency.
804 records sent, 160,6 records/sec (4,60 MB/sec), 6,2 ms avg latency, 587,0 ms max latency.
875 records sent, 174,7 records/sec (5,00 MB/sec), 5,7 ms avg latency, 115,0 ms max latency.
918 records sent, 183,5 records/sec (5,25 MB/sec), 5,4 ms avg latency, 117,0 ms max latency.
903 records sent, 178,1 records/sec (5,10 MB/sec), 5,6 ms avg latency, 118,0 ms max latency.
750 records sent, 147,3 records/sec (4,21 MB/sec), 6,8 ms avg latency, 114,0 ms max latency.
916 records sent, 183,2 records/sec (5,24 MB/sec), 5,4 ms avg latency, 119,0 ms max latency.
909 records sent, 179,4 records/sec (5,13 MB/sec), 5,6 ms avg latency, 119,0 ms max latency.
811 records sent, 162,2 records/sec (4,64 MB/sec), 6,2 ms avg latency, 569,0 ms max latency.
864 records sent, 172,3 records/sec (4,93 MB/sec), 5,8 ms avg latency, 195,0 ms max latency.
922 records sent, 184,3 records/sec (5,27 MB/sec), 5,4 ms avg latency, 115,0 ms max latency.
903 records sent, 179,1 records/sec (5,12 MB/sec), 5,6 ms avg latency, 119,0 ms max latency.
750 records sent, 149,6 records/sec (4,28 MB/sec), 6,7 ms avg latency, 115,0 ms max latency.
920 records sent, 184,0 records/sec (5,26 MB/sec), 5,4 ms avg latency, 118,0 ms max latency.
793 records sent, 158,6 records/sec (4,54 MB/sec), 6,3 ms avg latency, 511,0 ms max latency.
862 records sent, 170,5 records/sec (4,88 MB/sec), 5,9 ms avg latency, 120,0 ms max latency.
925 records sent, 181,9 records/sec (5,20 MB/sec), 5,5 ms avg latency, 118,0 ms max latency.
925 records sent, 181,6 records/sec (5,20 MB/sec), 5,5 ms avg latency, 118,0 ms max latency.
900 records sent, 178,1 records/sec (5,10 MB/sec), 5,6 ms avg latency, 118,0 ms max latency.
80000 records sent, 171,303275 records/sec (4,90 MB/sec), 5,82 ms avg latency, 3680,00 ms max latency, 0 ms 50th, 12 ms 95th, 109 ms 99th, 118 ms 99.9th.

Metric Name                                                                          Value
app-info:commit-id:{client-id=producer-1}                                          : d4284cbebb6f0a4c
app-info:start-time-ms:{client-id=producer-1}                                      : 1590523428962
app-info:version:{client-id=producer-1}                                            : 2.3.1
kafka-metrics-count:count:{client-id=producer-1}                                   : 126,000
producer-metrics:batch-size-avg:{client-id=producer-1}                             : 30077,000
producer-metrics:batch-size-max:{client-id=producer-1}                             : 30077,000
producer-metrics:batch-split-rate:{client-id=producer-1}                           : 0,000
producer-metrics:batch-split-total:{client-id=producer-1}                          : 0,000
producer-metrics:buffer-available-bytes:{client-id=producer-1}                     : 33554432,000
producer-metrics:buffer-exhausted-rate:{client-id=producer-1}                      : 0,000
producer-metrics:buffer-exhausted-total:{client-id=producer-1}                     : 0,000
producer-metrics:buffer-total-bytes:{client-id=producer-1}                         : 33554432,000
producer-metrics:bufferpool-wait-ratio:{client-id=producer-1}                      : 0,000
producer-metrics:bufferpool-wait-time-total:{client-id=producer-1}                 : 0,000
producer-metrics:compression-rate-avg:{client-id=producer-1}                       : 1,000
producer-metrics:connection-close-rate:{client-id=producer-1}                      : 0,000
producer-metrics:connection-close-total:{client-id=producer-1}                     : 0,000
producer-metrics:connection-count:{client-id=producer-1}                           : 4,000
producer-metrics:connection-creation-rate:{client-id=producer-1}                   : 0,000
producer-metrics:connection-creation-total:{client-id=producer-1}                  : 4,000
producer-metrics:failed-authentication-rate:{client-id=producer-1}                 : 0,000
producer-metrics:failed-authentication-total:{client-id=producer-1}                : 0,000
producer-metrics:failed-reauthentication-rate:{client-id=producer-1}               : 0,000
producer-metrics:failed-reauthentication-total:{client-id=producer-1}              : 0,000
producer-metrics:incoming-byte-rate:{client-id=producer-1}                         : 0,000
producer-metrics:incoming-byte-total:{client-id=producer-1}                        : 1746,000
producer-metrics:io-ratio:{client-id=producer-1}                                   : 0,006
producer-metrics:io-time-ns-avg:{client-id=producer-1}                             : 16975,628
producer-metrics:io-wait-ratio:{client-id=producer-1}                              : 0,976
producer-metrics:io-wait-time-ns-avg:{client-id=producer-1}                        : 2579768,141
producer-metrics:io-waittime-total:{client-id=producer-1}                          : 453445685080,000
producer-metrics:iotime-total:{client-id=producer-1}                               : 3288267996,000
producer-metrics:metadata-age:{client-id=producer-1}                               : 166,714
producer-metrics:network-io-rate:{client-id=producer-1}                            : 174,036
producer-metrics:network-io-total:{client-id=producer-1}                           : 80012,000
producer-metrics:outgoing-byte-rate:{client-id=producer-1}                         : 5250785,796
producer-metrics:outgoing-byte-total:{client-id=producer-1}                        : 2412549072,000
producer-metrics:produce-throttle-time-avg:{client-id=producer-1}                  : NaN
producer-metrics:produce-throttle-time-max:{client-id=producer-1}                  : NaN
producer-metrics:reauthentication-latency-avg:{client-id=producer-1}               : NaN
producer-metrics:reauthentication-latency-max:{client-id=producer-1}               : NaN
producer-metrics:record-error-rate:{client-id=producer-1}                          : 0,000
producer-metrics:record-error-total:{client-id=producer-1}                         : 0,000
producer-metrics:record-queue-time-avg:{client-id=producer-1}                      : 0,028
producer-metrics:record-queue-time-max:{client-id=producer-1}                      : 1,000
producer-metrics:record-retry-rate:{client-id=producer-1}                          : 0,000
producer-metrics:record-retry-total:{client-id=producer-1}                         : 0,000
producer-metrics:record-send-rate:{client-id=producer-1}                           : 174,066
producer-metrics:record-send-total:{client-id=producer-1}                          : 80000,000
producer-metrics:record-size-avg:{client-id=producer-1}                            : 30092,000
producer-metrics:record-size-max:{client-id=producer-1}                            : 30092,000
producer-metrics:records-per-request-avg:{client-id=producer-1}                    : 1,000
producer-metrics:request-latency-avg:{client-id=producer-1}                        : NaN
producer-metrics:request-latency-max:{client-id=producer-1}                        : NaN
producer-metrics:request-rate:{client-id=producer-1}                               : 174,039
producer-metrics:request-size-avg:{client-id=producer-1}                           : 30157,000
producer-metrics:request-size-max:{client-id=producer-1}                           : 30157,000
producer-metrics:request-total:{client-id=producer-1}                              : 80006,000
producer-metrics:requests-in-flight:{client-id=producer-1}                         : 0,000
producer-metrics:response-rate:{client-id=producer-1}                              : 0,000
producer-metrics:response-total:{client-id=producer-1}                             : 6,000
producer-metrics:select-rate:{client-id=producer-1}                                : 378,461
producer-metrics:select-total:{client-id=producer-1}                               : 167259,000
producer-metrics:successful-authentication-no-reauth-total:{client-id=producer-1}  : 0,000
producer-metrics:successful-authentication-rate:{client-id=producer-1}             : 0,000
producer-metrics:successful-authentication-total:{client-id=producer-1}            : 0,000
producer-metrics:successful-reauthentication-rate:{client-id=producer-1}           : 0,000
producer-metrics:successful-reauthentication-total:{client-id=producer-1}          : 0,000
producer-metrics:waiting-threads:{client-id=producer-1}                            : 0,000
producer-node-metrics:incoming-byte-rate:{client-id=producer-1, node-id=node--3}   : 0,000
producer-node-metrics:incoming-byte-rate:{client-id=producer-1, node-id=node-1}    : 0,000
producer-node-metrics:incoming-byte-rate:{client-id=producer-1, node-id=node-3}    : 0,000
producer-node-metrics:incoming-byte-rate:{client-id=producer-1, node-id=node-6}    : 0,000
producer-node-metrics:incoming-byte-total:{client-id=producer-1, node-id=node--3}  : 579,000
producer-node-metrics:incoming-byte-total:{client-id=producer-1, node-id=node-1}   : 294,000
producer-node-metrics:incoming-byte-total:{client-id=producer-1, node-id=node-3}   : 294,000
producer-node-metrics:incoming-byte-total:{client-id=producer-1, node-id=node-6}   : 579,000
producer-node-metrics:outgoing-byte-rate:{client-id=producer-1, node-id=node--3}   : 0,000
producer-node-metrics:outgoing-byte-rate:{client-id=producer-1, node-id=node-1}    : 1738027,384
producer-node-metrics:outgoing-byte-rate:{client-id=producer-1, node-id=node-3}    : 1761198,121
producer-node-metrics:outgoing-byte-rate:{client-id=producer-1, node-id=node-6}    : 1755273,819
producer-node-metrics:outgoing-byte-total:{client-id=producer-1, node-id=node--3}  : 67,000
producer-node-metrics:outgoing-byte-total:{client-id=producer-1, node-id=node-1}   : 800544149,000
producer-node-metrics:outgoing-byte-total:{client-id=producer-1, node-id=node-3}   : 804886660,000
producer-node-metrics:outgoing-byte-total:{client-id=producer-1, node-id=node-6}   : 807118196,000
producer-node-metrics:request-latency-avg:{client-id=producer-1, node-id=node--3}  : NaN
producer-node-metrics:request-latency-avg:{client-id=producer-1, node-id=node-1}   : NaN
producer-node-metrics:request-latency-avg:{client-id=producer-1, node-id=node-3}   : NaN
producer-node-metrics:request-latency-avg:{client-id=producer-1, node-id=node-6}   : NaN
producer-node-metrics:request-latency-max:{client-id=producer-1, node-id=node--3}  : NaN
producer-node-metrics:request-latency-max:{client-id=producer-1, node-id=node-1}   : NaN
producer-node-metrics:request-latency-max:{client-id=producer-1, node-id=node-3}   : NaN
producer-node-metrics:request-latency-max:{client-id=producer-1, node-id=node-6}   : NaN
producer-node-metrics:request-rate:{client-id=producer-1, node-id=node--3}         : 0,000
producer-node-metrics:request-rate:{client-id=producer-1, node-id=node-1}          : 57,623
producer-node-metrics:request-rate:{client-id=producer-1, node-id=node-3}          : 58,382
producer-node-metrics:request-rate:{client-id=producer-1, node-id=node-6}          : 58,189
producer-node-metrics:request-size-avg:{client-id=producer-1, node-id=node--3}     : NaN
producer-node-metrics:request-size-avg:{client-id=producer-1, node-id=node-1}      : 30157,000
producer-node-metrics:request-size-avg:{client-id=producer-1, node-id=node-3}      : 30157,000
producer-node-metrics:request-size-avg:{client-id=producer-1, node-id=node-6}      : 30157,000
producer-node-metrics:request-size-max:{client-id=producer-1, node-id=node--3}     : NaN
producer-node-metrics:request-size-max:{client-id=producer-1, node-id=node-1}      : 30157,000
producer-node-metrics:request-size-max:{client-id=producer-1, node-id=node-3}      : 30157,000
producer-node-metrics:request-size-max:{client-id=producer-1, node-id=node-6}      : 30157,000
producer-node-metrics:request-total:{client-id=producer-1, node-id=node--3}        : 2,000
producer-node-metrics:request-total:{client-id=producer-1, node-id=node-1}         : 26547,000
producer-node-metrics:request-total:{client-id=producer-1, node-id=node-3}         : 26691,000
producer-node-metrics:request-total:{client-id=producer-1, node-id=node-6}         : 26766,000
producer-node-metrics:response-rate:{client-id=producer-1, node-id=node--3}        : 0,000
producer-node-metrics:response-rate:{client-id=producer-1, node-id=node-1}         : 0,000
producer-node-metrics:response-rate:{client-id=producer-1, node-id=node-3}         : 0,000
producer-node-metrics:response-rate:{client-id=producer-1, node-id=node-6}         : 0,000
producer-node-metrics:response-total:{client-id=producer-1, node-id=node--3}       : 2,000
producer-node-metrics:response-total:{client-id=producer-1, node-id=node-1}        : 1,000
producer-node-metrics:response-total:{client-id=producer-1, node-id=node-3}        : 1,000
producer-node-metrics:response-total:{client-id=producer-1, node-id=node-6}        : 2,000
producer-topic-metrics:byte-rate:{client-id=producer-1, topic=test-topic}          : 5235152,187
producer-topic-metrics:byte-total:{client-id=producer-1, topic=test-topic}         : 2406148890,000
producer-topic-metrics:compression-rate:{client-id=producer-1, topic=test-topic}   : 1,000
producer-topic-metrics:record-error-rate:{client-id=producer-1, topic=test-topic}  : 0,000
producer-topic-metrics:record-error-total:{client-id=producer-1, topic=test-topic} : 0,000
producer-topic-metrics:record-retry-rate:{client-id=producer-1, topic=test-topic}  : 0,000
producer-topic-metrics:record-retry-total:{client-id=producer-1, topic=test-topic} : 0,000
producer-topic-metrics:record-send-rate:{client-id=producer-1, topic=test-topic}   : 174,066
producer-topic-metrics:record-send-total:{client-id=producer-1, topic=test-topic}  : 80000,000
Produce Time: 467.007
[17:11:36] Ignite node stopped OK [uptime=00:07:43.963]
Aplication time: 468.043
