Topic to send: test-topic
Topic to acks: -2
Records: 80000
Size:20000
[21:14:44]    __________  ________________ 
[21:14:44]   /  _/ ___/ |/ /  _/_  __/ __/ 
[21:14:44]  _/ // (7 7    // /  / / / _/   
[21:14:44] /___/\___/_/|_/___/ /_/ /___/  
[21:14:44] 
[21:14:44] ver. 2.7.6#20190911-sha1:21f7ca41
[21:14:44] 2019 Copyright(C) Apache Software Foundation
[21:14:44] 
[21:14:44] Ignite documentation: http://ignite.apache.org
[21:14:44] 
[21:14:44] Quiet mode.
[21:14:44]   ^-- Logging by 'JavaLogger [quiet=true, config=null]'
[21:14:44]   ^-- To see **FULL** console log here add -DIGNITE_QUIET=false or "-v" to ignite.{sh|bat}
[21:14:44] 
[21:14:44] OS: Linux 5.0.0-38-generic amd64
[21:14:44] VM information: OpenJDK Runtime Environment 11.0.5+10-post-Ubuntu-0ubuntu1.119.04 Private Build OpenJDK 64-Bit Server VM 11.0.5+10-post-Ubuntu-0ubuntu1.119.04
[21:14:44] Please set system property '-Djava.net.preferIPv4Stack=true' to avoid possible problems in mixed environments.
[21:14:44] Initial heap size is 126MB (should be no less than 512MB, use -Xms512m -Xmx512m).
[21:14:44] Configured plugins:
[21:14:44]   ^-- None
[21:14:44] 
[21:14:44] Configured failure handler: [hnd=StopNodeOrHaltFailureHandler [tryStop=false, timeout=0, super=AbstractFailureHandler [ignoredFailureTypes=[SYSTEM_WORKER_BLOCKED, SYSTEM_CRITICAL_OPERATION_TIMEOUT]]]]
[21:14:44] Message queue limit is set to 0 which may lead to potential OOMEs when running cache operations in FULL_ASYNC or PRIMARY_SYNC modes due to message queues growth on sender and receiver sides.
[21:14:44] Security status [authentication=off, tls/ssl=off]
[21:14:45] REST protocols do not start on client node. To start the protocols on client node set '-DIGNITE_REST_START_ON_CLIENT=true' system property.
[21:14:47] Performance suggestions for grid  (fix if possible)
[21:14:47] To disable, set -DIGNITE_PERFORMANCE_SUGGESTIONS_DISABLED=true
[21:14:47]   ^-- Switch to the most recent 1.8 JVM version
[21:14:47]   ^-- Specify JVM heap max size (add '-Xmx<size>[g|G|m|M|k|K]' to JVM options)
[21:14:47]   ^-- Set max direct memory size if getting 'OOME: Direct buffer memory' (add '-XX:MaxDirectMemorySize=<size>[g|G|m|M|k|K]' to JVM options)
[21:14:47]   ^-- Disable processing of calls to System.gc() (add '-XX:+DisableExplicitGC' to JVM options)
[21:14:47] Refer to this page for more performance suggestions: https://apacheignite.readme.io/docs/jvm-and-system-tuning
[21:14:47] 
[21:14:47] To start Console Management & Monitoring run ignitevisorcmd.{sh|bat}
[21:14:47] 
[21:14:47] Ignite node started OK (id=86944cea)
[21:14:47] Topology snapshot [ver=36, locNode=86944cea, servers=1, clients=1, state=ACTIVE, CPUs=8, offheap=1.5GB, heap=3.9GB]
1447 records sent, 199,9 records/sec (3,81 MB/sec), 4,9 ms avg latency, 3815,0 ms max latency.
1300 records sent, 256,4 records/sec (4,89 MB/sec), 3,9 ms avg latency, 96,0 ms max latency.
1281 records sent, 256,2 records/sec (4,89 MB/sec), 3,9 ms avg latency, 91,0 ms max latency.
1303 records sent, 260,6 records/sec (4,97 MB/sec), 3,8 ms avg latency, 96,0 ms max latency.
1316 records sent, 259,3 records/sec (4,94 MB/sec), 3,8 ms avg latency, 94,0 ms max latency.
1325 records sent, 262,7 records/sec (5,01 MB/sec), 3,8 ms avg latency, 98,0 ms max latency.
1150 records sent, 229,5 records/sec (4,38 MB/sec), 4,3 ms avg latency, 243,0 ms max latency.
1350 records sent, 265,7 records/sec (5,07 MB/sec), 3,7 ms avg latency, 92,0 ms max latency.
1350 records sent, 265,4 records/sec (5,06 MB/sec), 3,8 ms avg latency, 92,0 ms max latency.
1350 records sent, 265,7 records/sec (5,07 MB/sec), 3,8 ms avg latency, 93,0 ms max latency.
1350 records sent, 266,3 records/sec (5,08 MB/sec), 3,7 ms avg latency, 90,0 ms max latency.
1350 records sent, 266,9 records/sec (5,09 MB/sec), 3,7 ms avg latency, 98,0 ms max latency.
1350 records sent, 266,7 records/sec (5,09 MB/sec), 3,7 ms avg latency, 91,0 ms max latency.
1350 records sent, 266,6 records/sec (5,08 MB/sec), 3,7 ms avg latency, 90,0 ms max latency.
1350 records sent, 268,0 records/sec (5,11 MB/sec), 3,7 ms avg latency, 89,0 ms max latency.
1350 records sent, 267,6 records/sec (5,10 MB/sec), 3,7 ms avg latency, 92,0 ms max latency.
1350 records sent, 266,4 records/sec (5,08 MB/sec), 3,7 ms avg latency, 94,0 ms max latency.
1350 records sent, 266,6 records/sec (5,08 MB/sec), 3,7 ms avg latency, 91,0 ms max latency.
1350 records sent, 266,9 records/sec (5,09 MB/sec), 3,7 ms avg latency, 90,0 ms max latency.
1350 records sent, 266,6 records/sec (5,08 MB/sec), 3,7 ms avg latency, 95,0 ms max latency.
1300 records sent, 258,0 records/sec (4,92 MB/sec), 3,9 ms avg latency, 90,0 ms max latency.
1346 records sent, 269,1 records/sec (5,13 MB/sec), 3,7 ms avg latency, 125,0 ms max latency.
1329 records sent, 263,9 records/sec (5,03 MB/sec), 3,8 ms avg latency, 90,0 ms max latency.
1350 records sent, 268,1 records/sec (5,11 MB/sec), 3,7 ms avg latency, 90,0 ms max latency.
1350 records sent, 265,8 records/sec (5,07 MB/sec), 3,7 ms avg latency, 90,0 ms max latency.
1350 records sent, 267,6 records/sec (5,10 MB/sec), 3,7 ms avg latency, 90,0 ms max latency.
1350 records sent, 266,6 records/sec (5,09 MB/sec), 3,7 ms avg latency, 94,0 ms max latency.
1275 records sent, 253,6 records/sec (4,84 MB/sec), 3,9 ms avg latency, 90,0 ms max latency.
1350 records sent, 267,9 records/sec (5,11 MB/sec), 3,7 ms avg latency, 90,0 ms max latency.
1350 records sent, 267,3 records/sec (5,10 MB/sec), 3,7 ms avg latency, 91,0 ms max latency.
1325 records sent, 263,7 records/sec (5,03 MB/sec), 3,8 ms avg latency, 91,0 ms max latency.
1350 records sent, 266,6 records/sec (5,08 MB/sec), 3,7 ms avg latency, 91,0 ms max latency.
1350 records sent, 267,0 records/sec (5,09 MB/sec), 3,7 ms avg latency, 90,0 ms max latency.
1350 records sent, 266,2 records/sec (5,08 MB/sec), 3,7 ms avg latency, 91,0 ms max latency.
1350 records sent, 266,1 records/sec (5,08 MB/sec), 3,7 ms avg latency, 92,0 ms max latency.
1350 records sent, 268,0 records/sec (5,11 MB/sec), 3,7 ms avg latency, 91,0 ms max latency.
1350 records sent, 267,6 records/sec (5,10 MB/sec), 3,7 ms avg latency, 89,0 ms max latency.
1350 records sent, 267,5 records/sec (5,10 MB/sec), 3,7 ms avg latency, 90,0 ms max latency.
1350 records sent, 267,5 records/sec (5,10 MB/sec), 3,7 ms avg latency, 91,0 ms max latency.
1350 records sent, 267,9 records/sec (5,11 MB/sec), 3,7 ms avg latency, 90,0 ms max latency.
1350 records sent, 266,0 records/sec (5,07 MB/sec), 3,7 ms avg latency, 91,0 ms max latency.
1350 records sent, 267,0 records/sec (5,09 MB/sec), 3,7 ms avg latency, 89,0 ms max latency.
1350 records sent, 267,5 records/sec (5,10 MB/sec), 3,7 ms avg latency, 91,0 ms max latency.
1350 records sent, 266,9 records/sec (5,09 MB/sec), 3,7 ms avg latency, 91,0 ms max latency.
1350 records sent, 266,6 records/sec (5,09 MB/sec), 3,7 ms avg latency, 92,0 ms max latency.
1350 records sent, 267,1 records/sec (5,09 MB/sec), 3,7 ms avg latency, 92,0 ms max latency.
1350 records sent, 268,1 records/sec (5,11 MB/sec), 3,7 ms avg latency, 90,0 ms max latency.
1350 records sent, 266,2 records/sec (5,08 MB/sec), 3,7 ms avg latency, 92,0 ms max latency.
1350 records sent, 266,7 records/sec (5,09 MB/sec), 3,7 ms avg latency, 90,0 ms max latency.
1300 records sent, 259,2 records/sec (4,94 MB/sec), 3,8 ms avg latency, 146,0 ms max latency.
1350 records sent, 267,2 records/sec (5,10 MB/sec), 3,7 ms avg latency, 90,0 ms max latency.
1350 records sent, 267,4 records/sec (5,10 MB/sec), 3,7 ms avg latency, 90,0 ms max latency.
1350 records sent, 267,3 records/sec (5,10 MB/sec), 3,7 ms avg latency, 93,0 ms max latency.
1350 records sent, 267,6 records/sec (5,10 MB/sec), 3,7 ms avg latency, 91,0 ms max latency.
1300 records sent, 256,5 records/sec (4,89 MB/sec), 3,9 ms avg latency, 99,0 ms max latency.
1200 records sent, 239,7 records/sec (4,57 MB/sec), 4,2 ms avg latency, 476,0 ms max latency.
1350 records sent, 268,0 records/sec (5,11 MB/sec), 3,7 ms avg latency, 90,0 ms max latency.
1275 records sent, 254,8 records/sec (4,86 MB/sec), 3,9 ms avg latency, 151,0 ms max latency.
1350 records sent, 266,5 records/sec (5,08 MB/sec), 3,7 ms avg latency, 93,0 ms max latency.
80000 records sent, 262,652462 records/sec (5,01 MB/sec), 3,79 ms avg latency, 3815,00 ms max latency, 0 ms 50th, 7 ms 95th, 88 ms 99th, 90 ms 99.9th.

Metric Name                                                                          Value
app-info:commit-id:{client-id=producer-1}                                          : d4284cbebb6f0a4c
app-info:start-time-ms:{client-id=producer-1}                                      : 1590452083769
app-info:version:{client-id=producer-1}                                            : 2.3.1
kafka-metrics-count:count:{client-id=producer-1}                                   : 126,000
producer-metrics:batch-size-avg:{client-id=producer-1}                             : 20077,000
producer-metrics:batch-size-max:{client-id=producer-1}                             : 20077,000
producer-metrics:batch-split-rate:{client-id=producer-1}                           : 0,000
producer-metrics:batch-split-total:{client-id=producer-1}                          : 0,000
producer-metrics:buffer-available-bytes:{client-id=producer-1}                     : 33554432,000
producer-metrics:buffer-exhausted-rate:{client-id=producer-1}                      : 0,000
producer-metrics:buffer-exhausted-total:{client-id=producer-1}                     : 0,000
producer-metrics:buffer-total-bytes:{client-id=producer-1}                         : 33554432,000
producer-metrics:bufferpool-wait-ratio:{client-id=producer-1}                      : 0,000
producer-metrics:bufferpool-wait-time-total:{client-id=producer-1}                 : 0,000
producer-metrics:compression-rate-avg:{client-id=producer-1}                       : 1,000
producer-metrics:connection-close-rate:{client-id=producer-1}                      : 0,000
producer-metrics:connection-close-total:{client-id=producer-1}                     : 0,000
producer-metrics:connection-count:{client-id=producer-1}                           : 4,000
producer-metrics:connection-creation-rate:{client-id=producer-1}                   : 0,000
producer-metrics:connection-creation-total:{client-id=producer-1}                  : 4,000
producer-metrics:failed-authentication-rate:{client-id=producer-1}                 : 0,000
producer-metrics:failed-authentication-total:{client-id=producer-1}                : 0,000
producer-metrics:failed-reauthentication-rate:{client-id=producer-1}               : 0,000
producer-metrics:failed-reauthentication-total:{client-id=producer-1}              : 0,000
producer-metrics:incoming-byte-rate:{client-id=producer-1}                         : 8,296
producer-metrics:incoming-byte-total:{client-id=producer-1}                        : 1746,000
producer-metrics:io-ratio:{client-id=producer-1}                                   : 0,008
producer-metrics:io-time-ns-avg:{client-id=producer-1}                             : 15931,702
producer-metrics:io-wait-ratio:{client-id=producer-1}                              : 0,970
producer-metrics:io-wait-time-ns-avg:{client-id=producer-1}                        : 1906405,247
producer-metrics:io-waittime-total:{client-id=producer-1}                          : 292974457815,000
producer-metrics:iotime-total:{client-id=producer-1}                               : 2684934901,000
producer-metrics:metadata-age:{client-id=producer-1}                               : 4,352
producer-metrics:network-io-rate:{client-id=producer-1}                            : 259,621
producer-metrics:network-io-total:{client-id=producer-1}                           : 80012,000
producer-metrics:outgoing-byte-rate:{client-id=producer-1}                         : 5233530,246
producer-metrics:outgoing-byte-total:{client-id=producer-1}                        : 1612549072,000
producer-metrics:produce-throttle-time-avg:{client-id=producer-1}                  : 0,000
producer-metrics:produce-throttle-time-max:{client-id=producer-1}                  : 0,000
producer-metrics:reauthentication-latency-avg:{client-id=producer-1}               : NaN
producer-metrics:reauthentication-latency-max:{client-id=producer-1}               : NaN
producer-metrics:record-error-rate:{client-id=producer-1}                          : 0,000
producer-metrics:record-error-total:{client-id=producer-1}                         : 0,000
producer-metrics:record-queue-time-avg:{client-id=producer-1}                      : 0,020
producer-metrics:record-queue-time-max:{client-id=producer-1}                      : 3,000
producer-metrics:record-retry-rate:{client-id=producer-1}                          : 0,000
producer-metrics:record-retry-total:{client-id=producer-1}                         : 0,000
producer-metrics:record-send-rate:{client-id=producer-1}                           : 259,560
producer-metrics:record-send-total:{client-id=producer-1}                          : 80000,000
producer-metrics:record-size-avg:{client-id=producer-1}                            : 20092,000
producer-metrics:record-size-max:{client-id=producer-1}                            : 20092,000
producer-metrics:records-per-request-avg:{client-id=producer-1}                    : 1,000
producer-metrics:request-latency-avg:{client-id=producer-1}                        : NaN
producer-metrics:request-latency-max:{client-id=producer-1}                        : NaN
producer-metrics:request-rate:{client-id=producer-1}                               : 259,599
producer-metrics:request-size-avg:{client-id=producer-1}                           : 20154,722
producer-metrics:request-size-max:{client-id=producer-1}                           : 20157,000
producer-metrics:request-total:{client-id=producer-1}                              : 80006,000
producer-metrics:requests-in-flight:{client-id=producer-1}                         : 0,000
producer-metrics:response-rate:{client-id=producer-1}                              : 0,029
producer-metrics:response-total:{client-id=producer-1}                             : 6,000
producer-metrics:select-rate:{client-id=producer-1}                                : 508,763
producer-metrics:select-total:{client-id=producer-1}                               : 153991,000
producer-metrics:successful-authentication-no-reauth-total:{client-id=producer-1}  : 0,000
producer-metrics:successful-authentication-rate:{client-id=producer-1}             : 0,000
producer-metrics:successful-authentication-total:{client-id=producer-1}            : 0,000
producer-metrics:successful-reauthentication-rate:{client-id=producer-1}           : 0,000
producer-metrics:successful-reauthentication-total:{client-id=producer-1}          : 0,000
producer-metrics:waiting-threads:{client-id=producer-1}                            : 0,000
producer-node-metrics:incoming-byte-rate:{client-id=producer-1, node-id=node--3}   : 0,000
producer-node-metrics:incoming-byte-rate:{client-id=producer-1, node-id=node-1}    : 8,296
producer-node-metrics:incoming-byte-rate:{client-id=producer-1, node-id=node-3}    : 0,000
producer-node-metrics:incoming-byte-rate:{client-id=producer-1, node-id=node-6}    : 0,000
producer-node-metrics:incoming-byte-total:{client-id=producer-1, node-id=node--3}  : 579,000
producer-node-metrics:incoming-byte-total:{client-id=producer-1, node-id=node-1}   : 579,000
producer-node-metrics:incoming-byte-total:{client-id=producer-1, node-id=node-3}   : 294,000
producer-node-metrics:incoming-byte-total:{client-id=producer-1, node-id=node-6}   : 294,000
producer-node-metrics:outgoing-byte-rate:{client-id=producer-1, node-id=node--3}   : 0,000
producer-node-metrics:outgoing-byte-rate:{client-id=producer-1, node-id=node-1}    : 1756178,034
producer-node-metrics:outgoing-byte-rate:{client-id=producer-1, node-id=node-3}    : 1756271,119
producer-node-metrics:outgoing-byte-rate:{client-id=producer-1, node-id=node-6}    : 1719864,320
producer-node-metrics:outgoing-byte-total:{client-id=producer-1, node-id=node--3}  : 67,000
producer-node-metrics:outgoing-byte-total:{client-id=producer-1, node-id=node-1}   : 537986703,000
producer-node-metrics:outgoing-byte-total:{client-id=producer-1, node-id=node-3}   : 539478153,000
producer-node-metrics:outgoing-byte-total:{client-id=producer-1, node-id=node-6}   : 535084149,000
producer-node-metrics:request-latency-avg:{client-id=producer-1, node-id=node--3}  : NaN
producer-node-metrics:request-latency-avg:{client-id=producer-1, node-id=node-1}   : NaN
producer-node-metrics:request-latency-avg:{client-id=producer-1, node-id=node-3}   : NaN
producer-node-metrics:request-latency-avg:{client-id=producer-1, node-id=node-6}   : NaN
producer-node-metrics:request-latency-max:{client-id=producer-1, node-id=node--3}  : NaN
producer-node-metrics:request-latency-max:{client-id=producer-1, node-id=node-1}   : NaN
producer-node-metrics:request-latency-max:{client-id=producer-1, node-id=node-3}   : NaN
producer-node-metrics:request-latency-max:{client-id=producer-1, node-id=node-6}   : NaN
producer-node-metrics:request-rate:{client-id=producer-1, node-id=node--3}         : 0,000
producer-node-metrics:request-rate:{client-id=producer-1, node-id=node-1}          : 87,149
producer-node-metrics:request-rate:{client-id=producer-1, node-id=node-3}          : 87,114
producer-node-metrics:request-rate:{client-id=producer-1, node-id=node-6}          : 85,316
producer-node-metrics:request-size-avg:{client-id=producer-1, node-id=node--3}     : NaN
producer-node-metrics:request-size-avg:{client-id=producer-1, node-id=node-1}      : 20150,177
producer-node-metrics:request-size-avg:{client-id=producer-1, node-id=node-3}      : 20157,000
producer-node-metrics:request-size-avg:{client-id=producer-1, node-id=node-6}      : 20157,000
producer-node-metrics:request-size-max:{client-id=producer-1, node-id=node--3}     : NaN
producer-node-metrics:request-size-max:{client-id=producer-1, node-id=node-1}      : 20157,000
producer-node-metrics:request-size-max:{client-id=producer-1, node-id=node-3}      : 20157,000
producer-node-metrics:request-size-max:{client-id=producer-1, node-id=node-6}      : 20157,000
producer-node-metrics:request-total:{client-id=producer-1, node-id=node--3}        : 2,000
producer-node-metrics:request-total:{client-id=producer-1, node-id=node-1}         : 26692,000
producer-node-metrics:request-total:{client-id=producer-1, node-id=node-3}         : 26765,000
producer-node-metrics:request-total:{client-id=producer-1, node-id=node-6}         : 26547,000
producer-node-metrics:response-rate:{client-id=producer-1, node-id=node--3}        : 0,000
producer-node-metrics:response-rate:{client-id=producer-1, node-id=node-1}         : 0,029
producer-node-metrics:response-rate:{client-id=producer-1, node-id=node-3}         : 0,000
producer-node-metrics:response-rate:{client-id=producer-1, node-id=node-6}         : 0,000
producer-node-metrics:response-total:{client-id=producer-1, node-id=node--3}       : 2,000
producer-node-metrics:response-total:{client-id=producer-1, node-id=node-1}        : 2,000
producer-node-metrics:response-total:{client-id=producer-1, node-id=node-3}        : 1,000
producer-node-metrics:response-total:{client-id=producer-1, node-id=node-6}        : 1,000
producer-topic-metrics:byte-rate:{client-id=producer-1, topic=test-topic}          : 5210869,609
producer-topic-metrics:byte-total:{client-id=producer-1, topic=test-topic}         : 1606148890,000
producer-topic-metrics:compression-rate:{client-id=producer-1, topic=test-topic}   : 1,000
producer-topic-metrics:record-error-rate:{client-id=producer-1, topic=test-topic}  : 0,000
producer-topic-metrics:record-error-total:{client-id=producer-1, topic=test-topic} : 0,000
producer-topic-metrics:record-retry-rate:{client-id=producer-1, topic=test-topic}  : 0,000
producer-topic-metrics:record-retry-total:{client-id=producer-1, topic=test-topic} : 0,000
producer-topic-metrics:record-send-rate:{client-id=producer-1, topic=test-topic}   : 259,560
producer-topic-metrics:record-send-total:{client-id=producer-1, topic=test-topic}  : 80000,000
Produce Time: 304.584
[21:19:48] Ignite node stopped OK [uptime=00:05:01.408]
Aplication time: 305.422
