Topic to send: test-topic
Topic to acks: -2
Records: 80000
Size:20000
[14:58:13]    __________  ________________ 
[14:58:13]   /  _/ ___/ |/ /  _/_  __/ __/ 
[14:58:13]  _/ // (7 7    // /  / / / _/   
[14:58:13] /___/\___/_/|_/___/ /_/ /___/  
[14:58:13] 
[14:58:13] ver. 2.7.6#20190911-sha1:21f7ca41
[14:58:13] 2019 Copyright(C) Apache Software Foundation
[14:58:13] 
[14:58:13] Ignite documentation: http://ignite.apache.org
[14:58:13] 
[14:58:13] Quiet mode.
[14:58:13]   ^-- Logging by 'JavaLogger [quiet=true, config=null]'
[14:58:13]   ^-- To see **FULL** console log here add -DIGNITE_QUIET=false or "-v" to ignite.{sh|bat}
[14:58:13] 
[14:58:13] OS: Linux 5.0.0-38-generic amd64
[14:58:13] VM information: OpenJDK Runtime Environment 11.0.5+10-post-Ubuntu-0ubuntu1.119.04 Private Build OpenJDK 64-Bit Server VM 11.0.5+10-post-Ubuntu-0ubuntu1.119.04
[14:58:13] Please set system property '-Djava.net.preferIPv4Stack=true' to avoid possible problems in mixed environments.
[14:58:14] Initial heap size is 126MB (should be no less than 512MB, use -Xms512m -Xmx512m).
[14:58:14] Configured plugins:
[14:58:14]   ^-- None
[14:58:14] 
[14:58:14] Configured failure handler: [hnd=StopNodeOrHaltFailureHandler [tryStop=false, timeout=0, super=AbstractFailureHandler [ignoredFailureTypes=[SYSTEM_WORKER_BLOCKED, SYSTEM_CRITICAL_OPERATION_TIMEOUT]]]]
[14:58:14] Message queue limit is set to 0 which may lead to potential OOMEs when running cache operations in FULL_ASYNC or PRIMARY_SYNC modes due to message queues growth on sender and receiver sides.
[14:58:14] Security status [authentication=off, tls/ssl=off]
[14:58:14] REST protocols do not start on client node. To start the protocols on client node set '-DIGNITE_REST_START_ON_CLIENT=true' system property.
[14:58:16] Performance suggestions for grid  (fix if possible)
[14:58:16] To disable, set -DIGNITE_PERFORMANCE_SUGGESTIONS_DISABLED=true
[14:58:16]   ^-- Switch to the most recent 1.8 JVM version
[14:58:16]   ^-- Specify JVM heap max size (add '-Xmx<size>[g|G|m|M|k|K]' to JVM options)
[14:58:16]   ^-- Set max direct memory size if getting 'OOME: Direct buffer memory' (add '-XX:MaxDirectMemorySize=<size>[g|G|m|M|k|K]' to JVM options)
[14:58:16]   ^-- Disable processing of calls to System.gc() (add '-XX:+DisableExplicitGC' to JVM options)
[14:58:16] Refer to this page for more performance suggestions: https://apacheignite.readme.io/docs/jvm-and-system-tuning
[14:58:16] 
[14:58:16] To start Console Management & Monitoring run ignitevisorcmd.{sh|bat}
[14:58:16] 
[14:58:16] Ignite node started OK (id=9a48344d)
[14:58:16] Topology snapshot [ver=10, locNode=9a48344d, servers=1, clients=1, state=ACTIVE, CPUs=8, offheap=1.5GB, heap=3.9GB]
1326 records sent, 192,6 records/sec (3,67 MB/sec), 5,1 ms avg latency, 3608,0 ms max latency.
1250 records sent, 248,3 records/sec (4,74 MB/sec), 4,0 ms avg latency, 103,0 ms max latency.
1300 records sent, 256,0 records/sec (4,88 MB/sec), 3,9 ms avg latency, 100,0 ms max latency.
1325 records sent, 262,7 records/sec (5,01 MB/sec), 3,8 ms avg latency, 90,0 ms max latency.
1300 records sent, 258,2 records/sec (4,92 MB/sec), 3,9 ms avg latency, 102,0 ms max latency.
1325 records sent, 262,4 records/sec (5,01 MB/sec), 3,8 ms avg latency, 99,0 ms max latency.
1300 records sent, 256,1 records/sec (4,88 MB/sec), 3,9 ms avg latency, 92,0 ms max latency.
1325 records sent, 263,6 records/sec (5,03 MB/sec), 3,8 ms avg latency, 92,0 ms max latency.
1339 records sent, 267,8 records/sec (5,11 MB/sec), 3,7 ms avg latency, 92,0 ms max latency.
1336 records sent, 262,5 records/sec (5,01 MB/sec), 3,8 ms avg latency, 94,0 ms max latency.
1349 records sent, 269,5 records/sec (5,14 MB/sec), 3,7 ms avg latency, 98,0 ms max latency.
1326 records sent, 262,3 records/sec (5,00 MB/sec), 3,8 ms avg latency, 97,0 ms max latency.
1325 records sent, 264,8 records/sec (5,05 MB/sec), 3,8 ms avg latency, 91,0 ms max latency.
1350 records sent, 267,0 records/sec (5,09 MB/sec), 3,7 ms avg latency, 91,0 ms max latency.
1350 records sent, 266,4 records/sec (5,08 MB/sec), 3,7 ms avg latency, 95,0 ms max latency.
1350 records sent, 267,0 records/sec (5,09 MB/sec), 3,7 ms avg latency, 91,0 ms max latency.
1350 records sent, 265,9 records/sec (5,07 MB/sec), 3,7 ms avg latency, 94,0 ms max latency.
1350 records sent, 266,6 records/sec (5,09 MB/sec), 3,7 ms avg latency, 91,0 ms max latency.
1322 records sent, 264,3 records/sec (5,04 MB/sec), 3,8 ms avg latency, 94,0 ms max latency.
1328 records sent, 263,1 records/sec (5,02 MB/sec), 3,8 ms avg latency, 93,0 ms max latency.
1350 records sent, 267,1 records/sec (5,09 MB/sec), 3,7 ms avg latency, 90,0 ms max latency.
1325 records sent, 263,7 records/sec (5,03 MB/sec), 3,8 ms avg latency, 93,0 ms max latency.
1347 records sent, 269,2 records/sec (5,14 MB/sec), 3,7 ms avg latency, 90,0 ms max latency.
1328 records sent, 262,7 records/sec (5,01 MB/sec), 3,8 ms avg latency, 91,0 ms max latency.
1322 records sent, 264,1 records/sec (5,04 MB/sec), 3,8 ms avg latency, 90,0 ms max latency.
1328 records sent, 263,3 records/sec (5,02 MB/sec), 3,8 ms avg latency, 90,0 ms max latency.
1325 records sent, 263,1 records/sec (5,02 MB/sec), 3,8 ms avg latency, 90,0 ms max latency.
1350 records sent, 266,2 records/sec (5,08 MB/sec), 3,7 ms avg latency, 90,0 ms max latency.
1350 records sent, 265,7 records/sec (5,07 MB/sec), 3,7 ms avg latency, 95,0 ms max latency.
1350 records sent, 267,1 records/sec (5,09 MB/sec), 3,7 ms avg latency, 90,0 ms max latency.
1325 records sent, 264,1 records/sec (5,04 MB/sec), 3,8 ms avg latency, 90,0 ms max latency.
1350 records sent, 267,0 records/sec (5,09 MB/sec), 3,7 ms avg latency, 90,0 ms max latency.
1350 records sent, 266,6 records/sec (5,09 MB/sec), 3,7 ms avg latency, 90,0 ms max latency.
1350 records sent, 266,0 records/sec (5,07 MB/sec), 3,7 ms avg latency, 91,0 ms max latency.
1350 records sent, 267,3 records/sec (5,10 MB/sec), 3,7 ms avg latency, 92,0 ms max latency.
1325 records sent, 263,6 records/sec (5,03 MB/sec), 3,8 ms avg latency, 91,0 ms max latency.
1350 records sent, 266,3 records/sec (5,08 MB/sec), 3,7 ms avg latency, 91,0 ms max latency.
1350 records sent, 266,5 records/sec (5,08 MB/sec), 3,7 ms avg latency, 95,0 ms max latency.
1350 records sent, 266,6 records/sec (5,08 MB/sec), 3,7 ms avg latency, 92,0 ms max latency.
1350 records sent, 267,2 records/sec (5,10 MB/sec), 3,7 ms avg latency, 90,0 ms max latency.
1325 records sent, 265,0 records/sec (5,05 MB/sec), 3,8 ms avg latency, 90,0 ms max latency.
1350 records sent, 266,3 records/sec (5,08 MB/sec), 3,7 ms avg latency, 90,0 ms max latency.
1350 records sent, 266,5 records/sec (5,08 MB/sec), 3,7 ms avg latency, 92,0 ms max latency.
1350 records sent, 266,0 records/sec (5,07 MB/sec), 3,7 ms avg latency, 91,0 ms max latency.
1350 records sent, 265,9 records/sec (5,07 MB/sec), 3,7 ms avg latency, 90,0 ms max latency.
1351 records sent, 266,5 records/sec (5,08 MB/sec), 3,7 ms avg latency, 92,0 ms max latency.
1350 records sent, 266,1 records/sec (5,08 MB/sec), 3,7 ms avg latency, 91,0 ms max latency.
1350 records sent, 265,8 records/sec (5,07 MB/sec), 3,8 ms avg latency, 91,0 ms max latency.
1350 records sent, 266,3 records/sec (5,08 MB/sec), 3,7 ms avg latency, 90,0 ms max latency.
1325 records sent, 264,7 records/sec (5,05 MB/sec), 3,8 ms avg latency, 92,0 ms max latency.
1350 records sent, 267,2 records/sec (5,10 MB/sec), 3,7 ms avg latency, 90,0 ms max latency.
1300 records sent, 257,0 records/sec (4,90 MB/sec), 3,9 ms avg latency, 91,0 ms max latency.
1350 records sent, 266,5 records/sec (5,08 MB/sec), 3,7 ms avg latency, 91,0 ms max latency.
1350 records sent, 266,3 records/sec (5,08 MB/sec), 3,7 ms avg latency, 92,0 ms max latency.
1312 records sent, 262,4 records/sec (5,00 MB/sec), 3,8 ms avg latency, 117,0 ms max latency.
1313 records sent, 261,3 records/sec (4,98 MB/sec), 3,8 ms avg latency, 90,0 ms max latency.
1350 records sent, 267,2 records/sec (5,10 MB/sec), 3,7 ms avg latency, 91,0 ms max latency.
1300 records sent, 259,0 records/sec (4,94 MB/sec), 3,8 ms avg latency, 123,0 ms max latency.
1350 records sent, 266,2 records/sec (5,08 MB/sec), 3,7 ms avg latency, 94,0 ms max latency.
80000 records sent, 262,894136 records/sec (5,01 MB/sec), 3,79 ms avg latency, 3608,00 ms max latency, 0 ms 50th, 7 ms 95th, 89 ms 99th, 91 ms 99.9th.

Metric Name                                                                          Value
app-info:commit-id:{client-id=producer-1}                                          : d4284cbebb6f0a4c
app-info:start-time-ms:{client-id=producer-1}                                      : 1590429493401
app-info:version:{client-id=producer-1}                                            : 2.3.1
kafka-metrics-count:count:{client-id=producer-1}                                   : 126,000
producer-metrics:batch-size-avg:{client-id=producer-1}                             : 20077,000
producer-metrics:batch-size-max:{client-id=producer-1}                             : 20077,000
producer-metrics:batch-split-rate:{client-id=producer-1}                           : 0,000
producer-metrics:batch-split-total:{client-id=producer-1}                          : 0,000
producer-metrics:buffer-available-bytes:{client-id=producer-1}                     : 33554432,000
producer-metrics:buffer-exhausted-rate:{client-id=producer-1}                      : 0,000
producer-metrics:buffer-exhausted-total:{client-id=producer-1}                     : 0,000
producer-metrics:buffer-total-bytes:{client-id=producer-1}                         : 33554432,000
producer-metrics:bufferpool-wait-ratio:{client-id=producer-1}                      : 0,000
producer-metrics:bufferpool-wait-time-total:{client-id=producer-1}                 : 0,000
producer-metrics:compression-rate-avg:{client-id=producer-1}                       : 1,000
producer-metrics:connection-close-rate:{client-id=producer-1}                      : 0,000
producer-metrics:connection-close-total:{client-id=producer-1}                     : 0,000
producer-metrics:connection-count:{client-id=producer-1}                           : 4,000
producer-metrics:connection-creation-rate:{client-id=producer-1}                   : 0,000
producer-metrics:connection-creation-total:{client-id=producer-1}                  : 4,000
producer-metrics:failed-authentication-rate:{client-id=producer-1}                 : 0,000
producer-metrics:failed-authentication-total:{client-id=producer-1}                : 0,000
producer-metrics:failed-reauthentication-rate:{client-id=producer-1}               : 0,000
producer-metrics:failed-reauthentication-total:{client-id=producer-1}              : 0,000
producer-metrics:incoming-byte-rate:{client-id=producer-1}                         : 8,380
producer-metrics:incoming-byte-total:{client-id=producer-1}                        : 1746,000
producer-metrics:io-ratio:{client-id=producer-1}                                   : 0,008
producer-metrics:io-time-ns-avg:{client-id=producer-1}                             : 15513,315
producer-metrics:io-wait-ratio:{client-id=producer-1}                              : 0,971
producer-metrics:io-wait-time-ns-avg:{client-id=producer-1}                        : 1841288,810
producer-metrics:io-waittime-total:{client-id=producer-1}                          : 292673942369,000
producer-metrics:iotime-total:{client-id=producer-1}                               : 2638911033,000
producer-metrics:metadata-age:{client-id=producer-1}                               : 4,008
producer-metrics:network-io-rate:{client-id=producer-1}                            : 264,521
producer-metrics:network-io-total:{client-id=producer-1}                           : 80012,000
producer-metrics:outgoing-byte-rate:{client-id=producer-1}                         : 5331706,414
producer-metrics:outgoing-byte-total:{client-id=producer-1}                        : 1612549072,000
producer-metrics:produce-throttle-time-avg:{client-id=producer-1}                  : 0,000
producer-metrics:produce-throttle-time-max:{client-id=producer-1}                  : 0,000
producer-metrics:reauthentication-latency-avg:{client-id=producer-1}               : NaN
producer-metrics:reauthentication-latency-max:{client-id=producer-1}               : NaN
producer-metrics:record-error-rate:{client-id=producer-1}                          : 0,000
producer-metrics:record-error-total:{client-id=producer-1}                         : 0,000
producer-metrics:record-queue-time-avg:{client-id=producer-1}                      : 0,024
producer-metrics:record-queue-time-max:{client-id=producer-1}                      : 4,000
producer-metrics:record-retry-rate:{client-id=producer-1}                          : 0,000
producer-metrics:record-retry-total:{client-id=producer-1}                         : 0,000
producer-metrics:record-send-rate:{client-id=producer-1}                           : 264,481
producer-metrics:record-send-total:{client-id=producer-1}                          : 80000,000
producer-metrics:record-size-avg:{client-id=producer-1}                            : 20092,000
producer-metrics:record-size-max:{client-id=producer-1}                            : 20092,000
producer-metrics:records-per-request-avg:{client-id=producer-1}                    : 1,000
producer-metrics:request-latency-avg:{client-id=producer-1}                        : NaN
producer-metrics:request-latency-max:{client-id=producer-1}                        : NaN
producer-metrics:request-rate:{client-id=producer-1}                               : 264,499
producer-metrics:request-size-avg:{client-id=producer-1}                           : 20154,746
producer-metrics:request-size-max:{client-id=producer-1}                           : 20157,000
producer-metrics:request-total:{client-id=producer-1}                              : 80006,000
producer-metrics:requests-in-flight:{client-id=producer-1}                         : 0,000
producer-metrics:response-rate:{client-id=producer-1}                              : 0,029
producer-metrics:response-total:{client-id=producer-1}                             : 6,000
producer-metrics:select-rate:{client-id=producer-1}                                : 527,465
producer-metrics:select-total:{client-id=producer-1}                               : 151193,000
producer-metrics:successful-authentication-no-reauth-total:{client-id=producer-1}  : 0,000
producer-metrics:successful-authentication-rate:{client-id=producer-1}             : 0,000
producer-metrics:successful-authentication-total:{client-id=producer-1}            : 0,000
producer-metrics:successful-reauthentication-rate:{client-id=producer-1}           : 0,000
producer-metrics:successful-reauthentication-total:{client-id=producer-1}          : 0,000
producer-metrics:waiting-threads:{client-id=producer-1}                            : 0,000
producer-node-metrics:incoming-byte-rate:{client-id=producer-1, node-id=node--1}   : 0,000
producer-node-metrics:incoming-byte-rate:{client-id=producer-1, node-id=node-1}    : 8,380
producer-node-metrics:incoming-byte-rate:{client-id=producer-1, node-id=node-3}    : 0,000
producer-node-metrics:incoming-byte-rate:{client-id=producer-1, node-id=node-6}    : 0,000
producer-node-metrics:incoming-byte-total:{client-id=producer-1, node-id=node--1}  : 579,000
producer-node-metrics:incoming-byte-total:{client-id=producer-1, node-id=node-1}   : 579,000
producer-node-metrics:incoming-byte-total:{client-id=producer-1, node-id=node-3}   : 294,000
producer-node-metrics:incoming-byte-total:{client-id=producer-1, node-id=node-6}   : 294,000
producer-node-metrics:outgoing-byte-rate:{client-id=producer-1, node-id=node--1}   : 0,000
producer-node-metrics:outgoing-byte-rate:{client-id=producer-1, node-id=node-1}    : 1790629,655
producer-node-metrics:outgoing-byte-rate:{client-id=producer-1, node-id=node-3}    : 1749353,726
producer-node-metrics:outgoing-byte-rate:{client-id=producer-1, node-id=node-6}    : 1791333,928
producer-node-metrics:outgoing-byte-total:{client-id=producer-1, node-id=node--1}  : 67,000
producer-node-metrics:outgoing-byte-total:{client-id=producer-1, node-id=node-1}   : 539478196,000
producer-node-metrics:outgoing-byte-total:{client-id=producer-1, node-id=node-3}   : 535084149,000
producer-node-metrics:outgoing-byte-total:{client-id=producer-1, node-id=node-6}   : 537986660,000
producer-node-metrics:request-latency-avg:{client-id=producer-1, node-id=node--1}  : NaN
producer-node-metrics:request-latency-avg:{client-id=producer-1, node-id=node-1}   : NaN
producer-node-metrics:request-latency-avg:{client-id=producer-1, node-id=node-3}   : NaN
producer-node-metrics:request-latency-avg:{client-id=producer-1, node-id=node-6}   : NaN
producer-node-metrics:request-latency-max:{client-id=producer-1, node-id=node--1}  : NaN
producer-node-metrics:request-latency-max:{client-id=producer-1, node-id=node-1}   : NaN
producer-node-metrics:request-latency-max:{client-id=producer-1, node-id=node-3}   : NaN
producer-node-metrics:request-latency-max:{client-id=producer-1, node-id=node-6}   : NaN
producer-node-metrics:request-rate:{client-id=producer-1, node-id=node--1}         : 0,000
producer-node-metrics:request-rate:{client-id=producer-1, node-id=node-1}          : 88,859
producer-node-metrics:request-rate:{client-id=producer-1, node-id=node-3}          : 86,776
producer-node-metrics:request-rate:{client-id=producer-1, node-id=node-6}          : 88,861
producer-node-metrics:request-size-avg:{client-id=producer-1, node-id=node--1}     : NaN
producer-node-metrics:request-size-avg:{client-id=producer-1, node-id=node-1}      : 20150,273
producer-node-metrics:request-size-avg:{client-id=producer-1, node-id=node-3}      : 20157,000
producer-node-metrics:request-size-avg:{client-id=producer-1, node-id=node-6}      : 20157,000
producer-node-metrics:request-size-max:{client-id=producer-1, node-id=node--1}     : NaN
producer-node-metrics:request-size-max:{client-id=producer-1, node-id=node-1}      : 20157,000
producer-node-metrics:request-size-max:{client-id=producer-1, node-id=node-3}      : 20157,000
producer-node-metrics:request-size-max:{client-id=producer-1, node-id=node-6}      : 20157,000
producer-node-metrics:request-total:{client-id=producer-1, node-id=node--1}        : 2,000
producer-node-metrics:request-total:{client-id=producer-1, node-id=node-1}         : 26766,000
producer-node-metrics:request-total:{client-id=producer-1, node-id=node-3}         : 26547,000
producer-node-metrics:request-total:{client-id=producer-1, node-id=node-6}         : 26691,000
producer-node-metrics:response-rate:{client-id=producer-1, node-id=node--1}        : 0,000
producer-node-metrics:response-rate:{client-id=producer-1, node-id=node-1}         : 0,029
producer-node-metrics:response-rate:{client-id=producer-1, node-id=node-3}         : 0,000
producer-node-metrics:response-rate:{client-id=producer-1, node-id=node-6}         : 0,000
producer-node-metrics:response-total:{client-id=producer-1, node-id=node--1}       : 2,000
producer-node-metrics:response-total:{client-id=producer-1, node-id=node-1}        : 2,000
producer-node-metrics:response-total:{client-id=producer-1, node-id=node-3}        : 1,000
producer-node-metrics:response-total:{client-id=producer-1, node-id=node-6}        : 1,000
producer-topic-metrics:byte-rate:{client-id=producer-1, topic=test-topic}          : 5309674,076
producer-topic-metrics:byte-total:{client-id=producer-1, topic=test-topic}         : 1606148890,000
producer-topic-metrics:compression-rate:{client-id=producer-1, topic=test-topic}   : 1,000
producer-topic-metrics:record-error-rate:{client-id=producer-1, topic=test-topic}  : 0,000
producer-topic-metrics:record-error-total:{client-id=producer-1, topic=test-topic} : 0,000
producer-topic-metrics:record-retry-rate:{client-id=producer-1, topic=test-topic}  : 0,000
producer-topic-metrics:record-retry-total:{client-id=producer-1, topic=test-topic} : 0,000
producer-topic-metrics:record-send-rate:{client-id=producer-1, topic=test-topic}   : 264,481
producer-topic-metrics:record-send-total:{client-id=producer-1, topic=test-topic}  : 80000,000
Produce Time: 304.303
[15:03:17] Ignite node stopped OK [uptime=00:05:01.243]
Aplication time: 305.113
