Topic to send: test-topic
Topic to acks: 0
Records: 80000
Size:10000
5130 records sent, 1025,2 records/sec (9,78 MB/sec), 0,9 ms avg latency, 256,0 ms max latency.
5542 records sent, 1107,7 records/sec (10,56 MB/sec), 0,9 ms avg latency, 34,0 ms max latency.
5499 records sent, 1099,8 records/sec (10,49 MB/sec), 0,9 ms avg latency, 17,0 ms max latency.
5399 records sent, 1079,4 records/sec (10,29 MB/sec), 0,9 ms avg latency, 14,0 ms max latency.
5426 records sent, 1085,0 records/sec (10,35 MB/sec), 0,9 ms avg latency, 14,0 ms max latency.
5405 records sent, 1080,6 records/sec (10,31 MB/sec), 0,9 ms avg latency, 15,0 ms max latency.
5481 records sent, 1095,8 records/sec (10,45 MB/sec), 0,9 ms avg latency, 33,0 ms max latency.
5419 records sent, 1083,8 records/sec (10,34 MB/sec), 0,9 ms avg latency, 18,0 ms max latency.
5283 records sent, 1056,4 records/sec (10,07 MB/sec), 0,9 ms avg latency, 80,0 ms max latency.
5382 records sent, 1075,3 records/sec (10,26 MB/sec), 0,9 ms avg latency, 43,0 ms max latency.
5629 records sent, 1125,8 records/sec (10,74 MB/sec), 0,9 ms avg latency, 34,0 ms max latency.
5436 records sent, 1086,8 records/sec (10,36 MB/sec), 0,9 ms avg latency, 38,0 ms max latency.
5319 records sent, 1063,8 records/sec (10,15 MB/sec), 0,9 ms avg latency, 43,0 ms max latency.
5466 records sent, 1092,8 records/sec (10,42 MB/sec), 0,9 ms avg latency, 14,0 ms max latency.
80000 records sent, 1084,069597 records/sec (10,34 MB/sec), 0,91 ms avg latency, 256,00 ms max latency, 0 ms 50th, 4 ms 95th, 6 ms 99th, 12 ms 99.9th.

Metric Name                                                                          Value
app-info:commit-id:{client-id=producer-1}                                          : d4284cbebb6f0a4c
app-info:start-time-ms:{client-id=producer-1}                                      : 1590033980276
app-info:version:{client-id=producer-1}                                            : 2.3.1
kafka-metrics-count:count:{client-id=producer-1}                                   : 126,000
producer-metrics:batch-size-avg:{client-id=producer-1}                             : 10077,000
producer-metrics:batch-size-max:{client-id=producer-1}                             : 10077,000
producer-metrics:batch-split-rate:{client-id=producer-1}                           : 0,000
producer-metrics:batch-split-total:{client-id=producer-1}                          : 0,000
producer-metrics:buffer-available-bytes:{client-id=producer-1}                     : 33554432,000
producer-metrics:buffer-exhausted-rate:{client-id=producer-1}                      : 0,000
producer-metrics:buffer-exhausted-total:{client-id=producer-1}                     : 0,000
producer-metrics:buffer-total-bytes:{client-id=producer-1}                         : 33554432,000
producer-metrics:bufferpool-wait-ratio:{client-id=producer-1}                      : 0,000
producer-metrics:bufferpool-wait-time-total:{client-id=producer-1}                 : 0,000
producer-metrics:compression-rate-avg:{client-id=producer-1}                       : 1,000
producer-metrics:connection-close-rate:{client-id=producer-1}                      : 0,000
producer-metrics:connection-close-total:{client-id=producer-1}                     : 0,000
producer-metrics:connection-count:{client-id=producer-1}                           : 4,000
producer-metrics:connection-creation-rate:{client-id=producer-1}                   : 0,000
producer-metrics:connection-creation-total:{client-id=producer-1}                  : 4,000
producer-metrics:failed-authentication-rate:{client-id=producer-1}                 : 0,000
producer-metrics:failed-authentication-total:{client-id=producer-1}                : 0,000
producer-metrics:failed-reauthentication-rate:{client-id=producer-1}               : 0,000
producer-metrics:failed-reauthentication-total:{client-id=producer-1}              : 0,000
producer-metrics:incoming-byte-rate:{client-id=producer-1}                         : 0,000
producer-metrics:incoming-byte-total:{client-id=producer-1}                        : 1461,000
producer-metrics:io-ratio:{client-id=producer-1}                                   : 0,023
producer-metrics:io-time-ns-avg:{client-id=producer-1}                             : 8939,634
producer-metrics:io-wait-ratio:{client-id=producer-1}                              : 0,912
producer-metrics:io-wait-time-ns-avg:{client-id=producer-1}                        : 360981,476
producer-metrics:io-waittime-total:{client-id=producer-1}                          : 66015595967,000
producer-metrics:iotime-total:{client-id=producer-1}                               : 1889430625,000
producer-metrics:metadata-age:{client-id=producer-1}                               : 73,639
producer-metrics:network-io-rate:{client-id=producer-1}                            : 1085,800
producer-metrics:network-io-total:{client-id=producer-1}                           : 80010,000
producer-metrics:outgoing-byte-rate:{client-id=producer-1}                         : 11018622,743
producer-metrics:outgoing-byte-total:{client-id=producer-1}                        : 811749029,000
producer-metrics:produce-throttle-time-avg:{client-id=producer-1}                  : NaN
producer-metrics:produce-throttle-time-max:{client-id=producer-1}                  : NaN
producer-metrics:reauthentication-latency-avg:{client-id=producer-1}               : NaN
producer-metrics:reauthentication-latency-max:{client-id=producer-1}               : NaN
producer-metrics:record-error-rate:{client-id=producer-1}                          : 0,000
producer-metrics:record-error-total:{client-id=producer-1}                         : 0,000
producer-metrics:record-queue-time-avg:{client-id=producer-1}                      : 0,024
producer-metrics:record-queue-time-max:{client-id=producer-1}                      : 1,000
producer-metrics:record-retry-rate:{client-id=producer-1}                          : 0,000
producer-metrics:record-retry-total:{client-id=producer-1}                         : 0,000
producer-metrics:record-send-rate:{client-id=producer-1}                           : 1086,131
producer-metrics:record-send-total:{client-id=producer-1}                          : 80000,000
producer-metrics:record-size-avg:{client-id=producer-1}                            : 10092,000
producer-metrics:record-size-max:{client-id=producer-1}                            : 10092,000
producer-metrics:records-per-request-avg:{client-id=producer-1}                    : 1,000
producer-metrics:request-latency-avg:{client-id=producer-1}                        : NaN
producer-metrics:request-latency-max:{client-id=producer-1}                        : NaN
producer-metrics:request-rate:{client-id=producer-1}                               : 1085,800
producer-metrics:request-size-avg:{client-id=producer-1}                           : 10147,000
producer-metrics:request-size-max:{client-id=producer-1}                           : 10147,000
producer-metrics:request-total:{client-id=producer-1}                              : 80005,000
producer-metrics:requests-in-flight:{client-id=producer-1}                         : 0,000
producer-metrics:response-rate:{client-id=producer-1}                              : 0,000
producer-metrics:response-total:{client-id=producer-1}                             : 5,000
producer-metrics:select-rate:{client-id=producer-1}                                : 2527,583
producer-metrics:select-total:{client-id=producer-1}                               : 184107,000
producer-metrics:successful-authentication-no-reauth-total:{client-id=producer-1}  : 0,000
producer-metrics:successful-authentication-rate:{client-id=producer-1}             : 0,000
producer-metrics:successful-authentication-total:{client-id=producer-1}            : 0,000
producer-metrics:successful-reauthentication-rate:{client-id=producer-1}           : 0,000
producer-metrics:successful-reauthentication-total:{client-id=producer-1}          : 0,000
producer-metrics:waiting-threads:{client-id=producer-1}                            : 0,000
producer-node-metrics:incoming-byte-rate:{client-id=producer-1, node-id=node--1}   : 0,000
producer-node-metrics:incoming-byte-rate:{client-id=producer-1, node-id=node-1}    : 0,000
producer-node-metrics:incoming-byte-rate:{client-id=producer-1, node-id=node-3}    : 0,000
producer-node-metrics:incoming-byte-rate:{client-id=producer-1, node-id=node-6}    : 0,000
producer-node-metrics:incoming-byte-total:{client-id=producer-1, node-id=node--1}  : 579,000
producer-node-metrics:incoming-byte-total:{client-id=producer-1, node-id=node-1}   : 294,000
producer-node-metrics:incoming-byte-total:{client-id=producer-1, node-id=node-3}   : 294,000
producer-node-metrics:incoming-byte-total:{client-id=producer-1, node-id=node-6}   : 294,000
producer-node-metrics:outgoing-byte-rate:{client-id=producer-1, node-id=node--1}   : 0,000
producer-node-metrics:outgoing-byte-rate:{client-id=producer-1, node-id=node-1}    : 3685626,265
producer-node-metrics:outgoing-byte-rate:{client-id=producer-1, node-id=node-3}    : 3647454,637
producer-node-metrics:outgoing-byte-rate:{client-id=producer-1, node-id=node-6}    : 3688886,410
producer-node-metrics:outgoing-byte-total:{client-id=producer-1, node-id=node--1}  : 67,000
producer-node-metrics:outgoing-byte-total:{client-id=producer-1, node-id=node-1}   : 271570513,000
producer-node-metrics:outgoing-byte-total:{client-id=producer-1, node-id=node-3}   : 269358689,000
producer-node-metrics:outgoing-byte-total:{client-id=producer-1, node-id=node-6}   : 270819760,000
producer-node-metrics:request-latency-avg:{client-id=producer-1, node-id=node--1}  : NaN
producer-node-metrics:request-latency-avg:{client-id=producer-1, node-id=node-1}   : NaN
producer-node-metrics:request-latency-avg:{client-id=producer-1, node-id=node-3}   : NaN
producer-node-metrics:request-latency-avg:{client-id=producer-1, node-id=node-6}   : NaN
producer-node-metrics:request-latency-max:{client-id=producer-1, node-id=node--1}  : NaN
producer-node-metrics:request-latency-max:{client-id=producer-1, node-id=node-1}   : NaN
producer-node-metrics:request-latency-max:{client-id=producer-1, node-id=node-3}   : NaN
producer-node-metrics:request-latency-max:{client-id=producer-1, node-id=node-6}   : NaN
producer-node-metrics:request-rate:{client-id=producer-1, node-id=node--1}         : 0,000
producer-node-metrics:request-rate:{client-id=producer-1, node-id=node-1}          : 363,207
producer-node-metrics:request-rate:{client-id=producer-1, node-id=node-3}          : 359,437
producer-node-metrics:request-rate:{client-id=producer-1, node-id=node-6}          : 363,528
producer-node-metrics:request-size-avg:{client-id=producer-1, node-id=node--1}     : NaN
producer-node-metrics:request-size-avg:{client-id=producer-1, node-id=node-1}      : 10147,000
producer-node-metrics:request-size-avg:{client-id=producer-1, node-id=node-3}      : 10147,000
producer-node-metrics:request-size-avg:{client-id=producer-1, node-id=node-6}      : 10147,000
producer-node-metrics:request-size-max:{client-id=producer-1, node-id=node--1}     : NaN
producer-node-metrics:request-size-max:{client-id=producer-1, node-id=node-1}      : 10147,000
producer-node-metrics:request-size-max:{client-id=producer-1, node-id=node-3}      : 10147,000
producer-node-metrics:request-size-max:{client-id=producer-1, node-id=node-6}      : 10147,000
producer-node-metrics:request-total:{client-id=producer-1, node-id=node--1}        : 2,000
producer-node-metrics:request-total:{client-id=producer-1, node-id=node-1}         : 26765,000
producer-node-metrics:request-total:{client-id=producer-1, node-id=node-3}         : 26547,000
producer-node-metrics:request-total:{client-id=producer-1, node-id=node-6}         : 26691,000
producer-node-metrics:response-rate:{client-id=producer-1, node-id=node--1}        : 0,000
producer-node-metrics:response-rate:{client-id=producer-1, node-id=node-1}         : 0,000
producer-node-metrics:response-rate:{client-id=producer-1, node-id=node-3}         : 0,000
producer-node-metrics:response-rate:{client-id=producer-1, node-id=node-6}         : 0,000
producer-node-metrics:response-total:{client-id=producer-1, node-id=node--1}       : 2,000
producer-node-metrics:response-total:{client-id=producer-1, node-id=node-1}        : 1,000
producer-node-metrics:response-total:{client-id=producer-1, node-id=node-3}        : 1,000
producer-node-metrics:response-total:{client-id=producer-1, node-id=node-6}        : 1,000
producer-topic-metrics:byte-rate:{client-id=producer-1, topic=test-topic}          : 10945459,731
producer-topic-metrics:byte-total:{client-id=producer-1, topic=test-topic}         : 806148890,000
producer-topic-metrics:compression-rate:{client-id=producer-1, topic=test-topic}   : 1,000
producer-topic-metrics:record-error-rate:{client-id=producer-1, topic=test-topic}  : 0,000
producer-topic-metrics:record-error-total:{client-id=producer-1, topic=test-topic} : 0,000
producer-topic-metrics:record-retry-rate:{client-id=producer-1, topic=test-topic}  : 0,000
producer-topic-metrics:record-retry-total:{client-id=producer-1, topic=test-topic} : 0,000
producer-topic-metrics:record-send-rate:{client-id=producer-1, topic=test-topic}   : 1086,182
producer-topic-metrics:record-send-total:{client-id=producer-1, topic=test-topic}  : 80000,000
Produce Time: 73.796
Aplication time: 74.536
