Topic to send: test-topic
Topic to acks: 1
Records: 80000
Size:1000
680 records sent, 135,2 records/sec (0,13 MB/sec), 7,3 ms avg latency, 242,0 ms max latency.
435 records sent, 87,0 records/sec (0,08 MB/sec), 11,4 ms avg latency, 643,0 ms max latency.
233 records sent, 45,6 records/sec (0,04 MB/sec), 21,9 ms avg latency, 644,0 ms max latency.
561 records sent, 111,0 records/sec (0,11 MB/sec), 9,0 ms avg latency, 639,0 ms max latency.
611 records sent, 119,7 records/sec (0,11 MB/sec), 8,3 ms avg latency, 631,0 ms max latency.
366 records sent, 73,2 records/sec (0,07 MB/sec), 13,6 ms avg latency, 637,0 ms max latency.
600 records sent, 119,1 records/sec (0,11 MB/sec), 8,4 ms avg latency, 209,0 ms max latency.
632 records sent, 124,9 records/sec (0,12 MB/sec), 8,0 ms avg latency, 209,0 ms max latency.
468 records sent, 91,9 records/sec (0,09 MB/sec), 10,9 ms avg latency, 622,0 ms max latency.
432 records sent, 85,7 records/sec (0,08 MB/sec), 11,7 ms avg latency, 641,0 ms max latency.
529 records sent, 102,7 records/sec (0,10 MB/sec), 9,7 ms avg latency, 213,0 ms max latency.
492 records sent, 97,1 records/sec (0,09 MB/sec), 10,3 ms avg latency, 627,0 ms max latency.
298 records sent, 58,1 records/sec (0,06 MB/sec), 17,2 ms avg latency, 645,0 ms max latency.
529 records sent, 105,8 records/sec (0,10 MB/sec), 9,4 ms avg latency, 650,0 ms max latency.
633 records sent, 122,0 records/sec (0,12 MB/sec), 8,2 ms avg latency, 209,0 ms max latency.
477 records sent, 86,7 records/sec (0,08 MB/sec), 11,5 ms avg latency, 648,0 ms max latency.
480 records sent, 94,5 records/sec (0,09 MB/sec), 10,6 ms avg latency, 209,0 ms max latency.
512 records sent, 100,0 records/sec (0,10 MB/sec), 10,0 ms avg latency, 634,0 ms max latency.
450 records sent, 90,0 records/sec (0,09 MB/sec), 11,1 ms avg latency, 209,0 ms max latency.
462 records sent, 91,9 records/sec (0,09 MB/sec), 10,9 ms avg latency, 627,0 ms max latency.
726 records sent, 143,2 records/sec (0,14 MB/sec), 7,0 ms avg latency, 209,0 ms max latency.
565 records sent, 110,5 records/sec (0,11 MB/sec), 9,0 ms avg latency, 209,0 ms max latency.
301 records sent, 60,2 records/sec (0,06 MB/sec), 16,6 ms avg latency, 1510,0 ms max latency.
573 records sent, 110,6 records/sec (0,11 MB/sec), 9,0 ms avg latency, 209,0 ms max latency.
526 records sent, 102,5 records/sec (0,10 MB/sec), 9,8 ms avg latency, 211,0 ms max latency.
503 records sent, 98,3 records/sec (0,09 MB/sec), 10,2 ms avg latency, 639,0 ms max latency.
488 records sent, 96,5 records/sec (0,09 MB/sec), 10,4 ms avg latency, 628,0 ms max latency.
621 records sent, 119,7 records/sec (0,11 MB/sec), 8,3 ms avg latency, 628,0 ms max latency.
713 records sent, 140,5 records/sec (0,13 MB/sec), 7,1 ms avg latency, 209,0 ms max latency.
471 records sent, 93,5 records/sec (0,09 MB/sec), 10,7 ms avg latency, 635,0 ms max latency.
418 records sent, 80,4 records/sec (0,08 MB/sec), 12,4 ms avg latency, 621,0 ms max latency.
657 records sent, 126,5 records/sec (0,12 MB/sec), 7,9 ms avg latency, 632,0 ms max latency.
622 records sent, 119,8 records/sec (0,11 MB/sec), 8,3 ms avg latency, 631,0 ms max latency.
353 records sent, 68,7 records/sec (0,07 MB/sec), 14,5 ms avg latency, 635,0 ms max latency.
547 records sent, 107,0 records/sec (0,10 MB/sec), 9,3 ms avg latency, 624,0 ms max latency.
452 records sent, 89,8 records/sec (0,09 MB/sec), 11,1 ms avg latency, 643,0 ms max latency.
502 records sent, 98,6 records/sec (0,09 MB/sec), 10,1 ms avg latency, 209,0 ms max latency.
620 records sent, 120,0 records/sec (0,11 MB/sec), 8,3 ms avg latency, 208,0 ms max latency.
565 records sent, 110,0 records/sec (0,10 MB/sec), 9,1 ms avg latency, 640,0 ms max latency.
422 records sent, 84,4 records/sec (0,08 MB/sec), 11,8 ms avg latency, 648,0 ms max latency.
457 records sent, 91,3 records/sec (0,09 MB/sec), 10,9 ms avg latency, 209,0 ms max latency.
437 records sent, 87,3 records/sec (0,08 MB/sec), 11,4 ms avg latency, 639,0 ms max latency.
484 records sent, 95,8 records/sec (0,09 MB/sec), 10,4 ms avg latency, 648,0 ms max latency.
542 records sent, 106,2 records/sec (0,10 MB/sec), 9,4 ms avg latency, 209,0 ms max latency.
466 records sent, 92,9 records/sec (0,09 MB/sec), 10,7 ms avg latency, 209,0 ms max latency.
400 records sent, 77,1 records/sec (0,07 MB/sec), 13,0 ms avg latency, 642,0 ms max latency.
368 records sent, 71,5 records/sec (0,07 MB/sec), 14,0 ms avg latency, 640,0 ms max latency.
461 records sent, 91,3 records/sec (0,09 MB/sec), 10,9 ms avg latency, 636,0 ms max latency.
422 records sent, 84,4 records/sec (0,08 MB/sec), 11,8 ms avg latency, 638,0 ms max latency.
481 records sent, 95,8 records/sec (0,09 MB/sec), 10,4 ms avg latency, 627,0 ms max latency.
505 records sent, 99,8 records/sec (0,10 MB/sec), 10,0 ms avg latency, 211,0 ms max latency.
469 records sent, 93,1 records/sec (0,09 MB/sec), 10,7 ms avg latency, 629,0 ms max latency.
455 records sent, 90,6 records/sec (0,09 MB/sec), 11,0 ms avg latency, 209,0 ms max latency.
576 records sent, 111,6 records/sec (0,11 MB/sec), 9,0 ms avg latency, 642,0 ms max latency.
384 records sent, 74,7 records/sec (0,07 MB/sec), 13,4 ms avg latency, 209,0 ms max latency.
588 records sent, 113,8 records/sec (0,11 MB/sec), 8,8 ms avg latency, 209,0 ms max latency.
366 records sent, 71,2 records/sec (0,07 MB/sec), 14,0 ms avg latency, 635,0 ms max latency.
448 records sent, 88,9 records/sec (0,08 MB/sec), 11,2 ms avg latency, 626,0 ms max latency.
388 records sent, 74,8 records/sec (0,07 MB/sec), 13,3 ms avg latency, 636,0 ms max latency.
494 records sent, 97,6 records/sec (0,09 MB/sec), 10,2 ms avg latency, 209,0 ms max latency.
637 records sent, 122,3 records/sec (0,12 MB/sec), 8,2 ms avg latency, 624,0 ms max latency.
560 records sent, 109,2 records/sec (0,10 MB/sec), 9,1 ms avg latency, 209,0 ms max latency.
723 records sent, 142,1 records/sec (0,14 MB/sec), 7,0 ms avg latency, 209,0 ms max latency.
524 records sent, 103,1 records/sec (0,10 MB/sec), 9,7 ms avg latency, 623,0 ms max latency.
376 records sent, 73,0 records/sec (0,07 MB/sec), 13,7 ms avg latency, 632,0 ms max latency.
591 records sent, 114,9 records/sec (0,11 MB/sec), 8,7 ms avg latency, 209,0 ms max latency.
605 records sent, 120,8 records/sec (0,12 MB/sec), 8,3 ms avg latency, 638,0 ms max latency.
312 records sent, 61,2 records/sec (0,06 MB/sec), 16,3 ms avg latency, 636,0 ms max latency.
770 records sent, 150,4 records/sec (0,14 MB/sec), 6,6 ms avg latency, 209,0 ms max latency.
527 records sent, 103,7 records/sec (0,10 MB/sec), 9,6 ms avg latency, 209,0 ms max latency.
574 records sent, 111,0 records/sec (0,11 MB/sec), 9,0 ms avg latency, 645,0 ms max latency.
815 records sent, 157,3 records/sec (0,15 MB/sec), 6,3 ms avg latency, 208,0 ms max latency.
603 records sent, 116,9 records/sec (0,11 MB/sec), 8,5 ms avg latency, 209,0 ms max latency.
639 records sent, 123,0 records/sec (0,12 MB/sec), 8,1 ms avg latency, 627,0 ms max latency.
422 records sent, 84,4 records/sec (0,08 MB/sec), 11,8 ms avg latency, 642,0 ms max latency.
822 records sent, 158,4 records/sec (0,15 MB/sec), 6,3 ms avg latency, 638,0 ms max latency.
700 records sent, 138,7 records/sec (0,13 MB/sec), 7,2 ms avg latency, 209,0 ms max latency.
659 records sent, 130,4 records/sec (0,12 MB/sec), 7,7 ms avg latency, 645,0 ms max latency.
260 records sent, 51,4 records/sec (0,05 MB/sec), 19,5 ms avg latency, 640,0 ms max latency.
427 records sent, 82,2 records/sec (0,08 MB/sec), 12,1 ms avg latency, 628,0 ms max latency.
743 records sent, 146,0 records/sec (0,14 MB/sec), 6,8 ms avg latency, 209,0 ms max latency.
371 records sent, 71,8 records/sec (0,07 MB/sec), 13,9 ms avg latency, 646,0 ms max latency.
430 records sent, 85,9 records/sec (0,08 MB/sec), 11,6 ms avg latency, 642,0 ms max latency.
468 records sent, 93,2 records/sec (0,09 MB/sec), 10,7 ms avg latency, 209,0 ms max latency.
468 records sent, 86,0 records/sec (0,08 MB/sec), 11,6 ms avg latency, 627,0 ms max latency.
446 records sent, 89,2 records/sec (0,09 MB/sec), 11,2 ms avg latency, 627,0 ms max latency.
557 records sent, 108,3 records/sec (0,10 MB/sec), 9,2 ms avg latency, 623,0 ms max latency.
335 records sent, 65,4 records/sec (0,06 MB/sec), 15,3 ms avg latency, 637,0 ms max latency.
318 records sent, 62,3 records/sec (0,06 MB/sec), 16,0 ms avg latency, 209,0 ms max latency.
502 records sent, 94,9 records/sec (0,09 MB/sec), 10,5 ms avg latency, 647,0 ms max latency.
421 records sent, 74,8 records/sec (0,07 MB/sec), 13,4 ms avg latency, 633,0 ms max latency.
384 records sent, 68,2 records/sec (0,07 MB/sec), 14,7 ms avg latency, 647,0 ms max latency.
343 records sent, 67,1 records/sec (0,06 MB/sec), 14,9 ms avg latency, 209,0 ms max latency.
550 records sent, 107,9 records/sec (0,10 MB/sec), 9,3 ms avg latency, 621,0 ms max latency.
527 records sent, 103,5 records/sec (0,10 MB/sec), 9,7 ms avg latency, 621,0 ms max latency.
368 records sent, 71,0 records/sec (0,07 MB/sec), 14,1 ms avg latency, 644,0 ms max latency.
480 records sent, 87,7 records/sec (0,08 MB/sec), 11,4 ms avg latency, 639,0 ms max latency.
333 records sent, 64,9 records/sec (0,06 MB/sec), 15,4 ms avg latency, 209,0 ms max latency.
559 records sent, 109,4 records/sec (0,10 MB/sec), 9,1 ms avg latency, 209,0 ms max latency.
344 records sent, 64,4 records/sec (0,06 MB/sec), 15,5 ms avg latency, 638,0 ms max latency.
421 records sent, 81,0 records/sec (0,08 MB/sec), 12,3 ms avg latency, 209,0 ms max latency.
441 records sent, 84,7 records/sec (0,08 MB/sec), 11,8 ms avg latency, 627,0 ms max latency.
454 records sent, 90,5 records/sec (0,09 MB/sec), 11,0 ms avg latency, 209,0 ms max latency.
421 records sent, 81,3 records/sec (0,08 MB/sec), 12,3 ms avg latency, 632,0 ms max latency.
473 records sent, 94,3 records/sec (0,09 MB/sec), 10,6 ms avg latency, 209,0 ms max latency.
565 records sent, 109,9 records/sec (0,10 MB/sec), 9,1 ms avg latency, 209,0 ms max latency.
399 records sent, 79,8 records/sec (0,08 MB/sec), 12,5 ms avg latency, 647,0 ms max latency.
625 records sent, 120,3 records/sec (0,11 MB/sec), 8,3 ms avg latency, 647,0 ms max latency.
472 records sent, 93,2 records/sec (0,09 MB/sec), 10,7 ms avg latency, 647,0 ms max latency.
397 records sent, 76,6 records/sec (0,07 MB/sec), 13,0 ms avg latency, 639,0 ms max latency.
517 records sent, 93,9 records/sec (0,09 MB/sec), 10,6 ms avg latency, 634,0 ms max latency.
619 records sent, 123,8 records/sec (0,12 MB/sec), 8,1 ms avg latency, 639,0 ms max latency.
445 records sent, 88,3 records/sec (0,08 MB/sec), 11,3 ms avg latency, 640,0 ms max latency.
643 records sent, 124,3 records/sec (0,12 MB/sec), 8,0 ms avg latency, 209,0 ms max latency.
666 records sent, 132,7 records/sec (0,13 MB/sec), 7,5 ms avg latency, 626,0 ms max latency.
507 records sent, 100,4 records/sec (0,10 MB/sec), 9,9 ms avg latency, 209,0 ms max latency.
367 records sent, 71,5 records/sec (0,07 MB/sec), 14,0 ms avg latency, 627,0 ms max latency.
654 records sent, 129,8 records/sec (0,12 MB/sec), 7,7 ms avg latency, 209,0 ms max latency.
618 records sent, 119,2 records/sec (0,11 MB/sec), 8,4 ms avg latency, 631,0 ms max latency.
354 records sent, 63,9 records/sec (0,06 MB/sec), 15,6 ms avg latency, 623,0 ms max latency.
358 records sent, 70,0 records/sec (0,07 MB/sec), 14,3 ms avg latency, 209,0 ms max latency.
607 records sent, 116,8 records/sec (0,11 MB/sec), 8,6 ms avg latency, 641,0 ms max latency.
446 records sent, 89,2 records/sec (0,09 MB/sec), 11,2 ms avg latency, 624,0 ms max latency.
615 records sent, 119,0 records/sec (0,11 MB/sec), 8,4 ms avg latency, 209,0 ms max latency.
568 records sent, 110,1 records/sec (0,10 MB/sec), 9,1 ms avg latency, 645,0 ms max latency.
348 records sent, 68,1 records/sec (0,06 MB/sec), 14,7 ms avg latency, 631,0 ms max latency.
423 records sent, 84,6 records/sec (0,08 MB/sec), 11,8 ms avg latency, 644,0 ms max latency.
762 records sent, 138,4 records/sec (0,13 MB/sec), 7,2 ms avg latency, 620,0 ms max latency.
613 records sent, 122,6 records/sec (0,12 MB/sec), 8,1 ms avg latency, 225,0 ms max latency.
574 records sent, 112,2 records/sec (0,11 MB/sec), 8,9 ms avg latency, 209,0 ms max latency.
478 records sent, 95,0 records/sec (0,09 MB/sec), 10,5 ms avg latency, 209,0 ms max latency.
524 records sent, 102,6 records/sec (0,10 MB/sec), 9,7 ms avg latency, 210,0 ms max latency.
536 records sent, 105,5 records/sec (0,10 MB/sec), 9,5 ms avg latency, 631,0 ms max latency.
513 records sent, 101,1 records/sec (0,10 MB/sec), 9,9 ms avg latency, 643,0 ms max latency.
480 records sent, 95,1 records/sec (0,09 MB/sec), 10,5 ms avg latency, 209,0 ms max latency.
444 records sent, 88,4 records/sec (0,08 MB/sec), 11,3 ms avg latency, 635,0 ms max latency.
475 records sent, 94,3 records/sec (0,09 MB/sec), 10,6 ms avg latency, 636,0 ms max latency.
505 records sent, 99,4 records/sec (0,09 MB/sec), 10,1 ms avg latency, 635,0 ms max latency.
427 records sent, 82,1 records/sec (0,08 MB/sec), 12,2 ms avg latency, 209,0 ms max latency.
633 records sent, 125,8 records/sec (0,12 MB/sec), 7,9 ms avg latency, 623,0 ms max latency.
470 records sent, 93,3 records/sec (0,09 MB/sec), 10,7 ms avg latency, 214,0 ms max latency.
479 records sent, 95,0 records/sec (0,09 MB/sec), 10,5 ms avg latency, 209,0 ms max latency.
527 records sent, 103,5 records/sec (0,10 MB/sec), 9,7 ms avg latency, 210,0 ms max latency.
363 records sent, 70,5 records/sec (0,07 MB/sec), 14,2 ms avg latency, 640,0 ms max latency.
464 records sent, 92,7 records/sec (0,09 MB/sec), 10,8 ms avg latency, 209,0 ms max latency.
508 records sent, 95,9 records/sec (0,09 MB/sec), 10,4 ms avg latency, 623,0 ms max latency.
472 records sent, 93,9 records/sec (0,09 MB/sec), 10,6 ms avg latency, 209,0 ms max latency.
543 records sent, 106,1 records/sec (0,10 MB/sec), 9,4 ms avg latency, 644,0 ms max latency.
483 records sent, 95,7 records/sec (0,09 MB/sec), 10,4 ms avg latency, 217,0 ms max latency.
534 records sent, 104,3 records/sec (0,10 MB/sec), 9,6 ms avg latency, 636,0 ms max latency.
591 records sent, 114,4 records/sec (0,11 MB/sec), 8,7 ms avg latency, 639,0 ms max latency.
823 records sent, 159,2 records/sec (0,15 MB/sec), 6,3 ms avg latency, 624,0 ms max latency.
496 records sent, 97,7 records/sec (0,09 MB/sec), 10,2 ms avg latency, 636,0 ms max latency.
613 records sent, 117,9 records/sec (0,11 MB/sec), 8,5 ms avg latency, 641,0 ms max latency.
738 records sent, 145,3 records/sec (0,14 MB/sec), 6,9 ms avg latency, 649,0 ms max latency.
410 records sent, 79,2 records/sec (0,08 MB/sec), 12,6 ms avg latency, 209,0 ms max latency.
682 records sent, 135,6 records/sec (0,13 MB/sec), 7,4 ms avg latency, 209,0 ms max latency.
80000 records sent, 99,316331 records/sec (0,09 MB/sec), 10,05 ms avg latency, 1510,00 ms max latency, 1 ms 50th, 2 ms 95th, 208 ms 99th, 632 ms 99.9th.

Metric Name                                                                          Value
app-info:commit-id:{client-id=producer-1}                                          : d4284cbebb6f0a4c
app-info:start-time-ms:{client-id=producer-1}                                      : 1592619839966
app-info:version:{client-id=producer-1}                                            : 2.3.1
kafka-metrics-count:count:{client-id=producer-1}                                   : 126,000
producer-metrics:batch-size-avg:{client-id=producer-1}                             : 1075,000
producer-metrics:batch-size-max:{client-id=producer-1}                             : 1075,000
producer-metrics:batch-split-rate:{client-id=producer-1}                           : 0,000
producer-metrics:batch-split-total:{client-id=producer-1}                          : 0,000
producer-metrics:buffer-available-bytes:{client-id=producer-1}                     : 33554432,000
producer-metrics:buffer-exhausted-rate:{client-id=producer-1}                      : 0,000
producer-metrics:buffer-exhausted-total:{client-id=producer-1}                     : 0,000
producer-metrics:buffer-total-bytes:{client-id=producer-1}                         : 33554432,000
producer-metrics:bufferpool-wait-ratio:{client-id=producer-1}                      : 0,000
producer-metrics:bufferpool-wait-time-total:{client-id=producer-1}                 : 0,000
producer-metrics:compression-rate-avg:{client-id=producer-1}                       : 1,000
producer-metrics:connection-close-rate:{client-id=producer-1}                      : 0,000
producer-metrics:connection-close-total:{client-id=producer-1}                     : 2,000
producer-metrics:connection-count:{client-id=producer-1}                           : 3,000
producer-metrics:connection-creation-rate:{client-id=producer-1}                   : 0,000
producer-metrics:connection-creation-total:{client-id=producer-1}                  : 5,000
producer-metrics:failed-authentication-rate:{client-id=producer-1}                 : 0,000
producer-metrics:failed-authentication-total:{client-id=producer-1}                : 0,000
producer-metrics:failed-reauthentication-rate:{client-id=producer-1}               : 0,000
producer-metrics:failed-reauthentication-total:{client-id=producer-1}              : 0,000
producer-metrics:incoming-byte-rate:{client-id=producer-1}                         : 7193,241
producer-metrics:incoming-byte-total:{client-id=producer-1}                        : 4962610,000
producer-metrics:io-ratio:{client-id=producer-1}                                   : 0,004
producer-metrics:io-time-ns-avg:{client-id=producer-1}                             : 11815,926
producer-metrics:io-wait-ratio:{client-id=producer-1}                              : 0,993
producer-metrics:io-wait-time-ns-avg:{client-id=producer-1}                        : 2852662,213
producer-metrics:io-waittime-total:{client-id=producer-1}                          : 796601501959,000
producer-metrics:iotime-total:{client-id=producer-1}                               : 3135612928,000
producer-metrics:metadata-age:{client-id=producer-1}                               : 265,173
producer-metrics:network-io-rate:{client-id=producer-1}                            : 232,017
producer-metrics:network-io-total:{client-id=producer-1}                           : 160019,000
producer-metrics:outgoing-byte-rate:{client-id=producer-1}                         : 132828,877
producer-metrics:outgoing-byte-total:{client-id=producer-1}                        : 91590327,000
producer-metrics:produce-throttle-time-avg:{client-id=producer-1}                  : 0,000
producer-metrics:produce-throttle-time-max:{client-id=producer-1}                  : 0,000
producer-metrics:reauthentication-latency-avg:{client-id=producer-1}               : NaN
producer-metrics:reauthentication-latency-max:{client-id=producer-1}               : NaN
producer-metrics:record-error-rate:{client-id=producer-1}                          : 0,000
producer-metrics:record-error-total:{client-id=producer-1}                         : 0,000
producer-metrics:record-queue-time-avg:{client-id=producer-1}                      : 0,018
producer-metrics:record-queue-time-max:{client-id=producer-1}                      : 1,000
producer-metrics:record-retry-rate:{client-id=producer-1}                          : 0,000
producer-metrics:record-retry-total:{client-id=producer-1}                         : 1,000
producer-metrics:record-send-rate:{client-id=producer-1}                           : 116,003
producer-metrics:record-send-total:{client-id=producer-1}                          : 80001,000
producer-metrics:record-size-avg:{client-id=producer-1}                            : 1091,000
producer-metrics:record-size-max:{client-id=producer-1}                            : 1091,000
producer-metrics:records-per-request-avg:{client-id=producer-1}                    : 1,000
producer-metrics:request-latency-avg:{client-id=producer-1}                        : 8,607
producer-metrics:request-latency-max:{client-id=producer-1}                        : 649,000
producer-metrics:request-rate:{client-id=producer-1}                               : 116,001
producer-metrics:request-size-avg:{client-id=producer-1}                           : 1145,000
producer-metrics:request-size-max:{client-id=producer-1}                           : 1145,000
producer-metrics:request-total:{client-id=producer-1}                              : 80010,000
producer-metrics:requests-in-flight:{client-id=producer-1}                         : 0,000
producer-metrics:response-rate:{client-id=producer-1}                              : 116,020
producer-metrics:response-total:{client-id=producer-1}                             : 80009,000
producer-metrics:select-rate:{client-id=producer-1}                                : 347,935
producer-metrics:select-total:{client-id=producer-1}                               : 239374,000
producer-metrics:successful-authentication-no-reauth-total:{client-id=producer-1}  : 0,000
producer-metrics:successful-authentication-rate:{client-id=producer-1}             : 0,000
producer-metrics:successful-authentication-total:{client-id=producer-1}            : 0,000
producer-metrics:successful-reauthentication-rate:{client-id=producer-1}           : 0,000
producer-metrics:successful-reauthentication-total:{client-id=producer-1}          : 0,000
producer-metrics:waiting-threads:{client-id=producer-1}                            : 0,000
producer-node-metrics:incoming-byte-rate:{client-id=producer-1, node-id=node--3}   : 0,000
producer-node-metrics:incoming-byte-rate:{client-id=producer-1, node-id=node-1}    : 2421,518
producer-node-metrics:incoming-byte-rate:{client-id=producer-1, node-id=node-3}    : 2378,798
producer-node-metrics:incoming-byte-rate:{client-id=producer-1, node-id=node-6}    : 2415,477
producer-node-metrics:incoming-byte-total:{client-id=producer-1, node-id=node--3}  : 579,000
producer-node-metrics:incoming-byte-total:{client-id=producer-1, node-id=node-1}   : 1659956,000
producer-node-metrics:incoming-byte-total:{client-id=producer-1, node-id=node-3}   : 1646431,000
producer-node-metrics:incoming-byte-total:{client-id=producer-1, node-id=node-6}   : 1655644,000
producer-node-metrics:outgoing-byte-rate:{client-id=producer-1, node-id=node--3}   : 0,000
producer-node-metrics:outgoing-byte-rate:{client-id=producer-1, node-id=node-1}    : 44851,035
producer-node-metrics:outgoing-byte-rate:{client-id=producer-1, node-id=node-3}    : 43914,220
producer-node-metrics:outgoing-byte-rate:{client-id=producer-1, node-id=node-6}    : 44404,731
producer-node-metrics:outgoing-byte-total:{client-id=producer-1, node-id=node--3}  : 67,000
producer-node-metrics:outgoing-byte-total:{client-id=producer-1, node-id=node-1}   : 30642154,000
producer-node-metrics:outgoing-byte-total:{client-id=producer-1, node-id=node-3}   : 30391640,000
producer-node-metrics:outgoing-byte-total:{client-id=producer-1, node-id=node-6}   : 30556466,000
producer-node-metrics:request-latency-avg:{client-id=producer-1, node-id=node--3}  : NaN
producer-node-metrics:request-latency-avg:{client-id=producer-1, node-id=node-1}   : 9,673
producer-node-metrics:request-latency-avg:{client-id=producer-1, node-id=node-3}   : 8,043
producer-node-metrics:request-latency-avg:{client-id=producer-1, node-id=node-6}   : 7,940
producer-node-metrics:request-latency-max:{client-id=producer-1, node-id=node--3}  : NaN
producer-node-metrics:request-latency-max:{client-id=producer-1, node-id=node-1}   : 649,000
producer-node-metrics:request-latency-max:{client-id=producer-1, node-id=node-3}   : 640,000
producer-node-metrics:request-latency-max:{client-id=producer-1, node-id=node-6}   : 644,000
producer-node-metrics:request-rate:{client-id=producer-1, node-id=node--3}         : 0,000
producer-node-metrics:request-rate:{client-id=producer-1, node-id=node-1}          : 39,170
producer-node-metrics:request-rate:{client-id=producer-1, node-id=node-3}          : 38,352
producer-node-metrics:request-rate:{client-id=producer-1, node-id=node-6}          : 38,780
producer-node-metrics:request-size-avg:{client-id=producer-1, node-id=node--3}     : NaN
producer-node-metrics:request-size-avg:{client-id=producer-1, node-id=node-1}      : 1145,000
producer-node-metrics:request-size-avg:{client-id=producer-1, node-id=node-3}      : 1145,000
producer-node-metrics:request-size-avg:{client-id=producer-1, node-id=node-6}      : 1145,000
producer-node-metrics:request-size-max:{client-id=producer-1, node-id=node--3}     : NaN
producer-node-metrics:request-size-max:{client-id=producer-1, node-id=node-1}      : 1145,000
producer-node-metrics:request-size-max:{client-id=producer-1, node-id=node-3}      : 1145,000
producer-node-metrics:request-size-max:{client-id=producer-1, node-id=node-6}      : 1145,000
producer-node-metrics:request-total:{client-id=producer-1, node-id=node--3}        : 2,000
producer-node-metrics:request-total:{client-id=producer-1, node-id=node-1}         : 26767,000
producer-node-metrics:request-total:{client-id=producer-1, node-id=node-3}         : 26548,000
producer-node-metrics:request-total:{client-id=producer-1, node-id=node-6}         : 26693,000
producer-node-metrics:response-rate:{client-id=producer-1, node-id=node--3}        : 0,000
producer-node-metrics:response-rate:{client-id=producer-1, node-id=node-1}         : 39,057
producer-node-metrics:response-rate:{client-id=producer-1, node-id=node-3}         : 38,368
producer-node-metrics:response-rate:{client-id=producer-1, node-id=node-6}         : 38,959
producer-node-metrics:response-total:{client-id=producer-1, node-id=node--3}       : 2,000
producer-node-metrics:response-total:{client-id=producer-1, node-id=node-1}        : 26766,000
producer-node-metrics:response-total:{client-id=producer-1, node-id=node-3}        : 26548,000
producer-node-metrics:response-total:{client-id=producer-1, node-id=node-6}        : 26693,000
producer-topic-metrics:byte-rate:{client-id=producer-1, topic=test-topic}          : 124701,295
producer-topic-metrics:byte-total:{client-id=producer-1, topic=test-topic}         : 85989965,000
producer-topic-metrics:compression-rate:{client-id=producer-1, topic=test-topic}   : 1,000
producer-topic-metrics:record-error-rate:{client-id=producer-1, topic=test-topic}  : 0,000
producer-topic-metrics:record-error-total:{client-id=producer-1, topic=test-topic} : 0,000
producer-topic-metrics:record-retry-rate:{client-id=producer-1, topic=test-topic}  : 0,000
producer-topic-metrics:record-retry-total:{client-id=producer-1, topic=test-topic} : 1,000
producer-topic-metrics:record-send-rate:{client-id=producer-1, topic=test-topic}   : 116,003
producer-topic-metrics:record-send-total:{client-id=producer-1, topic=test-topic}  : 80001,000
Produce Time: 805.502
Aplication time: 806.18
*****Produção finalizada, esperando 180 s para buscar WM*****
Water mark: 1680000
