Topic to send: test-topic
Topic to acks: 1
Records: 80000
Size:1000
434 records sent, 83,9 records/sec (0,08 MB/sec), 11,9 ms avg latency, 239,0 ms max latency.
528 records sent, 99,2 records/sec (0,09 MB/sec), 10,1 ms avg latency, 645,0 ms max latency.
568 records sent, 95,1 records/sec (0,09 MB/sec), 10,5 ms avg latency, 1532,0 ms max latency.
332 records sent, 64,2 records/sec (0,06 MB/sec), 15,6 ms avg latency, 210,0 ms max latency.
555 records sent, 110,5 records/sec (0,11 MB/sec), 9,0 ms avg latency, 212,0 ms max latency.
679 records sent, 132,0 records/sec (0,13 MB/sec), 7,5 ms avg latency, 213,0 ms max latency.
532 records sent, 103,5 records/sec (0,10 MB/sec), 9,6 ms avg latency, 209,0 ms max latency.
458 records sent, 86,5 records/sec (0,08 MB/sec), 11,5 ms avg latency, 642,0 ms max latency.
612 records sent, 122,2 records/sec (0,12 MB/sec), 8,2 ms avg latency, 209,0 ms max latency.
390 records sent, 77,4 records/sec (0,07 MB/sec), 12,9 ms avg latency, 649,0 ms max latency.
622 records sent, 124,4 records/sec (0,12 MB/sec), 8,0 ms avg latency, 213,0 ms max latency.
548 records sent, 106,9 records/sec (0,10 MB/sec), 9,3 ms avg latency, 211,0 ms max latency.
518 records sent, 97,2 records/sec (0,09 MB/sec), 10,3 ms avg latency, 631,0 ms max latency.
666 records sent, 122,4 records/sec (0,12 MB/sec), 8,2 ms avg latency, 622,0 ms max latency.
435 records sent, 87,0 records/sec (0,08 MB/sec), 11,5 ms avg latency, 213,0 ms max latency.
455 records sent, 90,8 records/sec (0,09 MB/sec), 11,0 ms avg latency, 632,0 ms max latency.
449 records sent, 89,3 records/sec (0,09 MB/sec), 11,2 ms avg latency, 634,0 ms max latency.
596 records sent, 115,5 records/sec (0,11 MB/sec), 8,6 ms avg latency, 209,0 ms max latency.
354 records sent, 69,2 records/sec (0,07 MB/sec), 14,5 ms avg latency, 633,0 ms max latency.
595 records sent, 115,4 records/sec (0,11 MB/sec), 8,6 ms avg latency, 209,0 ms max latency.
783 records sent, 151,8 records/sec (0,14 MB/sec), 6,6 ms avg latency, 632,0 ms max latency.
455 records sent, 90,5 records/sec (0,09 MB/sec), 11,0 ms avg latency, 209,0 ms max latency.
466 records sent, 92,0 records/sec (0,09 MB/sec), 10,9 ms avg latency, 643,0 ms max latency.
529 records sent, 103,4 records/sec (0,10 MB/sec), 9,7 ms avg latency, 648,0 ms max latency.
560 records sent, 109,1 records/sec (0,10 MB/sec), 9,2 ms avg latency, 633,0 ms max latency.
437 records sent, 87,4 records/sec (0,08 MB/sec), 11,4 ms avg latency, 209,0 ms max latency.
601 records sent, 116,5 records/sec (0,11 MB/sec), 8,6 ms avg latency, 639,0 ms max latency.
523 records sent, 102,5 records/sec (0,10 MB/sec), 9,7 ms avg latency, 640,0 ms max latency.
649 records sent, 129,8 records/sec (0,12 MB/sec), 7,7 ms avg latency, 622,0 ms max latency.
524 records sent, 102,8 records/sec (0,10 MB/sec), 9,7 ms avg latency, 646,0 ms max latency.
733 records sent, 144,4 records/sec (0,14 MB/sec), 6,9 ms avg latency, 209,0 ms max latency.
469 records sent, 93,4 records/sec (0,09 MB/sec), 10,7 ms avg latency, 209,0 ms max latency.
675 records sent, 134,1 records/sec (0,13 MB/sec), 7,4 ms avg latency, 648,0 ms max latency.
457 records sent, 89,4 records/sec (0,09 MB/sec), 11,2 ms avg latency, 1522,0 ms max latency.
651 records sent, 130,2 records/sec (0,12 MB/sec), 7,7 ms avg latency, 209,0 ms max latency.
442 records sent, 88,4 records/sec (0,08 MB/sec), 11,3 ms avg latency, 639,0 ms max latency.
475 records sent, 94,2 records/sec (0,09 MB/sec), 10,6 ms avg latency, 634,0 ms max latency.
619 records sent, 123,8 records/sec (0,12 MB/sec), 8,1 ms avg latency, 645,0 ms max latency.
608 records sent, 118,1 records/sec (0,11 MB/sec), 8,4 ms avg latency, 209,0 ms max latency.
405 records sent, 78,0 records/sec (0,07 MB/sec), 12,8 ms avg latency, 642,0 ms max latency.
511 records sent, 101,0 records/sec (0,10 MB/sec), 9,9 ms avg latency, 209,0 ms max latency.
439 records sent, 84,3 records/sec (0,08 MB/sec), 11,8 ms avg latency, 209,0 ms max latency.
474 records sent, 94,1 records/sec (0,09 MB/sec), 10,6 ms avg latency, 628,0 ms max latency.
411 records sent, 82,2 records/sec (0,08 MB/sec), 12,2 ms avg latency, 643,0 ms max latency.
425 records sent, 84,4 records/sec (0,08 MB/sec), 11,8 ms avg latency, 1494,0 ms max latency.
549 records sent, 107,2 records/sec (0,10 MB/sec), 9,3 ms avg latency, 209,0 ms max latency.
519 records sent, 102,3 records/sec (0,10 MB/sec), 9,8 ms avg latency, 210,0 ms max latency.
478 records sent, 95,1 records/sec (0,09 MB/sec), 10,5 ms avg latency, 209,0 ms max latency.
467 records sent, 92,3 records/sec (0,09 MB/sec), 10,8 ms avg latency, 645,0 ms max latency.
544 records sent, 106,9 records/sec (0,10 MB/sec), 9,3 ms avg latency, 209,0 ms max latency.
494 records sent, 97,6 records/sec (0,09 MB/sec), 10,2 ms avg latency, 209,0 ms max latency.
422 records sent, 81,2 records/sec (0,08 MB/sec), 12,3 ms avg latency, 630,0 ms max latency.
487 records sent, 96,3 records/sec (0,09 MB/sec), 10,4 ms avg latency, 209,0 ms max latency.
396 records sent, 76,6 records/sec (0,07 MB/sec), 13,0 ms avg latency, 209,0 ms max latency.
599 records sent, 115,6 records/sec (0,11 MB/sec), 8,6 ms avg latency, 647,0 ms max latency.
595 records sent, 115,2 records/sec (0,11 MB/sec), 8,7 ms avg latency, 209,0 ms max latency.
562 records sent, 100,8 records/sec (0,10 MB/sec), 9,9 ms avg latency, 649,0 ms max latency.
456 records sent, 86,9 records/sec (0,08 MB/sec), 11,5 ms avg latency, 646,0 ms max latency.
380 records sent, 74,1 records/sec (0,07 MB/sec), 13,5 ms avg latency, 209,0 ms max latency.
505 records sent, 99,7 records/sec (0,10 MB/sec), 10,0 ms avg latency, 209,0 ms max latency.
388 records sent, 75,0 records/sec (0,07 MB/sec), 13,3 ms avg latency, 638,0 ms max latency.
415 records sent, 80,1 records/sec (0,08 MB/sec), 12,5 ms avg latency, 625,0 ms max latency.
396 records sent, 76,3 records/sec (0,07 MB/sec), 13,1 ms avg latency, 624,0 ms max latency.
606 records sent, 118,1 records/sec (0,11 MB/sec), 8,5 ms avg latency, 209,0 ms max latency.
436 records sent, 83,4 records/sec (0,08 MB/sec), 12,0 ms avg latency, 633,0 ms max latency.
438 records sent, 87,6 records/sec (0,08 MB/sec), 11,4 ms avg latency, 209,0 ms max latency.
568 records sent, 110,9 records/sec (0,11 MB/sec), 9,0 ms avg latency, 209,0 ms max latency.
741 records sent, 145,6 records/sec (0,14 MB/sec), 6,9 ms avg latency, 209,0 ms max latency.
629 records sent, 125,8 records/sec (0,12 MB/sec), 7,9 ms avg latency, 630,0 ms max latency.
588 records sent, 114,2 records/sec (0,11 MB/sec), 8,7 ms avg latency, 209,0 ms max latency.
555 records sent, 108,9 records/sec (0,10 MB/sec), 9,2 ms avg latency, 624,0 ms max latency.
627 records sent, 120,9 records/sec (0,12 MB/sec), 8,3 ms avg latency, 626,0 ms max latency.
334 records sent, 65,1 records/sec (0,06 MB/sec), 15,3 ms avg latency, 641,0 ms max latency.
437 records sent, 87,1 records/sec (0,08 MB/sec), 11,5 ms avg latency, 625,0 ms max latency.
376 records sent, 70,0 records/sec (0,07 MB/sec), 14,3 ms avg latency, 633,0 ms max latency.
544 records sent, 106,3 records/sec (0,10 MB/sec), 9,4 ms avg latency, 629,0 ms max latency.
461 records sent, 91,3 records/sec (0,09 MB/sec), 10,9 ms avg latency, 630,0 ms max latency.
560 records sent, 105,3 records/sec (0,10 MB/sec), 9,5 ms avg latency, 636,0 ms max latency.
451 records sent, 89,9 records/sec (0,09 MB/sec), 11,1 ms avg latency, 209,0 ms max latency.
603 records sent, 116,4 records/sec (0,11 MB/sec), 8,6 ms avg latency, 647,0 ms max latency.
551 records sent, 107,6 records/sec (0,10 MB/sec), 9,3 ms avg latency, 642,0 ms max latency.
624 records sent, 120,4 records/sec (0,11 MB/sec), 8,3 ms avg latency, 209,0 ms max latency.
566 records sent, 110,3 records/sec (0,11 MB/sec), 9,0 ms avg latency, 627,0 ms max latency.
435 records sent, 83,4 records/sec (0,08 MB/sec), 12,0 ms avg latency, 637,0 ms max latency.
627 records sent, 120,9 records/sec (0,12 MB/sec), 8,3 ms avg latency, 620,0 ms max latency.
517 records sent, 101,2 records/sec (0,10 MB/sec), 9,9 ms avg latency, 643,0 ms max latency.
400 records sent, 67,9 records/sec (0,06 MB/sec), 14,7 ms avg latency, 1531,0 ms max latency.
657 records sent, 131,4 records/sec (0,13 MB/sec), 7,6 ms avg latency, 209,0 ms max latency.
504 records sent, 99,4 records/sec (0,09 MB/sec), 10,0 ms avg latency, 209,0 ms max latency.
481 records sent, 95,2 records/sec (0,09 MB/sec), 10,5 ms avg latency, 618,0 ms max latency.
716 records sent, 140,9 records/sec (0,13 MB/sec), 7,1 ms avg latency, 634,0 ms max latency.
442 records sent, 88,1 records/sec (0,08 MB/sec), 11,3 ms avg latency, 209,0 ms max latency.
560 records sent, 109,1 records/sec (0,10 MB/sec), 9,2 ms avg latency, 209,0 ms max latency.
454 records sent, 90,5 records/sec (0,09 MB/sec), 11,0 ms avg latency, 618,0 ms max latency.
493 records sent, 89,6 records/sec (0,09 MB/sec), 11,2 ms avg latency, 649,0 ms max latency.
322 records sent, 59,9 records/sec (0,06 MB/sec), 16,7 ms avg latency, 1722,0 ms max latency.
625 records sent, 120,5 records/sec (0,11 MB/sec), 8,3 ms avg latency, 632,0 ms max latency.
439 records sent, 87,5 records/sec (0,08 MB/sec), 11,4 ms avg latency, 634,0 ms max latency.
384 records sent, 76,4 records/sec (0,07 MB/sec), 13,1 ms avg latency, 1528,0 ms max latency.
573 records sent, 111,0 records/sec (0,11 MB/sec), 9,0 ms avg latency, 646,0 ms max latency.
495 records sent, 98,0 records/sec (0,09 MB/sec), 10,2 ms avg latency, 209,0 ms max latency.
551 records sent, 107,3 records/sec (0,10 MB/sec), 9,3 ms avg latency, 649,0 ms max latency.
525 records sent, 103,0 records/sec (0,10 MB/sec), 9,7 ms avg latency, 630,0 ms max latency.
483 records sent, 95,5 records/sec (0,09 MB/sec), 10,5 ms avg latency, 213,0 ms max latency.
499 records sent, 98,0 records/sec (0,09 MB/sec), 10,2 ms avg latency, 628,0 ms max latency.
564 records sent, 109,2 records/sec (0,10 MB/sec), 9,1 ms avg latency, 631,0 ms max latency.
457 records sent, 90,5 records/sec (0,09 MB/sec), 11,0 ms avg latency, 644,0 ms max latency.
405 records sent, 75,1 records/sec (0,07 MB/sec), 13,3 ms avg latency, 631,0 ms max latency.
462 records sent, 91,6 records/sec (0,09 MB/sec), 10,9 ms avg latency, 637,0 ms max latency.
525 records sent, 103,3 records/sec (0,10 MB/sec), 9,7 ms avg latency, 209,0 ms max latency.
488 records sent, 96,4 records/sec (0,09 MB/sec), 10,4 ms avg latency, 626,0 ms max latency.
468 records sent, 92,4 records/sec (0,09 MB/sec), 10,8 ms avg latency, 644,0 ms max latency.
683 records sent, 135,4 records/sec (0,13 MB/sec), 7,4 ms avg latency, 209,0 ms max latency.
797 records sent, 154,5 records/sec (0,15 MB/sec), 6,5 ms avg latency, 209,0 ms max latency.
441 records sent, 84,8 records/sec (0,08 MB/sec), 11,8 ms avg latency, 635,0 ms max latency.
588 records sent, 114,2 records/sec (0,11 MB/sec), 8,8 ms avg latency, 209,0 ms max latency.
670 records sent, 134,0 records/sec (0,13 MB/sec), 7,4 ms avg latency, 209,0 ms max latency.
464 records sent, 92,2 records/sec (0,09 MB/sec), 10,8 ms avg latency, 637,0 ms max latency.
747 records sent, 147,4 records/sec (0,14 MB/sec), 6,8 ms avg latency, 209,0 ms max latency.
589 records sent, 114,5 records/sec (0,11 MB/sec), 8,7 ms avg latency, 628,0 ms max latency.
526 records sent, 103,6 records/sec (0,10 MB/sec), 9,6 ms avg latency, 210,0 ms max latency.
515 records sent, 101,5 records/sec (0,10 MB/sec), 9,8 ms avg latency, 633,0 ms max latency.
346 records sent, 64,8 records/sec (0,06 MB/sec), 15,4 ms avg latency, 632,0 ms max latency.
654 records sent, 130,8 records/sec (0,12 MB/sec), 7,6 ms avg latency, 209,0 ms max latency.
443 records sent, 88,4 records/sec (0,08 MB/sec), 11,3 ms avg latency, 622,0 ms max latency.
412 records sent, 82,4 records/sec (0,08 MB/sec), 12,1 ms avg latency, 649,0 ms max latency.
337 records sent, 66,0 records/sec (0,06 MB/sec), 15,2 ms avg latency, 209,0 ms max latency.
476 records sent, 94,1 records/sec (0,09 MB/sec), 10,6 ms avg latency, 209,0 ms max latency.
743 records sent, 146,2 records/sec (0,14 MB/sec), 6,8 ms avg latency, 209,0 ms max latency.
707 records sent, 139,4 records/sec (0,13 MB/sec), 7,2 ms avg latency, 619,0 ms max latency.
528 records sent, 103,5 records/sec (0,10 MB/sec), 9,6 ms avg latency, 637,0 ms max latency.
411 records sent, 79,3 records/sec (0,08 MB/sec), 12,6 ms avg latency, 634,0 ms max latency.
583 records sent, 113,9 records/sec (0,11 MB/sec), 8,8 ms avg latency, 209,0 ms max latency.
412 records sent, 79,5 records/sec (0,08 MB/sec), 12,6 ms avg latency, 639,0 ms max latency.
399 records sent, 77,1 records/sec (0,07 MB/sec), 12,9 ms avg latency, 632,0 ms max latency.
369 records sent, 69,1 records/sec (0,07 MB/sec), 14,5 ms avg latency, 619,0 ms max latency.
339 records sent, 66,2 records/sec (0,06 MB/sec), 15,1 ms avg latency, 643,0 ms max latency.
527 records sent, 103,7 records/sec (0,10 MB/sec), 9,6 ms avg latency, 209,0 ms max latency.
429 records sent, 82,6 records/sec (0,08 MB/sec), 12,1 ms avg latency, 622,0 ms max latency.
457 records sent, 91,2 records/sec (0,09 MB/sec), 11,0 ms avg latency, 209,0 ms max latency.
587 records sent, 114,3 records/sec (0,11 MB/sec), 8,7 ms avg latency, 209,0 ms max latency.
565 records sent, 102,3 records/sec (0,10 MB/sec), 9,8 ms avg latency, 629,0 ms max latency.
608 records sent, 117,9 records/sec (0,11 MB/sec), 8,5 ms avg latency, 637,0 ms max latency.
364 records sent, 70,8 records/sec (0,07 MB/sec), 14,1 ms avg latency, 214,0 ms max latency.
450 records sent, 89,4 records/sec (0,09 MB/sec), 11,2 ms avg latency, 649,0 ms max latency.
381 records sent, 76,2 records/sec (0,07 MB/sec), 13,1 ms avg latency, 642,0 ms max latency.
308 records sent, 60,3 records/sec (0,06 MB/sec), 16,6 ms avg latency, 649,0 ms max latency.
420 records sent, 77,6 records/sec (0,07 MB/sec), 12,9 ms avg latency, 642,0 ms max latency.
654 records sent, 130,8 records/sec (0,12 MB/sec), 7,6 ms avg latency, 209,0 ms max latency.
379 records sent, 75,8 records/sec (0,07 MB/sec), 13,2 ms avg latency, 1516,0 ms max latency.
578 records sent, 112,4 records/sec (0,11 MB/sec), 8,9 ms avg latency, 624,0 ms max latency.
340 records sent, 66,4 records/sec (0,06 MB/sec), 15,0 ms avg latency, 209,0 ms max latency.
615 records sent, 118,4 records/sec (0,11 MB/sec), 8,4 ms avg latency, 626,0 ms max latency.
656 records sent, 130,9 records/sec (0,12 MB/sec), 7,6 ms avg latency, 623,0 ms max latency.
485 records sent, 95,7 records/sec (0,09 MB/sec), 10,4 ms avg latency, 634,0 ms max latency.
80000 records sent, 99,989376 records/sec (0,10 MB/sec), 9,99 ms avg latency, 1722,00 ms max latency, 1 ms 50th, 2 ms 95th, 208 ms 99th, 630 ms 99.9th.

Metric Name                                                                          Value
app-info:commit-id:{client-id=producer-1}                                          : d4284cbebb6f0a4c
app-info:start-time-ms:{client-id=producer-1}                                      : 1592602478927
app-info:version:{client-id=producer-1}                                            : 2.3.1
kafka-metrics-count:count:{client-id=producer-1}                                   : 126,000
producer-metrics:batch-size-avg:{client-id=producer-1}                             : 1075,000
producer-metrics:batch-size-max:{client-id=producer-1}                             : 1075,000
producer-metrics:batch-split-rate:{client-id=producer-1}                           : 0,000
producer-metrics:batch-split-total:{client-id=producer-1}                          : 0,000
producer-metrics:buffer-available-bytes:{client-id=producer-1}                     : 33554432,000
producer-metrics:buffer-exhausted-rate:{client-id=producer-1}                      : 0,000
producer-metrics:buffer-exhausted-total:{client-id=producer-1}                     : 0,000
producer-metrics:buffer-total-bytes:{client-id=producer-1}                         : 33554432,000
producer-metrics:bufferpool-wait-ratio:{client-id=producer-1}                      : 0,000
producer-metrics:bufferpool-wait-time-total:{client-id=producer-1}                 : 0,000
producer-metrics:compression-rate-avg:{client-id=producer-1}                       : 1,000
producer-metrics:connection-close-rate:{client-id=producer-1}                      : 0,033
producer-metrics:connection-close-total:{client-id=producer-1}                     : 8,000
producer-metrics:connection-count:{client-id=producer-1}                           : 3,000
producer-metrics:connection-creation-rate:{client-id=producer-1}                   : 0,033
producer-metrics:connection-creation-total:{client-id=producer-1}                  : 11,000
producer-metrics:failed-authentication-rate:{client-id=producer-1}                 : 0,000
producer-metrics:failed-authentication-total:{client-id=producer-1}                : 0,000
producer-metrics:failed-reauthentication-rate:{client-id=producer-1}               : 0,000
producer-metrics:failed-reauthentication-total:{client-id=producer-1}              : 0,000
producer-metrics:incoming-byte-rate:{client-id=producer-1}                         : 6155,222
producer-metrics:incoming-byte-total:{client-id=producer-1}                        : 4965799,000
producer-metrics:io-ratio:{client-id=producer-1}                                   : 0,003
producer-metrics:io-time-ns-avg:{client-id=producer-1}                             : 11553,624
producer-metrics:io-wait-ratio:{client-id=producer-1}                              : 0,995
producer-metrics:io-wait-time-ns-avg:{client-id=producer-1}                        : 3345558,556
producer-metrics:io-waittime-total:{client-id=producer-1}                          : 791402786257,000
producer-metrics:iotime-total:{client-id=producer-1}                               : 3064398246,000
producer-metrics:metadata-age:{client-id=producer-1}                               : 30,713
producer-metrics:network-io-rate:{client-id=producer-1}                            : 198,243
producer-metrics:network-io-total:{client-id=producer-1}                           : 160047,000
producer-metrics:outgoing-byte-rate:{client-id=producer-1}                         : 113454,482
producer-metrics:outgoing-byte-total:{client-id=producer-1}                        : 91597555,000
producer-metrics:produce-throttle-time-avg:{client-id=producer-1}                  : 0,000
producer-metrics:produce-throttle-time-max:{client-id=producer-1}                  : 0,000
producer-metrics:reauthentication-latency-avg:{client-id=producer-1}               : NaN
producer-metrics:reauthentication-latency-max:{client-id=producer-1}               : NaN
producer-metrics:record-error-rate:{client-id=producer-1}                          : 0,000
producer-metrics:record-error-total:{client-id=producer-1}                         : 0,000
producer-metrics:record-queue-time-avg:{client-id=producer-1}                      : 0,342
producer-metrics:record-queue-time-max:{client-id=producer-1}                      : 1515,000
producer-metrics:record-retry-rate:{client-id=producer-1}                          : 0,033
producer-metrics:record-retry-total:{client-id=producer-1}                         : 7,000
producer-metrics:record-send-rate:{client-id=producer-1}                           : 99,081
producer-metrics:record-send-total:{client-id=producer-1}                          : 80007,000
producer-metrics:record-size-avg:{client-id=producer-1}                            : 1091,000
producer-metrics:record-size-max:{client-id=producer-1}                            : 1091,000
producer-metrics:records-per-request-avg:{client-id=producer-1}                    : 1,000
producer-metrics:request-latency-avg:{client-id=producer-1}                        : 9,763
producer-metrics:request-latency-max:{client-id=producer-1}                        : 642,000
producer-metrics:request-rate:{client-id=producer-1}                               : 99,124
producer-metrics:request-size-avg:{client-id=producer-1}                           : 1144,529
producer-metrics:request-size-max:{client-id=producer-1}                           : 1145,000
producer-metrics:request-total:{client-id=producer-1}                              : 80027,000
producer-metrics:requests-in-flight:{client-id=producer-1}                         : 0,000
producer-metrics:response-rate:{client-id=producer-1}                              : 99,121
producer-metrics:response-total:{client-id=producer-1}                             : 80020,000
producer-metrics:select-rate:{client-id=producer-1}                                : 297,329
producer-metrics:select-total:{client-id=producer-1}                               : 239950,000
producer-metrics:successful-authentication-no-reauth-total:{client-id=producer-1}  : 0,000
producer-metrics:successful-authentication-rate:{client-id=producer-1}             : 0,000
producer-metrics:successful-authentication-total:{client-id=producer-1}            : 0,000
producer-metrics:successful-reauthentication-rate:{client-id=producer-1}           : 0,000
producer-metrics:successful-reauthentication-total:{client-id=producer-1}          : 0,000
producer-metrics:waiting-threads:{client-id=producer-1}                            : 0,000
producer-node-metrics:incoming-byte-rate:{client-id=producer-1, node-id=node--3}   : 0,000
producer-node-metrics:incoming-byte-rate:{client-id=producer-1, node-id=node-1}    : 2062,595
producer-node-metrics:incoming-byte-rate:{client-id=producer-1, node-id=node-3}    : 2043,701
producer-node-metrics:incoming-byte-rate:{client-id=producer-1, node-id=node-6}    : 2068,614
producer-node-metrics:incoming-byte-total:{client-id=producer-1, node-id=node--3}  : 579,000
producer-node-metrics:incoming-byte-total:{client-id=producer-1, node-id=node-1}   : 1661114,000
producer-node-metrics:incoming-byte-total:{client-id=producer-1, node-id=node-3}   : 1647589,000
producer-node-metrics:incoming-byte-total:{client-id=producer-1, node-id=node-6}   : 1656517,000
producer-node-metrics:outgoing-byte-rate:{client-id=producer-1, node-id=node--3}   : 0,000
producer-node-metrics:outgoing-byte-rate:{client-id=producer-1, node-id=node-1}    : 37968,066
producer-node-metrics:outgoing-byte-rate:{client-id=producer-1, node-id=node-3}    : 37632,287
producer-node-metrics:outgoing-byte-rate:{client-id=producer-1, node-id=node-6}    : 38570,525
producer-node-metrics:outgoing-byte-total:{client-id=producer-1, node-id=node--3}  : 67,000
producer-node-metrics:outgoing-byte-total:{client-id=producer-1, node-id=node-1}   : 30644577,000
producer-node-metrics:outgoing-byte-total:{client-id=producer-1, node-id=node-3}   : 30394064,000
producer-node-metrics:outgoing-byte-total:{client-id=producer-1, node-id=node-6}   : 30558847,000
producer-node-metrics:request-latency-avg:{client-id=producer-1, node-id=node--3}  : NaN
producer-node-metrics:request-latency-avg:{client-id=producer-1, node-id=node-1}   : 9,176
producer-node-metrics:request-latency-avg:{client-id=producer-1, node-id=node-3}   : 8,544
producer-node-metrics:request-latency-avg:{client-id=producer-1, node-id=node-6}   : 11,173
producer-node-metrics:request-latency-max:{client-id=producer-1, node-id=node--3}  : NaN
producer-node-metrics:request-latency-max:{client-id=producer-1, node-id=node-1}   : 626,000
producer-node-metrics:request-latency-max:{client-id=producer-1, node-id=node-3}   : 209,000
producer-node-metrics:request-latency-max:{client-id=producer-1, node-id=node-6}   : 642,000
producer-node-metrics:request-rate:{client-id=producer-1, node-id=node--3}         : 0,000
producer-node-metrics:request-rate:{client-id=producer-1, node-id=node-1}          : 33,179
producer-node-metrics:request-rate:{client-id=producer-1, node-id=node-3}          : 32,886
producer-node-metrics:request-rate:{client-id=producer-1, node-id=node-6}          : 33,685
producer-node-metrics:request-size-avg:{client-id=producer-1, node-id=node--3}     : NaN
producer-node-metrics:request-size-avg:{client-id=producer-1, node-id=node-1}      : 1144,286
producer-node-metrics:request-size-avg:{client-id=producer-1, node-id=node-3}      : 1144,292
producer-node-metrics:request-size-avg:{client-id=producer-1, node-id=node-6}      : 1145,000
producer-node-metrics:request-size-max:{client-id=producer-1, node-id=node--3}     : NaN
producer-node-metrics:request-size-max:{client-id=producer-1, node-id=node-1}      : 1145,000
producer-node-metrics:request-size-max:{client-id=producer-1, node-id=node-3}      : 1145,000
producer-node-metrics:request-size-max:{client-id=producer-1, node-id=node-6}      : 1145,000
producer-node-metrics:request-total:{client-id=producer-1, node-id=node--3}        : 2,000
producer-node-metrics:request-total:{client-id=producer-1, node-id=node-1}         : 26773,000
producer-node-metrics:request-total:{client-id=producer-1, node-id=node-3}         : 26554,000
producer-node-metrics:request-total:{client-id=producer-1, node-id=node-6}         : 26698,000
producer-node-metrics:response-rate:{client-id=producer-1, node-id=node--3}        : 0,000
producer-node-metrics:response-rate:{client-id=producer-1, node-id=node-1}         : 33,190
producer-node-metrics:response-rate:{client-id=producer-1, node-id=node-3}         : 32,887
producer-node-metrics:response-rate:{client-id=producer-1, node-id=node-6}         : 33,365
producer-node-metrics:response-total:{client-id=producer-1, node-id=node--3}       : 2,000
producer-node-metrics:response-total:{client-id=producer-1, node-id=node-1}        : 26770,000
producer-node-metrics:response-total:{client-id=producer-1, node-id=node-3}        : 26552,000
producer-node-metrics:response-total:{client-id=producer-1, node-id=node-6}        : 26696,000
producer-topic-metrics:byte-rate:{client-id=producer-1, topic=test-topic}          : 106512,601
producer-topic-metrics:byte-total:{client-id=producer-1, topic=test-topic}         : 85996414,000
producer-topic-metrics:compression-rate:{client-id=producer-1, topic=test-topic}   : 1,000
producer-topic-metrics:record-error-rate:{client-id=producer-1, topic=test-topic}  : 0,000
producer-topic-metrics:record-error-total:{client-id=producer-1, topic=test-topic} : 0,000
producer-topic-metrics:record-retry-rate:{client-id=producer-1, topic=test-topic}  : 0,033
producer-topic-metrics:record-retry-total:{client-id=producer-1, topic=test-topic} : 7,000
producer-topic-metrics:record-send-rate:{client-id=producer-1, topic=test-topic}   : 99,081
producer-topic-metrics:record-send-total:{client-id=producer-1, topic=test-topic}  : 80007,000
Produce Time: 800.084
Aplication time: 800.768
*****Produção finalizada, esperando 180 s para buscar WM*****
Water mark: 320000
