Topic to send: test-topic
Topic to acks: 1
Records: 80000
Size:1000
333 records sent, 66,0 records/sec (0,06 MB/sec), 15,1 ms avg latency, 250,0 ms max latency.
428 records sent, 82,2 records/sec (0,08 MB/sec), 12,1 ms avg latency, 210,0 ms max latency.
439 records sent, 85,2 records/sec (0,08 MB/sec), 11,7 ms avg latency, 621,0 ms max latency.
469 records sent, 91,1 records/sec (0,09 MB/sec), 11,0 ms avg latency, 620,0 ms max latency.
730 records sent, 145,2 records/sec (0,14 MB/sec), 6,9 ms avg latency, 213,0 ms max latency.
488 records sent, 95,0 records/sec (0,09 MB/sec), 10,5 ms avg latency, 620,0 ms max latency.
334 records sent, 64,2 records/sec (0,06 MB/sec), 15,5 ms avg latency, 649,0 ms max latency.
405 records sent, 80,4 records/sec (0,08 MB/sec), 12,4 ms avg latency, 628,0 ms max latency.
353 records sent, 68,5 records/sec (0,07 MB/sec), 14,6 ms avg latency, 209,0 ms max latency.
636 records sent, 125,3 records/sec (0,12 MB/sec), 8,0 ms avg latency, 209,0 ms max latency.
324 records sent, 62,9 records/sec (0,06 MB/sec), 15,9 ms avg latency, 645,0 ms max latency.
642 records sent, 126,9 records/sec (0,12 MB/sec), 7,9 ms avg latency, 213,0 ms max latency.
546 records sent, 106,5 records/sec (0,10 MB/sec), 9,4 ms avg latency, 623,0 ms max latency.
513 records sent, 99,9 records/sec (0,10 MB/sec), 10,0 ms avg latency, 633,0 ms max latency.
353 records sent, 68,6 records/sec (0,07 MB/sec), 14,6 ms avg latency, 644,0 ms max latency.
599 records sent, 115,7 records/sec (0,11 MB/sec), 8,6 ms avg latency, 623,0 ms max latency.
459 records sent, 91,5 records/sec (0,09 MB/sec), 10,9 ms avg latency, 209,0 ms max latency.
618 records sent, 123,6 records/sec (0,12 MB/sec), 8,1 ms avg latency, 642,0 ms max latency.
579 records sent, 115,8 records/sec (0,11 MB/sec), 8,6 ms avg latency, 647,0 ms max latency.
469 records sent, 85,9 records/sec (0,08 MB/sec), 11,6 ms avg latency, 626,0 ms max latency.
872 records sent, 171,0 records/sec (0,16 MB/sec), 5,8 ms avg latency, 644,0 ms max latency.
609 records sent, 117,0 records/sec (0,11 MB/sec), 8,5 ms avg latency, 209,0 ms max latency.
525 records sent, 102,0 records/sec (0,10 MB/sec), 9,8 ms avg latency, 634,0 ms max latency.
525 records sent, 102,8 records/sec (0,10 MB/sec), 9,7 ms avg latency, 209,0 ms max latency.
460 records sent, 75,2 records/sec (0,07 MB/sec), 13,3 ms avg latency, 1522,0 ms max latency.
674 records sent, 130,9 records/sec (0,12 MB/sec), 7,6 ms avg latency, 213,0 ms max latency.
578 records sent, 115,6 records/sec (0,11 MB/sec), 8,6 ms avg latency, 635,0 ms max latency.
561 records sent, 109,0 records/sec (0,10 MB/sec), 9,2 ms avg latency, 620,0 ms max latency.
407 records sent, 81,4 records/sec (0,08 MB/sec), 12,3 ms avg latency, 628,0 ms max latency.
501 records sent, 98,4 records/sec (0,09 MB/sec), 10,2 ms avg latency, 209,0 ms max latency.
478 records sent, 94,3 records/sec (0,09 MB/sec), 10,6 ms avg latency, 209,0 ms max latency.
543 records sent, 105,7 records/sec (0,10 MB/sec), 9,5 ms avg latency, 209,0 ms max latency.
596 records sent, 118,9 records/sec (0,11 MB/sec), 8,4 ms avg latency, 639,0 ms max latency.
396 records sent, 78,8 records/sec (0,08 MB/sec), 12,7 ms avg latency, 644,0 ms max latency.
518 records sent, 100,3 records/sec (0,10 MB/sec), 10,0 ms avg latency, 651,0 ms max latency.
448 records sent, 89,3 records/sec (0,09 MB/sec), 11,2 ms avg latency, 620,0 ms max latency.
576 records sent, 111,2 records/sec (0,11 MB/sec), 9,0 ms avg latency, 209,0 ms max latency.
543 records sent, 106,2 records/sec (0,10 MB/sec), 9,4 ms avg latency, 211,0 ms max latency.
531 records sent, 103,9 records/sec (0,10 MB/sec), 9,6 ms avg latency, 630,0 ms max latency.
472 records sent, 93,3 records/sec (0,09 MB/sec), 10,7 ms avg latency, 643,0 ms max latency.
381 records sent, 73,2 records/sec (0,07 MB/sec), 13,7 ms avg latency, 649,0 ms max latency.
409 records sent, 78,7 records/sec (0,08 MB/sec), 12,7 ms avg latency, 637,0 ms max latency.
575 records sent, 111,7 records/sec (0,11 MB/sec), 8,9 ms avg latency, 211,0 ms max latency.
613 records sent, 118,8 records/sec (0,11 MB/sec), 8,4 ms avg latency, 209,0 ms max latency.
478 records sent, 94,8 records/sec (0,09 MB/sec), 10,5 ms avg latency, 621,0 ms max latency.
562 records sent, 109,4 records/sec (0,10 MB/sec), 9,1 ms avg latency, 633,0 ms max latency.
432 records sent, 86,1 records/sec (0,08 MB/sec), 11,6 ms avg latency, 215,0 ms max latency.
574 records sent, 111,4 records/sec (0,11 MB/sec), 9,0 ms avg latency, 209,0 ms max latency.
438 records sent, 87,3 records/sec (0,08 MB/sec), 11,5 ms avg latency, 646,0 ms max latency.
556 records sent, 108,6 records/sec (0,10 MB/sec), 9,2 ms avg latency, 209,0 ms max latency.
546 records sent, 106,1 records/sec (0,10 MB/sec), 9,4 ms avg latency, 629,0 ms max latency.
540 records sent, 105,6 records/sec (0,10 MB/sec), 9,5 ms avg latency, 634,0 ms max latency.
281 records sent, 55,0 records/sec (0,05 MB/sec), 18,2 ms avg latency, 1503,0 ms max latency.
442 records sent, 84,9 records/sec (0,08 MB/sec), 11,8 ms avg latency, 633,0 ms max latency.
457 records sent, 91,1 records/sec (0,09 MB/sec), 10,9 ms avg latency, 212,0 ms max latency.
379 records sent, 73,6 records/sec (0,07 MB/sec), 13,6 ms avg latency, 635,0 ms max latency.
447 records sent, 86,2 records/sec (0,08 MB/sec), 11,6 ms avg latency, 209,0 ms max latency.
720 records sent, 142,3 records/sec (0,14 MB/sec), 7,0 ms avg latency, 209,0 ms max latency.
519 records sent, 101,4 records/sec (0,10 MB/sec), 9,9 ms avg latency, 630,0 ms max latency.
349 records sent, 67,2 records/sec (0,06 MB/sec), 14,9 ms avg latency, 1512,0 ms max latency.
520 records sent, 102,5 records/sec (0,10 MB/sec), 9,7 ms avg latency, 213,0 ms max latency.
371 records sent, 71,8 records/sec (0,07 MB/sec), 13,9 ms avg latency, 641,0 ms max latency.
460 records sent, 91,6 records/sec (0,09 MB/sec), 10,9 ms avg latency, 627,0 ms max latency.
630 records sent, 126,0 records/sec (0,12 MB/sec), 7,9 ms avg latency, 642,0 ms max latency.
448 records sent, 86,2 records/sec (0,08 MB/sec), 11,6 ms avg latency, 630,0 ms max latency.
443 records sent, 88,6 records/sec (0,08 MB/sec), 11,3 ms avg latency, 628,0 ms max latency.
465 records sent, 92,0 records/sec (0,09 MB/sec), 10,9 ms avg latency, 212,0 ms max latency.
459 records sent, 91,5 records/sec (0,09 MB/sec), 10,9 ms avg latency, 626,0 ms max latency.
394 records sent, 78,8 records/sec (0,08 MB/sec), 12,7 ms avg latency, 645,0 ms max latency.
673 records sent, 127,4 records/sec (0,12 MB/sec), 7,8 ms avg latency, 643,0 ms max latency.
487 records sent, 96,3 records/sec (0,09 MB/sec), 10,4 ms avg latency, 623,0 ms max latency.
623 records sent, 124,6 records/sec (0,12 MB/sec), 8,0 ms avg latency, 646,0 ms max latency.
447 records sent, 88,8 records/sec (0,08 MB/sec), 11,3 ms avg latency, 647,0 ms max latency.
488 records sent, 96,2 records/sec (0,09 MB/sec), 10,4 ms avg latency, 641,0 ms max latency.
439 records sent, 80,8 records/sec (0,08 MB/sec), 12,4 ms avg latency, 649,0 ms max latency.
460 records sent, 91,7 records/sec (0,09 MB/sec), 10,9 ms avg latency, 639,0 ms max latency.
674 records sent, 134,2 records/sec (0,13 MB/sec), 7,4 ms avg latency, 209,0 ms max latency.
707 records sent, 139,6 records/sec (0,13 MB/sec), 7,1 ms avg latency, 212,0 ms max latency.
596 records sent, 116,0 records/sec (0,11 MB/sec), 8,6 ms avg latency, 209,0 ms max latency.
435 records sent, 83,7 records/sec (0,08 MB/sec), 11,9 ms avg latency, 628,0 ms max latency.
497 records sent, 98,1 records/sec (0,09 MB/sec), 10,2 ms avg latency, 209,0 ms max latency.
505 records sent, 100,0 records/sec (0,10 MB/sec), 10,0 ms avg latency, 622,0 ms max latency.
625 records sent, 120,6 records/sec (0,12 MB/sec), 8,3 ms avg latency, 213,0 ms max latency.
539 records sent, 105,4 records/sec (0,10 MB/sec), 9,5 ms avg latency, 646,0 ms max latency.
552 records sent, 99,9 records/sec (0,10 MB/sec), 10,0 ms avg latency, 633,0 ms max latency.
452 records sent, 89,8 records/sec (0,09 MB/sec), 11,1 ms avg latency, 209,0 ms max latency.
502 records sent, 99,2 records/sec (0,09 MB/sec), 10,1 ms avg latency, 209,0 ms max latency.
517 records sent, 102,0 records/sec (0,10 MB/sec), 9,8 ms avg latency, 209,0 ms max latency.
412 records sent, 82,4 records/sec (0,08 MB/sec), 12,1 ms avg latency, 641,0 ms max latency.
454 records sent, 90,8 records/sec (0,09 MB/sec), 11,0 ms avg latency, 624,0 ms max latency.
592 records sent, 115,4 records/sec (0,11 MB/sec), 8,6 ms avg latency, 209,0 ms max latency.
484 records sent, 95,8 records/sec (0,09 MB/sec), 10,4 ms avg latency, 628,0 ms max latency.
569 records sent, 110,5 records/sec (0,11 MB/sec), 9,0 ms avg latency, 209,0 ms max latency.
634 records sent, 126,6 records/sec (0,12 MB/sec), 7,9 ms avg latency, 209,0 ms max latency.
354 records sent, 68,9 records/sec (0,07 MB/sec), 14,5 ms avg latency, 635,0 ms max latency.
625 records sent, 118,8 records/sec (0,11 MB/sec), 8,4 ms avg latency, 647,0 ms max latency.
473 records sent, 93,8 records/sec (0,09 MB/sec), 10,6 ms avg latency, 620,0 ms max latency.
466 records sent, 92,6 records/sec (0,09 MB/sec), 10,8 ms avg latency, 211,0 ms max latency.
640 records sent, 123,1 records/sec (0,12 MB/sec), 8,1 ms avg latency, 209,0 ms max latency.
594 records sent, 115,3 records/sec (0,11 MB/sec), 8,7 ms avg latency, 627,0 ms max latency.
444 records sent, 88,8 records/sec (0,08 MB/sec), 11,2 ms avg latency, 631,0 ms max latency.
452 records sent, 90,0 records/sec (0,09 MB/sec), 11,1 ms avg latency, 630,0 ms max latency.
445 records sent, 88,6 records/sec (0,08 MB/sec), 11,3 ms avg latency, 621,0 ms max latency.
483 records sent, 91,8 records/sec (0,09 MB/sec), 10,9 ms avg latency, 636,0 ms max latency.
414 records sent, 79,8 records/sec (0,08 MB/sec), 12,5 ms avg latency, 237,0 ms max latency.
880 records sent, 175,6 records/sec (0,17 MB/sec), 5,7 ms avg latency, 209,0 ms max latency.
413 records sent, 79,7 records/sec (0,08 MB/sec), 12,5 ms avg latency, 638,0 ms max latency.
417 records sent, 66,2 records/sec (0,06 MB/sec), 15,1 ms avg latency, 1510,0 ms max latency.
364 records sent, 70,4 records/sec (0,07 MB/sec), 14,2 ms avg latency, 212,0 ms max latency.
470 records sent, 89,6 records/sec (0,09 MB/sec), 11,1 ms avg latency, 629,0 ms max latency.
510 records sent, 100,7 records/sec (0,10 MB/sec), 9,9 ms avg latency, 209,0 ms max latency.
778 records sent, 151,4 records/sec (0,14 MB/sec), 6,6 ms avg latency, 637,0 ms max latency.
455 records sent, 90,6 records/sec (0,09 MB/sec), 11,0 ms avg latency, 642,0 ms max latency.
433 records sent, 86,6 records/sec (0,08 MB/sec), 11,5 ms avg latency, 644,0 ms max latency.
364 records sent, 71,2 records/sec (0,07 MB/sec), 14,0 ms avg latency, 622,0 ms max latency.
640 records sent, 123,3 records/sec (0,12 MB/sec), 8,1 ms avg latency, 633,0 ms max latency.
591 records sent, 117,7 records/sec (0,11 MB/sec), 8,5 ms avg latency, 647,0 ms max latency.
569 records sent, 109,1 records/sec (0,10 MB/sec), 9,2 ms avg latency, 1517,0 ms max latency.
446 records sent, 82,5 records/sec (0,08 MB/sec), 12,1 ms avg latency, 621,0 ms max latency.
318 records sent, 62,5 records/sec (0,06 MB/sec), 16,0 ms avg latency, 631,0 ms max latency.
379 records sent, 73,4 records/sec (0,07 MB/sec), 13,6 ms avg latency, 639,0 ms max latency.
533 records sent, 105,2 records/sec (0,10 MB/sec), 9,5 ms avg latency, 209,0 ms max latency.
520 records sent, 104,0 records/sec (0,10 MB/sec), 9,6 ms avg latency, 1524,0 ms max latency.
441 records sent, 88,1 records/sec (0,08 MB/sec), 11,3 ms avg latency, 637,0 ms max latency.
404 records sent, 77,9 records/sec (0,07 MB/sec), 12,8 ms avg latency, 635,0 ms max latency.
416 records sent, 80,0 records/sec (0,08 MB/sec), 12,5 ms avg latency, 645,0 ms max latency.
426 records sent, 82,6 records/sec (0,08 MB/sec), 12,1 ms avg latency, 209,0 ms max latency.
493 records sent, 97,3 records/sec (0,09 MB/sec), 10,3 ms avg latency, 643,0 ms max latency.
544 records sent, 107,1 records/sec (0,10 MB/sec), 9,3 ms avg latency, 209,0 ms max latency.
436 records sent, 87,2 records/sec (0,08 MB/sec), 11,5 ms avg latency, 621,0 ms max latency.
400 records sent, 74,3 records/sec (0,07 MB/sec), 13,5 ms avg latency, 638,0 ms max latency.
769 records sent, 151,1 records/sec (0,14 MB/sec), 6,6 ms avg latency, 209,0 ms max latency.
302 records sent, 59,0 records/sec (0,06 MB/sec), 16,9 ms avg latency, 1518,0 ms max latency.
574 records sent, 111,9 records/sec (0,11 MB/sec), 8,9 ms avg latency, 209,0 ms max latency.
633 records sent, 126,6 records/sec (0,12 MB/sec), 7,9 ms avg latency, 209,0 ms max latency.
341 records sent, 66,7 records/sec (0,06 MB/sec), 15,0 ms avg latency, 642,0 ms max latency.
702 records sent, 139,7 records/sec (0,13 MB/sec), 7,1 ms avg latency, 209,0 ms max latency.
508 records sent, 96,4 records/sec (0,09 MB/sec), 10,4 ms avg latency, 648,0 ms max latency.
251 records sent, 49,6 records/sec (0,05 MB/sec), 20,2 ms avg latency, 1520,0 ms max latency.
471 records sent, 93,7 records/sec (0,09 MB/sec), 10,7 ms avg latency, 640,0 ms max latency.
470 records sent, 94,0 records/sec (0,09 MB/sec), 10,6 ms avg latency, 209,0 ms max latency.
393 records sent, 75,5 records/sec (0,07 MB/sec), 13,2 ms avg latency, 646,0 ms max latency.
489 records sent, 96,6 records/sec (0,09 MB/sec), 10,3 ms avg latency, 209,0 ms max latency.
457 records sent, 91,1 records/sec (0,09 MB/sec), 11,0 ms avg latency, 627,0 ms max latency.
467 records sent, 85,4 records/sec (0,08 MB/sec), 11,7 ms avg latency, 639,0 ms max latency.
364 records sent, 70,4 records/sec (0,07 MB/sec), 14,2 ms avg latency, 635,0 ms max latency.
402 records sent, 77,8 records/sec (0,07 MB/sec), 12,8 ms avg latency, 632,0 ms max latency.
505 records sent, 99,8 records/sec (0,10 MB/sec), 10,0 ms avg latency, 620,0 ms max latency.
339 records sent, 66,2 records/sec (0,06 MB/sec), 15,1 ms avg latency, 630,0 ms max latency.
547 records sent, 106,7 records/sec (0,10 MB/sec), 9,4 ms avg latency, 626,0 ms max latency.
633 records sent, 122,4 records/sec (0,12 MB/sec), 8,2 ms avg latency, 626,0 ms max latency.
432 records sent, 86,4 records/sec (0,08 MB/sec), 11,6 ms avg latency, 209,0 ms max latency.
353 records sent, 69,1 records/sec (0,07 MB/sec), 14,5 ms avg latency, 209,0 ms max latency.
695 records sent, 130,7 records/sec (0,12 MB/sec), 7,6 ms avg latency, 649,0 ms max latency.
639 records sent, 122,9 records/sec (0,12 MB/sec), 8,1 ms avg latency, 209,0 ms max latency.
481 records sent, 95,2 records/sec (0,09 MB/sec), 10,5 ms avg latency, 211,0 ms max latency.
514 records sent, 101,0 records/sec (0,10 MB/sec), 9,9 ms avg latency, 638,0 ms max latency.
439 records sent, 87,8 records/sec (0,08 MB/sec), 11,4 ms avg latency, 209,0 ms max latency.
457 records sent, 90,8 records/sec (0,09 MB/sec), 11,0 ms avg latency, 639,0 ms max latency.
80000 records sent, 97,588586 records/sec (0,09 MB/sec), 10,23 ms avg latency, 1524,00 ms max latency, 1 ms 50th, 2 ms 95th, 208 ms 99th, 632 ms 99.9th.

Metric Name                                                                          Value
app-info:commit-id:{client-id=producer-1}                                          : d4284cbebb6f0a4c
app-info:start-time-ms:{client-id=producer-1}                                      : 1592608340661
app-info:version:{client-id=producer-1}                                            : 2.3.1
kafka-metrics-count:count:{client-id=producer-1}                                   : 126,000
producer-metrics:batch-size-avg:{client-id=producer-1}                             : 1075,000
producer-metrics:batch-size-max:{client-id=producer-1}                             : 1075,000
producer-metrics:batch-split-rate:{client-id=producer-1}                           : 0,000
producer-metrics:batch-split-total:{client-id=producer-1}                          : 0,000
producer-metrics:buffer-available-bytes:{client-id=producer-1}                     : 33554432,000
producer-metrics:buffer-exhausted-rate:{client-id=producer-1}                      : 0,000
producer-metrics:buffer-exhausted-total:{client-id=producer-1}                     : 0,000
producer-metrics:buffer-total-bytes:{client-id=producer-1}                         : 33554432,000
producer-metrics:bufferpool-wait-ratio:{client-id=producer-1}                      : 0,000
producer-metrics:bufferpool-wait-time-total:{client-id=producer-1}                 : 0,000
producer-metrics:compression-rate-avg:{client-id=producer-1}                       : 1,000
producer-metrics:connection-close-rate:{client-id=producer-1}                      : 0,000
producer-metrics:connection-close-total:{client-id=producer-1}                     : 9,000
producer-metrics:connection-count:{client-id=producer-1}                           : 3,000
producer-metrics:connection-creation-rate:{client-id=producer-1}                   : 0,000
producer-metrics:connection-creation-total:{client-id=producer-1}                  : 12,000
producer-metrics:failed-authentication-rate:{client-id=producer-1}                 : 0,000
producer-metrics:failed-authentication-total:{client-id=producer-1}                : 0,000
producer-metrics:failed-reauthentication-rate:{client-id=producer-1}               : 0,000
producer-metrics:failed-reauthentication-total:{client-id=producer-1}              : 0,000
producer-metrics:incoming-byte-rate:{client-id=producer-1}                         : 6637,580
producer-metrics:incoming-byte-total:{client-id=producer-1}                        : 4966378,000
producer-metrics:io-ratio:{client-id=producer-1}                                   : 0,004
producer-metrics:io-time-ns-avg:{client-id=producer-1}                             : 11463,534
producer-metrics:io-wait-ratio:{client-id=producer-1}                              : 0,995
producer-metrics:io-wait-time-ns-avg:{client-id=producer-1}                        : 3097787,113
producer-metrics:io-waittime-total:{client-id=producer-1}                          : 810900988877,000
producer-metrics:iotime-total:{client-id=producer-1}                               : 3126544471,000
producer-metrics:metadata-age:{client-id=producer-1}                               : 109,646
producer-metrics:network-io-rate:{client-id=producer-1}                            : 214,081
producer-metrics:network-io-total:{client-id=producer-1}                           : 160052,000
producer-metrics:outgoing-byte-rate:{client-id=producer-1}                         : 122555,873
producer-metrics:outgoing-byte-total:{client-id=producer-1}                        : 91598768,000
producer-metrics:produce-throttle-time-avg:{client-id=producer-1}                  : 0,000
producer-metrics:produce-throttle-time-max:{client-id=producer-1}                  : 0,000
producer-metrics:reauthentication-latency-avg:{client-id=producer-1}               : NaN
producer-metrics:reauthentication-latency-max:{client-id=producer-1}               : NaN
producer-metrics:record-error-rate:{client-id=producer-1}                          : 0,000
producer-metrics:record-error-total:{client-id=producer-1}                         : 0,000
producer-metrics:record-queue-time-avg:{client-id=producer-1}                      : 0,019
producer-metrics:record-queue-time-max:{client-id=producer-1}                      : 1,000
producer-metrics:record-retry-rate:{client-id=producer-1}                          : 0,000
producer-metrics:record-retry-total:{client-id=producer-1}                         : 8,000
producer-metrics:record-send-rate:{client-id=producer-1}                           : 107,030
producer-metrics:record-send-total:{client-id=producer-1}                          : 80008,000
producer-metrics:record-size-avg:{client-id=producer-1}                            : 1091,000
producer-metrics:record-size-max:{client-id=producer-1}                            : 1091,000
producer-metrics:records-per-request-avg:{client-id=producer-1}                    : 1,000
producer-metrics:request-latency-avg:{client-id=producer-1}                        : 9,345
producer-metrics:request-latency-max:{client-id=producer-1}                        : 649,000
producer-metrics:request-rate:{client-id=producer-1}                               : 107,030
producer-metrics:request-size-avg:{client-id=producer-1}                           : 1145,000
producer-metrics:request-size-max:{client-id=producer-1}                           : 1145,000
producer-metrics:request-total:{client-id=producer-1}                              : 80030,000
producer-metrics:requests-in-flight:{client-id=producer-1}                         : 0,000
producer-metrics:response-rate:{client-id=producer-1}                              : 107,055
producer-metrics:response-total:{client-id=producer-1}                             : 80022,000
producer-metrics:select-rate:{client-id=producer-1}                                : 321,117
producer-metrics:select-total:{client-id=producer-1}                               : 239633,000
producer-metrics:successful-authentication-no-reauth-total:{client-id=producer-1}  : 0,000
producer-metrics:successful-authentication-rate:{client-id=producer-1}             : 0,000
producer-metrics:successful-authentication-total:{client-id=producer-1}            : 0,000
producer-metrics:successful-reauthentication-rate:{client-id=producer-1}           : 0,000
producer-metrics:successful-reauthentication-total:{client-id=producer-1}          : 0,000
producer-metrics:waiting-threads:{client-id=producer-1}                            : 0,000
producer-node-metrics:incoming-byte-rate:{client-id=producer-1, node-id=node--1}   : 0,000
producer-node-metrics:incoming-byte-rate:{client-id=producer-1, node-id=node-1}    : 2251,479
producer-node-metrics:incoming-byte-rate:{client-id=producer-1, node-id=node-3}    : 2182,408
producer-node-metrics:incoming-byte-rate:{client-id=producer-1, node-id=node-6}    : 2211,268
producer-node-metrics:incoming-byte-total:{client-id=producer-1, node-id=node--1}  : 579,000
producer-node-metrics:incoming-byte-total:{client-id=producer-1, node-id=node-1}   : 1661390,000
producer-node-metrics:incoming-byte-total:{client-id=producer-1, node-id=node-3}   : 1647313,000
producer-node-metrics:incoming-byte-total:{client-id=producer-1, node-id=node-6}   : 1657096,000
producer-node-metrics:outgoing-byte-rate:{client-id=producer-1, node-id=node--1}   : 0,000
producer-node-metrics:outgoing-byte-rate:{client-id=producer-1, node-id=node-1}    : 41810,154
producer-node-metrics:outgoing-byte-rate:{client-id=producer-1, node-id=node-3}    : 40363,032
producer-node-metrics:outgoing-byte-rate:{client-id=producer-1, node-id=node-6}    : 40837,119
producer-node-metrics:outgoing-byte-total:{client-id=producer-1, node-id=node--1}  : 67,000
producer-node-metrics:outgoing-byte-total:{client-id=producer-1, node-id=node-1}   : 30643495,000
producer-node-metrics:outgoing-byte-total:{client-id=producer-1, node-id=node-3}   : 30395147,000
producer-node-metrics:outgoing-byte-total:{client-id=producer-1, node-id=node-6}   : 30560059,000
producer-node-metrics:request-latency-avg:{client-id=producer-1, node-id=node--1}  : NaN
producer-node-metrics:request-latency-avg:{client-id=producer-1, node-id=node-1}   : 10,552
producer-node-metrics:request-latency-avg:{client-id=producer-1, node-id=node-3}   : 8,156
producer-node-metrics:request-latency-avg:{client-id=producer-1, node-id=node-6}   : 9,252
producer-node-metrics:request-latency-max:{client-id=producer-1, node-id=node--1}  : NaN
producer-node-metrics:request-latency-max:{client-id=producer-1, node-id=node-1}   : 643,000
producer-node-metrics:request-latency-max:{client-id=producer-1, node-id=node-3}   : 638,000
producer-node-metrics:request-latency-max:{client-id=producer-1, node-id=node-6}   : 649,000
producer-node-metrics:request-rate:{client-id=producer-1, node-id=node--1}         : 0,000
producer-node-metrics:request-rate:{client-id=producer-1, node-id=node-1}          : 36,513
producer-node-metrics:request-rate:{client-id=producer-1, node-id=node-3}          : 35,250
producer-node-metrics:request-rate:{client-id=producer-1, node-id=node-6}          : 35,665
producer-node-metrics:request-size-avg:{client-id=producer-1, node-id=node--1}     : NaN
producer-node-metrics:request-size-avg:{client-id=producer-1, node-id=node-1}      : 1145,000
producer-node-metrics:request-size-avg:{client-id=producer-1, node-id=node-3}      : 1145,000
producer-node-metrics:request-size-avg:{client-id=producer-1, node-id=node-6}      : 1145,000
producer-node-metrics:request-size-max:{client-id=producer-1, node-id=node--1}     : NaN
producer-node-metrics:request-size-max:{client-id=producer-1, node-id=node-1}      : 1145,000
producer-node-metrics:request-size-max:{client-id=producer-1, node-id=node-3}      : 1145,000
producer-node-metrics:request-size-max:{client-id=producer-1, node-id=node-6}      : 1145,000
producer-node-metrics:request-total:{client-id=producer-1, node-id=node--1}        : 2,000
producer-node-metrics:request-total:{client-id=producer-1, node-id=node-1}         : 26773,000
producer-node-metrics:request-total:{client-id=producer-1, node-id=node-3}         : 26554,000
producer-node-metrics:request-total:{client-id=producer-1, node-id=node-6}         : 26701,000
producer-node-metrics:response-rate:{client-id=producer-1, node-id=node--1}        : 0,000
producer-node-metrics:response-rate:{client-id=producer-1, node-id=node-1}         : 36,314
producer-node-metrics:response-rate:{client-id=producer-1, node-id=node-3}         : 35,200
producer-node-metrics:response-rate:{client-id=producer-1, node-id=node-6}         : 35,666
producer-node-metrics:response-total:{client-id=producer-1, node-id=node--1}       : 2,000
producer-node-metrics:response-total:{client-id=producer-1, node-id=node-1}        : 26771,000
producer-node-metrics:response-total:{client-id=producer-1, node-id=node-3}        : 26551,000
producer-node-metrics:response-total:{client-id=producer-1, node-id=node-6}        : 26698,000
producer-topic-metrics:byte-rate:{client-id=producer-1, topic=test-topic}          : 115056,922
producer-topic-metrics:byte-total:{client-id=producer-1, topic=test-topic}         : 85997490,000
producer-topic-metrics:compression-rate:{client-id=producer-1, topic=test-topic}   : 1,000
producer-topic-metrics:record-error-rate:{client-id=producer-1, topic=test-topic}  : 0,000
producer-topic-metrics:record-error-total:{client-id=producer-1, topic=test-topic} : 0,000
producer-topic-metrics:record-retry-rate:{client-id=producer-1, topic=test-topic}  : 0,000
producer-topic-metrics:record-retry-total:{client-id=producer-1, topic=test-topic} : 8,000
producer-topic-metrics:record-send-rate:{client-id=producer-1, topic=test-topic}   : 107,030
producer-topic-metrics:record-send-total:{client-id=producer-1, topic=test-topic}  : 80008,000
Produce Time: 819.768
Aplication time: 820.425
*****Produção finalizada, esperando 180 s para buscar WM*****
Water mark: 800000
