Topic to send: test-topic
Topic to acks: 1
Records: 80000
Size:1000
458 records sent, 91,6 records/sec (0,09 MB/sec), 10,8 ms avg latency, 241,0 ms max latency.
468 records sent, 92,6 records/sec (0,09 MB/sec), 10,7 ms avg latency, 638,0 ms max latency.
516 records sent, 102,4 records/sec (0,10 MB/sec), 9,7 ms avg latency, 634,0 ms max latency.
388 records sent, 77,1 records/sec (0,07 MB/sec), 12,9 ms avg latency, 212,0 ms max latency.
356 records sent, 71,2 records/sec (0,07 MB/sec), 14,0 ms avg latency, 632,0 ms max latency.
540 records sent, 99,3 records/sec (0,09 MB/sec), 10,1 ms avg latency, 625,0 ms max latency.
482 records sent, 94,5 records/sec (0,09 MB/sec), 10,6 ms avg latency, 622,0 ms max latency.
665 records sent, 120,4 records/sec (0,11 MB/sec), 8,3 ms avg latency, 640,0 ms max latency.
560 records sent, 108,4 records/sec (0,10 MB/sec), 9,2 ms avg latency, 624,0 ms max latency.
466 records sent, 91,1 records/sec (0,09 MB/sec), 11,0 ms avg latency, 644,0 ms max latency.
580 records sent, 116,0 records/sec (0,11 MB/sec), 8,6 ms avg latency, 639,0 ms max latency.
428 records sent, 84,8 records/sec (0,08 MB/sec), 11,8 ms avg latency, 642,0 ms max latency.
556 records sent, 108,2 records/sec (0,10 MB/sec), 9,2 ms avg latency, 625,0 ms max latency.
618 records sent, 119,1 records/sec (0,11 MB/sec), 8,4 ms avg latency, 213,0 ms max latency.
419 records sent, 80,9 records/sec (0,08 MB/sec), 12,3 ms avg latency, 620,0 ms max latency.
363 records sent, 65,3 records/sec (0,06 MB/sec), 15,3 ms avg latency, 640,0 ms max latency.
399 records sent, 76,9 records/sec (0,07 MB/sec), 13,0 ms avg latency, 637,0 ms max latency.
477 records sent, 94,3 records/sec (0,09 MB/sec), 10,6 ms avg latency, 213,0 ms max latency.
474 records sent, 94,1 records/sec (0,09 MB/sec), 10,6 ms avg latency, 209,0 ms max latency.
436 records sent, 87,1 records/sec (0,08 MB/sec), 11,5 ms avg latency, 640,0 ms max latency.
432 records sent, 85,6 records/sec (0,08 MB/sec), 11,7 ms avg latency, 649,0 ms max latency.
571 records sent, 111,4 records/sec (0,11 MB/sec), 9,0 ms avg latency, 209,0 ms max latency.
411 records sent, 79,2 records/sec (0,08 MB/sec), 12,6 ms avg latency, 211,0 ms max latency.
350 records sent, 68,4 records/sec (0,07 MB/sec), 14,6 ms avg latency, 209,0 ms max latency.
544 records sent, 106,3 records/sec (0,10 MB/sec), 9,4 ms avg latency, 209,0 ms max latency.
688 records sent, 136,8 records/sec (0,13 MB/sec), 7,3 ms avg latency, 209,0 ms max latency.
611 records sent, 117,9 records/sec (0,11 MB/sec), 8,5 ms avg latency, 637,0 ms max latency.
570 records sent, 111,4 records/sec (0,11 MB/sec), 9,0 ms avg latency, 209,0 ms max latency.
609 records sent, 118,3 records/sec (0,11 MB/sec), 8,4 ms avg latency, 209,0 ms max latency.
379 records sent, 73,6 records/sec (0,07 MB/sec), 13,6 ms avg latency, 634,0 ms max latency.
710 records sent, 140,3 records/sec (0,13 MB/sec), 7,1 ms avg latency, 209,0 ms max latency.
499 records sent, 98,7 records/sec (0,09 MB/sec), 10,1 ms avg latency, 632,0 ms max latency.
385 records sent, 74,3 records/sec (0,07 MB/sec), 13,5 ms avg latency, 645,0 ms max latency.
549 records sent, 107,2 records/sec (0,10 MB/sec), 9,3 ms avg latency, 209,0 ms max latency.
672 records sent, 133,7 records/sec (0,13 MB/sec), 7,5 ms avg latency, 209,0 ms max latency.
803 records sent, 155,9 records/sec (0,15 MB/sec), 6,4 ms avg latency, 209,0 ms max latency.
442 records sent, 88,3 records/sec (0,08 MB/sec), 11,3 ms avg latency, 623,0 ms max latency.
402 records sent, 79,6 records/sec (0,08 MB/sec), 12,5 ms avg latency, 1520,0 ms max latency.
510 records sent, 99,8 records/sec (0,10 MB/sec), 10,0 ms avg latency, 632,0 ms max latency.
453 records sent, 89,7 records/sec (0,09 MB/sec), 11,1 ms avg latency, 648,0 ms max latency.
451 records sent, 89,2 records/sec (0,09 MB/sec), 11,2 ms avg latency, 641,0 ms max latency.
655 records sent, 130,7 records/sec (0,12 MB/sec), 7,6 ms avg latency, 211,0 ms max latency.
475 records sent, 94,5 records/sec (0,09 MB/sec), 10,6 ms avg latency, 639,0 ms max latency.
656 records sent, 131,2 records/sec (0,13 MB/sec), 7,6 ms avg latency, 648,0 ms max latency.
466 records sent, 92,2 records/sec (0,09 MB/sec), 10,8 ms avg latency, 647,0 ms max latency.
523 records sent, 102,7 records/sec (0,10 MB/sec), 9,7 ms avg latency, 209,0 ms max latency.
513 records sent, 100,8 records/sec (0,10 MB/sec), 9,9 ms avg latency, 632,0 ms max latency.
661 records sent, 130,9 records/sec (0,12 MB/sec), 7,6 ms avg latency, 209,0 ms max latency.
694 records sent, 138,3 records/sec (0,13 MB/sec), 7,2 ms avg latency, 209,0 ms max latency.
645 records sent, 129,0 records/sec (0,12 MB/sec), 7,7 ms avg latency, 632,0 ms max latency.
510 records sent, 100,4 records/sec (0,10 MB/sec), 9,9 ms avg latency, 209,0 ms max latency.
444 records sent, 88,8 records/sec (0,08 MB/sec), 11,2 ms avg latency, 620,0 ms max latency.
501 records sent, 98,9 records/sec (0,09 MB/sec), 10,1 ms avg latency, 627,0 ms max latency.
410 records sent, 79,2 records/sec (0,08 MB/sec), 12,6 ms avg latency, 624,0 ms max latency.
607 records sent, 117,7 records/sec (0,11 MB/sec), 8,5 ms avg latency, 212,0 ms max latency.
496 records sent, 98,6 records/sec (0,09 MB/sec), 10,1 ms avg latency, 619,0 ms max latency.
698 records sent, 138,4 records/sec (0,13 MB/sec), 7,2 ms avg latency, 211,0 ms max latency.
609 records sent, 118,0 records/sec (0,11 MB/sec), 8,5 ms avg latency, 634,0 ms max latency.
466 records sent, 92,8 records/sec (0,09 MB/sec), 10,8 ms avg latency, 621,0 ms max latency.
436 records sent, 86,9 records/sec (0,08 MB/sec), 11,5 ms avg latency, 638,0 ms max latency.
519 records sent, 102,2 records/sec (0,10 MB/sec), 9,8 ms avg latency, 209,0 ms max latency.
577 records sent, 112,5 records/sec (0,11 MB/sec), 8,9 ms avg latency, 209,0 ms max latency.
490 records sent, 96,5 records/sec (0,09 MB/sec), 10,4 ms avg latency, 648,0 ms max latency.
349 records sent, 67,8 records/sec (0,06 MB/sec), 14,8 ms avg latency, 643,0 ms max latency.
418 records sent, 80,5 records/sec (0,08 MB/sec), 12,4 ms avg latency, 209,0 ms max latency.
346 records sent, 67,4 records/sec (0,06 MB/sec), 14,8 ms avg latency, 209,0 ms max latency.
607 records sent, 117,7 records/sec (0,11 MB/sec), 8,5 ms avg latency, 209,0 ms max latency.
444 records sent, 88,1 records/sec (0,08 MB/sec), 11,3 ms avg latency, 644,0 ms max latency.
866 records sent, 172,3 records/sec (0,16 MB/sec), 5,8 ms avg latency, 209,0 ms max latency.
619 records sent, 119,5 records/sec (0,11 MB/sec), 8,3 ms avg latency, 209,0 ms max latency.
828 records sent, 159,8 records/sec (0,15 MB/sec), 6,2 ms avg latency, 209,0 ms max latency.
375 records sent, 72,9 records/sec (0,07 MB/sec), 13,7 ms avg latency, 633,0 ms max latency.
486 records sent, 96,0 records/sec (0,09 MB/sec), 10,4 ms avg latency, 636,0 ms max latency.
621 records sent, 119,9 records/sec (0,11 MB/sec), 8,3 ms avg latency, 209,0 ms max latency.
409 records sent, 81,2 records/sec (0,08 MB/sec), 12,3 ms avg latency, 648,0 ms max latency.
505 records sent, 99,7 records/sec (0,10 MB/sec), 10,0 ms avg latency, 209,0 ms max latency.
472 records sent, 94,1 records/sec (0,09 MB/sec), 10,6 ms avg latency, 209,0 ms max latency.
383 records sent, 74,2 records/sec (0,07 MB/sec), 13,5 ms avg latency, 636,0 ms max latency.
544 records sent, 106,6 records/sec (0,10 MB/sec), 9,4 ms avg latency, 209,0 ms max latency.
579 records sent, 113,2 records/sec (0,11 MB/sec), 8,8 ms avg latency, 209,0 ms max latency.
453 records sent, 90,3 records/sec (0,09 MB/sec), 11,1 ms avg latency, 209,0 ms max latency.
347 records sent, 64,2 records/sec (0,06 MB/sec), 15,6 ms avg latency, 648,0 ms max latency.
420 records sent, 81,0 records/sec (0,08 MB/sec), 12,3 ms avg latency, 209,0 ms max latency.
660 records sent, 131,3 records/sec (0,13 MB/sec), 7,6 ms avg latency, 636,0 ms max latency.
363 records sent, 70,6 records/sec (0,07 MB/sec), 14,2 ms avg latency, 629,0 ms max latency.
683 records sent, 135,5 records/sec (0,13 MB/sec), 7,4 ms avg latency, 209,0 ms max latency.
618 records sent, 123,6 records/sec (0,12 MB/sec), 8,1 ms avg latency, 649,0 ms max latency.
431 records sent, 83,0 records/sec (0,08 MB/sec), 12,0 ms avg latency, 209,0 ms max latency.
490 records sent, 92,9 records/sec (0,09 MB/sec), 10,8 ms avg latency, 646,0 ms max latency.
567 records sent, 110,0 records/sec (0,10 MB/sec), 9,1 ms avg latency, 620,0 ms max latency.
427 records sent, 85,4 records/sec (0,08 MB/sec), 11,7 ms avg latency, 631,0 ms max latency.
582 records sent, 113,3 records/sec (0,11 MB/sec), 8,8 ms avg latency, 209,0 ms max latency.
373 records sent, 72,1 records/sec (0,07 MB/sec), 13,9 ms avg latency, 637,0 ms max latency.
422 records sent, 83,9 records/sec (0,08 MB/sec), 11,9 ms avg latency, 634,0 ms max latency.
463 records sent, 91,9 records/sec (0,09 MB/sec), 10,9 ms avg latency, 209,0 ms max latency.
376 records sent, 73,4 records/sec (0,07 MB/sec), 13,6 ms avg latency, 620,0 ms max latency.
371 records sent, 72,1 records/sec (0,07 MB/sec), 13,9 ms avg latency, 626,0 ms max latency.
504 records sent, 100,0 records/sec (0,10 MB/sec), 10,0 ms avg latency, 208,0 ms max latency.
400 records sent, 77,3 records/sec (0,07 MB/sec), 12,9 ms avg latency, 621,0 ms max latency.
652 records sent, 125,6 records/sec (0,12 MB/sec), 7,9 ms avg latency, 211,0 ms max latency.
498 records sent, 97,6 records/sec (0,09 MB/sec), 10,2 ms avg latency, 209,0 ms max latency.
488 records sent, 96,9 records/sec (0,09 MB/sec), 10,3 ms avg latency, 208,0 ms max latency.
445 records sent, 89,0 records/sec (0,08 MB/sec), 11,2 ms avg latency, 213,0 ms max latency.
445 records sent, 88,4 records/sec (0,08 MB/sec), 11,3 ms avg latency, 635,0 ms max latency.
549 records sent, 107,7 records/sec (0,10 MB/sec), 9,3 ms avg latency, 627,0 ms max latency.
458 records sent, 90,0 records/sec (0,09 MB/sec), 11,1 ms avg latency, 646,0 ms max latency.
611 records sent, 117,9 records/sec (0,11 MB/sec), 8,5 ms avg latency, 640,0 ms max latency.
609 records sent, 117,4 records/sec (0,11 MB/sec), 8,5 ms avg latency, 644,0 ms max latency.
454 records sent, 89,7 records/sec (0,09 MB/sec), 11,1 ms avg latency, 648,0 ms max latency.
492 records sent, 96,9 records/sec (0,09 MB/sec), 10,3 ms avg latency, 629,0 ms max latency.
289 records sent, 57,2 records/sec (0,05 MB/sec), 17,5 ms avg latency, 638,0 ms max latency.
433 records sent, 86,6 records/sec (0,08 MB/sec), 11,5 ms avg latency, 644,0 ms max latency.
400 records sent, 77,0 records/sec (0,07 MB/sec), 13,0 ms avg latency, 646,0 ms max latency.
385 records sent, 74,3 records/sec (0,07 MB/sec), 13,5 ms avg latency, 648,0 ms max latency.
655 records sent, 131,0 records/sec (0,12 MB/sec), 7,6 ms avg latency, 632,0 ms max latency.
525 records sent, 102,6 records/sec (0,10 MB/sec), 9,7 ms avg latency, 625,0 ms max latency.
490 records sent, 97,1 records/sec (0,09 MB/sec), 10,3 ms avg latency, 626,0 ms max latency.
658 records sent, 126,5 records/sec (0,12 MB/sec), 7,9 ms avg latency, 209,0 ms max latency.
470 records sent, 89,6 records/sec (0,09 MB/sec), 11,1 ms avg latency, 630,0 ms max latency.
463 records sent, 91,7 records/sec (0,09 MB/sec), 10,9 ms avg latency, 643,0 ms max latency.
503 records sent, 99,3 records/sec (0,09 MB/sec), 10,1 ms avg latency, 643,0 ms max latency.
619 records sent, 119,5 records/sec (0,11 MB/sec), 8,4 ms avg latency, 649,0 ms max latency.
508 records sent, 100,0 records/sec (0,10 MB/sec), 10,0 ms avg latency, 646,0 ms max latency.
591 records sent, 115,2 records/sec (0,11 MB/sec), 8,7 ms avg latency, 209,0 ms max latency.
456 records sent, 91,2 records/sec (0,09 MB/sec), 11,0 ms avg latency, 631,0 ms max latency.
456 records sent, 91,2 records/sec (0,09 MB/sec), 10,9 ms avg latency, 209,0 ms max latency.
515 records sent, 101,4 records/sec (0,10 MB/sec), 9,9 ms avg latency, 631,0 ms max latency.
392 records sent, 76,1 records/sec (0,07 MB/sec), 13,1 ms avg latency, 209,0 ms max latency.
388 records sent, 77,6 records/sec (0,07 MB/sec), 12,9 ms avg latency, 648,0 ms max latency.
441 records sent, 88,2 records/sec (0,08 MB/sec), 11,3 ms avg latency, 638,0 ms max latency.
291 records sent, 57,4 records/sec (0,05 MB/sec), 17,4 ms avg latency, 648,0 ms max latency.
507 records sent, 100,1 records/sec (0,10 MB/sec), 10,0 ms avg latency, 628,0 ms max latency.
350 records sent, 68,6 records/sec (0,07 MB/sec), 14,6 ms avg latency, 209,0 ms max latency.
606 records sent, 117,5 records/sec (0,11 MB/sec), 8,5 ms avg latency, 210,0 ms max latency.
667 records sent, 132,6 records/sec (0,13 MB/sec), 7,5 ms avg latency, 209,0 ms max latency.
571 records sent, 111,5 records/sec (0,11 MB/sec), 9,0 ms avg latency, 209,0 ms max latency.
479 records sent, 87,6 records/sec (0,08 MB/sec), 11,4 ms avg latency, 645,0 ms max latency.
433 records sent, 86,6 records/sec (0,08 MB/sec), 11,5 ms avg latency, 619,0 ms max latency.
411 records sent, 82,2 records/sec (0,08 MB/sec), 12,2 ms avg latency, 638,0 ms max latency.
480 records sent, 95,4 records/sec (0,09 MB/sec), 10,5 ms avg latency, 209,0 ms max latency.
321 records sent, 62,7 records/sec (0,06 MB/sec), 15,9 ms avg latency, 645,0 ms max latency.
460 records sent, 91,6 records/sec (0,09 MB/sec), 10,9 ms avg latency, 630,0 ms max latency.
395 records sent, 76,3 records/sec (0,07 MB/sec), 13,1 ms avg latency, 643,0 ms max latency.
382 records sent, 74,2 records/sec (0,07 MB/sec), 13,5 ms avg latency, 619,0 ms max latency.
652 records sent, 130,2 records/sec (0,12 MB/sec), 7,7 ms avg latency, 209,0 ms max latency.
414 records sent, 79,7 records/sec (0,08 MB/sec), 12,5 ms avg latency, 645,0 ms max latency.
463 records sent, 91,8 records/sec (0,09 MB/sec), 10,9 ms avg latency, 640,0 ms max latency.
591 records sent, 114,5 records/sec (0,11 MB/sec), 8,7 ms avg latency, 644,0 ms max latency.
399 records sent, 77,3 records/sec (0,07 MB/sec), 12,9 ms avg latency, 636,0 ms max latency.
510 records sent, 100,1 records/sec (0,10 MB/sec), 10,0 ms avg latency, 209,0 ms max latency.
495 records sent, 98,2 records/sec (0,09 MB/sec), 10,2 ms avg latency, 209,0 ms max latency.
436 records sent, 87,2 records/sec (0,08 MB/sec), 11,5 ms avg latency, 633,0 ms max latency.
406 records sent, 81,2 records/sec (0,08 MB/sec), 12,3 ms avg latency, 647,0 ms max latency.
458 records sent, 91,1 records/sec (0,09 MB/sec), 11,0 ms avg latency, 647,0 ms max latency.
464 records sent, 92,1 records/sec (0,09 MB/sec), 10,8 ms avg latency, 630,0 ms max latency.
422 records sent, 81,4 records/sec (0,08 MB/sec), 12,3 ms avg latency, 209,0 ms max latency.
428 records sent, 85,6 records/sec (0,08 MB/sec), 11,7 ms avg latency, 643,0 ms max latency.
644 records sent, 128,7 records/sec (0,12 MB/sec), 7,8 ms avg latency, 237,0 ms max latency.
365 records sent, 70,9 records/sec (0,07 MB/sec), 14,1 ms avg latency, 648,0 ms max latency.
374 records sent, 72,8 records/sec (0,07 MB/sec), 13,7 ms avg latency, 631,0 ms max latency.
80000 records sent, 97,703718 records/sec (0,09 MB/sec), 10,22 ms avg latency, 1520,00 ms max latency, 1 ms 50th, 2 ms 95th, 208 ms 99th, 632 ms 99.9th.

Metric Name                                                                          Value
app-info:commit-id:{client-id=producer-1}                                          : d4284cbebb6f0a4c
app-info:start-time-ms:{client-id=producer-1}                                      : 1592616553074
app-info:version:{client-id=producer-1}                                            : 2.3.1
kafka-metrics-count:count:{client-id=producer-1}                                   : 126,000
producer-metrics:batch-size-avg:{client-id=producer-1}                             : 1075,000
producer-metrics:batch-size-max:{client-id=producer-1}                             : 1075,000
producer-metrics:batch-split-rate:{client-id=producer-1}                           : 0,000
producer-metrics:batch-split-total:{client-id=producer-1}                          : 0,000
producer-metrics:buffer-available-bytes:{client-id=producer-1}                     : 33554432,000
producer-metrics:buffer-exhausted-rate:{client-id=producer-1}                      : 0,000
producer-metrics:buffer-exhausted-total:{client-id=producer-1}                     : 0,000
producer-metrics:buffer-total-bytes:{client-id=producer-1}                         : 33554432,000
producer-metrics:bufferpool-wait-ratio:{client-id=producer-1}                      : 0,000
producer-metrics:bufferpool-wait-time-total:{client-id=producer-1}                 : 0,000
producer-metrics:compression-rate-avg:{client-id=producer-1}                       : 1,000
producer-metrics:connection-close-rate:{client-id=producer-1}                      : 0,000
producer-metrics:connection-close-total:{client-id=producer-1}                     : 2,000
producer-metrics:connection-count:{client-id=producer-1}                           : 3,000
producer-metrics:connection-creation-rate:{client-id=producer-1}                   : 0,000
producer-metrics:connection-creation-total:{client-id=producer-1}                  : 5,000
producer-metrics:failed-authentication-rate:{client-id=producer-1}                 : 0,000
producer-metrics:failed-authentication-total:{client-id=producer-1}                : 0,000
producer-metrics:failed-reauthentication-rate:{client-id=producer-1}               : 0,000
producer-metrics:failed-reauthentication-total:{client-id=producer-1}              : 0,000
producer-metrics:incoming-byte-rate:{client-id=producer-1}                         : 5387,043
producer-metrics:incoming-byte-total:{client-id=producer-1}                        : 4962610,000
producer-metrics:io-ratio:{client-id=producer-1}                                   : 0,003
producer-metrics:io-time-ns-avg:{client-id=producer-1}                             : 12686,690
producer-metrics:io-wait-ratio:{client-id=producer-1}                              : 0,991
producer-metrics:io-wait-time-ns-avg:{client-id=producer-1}                        : 3806997,901
producer-metrics:io-waittime-total:{client-id=producer-1}                          : 810059467724,000
producer-metrics:iotime-total:{client-id=producer-1}                               : 3143032312,000
producer-metrics:metadata-age:{client-id=producer-1}                               : 278,548
producer-metrics:network-io-rate:{client-id=producer-1}                            : 173,741
producer-metrics:network-io-total:{client-id=producer-1}                           : 160019,000
producer-metrics:outgoing-byte-rate:{client-id=producer-1}                         : 99464,646
producer-metrics:outgoing-byte-total:{client-id=producer-1}                        : 91590327,000
producer-metrics:produce-throttle-time-avg:{client-id=producer-1}                  : 0,000
producer-metrics:produce-throttle-time-max:{client-id=producer-1}                  : 0,000
producer-metrics:reauthentication-latency-avg:{client-id=producer-1}               : NaN
producer-metrics:reauthentication-latency-max:{client-id=producer-1}               : NaN
producer-metrics:record-error-rate:{client-id=producer-1}                          : 0,000
producer-metrics:record-error-total:{client-id=producer-1}                         : 0,000
producer-metrics:record-queue-time-avg:{client-id=producer-1}                      : 0,015
producer-metrics:record-queue-time-max:{client-id=producer-1}                      : 1,000
producer-metrics:record-retry-rate:{client-id=producer-1}                          : 0,000
producer-metrics:record-retry-total:{client-id=producer-1}                         : 1,000
producer-metrics:record-send-rate:{client-id=producer-1}                           : 86,861
producer-metrics:record-send-total:{client-id=producer-1}                          : 80001,000
producer-metrics:record-size-avg:{client-id=producer-1}                            : 1091,000
producer-metrics:record-size-max:{client-id=producer-1}                            : 1091,000
producer-metrics:records-per-request-avg:{client-id=producer-1}                    : 1,000
producer-metrics:request-latency-avg:{client-id=producer-1}                        : 11,525
producer-metrics:request-latency-max:{client-id=producer-1}                        : 648,000
producer-metrics:request-rate:{client-id=producer-1}                               : 86,859
producer-metrics:request-size-avg:{client-id=producer-1}                           : 1145,000
producer-metrics:request-size-max:{client-id=producer-1}                           : 1145,000
producer-metrics:request-total:{client-id=producer-1}                              : 80010,000
producer-metrics:requests-in-flight:{client-id=producer-1}                         : 0,000
producer-metrics:response-rate:{client-id=producer-1}                              : 86,888
producer-metrics:response-total:{client-id=producer-1}                             : 80009,000
producer-metrics:select-rate:{client-id=producer-1}                                : 260,222
producer-metrics:select-total:{client-id=producer-1}                               : 239680,000
producer-metrics:successful-authentication-no-reauth-total:{client-id=producer-1}  : 0,000
producer-metrics:successful-authentication-rate:{client-id=producer-1}             : 0,000
producer-metrics:successful-authentication-total:{client-id=producer-1}            : 0,000
producer-metrics:successful-reauthentication-rate:{client-id=producer-1}           : 0,000
producer-metrics:successful-reauthentication-total:{client-id=producer-1}          : 0,000
producer-metrics:waiting-threads:{client-id=producer-1}                            : 0,000
producer-node-metrics:incoming-byte-rate:{client-id=producer-1, node-id=node--1}   : 0,000
producer-node-metrics:incoming-byte-rate:{client-id=producer-1, node-id=node-1}    : 1872,823
producer-node-metrics:incoming-byte-rate:{client-id=producer-1, node-id=node-3}    : 1810,794
producer-node-metrics:incoming-byte-rate:{client-id=producer-1, node-id=node-6}    : 1835,218
producer-node-metrics:incoming-byte-total:{client-id=producer-1, node-id=node--1}  : 579,000
producer-node-metrics:incoming-byte-total:{client-id=producer-1, node-id=node-1}   : 1660241,000
producer-node-metrics:incoming-byte-total:{client-id=producer-1, node-id=node-3}   : 1646716,000
producer-node-metrics:incoming-byte-total:{client-id=producer-1, node-id=node-6}   : 1655074,000
producer-node-metrics:outgoing-byte-rate:{client-id=producer-1, node-id=node--1}   : 0,000
producer-node-metrics:outgoing-byte-rate:{client-id=producer-1, node-id=node-1}    : 34586,811
producer-node-metrics:outgoing-byte-rate:{client-id=producer-1, node-id=node-3}    : 33412,713
producer-node-metrics:outgoing-byte-rate:{client-id=producer-1, node-id=node-6}    : 33893,357
producer-node-metrics:outgoing-byte-total:{client-id=producer-1, node-id=node--1}  : 67,000
producer-node-metrics:outgoing-byte-total:{client-id=producer-1, node-id=node-1}   : 30642197,000
producer-node-metrics:outgoing-byte-total:{client-id=producer-1, node-id=node-3}   : 30391683,000
producer-node-metrics:outgoing-byte-total:{client-id=producer-1, node-id=node-6}   : 30556380,000
producer-node-metrics:request-latency-avg:{client-id=producer-1, node-id=node--1}  : NaN
producer-node-metrics:request-latency-avg:{client-id=producer-1, node-id=node-1}   : 11,324
producer-node-metrics:request-latency-avg:{client-id=producer-1, node-id=node-3}   : 11,019
producer-node-metrics:request-latency-avg:{client-id=producer-1, node-id=node-6}   : 11,853
producer-node-metrics:request-latency-max:{client-id=producer-1, node-id=node--1}  : NaN
producer-node-metrics:request-latency-max:{client-id=producer-1, node-id=node-1}   : 648,000
producer-node-metrics:request-latency-max:{client-id=producer-1, node-id=node-3}   : 647,000
producer-node-metrics:request-latency-max:{client-id=producer-1, node-id=node-6}   : 625,000
producer-node-metrics:request-rate:{client-id=producer-1, node-id=node--1}         : 0,000
producer-node-metrics:request-rate:{client-id=producer-1, node-id=node-1}          : 30,205
producer-node-metrics:request-rate:{client-id=producer-1, node-id=node-3}          : 29,179
producer-node-metrics:request-rate:{client-id=producer-1, node-id=node-6}          : 29,599
producer-node-metrics:request-size-avg:{client-id=producer-1, node-id=node--1}     : NaN
producer-node-metrics:request-size-avg:{client-id=producer-1, node-id=node-1}      : 1145,000
producer-node-metrics:request-size-avg:{client-id=producer-1, node-id=node-3}      : 1145,000
producer-node-metrics:request-size-avg:{client-id=producer-1, node-id=node-6}      : 1145,000
producer-node-metrics:request-size-max:{client-id=producer-1, node-id=node--1}     : NaN
producer-node-metrics:request-size-max:{client-id=producer-1, node-id=node-1}      : 1145,000
producer-node-metrics:request-size-max:{client-id=producer-1, node-id=node-3}      : 1145,000
producer-node-metrics:request-size-max:{client-id=producer-1, node-id=node-6}      : 1145,000
producer-node-metrics:request-total:{client-id=producer-1, node-id=node--1}        : 2,000
producer-node-metrics:request-total:{client-id=producer-1, node-id=node-1}         : 26768,000
producer-node-metrics:request-total:{client-id=producer-1, node-id=node-3}         : 26549,000
producer-node-metrics:request-total:{client-id=producer-1, node-id=node-6}         : 26691,000
producer-node-metrics:response-rate:{client-id=producer-1, node-id=node--1}        : 0,000
producer-node-metrics:response-rate:{client-id=producer-1, node-id=node-1}         : 30,207
producer-node-metrics:response-rate:{client-id=producer-1, node-id=node-3}         : 29,207
producer-node-metrics:response-rate:{client-id=producer-1, node-id=node-6}         : 29,601
producer-node-metrics:response-total:{client-id=producer-1, node-id=node--1}       : 2,000
producer-node-metrics:response-total:{client-id=producer-1, node-id=node-1}        : 26767,000
producer-node-metrics:response-total:{client-id=producer-1, node-id=node-3}        : 26549,000
producer-node-metrics:response-total:{client-id=producer-1, node-id=node-6}        : 26691,000
producer-topic-metrics:byte-rate:{client-id=producer-1, topic=test-topic}          : 93375,637
producer-topic-metrics:byte-total:{client-id=producer-1, topic=test-topic}         : 85989965,000
producer-topic-metrics:compression-rate:{client-id=producer-1, topic=test-topic}   : 1,000
producer-topic-metrics:record-error-rate:{client-id=producer-1, topic=test-topic}  : 0,000
producer-topic-metrics:record-error-total:{client-id=producer-1, topic=test-topic} : 0,000
producer-topic-metrics:record-retry-rate:{client-id=producer-1, topic=test-topic}  : 0,000
producer-topic-metrics:record-retry-total:{client-id=producer-1, topic=test-topic} : 1,000
producer-topic-metrics:record-send-rate:{client-id=producer-1, topic=test-topic}   : 86,861
producer-topic-metrics:record-send-total:{client-id=producer-1, topic=test-topic}  : 80001,000
Produce Time: 818.801
Aplication time: 819.478
*****Produção finalizada, esperando 180 s para buscar WM*****
Water mark: 1440000
