Topic to send: test-topic
Topic to acks: 1
Records: 80000
Size:1000
448 records sent, 89,3 records/sec (0,09 MB/sec), 11,2 ms avg latency, 260,0 ms max latency.
484 records sent, 96,6 records/sec (0,09 MB/sec), 10,3 ms avg latency, 210,0 ms max latency.
517 records sent, 102,3 records/sec (0,10 MB/sec), 9,7 ms avg latency, 647,0 ms max latency.
605 records sent, 119,2 records/sec (0,11 MB/sec), 8,4 ms avg latency, 213,0 ms max latency.
441 records sent, 87,2 records/sec (0,08 MB/sec), 11,4 ms avg latency, 209,0 ms max latency.
488 records sent, 94,9 records/sec (0,09 MB/sec), 10,5 ms avg latency, 648,0 ms max latency.
466 records sent, 91,7 records/sec (0,09 MB/sec), 10,9 ms avg latency, 640,0 ms max latency.
469 records sent, 92,4 records/sec (0,09 MB/sec), 10,8 ms avg latency, 635,0 ms max latency.
488 records sent, 96,1 records/sec (0,09 MB/sec), 10,4 ms avg latency, 621,0 ms max latency.
363 records sent, 70,2 records/sec (0,07 MB/sec), 14,2 ms avg latency, 638,0 ms max latency.
511 records sent, 100,1 records/sec (0,10 MB/sec), 10,0 ms avg latency, 638,0 ms max latency.
515 records sent, 101,4 records/sec (0,10 MB/sec), 9,8 ms avg latency, 622,0 ms max latency.
571 records sent, 110,4 records/sec (0,11 MB/sec), 9,0 ms avg latency, 646,0 ms max latency.
661 records sent, 131,6 records/sec (0,13 MB/sec), 7,6 ms avg latency, 624,0 ms max latency.
613 records sent, 118,6 records/sec (0,11 MB/sec), 8,4 ms avg latency, 211,0 ms max latency.
696 records sent, 137,9 records/sec (0,13 MB/sec), 7,2 ms avg latency, 209,0 ms max latency.
627 records sent, 120,5 records/sec (0,11 MB/sec), 8,3 ms avg latency, 210,0 ms max latency.
356 records sent, 69,7 records/sec (0,07 MB/sec), 14,3 ms avg latency, 622,0 ms max latency.
425 records sent, 84,8 records/sec (0,08 MB/sec), 11,8 ms avg latency, 644,0 ms max latency.
518 records sent, 102,5 records/sec (0,10 MB/sec), 9,7 ms avg latency, 209,0 ms max latency.
598 records sent, 116,3 records/sec (0,11 MB/sec), 8,6 ms avg latency, 211,0 ms max latency.
513 records sent, 101,9 records/sec (0,10 MB/sec), 9,8 ms avg latency, 621,0 ms max latency.
468 records sent, 92,9 records/sec (0,09 MB/sec), 10,7 ms avg latency, 635,0 ms max latency.
546 records sent, 107,2 records/sec (0,10 MB/sec), 9,3 ms avg latency, 633,0 ms max latency.
535 records sent, 105,6 records/sec (0,10 MB/sec), 9,5 ms avg latency, 209,0 ms max latency.
617 records sent, 119,5 records/sec (0,11 MB/sec), 8,3 ms avg latency, 209,0 ms max latency.
667 records sent, 133,4 records/sec (0,13 MB/sec), 7,5 ms avg latency, 209,0 ms max latency.
672 records sent, 134,4 records/sec (0,13 MB/sec), 7,4 ms avg latency, 209,0 ms max latency.
608 records sent, 117,4 records/sec (0,11 MB/sec), 8,5 ms avg latency, 647,0 ms max latency.
642 records sent, 123,6 records/sec (0,12 MB/sec), 8,1 ms avg latency, 642,0 ms max latency.
350 records sent, 68,7 records/sec (0,07 MB/sec), 14,5 ms avg latency, 624,0 ms max latency.
652 records sent, 125,3 records/sec (0,12 MB/sec), 8,0 ms avg latency, 209,0 ms max latency.
517 records sent, 101,5 records/sec (0,10 MB/sec), 9,8 ms avg latency, 648,0 ms max latency.
517 records sent, 101,8 records/sec (0,10 MB/sec), 9,8 ms avg latency, 209,0 ms max latency.
559 records sent, 109,1 records/sec (0,10 MB/sec), 9,2 ms avg latency, 647,0 ms max latency.
472 records sent, 94,4 records/sec (0,09 MB/sec), 10,6 ms avg latency, 620,0 ms max latency.
523 records sent, 103,4 records/sec (0,10 MB/sec), 9,7 ms avg latency, 218,0 ms max latency.
455 records sent, 91,0 records/sec (0,09 MB/sec), 11,0 ms avg latency, 620,0 ms max latency.
539 records sent, 106,2 records/sec (0,10 MB/sec), 9,4 ms avg latency, 642,0 ms max latency.
671 records sent, 134,2 records/sec (0,13 MB/sec), 7,4 ms avg latency, 640,0 ms max latency.
670 records sent, 134,0 records/sec (0,13 MB/sec), 7,4 ms avg latency, 632,0 ms max latency.
450 records sent, 89,2 records/sec (0,09 MB/sec), 11,2 ms avg latency, 640,0 ms max latency.
421 records sent, 81,6 records/sec (0,08 MB/sec), 12,2 ms avg latency, 209,0 ms max latency.
494 records sent, 97,8 records/sec (0,09 MB/sec), 10,2 ms avg latency, 637,0 ms max latency.
572 records sent, 112,1 records/sec (0,11 MB/sec), 8,9 ms avg latency, 620,0 ms max latency.
466 records sent, 93,2 records/sec (0,09 MB/sec), 10,7 ms avg latency, 619,0 ms max latency.
591 records sent, 115,3 records/sec (0,11 MB/sec), 8,7 ms avg latency, 209,0 ms max latency.
584 records sent, 114,4 records/sec (0,11 MB/sec), 8,7 ms avg latency, 211,0 ms max latency.
628 records sent, 121,7 records/sec (0,12 MB/sec), 8,2 ms avg latency, 631,0 ms max latency.
412 records sent, 80,0 records/sec (0,08 MB/sec), 12,5 ms avg latency, 209,0 ms max latency.
562 records sent, 110,0 records/sec (0,10 MB/sec), 9,1 ms avg latency, 624,0 ms max latency.
359 records sent, 69,7 records/sec (0,07 MB/sec), 14,3 ms avg latency, 649,0 ms max latency.
512 records sent, 101,2 records/sec (0,10 MB/sec), 9,9 ms avg latency, 209,0 ms max latency.
441 records sent, 88,2 records/sec (0,08 MB/sec), 11,3 ms avg latency, 637,0 ms max latency.
430 records sent, 82,6 records/sec (0,08 MB/sec), 12,1 ms avg latency, 636,0 ms max latency.
490 records sent, 97,3 records/sec (0,09 MB/sec), 10,3 ms avg latency, 209,0 ms max latency.
492 records sent, 97,2 records/sec (0,09 MB/sec), 10,3 ms avg latency, 647,0 ms max latency.
530 records sent, 104,1 records/sec (0,10 MB/sec), 9,6 ms avg latency, 647,0 ms max latency.
538 records sent, 106,1 records/sec (0,10 MB/sec), 9,4 ms avg latency, 209,0 ms max latency.
474 records sent, 93,7 records/sec (0,09 MB/sec), 10,7 ms avg latency, 635,0 ms max latency.
487 records sent, 96,3 records/sec (0,09 MB/sec), 10,4 ms avg latency, 633,0 ms max latency.
681 records sent, 136,2 records/sec (0,13 MB/sec), 7,3 ms avg latency, 640,0 ms max latency.
486 records sent, 97,1 records/sec (0,09 MB/sec), 10,3 ms avg latency, 209,0 ms max latency.
419 records sent, 83,6 records/sec (0,08 MB/sec), 11,9 ms avg latency, 647,0 ms max latency.
473 records sent, 94,2 records/sec (0,09 MB/sec), 10,6 ms avg latency, 634,0 ms max latency.
532 records sent, 104,9 records/sec (0,10 MB/sec), 9,5 ms avg latency, 626,0 ms max latency.
450 records sent, 89,8 records/sec (0,09 MB/sec), 11,1 ms avg latency, 210,0 ms max latency.
441 records sent, 88,2 records/sec (0,08 MB/sec), 11,3 ms avg latency, 636,0 ms max latency.
398 records sent, 77,0 records/sec (0,07 MB/sec), 13,0 ms avg latency, 628,0 ms max latency.
373 records sent, 72,6 records/sec (0,07 MB/sec), 13,8 ms avg latency, 630,0 ms max latency.
625 records sent, 112,3 records/sec (0,11 MB/sec), 8,9 ms avg latency, 622,0 ms max latency.
411 records sent, 79,7 records/sec (0,08 MB/sec), 12,5 ms avg latency, 209,0 ms max latency.
491 records sent, 97,5 records/sec (0,09 MB/sec), 10,2 ms avg latency, 639,0 ms max latency.
413 records sent, 80,1 records/sec (0,08 MB/sec), 12,5 ms avg latency, 626,0 ms max latency.
479 records sent, 95,2 records/sec (0,09 MB/sec), 10,5 ms avg latency, 626,0 ms max latency.
592 records sent, 115,8 records/sec (0,11 MB/sec), 8,6 ms avg latency, 628,0 ms max latency.
504 records sent, 99,9 records/sec (0,10 MB/sec), 10,0 ms avg latency, 209,0 ms max latency.
556 records sent, 109,5 records/sec (0,10 MB/sec), 9,1 ms avg latency, 209,0 ms max latency.
493 records sent, 97,4 records/sec (0,09 MB/sec), 10,3 ms avg latency, 645,0 ms max latency.
395 records sent, 76,7 records/sec (0,07 MB/sec), 13,0 ms avg latency, 209,0 ms max latency.
492 records sent, 97,5 records/sec (0,09 MB/sec), 10,2 ms avg latency, 637,0 ms max latency.
607 records sent, 118,3 records/sec (0,11 MB/sec), 8,4 ms avg latency, 209,0 ms max latency.
412 records sent, 82,4 records/sec (0,08 MB/sec), 12,1 ms avg latency, 648,0 ms max latency.
487 records sent, 96,6 records/sec (0,09 MB/sec), 10,3 ms avg latency, 642,0 ms max latency.
442 records sent, 88,4 records/sec (0,08 MB/sec), 11,3 ms avg latency, 209,0 ms max latency.
365 records sent, 71,3 records/sec (0,07 MB/sec), 14,0 ms avg latency, 632,0 ms max latency.
537 records sent, 105,9 records/sec (0,10 MB/sec), 9,4 ms avg latency, 624,0 ms max latency.
562 records sent, 110,1 records/sec (0,11 MB/sec), 9,1 ms avg latency, 209,0 ms max latency.
503 records sent, 100,0 records/sec (0,10 MB/sec), 10,0 ms avg latency, 209,0 ms max latency.
453 records sent, 90,6 records/sec (0,09 MB/sec), 11,0 ms avg latency, 631,0 ms max latency.
522 records sent, 103,3 records/sec (0,10 MB/sec), 9,7 ms avg latency, 209,0 ms max latency.
566 records sent, 110,9 records/sec (0,11 MB/sec), 9,0 ms avg latency, 620,0 ms max latency.
605 records sent, 117,5 records/sec (0,11 MB/sec), 8,5 ms avg latency, 209,0 ms max latency.
536 records sent, 105,1 records/sec (0,10 MB/sec), 9,5 ms avg latency, 637,0 ms max latency.
440 records sent, 87,9 records/sec (0,08 MB/sec), 11,4 ms avg latency, 641,0 ms max latency.
356 records sent, 69,7 records/sec (0,07 MB/sec), 14,3 ms avg latency, 209,0 ms max latency.
371 records sent, 73,9 records/sec (0,07 MB/sec), 13,5 ms avg latency, 1520,0 ms max latency.
396 records sent, 76,2 records/sec (0,07 MB/sec), 13,1 ms avg latency, 644,0 ms max latency.
390 records sent, 78,0 records/sec (0,07 MB/sec), 12,8 ms avg latency, 647,0 ms max latency.
578 records sent, 112,3 records/sec (0,11 MB/sec), 8,9 ms avg latency, 618,0 ms max latency.
590 records sent, 114,8 records/sec (0,11 MB/sec), 8,7 ms avg latency, 209,0 ms max latency.
483 records sent, 95,9 records/sec (0,09 MB/sec), 10,4 ms avg latency, 209,0 ms max latency.
481 records sent, 95,2 records/sec (0,09 MB/sec), 10,5 ms avg latency, 639,0 ms max latency.
493 records sent, 97,7 records/sec (0,09 MB/sec), 10,2 ms avg latency, 622,0 ms max latency.
695 records sent, 138,6 records/sec (0,13 MB/sec), 7,2 ms avg latency, 209,0 ms max latency.
614 records sent, 119,2 records/sec (0,11 MB/sec), 8,4 ms avg latency, 209,0 ms max latency.
494 records sent, 89,9 records/sec (0,09 MB/sec), 11,1 ms avg latency, 641,0 ms max latency.
505 records sent, 100,0 records/sec (0,10 MB/sec), 10,0 ms avg latency, 209,0 ms max latency.
307 records sent, 59,8 records/sec (0,06 MB/sec), 16,7 ms avg latency, 1511,0 ms max latency.
433 records sent, 79,7 records/sec (0,08 MB/sec), 12,5 ms avg latency, 637,0 ms max latency.
545 records sent, 106,9 records/sec (0,10 MB/sec), 9,3 ms avg latency, 619,0 ms max latency.
504 records sent, 99,8 records/sec (0,10 MB/sec), 10,0 ms avg latency, 209,0 ms max latency.
519 records sent, 102,4 records/sec (0,10 MB/sec), 9,8 ms avg latency, 209,0 ms max latency.
433 records sent, 83,5 records/sec (0,08 MB/sec), 12,0 ms avg latency, 210,0 ms max latency.
647 records sent, 129,4 records/sec (0,12 MB/sec), 7,7 ms avg latency, 209,0 ms max latency.
535 records sent, 105,4 records/sec (0,10 MB/sec), 9,5 ms avg latency, 626,0 ms max latency.
618 records sent, 119,8 records/sec (0,11 MB/sec), 8,3 ms avg latency, 619,0 ms max latency.
356 records sent, 69,3 records/sec (0,07 MB/sec), 14,4 ms avg latency, 648,0 ms max latency.
432 records sent, 86,1 records/sec (0,08 MB/sec), 11,6 ms avg latency, 646,0 ms max latency.
494 records sent, 98,2 records/sec (0,09 MB/sec), 10,2 ms avg latency, 209,0 ms max latency.
464 records sent, 92,8 records/sec (0,09 MB/sec), 10,8 ms avg latency, 209,0 ms max latency.
341 records sent, 66,2 records/sec (0,06 MB/sec), 15,1 ms avg latency, 648,0 ms max latency.
597 records sent, 116,4 records/sec (0,11 MB/sec), 8,6 ms avg latency, 209,0 ms max latency.
487 records sent, 96,2 records/sec (0,09 MB/sec), 10,4 ms avg latency, 639,0 ms max latency.
549 records sent, 107,6 records/sec (0,10 MB/sec), 9,3 ms avg latency, 209,0 ms max latency.
405 records sent, 78,2 records/sec (0,07 MB/sec), 12,8 ms avg latency, 643,0 ms max latency.
520 records sent, 102,3 records/sec (0,10 MB/sec), 9,8 ms avg latency, 633,0 ms max latency.
485 records sent, 96,4 records/sec (0,09 MB/sec), 10,4 ms avg latency, 631,0 ms max latency.
670 records sent, 134,0 records/sec (0,13 MB/sec), 7,5 ms avg latency, 209,0 ms max latency.
495 records sent, 98,2 records/sec (0,09 MB/sec), 10,2 ms avg latency, 630,0 ms max latency.
487 records sent, 96,9 records/sec (0,09 MB/sec), 10,3 ms avg latency, 209,0 ms max latency.
458 records sent, 91,2 records/sec (0,09 MB/sec), 11,0 ms avg latency, 646,0 ms max latency.
436 records sent, 83,8 records/sec (0,08 MB/sec), 11,9 ms avg latency, 645,0 ms max latency.
479 records sent, 94,7 records/sec (0,09 MB/sec), 10,5 ms avg latency, 640,0 ms max latency.
673 records sent, 133,8 records/sec (0,13 MB/sec), 7,5 ms avg latency, 648,0 ms max latency.
440 records sent, 80,8 records/sec (0,08 MB/sec), 12,4 ms avg latency, 644,0 ms max latency.
627 records sent, 111,3 records/sec (0,11 MB/sec), 9,0 ms avg latency, 635,0 ms max latency.
414 records sent, 80,0 records/sec (0,08 MB/sec), 12,5 ms avg latency, 212,0 ms max latency.
673 records sent, 134,6 records/sec (0,13 MB/sec), 7,4 ms avg latency, 209,0 ms max latency.
418 records sent, 80,7 records/sec (0,08 MB/sec), 12,4 ms avg latency, 640,0 ms max latency.
656 records sent, 126,2 records/sec (0,12 MB/sec), 7,9 ms avg latency, 209,0 ms max latency.
448 records sent, 89,5 records/sec (0,09 MB/sec), 11,2 ms avg latency, 209,0 ms max latency.
590 records sent, 115,3 records/sec (0,11 MB/sec), 8,7 ms avg latency, 209,0 ms max latency.
445 records sent, 89,0 records/sec (0,08 MB/sec), 11,2 ms avg latency, 643,0 ms max latency.
409 records sent, 78,9 records/sec (0,08 MB/sec), 12,7 ms avg latency, 627,0 ms max latency.
505 records sent, 99,3 records/sec (0,09 MB/sec), 10,1 ms avg latency, 647,0 ms max latency.
583 records sent, 114,0 records/sec (0,11 MB/sec), 8,8 ms avg latency, 209,0 ms max latency.
355 records sent, 66,0 records/sec (0,06 MB/sec), 15,1 ms avg latency, 649,0 ms max latency.
593 records sent, 115,7 records/sec (0,11 MB/sec), 8,6 ms avg latency, 209,0 ms max latency.
323 records sent, 63,8 records/sec (0,06 MB/sec), 15,7 ms avg latency, 209,0 ms max latency.
426 records sent, 85,2 records/sec (0,08 MB/sec), 11,7 ms avg latency, 646,0 ms max latency.
335 records sent, 65,3 records/sec (0,06 MB/sec), 15,3 ms avg latency, 638,0 ms max latency.
658 records sent, 126,4 records/sec (0,12 MB/sec), 7,9 ms avg latency, 209,0 ms max latency.
361 records sent, 70,1 records/sec (0,07 MB/sec), 14,3 ms avg latency, 640,0 ms max latency.
458 records sent, 91,3 records/sec (0,09 MB/sec), 10,9 ms avg latency, 209,0 ms max latency.
446 records sent, 89,1 records/sec (0,08 MB/sec), 11,2 ms avg latency, 632,0 ms max latency.
423 records sent, 78,1 records/sec (0,07 MB/sec), 12,8 ms avg latency, 638,0 ms max latency.
523 records sent, 102,6 records/sec (0,10 MB/sec), 9,7 ms avg latency, 647,0 ms max latency.
80000 records sent, 98,868573 records/sec (0,09 MB/sec), 10,10 ms avg latency, 1520,00 ms max latency, 1 ms 50th, 2 ms 95th, 208 ms 99th, 633 ms 99.9th.

Metric Name                                                                          Value
app-info:commit-id:{client-id=producer-1}                                          : d4284cbebb6f0a4c
app-info:start-time-ms:{client-id=producer-1}                                      : 1592601486514
app-info:version:{client-id=producer-1}                                            : 2.3.1
kafka-metrics-count:count:{client-id=producer-1}                                   : 126,000
producer-metrics:batch-size-avg:{client-id=producer-1}                             : 1075,000
producer-metrics:batch-size-max:{client-id=producer-1}                             : 1075,000
producer-metrics:batch-split-rate:{client-id=producer-1}                           : 0,000
producer-metrics:batch-split-total:{client-id=producer-1}                          : 0,000
producer-metrics:buffer-available-bytes:{client-id=producer-1}                     : 33554432,000
producer-metrics:buffer-exhausted-rate:{client-id=producer-1}                      : 0,000
producer-metrics:buffer-exhausted-total:{client-id=producer-1}                     : 0,000
producer-metrics:buffer-total-bytes:{client-id=producer-1}                         : 33554432,000
producer-metrics:bufferpool-wait-ratio:{client-id=producer-1}                      : 0,000
producer-metrics:bufferpool-wait-time-total:{client-id=producer-1}                 : 0,000
producer-metrics:compression-rate-avg:{client-id=producer-1}                       : 1,000
producer-metrics:connection-close-rate:{client-id=producer-1}                      : 0,000
producer-metrics:connection-close-total:{client-id=producer-1}                     : 3,000
producer-metrics:connection-count:{client-id=producer-1}                           : 3,000
producer-metrics:connection-creation-rate:{client-id=producer-1}                   : 0,000
producer-metrics:connection-creation-total:{client-id=producer-1}                  : 6,000
producer-metrics:failed-authentication-rate:{client-id=producer-1}                 : 0,000
producer-metrics:failed-authentication-total:{client-id=producer-1}                : 0,000
producer-metrics:failed-reauthentication-rate:{client-id=producer-1}               : 0,000
producer-metrics:failed-reauthentication-total:{client-id=producer-1}              : 0,000
producer-metrics:incoming-byte-rate:{client-id=producer-1}                         : 5534,016
producer-metrics:incoming-byte-total:{client-id=producer-1}                        : 4963189,000
producer-metrics:io-ratio:{client-id=producer-1}                                   : 0,003
producer-metrics:io-time-ns-avg:{client-id=producer-1}                             : 11849,680
producer-metrics:io-wait-ratio:{client-id=producer-1}                              : 0,995
producer-metrics:io-wait-time-ns-avg:{client-id=producer-1}                        : 3716919,668
producer-metrics:io-waittime-total:{client-id=producer-1}                          : 800332703024,000
producer-metrics:iotime-total:{client-id=producer-1}                               : 3163664399,000
producer-metrics:metadata-age:{client-id=producer-1}                               : 257,366
producer-metrics:network-io-rate:{client-id=producer-1}                            : 178,496
producer-metrics:network-io-total:{client-id=producer-1}                           : 160024,000
producer-metrics:outgoing-byte-rate:{client-id=producer-1}                         : 102185,822
producer-metrics:outgoing-byte-total:{client-id=producer-1}                        : 91591539,000
producer-metrics:produce-throttle-time-avg:{client-id=producer-1}                  : 0,000
producer-metrics:produce-throttle-time-max:{client-id=producer-1}                  : 0,000
producer-metrics:reauthentication-latency-avg:{client-id=producer-1}               : NaN
producer-metrics:reauthentication-latency-max:{client-id=producer-1}               : NaN
producer-metrics:record-error-rate:{client-id=producer-1}                          : 0,000
producer-metrics:record-error-total:{client-id=producer-1}                         : 0,000
producer-metrics:record-queue-time-avg:{client-id=producer-1}                      : 0,019
producer-metrics:record-queue-time-max:{client-id=producer-1}                      : 1,000
producer-metrics:record-retry-rate:{client-id=producer-1}                          : 0,000
producer-metrics:record-retry-total:{client-id=producer-1}                         : 2,000
producer-metrics:record-send-rate:{client-id=producer-1}                           : 89,242
producer-metrics:record-send-total:{client-id=producer-1}                          : 80002,000
producer-metrics:record-size-avg:{client-id=producer-1}                            : 1091,000
producer-metrics:record-size-max:{client-id=producer-1}                            : 1091,000
producer-metrics:records-per-request-avg:{client-id=producer-1}                    : 1,000
producer-metrics:request-latency-avg:{client-id=producer-1}                        : 11,201
producer-metrics:request-latency-max:{client-id=producer-1}                        : 649,000
producer-metrics:request-rate:{client-id=producer-1}                               : 89,240
producer-metrics:request-size-avg:{client-id=producer-1}                           : 1145,000
producer-metrics:request-size-max:{client-id=producer-1}                           : 1145,000
producer-metrics:request-total:{client-id=producer-1}                              : 80013,000
producer-metrics:requests-in-flight:{client-id=producer-1}                         : 0,000
producer-metrics:response-rate:{client-id=producer-1}                              : 89,258
producer-metrics:response-total:{client-id=producer-1}                             : 80011,000
producer-metrics:select-rate:{client-id=producer-1}                                : 267,637
producer-metrics:select-total:{client-id=producer-1}                               : 239690,000
producer-metrics:successful-authentication-no-reauth-total:{client-id=producer-1}  : 0,000
producer-metrics:successful-authentication-rate:{client-id=producer-1}             : 0,000
producer-metrics:successful-authentication-total:{client-id=producer-1}            : 0,000
producer-metrics:successful-reauthentication-rate:{client-id=producer-1}           : 0,000
producer-metrics:successful-reauthentication-total:{client-id=producer-1}          : 0,000
producer-metrics:waiting-threads:{client-id=producer-1}                            : 0,000
producer-node-metrics:incoming-byte-rate:{client-id=producer-1, node-id=node--2}   : 0,000
producer-node-metrics:incoming-byte-rate:{client-id=producer-1, node-id=node-1}    : 1844,907
producer-node-metrics:incoming-byte-rate:{client-id=producer-1, node-id=node-3}    : 1841,472
producer-node-metrics:incoming-byte-rate:{client-id=producer-1, node-id=node-6}    : 1844,491
producer-node-metrics:incoming-byte-total:{client-id=producer-1, node-id=node--2}  : 579,000
producer-node-metrics:incoming-byte-total:{client-id=producer-1, node-id=node-1}   : 1659662,000
producer-node-metrics:incoming-byte-total:{client-id=producer-1, node-id=node-3}   : 1647010,000
producer-node-metrics:incoming-byte-total:{client-id=producer-1, node-id=node-6}   : 1655938,000
producer-node-metrics:outgoing-byte-rate:{client-id=producer-1, node-id=node--2}   : 0,000
producer-node-metrics:outgoing-byte-rate:{client-id=producer-1, node-id=node-1}    : 34071,273
producer-node-metrics:outgoing-byte-rate:{client-id=producer-1, node-id=node-3}    : 33648,109
producer-node-metrics:outgoing-byte-rate:{client-id=producer-1, node-id=node-6}    : 34450,734
producer-node-metrics:outgoing-byte-total:{client-id=producer-1, node-id=node--2}  : 67,000
producer-node-metrics:outgoing-byte-total:{client-id=producer-1, node-id=node-1}   : 30640985,000
producer-node-metrics:outgoing-byte-total:{client-id=producer-1, node-id=node-3}   : 30392852,000
producer-node-metrics:outgoing-byte-total:{client-id=producer-1, node-id=node-6}   : 30557635,000
producer-node-metrics:request-latency-avg:{client-id=producer-1, node-id=node--2}  : NaN
producer-node-metrics:request-latency-avg:{client-id=producer-1, node-id=node-1}   : 11,469
producer-node-metrics:request-latency-avg:{client-id=producer-1, node-id=node-3}   : 11,802
producer-node-metrics:request-latency-avg:{client-id=producer-1, node-id=node-6}   : 10,501
producer-node-metrics:request-latency-max:{client-id=producer-1, node-id=node--2}  : NaN
producer-node-metrics:request-latency-max:{client-id=producer-1, node-id=node-1}   : 646,000
producer-node-metrics:request-latency-max:{client-id=producer-1, node-id=node-3}   : 649,000
producer-node-metrics:request-latency-max:{client-id=producer-1, node-id=node-6}   : 638,000
producer-node-metrics:request-rate:{client-id=producer-1, node-id=node--2}         : 0,000
producer-node-metrics:request-rate:{client-id=producer-1, node-id=node-1}          : 29,756
producer-node-metrics:request-rate:{client-id=producer-1, node-id=node-3}          : 29,386
producer-node-metrics:request-rate:{client-id=producer-1, node-id=node-6}          : 30,087
producer-node-metrics:request-size-avg:{client-id=producer-1, node-id=node--2}     : NaN
producer-node-metrics:request-size-avg:{client-id=producer-1, node-id=node-1}      : 1145,000
producer-node-metrics:request-size-avg:{client-id=producer-1, node-id=node-3}      : 1145,000
producer-node-metrics:request-size-avg:{client-id=producer-1, node-id=node-6}      : 1145,000
producer-node-metrics:request-size-max:{client-id=producer-1, node-id=node--2}     : NaN
producer-node-metrics:request-size-max:{client-id=producer-1, node-id=node-1}      : 1145,000
producer-node-metrics:request-size-max:{client-id=producer-1, node-id=node-3}      : 1145,000
producer-node-metrics:request-size-max:{client-id=producer-1, node-id=node-6}      : 1145,000
producer-node-metrics:request-total:{client-id=producer-1, node-id=node--2}        : 2,000
producer-node-metrics:request-total:{client-id=producer-1, node-id=node-1}         : 26765,000
producer-node-metrics:request-total:{client-id=producer-1, node-id=node-3}         : 26551,000
producer-node-metrics:request-total:{client-id=producer-1, node-id=node-6}         : 26695,000
producer-node-metrics:response-rate:{client-id=producer-1, node-id=node--2}        : 0,000
producer-node-metrics:response-rate:{client-id=producer-1, node-id=node-1}         : 29,757
producer-node-metrics:response-rate:{client-id=producer-1, node-id=node-3}         : 29,701
producer-node-metrics:response-rate:{client-id=producer-1, node-id=node-6}         : 29,750
producer-node-metrics:response-total:{client-id=producer-1, node-id=node--2}       : 2,000
producer-node-metrics:response-total:{client-id=producer-1, node-id=node-1}        : 26765,000
producer-node-metrics:response-total:{client-id=producer-1, node-id=node-3}        : 26550,000
producer-node-metrics:response-total:{client-id=producer-1, node-id=node-6}        : 26694,000
producer-topic-metrics:byte-rate:{client-id=producer-1, topic=test-topic}          : 95933,520
producer-topic-metrics:byte-total:{client-id=producer-1, topic=test-topic}         : 85991040,000
producer-topic-metrics:compression-rate:{client-id=producer-1, topic=test-topic}   : 1,000
producer-topic-metrics:record-error-rate:{client-id=producer-1, topic=test-topic}  : 0,000
producer-topic-metrics:record-error-total:{client-id=producer-1, topic=test-topic} : 0,000
producer-topic-metrics:record-retry-rate:{client-id=producer-1, topic=test-topic}  : 0,000
producer-topic-metrics:record-retry-total:{client-id=producer-1, topic=test-topic} : 2,000
producer-topic-metrics:record-send-rate:{client-id=producer-1, topic=test-topic}   : 89,242
producer-topic-metrics:record-send-total:{client-id=producer-1, topic=test-topic}  : 80002,000
Produce Time: 809.153
Aplication time: 809.827
*****Produção finalizada, esperando 180 s para buscar WM*****
Water mark: 240000
