Topic to send: test-topic
Topic to acks: -1
Records: 80000
Size:1000
200 records sent, 38,8 records/sec (0,04 MB/sec), 25,7 ms avg latency, 635,0 ms max latency.
333 records sent, 66,6 records/sec (0,06 MB/sec), 15,0 ms avg latency, 213,0 ms max latency.
175 records sent, 33,6 records/sec (0,03 MB/sec), 29,7 ms avg latency, 648,0 ms max latency.
215 records sent, 42,7 records/sec (0,04 MB/sec), 23,4 ms avg latency, 638,0 ms max latency.
213 records sent, 42,3 records/sec (0,04 MB/sec), 23,6 ms avg latency, 643,0 ms max latency.
252 records sent, 49,6 records/sec (0,05 MB/sec), 20,2 ms avg latency, 210,0 ms max latency.
248 records sent, 48,8 records/sec (0,05 MB/sec), 20,5 ms avg latency, 632,0 ms max latency.
212 records sent, 42,4 records/sec (0,04 MB/sec), 23,6 ms avg latency, 210,0 ms max latency.
238 records sent, 47,0 records/sec (0,04 MB/sec), 21,2 ms avg latency, 649,0 ms max latency.
312 records sent, 57,5 records/sec (0,05 MB/sec), 17,4 ms avg latency, 633,0 ms max latency.
238 records sent, 47,1 records/sec (0,04 MB/sec), 21,2 ms avg latency, 644,0 ms max latency.
267 records sent, 52,2 records/sec (0,05 MB/sec), 19,2 ms avg latency, 635,0 ms max latency.
198 records sent, 35,4 records/sec (0,03 MB/sec), 28,2 ms avg latency, 642,0 ms max latency.
176 records sent, 34,3 records/sec (0,03 MB/sec), 29,1 ms avg latency, 639,0 ms max latency.
137 records sent, 26,9 records/sec (0,03 MB/sec), 37,1 ms avg latency, 648,0 ms max latency.
239 records sent, 47,4 records/sec (0,05 MB/sec), 21,1 ms avg latency, 645,0 ms max latency.
219 records sent, 43,6 records/sec (0,04 MB/sec), 22,9 ms avg latency, 639,0 ms max latency.
349 records sent, 69,3 records/sec (0,07 MB/sec), 14,4 ms avg latency, 210,0 ms max latency.
161 records sent, 31,0 records/sec (0,03 MB/sec), 32,2 ms avg latency, 1529,0 ms max latency.
236 records sent, 46,5 records/sec (0,04 MB/sec), 21,5 ms avg latency, 628,0 ms max latency.
221 records sent, 44,0 records/sec (0,04 MB/sec), 22,7 ms avg latency, 642,0 ms max latency.
255 records sent, 50,0 records/sec (0,05 MB/sec), 20,0 ms avg latency, 646,0 ms max latency.
183 records sent, 35,6 records/sec (0,03 MB/sec), 28,1 ms avg latency, 630,0 ms max latency.
212 records sent, 42,4 records/sec (0,04 MB/sec), 23,6 ms avg latency, 642,0 ms max latency.
289 records sent, 56,4 records/sec (0,05 MB/sec), 17,7 ms avg latency, 213,0 ms max latency.
237 records sent, 46,9 records/sec (0,04 MB/sec), 21,3 ms avg latency, 634,0 ms max latency.
256 records sent, 50,2 records/sec (0,05 MB/sec), 19,9 ms avg latency, 650,0 ms max latency.
190 records sent, 36,9 records/sec (0,04 MB/sec), 27,1 ms avg latency, 641,0 ms max latency.
197 records sent, 38,3 records/sec (0,04 MB/sec), 26,1 ms avg latency, 623,0 ms max latency.
188 records sent, 37,6 records/sec (0,04 MB/sec), 26,6 ms avg latency, 649,0 ms max latency.
216 records sent, 41,6 records/sec (0,04 MB/sec), 24,0 ms avg latency, 637,0 ms max latency.
184 records sent, 35,6 records/sec (0,03 MB/sec), 28,1 ms avg latency, 647,0 ms max latency.
268 records sent, 52,8 records/sec (0,05 MB/sec), 18,9 ms avg latency, 623,0 ms max latency.
297 records sent, 57,8 records/sec (0,06 MB/sec), 17,3 ms avg latency, 210,0 ms max latency.
205 records sent, 39,8 records/sec (0,04 MB/sec), 25,1 ms avg latency, 629,0 ms max latency.
195 records sent, 37,6 records/sec (0,04 MB/sec), 26,6 ms avg latency, 640,0 ms max latency.
265 records sent, 52,2 records/sec (0,05 MB/sec), 19,2 ms avg latency, 644,0 ms max latency.
130 records sent, 25,8 records/sec (0,02 MB/sec), 38,7 ms avg latency, 640,0 ms max latency.
274 records sent, 53,5 records/sec (0,05 MB/sec), 18,7 ms avg latency, 643,0 ms max latency.
233 records sent, 46,6 records/sec (0,04 MB/sec), 21,5 ms avg latency, 626,0 ms max latency.
262 records sent, 51,7 records/sec (0,05 MB/sec), 19,3 ms avg latency, 223,0 ms max latency.
202 records sent, 39,3 records/sec (0,04 MB/sec), 25,4 ms avg latency, 619,0 ms max latency.
242 records sent, 46,1 records/sec (0,04 MB/sec), 21,7 ms avg latency, 624,0 ms max latency.
184 records sent, 35,9 records/sec (0,03 MB/sec), 27,8 ms avg latency, 645,0 ms max latency.
247 records sent, 49,3 records/sec (0,05 MB/sec), 20,3 ms avg latency, 210,0 ms max latency.
282 records sent, 55,1 records/sec (0,05 MB/sec), 18,1 ms avg latency, 647,0 ms max latency.
231 records sent, 44,3 records/sec (0,04 MB/sec), 22,6 ms avg latency, 647,0 ms max latency.
241 records sent, 47,8 records/sec (0,05 MB/sec), 20,9 ms avg latency, 641,0 ms max latency.
274 records sent, 53,7 records/sec (0,05 MB/sec), 18,6 ms avg latency, 624,0 ms max latency.
238 records sent, 47,5 records/sec (0,05 MB/sec), 21,0 ms avg latency, 628,0 ms max latency.
156 records sent, 30,7 records/sec (0,03 MB/sec), 32,5 ms avg latency, 649,0 ms max latency.
243 records sent, 48,1 records/sec (0,05 MB/sec), 20,8 ms avg latency, 640,0 ms max latency.
234 records sent, 44,6 records/sec (0,04 MB/sec), 22,4 ms avg latency, 639,0 ms max latency.
203 records sent, 39,2 records/sec (0,04 MB/sec), 25,5 ms avg latency, 637,0 ms max latency.
206 records sent, 39,9 records/sec (0,04 MB/sec), 25,0 ms avg latency, 639,0 ms max latency.
331 records sent, 64,0 records/sec (0,06 MB/sec), 15,6 ms avg latency, 629,0 ms max latency.
144 records sent, 28,4 records/sec (0,03 MB/sec), 35,2 ms avg latency, 646,0 ms max latency.
129 records sent, 25,5 records/sec (0,02 MB/sec), 39,2 ms avg latency, 646,0 ms max latency.
210 records sent, 40,5 records/sec (0,04 MB/sec), 24,7 ms avg latency, 643,0 ms max latency.
241 records sent, 47,8 records/sec (0,05 MB/sec), 20,9 ms avg latency, 643,0 ms max latency.
337 records sent, 64,8 records/sec (0,06 MB/sec), 15,4 ms avg latency, 641,0 ms max latency.
237 records sent, 45,5 records/sec (0,04 MB/sec), 21,9 ms avg latency, 210,0 ms max latency.
295 records sent, 57,6 records/sec (0,05 MB/sec), 17,4 ms avg latency, 637,0 ms max latency.
238 records sent, 43,5 records/sec (0,04 MB/sec), 23,0 ms avg latency, 646,0 ms max latency.
198 records sent, 38,3 records/sec (0,04 MB/sec), 26,1 ms avg latency, 650,0 ms max latency.
251 records sent, 49,6 records/sec (0,05 MB/sec), 20,1 ms avg latency, 643,0 ms max latency.
244 records sent, 48,6 records/sec (0,05 MB/sec), 20,6 ms avg latency, 210,0 ms max latency.
220 records sent, 44,0 records/sec (0,04 MB/sec), 22,7 ms avg latency, 633,0 ms max latency.
157 records sent, 30,8 records/sec (0,03 MB/sec), 32,5 ms avg latency, 1703,0 ms max latency.
243 records sent, 48,5 records/sec (0,05 MB/sec), 20,6 ms avg latency, 631,0 ms max latency.
333 records sent, 64,1 records/sec (0,06 MB/sec), 15,6 ms avg latency, 226,0 ms max latency.
175 records sent, 34,2 records/sec (0,03 MB/sec), 29,2 ms avg latency, 643,0 ms max latency.
120 records sent, 23,9 records/sec (0,02 MB/sec), 41,8 ms avg latency, 647,0 ms max latency.
177 records sent, 30,4 records/sec (0,03 MB/sec), 32,8 ms avg latency, 1738,0 ms max latency.
297 records sent, 57,9 records/sec (0,06 MB/sec), 17,3 ms avg latency, 629,0 ms max latency.
217 records sent, 43,1 records/sec (0,04 MB/sec), 23,2 ms avg latency, 650,0 ms max latency.
286 records sent, 55,9 records/sec (0,05 MB/sec), 17,9 ms avg latency, 630,0 ms max latency.
128 records sent, 25,4 records/sec (0,02 MB/sec), 39,3 ms avg latency, 646,0 ms max latency.
159 records sent, 25,7 records/sec (0,02 MB/sec), 38,9 ms avg latency, 1736,0 ms max latency.
233 records sent, 46,5 records/sec (0,04 MB/sec), 21,5 ms avg latency, 621,0 ms max latency.
194 records sent, 37,5 records/sec (0,04 MB/sec), 26,6 ms avg latency, 641,0 ms max latency.
207 records sent, 39,8 records/sec (0,04 MB/sec), 25,1 ms avg latency, 647,0 ms max latency.
191 records sent, 37,0 records/sec (0,04 MB/sec), 27,0 ms avg latency, 645,0 ms max latency.
198 records sent, 38,1 records/sec (0,04 MB/sec), 26,3 ms avg latency, 644,0 ms max latency.
187 records sent, 36,3 records/sec (0,03 MB/sec), 27,5 ms avg latency, 641,0 ms max latency.
154 records sent, 30,0 records/sec (0,03 MB/sec), 33,3 ms avg latency, 1520,0 ms max latency.
160 records sent, 31,2 records/sec (0,03 MB/sec), 32,0 ms avg latency, 1718,0 ms max latency.
322 records sent, 62,2 records/sec (0,06 MB/sec), 16,1 ms avg latency, 638,0 ms max latency.
226 records sent, 43,6 records/sec (0,04 MB/sec), 22,9 ms avg latency, 218,0 ms max latency.
231 records sent, 46,1 records/sec (0,04 MB/sec), 21,7 ms avg latency, 634,0 ms max latency.
249 records sent, 48,9 records/sec (0,05 MB/sec), 20,4 ms avg latency, 1535,0 ms max latency.
266 records sent, 52,5 records/sec (0,05 MB/sec), 19,0 ms avg latency, 628,0 ms max latency.
221 records sent, 42,8 records/sec (0,04 MB/sec), 23,3 ms avg latency, 619,0 ms max latency.
223 records sent, 43,1 records/sec (0,04 MB/sec), 23,2 ms avg latency, 618,0 ms max latency.
127 records sent, 25,3 records/sec (0,02 MB/sec), 39,6 ms avg latency, 639,0 ms max latency.
155 records sent, 29,1 records/sec (0,03 MB/sec), 34,3 ms avg latency, 1514,0 ms max latency.
115 records sent, 22,7 records/sec (0,02 MB/sec), 43,9 ms avg latency, 1512,0 ms max latency.
294 records sent, 57,5 records/sec (0,05 MB/sec), 17,4 ms avg latency, 627,0 ms max latency.
231 records sent, 46,2 records/sec (0,04 MB/sec), 21,6 ms avg latency, 627,0 ms max latency.
181 records sent, 35,3 records/sec (0,03 MB/sec), 28,3 ms avg latency, 641,0 ms max latency.
303 records sent, 58,7 records/sec (0,06 MB/sec), 17,0 ms avg latency, 626,0 ms max latency.
146 records sent, 24,5 records/sec (0,02 MB/sec), 40,8 ms avg latency, 1529,0 ms max latency.
242 records sent, 48,1 records/sec (0,05 MB/sec), 20,8 ms avg latency, 640,0 ms max latency.
205 records sent, 39,8 records/sec (0,04 MB/sec), 25,1 ms avg latency, 634,0 ms max latency.
159 records sent, 31,3 records/sec (0,03 MB/sec), 32,0 ms avg latency, 642,0 ms max latency.
273 records sent, 53,9 records/sec (0,05 MB/sec), 18,5 ms avg latency, 623,0 ms max latency.
278 records sent, 54,4 records/sec (0,05 MB/sec), 18,4 ms avg latency, 647,0 ms max latency.
372 records sent, 68,0 records/sec (0,06 MB/sec), 14,7 ms avg latency, 632,0 ms max latency.
213 records sent, 41,4 records/sec (0,04 MB/sec), 24,1 ms avg latency, 210,0 ms max latency.
175 records sent, 34,4 records/sec (0,03 MB/sec), 29,0 ms avg latency, 210,0 ms max latency.
195 records sent, 37,7 records/sec (0,04 MB/sec), 26,6 ms avg latency, 649,0 ms max latency.
180 records sent, 36,0 records/sec (0,03 MB/sec), 27,8 ms avg latency, 1526,0 ms max latency.
189 records sent, 37,8 records/sec (0,04 MB/sec), 26,4 ms avg latency, 1537,0 ms max latency.
233 records sent, 46,6 records/sec (0,04 MB/sec), 21,4 ms avg latency, 625,0 ms max latency.
183 records sent, 35,6 records/sec (0,03 MB/sec), 28,1 ms avg latency, 638,0 ms max latency.
217 records sent, 43,3 records/sec (0,04 MB/sec), 23,1 ms avg latency, 640,0 ms max latency.
71 records sent, 13,6 records/sec (0,01 MB/sec), 73,3 ms avg latency, 1720,0 ms max latency.
297 records sent, 57,9 records/sec (0,06 MB/sec), 17,2 ms avg latency, 628,0 ms max latency.
232 records sent, 46,4 records/sec (0,04 MB/sec), 21,6 ms avg latency, 624,0 ms max latency.
186 records sent, 36,4 records/sec (0,03 MB/sec), 27,4 ms avg latency, 210,0 ms max latency.
193 records sent, 37,4 records/sec (0,04 MB/sec), 26,7 ms avg latency, 643,0 ms max latency.
221 records sent, 43,7 records/sec (0,04 MB/sec), 22,9 ms avg latency, 1512,0 ms max latency.
288 records sent, 52,3 records/sec (0,05 MB/sec), 19,1 ms avg latency, 627,0 ms max latency.
178 records sent, 34,4 records/sec (0,03 MB/sec), 29,1 ms avg latency, 648,0 ms max latency.
241 records sent, 48,2 records/sec (0,05 MB/sec), 20,7 ms avg latency, 213,0 ms max latency.
149 records sent, 29,3 records/sec (0,03 MB/sec), 34,1 ms avg latency, 648,0 ms max latency.
138 records sent, 27,1 records/sec (0,03 MB/sec), 36,9 ms avg latency, 650,0 ms max latency.
126 records sent, 24,9 records/sec (0,02 MB/sec), 40,2 ms avg latency, 1511,0 ms max latency.
286 records sent, 56,0 records/sec (0,05 MB/sec), 17,8 ms avg latency, 620,0 ms max latency.
236 records sent, 45,5 records/sec (0,04 MB/sec), 22,0 ms avg latency, 621,0 ms max latency.
133 records sent, 24,2 records/sec (0,02 MB/sec), 41,2 ms avg latency, 1503,0 ms max latency.
248 records sent, 49,5 records/sec (0,05 MB/sec), 20,2 ms avg latency, 622,0 ms max latency.
183 records sent, 35,6 records/sec (0,03 MB/sec), 28,1 ms avg latency, 643,0 ms max latency.
116 records sent, 23,0 records/sec (0,02 MB/sec), 43,4 ms avg latency, 1519,0 ms max latency.
224 records sent, 43,3 records/sec (0,04 MB/sec), 23,1 ms avg latency, 627,0 ms max latency.
181 records sent, 35,2 records/sec (0,03 MB/sec), 28,4 ms avg latency, 638,0 ms max latency.
301 records sent, 59,0 records/sec (0,06 MB/sec), 16,9 ms avg latency, 619,0 ms max latency.
205 records sent, 37,7 records/sec (0,04 MB/sec), 26,5 ms avg latency, 1736,0 ms max latency.
251 records sent, 50,0 records/sec (0,05 MB/sec), 20,0 ms avg latency, 210,0 ms max latency.
276 records sent, 54,4 records/sec (0,05 MB/sec), 18,4 ms avg latency, 635,0 ms max latency.
270 records sent, 53,2 records/sec (0,05 MB/sec), 18,8 ms avg latency, 638,0 ms max latency.
144 records sent, 28,7 records/sec (0,03 MB/sec), 34,9 ms avg latency, 618,0 ms max latency.
202 records sent, 40,1 records/sec (0,04 MB/sec), 24,9 ms avg latency, 649,0 ms max latency.
189 records sent, 36,5 records/sec (0,03 MB/sec), 27,4 ms avg latency, 1527,0 ms max latency.
254 records sent, 50,1 records/sec (0,05 MB/sec), 20,0 ms avg latency, 646,0 ms max latency.
152 records sent, 29,9 records/sec (0,03 MB/sec), 33,4 ms avg latency, 639,0 ms max latency.
229 records sent, 44,1 records/sec (0,04 MB/sec), 22,7 ms avg latency, 645,0 ms max latency.
272 records sent, 53,8 records/sec (0,05 MB/sec), 18,6 ms avg latency, 629,0 ms max latency.
184 records sent, 35,9 records/sec (0,03 MB/sec), 27,9 ms avg latency, 643,0 ms max latency.
216 records sent, 43,1 records/sec (0,04 MB/sec), 23,2 ms avg latency, 647,0 ms max latency.
172 records sent, 33,9 records/sec (0,03 MB/sec), 29,5 ms avg latency, 622,0 ms max latency.
239 records sent, 47,6 records/sec (0,05 MB/sec), 21,0 ms avg latency, 635,0 ms max latency.
291 records sent, 56,3 records/sec (0,05 MB/sec), 17,7 ms avg latency, 650,0 ms max latency.
218 records sent, 43,6 records/sec (0,04 MB/sec), 22,9 ms avg latency, 645,0 ms max latency.
103 records sent, 20,5 records/sec (0,02 MB/sec), 48,7 ms avg latency, 1719,0 ms max latency.
267 records sent, 52,9 records/sec (0,05 MB/sec), 18,9 ms avg latency, 627,0 ms max latency.
297 records sent, 57,9 records/sec (0,06 MB/sec), 17,3 ms avg latency, 641,0 ms max latency.
226 records sent, 43,6 records/sec (0,04 MB/sec), 22,9 ms avg latency, 626,0 ms max latency.
147 records sent, 29,1 records/sec (0,03 MB/sec), 34,4 ms avg latency, 641,0 ms max latency.
206 records sent, 41,2 records/sec (0,04 MB/sec), 24,3 ms avg latency, 1508,0 ms max latency.
356 records sent, 71,1 records/sec (0,07 MB/sec), 14,0 ms avg latency, 214,0 ms max latency.
135 records sent, 26,9 records/sec (0,03 MB/sec), 37,2 ms avg latency, 637,0 ms max latency.
148 records sent, 29,3 records/sec (0,03 MB/sec), 34,1 ms avg latency, 635,0 ms max latency.
230 records sent, 46,0 records/sec (0,04 MB/sec), 21,7 ms avg latency, 649,0 ms max latency.
271 records sent, 53,1 records/sec (0,05 MB/sec), 18,8 ms avg latency, 640,0 ms max latency.
204 records sent, 40,8 records/sec (0,04 MB/sec), 24,5 ms avg latency, 1716,0 ms max latency.
213 records sent, 41,3 records/sec (0,04 MB/sec), 24,2 ms avg latency, 213,0 ms max latency.
273 records sent, 53,8 records/sec (0,05 MB/sec), 18,6 ms avg latency, 623,0 ms max latency.
322 records sent, 64,3 records/sec (0,06 MB/sec), 15,5 ms avg latency, 645,0 ms max latency.
232 records sent, 46,4 records/sec (0,04 MB/sec), 21,5 ms avg latency, 637,0 ms max latency.
276 records sent, 54,4 records/sec (0,05 MB/sec), 18,4 ms avg latency, 210,0 ms max latency.
105 records sent, 21,0 records/sec (0,02 MB/sec), 47,6 ms avg latency, 1712,0 ms max latency.
227 records sent, 45,2 records/sec (0,04 MB/sec), 22,1 ms avg latency, 649,0 ms max latency.
236 records sent, 43,4 records/sec (0,04 MB/sec), 23,1 ms avg latency, 646,0 ms max latency.
202 records sent, 40,4 records/sec (0,04 MB/sec), 24,7 ms avg latency, 652,0 ms max latency.
260 records sent, 51,2 records/sec (0,05 MB/sec), 19,5 ms avg latency, 236,0 ms max latency.
243 records sent, 46,3 records/sec (0,04 MB/sec), 21,6 ms avg latency, 647,0 ms max latency.
195 records sent, 37,9 records/sec (0,04 MB/sec), 26,3 ms avg latency, 632,0 ms max latency.
251 records sent, 49,5 records/sec (0,05 MB/sec), 20,2 ms avg latency, 643,0 ms max latency.
229 records sent, 43,7 records/sec (0,04 MB/sec), 22,9 ms avg latency, 644,0 ms max latency.
292 records sent, 56,2 records/sec (0,05 MB/sec), 17,8 ms avg latency, 1518,0 ms max latency.
276 records sent, 54,2 records/sec (0,05 MB/sec), 18,4 ms avg latency, 647,0 ms max latency.
142 records sent, 27,7 records/sec (0,03 MB/sec), 36,0 ms avg latency, 1723,0 ms max latency.
123 records sent, 23,4 records/sec (0,02 MB/sec), 42,8 ms avg latency, 1712,0 ms max latency.
349 records sent, 69,8 records/sec (0,07 MB/sec), 14,3 ms avg latency, 210,0 ms max latency.
221 records sent, 42,7 records/sec (0,04 MB/sec), 23,4 ms avg latency, 618,0 ms max latency.
188 records sent, 35,4 records/sec (0,03 MB/sec), 28,2 ms avg latency, 632,0 ms max latency.
186 records sent, 34,6 records/sec (0,03 MB/sec), 28,9 ms avg latency, 1508,0 ms max latency.
394 records sent, 76,5 records/sec (0,07 MB/sec), 13,1 ms avg latency, 644,0 ms max latency.
169 records sent, 33,3 records/sec (0,03 MB/sec), 30,0 ms avg latency, 629,0 ms max latency.
213 records sent, 38,2 records/sec (0,04 MB/sec), 26,2 ms avg latency, 629,0 ms max latency.
213 records sent, 42,4 records/sec (0,04 MB/sec), 23,6 ms avg latency, 635,0 ms max latency.
215 records sent, 41,7 records/sec (0,04 MB/sec), 24,0 ms avg latency, 211,0 ms max latency.
236 records sent, 47,1 records/sec (0,04 MB/sec), 21,2 ms avg latency, 646,0 ms max latency.
177 records sent, 34,8 records/sec (0,03 MB/sec), 28,7 ms avg latency, 622,0 ms max latency.
231 records sent, 41,1 records/sec (0,04 MB/sec), 24,3 ms avg latency, 646,0 ms max latency.
278 records sent, 54,4 records/sec (0,05 MB/sec), 18,4 ms avg latency, 647,0 ms max latency.
196 records sent, 38,1 records/sec (0,04 MB/sec), 26,2 ms avg latency, 628,0 ms max latency.
206 records sent, 39,8 records/sec (0,04 MB/sec), 25,1 ms avg latency, 638,0 ms max latency.
179 records sent, 34,7 records/sec (0,03 MB/sec), 28,8 ms avg latency, 1515,0 ms max latency.
239 records sent, 47,7 records/sec (0,05 MB/sec), 20,9 ms avg latency, 627,0 ms max latency.
213 records sent, 42,6 records/sec (0,04 MB/sec), 23,5 ms avg latency, 624,0 ms max latency.
179 records sent, 35,0 records/sec (0,03 MB/sec), 28,5 ms avg latency, 631,0 ms max latency.
220 records sent, 42,4 records/sec (0,04 MB/sec), 23,6 ms avg latency, 629,0 ms max latency.
244 records sent, 48,8 records/sec (0,05 MB/sec), 20,5 ms avg latency, 210,0 ms max latency.
313 records sent, 60,5 records/sec (0,06 MB/sec), 16,5 ms avg latency, 642,0 ms max latency.
220 records sent, 42,5 records/sec (0,04 MB/sec), 23,5 ms avg latency, 639,0 ms max latency.
317 records sent, 56,8 records/sec (0,05 MB/sec), 17,6 ms avg latency, 646,0 ms max latency.
192 records sent, 38,4 records/sec (0,04 MB/sec), 26,0 ms avg latency, 1522,0 ms max latency.
151 records sent, 28,5 records/sec (0,03 MB/sec), 35,1 ms avg latency, 649,0 ms max latency.
321 records sent, 62,4 records/sec (0,06 MB/sec), 16,0 ms avg latency, 618,0 ms max latency.
262 records sent, 51,7 records/sec (0,05 MB/sec), 19,3 ms avg latency, 640,0 ms max latency.
258 records sent, 50,9 records/sec (0,05 MB/sec), 19,6 ms avg latency, 638,0 ms max latency.
231 records sent, 44,4 records/sec (0,04 MB/sec), 22,5 ms avg latency, 626,0 ms max latency.
243 records sent, 48,2 records/sec (0,05 MB/sec), 20,7 ms avg latency, 648,0 ms max latency.
155 records sent, 30,2 records/sec (0,03 MB/sec), 33,1 ms avg latency, 1536,0 ms max latency.
247 records sent, 45,0 records/sec (0,04 MB/sec), 22,2 ms avg latency, 649,0 ms max latency.
186 records sent, 36,4 records/sec (0,03 MB/sec), 27,5 ms avg latency, 628,0 ms max latency.
221 records sent, 40,8 records/sec (0,04 MB/sec), 24,5 ms avg latency, 641,0 ms max latency.
290 records sent, 56,9 records/sec (0,05 MB/sec), 17,6 ms avg latency, 637,0 ms max latency.
195 records sent, 38,0 records/sec (0,04 MB/sec), 26,3 ms avg latency, 642,0 ms max latency.
238 records sent, 47,6 records/sec (0,05 MB/sec), 21,0 ms avg latency, 639,0 ms max latency.
181 records sent, 35,4 records/sec (0,03 MB/sec), 28,3 ms avg latency, 650,0 ms max latency.
181 records sent, 35,3 records/sec (0,03 MB/sec), 28,3 ms avg latency, 631,0 ms max latency.
283 records sent, 55,9 records/sec (0,05 MB/sec), 17,9 ms avg latency, 626,0 ms max latency.
183 records sent, 35,8 records/sec (0,03 MB/sec), 28,0 ms avg latency, 635,0 ms max latency.
299 records sent, 58,6 records/sec (0,06 MB/sec), 17,0 ms avg latency, 623,0 ms max latency.
234 records sent, 45,9 records/sec (0,04 MB/sec), 21,8 ms avg latency, 1523,0 ms max latency.
249 records sent, 49,4 records/sec (0,05 MB/sec), 20,2 ms avg latency, 636,0 ms max latency.
237 records sent, 45,6 records/sec (0,04 MB/sec), 21,9 ms avg latency, 621,0 ms max latency.
217 records sent, 41,9 records/sec (0,04 MB/sec), 23,8 ms avg latency, 628,0 ms max latency.
236 records sent, 47,1 records/sec (0,04 MB/sec), 21,2 ms avg latency, 631,0 ms max latency.
234 records sent, 46,4 records/sec (0,04 MB/sec), 21,5 ms avg latency, 623,0 ms max latency.
266 records sent, 52,4 records/sec (0,05 MB/sec), 19,1 ms avg latency, 642,0 ms max latency.
219 records sent, 40,4 records/sec (0,04 MB/sec), 24,7 ms avg latency, 650,0 ms max latency.
312 records sent, 60,0 records/sec (0,06 MB/sec), 16,6 ms avg latency, 630,0 ms max latency.
223 records sent, 42,9 records/sec (0,04 MB/sec), 23,3 ms avg latency, 639,0 ms max latency.
211 records sent, 42,2 records/sec (0,04 MB/sec), 23,7 ms avg latency, 648,0 ms max latency.
159 records sent, 31,2 records/sec (0,03 MB/sec), 32,0 ms avg latency, 638,0 ms max latency.
226 records sent, 43,4 records/sec (0,04 MB/sec), 23,0 ms avg latency, 637,0 ms max latency.
221 records sent, 42,7 records/sec (0,04 MB/sec), 23,4 ms avg latency, 635,0 ms max latency.
256 records sent, 46,5 records/sec (0,04 MB/sec), 21,5 ms avg latency, 648,0 ms max latency.
233 records sent, 44,8 records/sec (0,04 MB/sec), 22,3 ms avg latency, 634,0 ms max latency.
201 records sent, 36,2 records/sec (0,03 MB/sec), 27,6 ms avg latency, 625,0 ms max latency.
223 records sent, 44,0 records/sec (0,04 MB/sec), 22,7 ms avg latency, 659,0 ms max latency.
167 records sent, 32,7 records/sec (0,03 MB/sec), 30,6 ms avg latency, 640,0 ms max latency.
249 records sent, 49,5 records/sec (0,05 MB/sec), 20,2 ms avg latency, 623,0 ms max latency.
179 records sent, 34,9 records/sec (0,03 MB/sec), 28,6 ms avg latency, 640,0 ms max latency.
240 records sent, 48,0 records/sec (0,05 MB/sec), 20,8 ms avg latency, 210,0 ms max latency.
134 records sent, 26,4 records/sec (0,03 MB/sec), 37,9 ms avg latency, 638,0 ms max latency.
222 records sent, 42,9 records/sec (0,04 MB/sec), 23,3 ms avg latency, 620,0 ms max latency.
251 records sent, 47,6 records/sec (0,05 MB/sec), 21,0 ms avg latency, 642,0 ms max latency.
281 records sent, 55,2 records/sec (0,05 MB/sec), 18,1 ms avg latency, 625,0 ms max latency.
269 records sent, 52,4 records/sec (0,05 MB/sec), 19,1 ms avg latency, 645,0 ms max latency.
199 records sent, 38,4 records/sec (0,04 MB/sec), 26,0 ms avg latency, 645,0 ms max latency.
321 records sent, 59,8 records/sec (0,06 MB/sec), 16,7 ms avg latency, 632,0 ms max latency.
239 records sent, 47,7 records/sec (0,05 MB/sec), 21,0 ms avg latency, 627,0 ms max latency.
180 records sent, 35,3 records/sec (0,03 MB/sec), 28,3 ms avg latency, 630,0 ms max latency.
336 records sent, 67,2 records/sec (0,06 MB/sec), 14,9 ms avg latency, 646,0 ms max latency.
132 records sent, 23,9 records/sec (0,02 MB/sec), 41,8 ms avg latency, 1529,0 ms max latency.
265 records sent, 51,8 records/sec (0,05 MB/sec), 19,3 ms avg latency, 649,0 ms max latency.
235 records sent, 47,0 records/sec (0,04 MB/sec), 21,3 ms avg latency, 630,0 ms max latency.
276 records sent, 54,1 records/sec (0,05 MB/sec), 18,5 ms avg latency, 642,0 ms max latency.
224 records sent, 44,8 records/sec (0,04 MB/sec), 22,3 ms avg latency, 641,0 ms max latency.
194 records sent, 37,7 records/sec (0,04 MB/sec), 26,5 ms avg latency, 649,0 ms max latency.
226 records sent, 44,9 records/sec (0,04 MB/sec), 22,3 ms avg latency, 649,0 ms max latency.
271 records sent, 53,6 records/sec (0,05 MB/sec), 18,6 ms avg latency, 626,0 ms max latency.
205 records sent, 39,5 records/sec (0,04 MB/sec), 25,3 ms avg latency, 648,0 ms max latency.
234 records sent, 46,7 records/sec (0,04 MB/sec), 21,4 ms avg latency, 642,0 ms max latency.
298 records sent, 58,1 records/sec (0,06 MB/sec), 17,2 ms avg latency, 222,0 ms max latency.
242 records sent, 47,9 records/sec (0,05 MB/sec), 20,8 ms avg latency, 647,0 ms max latency.
226 records sent, 43,6 records/sec (0,04 MB/sec), 22,9 ms avg latency, 632,0 ms max latency.
176 records sent, 34,4 records/sec (0,03 MB/sec), 29,1 ms avg latency, 642,0 ms max latency.
248 records sent, 49,2 records/sec (0,05 MB/sec), 20,3 ms avg latency, 645,0 ms max latency.
136 records sent, 26,7 records/sec (0,03 MB/sec), 37,4 ms avg latency, 1520,0 ms max latency.
213 records sent, 41,3 records/sec (0,04 MB/sec), 24,2 ms avg latency, 620,0 ms max latency.
275 records sent, 50,0 records/sec (0,05 MB/sec), 20,0 ms avg latency, 636,0 ms max latency.
319 records sent, 61,9 records/sec (0,06 MB/sec), 16,1 ms avg latency, 633,0 ms max latency.
228 records sent, 44,0 records/sec (0,04 MB/sec), 22,7 ms avg latency, 632,0 ms max latency.
192 records sent, 37,3 records/sec (0,04 MB/sec), 26,8 ms avg latency, 642,0 ms max latency.
237 records sent, 47,4 records/sec (0,05 MB/sec), 21,1 ms avg latency, 649,0 ms max latency.
262 records sent, 52,0 records/sec (0,05 MB/sec), 19,2 ms avg latency, 642,0 ms max latency.
174 records sent, 34,2 records/sec (0,03 MB/sec), 29,2 ms avg latency, 628,0 ms max latency.
241 records sent, 48,2 records/sec (0,05 MB/sec), 20,7 ms avg latency, 630,0 ms max latency.
266 records sent, 52,7 records/sec (0,05 MB/sec), 19,0 ms avg latency, 624,0 ms max latency.
298 records sent, 56,1 records/sec (0,05 MB/sec), 17,8 ms avg latency, 625,0 ms max latency.
194 records sent, 37,8 records/sec (0,04 MB/sec), 26,4 ms avg latency, 633,0 ms max latency.
186 records sent, 35,8 records/sec (0,03 MB/sec), 27,9 ms avg latency, 1536,0 ms max latency.
215 records sent, 42,5 records/sec (0,04 MB/sec), 23,5 ms avg latency, 1505,0 ms max latency.
169 records sent, 33,0 records/sec (0,03 MB/sec), 30,3 ms avg latency, 647,0 ms max latency.
238 records sent, 47,3 records/sec (0,05 MB/sec), 21,1 ms avg latency, 647,0 ms max latency.
177 records sent, 34,0 records/sec (0,03 MB/sec), 29,4 ms avg latency, 1520,0 ms max latency.
243 records sent, 48,1 records/sec (0,05 MB/sec), 20,8 ms avg latency, 641,0 ms max latency.
165 records sent, 32,4 records/sec (0,03 MB/sec), 30,9 ms avg latency, 210,0 ms max latency.
173 records sent, 33,8 records/sec (0,03 MB/sec), 29,6 ms avg latency, 646,0 ms max latency.
187 records sent, 36,3 records/sec (0,03 MB/sec), 27,5 ms avg latency, 634,0 ms max latency.
213 records sent, 41,1 records/sec (0,04 MB/sec), 24,3 ms avg latency, 639,0 ms max latency.
320 records sent, 62,2 records/sec (0,06 MB/sec), 16,1 ms avg latency, 626,0 ms max latency.
232 records sent, 46,1 records/sec (0,04 MB/sec), 21,6 ms avg latency, 641,0 ms max latency.
382 records sent, 75,2 records/sec (0,07 MB/sec), 13,3 ms avg latency, 646,0 ms max latency.
176 records sent, 34,6 records/sec (0,03 MB/sec), 28,9 ms avg latency, 624,0 ms max latency.
190 records sent, 27,8 records/sec (0,03 MB/sec), 35,9 ms avg latency, 1918,0 ms max latency.
140 records sent, 27,5 records/sec (0,03 MB/sec), 36,4 ms avg latency, 1524,0 ms max latency.
268 records sent, 52,4 records/sec (0,05 MB/sec), 19,1 ms avg latency, 1509,0 ms max latency.
107 records sent, 21,0 records/sec (0,02 MB/sec), 47,5 ms avg latency, 1535,0 ms max latency.
234 records sent, 46,8 records/sec (0,04 MB/sec), 21,4 ms avg latency, 630,0 ms max latency.
253 records sent, 41,2 records/sec (0,04 MB/sec), 24,3 ms avg latency, 1511,0 ms max latency.
215 records sent, 41,6 records/sec (0,04 MB/sec), 24,0 ms avg latency, 626,0 ms max latency.
242 records sent, 46,2 records/sec (0,04 MB/sec), 21,6 ms avg latency, 638,0 ms max latency.
165 records sent, 29,5 records/sec (0,03 MB/sec), 33,9 ms avg latency, 1520,0 ms max latency.
107 records sent, 21,3 records/sec (0,02 MB/sec), 46,9 ms avg latency, 642,0 ms max latency.
184 records sent, 32,7 records/sec (0,03 MB/sec), 30,6 ms avg latency, 1533,0 ms max latency.
329 records sent, 63,3 records/sec (0,06 MB/sec), 15,8 ms avg latency, 622,0 ms max latency.
165 records sent, 32,3 records/sec (0,03 MB/sec), 31,0 ms avg latency, 646,0 ms max latency.
209 records sent, 41,8 records/sec (0,04 MB/sec), 23,9 ms avg latency, 634,0 ms max latency.
237 records sent, 47,4 records/sec (0,05 MB/sec), 21,1 ms avg latency, 628,0 ms max latency.
219 records sent, 42,2 records/sec (0,04 MB/sec), 23,7 ms avg latency, 639,0 ms max latency.
275 records sent, 52,0 records/sec (0,05 MB/sec), 19,2 ms avg latency, 628,0 ms max latency.
160 records sent, 31,2 records/sec (0,03 MB/sec), 32,0 ms avg latency, 1730,0 ms max latency.
224 records sent, 44,7 records/sec (0,04 MB/sec), 22,4 ms avg latency, 642,0 ms max latency.
237 records sent, 47,4 records/sec (0,05 MB/sec), 21,1 ms avg latency, 642,0 ms max latency.
240 records sent, 47,7 records/sec (0,05 MB/sec), 21,0 ms avg latency, 648,0 ms max latency.
288 records sent, 56,1 records/sec (0,05 MB/sec), 17,8 ms avg latency, 638,0 ms max latency.
239 records sent, 45,5 records/sec (0,04 MB/sec), 22,0 ms avg latency, 649,0 ms max latency.
157 records sent, 29,1 records/sec (0,03 MB/sec), 34,4 ms avg latency, 1529,0 ms max latency.
189 records sent, 36,9 records/sec (0,04 MB/sec), 27,1 ms avg latency, 647,0 ms max latency.
232 records sent, 44,6 records/sec (0,04 MB/sec), 22,4 ms avg latency, 632,0 ms max latency.
111 records sent, 22,1 records/sec (0,02 MB/sec), 45,3 ms avg latency, 1504,0 ms max latency.
252 records sent, 49,8 records/sec (0,05 MB/sec), 20,0 ms avg latency, 642,0 ms max latency.
242 records sent, 48,1 records/sec (0,05 MB/sec), 20,8 ms avg latency, 644,0 ms max latency.
225 records sent, 45,0 records/sec (0,04 MB/sec), 22,2 ms avg latency, 646,0 ms max latency.
212 records sent, 40,8 records/sec (0,04 MB/sec), 24,5 ms avg latency, 645,0 ms max latency.
284 records sent, 55,1 records/sec (0,05 MB/sec), 18,1 ms avg latency, 620,0 ms max latency.
197 records sent, 37,9 records/sec (0,04 MB/sec), 26,3 ms avg latency, 635,0 ms max latency.
259 records sent, 43,3 records/sec (0,04 MB/sec), 23,1 ms avg latency, 1524,0 ms max latency.
204 records sent, 40,4 records/sec (0,04 MB/sec), 24,7 ms avg latency, 1526,0 ms max latency.
251 records sent, 49,8 records/sec (0,05 MB/sec), 20,1 ms avg latency, 648,0 ms max latency.
103 records sent, 20,2 records/sec (0,02 MB/sec), 49,4 ms avg latency, 1727,0 ms max latency.
229 records sent, 44,2 records/sec (0,04 MB/sec), 22,6 ms avg latency, 624,0 ms max latency.
170 records sent, 30,5 records/sec (0,03 MB/sec), 32,8 ms avg latency, 1532,0 ms max latency.
216 records sent, 41,9 records/sec (0,04 MB/sec), 23,9 ms avg latency, 637,0 ms max latency.
142 records sent, 26,0 records/sec (0,02 MB/sec), 38,5 ms avg latency, 637,0 ms max latency.
173 records sent, 33,8 records/sec (0,03 MB/sec), 29,6 ms avg latency, 640,0 ms max latency.
252 records sent, 50,0 records/sec (0,05 MB/sec), 20,0 ms avg latency, 632,0 ms max latency.
318 records sent, 61,7 records/sec (0,06 MB/sec), 16,2 ms avg latency, 211,0 ms max latency.
240 records sent, 46,1 records/sec (0,04 MB/sec), 21,7 ms avg latency, 635,0 ms max latency.
242 records sent, 48,3 records/sec (0,05 MB/sec), 20,7 ms avg latency, 620,0 ms max latency.
170 records sent, 30,7 records/sec (0,03 MB/sec), 32,5 ms avg latency, 637,0 ms max latency.
282 records sent, 55,0 records/sec (0,05 MB/sec), 18,2 ms avg latency, 648,0 ms max latency.
168 records sent, 26,0 records/sec (0,02 MB/sec), 38,4 ms avg latency, 1715,0 ms max latency.
226 records sent, 45,2 records/sec (0,04 MB/sec), 22,1 ms avg latency, 647,0 ms max latency.
228 records sent, 43,9 records/sec (0,04 MB/sec), 22,8 ms avg latency, 632,0 ms max latency.
195 records sent, 37,8 records/sec (0,04 MB/sec), 26,4 ms avg latency, 649,0 ms max latency.
227 records sent, 45,4 records/sec (0,04 MB/sec), 22,0 ms avg latency, 631,0 ms max latency.
149 records sent, 29,0 records/sec (0,03 MB/sec), 34,4 ms avg latency, 1528,0 ms max latency.
219 records sent, 40,3 records/sec (0,04 MB/sec), 24,8 ms avg latency, 633,0 ms max latency.
232 records sent, 41,2 records/sec (0,04 MB/sec), 24,3 ms avg latency, 641,0 ms max latency.
122 records sent, 23,9 records/sec (0,02 MB/sec), 41,8 ms avg latency, 1515,0 ms max latency.
121 records sent, 24,1 records/sec (0,02 MB/sec), 41,4 ms avg latency, 640,0 ms max latency.
218 records sent, 43,3 records/sec (0,04 MB/sec), 23,1 ms avg latency, 642,0 ms max latency.
175 records sent, 33,9 records/sec (0,03 MB/sec), 29,5 ms avg latency, 1540,0 ms max latency.
80000 records sent, 42,994919 records/sec (0,04 MB/sec), 23,24 ms avg latency, 1918,00 ms max latency, 2 ms 50th, 208 ms 95th, 210 ms 99th, 649 ms 99.9th.

Metric Name                                                                          Value
app-info:commit-id:{client-id=producer-1}                                          : d4284cbebb6f0a4c
app-info:start-time-ms:{client-id=producer-1}                                      : 1592875083159
app-info:version:{client-id=producer-1}                                            : 2.3.1
kafka-metrics-count:count:{client-id=producer-1}                                   : 126,000
producer-metrics:batch-size-avg:{client-id=producer-1}                             : 1075,000
producer-metrics:batch-size-max:{client-id=producer-1}                             : 1075,000
producer-metrics:batch-split-rate:{client-id=producer-1}                           : 0,000
producer-metrics:batch-split-total:{client-id=producer-1}                          : 0,000
producer-metrics:buffer-available-bytes:{client-id=producer-1}                     : 33554432,000
producer-metrics:buffer-exhausted-rate:{client-id=producer-1}                      : 0,000
producer-metrics:buffer-exhausted-total:{client-id=producer-1}                     : 0,000
producer-metrics:buffer-total-bytes:{client-id=producer-1}                         : 33554432,000
producer-metrics:bufferpool-wait-ratio:{client-id=producer-1}                      : 0,000
producer-metrics:bufferpool-wait-time-total:{client-id=producer-1}                 : 0,000
producer-metrics:compression-rate-avg:{client-id=producer-1}                       : 1,000
producer-metrics:connection-close-rate:{client-id=producer-1}                      : 0,070
producer-metrics:connection-close-total:{client-id=producer-1}                     : 55,000
producer-metrics:connection-count:{client-id=producer-1}                           : 3,000
producer-metrics:connection-creation-rate:{client-id=producer-1}                   : 0,070
producer-metrics:connection-creation-total:{client-id=producer-1}                  : 58,000
producer-metrics:failed-authentication-rate:{client-id=producer-1}                 : 0,000
producer-metrics:failed-authentication-total:{client-id=producer-1}                : 0,000
producer-metrics:failed-reauthentication-rate:{client-id=producer-1}               : 0,000
producer-metrics:failed-reauthentication-total:{client-id=producer-1}              : 0,000
producer-metrics:incoming-byte-rate:{client-id=producer-1}                         : 2299,431
producer-metrics:incoming-byte-total:{client-id=producer-1}                        : 4993012,000
producer-metrics:io-ratio:{client-id=producer-1}                                   : 0,001
producer-metrics:io-time-ns-avg:{client-id=producer-1}                             : 11986,619
producer-metrics:io-wait-ratio:{client-id=producer-1}                              : 1,000
producer-metrics:io-wait-time-ns-avg:{client-id=producer-1}                        : 9086443,552
producer-metrics:io-waittime-total:{client-id=producer-1}                          : 1851366379929,000
producer-metrics:iotime-total:{client-id=producer-1}                               : 3237071345,000
producer-metrics:metadata-age:{client-id=producer-1}                               : 3,084
producer-metrics:network-io-rate:{client-id=producer-1}                            : 73,335
producer-metrics:network-io-total:{client-id=producer-1}                           : 160282,000
producer-metrics:outgoing-byte-rate:{client-id=producer-1}                         : 41878,374
producer-metrics:outgoing-byte-total:{client-id=producer-1}                        : 91654519,000
producer-metrics:produce-throttle-time-avg:{client-id=producer-1}                  : 0,000
producer-metrics:produce-throttle-time-max:{client-id=producer-1}                  : 0,000
producer-metrics:reauthentication-latency-avg:{client-id=producer-1}               : NaN
producer-metrics:reauthentication-latency-max:{client-id=producer-1}               : NaN
producer-metrics:record-error-rate:{client-id=producer-1}                          : 0,000
producer-metrics:record-error-total:{client-id=producer-1}                         : 0,000
producer-metrics:record-queue-time-avg:{client-id=producer-1}                      : 2,522
producer-metrics:record-queue-time-max:{client-id=producer-1}                      : 1538,000
producer-metrics:record-retry-rate:{client-id=producer-1}                          : 0,070
producer-metrics:record-retry-total:{client-id=producer-1}                         : 54,000
producer-metrics:record-send-rate:{client-id=producer-1}                           : 36,570
producer-metrics:record-send-total:{client-id=producer-1}                          : 80054,000
producer-metrics:record-size-avg:{client-id=producer-1}                            : 1091,000
producer-metrics:record-size-max:{client-id=producer-1}                            : 1091,000
producer-metrics:records-per-request-avg:{client-id=producer-1}                    : 1,000
producer-metrics:request-latency-avg:{client-id=producer-1}                        : 24,922
producer-metrics:request-latency-max:{client-id=producer-1}                        : 649,000
producer-metrics:request-rate:{client-id=producer-1}                               : 36,689
producer-metrics:request-size-avg:{client-id=producer-1}                           : 1141,374
producer-metrics:request-size-max:{client-id=producer-1}                           : 1145,000
producer-metrics:request-total:{client-id=producer-1}                              : 80168,000
producer-metrics:requests-in-flight:{client-id=producer-1}                         : 0,000
producer-metrics:response-rate:{client-id=producer-1}                              : 36,648
producer-metrics:response-total:{client-id=producer-1}                             : 80114,000
producer-metrics:select-rate:{client-id=producer-1}                                : 110,047
producer-metrics:select-total:{client-id=producer-1}                               : 240271,000
producer-metrics:successful-authentication-no-reauth-total:{client-id=producer-1}  : 0,000
producer-metrics:successful-authentication-rate:{client-id=producer-1}             : 0,000
producer-metrics:successful-authentication-total:{client-id=producer-1}            : 0,000
producer-metrics:successful-reauthentication-rate:{client-id=producer-1}           : 0,000
producer-metrics:successful-reauthentication-total:{client-id=producer-1}          : 0,000
producer-metrics:waiting-threads:{client-id=producer-1}                            : 0,000
producer-node-metrics:incoming-byte-rate:{client-id=producer-1, node-id=node--3}   : 0,000
producer-node-metrics:incoming-byte-rate:{client-id=producer-1, node-id=node-1}    : 751,595
producer-node-metrics:incoming-byte-rate:{client-id=producer-1, node-id=node-3}    : 786,514
producer-node-metrics:incoming-byte-rate:{client-id=producer-1, node-id=node-6}    : 756,340
producer-node-metrics:incoming-byte-total:{client-id=producer-1, node-id=node--3}  : 579,000
producer-node-metrics:incoming-byte-total:{client-id=producer-1, node-id=node-1}   : 1670084,000
producer-node-metrics:incoming-byte-total:{client-id=producer-1, node-id=node-3}   : 1656853,000
producer-node-metrics:incoming-byte-total:{client-id=producer-1, node-id=node-6}   : 1665496,000
producer-node-metrics:outgoing-byte-rate:{client-id=producer-1, node-id=node--3}   : 0,000
producer-node-metrics:outgoing-byte-rate:{client-id=producer-1, node-id=node-1}    : 13821,635
producer-node-metrics:outgoing-byte-rate:{client-id=producer-1, node-id=node-3}    : 13674,001
producer-node-metrics:outgoing-byte-rate:{client-id=producer-1, node-id=node-6}    : 13766,139
producer-node-metrics:outgoing-byte-total:{client-id=producer-1, node-id=node--3}  : 67,000
producer-node-metrics:outgoing-byte-total:{client-id=producer-1, node-id=node-1}   : 30662801,000
producer-node-metrics:outgoing-byte-total:{client-id=producer-1, node-id=node-3}   : 30413455,000
producer-node-metrics:outgoing-byte-total:{client-id=producer-1, node-id=node-6}   : 30578196,000
producer-node-metrics:request-latency-avg:{client-id=producer-1, node-id=node--3}  : NaN
producer-node-metrics:request-latency-avg:{client-id=producer-1, node-id=node-1}   : 21,598
producer-node-metrics:request-latency-avg:{client-id=producer-1, node-id=node-3}   : 25,539
producer-node-metrics:request-latency-avg:{client-id=producer-1, node-id=node-6}   : 28,071
producer-node-metrics:request-latency-max:{client-id=producer-1, node-id=node--3}  : NaN
producer-node-metrics:request-latency-max:{client-id=producer-1, node-id=node-1}   : 633,000
producer-node-metrics:request-latency-max:{client-id=producer-1, node-id=node-3}   : 649,000
producer-node-metrics:request-latency-max:{client-id=producer-1, node-id=node-6}   : 649,000
producer-node-metrics:request-rate:{client-id=producer-1, node-id=node--3}         : 0,000
producer-node-metrics:request-rate:{client-id=producer-1, node-id=node-1}          : 12,090
producer-node-metrics:request-rate:{client-id=producer-1, node-id=node-3}          : 12,006
producer-node-metrics:request-rate:{client-id=producer-1, node-id=node-6}          : 12,062
producer-node-metrics:request-size-avg:{client-id=producer-1, node-id=node--3}     : NaN
producer-node-metrics:request-size-avg:{client-id=producer-1, node-id=node-1}      : 1143,182
producer-node-metrics:request-size-avg:{client-id=producer-1, node-id=node-3}      : 1138,920
producer-node-metrics:request-size-avg:{client-id=producer-1, node-id=node-6}      : 1141,239
producer-node-metrics:request-size-max:{client-id=producer-1, node-id=node--3}     : NaN
producer-node-metrics:request-size-max:{client-id=producer-1, node-id=node-1}      : 1145,000
producer-node-metrics:request-size-max:{client-id=producer-1, node-id=node-3}      : 1145,000
producer-node-metrics:request-size-max:{client-id=producer-1, node-id=node-6}      : 1145,000
producer-node-metrics:request-total:{client-id=producer-1, node-id=node--3}        : 2,000
producer-node-metrics:request-total:{client-id=producer-1, node-id=node-1}         : 26819,000
producer-node-metrics:request-total:{client-id=producer-1, node-id=node-3}         : 26602,000
producer-node-metrics:request-total:{client-id=producer-1, node-id=node-6}         : 26745,000
producer-node-metrics:response-rate:{client-id=producer-1, node-id=node--3}        : 0,000
producer-node-metrics:response-rate:{client-id=producer-1, node-id=node-1}         : 12,049
producer-node-metrics:response-rate:{client-id=producer-1, node-id=node-3}         : 12,464
producer-node-metrics:response-rate:{client-id=producer-1, node-id=node-6}         : 12,050
producer-node-metrics:response-total:{client-id=producer-1, node-id=node--3}       : 2,000
producer-node-metrics:response-total:{client-id=producer-1, node-id=node-1}        : 26801,000
producer-node-metrics:response-total:{client-id=producer-1, node-id=node-3}        : 26584,000
producer-node-metrics:response-total:{client-id=producer-1, node-id=node-6}        : 26727,000
producer-topic-metrics:byte-rate:{client-id=producer-1, topic=test-topic}          : 39312,791
producer-topic-metrics:byte-total:{client-id=producer-1, topic=test-topic}         : 86046939,000
producer-topic-metrics:compression-rate:{client-id=producer-1, topic=test-topic}   : 1,000
producer-topic-metrics:record-error-rate:{client-id=producer-1, topic=test-topic}  : 0,000
producer-topic-metrics:record-error-total:{client-id=producer-1, topic=test-topic} : 0,000
producer-topic-metrics:record-retry-rate:{client-id=producer-1, topic=test-topic}  : 0,070
producer-topic-metrics:record-retry-total:{client-id=producer-1, topic=test-topic} : 54,000
producer-topic-metrics:record-send-rate:{client-id=producer-1, topic=test-topic}   : 36,570
producer-topic-metrics:record-send-total:{client-id=producer-1, topic=test-topic}  : 80054,000
Produce Time: 1860.684
Aplication time: 1861.389
*****Produção finalizada, esperando 180 s para buscar WM*****
Water mark: 1280000
