Topic to send: test-topic
Topic to acks: 1
Records: 80000
Size:30000
566 records sent, 113,0 records/sec (3,23 MB/sec), 8,8 ms avg latency, 288,0 ms max latency.
676 records sent, 135,0 records/sec (3,86 MB/sec), 7,4 ms avg latency, 29,0 ms max latency.
650 records sent, 129,9 records/sec (3,72 MB/sec), 7,7 ms avg latency, 11,0 ms max latency.
652 records sent, 130,2 records/sec (3,73 MB/sec), 7,6 ms avg latency, 21,0 ms max latency.
665 records sent, 132,8 records/sec (3,80 MB/sec), 7,5 ms avg latency, 12,0 ms max latency.
675 records sent, 135,0 records/sec (3,86 MB/sec), 7,4 ms avg latency, 20,0 ms max latency.
652 records sent, 130,3 records/sec (3,73 MB/sec), 7,6 ms avg latency, 24,0 ms max latency.
606 records sent, 121,0 records/sec (3,46 MB/sec), 8,3 ms avg latency, 275,0 ms max latency.
673 records sent, 134,6 records/sec (3,85 MB/sec), 7,4 ms avg latency, 68,0 ms max latency.
685 records sent, 137,0 records/sec (3,92 MB/sec), 7,3 ms avg latency, 29,0 ms max latency.
670 records sent, 133,9 records/sec (3,83 MB/sec), 7,4 ms avg latency, 14,0 ms max latency.
680 records sent, 136,0 records/sec (3,89 MB/sec), 7,3 ms avg latency, 11,0 ms max latency.
661 records sent, 132,0 records/sec (3,78 MB/sec), 7,6 ms avg latency, 20,0 ms max latency.
662 records sent, 132,4 records/sec (3,79 MB/sec), 7,5 ms avg latency, 35,0 ms max latency.
676 records sent, 135,1 records/sec (3,87 MB/sec), 7,4 ms avg latency, 21,0 ms max latency.
668 records sent, 133,6 records/sec (3,82 MB/sec), 7,5 ms avg latency, 30,0 ms max latency.
684 records sent, 136,6 records/sec (3,91 MB/sec), 7,3 ms avg latency, 18,0 ms max latency.
680 records sent, 136,0 records/sec (3,89 MB/sec), 7,3 ms avg latency, 35,0 ms max latency.
642 records sent, 128,2 records/sec (3,67 MB/sec), 7,8 ms avg latency, 281,0 ms max latency.
671 records sent, 134,1 records/sec (3,84 MB/sec), 7,4 ms avg latency, 19,0 ms max latency.
686 records sent, 137,2 records/sec (3,93 MB/sec), 7,3 ms avg latency, 24,0 ms max latency.
689 records sent, 137,8 records/sec (3,94 MB/sec), 7,2 ms avg latency, 18,0 ms max latency.
669 records sent, 133,8 records/sec (3,83 MB/sec), 7,5 ms avg latency, 33,0 ms max latency.
581 records sent, 116,2 records/sec (3,32 MB/sec), 8,6 ms avg latency, 573,0 ms max latency.
661 records sent, 132,1 records/sec (3,78 MB/sec), 7,6 ms avg latency, 60,0 ms max latency.
660 records sent, 131,9 records/sec (3,77 MB/sec), 7,6 ms avg latency, 15,0 ms max latency.
654 records sent, 130,7 records/sec (3,74 MB/sec), 7,6 ms avg latency, 39,0 ms max latency.
676 records sent, 135,0 records/sec (3,86 MB/sec), 7,4 ms avg latency, 12,0 ms max latency.
662 records sent, 132,3 records/sec (3,79 MB/sec), 7,5 ms avg latency, 148,0 ms max latency.
689 records sent, 137,7 records/sec (3,94 MB/sec), 7,2 ms avg latency, 11,0 ms max latency.
663 records sent, 132,5 records/sec (3,79 MB/sec), 7,5 ms avg latency, 30,0 ms max latency.
661 records sent, 132,2 records/sec (3,78 MB/sec), 7,5 ms avg latency, 41,0 ms max latency.
651 records sent, 130,1 records/sec (3,72 MB/sec), 7,7 ms avg latency, 33,0 ms max latency.
664 records sent, 132,6 records/sec (3,79 MB/sec), 7,5 ms avg latency, 247,0 ms max latency.
687 records sent, 137,3 records/sec (3,93 MB/sec), 7,3 ms avg latency, 13,0 ms max latency.
678 records sent, 135,4 records/sec (3,87 MB/sec), 7,4 ms avg latency, 36,0 ms max latency.
667 records sent, 133,4 records/sec (3,82 MB/sec), 7,5 ms avg latency, 13,0 ms max latency.
668 records sent, 133,5 records/sec (3,82 MB/sec), 7,5 ms avg latency, 29,0 ms max latency.
663 records sent, 132,5 records/sec (3,79 MB/sec), 7,5 ms avg latency, 91,0 ms max latency.
669 records sent, 133,6 records/sec (3,82 MB/sec), 7,5 ms avg latency, 23,0 ms max latency.
690 records sent, 137,8 records/sec (3,94 MB/sec), 7,2 ms avg latency, 12,0 ms max latency.
662 records sent, 132,4 records/sec (3,79 MB/sec), 7,5 ms avg latency, 11,0 ms max latency.
656 records sent, 131,1 records/sec (3,75 MB/sec), 7,6 ms avg latency, 11,0 ms max latency.
668 records sent, 133,5 records/sec (3,82 MB/sec), 7,5 ms avg latency, 31,0 ms max latency.
658 records sent, 131,4 records/sec (3,76 MB/sec), 7,6 ms avg latency, 49,0 ms max latency.
669 records sent, 133,6 records/sec (3,82 MB/sec), 7,5 ms avg latency, 32,0 ms max latency.
693 records sent, 138,5 records/sec (3,96 MB/sec), 7,2 ms avg latency, 27,0 ms max latency.
669 records sent, 133,7 records/sec (3,83 MB/sec), 7,5 ms avg latency, 12,0 ms max latency.
652 records sent, 130,3 records/sec (3,73 MB/sec), 7,7 ms avg latency, 71,0 ms max latency.
678 records sent, 135,5 records/sec (3,88 MB/sec), 7,4 ms avg latency, 17,0 ms max latency.
645 records sent, 128,8 records/sec (3,69 MB/sec), 7,8 ms avg latency, 223,0 ms max latency.
672 records sent, 134,2 records/sec (3,84 MB/sec), 7,4 ms avg latency, 22,0 ms max latency.
670 records sent, 134,0 records/sec (3,83 MB/sec), 7,4 ms avg latency, 14,0 ms max latency.
660 records sent, 132,0 records/sec (3,78 MB/sec), 7,6 ms avg latency, 33,0 ms max latency.
665 records sent, 132,9 records/sec (3,80 MB/sec), 7,5 ms avg latency, 12,0 ms max latency.
634 records sent, 126,7 records/sec (3,63 MB/sec), 7,9 ms avg latency, 286,0 ms max latency.
665 records sent, 133,0 records/sec (3,81 MB/sec), 7,5 ms avg latency, 85,0 ms max latency.
656 records sent, 131,1 records/sec (3,75 MB/sec), 7,6 ms avg latency, 31,0 ms max latency.
673 records sent, 134,6 records/sec (3,85 MB/sec), 7,4 ms avg latency, 55,0 ms max latency.
659 records sent, 131,7 records/sec (3,77 MB/sec), 7,6 ms avg latency, 34,0 ms max latency.
674 records sent, 134,6 records/sec (3,85 MB/sec), 7,4 ms avg latency, 15,0 ms max latency.
682 records sent, 136,4 records/sec (3,90 MB/sec), 7,3 ms avg latency, 14,0 ms max latency.
682 records sent, 136,2 records/sec (3,90 MB/sec), 7,3 ms avg latency, 30,0 ms max latency.
660 records sent, 131,9 records/sec (3,77 MB/sec), 7,6 ms avg latency, 28,0 ms max latency.
681 records sent, 136,1 records/sec (3,89 MB/sec), 7,3 ms avg latency, 11,0 ms max latency.
663 records sent, 132,5 records/sec (3,79 MB/sec), 7,5 ms avg latency, 15,0 ms max latency.
632 records sent, 126,3 records/sec (3,61 MB/sec), 7,9 ms avg latency, 172,0 ms max latency.
650 records sent, 129,9 records/sec (3,72 MB/sec), 7,7 ms avg latency, 32,0 ms max latency.
667 records sent, 133,3 records/sec (3,82 MB/sec), 7,5 ms avg latency, 11,0 ms max latency.
665 records sent, 132,9 records/sec (3,80 MB/sec), 7,5 ms avg latency, 11,0 ms max latency.
678 records sent, 135,5 records/sec (3,88 MB/sec), 7,4 ms avg latency, 38,0 ms max latency.
648 records sent, 129,6 records/sec (3,71 MB/sec), 7,7 ms avg latency, 27,0 ms max latency.
669 records sent, 133,7 records/sec (3,83 MB/sec), 7,5 ms avg latency, 16,0 ms max latency.
671 records sent, 134,2 records/sec (3,84 MB/sec), 7,4 ms avg latency, 36,0 ms max latency.
671 records sent, 134,1 records/sec (3,84 MB/sec), 7,4 ms avg latency, 25,0 ms max latency.
659 records sent, 131,8 records/sec (3,77 MB/sec), 7,6 ms avg latency, 11,0 ms max latency.
683 records sent, 136,4 records/sec (3,90 MB/sec), 7,3 ms avg latency, 32,0 ms max latency.
661 records sent, 132,1 records/sec (3,78 MB/sec), 7,5 ms avg latency, 28,0 ms max latency.
663 records sent, 132,5 records/sec (3,79 MB/sec), 7,5 ms avg latency, 12,0 ms max latency.
670 records sent, 133,9 records/sec (3,83 MB/sec), 7,5 ms avg latency, 11,0 ms max latency.
661 records sent, 132,0 records/sec (3,78 MB/sec), 7,6 ms avg latency, 34,0 ms max latency.
664 records sent, 132,8 records/sec (3,80 MB/sec), 7,5 ms avg latency, 16,0 ms max latency.
665 records sent, 132,8 records/sec (3,80 MB/sec), 7,5 ms avg latency, 11,0 ms max latency.
656 records sent, 131,2 records/sec (3,75 MB/sec), 7,6 ms avg latency, 41,0 ms max latency.
661 records sent, 132,2 records/sec (3,78 MB/sec), 7,6 ms avg latency, 11,0 ms max latency.
669 records sent, 133,7 records/sec (3,83 MB/sec), 7,5 ms avg latency, 36,0 ms max latency.
662 records sent, 132,2 records/sec (3,78 MB/sec), 7,5 ms avg latency, 32,0 ms max latency.
660 records sent, 131,9 records/sec (3,78 MB/sec), 7,6 ms avg latency, 24,0 ms max latency.
676 records sent, 135,2 records/sec (3,87 MB/sec), 7,4 ms avg latency, 13,0 ms max latency.
678 records sent, 135,4 records/sec (3,87 MB/sec), 7,4 ms avg latency, 14,0 ms max latency.
666 records sent, 133,2 records/sec (3,81 MB/sec), 7,5 ms avg latency, 17,0 ms max latency.
663 records sent, 132,5 records/sec (3,79 MB/sec), 7,5 ms avg latency, 11,0 ms max latency.
685 records sent, 137,0 records/sec (3,92 MB/sec), 7,3 ms avg latency, 29,0 ms max latency.
643 records sent, 128,5 records/sec (3,68 MB/sec), 7,8 ms avg latency, 99,0 ms max latency.
660 records sent, 132,0 records/sec (3,78 MB/sec), 7,6 ms avg latency, 48,0 ms max latency.
596 records sent, 119,2 records/sec (3,41 MB/sec), 8,4 ms avg latency, 387,0 ms max latency.
666 records sent, 133,1 records/sec (3,81 MB/sec), 7,5 ms avg latency, 24,0 ms max latency.
665 records sent, 133,0 records/sec (3,80 MB/sec), 7,5 ms avg latency, 25,0 ms max latency.
664 records sent, 132,7 records/sec (3,80 MB/sec), 7,5 ms avg latency, 12,0 ms max latency.
659 records sent, 131,7 records/sec (3,77 MB/sec), 7,6 ms avg latency, 32,0 ms max latency.
660 records sent, 131,9 records/sec (3,77 MB/sec), 7,6 ms avg latency, 24,0 ms max latency.
666 records sent, 133,2 records/sec (3,81 MB/sec), 7,5 ms avg latency, 45,0 ms max latency.
677 records sent, 135,3 records/sec (3,87 MB/sec), 7,4 ms avg latency, 19,0 ms max latency.
668 records sent, 133,5 records/sec (3,82 MB/sec), 7,5 ms avg latency, 11,0 ms max latency.
669 records sent, 133,7 records/sec (3,83 MB/sec), 7,5 ms avg latency, 13,0 ms max latency.
654 records sent, 130,6 records/sec (3,74 MB/sec), 7,6 ms avg latency, 31,0 ms max latency.
671 records sent, 134,1 records/sec (3,84 MB/sec), 7,4 ms avg latency, 12,0 ms max latency.
653 records sent, 130,5 records/sec (3,74 MB/sec), 7,6 ms avg latency, 86,0 ms max latency.
669 records sent, 133,6 records/sec (3,82 MB/sec), 7,5 ms avg latency, 31,0 ms max latency.
678 records sent, 135,5 records/sec (3,88 MB/sec), 7,4 ms avg latency, 26,0 ms max latency.
670 records sent, 133,9 records/sec (3,83 MB/sec), 7,5 ms avg latency, 12,0 ms max latency.
680 records sent, 136,0 records/sec (3,89 MB/sec), 7,3 ms avg latency, 12,0 ms max latency.
662 records sent, 132,4 records/sec (3,79 MB/sec), 7,5 ms avg latency, 14,0 ms max latency.
666 records sent, 133,2 records/sec (3,81 MB/sec), 7,5 ms avg latency, 55,0 ms max latency.
665 records sent, 132,8 records/sec (3,80 MB/sec), 7,5 ms avg latency, 18,0 ms max latency.
687 records sent, 137,3 records/sec (3,93 MB/sec), 7,3 ms avg latency, 14,0 ms max latency.
680 records sent, 136,0 records/sec (3,89 MB/sec), 7,3 ms avg latency, 14,0 ms max latency.
668 records sent, 133,5 records/sec (3,82 MB/sec), 7,5 ms avg latency, 26,0 ms max latency.
654 records sent, 130,7 records/sec (3,74 MB/sec), 7,6 ms avg latency, 26,0 ms max latency.
664 records sent, 132,8 records/sec (3,80 MB/sec), 7,5 ms avg latency, 11,0 ms max latency.
80000 records sent, 132,723909 records/sec (3,80 MB/sec), 7,52 ms avg latency, 573,00 ms max latency, 8 ms 50th, 10 ms 95th, 11 ms 99th, 25 ms 99.9th.

Metric Name                                                                          Value
app-info:commit-id:{client-id=producer-1}                                          : d4284cbebb6f0a4c
app-info:start-time-ms:{client-id=producer-1}                                      : 1591617512660
app-info:version:{client-id=producer-1}                                            : 2.3.1
kafka-metrics-count:count:{client-id=producer-1}                                   : 126,000
producer-metrics:batch-size-avg:{client-id=producer-1}                             : 30077,000
producer-metrics:batch-size-max:{client-id=producer-1}                             : 30077,000
producer-metrics:batch-split-rate:{client-id=producer-1}                           : 0,000
producer-metrics:batch-split-total:{client-id=producer-1}                          : 0,000
producer-metrics:buffer-available-bytes:{client-id=producer-1}                     : 33554432,000
producer-metrics:buffer-exhausted-rate:{client-id=producer-1}                      : 0,000
producer-metrics:buffer-exhausted-total:{client-id=producer-1}                     : 0,000
producer-metrics:buffer-total-bytes:{client-id=producer-1}                         : 33554432,000
producer-metrics:bufferpool-wait-ratio:{client-id=producer-1}                      : 0,000
producer-metrics:bufferpool-wait-time-total:{client-id=producer-1}                 : 0,000
producer-metrics:compression-rate-avg:{client-id=producer-1}                       : 1,000
producer-metrics:connection-close-rate:{client-id=producer-1}                      : 0,000
producer-metrics:connection-close-total:{client-id=producer-1}                     : 1,000
producer-metrics:connection-count:{client-id=producer-1}                           : 3,000
producer-metrics:connection-creation-rate:{client-id=producer-1}                   : 0,000
producer-metrics:connection-creation-total:{client-id=producer-1}                  : 4,000
producer-metrics:failed-authentication-rate:{client-id=producer-1}                 : 0,000
producer-metrics:failed-authentication-total:{client-id=producer-1}                : 0,000
producer-metrics:failed-reauthentication-rate:{client-id=producer-1}               : 0,000
producer-metrics:failed-reauthentication-total:{client-id=producer-1}              : 0,000
producer-metrics:incoming-byte-rate:{client-id=producer-1}                         : 8280,267
producer-metrics:incoming-byte-total:{client-id=producer-1}                        : 4962031,000
producer-metrics:io-ratio:{client-id=producer-1}                                   : 0,010
producer-metrics:io-time-ns-avg:{client-id=producer-1}                             : 25936,818
producer-metrics:io-wait-ratio:{client-id=producer-1}                              : 0,973
producer-metrics:io-wait-time-ns-avg:{client-id=producer-1}                        : 2431148,972
producer-metrics:io-waittime-total:{client-id=producer-1}                          : 585827781598,000
producer-metrics:iotime-total:{client-id=producer-1}                               : 6337163648,000
producer-metrics:metadata-age:{client-id=producer-1}                               : 62,561
producer-metrics:network-io-rate:{client-id=producer-1}                            : 267,075
producer-metrics:network-io-total:{client-id=producer-1}                           : 160014,000
producer-metrics:outgoing-byte-rate:{client-id=producer-1}                         : 4025657,338
producer-metrics:outgoing-byte-total:{client-id=producer-1}                        : 2411749115,000
producer-metrics:produce-throttle-time-avg:{client-id=producer-1}                  : 0,000
producer-metrics:produce-throttle-time-max:{client-id=producer-1}                  : 0,000
producer-metrics:reauthentication-latency-avg:{client-id=producer-1}               : NaN
producer-metrics:reauthentication-latency-max:{client-id=producer-1}               : NaN
producer-metrics:record-error-rate:{client-id=producer-1}                          : 0,000
producer-metrics:record-error-total:{client-id=producer-1}                         : 0,000
producer-metrics:record-queue-time-avg:{client-id=producer-1}                      : 0,029
producer-metrics:record-queue-time-max:{client-id=producer-1}                      : 1,000
producer-metrics:record-retry-rate:{client-id=producer-1}                          : 0,000
producer-metrics:record-retry-total:{client-id=producer-1}                         : 0,000
producer-metrics:record-send-rate:{client-id=producer-1}                           : 133,722
producer-metrics:record-send-total:{client-id=producer-1}                          : 80000,000
producer-metrics:record-size-avg:{client-id=producer-1}                            : 30092,000
producer-metrics:record-size-max:{client-id=producer-1}                            : 30092,000
producer-metrics:records-per-request-avg:{client-id=producer-1}                    : 1,000
producer-metrics:request-latency-avg:{client-id=producer-1}                        : 7,408
producer-metrics:request-latency-max:{client-id=producer-1}                        : 55,000
producer-metrics:request-rate:{client-id=producer-1}                               : 133,522
producer-metrics:request-size-avg:{client-id=producer-1}                           : 30147,000
producer-metrics:request-size-max:{client-id=producer-1}                           : 30147,000
producer-metrics:request-total:{client-id=producer-1}                              : 80007,000
producer-metrics:requests-in-flight:{client-id=producer-1}                         : 0,000
producer-metrics:response-rate:{client-id=producer-1}                              : 133,553
producer-metrics:response-total:{client-id=producer-1}                             : 80007,000
producer-metrics:select-rate:{client-id=producer-1}                                : 400,250
producer-metrics:select-total:{client-id=producer-1}                               : 239808,000
producer-metrics:successful-authentication-no-reauth-total:{client-id=producer-1}  : 0,000
producer-metrics:successful-authentication-rate:{client-id=producer-1}             : 0,000
producer-metrics:successful-authentication-total:{client-id=producer-1}            : 0,000
producer-metrics:successful-reauthentication-rate:{client-id=producer-1}           : 0,000
producer-metrics:successful-reauthentication-total:{client-id=producer-1}          : 0,000
producer-metrics:waiting-threads:{client-id=producer-1}                            : 0,000
producer-node-metrics:incoming-byte-rate:{client-id=producer-1, node-id=node--2}   : 0,000
producer-node-metrics:incoming-byte-rate:{client-id=producer-1, node-id=node-1}    : 2781,038
producer-node-metrics:incoming-byte-rate:{client-id=producer-1, node-id=node-3}    : 2732,835
producer-node-metrics:incoming-byte-rate:{client-id=producer-1, node-id=node-6}    : 2774,380
producer-node-metrics:incoming-byte-total:{client-id=producer-1, node-id=node--2}  : 579,000
producer-node-metrics:incoming-byte-total:{client-id=producer-1, node-id=node-1}   : 1659947,000
producer-node-metrics:incoming-byte-total:{client-id=producer-1, node-id=node-3}   : 1646431,000
producer-node-metrics:incoming-byte-total:{client-id=producer-1, node-id=node-6}   : 1655074,000
producer-node-metrics:outgoing-byte-rate:{client-id=producer-1, node-id=node--2}   : 0,000
producer-node-metrics:outgoing-byte-rate:{client-id=producer-1, node-id=node-1}    : 1351921,219
producer-node-metrics:outgoing-byte-rate:{client-id=producer-1, node-id=node-3}    : 1328613,215
producer-node-metrics:outgoing-byte-rate:{client-id=producer-1, node-id=node-6}    : 1348935,138
producer-node-metrics:outgoing-byte-total:{client-id=producer-1, node-id=node--2}  : 67,000
producer-node-metrics:outgoing-byte-total:{client-id=producer-1, node-id=node-1}   : 806850556,000
producer-node-metrics:outgoing-byte-total:{client-id=producer-1, node-id=node-3}   : 800278732,000
producer-node-metrics:outgoing-byte-total:{client-id=producer-1, node-id=node-6}   : 804619760,000
producer-node-metrics:request-latency-avg:{client-id=producer-1, node-id=node--2}  : NaN
producer-node-metrics:request-latency-avg:{client-id=producer-1, node-id=node-1}   : 8,589
producer-node-metrics:request-latency-avg:{client-id=producer-1, node-id=node-3}   : 8,520
producer-node-metrics:request-latency-avg:{client-id=producer-1, node-id=node-6}   : 5,089
producer-node-metrics:request-latency-max:{client-id=producer-1, node-id=node--2}  : NaN
producer-node-metrics:request-latency-max:{client-id=producer-1, node-id=node-1}   : 26,000
producer-node-metrics:request-latency-max:{client-id=producer-1, node-id=node-3}   : 26,000
producer-node-metrics:request-latency-max:{client-id=producer-1, node-id=node-6}   : 9,000
producer-node-metrics:request-rate:{client-id=producer-1, node-id=node--2}         : 0,000
producer-node-metrics:request-rate:{client-id=producer-1, node-id=node-1}          : 44,843
producer-node-metrics:request-rate:{client-id=producer-1, node-id=node-3}          : 44,068
producer-node-metrics:request-rate:{client-id=producer-1, node-id=node-6}          : 44,742
producer-node-metrics:request-size-avg:{client-id=producer-1, node-id=node--2}     : NaN
producer-node-metrics:request-size-avg:{client-id=producer-1, node-id=node-1}      : 30147,000
producer-node-metrics:request-size-avg:{client-id=producer-1, node-id=node-3}      : 30147,000
producer-node-metrics:request-size-avg:{client-id=producer-1, node-id=node-6}      : 30147,000
producer-node-metrics:request-size-max:{client-id=producer-1, node-id=node--2}     : NaN
producer-node-metrics:request-size-max:{client-id=producer-1, node-id=node-1}      : 30147,000
producer-node-metrics:request-size-max:{client-id=producer-1, node-id=node-3}      : 30147,000
producer-node-metrics:request-size-max:{client-id=producer-1, node-id=node-6}      : 30147,000
producer-node-metrics:request-total:{client-id=producer-1, node-id=node--2}        : 2,000
producer-node-metrics:request-total:{client-id=producer-1, node-id=node-1}         : 26766,000
producer-node-metrics:request-total:{client-id=producer-1, node-id=node-3}         : 26548,000
producer-node-metrics:request-total:{client-id=producer-1, node-id=node-6}         : 26691,000
producer-node-metrics:response-rate:{client-id=producer-1, node-id=node--2}        : 0,000
producer-node-metrics:response-rate:{client-id=producer-1, node-id=node-1}         : 44,855
producer-node-metrics:response-rate:{client-id=producer-1, node-id=node-3}         : 44,078
producer-node-metrics:response-rate:{client-id=producer-1, node-id=node-6}         : 44,748
producer-node-metrics:response-total:{client-id=producer-1, node-id=node--2}       : 2,000
producer-node-metrics:response-total:{client-id=producer-1, node-id=node-1}        : 26766,000
producer-node-metrics:response-total:{client-id=producer-1, node-id=node-3}        : 26548,000
producer-node-metrics:response-total:{client-id=producer-1, node-id=node-6}        : 26691,000
producer-topic-metrics:byte-rate:{client-id=producer-1, topic=test-topic}          : 4021951,377
producer-topic-metrics:byte-total:{client-id=producer-1, topic=test-topic}         : 2406148890,000
producer-topic-metrics:compression-rate:{client-id=producer-1, topic=test-topic}   : 1,000
producer-topic-metrics:record-error-rate:{client-id=producer-1, topic=test-topic}  : 0,000
producer-topic-metrics:record-error-total:{client-id=producer-1, topic=test-topic} : 0,000
producer-topic-metrics:record-retry-rate:{client-id=producer-1, topic=test-topic}  : 0,000
producer-topic-metrics:record-retry-total:{client-id=producer-1, topic=test-topic} : 0,000
producer-topic-metrics:record-send-rate:{client-id=producer-1, topic=test-topic}   : 133,722
producer-topic-metrics:record-send-total:{client-id=producer-1, topic=test-topic}  : 80000,000
Produce Time: 602.754
Aplication time: 603.731
