Topic to send: test-topic
Topic to acks: 1
Records: 80000
Size:30000
606 records sent, 121,1 records/sec (3,46 MB/sec), 8,2 ms avg latency, 265,0 ms max latency.
671 records sent, 134,1 records/sec (3,84 MB/sec), 7,4 ms avg latency, 13,0 ms max latency.
660 records sent, 131,9 records/sec (3,77 MB/sec), 7,5 ms avg latency, 50,0 ms max latency.
666 records sent, 133,2 records/sec (3,81 MB/sec), 7,5 ms avg latency, 26,0 ms max latency.
683 records sent, 136,5 records/sec (3,91 MB/sec), 7,3 ms avg latency, 33,0 ms max latency.
671 records sent, 134,0 records/sec (3,83 MB/sec), 7,4 ms avg latency, 25,0 ms max latency.
684 records sent, 136,7 records/sec (3,91 MB/sec), 7,3 ms avg latency, 11,0 ms max latency.
683 records sent, 136,5 records/sec (3,91 MB/sec), 7,3 ms avg latency, 15,0 ms max latency.
674 records sent, 134,7 records/sec (3,85 MB/sec), 7,4 ms avg latency, 54,0 ms max latency.
679 records sent, 135,7 records/sec (3,88 MB/sec), 7,4 ms avg latency, 24,0 ms max latency.
681 records sent, 136,1 records/sec (3,89 MB/sec), 7,3 ms avg latency, 75,0 ms max latency.
680 records sent, 135,9 records/sec (3,89 MB/sec), 7,3 ms avg latency, 35,0 ms max latency.
680 records sent, 135,8 records/sec (3,89 MB/sec), 7,3 ms avg latency, 25,0 ms max latency.
690 records sent, 137,9 records/sec (3,95 MB/sec), 7,2 ms avg latency, 13,0 ms max latency.
683 records sent, 136,5 records/sec (3,90 MB/sec), 7,3 ms avg latency, 19,0 ms max latency.
677 records sent, 135,3 records/sec (3,87 MB/sec), 7,4 ms avg latency, 75,0 ms max latency.
691 records sent, 138,0 records/sec (3,95 MB/sec), 7,2 ms avg latency, 11,0 ms max latency.
689 records sent, 137,7 records/sec (3,94 MB/sec), 7,3 ms avg latency, 29,0 ms max latency.
692 records sent, 138,4 records/sec (3,96 MB/sec), 7,2 ms avg latency, 24,0 ms max latency.
674 records sent, 134,6 records/sec (3,85 MB/sec), 7,4 ms avg latency, 27,0 ms max latency.
679 records sent, 135,6 records/sec (3,88 MB/sec), 7,4 ms avg latency, 11,0 ms max latency.
670 records sent, 133,9 records/sec (3,83 MB/sec), 7,4 ms avg latency, 31,0 ms max latency.
677 records sent, 135,2 records/sec (3,87 MB/sec), 7,4 ms avg latency, 29,0 ms max latency.
688 records sent, 137,4 records/sec (3,93 MB/sec), 7,3 ms avg latency, 26,0 ms max latency.
680 records sent, 135,9 records/sec (3,89 MB/sec), 7,3 ms avg latency, 15,0 ms max latency.
680 records sent, 135,9 records/sec (3,89 MB/sec), 7,4 ms avg latency, 22,0 ms max latency.
693 records sent, 138,5 records/sec (3,96 MB/sec), 7,2 ms avg latency, 14,0 ms max latency.
691 records sent, 138,0 records/sec (3,95 MB/sec), 7,2 ms avg latency, 11,0 ms max latency.
670 records sent, 133,9 records/sec (3,83 MB/sec), 7,5 ms avg latency, 28,0 ms max latency.
672 records sent, 134,4 records/sec (3,84 MB/sec), 7,4 ms avg latency, 21,0 ms max latency.
672 records sent, 134,4 records/sec (3,85 MB/sec), 7,4 ms avg latency, 20,0 ms max latency.
639 records sent, 127,6 records/sec (3,65 MB/sec), 7,8 ms avg latency, 339,0 ms max latency.
614 records sent, 122,7 records/sec (3,51 MB/sec), 8,1 ms avg latency, 535,0 ms max latency.
691 records sent, 138,1 records/sec (3,95 MB/sec), 7,2 ms avg latency, 11,0 ms max latency.
680 records sent, 135,9 records/sec (3,89 MB/sec), 7,3 ms avg latency, 31,0 ms max latency.
677 records sent, 135,3 records/sec (3,87 MB/sec), 7,4 ms avg latency, 28,0 ms max latency.
672 records sent, 134,3 records/sec (3,84 MB/sec), 7,4 ms avg latency, 33,0 ms max latency.
667 records sent, 133,4 records/sec (3,82 MB/sec), 7,5 ms avg latency, 39,0 ms max latency.
678 records sent, 135,6 records/sec (3,88 MB/sec), 7,4 ms avg latency, 35,0 ms max latency.
692 records sent, 138,3 records/sec (3,96 MB/sec), 7,2 ms avg latency, 19,0 ms max latency.
677 records sent, 135,3 records/sec (3,87 MB/sec), 7,4 ms avg latency, 25,0 ms max latency.
678 records sent, 135,4 records/sec (3,87 MB/sec), 7,4 ms avg latency, 11,0 ms max latency.
676 records sent, 135,1 records/sec (3,86 MB/sec), 7,4 ms avg latency, 45,0 ms max latency.
689 records sent, 137,7 records/sec (3,94 MB/sec), 7,2 ms avg latency, 11,0 ms max latency.
687 records sent, 137,2 records/sec (3,93 MB/sec), 7,3 ms avg latency, 11,0 ms max latency.
694 records sent, 138,7 records/sec (3,97 MB/sec), 7,2 ms avg latency, 26,0 ms max latency.
686 records sent, 137,1 records/sec (3,92 MB/sec), 7,3 ms avg latency, 29,0 ms max latency.
687 records sent, 137,2 records/sec (3,93 MB/sec), 7,3 ms avg latency, 41,0 ms max latency.
686 records sent, 137,1 records/sec (3,92 MB/sec), 7,3 ms avg latency, 13,0 ms max latency.
691 records sent, 138,2 records/sec (3,95 MB/sec), 7,2 ms avg latency, 29,0 ms max latency.
684 records sent, 136,7 records/sec (3,91 MB/sec), 7,3 ms avg latency, 20,0 ms max latency.
670 records sent, 133,9 records/sec (3,83 MB/sec), 7,5 ms avg latency, 24,0 ms max latency.
669 records sent, 133,7 records/sec (3,83 MB/sec), 7,5 ms avg latency, 27,0 ms max latency.
682 records sent, 136,4 records/sec (3,90 MB/sec), 7,3 ms avg latency, 24,0 ms max latency.
681 records sent, 136,2 records/sec (3,90 MB/sec), 7,3 ms avg latency, 19,0 ms max latency.
672 records sent, 134,2 records/sec (3,84 MB/sec), 7,4 ms avg latency, 30,0 ms max latency.
689 records sent, 137,6 records/sec (3,94 MB/sec), 7,3 ms avg latency, 38,0 ms max latency.
664 records sent, 132,7 records/sec (3,80 MB/sec), 7,5 ms avg latency, 220,0 ms max latency.
700 records sent, 139,9 records/sec (4,00 MB/sec), 7,1 ms avg latency, 33,0 ms max latency.
683 records sent, 136,6 records/sec (3,91 MB/sec), 7,3 ms avg latency, 21,0 ms max latency.
693 records sent, 138,5 records/sec (3,96 MB/sec), 7,2 ms avg latency, 11,0 ms max latency.
684 records sent, 136,7 records/sec (3,91 MB/sec), 7,3 ms avg latency, 36,0 ms max latency.
644 records sent, 128,7 records/sec (3,68 MB/sec), 7,7 ms avg latency, 405,0 ms max latency.
703 records sent, 140,5 records/sec (4,02 MB/sec), 7,1 ms avg latency, 11,0 ms max latency.
689 records sent, 137,8 records/sec (3,94 MB/sec), 7,2 ms avg latency, 24,0 ms max latency.
670 records sent, 134,0 records/sec (3,83 MB/sec), 7,4 ms avg latency, 40,0 ms max latency.
676 records sent, 135,1 records/sec (3,87 MB/sec), 7,4 ms avg latency, 18,0 ms max latency.
687 records sent, 137,4 records/sec (3,93 MB/sec), 7,2 ms avg latency, 11,0 ms max latency.
685 records sent, 136,9 records/sec (3,92 MB/sec), 7,3 ms avg latency, 11,0 ms max latency.
680 records sent, 136,0 records/sec (3,89 MB/sec), 7,3 ms avg latency, 26,0 ms max latency.
679 records sent, 135,7 records/sec (3,88 MB/sec), 7,4 ms avg latency, 27,0 ms max latency.
693 records sent, 138,5 records/sec (3,96 MB/sec), 7,2 ms avg latency, 11,0 ms max latency.
684 records sent, 136,7 records/sec (3,91 MB/sec), 7,3 ms avg latency, 29,0 ms max latency.
677 records sent, 135,4 records/sec (3,87 MB/sec), 7,4 ms avg latency, 11,0 ms max latency.
680 records sent, 135,9 records/sec (3,89 MB/sec), 7,3 ms avg latency, 11,0 ms max latency.
683 records sent, 136,4 records/sec (3,90 MB/sec), 7,3 ms avg latency, 26,0 ms max latency.
660 records sent, 132,0 records/sec (3,78 MB/sec), 7,6 ms avg latency, 234,0 ms max latency.
699 records sent, 139,8 records/sec (4,00 MB/sec), 7,1 ms avg latency, 11,0 ms max latency.
685 records sent, 137,0 records/sec (3,92 MB/sec), 7,3 ms avg latency, 21,0 ms max latency.
687 records sent, 137,4 records/sec (3,93 MB/sec), 7,3 ms avg latency, 31,0 ms max latency.
690 records sent, 137,9 records/sec (3,95 MB/sec), 7,2 ms avg latency, 11,0 ms max latency.
684 records sent, 136,7 records/sec (3,91 MB/sec), 7,3 ms avg latency, 11,0 ms max latency.
677 records sent, 135,4 records/sec (3,87 MB/sec), 7,4 ms avg latency, 28,0 ms max latency.
666 records sent, 133,2 records/sec (3,81 MB/sec), 7,5 ms avg latency, 29,0 ms max latency.
675 records sent, 134,9 records/sec (3,86 MB/sec), 7,4 ms avg latency, 29,0 ms max latency.
673 records sent, 134,5 records/sec (3,85 MB/sec), 7,4 ms avg latency, 27,0 ms max latency.
664 records sent, 132,8 records/sec (3,80 MB/sec), 7,5 ms avg latency, 13,0 ms max latency.
678 records sent, 135,5 records/sec (3,88 MB/sec), 7,4 ms avg latency, 11,0 ms max latency.
665 records sent, 132,9 records/sec (3,80 MB/sec), 7,5 ms avg latency, 12,0 ms max latency.
660 records sent, 132,0 records/sec (3,78 MB/sec), 7,6 ms avg latency, 28,0 ms max latency.
673 records sent, 134,4 records/sec (3,85 MB/sec), 7,4 ms avg latency, 27,0 ms max latency.
677 records sent, 135,4 records/sec (3,87 MB/sec), 7,4 ms avg latency, 11,0 ms max latency.
674 records sent, 134,7 records/sec (3,85 MB/sec), 7,4 ms avg latency, 27,0 ms max latency.
666 records sent, 133,2 records/sec (3,81 MB/sec), 7,5 ms avg latency, 32,0 ms max latency.
678 records sent, 135,5 records/sec (3,88 MB/sec), 7,4 ms avg latency, 27,0 ms max latency.
665 records sent, 133,0 records/sec (3,81 MB/sec), 7,5 ms avg latency, 19,0 ms max latency.
662 records sent, 132,3 records/sec (3,79 MB/sec), 7,5 ms avg latency, 30,0 ms max latency.
670 records sent, 133,9 records/sec (3,83 MB/sec), 7,4 ms avg latency, 11,0 ms max latency.
656 records sent, 131,1 records/sec (3,75 MB/sec), 7,6 ms avg latency, 30,0 ms max latency.
659 records sent, 131,6 records/sec (3,77 MB/sec), 7,6 ms avg latency, 18,0 ms max latency.
647 records sent, 129,4 records/sec (3,70 MB/sec), 7,7 ms avg latency, 82,0 ms max latency.
666 records sent, 133,1 records/sec (3,81 MB/sec), 7,5 ms avg latency, 11,0 ms max latency.
660 records sent, 131,9 records/sec (3,77 MB/sec), 7,6 ms avg latency, 34,0 ms max latency.
665 records sent, 132,8 records/sec (3,80 MB/sec), 7,5 ms avg latency, 27,0 ms max latency.
670 records sent, 133,9 records/sec (3,83 MB/sec), 7,4 ms avg latency, 30,0 ms max latency.
671 records sent, 134,0 records/sec (3,83 MB/sec), 7,4 ms avg latency, 31,0 ms max latency.
677 records sent, 135,3 records/sec (3,87 MB/sec), 7,4 ms avg latency, 11,0 ms max latency.
669 records sent, 133,7 records/sec (3,82 MB/sec), 7,5 ms avg latency, 26,0 ms max latency.
664 records sent, 132,7 records/sec (3,80 MB/sec), 7,5 ms avg latency, 26,0 ms max latency.
666 records sent, 133,1 records/sec (3,81 MB/sec), 7,5 ms avg latency, 36,0 ms max latency.
677 records sent, 135,2 records/sec (3,87 MB/sec), 7,4 ms avg latency, 11,0 ms max latency.
668 records sent, 133,5 records/sec (3,82 MB/sec), 7,5 ms avg latency, 28,0 ms max latency.
668 records sent, 133,5 records/sec (3,82 MB/sec), 7,5 ms avg latency, 11,0 ms max latency.
680 records sent, 135,9 records/sec (3,89 MB/sec), 7,3 ms avg latency, 25,0 ms max latency.
669 records sent, 133,6 records/sec (3,82 MB/sec), 7,5 ms avg latency, 27,0 ms max latency.
674 records sent, 134,7 records/sec (3,85 MB/sec), 7,4 ms avg latency, 11,0 ms max latency.
680 records sent, 135,9 records/sec (3,89 MB/sec), 7,4 ms avg latency, 11,0 ms max latency.
674 records sent, 134,7 records/sec (3,86 MB/sec), 7,4 ms avg latency, 32,0 ms max latency.
80000 records sent, 135,016767 records/sec (3,86 MB/sec), 7,39 ms avg latency, 535,00 ms max latency, 7 ms 50th, 10 ms 95th, 11 ms 99th, 25 ms 99.9th.

Metric Name                                                                          Value
app-info:commit-id:{client-id=producer-1}                                          : d4284cbebb6f0a4c
app-info:start-time-ms:{client-id=producer-1}                                      : 1590145535651
app-info:version:{client-id=producer-1}                                            : 2.3.1
kafka-metrics-count:count:{client-id=producer-1}                                   : 126,000
producer-metrics:batch-size-avg:{client-id=producer-1}                             : 30077,000
producer-metrics:batch-size-max:{client-id=producer-1}                             : 30077,000
producer-metrics:batch-split-rate:{client-id=producer-1}                           : 0,000
producer-metrics:batch-split-total:{client-id=producer-1}                          : 0,000
producer-metrics:buffer-available-bytes:{client-id=producer-1}                     : 33554432,000
producer-metrics:buffer-exhausted-rate:{client-id=producer-1}                      : 0,000
producer-metrics:buffer-exhausted-total:{client-id=producer-1}                     : 0,000
producer-metrics:buffer-total-bytes:{client-id=producer-1}                         : 33554432,000
producer-metrics:bufferpool-wait-ratio:{client-id=producer-1}                      : 0,000
producer-metrics:bufferpool-wait-time-total:{client-id=producer-1}                 : 0,000
producer-metrics:compression-rate-avg:{client-id=producer-1}                       : 1,000
producer-metrics:connection-close-rate:{client-id=producer-1}                      : 0,019
producer-metrics:connection-close-total:{client-id=producer-1}                     : 1,000
producer-metrics:connection-count:{client-id=producer-1}                           : 3,000
producer-metrics:connection-creation-rate:{client-id=producer-1}                   : 0,000
producer-metrics:connection-creation-total:{client-id=producer-1}                  : 4,000
producer-metrics:failed-authentication-rate:{client-id=producer-1}                 : 0,000
producer-metrics:failed-authentication-total:{client-id=producer-1}                : 0,000
producer-metrics:failed-reauthentication-rate:{client-id=producer-1}               : 0,000
producer-metrics:failed-reauthentication-total:{client-id=producer-1}              : 0,000
producer-metrics:incoming-byte-rate:{client-id=producer-1}                         : 8314,167
producer-metrics:incoming-byte-total:{client-id=producer-1}                        : 4962031,000
producer-metrics:io-ratio:{client-id=producer-1}                                   : 0,010
producer-metrics:io-time-ns-avg:{client-id=producer-1}                             : 25651,851
producer-metrics:io-wait-ratio:{client-id=producer-1}                              : 0,973
producer-metrics:io-wait-time-ns-avg:{client-id=producer-1}                        : 2419332,067
producer-metrics:io-waittime-total:{client-id=producer-1}                          : 575686710197,000
producer-metrics:iotime-total:{client-id=producer-1}                               : 6330996067,000
producer-metrics:metadata-age:{client-id=producer-1}                               : 52,353
producer-metrics:network-io-rate:{client-id=producer-1}                            : 268,167
producer-metrics:network-io-total:{client-id=producer-1}                           : 160014,000
producer-metrics:outgoing-byte-rate:{client-id=producer-1}                         : 4042232,969
producer-metrics:outgoing-byte-total:{client-id=producer-1}                        : 2411749115,000
producer-metrics:produce-throttle-time-avg:{client-id=producer-1}                  : 0,000
producer-metrics:produce-throttle-time-max:{client-id=producer-1}                  : 0,000
producer-metrics:reauthentication-latency-avg:{client-id=producer-1}               : NaN
producer-metrics:reauthentication-latency-max:{client-id=producer-1}               : NaN
producer-metrics:record-error-rate:{client-id=producer-1}                          : 0,000
producer-metrics:record-error-total:{client-id=producer-1}                         : 0,000
producer-metrics:record-queue-time-avg:{client-id=producer-1}                      : 0,031
producer-metrics:record-queue-time-max:{client-id=producer-1}                      : 1,000
producer-metrics:record-retry-rate:{client-id=producer-1}                          : 0,000
producer-metrics:record-retry-total:{client-id=producer-1}                         : 0,000
producer-metrics:record-send-rate:{client-id=producer-1}                           : 134,073
producer-metrics:record-send-total:{client-id=producer-1}                          : 80000,000
producer-metrics:record-size-avg:{client-id=producer-1}                            : 30092,000
producer-metrics:record-size-max:{client-id=producer-1}                            : 30092,000
producer-metrics:records-per-request-avg:{client-id=producer-1}                    : 1,000
producer-metrics:request-latency-avg:{client-id=producer-1}                        : 7,366
producer-metrics:request-latency-max:{client-id=producer-1}                        : 36,000
producer-metrics:request-rate:{client-id=producer-1}                               : 134,076
producer-metrics:request-size-avg:{client-id=producer-1}                           : 30147,000
producer-metrics:request-size-max:{client-id=producer-1}                           : 30147,000
producer-metrics:request-total:{client-id=producer-1}                              : 80007,000
producer-metrics:requests-in-flight:{client-id=producer-1}                         : 0,000
producer-metrics:response-rate:{client-id=producer-1}                              : 134,099
producer-metrics:response-total:{client-id=producer-1}                             : 80007,000
producer-metrics:select-rate:{client-id=producer-1}                                : 402,052
producer-metrics:select-total:{client-id=producer-1}                               : 239873,000
producer-metrics:successful-authentication-no-reauth-total:{client-id=producer-1}  : 0,000
producer-metrics:successful-authentication-rate:{client-id=producer-1}             : 0,000
producer-metrics:successful-authentication-total:{client-id=producer-1}            : 0,000
producer-metrics:successful-reauthentication-rate:{client-id=producer-1}           : 0,000
producer-metrics:successful-reauthentication-total:{client-id=producer-1}          : 0,000
producer-metrics:waiting-threads:{client-id=producer-1}                            : 0,000
producer-node-metrics:incoming-byte-rate:{client-id=producer-1, node-id=node--1}   : 0,000
producer-node-metrics:incoming-byte-rate:{client-id=producer-1, node-id=node-1}    : 2792,975
producer-node-metrics:incoming-byte-rate:{client-id=producer-1, node-id=node-3}    : 2749,697
producer-node-metrics:incoming-byte-rate:{client-id=producer-1, node-id=node-6}    : 2773,706
producer-node-metrics:incoming-byte-total:{client-id=producer-1, node-id=node--1}  : 579,000
producer-node-metrics:incoming-byte-total:{client-id=producer-1, node-id=node-1}   : 1659662,000
producer-node-metrics:incoming-byte-total:{client-id=producer-1, node-id=node-3}   : 1646146,000
producer-node-metrics:incoming-byte-total:{client-id=producer-1, node-id=node-6}   : 1655644,000
producer-node-metrics:outgoing-byte-rate:{client-id=producer-1, node-id=node--1}   : 0,000
producer-node-metrics:outgoing-byte-rate:{client-id=producer-1, node-id=node-1}    : 1357931,184
producer-node-metrics:outgoing-byte-rate:{client-id=producer-1, node-id=node-3}    : 1336889,357
producer-node-metrics:outgoing-byte-rate:{client-id=producer-1, node-id=node-6}    : 1348684,641
producer-node-metrics:outgoing-byte-total:{client-id=producer-1, node-id=node--1}  : 67,000
producer-node-metrics:outgoing-byte-total:{client-id=producer-1, node-id=node-1}   : 806850513,000
producer-node-metrics:outgoing-byte-total:{client-id=producer-1, node-id=node-3}   : 800278689,000
producer-node-metrics:outgoing-byte-total:{client-id=producer-1, node-id=node-6}   : 804619846,000
producer-node-metrics:request-latency-avg:{client-id=producer-1, node-id=node--1}  : NaN
producer-node-metrics:request-latency-avg:{client-id=producer-1, node-id=node-1}   : 6,807
producer-node-metrics:request-latency-avg:{client-id=producer-1, node-id=node-3}   : 8,431
producer-node-metrics:request-latency-avg:{client-id=producer-1, node-id=node-6}   : 6,878
producer-node-metrics:request-latency-max:{client-id=producer-1, node-id=node--1}  : NaN
producer-node-metrics:request-latency-max:{client-id=producer-1, node-id=node-1}   : 36,000
producer-node-metrics:request-latency-max:{client-id=producer-1, node-id=node-3}   : 28,000
producer-node-metrics:request-latency-max:{client-id=producer-1, node-id=node-6}   : 28,000
producer-node-metrics:request-rate:{client-id=producer-1, node-id=node--1}         : 0,000
producer-node-metrics:request-rate:{client-id=producer-1, node-id=node-1}          : 45,043
producer-node-metrics:request-rate:{client-id=producer-1, node-id=node-3}          : 44,344
producer-node-metrics:request-rate:{client-id=producer-1, node-id=node-6}          : 44,735
producer-node-metrics:request-size-avg:{client-id=producer-1, node-id=node--1}     : NaN
producer-node-metrics:request-size-avg:{client-id=producer-1, node-id=node-1}      : 30147,000
producer-node-metrics:request-size-avg:{client-id=producer-1, node-id=node-3}      : 30147,000
producer-node-metrics:request-size-avg:{client-id=producer-1, node-id=node-6}      : 30147,000
producer-node-metrics:request-size-max:{client-id=producer-1, node-id=node--1}     : NaN
producer-node-metrics:request-size-max:{client-id=producer-1, node-id=node-1}      : 30147,000
producer-node-metrics:request-size-max:{client-id=producer-1, node-id=node-3}      : 30147,000
producer-node-metrics:request-size-max:{client-id=producer-1, node-id=node-6}      : 30147,000
producer-node-metrics:request-total:{client-id=producer-1, node-id=node--1}        : 2,000
producer-node-metrics:request-total:{client-id=producer-1, node-id=node-1}         : 26765,000
producer-node-metrics:request-total:{client-id=producer-1, node-id=node-3}         : 26547,000
producer-node-metrics:request-total:{client-id=producer-1, node-id=node-6}         : 26693,000
producer-node-metrics:response-rate:{client-id=producer-1, node-id=node--1}        : 0,000
producer-node-metrics:response-rate:{client-id=producer-1, node-id=node-1}         : 45,048
producer-node-metrics:response-rate:{client-id=producer-1, node-id=node-3}         : 44,350
producer-node-metrics:response-rate:{client-id=producer-1, node-id=node-6}         : 44,737
producer-node-metrics:response-total:{client-id=producer-1, node-id=node--1}       : 2,000
producer-node-metrics:response-total:{client-id=producer-1, node-id=node-1}        : 26765,000
producer-node-metrics:response-total:{client-id=producer-1, node-id=node-3}        : 26547,000
producer-node-metrics:response-total:{client-id=producer-1, node-id=node-6}        : 26693,000
producer-topic-metrics:byte-rate:{client-id=producer-1, topic=test-topic}          : 4032445,308
producer-topic-metrics:byte-total:{client-id=producer-1, topic=test-topic}         : 2406148890,000
producer-topic-metrics:compression-rate:{client-id=producer-1, topic=test-topic}   : 1,000
producer-topic-metrics:record-error-rate:{client-id=producer-1, topic=test-topic}  : 0,000
producer-topic-metrics:record-error-total:{client-id=producer-1, topic=test-topic} : 0,000
producer-topic-metrics:record-retry-rate:{client-id=producer-1, topic=test-topic}  : 0,000
producer-topic-metrics:record-retry-total:{client-id=producer-1, topic=test-topic} : 0,000
producer-topic-metrics:record-send-rate:{client-id=producer-1, topic=test-topic}   : 134,073
producer-topic-metrics:record-send-total:{client-id=producer-1, topic=test-topic}  : 80000,000
Produce Time: 592.519
Aplication time: 593.502
