Topic to send: test-topic
Topic to acks: 1
Records: 80000
Size:30000
543 records sent, 108,5 records/sec (3,10 MB/sec), 9,2 ms avg latency, 285,0 ms max latency.
614 records sent, 122,8 records/sec (3,51 MB/sec), 8,1 ms avg latency, 37,0 ms max latency.
621 records sent, 124,2 records/sec (3,55 MB/sec), 8,0 ms avg latency, 38,0 ms max latency.
619 records sent, 123,8 records/sec (3,54 MB/sec), 8,1 ms avg latency, 19,0 ms max latency.
628 records sent, 125,5 records/sec (3,59 MB/sec), 7,9 ms avg latency, 13,0 ms max latency.
614 records sent, 122,7 records/sec (3,51 MB/sec), 8,1 ms avg latency, 162,0 ms max latency.
641 records sent, 128,2 records/sec (3,67 MB/sec), 7,8 ms avg latency, 49,0 ms max latency.
633 records sent, 126,5 records/sec (3,62 MB/sec), 7,9 ms avg latency, 12,0 ms max latency.
635 records sent, 127,0 records/sec (3,63 MB/sec), 7,8 ms avg latency, 20,0 ms max latency.
657 records sent, 131,2 records/sec (3,75 MB/sec), 7,6 ms avg latency, 11,0 ms max latency.
636 records sent, 127,2 records/sec (3,64 MB/sec), 7,8 ms avg latency, 35,0 ms max latency.
658 records sent, 131,5 records/sec (3,76 MB/sec), 7,6 ms avg latency, 12,0 ms max latency.
581 records sent, 116,0 records/sec (3,32 MB/sec), 8,6 ms avg latency, 641,0 ms max latency.
632 records sent, 126,3 records/sec (3,61 MB/sec), 7,9 ms avg latency, 17,0 ms max latency.
630 records sent, 125,9 records/sec (3,60 MB/sec), 7,9 ms avg latency, 36,0 ms max latency.
649 records sent, 129,7 records/sec (3,71 MB/sec), 7,7 ms avg latency, 18,0 ms max latency.
659 records sent, 131,6 records/sec (3,77 MB/sec), 7,6 ms avg latency, 29,0 ms max latency.
639 records sent, 127,7 records/sec (3,65 MB/sec), 7,8 ms avg latency, 35,0 ms max latency.
636 records sent, 127,0 records/sec (3,63 MB/sec), 7,8 ms avg latency, 28,0 ms max latency.
643 records sent, 128,5 records/sec (3,68 MB/sec), 7,8 ms avg latency, 34,0 ms max latency.
647 records sent, 129,3 records/sec (3,70 MB/sec), 7,7 ms avg latency, 18,0 ms max latency.
638 records sent, 127,6 records/sec (3,65 MB/sec), 7,8 ms avg latency, 25,0 ms max latency.
657 records sent, 131,3 records/sec (3,76 MB/sec), 7,6 ms avg latency, 37,0 ms max latency.
648 records sent, 129,4 records/sec (3,70 MB/sec), 7,7 ms avg latency, 23,0 ms max latency.
627 records sent, 125,3 records/sec (3,58 MB/sec), 8,0 ms avg latency, 50,0 ms max latency.
644 records sent, 128,7 records/sec (3,68 MB/sec), 7,8 ms avg latency, 15,0 ms max latency.
614 records sent, 122,7 records/sec (3,51 MB/sec), 8,1 ms avg latency, 71,0 ms max latency.
640 records sent, 127,8 records/sec (3,66 MB/sec), 7,8 ms avg latency, 32,0 ms max latency.
628 records sent, 125,4 records/sec (3,59 MB/sec), 8,0 ms avg latency, 19,0 ms max latency.
628 records sent, 125,6 records/sec (3,59 MB/sec), 7,9 ms avg latency, 24,0 ms max latency.
636 records sent, 123,5 records/sec (3,53 MB/sec), 8,1 ms avg latency, 190,0 ms max latency.
666 records sent, 133,2 records/sec (3,81 MB/sec), 7,5 ms avg latency, 45,0 ms max latency.
643 records sent, 128,5 records/sec (3,68 MB/sec), 7,8 ms avg latency, 11,0 ms max latency.
639 records sent, 127,6 records/sec (3,65 MB/sec), 7,8 ms avg latency, 19,0 ms max latency.
641 records sent, 128,0 records/sec (3,66 MB/sec), 7,8 ms avg latency, 30,0 ms max latency.
638 records sent, 127,5 records/sec (3,65 MB/sec), 7,8 ms avg latency, 27,0 ms max latency.
597 records sent, 119,3 records/sec (3,41 MB/sec), 8,4 ms avg latency, 241,0 ms max latency.
640 records sent, 127,9 records/sec (3,66 MB/sec), 7,8 ms avg latency, 36,0 ms max latency.
639 records sent, 127,7 records/sec (3,65 MB/sec), 7,8 ms avg latency, 12,0 ms max latency.
630 records sent, 125,9 records/sec (3,60 MB/sec), 7,9 ms avg latency, 36,0 ms max latency.
640 records sent, 128,0 records/sec (3,66 MB/sec), 7,8 ms avg latency, 40,0 ms max latency.
579 records sent, 113,1 records/sec (3,24 MB/sec), 8,8 ms avg latency, 584,0 ms max latency.
658 records sent, 131,4 records/sec (3,76 MB/sec), 7,6 ms avg latency, 20,0 ms max latency.
629 records sent, 125,7 records/sec (3,60 MB/sec), 7,9 ms avg latency, 19,0 ms max latency.
638 records sent, 127,6 records/sec (3,65 MB/sec), 7,8 ms avg latency, 28,0 ms max latency.
639 records sent, 127,7 records/sec (3,65 MB/sec), 7,8 ms avg latency, 12,0 ms max latency.
639 records sent, 124,2 records/sec (3,55 MB/sec), 8,0 ms avg latency, 227,0 ms max latency.
653 records sent, 130,5 records/sec (3,73 MB/sec), 7,6 ms avg latency, 28,0 ms max latency.
655 records sent, 130,9 records/sec (3,75 MB/sec), 7,6 ms avg latency, 11,0 ms max latency.
634 records sent, 126,7 records/sec (3,63 MB/sec), 7,9 ms avg latency, 35,0 ms max latency.
665 records sent, 132,9 records/sec (3,80 MB/sec), 7,5 ms avg latency, 32,0 ms max latency.
671 records sent, 134,1 records/sec (3,84 MB/sec), 7,4 ms avg latency, 14,0 ms max latency.
656 records sent, 131,1 records/sec (3,75 MB/sec), 7,6 ms avg latency, 31,0 ms max latency.
652 records sent, 130,3 records/sec (3,73 MB/sec), 7,7 ms avg latency, 23,0 ms max latency.
636 records sent, 127,1 records/sec (3,64 MB/sec), 7,9 ms avg latency, 11,0 ms max latency.
649 records sent, 129,7 records/sec (3,71 MB/sec), 7,7 ms avg latency, 14,0 ms max latency.
639 records sent, 127,7 records/sec (3,65 MB/sec), 7,8 ms avg latency, 36,0 ms max latency.
642 records sent, 128,3 records/sec (3,67 MB/sec), 7,8 ms avg latency, 60,0 ms max latency.
648 records sent, 129,4 records/sec (3,70 MB/sec), 7,7 ms avg latency, 11,0 ms max latency.
646 records sent, 129,0 records/sec (3,69 MB/sec), 7,7 ms avg latency, 38,0 ms max latency.
664 records sent, 132,7 records/sec (3,80 MB/sec), 7,5 ms avg latency, 12,0 ms max latency.
650 records sent, 129,9 records/sec (3,72 MB/sec), 7,7 ms avg latency, 29,0 ms max latency.
655 records sent, 131,0 records/sec (3,75 MB/sec), 7,6 ms avg latency, 12,0 ms max latency.
645 records sent, 128,9 records/sec (3,69 MB/sec), 7,7 ms avg latency, 38,0 ms max latency.
657 records sent, 131,2 records/sec (3,75 MB/sec), 7,6 ms avg latency, 11,0 ms max latency.
660 records sent, 131,9 records/sec (3,77 MB/sec), 7,6 ms avg latency, 18,0 ms max latency.
628 records sent, 125,5 records/sec (3,59 MB/sec), 8,0 ms avg latency, 42,0 ms max latency.
664 records sent, 132,7 records/sec (3,80 MB/sec), 7,5 ms avg latency, 11,0 ms max latency.
656 records sent, 131,1 records/sec (3,75 MB/sec), 7,6 ms avg latency, 31,0 ms max latency.
622 records sent, 124,4 records/sec (3,56 MB/sec), 8,0 ms avg latency, 173,0 ms max latency.
664 records sent, 132,6 records/sec (3,79 MB/sec), 7,5 ms avg latency, 15,0 ms max latency.
660 records sent, 132,0 records/sec (3,78 MB/sec), 7,6 ms avg latency, 33,0 ms max latency.
629 records sent, 125,7 records/sec (3,60 MB/sec), 7,9 ms avg latency, 277,0 ms max latency.
653 records sent, 130,5 records/sec (3,73 MB/sec), 7,6 ms avg latency, 27,0 ms max latency.
628 records sent, 125,5 records/sec (3,59 MB/sec), 8,0 ms avg latency, 117,0 ms max latency.
666 records sent, 133,0 records/sec (3,80 MB/sec), 7,5 ms avg latency, 12,0 ms max latency.
659 records sent, 131,6 records/sec (3,76 MB/sec), 7,6 ms avg latency, 44,0 ms max latency.
664 records sent, 132,7 records/sec (3,80 MB/sec), 7,5 ms avg latency, 13,0 ms max latency.
664 records sent, 132,6 records/sec (3,79 MB/sec), 7,5 ms avg latency, 12,0 ms max latency.
692 records sent, 138,3 records/sec (3,96 MB/sec), 7,2 ms avg latency, 15,0 ms max latency.
660 records sent, 131,9 records/sec (3,78 MB/sec), 7,6 ms avg latency, 28,0 ms max latency.
668 records sent, 133,5 records/sec (3,82 MB/sec), 7,5 ms avg latency, 21,0 ms max latency.
676 records sent, 135,0 records/sec (3,86 MB/sec), 7,4 ms avg latency, 72,0 ms max latency.
644 records sent, 128,6 records/sec (3,68 MB/sec), 7,8 ms avg latency, 31,0 ms max latency.
643 records sent, 128,5 records/sec (3,68 MB/sec), 7,8 ms avg latency, 29,0 ms max latency.
631 records sent, 126,0 records/sec (3,60 MB/sec), 7,9 ms avg latency, 24,0 ms max latency.
649 records sent, 129,6 records/sec (3,71 MB/sec), 7,7 ms avg latency, 16,0 ms max latency.
635 records sent, 126,8 records/sec (3,63 MB/sec), 7,9 ms avg latency, 12,0 ms max latency.
646 records sent, 129,2 records/sec (3,70 MB/sec), 7,7 ms avg latency, 12,0 ms max latency.
627 records sent, 125,2 records/sec (3,58 MB/sec), 8,0 ms avg latency, 238,0 ms max latency.
657 records sent, 131,3 records/sec (3,76 MB/sec), 7,6 ms avg latency, 15,0 ms max latency.
634 records sent, 126,7 records/sec (3,62 MB/sec), 7,9 ms avg latency, 26,0 ms max latency.
641 records sent, 128,0 records/sec (3,66 MB/sec), 7,8 ms avg latency, 106,0 ms max latency.
641 records sent, 128,0 records/sec (3,66 MB/sec), 7,8 ms avg latency, 12,0 ms max latency.
640 records sent, 128,0 records/sec (3,66 MB/sec), 7,8 ms avg latency, 21,0 ms max latency.
647 records sent, 129,4 records/sec (3,70 MB/sec), 7,7 ms avg latency, 21,0 ms max latency.
642 records sent, 128,2 records/sec (3,67 MB/sec), 7,8 ms avg latency, 11,0 ms max latency.
642 records sent, 128,3 records/sec (3,67 MB/sec), 7,8 ms avg latency, 20,0 ms max latency.
639 records sent, 127,8 records/sec (3,66 MB/sec), 7,8 ms avg latency, 48,0 ms max latency.
632 records sent, 126,3 records/sec (3,61 MB/sec), 7,9 ms avg latency, 49,0 ms max latency.
650 records sent, 129,9 records/sec (3,72 MB/sec), 7,7 ms avg latency, 12,0 ms max latency.
646 records sent, 129,2 records/sec (3,70 MB/sec), 7,7 ms avg latency, 31,0 ms max latency.
641 records sent, 128,1 records/sec (3,66 MB/sec), 7,8 ms avg latency, 35,0 ms max latency.
653 records sent, 130,3 records/sec (3,73 MB/sec), 7,7 ms avg latency, 11,0 ms max latency.
642 records sent, 128,2 records/sec (3,67 MB/sec), 7,8 ms avg latency, 34,0 ms max latency.
641 records sent, 128,2 records/sec (3,67 MB/sec), 7,8 ms avg latency, 83,0 ms max latency.
643 records sent, 128,5 records/sec (3,68 MB/sec), 7,8 ms avg latency, 29,0 ms max latency.
649 records sent, 129,7 records/sec (3,71 MB/sec), 7,7 ms avg latency, 27,0 ms max latency.
640 records sent, 128,0 records/sec (3,66 MB/sec), 7,8 ms avg latency, 31,0 ms max latency.
647 records sent, 129,3 records/sec (3,70 MB/sec), 7,7 ms avg latency, 12,0 ms max latency.
569 records sent, 113,7 records/sec (3,25 MB/sec), 8,8 ms avg latency, 326,0 ms max latency.
652 records sent, 130,3 records/sec (3,73 MB/sec), 7,7 ms avg latency, 24,0 ms max latency.
641 records sent, 128,0 records/sec (3,66 MB/sec), 7,8 ms avg latency, 30,0 ms max latency.
657 records sent, 131,3 records/sec (3,76 MB/sec), 7,6 ms avg latency, 13,0 ms max latency.
637 records sent, 127,4 records/sec (3,64 MB/sec), 7,8 ms avg latency, 30,0 ms max latency.
643 records sent, 128,4 records/sec (3,67 MB/sec), 7,8 ms avg latency, 65,0 ms max latency.
644 records sent, 128,6 records/sec (3,68 MB/sec), 7,8 ms avg latency, 222,0 ms max latency.
667 records sent, 133,2 records/sec (3,81 MB/sec), 7,5 ms avg latency, 35,0 ms max latency.
641 records sent, 128,1 records/sec (3,66 MB/sec), 7,8 ms avg latency, 47,0 ms max latency.
645 records sent, 128,9 records/sec (3,69 MB/sec), 7,7 ms avg latency, 25,0 ms max latency.
641 records sent, 128,0 records/sec (3,66 MB/sec), 7,8 ms avg latency, 20,0 ms max latency.
627 records sent, 125,3 records/sec (3,58 MB/sec), 8,0 ms avg latency, 21,0 ms max latency.
650 records sent, 129,9 records/sec (3,72 MB/sec), 7,7 ms avg latency, 18,0 ms max latency.
634 records sent, 126,8 records/sec (3,63 MB/sec), 7,9 ms avg latency, 12,0 ms max latency.
80000 records sent, 128,078281 records/sec (3,66 MB/sec), 7,79 ms avg latency, 641,00 ms max latency, 8 ms 50th, 10 ms 95th, 11 ms 99th, 28 ms 99.9th.

Metric Name                                                                          Value
app-info:commit-id:{client-id=producer-1}                                          : d4284cbebb6f0a4c
app-info:start-time-ms:{client-id=producer-1}                                      : 1591607569893
app-info:version:{client-id=producer-1}                                            : 2.3.1
kafka-metrics-count:count:{client-id=producer-1}                                   : 126,000
producer-metrics:batch-size-avg:{client-id=producer-1}                             : 30077,000
producer-metrics:batch-size-max:{client-id=producer-1}                             : 30077,000
producer-metrics:batch-split-rate:{client-id=producer-1}                           : 0,000
producer-metrics:batch-split-total:{client-id=producer-1}                          : 0,000
producer-metrics:buffer-available-bytes:{client-id=producer-1}                     : 33554432,000
producer-metrics:buffer-exhausted-rate:{client-id=producer-1}                      : 0,000
producer-metrics:buffer-exhausted-total:{client-id=producer-1}                     : 0,000
producer-metrics:buffer-total-bytes:{client-id=producer-1}                         : 33554432,000
producer-metrics:bufferpool-wait-ratio:{client-id=producer-1}                      : 0,000
producer-metrics:bufferpool-wait-time-total:{client-id=producer-1}                 : 0,000
producer-metrics:compression-rate-avg:{client-id=producer-1}                       : 1,000
producer-metrics:connection-close-rate:{client-id=producer-1}                      : 0,000
producer-metrics:connection-close-total:{client-id=producer-1}                     : 1,000
producer-metrics:connection-count:{client-id=producer-1}                           : 3,000
producer-metrics:connection-creation-rate:{client-id=producer-1}                   : 0,000
producer-metrics:connection-creation-total:{client-id=producer-1}                  : 4,000
producer-metrics:failed-authentication-rate:{client-id=producer-1}                 : 0,000
producer-metrics:failed-authentication-total:{client-id=producer-1}                : 0,000
producer-metrics:failed-reauthentication-rate:{client-id=producer-1}               : 0,000
producer-metrics:failed-reauthentication-total:{client-id=producer-1}              : 0,000
producer-metrics:incoming-byte-rate:{client-id=producer-1}                         : 7940,791
producer-metrics:incoming-byte-total:{client-id=producer-1}                        : 4962031,000
producer-metrics:io-ratio:{client-id=producer-1}                                   : 0,010
producer-metrics:io-time-ns-avg:{client-id=producer-1}                             : 25014,291
producer-metrics:io-wait-ratio:{client-id=producer-1}                              : 0,976
producer-metrics:io-wait-time-ns-avg:{client-id=producer-1}                        : 2539683,132
producer-metrics:io-waittime-total:{client-id=producer-1}                          : 608086085449,000
producer-metrics:iotime-total:{client-id=producer-1}                               : 6256550827,000
producer-metrics:metadata-age:{client-id=producer-1}                               : 84,433
producer-metrics:network-io-rate:{client-id=producer-1}                            : 256,131
producer-metrics:network-io-total:{client-id=producer-1}                           : 160014,000
producer-metrics:outgoing-byte-rate:{client-id=producer-1}                         : 3860802,637
producer-metrics:outgoing-byte-total:{client-id=producer-1}                        : 2411749115,000
producer-metrics:produce-throttle-time-avg:{client-id=producer-1}                  : 0,000
producer-metrics:produce-throttle-time-max:{client-id=producer-1}                  : 0,000
producer-metrics:reauthentication-latency-avg:{client-id=producer-1}               : NaN
producer-metrics:reauthentication-latency-max:{client-id=producer-1}               : NaN
producer-metrics:record-error-rate:{client-id=producer-1}                          : 0,000
producer-metrics:record-error-total:{client-id=producer-1}                         : 0,000
producer-metrics:record-queue-time-avg:{client-id=producer-1}                      : 0,025
producer-metrics:record-queue-time-max:{client-id=producer-1}                      : 1,000
producer-metrics:record-retry-rate:{client-id=producer-1}                          : 0,000
producer-metrics:record-retry-total:{client-id=producer-1}                         : 0,000
producer-metrics:record-send-rate:{client-id=producer-1}                           : 128,059
producer-metrics:record-send-total:{client-id=producer-1}                          : 80000,000
producer-metrics:record-size-avg:{client-id=producer-1}                            : 30092,000
producer-metrics:record-size-max:{client-id=producer-1}                            : 30092,000
producer-metrics:records-per-request-avg:{client-id=producer-1}                    : 1,000
producer-metrics:request-latency-avg:{client-id=producer-1}                        : 7,731
producer-metrics:request-latency-max:{client-id=producer-1}                        : 222,000
producer-metrics:request-rate:{client-id=producer-1}                               : 128,059
producer-metrics:request-size-avg:{client-id=producer-1}                           : 30147,000
producer-metrics:request-size-max:{client-id=producer-1}                           : 30147,000
producer-metrics:request-total:{client-id=producer-1}                              : 80007,000
producer-metrics:requests-in-flight:{client-id=producer-1}                         : 0,000
producer-metrics:response-rate:{client-id=producer-1}                              : 128,075
producer-metrics:response-total:{client-id=producer-1}                             : 80007,000
producer-metrics:select-rate:{client-id=producer-1}                                : 384,195
producer-metrics:select-total:{client-id=producer-1}                               : 239969,000
producer-metrics:successful-authentication-no-reauth-total:{client-id=producer-1}  : 0,000
producer-metrics:successful-authentication-rate:{client-id=producer-1}             : 0,000
producer-metrics:successful-authentication-total:{client-id=producer-1}            : 0,000
producer-metrics:successful-reauthentication-rate:{client-id=producer-1}           : 0,000
producer-metrics:successful-reauthentication-total:{client-id=producer-1}          : 0,000
producer-metrics:waiting-threads:{client-id=producer-1}                            : 0,000
producer-node-metrics:incoming-byte-rate:{client-id=producer-1, node-id=node--2}   : 0,000
producer-node-metrics:incoming-byte-rate:{client-id=producer-1, node-id=node-1}    : 2673,017
producer-node-metrics:incoming-byte-rate:{client-id=producer-1, node-id=node-3}    : 2624,819
producer-node-metrics:incoming-byte-rate:{client-id=producer-1, node-id=node-6}    : 2644,484
producer-node-metrics:incoming-byte-total:{client-id=producer-1, node-id=node--2}  : 579,000
producer-node-metrics:incoming-byte-total:{client-id=producer-1, node-id=node-1}   : 1660232,000
producer-node-metrics:incoming-byte-total:{client-id=producer-1, node-id=node-3}   : 1646146,000
producer-node-metrics:incoming-byte-total:{client-id=producer-1, node-id=node-6}   : 1655074,000
producer-node-metrics:outgoing-byte-rate:{client-id=producer-1, node-id=node--2}   : 0,000
producer-node-metrics:outgoing-byte-rate:{client-id=producer-1, node-id=node-1}    : 1298963,044
producer-node-metrics:outgoing-byte-rate:{client-id=producer-1, node-id=node-3}    : 1275570,236
producer-node-metrics:outgoing-byte-rate:{client-id=producer-1, node-id=node-6}    : 1285692,386
producer-node-metrics:outgoing-byte-total:{client-id=producer-1, node-id=node--2}  : 67,000
producer-node-metrics:outgoing-byte-total:{client-id=producer-1, node-id=node-1}   : 806850599,000
producer-node-metrics:outgoing-byte-total:{client-id=producer-1, node-id=node-3}   : 800278689,000
producer-node-metrics:outgoing-byte-total:{client-id=producer-1, node-id=node-6}   : 804619760,000
producer-node-metrics:request-latency-avg:{client-id=producer-1, node-id=node--2}  : NaN
producer-node-metrics:request-latency-avg:{client-id=producer-1, node-id=node-1}   : 9,169
producer-node-metrics:request-latency-avg:{client-id=producer-1, node-id=node-3}   : 7,968
producer-node-metrics:request-latency-avg:{client-id=producer-1, node-id=node-6}   : 6,043
producer-node-metrics:request-latency-max:{client-id=producer-1, node-id=node--2}  : NaN
producer-node-metrics:request-latency-max:{client-id=producer-1, node-id=node-1}   : 222,000
producer-node-metrics:request-latency-max:{client-id=producer-1, node-id=node-3}   : 65,000
producer-node-metrics:request-latency-max:{client-id=producer-1, node-id=node-6}   : 10,000
producer-node-metrics:request-rate:{client-id=producer-1, node-id=node--2}         : 0,000
producer-node-metrics:request-rate:{client-id=producer-1, node-id=node-1}          : 43,087
producer-node-metrics:request-rate:{client-id=producer-1, node-id=node-3}          : 42,311
producer-node-metrics:request-rate:{client-id=producer-1, node-id=node-6}          : 42,647
producer-node-metrics:request-size-avg:{client-id=producer-1, node-id=node--2}     : NaN
producer-node-metrics:request-size-avg:{client-id=producer-1, node-id=node-1}      : 30147,000
producer-node-metrics:request-size-avg:{client-id=producer-1, node-id=node-3}      : 30147,000
producer-node-metrics:request-size-avg:{client-id=producer-1, node-id=node-6}      : 30147,000
producer-node-metrics:request-size-max:{client-id=producer-1, node-id=node--2}     : NaN
producer-node-metrics:request-size-max:{client-id=producer-1, node-id=node-1}      : 30147,000
producer-node-metrics:request-size-max:{client-id=producer-1, node-id=node-3}      : 30147,000
producer-node-metrics:request-size-max:{client-id=producer-1, node-id=node-6}      : 30147,000
producer-node-metrics:request-total:{client-id=producer-1, node-id=node--2}        : 2,000
producer-node-metrics:request-total:{client-id=producer-1, node-id=node-1}         : 26767,000
producer-node-metrics:request-total:{client-id=producer-1, node-id=node-3}         : 26547,000
producer-node-metrics:request-total:{client-id=producer-1, node-id=node-6}         : 26691,000
producer-node-metrics:response-rate:{client-id=producer-1, node-id=node--2}        : 0,000
producer-node-metrics:response-rate:{client-id=producer-1, node-id=node-1}         : 43,113
producer-node-metrics:response-rate:{client-id=producer-1, node-id=node-3}         : 42,336
producer-node-metrics:response-rate:{client-id=producer-1, node-id=node-6}         : 42,653
producer-node-metrics:response-total:{client-id=producer-1, node-id=node--2}       : 2,000
producer-node-metrics:response-total:{client-id=producer-1, node-id=node-1}        : 26767,000
producer-node-metrics:response-total:{client-id=producer-1, node-id=node-3}        : 26547,000
producer-node-metrics:response-total:{client-id=producer-1, node-id=node-6}        : 26691,000
producer-topic-metrics:byte-rate:{client-id=producer-1, topic=test-topic}          : 3851624,614
producer-topic-metrics:byte-total:{client-id=producer-1, topic=test-topic}         : 2406148890,000
producer-topic-metrics:compression-rate:{client-id=producer-1, topic=test-topic}   : 1,000
producer-topic-metrics:record-error-rate:{client-id=producer-1, topic=test-topic}  : 0,000
producer-topic-metrics:record-error-total:{client-id=producer-1, topic=test-topic} : 0,000
producer-topic-metrics:record-retry-rate:{client-id=producer-1, topic=test-topic}  : 0,000
producer-topic-metrics:record-retry-total:{client-id=producer-1, topic=test-topic} : 0,000
producer-topic-metrics:record-send-rate:{client-id=producer-1, topic=test-topic}   : 128,059
producer-topic-metrics:record-send-total:{client-id=producer-1, topic=test-topic}  : 80000,000
Produce Time: 624.617
Aplication time: 625.588
