Topic to send: test-topic
Topic to acks: 1
Records: 80000
Size:20000
725 records sent, 145,0 records/sec (2,77 MB/sec), 6,8 ms avg latency, 281,0 ms max latency.
826 records sent, 165,1 records/sec (3,15 MB/sec), 6,0 ms avg latency, 9,0 ms max latency.
820 records sent, 163,8 records/sec (3,12 MB/sec), 6,1 ms avg latency, 29,0 ms max latency.
846 records sent, 169,2 records/sec (3,23 MB/sec), 5,9 ms avg latency, 33,0 ms max latency.
864 records sent, 172,8 records/sec (3,30 MB/sec), 5,8 ms avg latency, 9,0 ms max latency.
854 records sent, 170,7 records/sec (3,26 MB/sec), 5,8 ms avg latency, 41,0 ms max latency.
864 records sent, 172,7 records/sec (3,29 MB/sec), 5,8 ms avg latency, 8,0 ms max latency.
844 records sent, 168,7 records/sec (3,22 MB/sec), 5,9 ms avg latency, 18,0 ms max latency.
864 records sent, 172,7 records/sec (3,29 MB/sec), 5,8 ms avg latency, 27,0 ms max latency.
855 records sent, 171,0 records/sec (3,26 MB/sec), 5,8 ms avg latency, 8,0 ms max latency.
857 records sent, 171,3 records/sec (3,27 MB/sec), 5,8 ms avg latency, 14,0 ms max latency.
852 records sent, 170,3 records/sec (3,25 MB/sec), 5,9 ms avg latency, 52,0 ms max latency.
859 records sent, 171,7 records/sec (3,28 MB/sec), 5,8 ms avg latency, 20,0 ms max latency.
871 records sent, 174,1 records/sec (3,32 MB/sec), 5,7 ms avg latency, 8,0 ms max latency.
865 records sent, 173,0 records/sec (3,30 MB/sec), 5,8 ms avg latency, 29,0 ms max latency.
866 records sent, 173,0 records/sec (3,30 MB/sec), 5,8 ms avg latency, 38,0 ms max latency.
855 records sent, 171,0 records/sec (3,26 MB/sec), 5,8 ms avg latency, 93,0 ms max latency.
848 records sent, 169,5 records/sec (3,23 MB/sec), 5,9 ms avg latency, 104,0 ms max latency.
874 records sent, 174,7 records/sec (3,33 MB/sec), 5,7 ms avg latency, 8,0 ms max latency.
859 records sent, 171,8 records/sec (3,28 MB/sec), 5,8 ms avg latency, 8,0 ms max latency.
861 records sent, 172,0 records/sec (3,28 MB/sec), 5,8 ms avg latency, 19,0 ms max latency.
790 records sent, 152,5 records/sec (2,91 MB/sec), 6,5 ms avg latency, 608,0 ms max latency.
889 records sent, 177,7 records/sec (3,39 MB/sec), 5,6 ms avg latency, 15,0 ms max latency.
889 records sent, 177,7 records/sec (3,39 MB/sec), 5,6 ms avg latency, 8,0 ms max latency.
889 records sent, 177,8 records/sec (3,39 MB/sec), 5,6 ms avg latency, 37,0 ms max latency.
879 records sent, 175,7 records/sec (3,35 MB/sec), 5,7 ms avg latency, 15,0 ms max latency.
871 records sent, 174,1 records/sec (3,32 MB/sec), 5,7 ms avg latency, 14,0 ms max latency.
845 records sent, 168,8 records/sec (3,22 MB/sec), 5,9 ms avg latency, 86,0 ms max latency.
866 records sent, 173,1 records/sec (3,30 MB/sec), 5,8 ms avg latency, 20,0 ms max latency.
861 records sent, 172,1 records/sec (3,28 MB/sec), 5,8 ms avg latency, 28,0 ms max latency.
864 records sent, 172,7 records/sec (3,29 MB/sec), 5,8 ms avg latency, 11,0 ms max latency.
862 records sent, 172,2 records/sec (3,28 MB/sec), 5,8 ms avg latency, 38,0 ms max latency.
863 records sent, 172,5 records/sec (3,29 MB/sec), 5,8 ms avg latency, 11,0 ms max latency.
853 records sent, 170,6 records/sec (3,25 MB/sec), 5,8 ms avg latency, 36,0 ms max latency.
843 records sent, 168,6 records/sec (3,22 MB/sec), 5,9 ms avg latency, 62,0 ms max latency.
855 records sent, 171,0 records/sec (3,26 MB/sec), 5,8 ms avg latency, 12,0 ms max latency.
855 records sent, 170,8 records/sec (3,26 MB/sec), 5,8 ms avg latency, 19,0 ms max latency.
866 records sent, 173,1 records/sec (3,30 MB/sec), 5,8 ms avg latency, 17,0 ms max latency.
855 records sent, 170,9 records/sec (3,26 MB/sec), 5,8 ms avg latency, 32,0 ms max latency.
852 records sent, 170,3 records/sec (3,25 MB/sec), 5,9 ms avg latency, 26,0 ms max latency.
862 records sent, 172,3 records/sec (3,29 MB/sec), 5,8 ms avg latency, 8,0 ms max latency.
851 records sent, 170,1 records/sec (3,25 MB/sec), 5,9 ms avg latency, 49,0 ms max latency.
852 records sent, 170,3 records/sec (3,25 MB/sec), 5,9 ms avg latency, 47,0 ms max latency.
852 records sent, 170,3 records/sec (3,25 MB/sec), 5,9 ms avg latency, 19,0 ms max latency.
849 records sent, 169,7 records/sec (3,24 MB/sec), 5,9 ms avg latency, 21,0 ms max latency.
864 records sent, 172,7 records/sec (3,29 MB/sec), 5,8 ms avg latency, 11,0 ms max latency.
863 records sent, 172,4 records/sec (3,29 MB/sec), 5,8 ms avg latency, 8,0 ms max latency.
846 records sent, 169,0 records/sec (3,22 MB/sec), 5,9 ms avg latency, 41,0 ms max latency.
853 records sent, 170,6 records/sec (3,25 MB/sec), 5,9 ms avg latency, 12,0 ms max latency.
850 records sent, 169,9 records/sec (3,24 MB/sec), 5,9 ms avg latency, 9,0 ms max latency.
857 records sent, 171,2 records/sec (3,27 MB/sec), 5,8 ms avg latency, 20,0 ms max latency.
853 records sent, 170,6 records/sec (3,25 MB/sec), 5,8 ms avg latency, 28,0 ms max latency.
858 records sent, 171,6 records/sec (3,27 MB/sec), 5,8 ms avg latency, 33,0 ms max latency.
861 records sent, 172,2 records/sec (3,28 MB/sec), 5,8 ms avg latency, 29,0 ms max latency.
845 records sent, 168,9 records/sec (3,22 MB/sec), 5,9 ms avg latency, 58,0 ms max latency.
849 records sent, 169,7 records/sec (3,24 MB/sec), 5,9 ms avg latency, 8,0 ms max latency.
844 records sent, 168,7 records/sec (3,22 MB/sec), 5,9 ms avg latency, 35,0 ms max latency.
851 records sent, 170,1 records/sec (3,24 MB/sec), 5,9 ms avg latency, 8,0 ms max latency.
841 records sent, 168,1 records/sec (3,21 MB/sec), 5,9 ms avg latency, 211,0 ms max latency.
876 records sent, 175,2 records/sec (3,34 MB/sec), 5,7 ms avg latency, 56,0 ms max latency.
874 records sent, 174,8 records/sec (3,33 MB/sec), 5,7 ms avg latency, 8,0 ms max latency.
868 records sent, 173,4 records/sec (3,31 MB/sec), 5,7 ms avg latency, 8,0 ms max latency.
861 records sent, 172,2 records/sec (3,28 MB/sec), 5,8 ms avg latency, 30,0 ms max latency.
876 records sent, 175,2 records/sec (3,34 MB/sec), 5,7 ms avg latency, 22,0 ms max latency.
888 records sent, 177,5 records/sec (3,38 MB/sec), 5,6 ms avg latency, 8,0 ms max latency.
864 records sent, 172,7 records/sec (3,29 MB/sec), 5,8 ms avg latency, 90,0 ms max latency.
845 records sent, 168,9 records/sec (3,22 MB/sec), 5,9 ms avg latency, 173,0 ms max latency.
874 records sent, 174,7 records/sec (3,33 MB/sec), 5,7 ms avg latency, 31,0 ms max latency.
873 records sent, 174,5 records/sec (3,33 MB/sec), 5,7 ms avg latency, 23,0 ms max latency.
878 records sent, 175,5 records/sec (3,35 MB/sec), 5,7 ms avg latency, 8,0 ms max latency.
866 records sent, 173,2 records/sec (3,30 MB/sec), 5,8 ms avg latency, 20,0 ms max latency.
883 records sent, 176,5 records/sec (3,37 MB/sec), 5,7 ms avg latency, 28,0 ms max latency.
874 records sent, 174,7 records/sec (3,33 MB/sec), 5,7 ms avg latency, 33,0 ms max latency.
864 records sent, 172,8 records/sec (3,30 MB/sec), 5,8 ms avg latency, 71,0 ms max latency.
863 records sent, 172,6 records/sec (3,29 MB/sec), 5,8 ms avg latency, 32,0 ms max latency.
878 records sent, 175,5 records/sec (3,35 MB/sec), 5,7 ms avg latency, 8,0 ms max latency.
861 records sent, 172,2 records/sec (3,28 MB/sec), 5,8 ms avg latency, 36,0 ms max latency.
871 records sent, 174,2 records/sec (3,32 MB/sec), 5,7 ms avg latency, 8,0 ms max latency.
874 records sent, 174,6 records/sec (3,33 MB/sec), 5,7 ms avg latency, 9,0 ms max latency.
854 records sent, 170,7 records/sec (3,26 MB/sec), 5,8 ms avg latency, 39,0 ms max latency.
869 records sent, 173,8 records/sec (3,31 MB/sec), 5,7 ms avg latency, 8,0 ms max latency.
864 records sent, 172,7 records/sec (3,29 MB/sec), 5,8 ms avg latency, 12,0 ms max latency.
866 records sent, 173,2 records/sec (3,30 MB/sec), 5,8 ms avg latency, 8,0 ms max latency.
857 records sent, 171,4 records/sec (3,27 MB/sec), 5,8 ms avg latency, 8,0 ms max latency.
862 records sent, 172,4 records/sec (3,29 MB/sec), 5,8 ms avg latency, 8,0 ms max latency.
864 records sent, 172,7 records/sec (3,29 MB/sec), 5,8 ms avg latency, 17,0 ms max latency.
846 records sent, 169,1 records/sec (3,23 MB/sec), 5,9 ms avg latency, 64,0 ms max latency.
870 records sent, 174,0 records/sec (3,32 MB/sec), 5,7 ms avg latency, 16,0 ms max latency.
860 records sent, 171,9 records/sec (3,28 MB/sec), 5,8 ms avg latency, 36,0 ms max latency.
857 records sent, 171,3 records/sec (3,27 MB/sec), 5,8 ms avg latency, 17,0 ms max latency.
858 records sent, 171,6 records/sec (3,27 MB/sec), 5,8 ms avg latency, 8,0 ms max latency.
860 records sent, 172,0 records/sec (3,28 MB/sec), 5,8 ms avg latency, 8,0 ms max latency.
846 records sent, 169,1 records/sec (3,23 MB/sec), 5,9 ms avg latency, 48,0 ms max latency.
80000 records sent, 171,476952 records/sec (3,27 MB/sec), 5,81 ms avg latency, 608,00 ms max latency, 6 ms 50th, 7 ms 95th, 7 ms 99th, 15 ms 99.9th.

Metric Name                                                                          Value
app-info:commit-id:{client-id=producer-1}                                          : d4284cbebb6f0a4c
app-info:start-time-ms:{client-id=producer-1}                                      : 1591597458898
app-info:version:{client-id=producer-1}                                            : 2.3.1
kafka-metrics-count:count:{client-id=producer-1}                                   : 126,000
producer-metrics:batch-size-avg:{client-id=producer-1}                             : 20077,000
producer-metrics:batch-size-max:{client-id=producer-1}                             : 20077,000
producer-metrics:batch-split-rate:{client-id=producer-1}                           : 0,000
producer-metrics:batch-split-total:{client-id=producer-1}                          : 0,000
producer-metrics:buffer-available-bytes:{client-id=producer-1}                     : 33554432,000
producer-metrics:buffer-exhausted-rate:{client-id=producer-1}                      : 0,000
producer-metrics:buffer-exhausted-total:{client-id=producer-1}                     : 0,000
producer-metrics:buffer-total-bytes:{client-id=producer-1}                         : 33554432,000
producer-metrics:bufferpool-wait-ratio:{client-id=producer-1}                      : 0,000
producer-metrics:bufferpool-wait-time-total:{client-id=producer-1}                 : 0,000
producer-metrics:compression-rate-avg:{client-id=producer-1}                       : 1,000
producer-metrics:connection-close-rate:{client-id=producer-1}                      : 0,000
producer-metrics:connection-close-total:{client-id=producer-1}                     : 0,000
producer-metrics:connection-count:{client-id=producer-1}                           : 4,000
producer-metrics:connection-creation-rate:{client-id=producer-1}                   : 0,000
producer-metrics:connection-creation-total:{client-id=producer-1}                  : 4,000
producer-metrics:failed-authentication-rate:{client-id=producer-1}                 : 0,000
producer-metrics:failed-authentication-total:{client-id=producer-1}                : 0,000
producer-metrics:failed-reauthentication-rate:{client-id=producer-1}               : 0,000
producer-metrics:failed-reauthentication-total:{client-id=producer-1}              : 0,000
producer-metrics:incoming-byte-rate:{client-id=producer-1}                         : 10628,342
producer-metrics:incoming-byte-total:{client-id=producer-1}                        : 4961746,000
producer-metrics:io-ratio:{client-id=producer-1}                                   : 0,010
producer-metrics:io-time-ns-avg:{client-id=producer-1}                             : 20318,494
producer-metrics:io-wait-ratio:{client-id=producer-1}                              : 0,973
producer-metrics:io-wait-time-ns-avg:{client-id=producer-1}                        : 1892651,854
producer-metrics:io-waittime-total:{client-id=producer-1}                          : 452526208914,000
producer-metrics:iotime-total:{client-id=producer-1}                               : 5332107505,000
producer-metrics:metadata-age:{client-id=producer-1}                               : 166,355
producer-metrics:network-io-rate:{client-id=producer-1}                            : 342,821
producer-metrics:network-io-total:{client-id=producer-1}                           : 160012,000
producer-metrics:outgoing-byte-rate:{client-id=producer-1}                         : 3453560,243
producer-metrics:outgoing-byte-total:{client-id=producer-1}                        : 1611749072,000
producer-metrics:produce-throttle-time-avg:{client-id=producer-1}                  : 0,000
producer-metrics:produce-throttle-time-max:{client-id=producer-1}                  : 0,000
producer-metrics:reauthentication-latency-avg:{client-id=producer-1}               : NaN
producer-metrics:reauthentication-latency-max:{client-id=producer-1}               : NaN
producer-metrics:record-error-rate:{client-id=producer-1}                          : 0,000
producer-metrics:record-error-total:{client-id=producer-1}                         : 0,000
producer-metrics:record-queue-time-avg:{client-id=producer-1}                      : 0,026
producer-metrics:record-queue-time-max:{client-id=producer-1}                      : 1,000
producer-metrics:record-retry-rate:{client-id=producer-1}                          : 0,000
producer-metrics:record-retry-total:{client-id=producer-1}                         : 0,000
producer-metrics:record-send-rate:{client-id=producer-1}                           : 171,400
producer-metrics:record-send-total:{client-id=producer-1}                          : 80000,000
producer-metrics:record-size-avg:{client-id=producer-1}                            : 20092,000
producer-metrics:record-size-max:{client-id=producer-1}                            : 20092,000
producer-metrics:records-per-request-avg:{client-id=producer-1}                    : 1,000
producer-metrics:request-latency-avg:{client-id=producer-1}                        : 5,762
producer-metrics:request-latency-max:{client-id=producer-1}                        : 64,000
producer-metrics:request-rate:{client-id=producer-1}                               : 171,407
producer-metrics:request-size-avg:{client-id=producer-1}                           : 20147,000
producer-metrics:request-size-max:{client-id=producer-1}                           : 20147,000
producer-metrics:request-total:{client-id=producer-1}                              : 80006,000
producer-metrics:requests-in-flight:{client-id=producer-1}                         : 0,000
producer-metrics:response-rate:{client-id=producer-1}                              : 171,425
producer-metrics:response-total:{client-id=producer-1}                             : 80006,000
producer-metrics:select-rate:{client-id=producer-1}                                : 514,309
producer-metrics:select-total:{client-id=producer-1}                               : 239440,000
producer-metrics:successful-authentication-no-reauth-total:{client-id=producer-1}  : 0,000
producer-metrics:successful-authentication-rate:{client-id=producer-1}             : 0,000
producer-metrics:successful-authentication-total:{client-id=producer-1}            : 0,000
producer-metrics:successful-reauthentication-rate:{client-id=producer-1}           : 0,000
producer-metrics:successful-reauthentication-total:{client-id=producer-1}          : 0,000
producer-metrics:waiting-threads:{client-id=producer-1}                            : 0,000
producer-node-metrics:incoming-byte-rate:{client-id=producer-1, node-id=node--3}   : 0,000
producer-node-metrics:incoming-byte-rate:{client-id=producer-1, node-id=node-1}    : 3552,146
producer-node-metrics:incoming-byte-rate:{client-id=producer-1, node-id=node-3}    : 3514,132
producer-node-metrics:incoming-byte-rate:{client-id=producer-1, node-id=node-6}    : 3567,171
producer-node-metrics:incoming-byte-total:{client-id=producer-1, node-id=node--3}  : 579,000
producer-node-metrics:incoming-byte-total:{client-id=producer-1, node-id=node-1}   : 1659947,000
producer-node-metrics:incoming-byte-total:{client-id=producer-1, node-id=node-3}   : 1646146,000
producer-node-metrics:incoming-byte-total:{client-id=producer-1, node-id=node-6}   : 1655074,000
producer-node-metrics:outgoing-byte-rate:{client-id=producer-1, node-id=node--3}   : 0,000
producer-node-metrics:outgoing-byte-rate:{client-id=producer-1, node-id=node-1}    : 1154150,626
producer-node-metrics:outgoing-byte-rate:{client-id=producer-1, node-id=node-3}    : 1141823,681
producer-node-metrics:outgoing-byte-rate:{client-id=producer-1, node-id=node-6}    : 1159082,436
producer-node-metrics:outgoing-byte-total:{client-id=producer-1, node-id=node--3}  : 67,000
producer-node-metrics:outgoing-byte-total:{client-id=producer-1, node-id=node-1}   : 539210556,000
producer-node-metrics:outgoing-byte-total:{client-id=producer-1, node-id=node-3}   : 534818689,000
producer-node-metrics:outgoing-byte-total:{client-id=producer-1, node-id=node-6}   : 537719760,000
producer-node-metrics:request-latency-avg:{client-id=producer-1, node-id=node--3}  : NaN
producer-node-metrics:request-latency-avg:{client-id=producer-1, node-id=node-1}   : 6,324
producer-node-metrics:request-latency-avg:{client-id=producer-1, node-id=node-3}   : 5,771
producer-node-metrics:request-latency-avg:{client-id=producer-1, node-id=node-6}   : 5,192
producer-node-metrics:request-latency-max:{client-id=producer-1, node-id=node--3}  : NaN
producer-node-metrics:request-latency-max:{client-id=producer-1, node-id=node-1}   : 36,000
producer-node-metrics:request-latency-max:{client-id=producer-1, node-id=node-3}   : 64,000
producer-node-metrics:request-latency-max:{client-id=producer-1, node-id=node-6}   : 48,000
producer-node-metrics:request-rate:{client-id=producer-1, node-id=node--3}         : 0,000
producer-node-metrics:request-rate:{client-id=producer-1, node-id=node-1}          : 57,285
producer-node-metrics:request-rate:{client-id=producer-1, node-id=node-3}          : 56,672
producer-node-metrics:request-rate:{client-id=producer-1, node-id=node-6}          : 57,529
producer-node-metrics:request-size-avg:{client-id=producer-1, node-id=node--3}     : NaN
producer-node-metrics:request-size-avg:{client-id=producer-1, node-id=node-1}      : 20147,000
producer-node-metrics:request-size-avg:{client-id=producer-1, node-id=node-3}      : 20147,000
producer-node-metrics:request-size-avg:{client-id=producer-1, node-id=node-6}      : 20147,000
producer-node-metrics:request-size-max:{client-id=producer-1, node-id=node--3}     : NaN
producer-node-metrics:request-size-max:{client-id=producer-1, node-id=node-1}      : 20147,000
producer-node-metrics:request-size-max:{client-id=producer-1, node-id=node-3}      : 20147,000
producer-node-metrics:request-size-max:{client-id=producer-1, node-id=node-6}      : 20147,000
producer-node-metrics:request-total:{client-id=producer-1, node-id=node--3}        : 2,000
producer-node-metrics:request-total:{client-id=producer-1, node-id=node-1}         : 26766,000
producer-node-metrics:request-total:{client-id=producer-1, node-id=node-3}         : 26547,000
producer-node-metrics:request-total:{client-id=producer-1, node-id=node-6}         : 26691,000
producer-node-metrics:response-rate:{client-id=producer-1, node-id=node--3}        : 0,000
producer-node-metrics:response-rate:{client-id=producer-1, node-id=node-1}         : 57,293
producer-node-metrics:response-rate:{client-id=producer-1, node-id=node-3}         : 56,680
producer-node-metrics:response-rate:{client-id=producer-1, node-id=node-6}         : 57,535
producer-node-metrics:response-total:{client-id=producer-1, node-id=node--3}       : 2,000
producer-node-metrics:response-total:{client-id=producer-1, node-id=node-1}        : 26766,000
producer-node-metrics:response-total:{client-id=producer-1, node-id=node-3}        : 26547,000
producer-node-metrics:response-total:{client-id=producer-1, node-id=node-6}        : 26691,000
producer-topic-metrics:byte-rate:{client-id=producer-1, topic=test-topic}          : 3441114,408
producer-topic-metrics:byte-total:{client-id=producer-1, topic=test-topic}         : 1606148890,000
producer-topic-metrics:compression-rate:{client-id=producer-1, topic=test-topic}   : 1,000
producer-topic-metrics:record-error-rate:{client-id=producer-1, topic=test-topic}  : 0,000
producer-topic-metrics:record-error-total:{client-id=producer-1, topic=test-topic} : 0,000
producer-topic-metrics:record-retry-rate:{client-id=producer-1, topic=test-topic}  : 0,000
producer-topic-metrics:record-retry-total:{client-id=producer-1, topic=test-topic} : 0,000
producer-topic-metrics:record-send-rate:{client-id=producer-1, topic=test-topic}   : 171,400
producer-topic-metrics:record-send-total:{client-id=producer-1, topic=test-topic}  : 80000,000
Produce Time: 466.534
Aplication time: 467.329
