Topic to send: test-topic
Topic to acks: 1
Records: 80000
Size:30000
581 records sent, 116,0 records/sec (3,32 MB/sec), 8,6 ms avg latency, 282,0 ms max latency.
692 records sent, 138,4 records/sec (3,96 MB/sec), 7,2 ms avg latency, 17,0 ms max latency.
680 records sent, 136,0 records/sec (3,89 MB/sec), 7,3 ms avg latency, 12,0 ms max latency.
684 records sent, 136,8 records/sec (3,91 MB/sec), 7,3 ms avg latency, 26,0 ms max latency.
700 records sent, 139,7 records/sec (4,00 MB/sec), 7,1 ms avg latency, 12,0 ms max latency.
696 records sent, 139,1 records/sec (3,98 MB/sec), 7,2 ms avg latency, 21,0 ms max latency.
493 records sent, 98,6 records/sec (2,82 MB/sec), 10,1 ms avg latency, 816,0 ms max latency.
717 records sent, 143,2 records/sec (4,10 MB/sec), 7,0 ms avg latency, 39,0 ms max latency.
722 records sent, 144,4 records/sec (4,13 MB/sec), 6,9 ms avg latency, 26,0 ms max latency.
720 records sent, 144,0 records/sec (4,12 MB/sec), 6,9 ms avg latency, 14,0 ms max latency.
709 records sent, 141,6 records/sec (4,05 MB/sec), 7,0 ms avg latency, 25,0 ms max latency.
715 records sent, 142,8 records/sec (4,09 MB/sec), 7,0 ms avg latency, 28,0 ms max latency.
715 records sent, 142,9 records/sec (4,09 MB/sec), 7,0 ms avg latency, 27,0 ms max latency.
705 records sent, 140,9 records/sec (4,03 MB/sec), 7,1 ms avg latency, 38,0 ms max latency.
711 records sent, 142,2 records/sec (4,07 MB/sec), 7,0 ms avg latency, 24,0 ms max latency.
736 records sent, 147,2 records/sec (4,21 MB/sec), 6,8 ms avg latency, 22,0 ms max latency.
717 records sent, 143,4 records/sec (4,10 MB/sec), 7,0 ms avg latency, 36,0 ms max latency.
699 records sent, 139,6 records/sec (3,99 MB/sec), 7,2 ms avg latency, 31,0 ms max latency.
724 records sent, 144,7 records/sec (4,14 MB/sec), 6,9 ms avg latency, 157,0 ms max latency.
730 records sent, 145,7 records/sec (4,17 MB/sec), 6,8 ms avg latency, 50,0 ms max latency.
733 records sent, 146,6 records/sec (4,19 MB/sec), 6,8 ms avg latency, 11,0 ms max latency.
694 records sent, 138,8 records/sec (3,97 MB/sec), 7,2 ms avg latency, 26,0 ms max latency.
705 records sent, 140,9 records/sec (4,03 MB/sec), 7,1 ms avg latency, 22,0 ms max latency.
718 records sent, 143,6 records/sec (4,11 MB/sec), 6,9 ms avg latency, 33,0 ms max latency.
681 records sent, 136,1 records/sec (3,89 MB/sec), 7,3 ms avg latency, 50,0 ms max latency.
700 records sent, 139,9 records/sec (4,00 MB/sec), 7,1 ms avg latency, 38,0 ms max latency.
747 records sent, 149,3 records/sec (4,27 MB/sec), 6,7 ms avg latency, 14,0 ms max latency.
718 records sent, 143,5 records/sec (4,11 MB/sec), 6,9 ms avg latency, 24,0 ms max latency.
726 records sent, 145,1 records/sec (4,15 MB/sec), 6,9 ms avg latency, 12,0 ms max latency.
740 records sent, 147,9 records/sec (4,23 MB/sec), 6,7 ms avg latency, 12,0 ms max latency.
716 records sent, 143,2 records/sec (4,10 MB/sec), 7,0 ms avg latency, 85,0 ms max latency.
744 records sent, 148,6 records/sec (4,25 MB/sec), 6,7 ms avg latency, 28,0 ms max latency.
694 records sent, 138,7 records/sec (3,97 MB/sec), 7,2 ms avg latency, 45,0 ms max latency.
717 records sent, 143,3 records/sec (4,10 MB/sec), 7,0 ms avg latency, 38,0 ms max latency.
712 records sent, 142,3 records/sec (4,07 MB/sec), 7,0 ms avg latency, 26,0 ms max latency.
721 records sent, 144,2 records/sec (4,12 MB/sec), 6,9 ms avg latency, 19,0 ms max latency.
754 records sent, 150,6 records/sec (4,31 MB/sec), 6,6 ms avg latency, 12,0 ms max latency.
694 records sent, 138,7 records/sec (3,97 MB/sec), 7,2 ms avg latency, 81,0 ms max latency.
704 records sent, 140,6 records/sec (4,02 MB/sec), 7,1 ms avg latency, 30,0 ms max latency.
689 records sent, 137,6 records/sec (3,94 MB/sec), 7,3 ms avg latency, 35,0 ms max latency.
717 records sent, 143,3 records/sec (4,10 MB/sec), 7,0 ms avg latency, 19,0 ms max latency.
705 records sent, 141,0 records/sec (4,03 MB/sec), 7,1 ms avg latency, 17,0 ms max latency.
704 records sent, 140,8 records/sec (4,03 MB/sec), 7,1 ms avg latency, 18,0 ms max latency.
720 records sent, 144,0 records/sec (4,12 MB/sec), 6,9 ms avg latency, 145,0 ms max latency.
722 records sent, 144,3 records/sec (4,13 MB/sec), 6,9 ms avg latency, 12,0 ms max latency.
747 records sent, 149,3 records/sec (4,27 MB/sec), 6,7 ms avg latency, 51,0 ms max latency.
736 records sent, 147,2 records/sec (4,21 MB/sec), 6,8 ms avg latency, 25,0 ms max latency.
724 records sent, 144,7 records/sec (4,14 MB/sec), 6,9 ms avg latency, 25,0 ms max latency.
731 records sent, 146,1 records/sec (4,18 MB/sec), 6,8 ms avg latency, 30,0 ms max latency.
644 records sent, 128,6 records/sec (3,68 MB/sec), 7,8 ms avg latency, 432,0 ms max latency.
709 records sent, 141,7 records/sec (4,05 MB/sec), 7,0 ms avg latency, 29,0 ms max latency.
728 records sent, 145,6 records/sec (4,17 MB/sec), 6,9 ms avg latency, 12,0 ms max latency.
724 records sent, 144,8 records/sec (4,14 MB/sec), 6,9 ms avg latency, 29,0 ms max latency.
729 records sent, 145,7 records/sec (4,17 MB/sec), 6,9 ms avg latency, 36,0 ms max latency.
709 records sent, 141,7 records/sec (4,05 MB/sec), 7,0 ms avg latency, 12,0 ms max latency.
725 records sent, 144,8 records/sec (4,14 MB/sec), 6,9 ms avg latency, 51,0 ms max latency.
722 records sent, 144,2 records/sec (4,12 MB/sec), 6,9 ms avg latency, 29,0 ms max latency.
732 records sent, 146,3 records/sec (4,19 MB/sec), 6,8 ms avg latency, 26,0 ms max latency.
745 records sent, 148,8 records/sec (4,26 MB/sec), 6,7 ms avg latency, 61,0 ms max latency.
711 records sent, 142,1 records/sec (4,07 MB/sec), 7,0 ms avg latency, 11,0 ms max latency.
712 records sent, 142,2 records/sec (4,07 MB/sec), 7,0 ms avg latency, 13,0 ms max latency.
732 records sent, 146,4 records/sec (4,19 MB/sec), 6,8 ms avg latency, 12,0 ms max latency.
688 records sent, 137,6 records/sec (3,94 MB/sec), 7,3 ms avg latency, 25,0 ms max latency.
740 records sent, 147,9 records/sec (4,23 MB/sec), 6,8 ms avg latency, 13,0 ms max latency.
724 records sent, 144,6 records/sec (4,14 MB/sec), 6,9 ms avg latency, 26,0 ms max latency.
736 records sent, 147,0 records/sec (4,21 MB/sec), 6,8 ms avg latency, 30,0 ms max latency.
720 records sent, 144,0 records/sec (4,12 MB/sec), 6,9 ms avg latency, 11,0 ms max latency.
709 records sent, 141,7 records/sec (4,06 MB/sec), 7,0 ms avg latency, 34,0 ms max latency.
755 records sent, 151,0 records/sec (4,32 MB/sec), 6,6 ms avg latency, 30,0 ms max latency.
709 records sent, 141,7 records/sec (4,05 MB/sec), 7,0 ms avg latency, 11,0 ms max latency.
744 records sent, 148,6 records/sec (4,25 MB/sec), 6,7 ms avg latency, 11,0 ms max latency.
704 records sent, 140,6 records/sec (4,02 MB/sec), 7,1 ms avg latency, 28,0 ms max latency.
716 records sent, 143,1 records/sec (4,09 MB/sec), 7,0 ms avg latency, 27,0 ms max latency.
707 records sent, 141,3 records/sec (4,04 MB/sec), 7,1 ms avg latency, 14,0 ms max latency.
701 records sent, 140,1 records/sec (4,01 MB/sec), 7,1 ms avg latency, 13,0 ms max latency.
694 records sent, 138,7 records/sec (3,97 MB/sec), 7,2 ms avg latency, 12,0 ms max latency.
712 records sent, 142,4 records/sec (4,07 MB/sec), 7,0 ms avg latency, 27,0 ms max latency.
731 records sent, 146,2 records/sec (4,18 MB/sec), 6,8 ms avg latency, 25,0 ms max latency.
752 records sent, 150,4 records/sec (4,30 MB/sec), 6,6 ms avg latency, 12,0 ms max latency.
727 records sent, 145,3 records/sec (4,16 MB/sec), 6,9 ms avg latency, 12,0 ms max latency.
736 records sent, 147,0 records/sec (4,20 MB/sec), 6,8 ms avg latency, 12,0 ms max latency.
696 records sent, 139,1 records/sec (3,98 MB/sec), 7,2 ms avg latency, 15,0 ms max latency.
750 records sent, 149,9 records/sec (4,29 MB/sec), 6,6 ms avg latency, 11,0 ms max latency.
716 records sent, 143,0 records/sec (4,09 MB/sec), 7,0 ms avg latency, 27,0 ms max latency.
710 records sent, 142,0 records/sec (4,06 MB/sec), 7,0 ms avg latency, 88,0 ms max latency.
693 records sent, 138,6 records/sec (3,96 MB/sec), 7,2 ms avg latency, 12,0 ms max latency.
726 records sent, 145,2 records/sec (4,15 MB/sec), 6,9 ms avg latency, 28,0 ms max latency.
734 records sent, 146,6 records/sec (4,19 MB/sec), 6,8 ms avg latency, 25,0 ms max latency.
704 records sent, 140,7 records/sec (4,03 MB/sec), 7,1 ms avg latency, 11,0 ms max latency.
705 records sent, 140,9 records/sec (4,03 MB/sec), 7,1 ms avg latency, 25,0 ms max latency.
712 records sent, 142,2 records/sec (4,07 MB/sec), 7,0 ms avg latency, 11,0 ms max latency.
695 records sent, 138,9 records/sec (3,97 MB/sec), 7,2 ms avg latency, 160,0 ms max latency.
611 records sent, 122,2 records/sec (3,49 MB/sec), 8,2 ms avg latency, 723,0 ms max latency.
730 records sent, 145,9 records/sec (4,17 MB/sec), 6,8 ms avg latency, 23,0 ms max latency.
749 records sent, 149,6 records/sec (4,28 MB/sec), 6,7 ms avg latency, 31,0 ms max latency.
739 records sent, 147,6 records/sec (4,22 MB/sec), 6,8 ms avg latency, 37,0 ms max latency.
609 records sent, 121,8 records/sec (3,48 MB/sec), 8,2 ms avg latency, 731,0 ms max latency.
725 records sent, 145,0 records/sec (4,15 MB/sec), 6,9 ms avg latency, 78,0 ms max latency.
717 records sent, 143,3 records/sec (4,10 MB/sec), 7,0 ms avg latency, 17,0 ms max latency.
694 records sent, 138,7 records/sec (3,97 MB/sec), 7,2 ms avg latency, 31,0 ms max latency.
714 records sent, 142,7 records/sec (4,08 MB/sec), 7,0 ms avg latency, 28,0 ms max latency.
731 records sent, 146,0 records/sec (4,18 MB/sec), 6,8 ms avg latency, 12,0 ms max latency.
723 records sent, 144,5 records/sec (4,13 MB/sec), 6,9 ms avg latency, 25,0 ms max latency.
729 records sent, 145,8 records/sec (4,17 MB/sec), 6,8 ms avg latency, 26,0 ms max latency.
711 records sent, 142,1 records/sec (4,06 MB/sec), 7,0 ms avg latency, 25,0 ms max latency.
733 records sent, 146,4 records/sec (4,19 MB/sec), 6,8 ms avg latency, 13,0 ms max latency.
735 records sent, 147,0 records/sec (4,21 MB/sec), 6,8 ms avg latency, 35,0 ms max latency.
728 records sent, 145,5 records/sec (4,16 MB/sec), 6,9 ms avg latency, 19,0 ms max latency.
612 records sent, 122,3 records/sec (3,50 MB/sec), 8,2 ms avg latency, 654,0 ms max latency.
746 records sent, 149,0 records/sec (4,26 MB/sec), 6,7 ms avg latency, 27,0 ms max latency.
725 records sent, 144,9 records/sec (4,15 MB/sec), 6,9 ms avg latency, 90,0 ms max latency.
715 records sent, 142,9 records/sec (4,09 MB/sec), 7,0 ms avg latency, 32,0 ms max latency.
80000 records sent, 142,209581 records/sec (4,07 MB/sec), 7,01 ms avg latency, 816,00 ms max latency, 7 ms 50th, 10 ms 95th, 11 ms 99th, 25 ms 99.9th.

Metric Name                                                                          Value
app-info:commit-id:{client-id=producer-1}                                          : d4284cbebb6f0a4c
app-info:start-time-ms:{client-id=producer-1}                                      : 1590148945145
app-info:version:{client-id=producer-1}                                            : 2.3.1
kafka-metrics-count:count:{client-id=producer-1}                                   : 126,000
producer-metrics:batch-size-avg:{client-id=producer-1}                             : 30077,000
producer-metrics:batch-size-max:{client-id=producer-1}                             : 30077,000
producer-metrics:batch-split-rate:{client-id=producer-1}                           : 0,000
producer-metrics:batch-split-total:{client-id=producer-1}                          : 0,000
producer-metrics:buffer-available-bytes:{client-id=producer-1}                     : 33554432,000
producer-metrics:buffer-exhausted-rate:{client-id=producer-1}                      : 0,000
producer-metrics:buffer-exhausted-total:{client-id=producer-1}                     : 0,000
producer-metrics:buffer-total-bytes:{client-id=producer-1}                         : 33554432,000
producer-metrics:bufferpool-wait-ratio:{client-id=producer-1}                      : 0,000
producer-metrics:bufferpool-wait-time-total:{client-id=producer-1}                 : 0,000
producer-metrics:compression-rate-avg:{client-id=producer-1}                       : 1,000
producer-metrics:connection-close-rate:{client-id=producer-1}                      : 0,019
producer-metrics:connection-close-total:{client-id=producer-1}                     : 1,000
producer-metrics:connection-count:{client-id=producer-1}                           : 3,000
producer-metrics:connection-creation-rate:{client-id=producer-1}                   : 0,000
producer-metrics:connection-creation-total:{client-id=producer-1}                  : 4,000
producer-metrics:failed-authentication-rate:{client-id=producer-1}                 : 0,000
producer-metrics:failed-authentication-total:{client-id=producer-1}                : 0,000
producer-metrics:failed-reauthentication-rate:{client-id=producer-1}               : 0,000
producer-metrics:failed-reauthentication-total:{client-id=producer-1}              : 0,000
producer-metrics:incoming-byte-rate:{client-id=producer-1}                         : 8875,447
producer-metrics:incoming-byte-total:{client-id=producer-1}                        : 4962031,000
producer-metrics:io-ratio:{client-id=producer-1}                                   : 0,011
producer-metrics:io-time-ns-avg:{client-id=producer-1}                             : 24780,127
producer-metrics:io-wait-ratio:{client-id=producer-1}                              : 0,971
producer-metrics:io-wait-time-ns-avg:{client-id=producer-1}                        : 2263328,483
producer-metrics:io-waittime-total:{client-id=producer-1}                          : 545820608344,000
producer-metrics:iotime-total:{client-id=producer-1}                               : 6150490726,000
producer-metrics:metadata-age:{client-id=producer-1}                               : 22,370
producer-metrics:network-io-rate:{client-id=producer-1}                            : 286,143
producer-metrics:network-io-total:{client-id=producer-1}                           : 160014,000
producer-metrics:outgoing-byte-rate:{client-id=producer-1}                         : 4312721,453
producer-metrics:outgoing-byte-total:{client-id=producer-1}                        : 2411749115,000
producer-metrics:produce-throttle-time-avg:{client-id=producer-1}                  : 0,000
producer-metrics:produce-throttle-time-max:{client-id=producer-1}                  : 0,000
producer-metrics:reauthentication-latency-avg:{client-id=producer-1}               : NaN
producer-metrics:reauthentication-latency-max:{client-id=producer-1}               : NaN
producer-metrics:record-error-rate:{client-id=producer-1}                          : 0,000
producer-metrics:record-error-total:{client-id=producer-1}                         : 0,000
producer-metrics:record-queue-time-avg:{client-id=producer-1}                      : 0,030
producer-metrics:record-queue-time-max:{client-id=producer-1}                      : 1,000
producer-metrics:record-retry-rate:{client-id=producer-1}                          : 0,000
producer-metrics:record-retry-total:{client-id=producer-1}                         : 0,000
producer-metrics:record-send-rate:{client-id=producer-1}                           : 143,032
producer-metrics:record-send-total:{client-id=producer-1}                          : 80000,000
producer-metrics:record-size-avg:{client-id=producer-1}                            : 30092,000
producer-metrics:record-size-max:{client-id=producer-1}                            : 30092,000
producer-metrics:records-per-request-avg:{client-id=producer-1}                    : 1,000
producer-metrics:request-latency-avg:{client-id=producer-1}                        : 6,898
producer-metrics:request-latency-max:{client-id=producer-1}                        : 654,000
producer-metrics:request-rate:{client-id=producer-1}                               : 143,067
producer-metrics:request-size-avg:{client-id=producer-1}                           : 30142,980
producer-metrics:request-size-max:{client-id=producer-1}                           : 30147,000
producer-metrics:request-total:{client-id=producer-1}                              : 80007,000
producer-metrics:requests-in-flight:{client-id=producer-1}                         : 0,000
producer-metrics:response-rate:{client-id=producer-1}                              : 143,084
producer-metrics:response-total:{client-id=producer-1}                             : 80007,000
producer-metrics:select-rate:{client-id=producer-1}                                : 429,112
producer-metrics:select-total:{client-id=producer-1}                               : 239927,000
producer-metrics:successful-authentication-no-reauth-total:{client-id=producer-1}  : 0,000
producer-metrics:successful-authentication-rate:{client-id=producer-1}             : 0,000
producer-metrics:successful-authentication-total:{client-id=producer-1}            : 0,000
producer-metrics:successful-reauthentication-rate:{client-id=producer-1}           : 0,000
producer-metrics:successful-reauthentication-total:{client-id=producer-1}          : 0,000
producer-metrics:waiting-threads:{client-id=producer-1}                            : 0,000
producer-node-metrics:incoming-byte-rate:{client-id=producer-1, node-id=node--1}   : 0,000
producer-node-metrics:incoming-byte-rate:{client-id=producer-1, node-id=node-1}    : 2963,209
producer-node-metrics:incoming-byte-rate:{client-id=producer-1, node-id=node-3}    : 2939,591
producer-node-metrics:incoming-byte-rate:{client-id=producer-1, node-id=node-6}    : 2973,429
producer-node-metrics:incoming-byte-total:{client-id=producer-1, node-id=node--1}  : 579,000
producer-node-metrics:incoming-byte-total:{client-id=producer-1, node-id=node-1}   : 1659662,000
producer-node-metrics:incoming-byte-total:{client-id=producer-1, node-id=node-3}   : 1646716,000
producer-node-metrics:incoming-byte-total:{client-id=producer-1, node-id=node-6}   : 1655074,000
producer-node-metrics:outgoing-byte-rate:{client-id=producer-1, node-id=node--1}   : 0,000
producer-node-metrics:outgoing-byte-rate:{client-id=producer-1, node-id=node-1}    : 1440642,853
producer-node-metrics:outgoing-byte-rate:{client-id=producer-1, node-id=node-3}    : 1426885,860
producer-node-metrics:outgoing-byte-rate:{client-id=producer-1, node-id=node-6}    : 1445638,821
producer-node-metrics:outgoing-byte-total:{client-id=producer-1, node-id=node--1}  : 67,000
producer-node-metrics:outgoing-byte-total:{client-id=producer-1, node-id=node-1}   : 806850513,000
producer-node-metrics:outgoing-byte-total:{client-id=producer-1, node-id=node-3}   : 800278775,000
producer-node-metrics:outgoing-byte-total:{client-id=producer-1, node-id=node-6}   : 804619760,000
producer-node-metrics:request-latency-avg:{client-id=producer-1, node-id=node--1}  : NaN
producer-node-metrics:request-latency-avg:{client-id=producer-1, node-id=node-1}   : 8,708
producer-node-metrics:request-latency-avg:{client-id=producer-1, node-id=node-3}   : 6,645
producer-node-metrics:request-latency-avg:{client-id=producer-1, node-id=node-6}   : 5,350
producer-node-metrics:request-latency-max:{client-id=producer-1, node-id=node--1}  : NaN
producer-node-metrics:request-latency-max:{client-id=producer-1, node-id=node-1}   : 35,000
producer-node-metrics:request-latency-max:{client-id=producer-1, node-id=node-3}   : 90,000
producer-node-metrics:request-latency-max:{client-id=producer-1, node-id=node-6}   : 654,000
producer-node-metrics:request-rate:{client-id=producer-1, node-id=node--1}         : 0,000
producer-node-metrics:request-rate:{client-id=producer-1, node-id=node-1}          : 47,786
producer-node-metrics:request-rate:{client-id=producer-1, node-id=node-3}          : 47,348
producer-node-metrics:request-rate:{client-id=producer-1, node-id=node-6}          : 47,951
producer-node-metrics:request-size-avg:{client-id=producer-1, node-id=node--1}     : NaN
producer-node-metrics:request-size-avg:{client-id=producer-1, node-id=node-1}      : 30147,000
producer-node-metrics:request-size-avg:{client-id=producer-1, node-id=node-3}      : 30134,787
producer-node-metrics:request-size-avg:{client-id=producer-1, node-id=node-6}      : 30147,000
producer-node-metrics:request-size-max:{client-id=producer-1, node-id=node--1}     : NaN
producer-node-metrics:request-size-max:{client-id=producer-1, node-id=node-1}      : 30147,000
producer-node-metrics:request-size-max:{client-id=producer-1, node-id=node-3}      : 30147,000
producer-node-metrics:request-size-max:{client-id=producer-1, node-id=node-6}      : 30147,000
producer-node-metrics:request-total:{client-id=producer-1, node-id=node--1}        : 2,000
producer-node-metrics:request-total:{client-id=producer-1, node-id=node-1}         : 26765,000
producer-node-metrics:request-total:{client-id=producer-1, node-id=node-3}         : 26549,000
producer-node-metrics:request-total:{client-id=producer-1, node-id=node-6}         : 26691,000
producer-node-metrics:response-rate:{client-id=producer-1, node-id=node--1}        : 0,000
producer-node-metrics:response-rate:{client-id=producer-1, node-id=node-1}         : 47,794
producer-node-metrics:response-rate:{client-id=producer-1, node-id=node-3}         : 47,344
producer-node-metrics:response-rate:{client-id=producer-1, node-id=node-6}         : 47,959
producer-node-metrics:response-total:{client-id=producer-1, node-id=node--1}       : 2,000
producer-node-metrics:response-total:{client-id=producer-1, node-id=node-1}        : 26765,000
producer-node-metrics:response-total:{client-id=producer-1, node-id=node-3}        : 26549,000
producer-node-metrics:response-total:{client-id=producer-1, node-id=node-6}        : 26691,000
producer-topic-metrics:byte-rate:{client-id=producer-1, topic=test-topic}          : 4301893,823
producer-topic-metrics:byte-total:{client-id=producer-1, topic=test-topic}         : 2406148890,000
producer-topic-metrics:compression-rate:{client-id=producer-1, topic=test-topic}   : 1,000
producer-topic-metrics:record-error-rate:{client-id=producer-1, topic=test-topic}  : 0,000
producer-topic-metrics:record-error-total:{client-id=producer-1, topic=test-topic} : 0,000
producer-topic-metrics:record-retry-rate:{client-id=producer-1, topic=test-topic}  : 0,000
producer-topic-metrics:record-retry-total:{client-id=producer-1, topic=test-topic} : 0,000
producer-topic-metrics:record-send-rate:{client-id=producer-1, topic=test-topic}   : 143,032
producer-topic-metrics:record-send-total:{client-id=producer-1, topic=test-topic}  : 80000,000
Produce Time: 562.549
Aplication time: 563.532
