Topic to send: test-topic
Topic to acks: 1
Records: 80000
Size:20000
777 records sent, 155,3 records/sec (2,96 MB/sec), 6,4 ms avg latency, 281,0 ms max latency.
871 records sent, 174,0 records/sec (3,32 MB/sec), 5,7 ms avg latency, 10,0 ms max latency.
871 records sent, 174,1 records/sec (3,32 MB/sec), 5,7 ms avg latency, 33,0 ms max latency.
896 records sent, 179,2 records/sec (3,42 MB/sec), 5,6 ms avg latency, 8,0 ms max latency.
896 records sent, 179,0 records/sec (3,41 MB/sec), 5,6 ms avg latency, 36,0 ms max latency.
906 records sent, 181,2 records/sec (3,46 MB/sec), 5,5 ms avg latency, 15,0 ms max latency.
886 records sent, 177,1 records/sec (3,38 MB/sec), 5,6 ms avg latency, 40,0 ms max latency.
896 records sent, 179,2 records/sec (3,42 MB/sec), 5,6 ms avg latency, 20,0 ms max latency.
888 records sent, 177,5 records/sec (3,39 MB/sec), 5,6 ms avg latency, 31,0 ms max latency.
890 records sent, 177,8 records/sec (3,39 MB/sec), 5,6 ms avg latency, 16,0 ms max latency.
894 records sent, 178,7 records/sec (3,41 MB/sec), 5,6 ms avg latency, 23,0 ms max latency.
890 records sent, 177,8 records/sec (3,39 MB/sec), 5,6 ms avg latency, 29,0 ms max latency.
896 records sent, 179,1 records/sec (3,42 MB/sec), 5,6 ms avg latency, 8,0 ms max latency.
909 records sent, 181,8 records/sec (3,47 MB/sec), 5,5 ms avg latency, 26,0 ms max latency.
900 records sent, 179,8 records/sec (3,43 MB/sec), 5,5 ms avg latency, 34,0 ms max latency.
896 records sent, 179,0 records/sec (3,41 MB/sec), 5,6 ms avg latency, 14,0 ms max latency.
892 records sent, 178,3 records/sec (3,40 MB/sec), 5,6 ms avg latency, 16,0 ms max latency.
900 records sent, 180,0 records/sec (3,43 MB/sec), 5,5 ms avg latency, 14,0 ms max latency.
902 records sent, 180,4 records/sec (3,44 MB/sec), 5,5 ms avg latency, 36,0 ms max latency.
892 records sent, 178,4 records/sec (3,40 MB/sec), 5,6 ms avg latency, 47,0 ms max latency.
902 records sent, 180,3 records/sec (3,44 MB/sec), 5,5 ms avg latency, 9,0 ms max latency.
888 records sent, 177,5 records/sec (3,39 MB/sec), 5,6 ms avg latency, 45,0 ms max latency.
901 records sent, 180,2 records/sec (3,44 MB/sec), 5,5 ms avg latency, 8,0 ms max latency.
914 records sent, 182,7 records/sec (3,48 MB/sec), 5,5 ms avg latency, 14,0 ms max latency.
923 records sent, 184,5 records/sec (3,52 MB/sec), 5,4 ms avg latency, 8,0 ms max latency.
917 records sent, 183,3 records/sec (3,50 MB/sec), 5,4 ms avg latency, 8,0 ms max latency.
906 records sent, 181,1 records/sec (3,45 MB/sec), 5,5 ms avg latency, 24,0 ms max latency.
895 records sent, 178,9 records/sec (3,41 MB/sec), 5,6 ms avg latency, 38,0 ms max latency.
906 records sent, 181,1 records/sec (3,45 MB/sec), 5,5 ms avg latency, 11,0 ms max latency.
898 records sent, 179,5 records/sec (3,42 MB/sec), 5,6 ms avg latency, 31,0 ms max latency.
908 records sent, 176,2 records/sec (3,36 MB/sec), 5,7 ms avg latency, 160,0 ms max latency.
911 records sent, 182,1 records/sec (3,47 MB/sec), 5,5 ms avg latency, 8,0 ms max latency.
930 records sent, 186,0 records/sec (3,55 MB/sec), 5,4 ms avg latency, 8,0 ms max latency.
907 records sent, 181,3 records/sec (3,46 MB/sec), 5,5 ms avg latency, 34,0 ms max latency.
916 records sent, 183,1 records/sec (3,49 MB/sec), 5,4 ms avg latency, 8,0 ms max latency.
919 records sent, 183,8 records/sec (3,51 MB/sec), 5,4 ms avg latency, 11,0 ms max latency.
914 records sent, 182,8 records/sec (3,49 MB/sec), 5,5 ms avg latency, 8,0 ms max latency.
814 records sent, 162,7 records/sec (3,10 MB/sec), 6,1 ms avg latency, 603,0 ms max latency.
909 records sent, 181,8 records/sec (3,47 MB/sec), 5,5 ms avg latency, 27,0 ms max latency.
896 records sent, 179,2 records/sec (3,42 MB/sec), 5,6 ms avg latency, 38,0 ms max latency.
890 records sent, 177,9 records/sec (3,39 MB/sec), 5,6 ms avg latency, 8,0 ms max latency.
894 records sent, 178,7 records/sec (3,41 MB/sec), 5,6 ms avg latency, 31,0 ms max latency.
911 records sent, 182,1 records/sec (3,47 MB/sec), 5,5 ms avg latency, 21,0 ms max latency.
906 records sent, 181,1 records/sec (3,45 MB/sec), 5,5 ms avg latency, 10,0 ms max latency.
898 records sent, 179,6 records/sec (3,42 MB/sec), 5,6 ms avg latency, 9,0 ms max latency.
904 records sent, 180,7 records/sec (3,45 MB/sec), 5,5 ms avg latency, 10,0 ms max latency.
763 records sent, 152,5 records/sec (2,91 MB/sec), 6,5 ms avg latency, 679,0 ms max latency.
916 records sent, 183,1 records/sec (3,49 MB/sec), 5,4 ms avg latency, 28,0 ms max latency.
910 records sent, 181,9 records/sec (3,47 MB/sec), 5,5 ms avg latency, 16,0 ms max latency.
916 records sent, 183,1 records/sec (3,49 MB/sec), 5,4 ms avg latency, 21,0 ms max latency.
914 records sent, 182,8 records/sec (3,49 MB/sec), 5,5 ms avg latency, 10,0 ms max latency.
882 records sent, 176,2 records/sec (3,36 MB/sec), 5,7 ms avg latency, 72,0 ms max latency.
903 records sent, 180,5 records/sec (3,44 MB/sec), 5,5 ms avg latency, 25,0 ms max latency.
917 records sent, 183,4 records/sec (3,50 MB/sec), 5,4 ms avg latency, 9,0 ms max latency.
917 records sent, 183,3 records/sec (3,50 MB/sec), 5,4 ms avg latency, 12,0 ms max latency.
912 records sent, 182,4 records/sec (3,48 MB/sec), 5,5 ms avg latency, 8,0 ms max latency.
909 records sent, 181,7 records/sec (3,46 MB/sec), 5,5 ms avg latency, 10,0 ms max latency.
912 records sent, 182,2 records/sec (3,48 MB/sec), 5,5 ms avg latency, 27,0 ms max latency.
895 records sent, 178,9 records/sec (3,41 MB/sec), 5,6 ms avg latency, 63,0 ms max latency.
902 records sent, 180,3 records/sec (3,44 MB/sec), 5,5 ms avg latency, 19,0 ms max latency.
902 records sent, 180,3 records/sec (3,44 MB/sec), 5,5 ms avg latency, 8,0 ms max latency.
893 records sent, 178,4 records/sec (3,40 MB/sec), 5,6 ms avg latency, 29,0 ms max latency.
898 records sent, 179,5 records/sec (3,42 MB/sec), 5,6 ms avg latency, 8,0 ms max latency.
913 records sent, 182,5 records/sec (3,48 MB/sec), 5,5 ms avg latency, 38,0 ms max latency.
898 records sent, 179,5 records/sec (3,42 MB/sec), 5,6 ms avg latency, 65,0 ms max latency.
897 records sent, 179,3 records/sec (3,42 MB/sec), 5,6 ms avg latency, 8,0 ms max latency.
907 records sent, 181,4 records/sec (3,46 MB/sec), 5,5 ms avg latency, 8,0 ms max latency.
913 records sent, 182,6 records/sec (3,48 MB/sec), 5,5 ms avg latency, 13,0 ms max latency.
916 records sent, 183,1 records/sec (3,49 MB/sec), 5,4 ms avg latency, 13,0 ms max latency.
902 records sent, 180,3 records/sec (3,44 MB/sec), 5,5 ms avg latency, 10,0 ms max latency.
904 records sent, 180,8 records/sec (3,45 MB/sec), 5,5 ms avg latency, 20,0 ms max latency.
917 records sent, 183,2 records/sec (3,49 MB/sec), 5,4 ms avg latency, 10,0 ms max latency.
912 records sent, 182,3 records/sec (3,48 MB/sec), 5,5 ms avg latency, 8,0 ms max latency.
916 records sent, 183,2 records/sec (3,49 MB/sec), 5,4 ms avg latency, 8,0 ms max latency.
912 records sent, 182,4 records/sec (3,48 MB/sec), 5,5 ms avg latency, 8,0 ms max latency.
911 records sent, 182,2 records/sec (3,47 MB/sec), 5,5 ms avg latency, 8,0 ms max latency.
907 records sent, 181,4 records/sec (3,46 MB/sec), 5,5 ms avg latency, 29,0 ms max latency.
882 records sent, 176,4 records/sec (3,36 MB/sec), 5,7 ms avg latency, 137,0 ms max latency.
904 records sent, 180,7 records/sec (3,45 MB/sec), 5,5 ms avg latency, 39,0 ms max latency.
902 records sent, 180,4 records/sec (3,44 MB/sec), 5,5 ms avg latency, 10,0 ms max latency.
899 records sent, 179,8 records/sec (3,43 MB/sec), 5,5 ms avg latency, 8,0 ms max latency.
898 records sent, 179,6 records/sec (3,43 MB/sec), 5,6 ms avg latency, 33,0 ms max latency.
899 records sent, 179,8 records/sec (3,43 MB/sec), 5,6 ms avg latency, 40,0 ms max latency.
893 records sent, 178,6 records/sec (3,41 MB/sec), 5,6 ms avg latency, 51,0 ms max latency.
910 records sent, 181,8 records/sec (3,47 MB/sec), 5,5 ms avg latency, 37,0 ms max latency.
913 records sent, 182,5 records/sec (3,48 MB/sec), 5,5 ms avg latency, 9,0 ms max latency.
919 records sent, 183,8 records/sec (3,51 MB/sec), 5,4 ms avg latency, 20,0 ms max latency.
872 records sent, 174,3 records/sec (3,32 MB/sec), 5,7 ms avg latency, 203,0 ms max latency.
80000 records sent, 179,625929 records/sec (3,43 MB/sec), 5,55 ms avg latency, 679,00 ms max latency, 6 ms 50th, 7 ms 95th, 8 ms 99th, 13 ms 99.9th.

Metric Name                                                                          Value
app-info:commit-id:{client-id=producer-1}                                          : d4284cbebb6f0a4c
app-info:start-time-ms:{client-id=producer-1}                                      : 1591594949241
app-info:version:{client-id=producer-1}                                            : 2.3.1
kafka-metrics-count:count:{client-id=producer-1}                                   : 126,000
producer-metrics:batch-size-avg:{client-id=producer-1}                             : 20077,000
producer-metrics:batch-size-max:{client-id=producer-1}                             : 20077,000
producer-metrics:batch-split-rate:{client-id=producer-1}                           : 0,000
producer-metrics:batch-split-total:{client-id=producer-1}                          : 0,000
producer-metrics:buffer-available-bytes:{client-id=producer-1}                     : 33554432,000
producer-metrics:buffer-exhausted-rate:{client-id=producer-1}                      : 0,000
producer-metrics:buffer-exhausted-total:{client-id=producer-1}                     : 0,000
producer-metrics:buffer-total-bytes:{client-id=producer-1}                         : 33554432,000
producer-metrics:bufferpool-wait-ratio:{client-id=producer-1}                      : 0,000
producer-metrics:bufferpool-wait-time-total:{client-id=producer-1}                 : 0,000
producer-metrics:compression-rate-avg:{client-id=producer-1}                       : 1,000
producer-metrics:connection-close-rate:{client-id=producer-1}                      : 0,000
producer-metrics:connection-close-total:{client-id=producer-1}                     : 0,000
producer-metrics:connection-count:{client-id=producer-1}                           : 4,000
producer-metrics:connection-creation-rate:{client-id=producer-1}                   : 0,000
producer-metrics:connection-creation-total:{client-id=producer-1}                  : 4,000
producer-metrics:failed-authentication-rate:{client-id=producer-1}                 : 0,000
producer-metrics:failed-authentication-total:{client-id=producer-1}                : 0,000
producer-metrics:failed-reauthentication-rate:{client-id=producer-1}               : 0,000
producer-metrics:failed-reauthentication-total:{client-id=producer-1}              : 0,000
producer-metrics:incoming-byte-rate:{client-id=producer-1}                         : 11171,262
producer-metrics:incoming-byte-total:{client-id=producer-1}                        : 4961746,000
producer-metrics:io-ratio:{client-id=producer-1}                                   : 0,011
producer-metrics:io-time-ns-avg:{client-id=producer-1}                             : 21035,098
producer-metrics:io-wait-ratio:{client-id=producer-1}                              : 0,971
producer-metrics:io-wait-time-ns-avg:{client-id=producer-1}                        : 1796172,286
producer-metrics:io-waittime-total:{client-id=producer-1}                          : 431045181068,000
producer-metrics:iotime-total:{client-id=producer-1}                               : 5444992869,000
producer-metrics:metadata-age:{client-id=producer-1}                               : 145,187
producer-metrics:network-io-rate:{client-id=producer-1}                            : 360,339
producer-metrics:network-io-total:{client-id=producer-1}                           : 160012,000
producer-metrics:outgoing-byte-rate:{client-id=producer-1}                         : 3629951,884
producer-metrics:outgoing-byte-total:{client-id=producer-1}                        : 1611749072,000
producer-metrics:produce-throttle-time-avg:{client-id=producer-1}                  : 0,000
producer-metrics:produce-throttle-time-max:{client-id=producer-1}                  : 0,000
producer-metrics:reauthentication-latency-avg:{client-id=producer-1}               : NaN
producer-metrics:reauthentication-latency-max:{client-id=producer-1}               : NaN
producer-metrics:record-error-rate:{client-id=producer-1}                          : 0,000
producer-metrics:record-error-total:{client-id=producer-1}                         : 0,000
producer-metrics:record-queue-time-avg:{client-id=producer-1}                      : 0,023
producer-metrics:record-queue-time-max:{client-id=producer-1}                      : 4,000
producer-metrics:record-retry-rate:{client-id=producer-1}                          : 0,000
producer-metrics:record-retry-total:{client-id=producer-1}                         : 0,000
producer-metrics:record-send-rate:{client-id=producer-1}                           : 180,165
producer-metrics:record-send-total:{client-id=producer-1}                          : 80000,000
producer-metrics:record-size-avg:{client-id=producer-1}                            : 20092,000
producer-metrics:record-size-max:{client-id=producer-1}                            : 20092,000
producer-metrics:records-per-request-avg:{client-id=producer-1}                    : 1,000
producer-metrics:request-latency-avg:{client-id=producer-1}                        : 5,482
producer-metrics:request-latency-max:{client-id=producer-1}                        : 203,000
producer-metrics:request-rate:{client-id=producer-1}                               : 180,164
producer-metrics:request-size-avg:{client-id=producer-1}                           : 20147,000
producer-metrics:request-size-max:{client-id=producer-1}                           : 20147,000
producer-metrics:request-total:{client-id=producer-1}                              : 80006,000
producer-metrics:requests-in-flight:{client-id=producer-1}                         : 0,000
producer-metrics:response-rate:{client-id=producer-1}                              : 180,182
producer-metrics:response-total:{client-id=producer-1}                             : 80006,000
producer-metrics:select-rate:{client-id=producer-1}                                : 540,572
producer-metrics:select-total:{client-id=producer-1}                               : 239824,000
producer-metrics:successful-authentication-no-reauth-total:{client-id=producer-1}  : 0,000
producer-metrics:successful-authentication-rate:{client-id=producer-1}             : 0,000
producer-metrics:successful-authentication-total:{client-id=producer-1}            : 0,000
producer-metrics:successful-reauthentication-rate:{client-id=producer-1}           : 0,000
producer-metrics:successful-reauthentication-total:{client-id=producer-1}          : 0,000
producer-metrics:waiting-threads:{client-id=producer-1}                            : 0,000
producer-node-metrics:incoming-byte-rate:{client-id=producer-1, node-id=node--2}   : 0,000
producer-node-metrics:incoming-byte-rate:{client-id=producer-1, node-id=node-1}    : 3774,050
producer-node-metrics:incoming-byte-rate:{client-id=producer-1, node-id=node-3}    : 3689,873
producer-node-metrics:incoming-byte-rate:{client-id=producer-1, node-id=node-6}    : 3711,005
producer-node-metrics:incoming-byte-total:{client-id=producer-1, node-id=node--2}  : 579,000
producer-node-metrics:incoming-byte-total:{client-id=producer-1, node-id=node-1}   : 1659662,000
producer-node-metrics:incoming-byte-total:{client-id=producer-1, node-id=node-3}   : 1646431,000
producer-node-metrics:incoming-byte-total:{client-id=producer-1, node-id=node-6}   : 1655074,000
producer-node-metrics:outgoing-byte-rate:{client-id=producer-1, node-id=node--2}   : 0,000
producer-node-metrics:outgoing-byte-rate:{client-id=producer-1, node-id=node-1}    : 1226294,514
producer-node-metrics:outgoing-byte-rate:{client-id=producer-1, node-id=node-3}    : 1198776,396
producer-node-metrics:outgoing-byte-rate:{client-id=producer-1, node-id=node-6}    : 1206878,404
producer-node-metrics:outgoing-byte-total:{client-id=producer-1, node-id=node--2}  : 67,000
producer-node-metrics:outgoing-byte-total:{client-id=producer-1, node-id=node-1}   : 539210513,000
producer-node-metrics:outgoing-byte-total:{client-id=producer-1, node-id=node-3}   : 534818732,000
producer-node-metrics:outgoing-byte-total:{client-id=producer-1, node-id=node-6}   : 537719760,000
producer-node-metrics:request-latency-avg:{client-id=producer-1, node-id=node--2}  : NaN
producer-node-metrics:request-latency-avg:{client-id=producer-1, node-id=node-1}   : 5,466
producer-node-metrics:request-latency-avg:{client-id=producer-1, node-id=node-3}   : 5,696
producer-node-metrics:request-latency-avg:{client-id=producer-1, node-id=node-6}   : 5,287
producer-node-metrics:request-latency-max:{client-id=producer-1, node-id=node--2}  : NaN
producer-node-metrics:request-latency-max:{client-id=producer-1, node-id=node-1}   : 203,000
producer-node-metrics:request-latency-max:{client-id=producer-1, node-id=node-3}   : 51,000
producer-node-metrics:request-latency-max:{client-id=producer-1, node-id=node-6}   : 8,000
producer-node-metrics:request-rate:{client-id=producer-1, node-id=node--2}         : 0,000
producer-node-metrics:request-rate:{client-id=producer-1, node-id=node-1}          : 60,866
producer-node-metrics:request-rate:{client-id=producer-1, node-id=node-3}          : 59,499
producer-node-metrics:request-rate:{client-id=producer-1, node-id=node-6}          : 59,903
producer-node-metrics:request-size-avg:{client-id=producer-1, node-id=node--2}     : NaN
producer-node-metrics:request-size-avg:{client-id=producer-1, node-id=node-1}      : 20147,000
producer-node-metrics:request-size-avg:{client-id=producer-1, node-id=node-3}      : 20147,000
producer-node-metrics:request-size-avg:{client-id=producer-1, node-id=node-6}      : 20147,000
producer-node-metrics:request-size-max:{client-id=producer-1, node-id=node--2}     : NaN
producer-node-metrics:request-size-max:{client-id=producer-1, node-id=node-1}      : 20147,000
producer-node-metrics:request-size-max:{client-id=producer-1, node-id=node-3}      : 20147,000
producer-node-metrics:request-size-max:{client-id=producer-1, node-id=node-6}      : 20147,000
producer-node-metrics:request-total:{client-id=producer-1, node-id=node--2}        : 2,000
producer-node-metrics:request-total:{client-id=producer-1, node-id=node-1}         : 26765,000
producer-node-metrics:request-total:{client-id=producer-1, node-id=node-3}         : 26548,000
producer-node-metrics:request-total:{client-id=producer-1, node-id=node-6}         : 26691,000
producer-node-metrics:response-rate:{client-id=producer-1, node-id=node--2}        : 0,000
producer-node-metrics:response-rate:{client-id=producer-1, node-id=node-1}         : 60,872
producer-node-metrics:response-rate:{client-id=producer-1, node-id=node-3}         : 59,514
producer-node-metrics:response-rate:{client-id=producer-1, node-id=node-6}         : 59,855
producer-node-metrics:response-total:{client-id=producer-1, node-id=node--2}       : 2,000
producer-node-metrics:response-total:{client-id=producer-1, node-id=node-1}        : 26765,000
producer-node-metrics:response-total:{client-id=producer-1, node-id=node-3}        : 26548,000
producer-node-metrics:response-total:{client-id=producer-1, node-id=node-6}        : 26691,000
producer-topic-metrics:byte-rate:{client-id=producer-1, topic=test-topic}          : 3617175,501
producer-topic-metrics:byte-total:{client-id=producer-1, topic=test-topic}         : 1606148890,000
producer-topic-metrics:compression-rate:{client-id=producer-1, topic=test-topic}   : 1,000
producer-topic-metrics:record-error-rate:{client-id=producer-1, topic=test-topic}  : 0,000
producer-topic-metrics:record-error-total:{client-id=producer-1, topic=test-topic} : 0,000
producer-topic-metrics:record-retry-rate:{client-id=producer-1, topic=test-topic}  : 0,000
producer-topic-metrics:record-retry-total:{client-id=producer-1, topic=test-topic} : 0,000
producer-topic-metrics:record-send-rate:{client-id=producer-1, topic=test-topic}   : 180,165
producer-topic-metrics:record-send-total:{client-id=producer-1, topic=test-topic}  : 80000,000
Produce Time: 445.369
Aplication time: 446.141
