Topic to send: test-topic
Topic to acks: 1
Records: 80000
Size:20000
793 records sent, 158,5 records/sec (3,02 MB/sec), 6,3 ms avg latency, 271,0 ms max latency.
906 records sent, 181,1 records/sec (3,45 MB/sec), 5,5 ms avg latency, 18,0 ms max latency.
937 records sent, 187,4 records/sec (3,57 MB/sec), 5,3 ms avg latency, 15,0 ms max latency.
963 records sent, 192,5 records/sec (3,67 MB/sec), 5,2 ms avg latency, 26,0 ms max latency.
975 records sent, 194,8 records/sec (3,72 MB/sec), 5,1 ms avg latency, 20,0 ms max latency.
971 records sent, 194,1 records/sec (3,70 MB/sec), 5,1 ms avg latency, 33,0 ms max latency.
965 records sent, 193,0 records/sec (3,68 MB/sec), 5,2 ms avg latency, 19,0 ms max latency.
998 records sent, 199,6 records/sec (3,81 MB/sec), 5,0 ms avg latency, 10,0 ms max latency.
959 records sent, 191,8 records/sec (3,66 MB/sec), 5,2 ms avg latency, 19,0 ms max latency.
950 records sent, 190,0 records/sec (3,62 MB/sec), 5,2 ms avg latency, 12,0 ms max latency.
976 records sent, 195,1 records/sec (3,72 MB/sec), 5,1 ms avg latency, 43,0 ms max latency.
996 records sent, 199,2 records/sec (3,80 MB/sec), 5,0 ms avg latency, 36,0 ms max latency.
954 records sent, 190,8 records/sec (3,64 MB/sec), 5,2 ms avg latency, 8,0 ms max latency.
944 records sent, 188,8 records/sec (3,60 MB/sec), 5,3 ms avg latency, 33,0 ms max latency.
993 records sent, 198,6 records/sec (3,79 MB/sec), 5,0 ms avg latency, 34,0 ms max latency.
960 records sent, 191,8 records/sec (3,66 MB/sec), 5,2 ms avg latency, 15,0 ms max latency.
953 records sent, 190,5 records/sec (3,63 MB/sec), 5,2 ms avg latency, 25,0 ms max latency.
978 records sent, 192,7 records/sec (3,68 MB/sec), 5,2 ms avg latency, 130,0 ms max latency.
899 records sent, 179,5 records/sec (3,42 MB/sec), 5,5 ms avg latency, 258,0 ms max latency.
948 records sent, 189,6 records/sec (3,62 MB/sec), 5,3 ms avg latency, 251,0 ms max latency.
1005 records sent, 200,9 records/sec (3,83 MB/sec), 5,0 ms avg latency, 18,0 ms max latency.
999 records sent, 199,7 records/sec (3,81 MB/sec), 5,0 ms avg latency, 8,0 ms max latency.
969 records sent, 193,7 records/sec (3,69 MB/sec), 5,2 ms avg latency, 15,0 ms max latency.
980 records sent, 195,8 records/sec (3,73 MB/sec), 5,1 ms avg latency, 8,0 ms max latency.
972 records sent, 194,2 records/sec (3,70 MB/sec), 5,1 ms avg latency, 17,0 ms max latency.
946 records sent, 189,0 records/sec (3,61 MB/sec), 5,3 ms avg latency, 10,0 ms max latency.
981 records sent, 196,2 records/sec (3,74 MB/sec), 5,1 ms avg latency, 22,0 ms max latency.
914 records sent, 182,7 records/sec (3,48 MB/sec), 5,5 ms avg latency, 33,0 ms max latency.
977 records sent, 195,4 records/sec (3,73 MB/sec), 5,1 ms avg latency, 29,0 ms max latency.
957 records sent, 191,2 records/sec (3,65 MB/sec), 5,2 ms avg latency, 10,0 ms max latency.
945 records sent, 188,8 records/sec (3,60 MB/sec), 5,3 ms avg latency, 43,0 ms max latency.
952 records sent, 190,4 records/sec (3,63 MB/sec), 5,2 ms avg latency, 122,0 ms max latency.
949 records sent, 189,8 records/sec (3,62 MB/sec), 5,3 ms avg latency, 8,0 ms max latency.
1014 records sent, 202,7 records/sec (3,87 MB/sec), 4,9 ms avg latency, 66,0 ms max latency.
966 records sent, 193,2 records/sec (3,68 MB/sec), 5,2 ms avg latency, 21,0 ms max latency.
972 records sent, 194,3 records/sec (3,71 MB/sec), 5,1 ms avg latency, 42,0 ms max latency.
942 records sent, 188,2 records/sec (3,59 MB/sec), 5,3 ms avg latency, 8,0 ms max latency.
972 records sent, 194,3 records/sec (3,71 MB/sec), 5,1 ms avg latency, 25,0 ms max latency.
975 records sent, 194,8 records/sec (3,72 MB/sec), 5,1 ms avg latency, 8,0 ms max latency.
984 records sent, 196,7 records/sec (3,75 MB/sec), 5,1 ms avg latency, 23,0 ms max latency.
975 records sent, 194,9 records/sec (3,72 MB/sec), 5,1 ms avg latency, 31,0 ms max latency.
922 records sent, 184,3 records/sec (3,52 MB/sec), 5,4 ms avg latency, 8,0 ms max latency.
935 records sent, 187,0 records/sec (3,57 MB/sec), 5,3 ms avg latency, 21,0 ms max latency.
976 records sent, 195,1 records/sec (3,72 MB/sec), 5,1 ms avg latency, 8,0 ms max latency.
1014 records sent, 202,7 records/sec (3,87 MB/sec), 4,9 ms avg latency, 31,0 ms max latency.
981 records sent, 196,2 records/sec (3,74 MB/sec), 5,1 ms avg latency, 24,0 ms max latency.
949 records sent, 189,6 records/sec (3,62 MB/sec), 5,3 ms avg latency, 36,0 ms max latency.
942 records sent, 188,4 records/sec (3,59 MB/sec), 5,3 ms avg latency, 59,0 ms max latency.
961 records sent, 192,2 records/sec (3,67 MB/sec), 5,2 ms avg latency, 26,0 ms max latency.
1005 records sent, 200,9 records/sec (3,83 MB/sec), 5,0 ms avg latency, 35,0 ms max latency.
1005 records sent, 200,8 records/sec (3,83 MB/sec), 5,0 ms avg latency, 9,0 ms max latency.
935 records sent, 186,9 records/sec (3,57 MB/sec), 5,3 ms avg latency, 20,0 ms max latency.
973 records sent, 194,6 records/sec (3,71 MB/sec), 5,1 ms avg latency, 25,0 ms max latency.
942 records sent, 188,3 records/sec (3,59 MB/sec), 5,3 ms avg latency, 66,0 ms max latency.
987 records sent, 197,4 records/sec (3,77 MB/sec), 5,1 ms avg latency, 27,0 ms max latency.
891 records sent, 178,2 records/sec (3,40 MB/sec), 5,6 ms avg latency, 343,0 ms max latency.
1004 records sent, 200,6 records/sec (3,83 MB/sec), 5,0 ms avg latency, 8,0 ms max latency.
985 records sent, 196,9 records/sec (3,76 MB/sec), 5,1 ms avg latency, 8,0 ms max latency.
983 records sent, 196,4 records/sec (3,75 MB/sec), 5,1 ms avg latency, 22,0 ms max latency.
966 records sent, 193,2 records/sec (3,68 MB/sec), 5,2 ms avg latency, 64,0 ms max latency.
982 records sent, 196,4 records/sec (3,75 MB/sec), 5,1 ms avg latency, 26,0 ms max latency.
979 records sent, 195,8 records/sec (3,73 MB/sec), 5,1 ms avg latency, 8,0 ms max latency.
958 records sent, 191,6 records/sec (3,65 MB/sec), 5,2 ms avg latency, 8,0 ms max latency.
939 records sent, 187,7 records/sec (3,58 MB/sec), 5,3 ms avg latency, 13,0 ms max latency.
1038 records sent, 207,5 records/sec (3,96 MB/sec), 4,8 ms avg latency, 12,0 ms max latency.
947 records sent, 189,4 records/sec (3,61 MB/sec), 5,3 ms avg latency, 8,0 ms max latency.
991 records sent, 198,1 records/sec (3,78 MB/sec), 5,0 ms avg latency, 69,0 ms max latency.
961 records sent, 192,1 records/sec (3,66 MB/sec), 5,2 ms avg latency, 8,0 ms max latency.
931 records sent, 186,0 records/sec (3,55 MB/sec), 5,4 ms avg latency, 126,0 ms max latency.
898 records sent, 179,6 records/sec (3,43 MB/sec), 5,5 ms avg latency, 8,0 ms max latency.
946 records sent, 189,0 records/sec (3,61 MB/sec), 5,3 ms avg latency, 8,0 ms max latency.
946 records sent, 189,1 records/sec (3,61 MB/sec), 5,3 ms avg latency, 26,0 ms max latency.
981 records sent, 196,2 records/sec (3,74 MB/sec), 5,1 ms avg latency, 106,0 ms max latency.
1026 records sent, 205,1 records/sec (3,91 MB/sec), 4,9 ms avg latency, 16,0 ms max latency.
951 records sent, 190,1 records/sec (3,63 MB/sec), 5,2 ms avg latency, 36,0 ms max latency.
952 records sent, 190,3 records/sec (3,63 MB/sec), 5,2 ms avg latency, 8,0 ms max latency.
947 records sent, 189,4 records/sec (3,61 MB/sec), 5,3 ms avg latency, 21,0 ms max latency.
990 records sent, 197,9 records/sec (3,77 MB/sec), 5,0 ms avg latency, 23,0 ms max latency.
961 records sent, 192,0 records/sec (3,66 MB/sec), 5,2 ms avg latency, 27,0 ms max latency.
990 records sent, 198,0 records/sec (3,78 MB/sec), 5,0 ms avg latency, 25,0 ms max latency.
951 records sent, 190,1 records/sec (3,63 MB/sec), 5,2 ms avg latency, 25,0 ms max latency.
982 records sent, 196,2 records/sec (3,74 MB/sec), 5,1 ms avg latency, 14,0 ms max latency.
967 records sent, 193,2 records/sec (3,69 MB/sec), 5,2 ms avg latency, 47,0 ms max latency.
80000 records sent, 192,458976 records/sec (3,67 MB/sec), 5,18 ms avg latency, 343,00 ms max latency, 5 ms 50th, 7 ms 95th, 8 ms 99th, 13 ms 99.9th.

Metric Name                                                                          Value
app-info:commit-id:{client-id=producer-1}                                          : d4284cbebb6f0a4c
app-info:start-time-ms:{client-id=producer-1}                                      : 1591592840194
app-info:version:{client-id=producer-1}                                            : 2.3.1
kafka-metrics-count:count:{client-id=producer-1}                                   : 126,000
producer-metrics:batch-size-avg:{client-id=producer-1}                             : 20077,000
producer-metrics:batch-size-max:{client-id=producer-1}                             : 20077,000
producer-metrics:batch-split-rate:{client-id=producer-1}                           : 0,000
producer-metrics:batch-split-total:{client-id=producer-1}                          : 0,000
producer-metrics:buffer-available-bytes:{client-id=producer-1}                     : 33554432,000
producer-metrics:buffer-exhausted-rate:{client-id=producer-1}                      : 0,000
producer-metrics:buffer-exhausted-total:{client-id=producer-1}                     : 0,000
producer-metrics:buffer-total-bytes:{client-id=producer-1}                         : 33554432,000
producer-metrics:bufferpool-wait-ratio:{client-id=producer-1}                      : 0,000
producer-metrics:bufferpool-wait-time-total:{client-id=producer-1}                 : 0,000
producer-metrics:compression-rate-avg:{client-id=producer-1}                       : 1,000
producer-metrics:connection-close-rate:{client-id=producer-1}                      : 0,000
producer-metrics:connection-close-total:{client-id=producer-1}                     : 0,000
producer-metrics:connection-count:{client-id=producer-1}                           : 4,000
producer-metrics:connection-creation-rate:{client-id=producer-1}                   : 0,000
producer-metrics:connection-creation-total:{client-id=producer-1}                  : 4,000
producer-metrics:failed-authentication-rate:{client-id=producer-1}                 : 0,000
producer-metrics:failed-authentication-total:{client-id=producer-1}                : 0,000
producer-metrics:failed-reauthentication-rate:{client-id=producer-1}               : 0,000
producer-metrics:failed-reauthentication-total:{client-id=producer-1}              : 0,000
producer-metrics:incoming-byte-rate:{client-id=producer-1}                         : 12043,696
producer-metrics:incoming-byte-total:{client-id=producer-1}                        : 4961746,000
producer-metrics:io-ratio:{client-id=producer-1}                                   : 0,012
producer-metrics:io-time-ns-avg:{client-id=producer-1}                             : 20951,202
producer-metrics:io-wait-ratio:{client-id=producer-1}                              : 0,970
producer-metrics:io-wait-time-ns-avg:{client-id=producer-1}                        : 1665437,120
producer-metrics:io-waittime-total:{client-id=producer-1}                          : 402181624723,000
producer-metrics:iotime-total:{client-id=producer-1}                               : 5311415663,000
producer-metrics:metadata-age:{client-id=producer-1}                               : 115,503
producer-metrics:network-io-rate:{client-id=producer-1}                            : 388,470
producer-metrics:network-io-total:{client-id=producer-1}                           : 160012,000
producer-metrics:outgoing-byte-rate:{client-id=producer-1}                         : 3913357,230
producer-metrics:outgoing-byte-total:{client-id=producer-1}                        : 1611749072,000
producer-metrics:produce-throttle-time-avg:{client-id=producer-1}                  : 0,000
producer-metrics:produce-throttle-time-max:{client-id=producer-1}                  : 0,000
producer-metrics:reauthentication-latency-avg:{client-id=producer-1}               : NaN
producer-metrics:reauthentication-latency-max:{client-id=producer-1}               : NaN
producer-metrics:record-error-rate:{client-id=producer-1}                          : 0,000
producer-metrics:record-error-total:{client-id=producer-1}                         : 0,000
producer-metrics:record-queue-time-avg:{client-id=producer-1}                      : 0,026
producer-metrics:record-queue-time-max:{client-id=producer-1}                      : 1,000
producer-metrics:record-retry-rate:{client-id=producer-1}                          : 0,000
producer-metrics:record-retry-total:{client-id=producer-1}                         : 0,000
producer-metrics:record-send-rate:{client-id=producer-1}                           : 194,256
producer-metrics:record-send-total:{client-id=producer-1}                          : 80000,000
producer-metrics:record-size-avg:{client-id=producer-1}                            : 20092,000
producer-metrics:record-size-max:{client-id=producer-1}                            : 20092,000
producer-metrics:records-per-request-avg:{client-id=producer-1}                    : 1,000
producer-metrics:request-latency-avg:{client-id=producer-1}                        : 5,078
producer-metrics:request-latency-max:{client-id=producer-1}                        : 106,000
producer-metrics:request-rate:{client-id=producer-1}                               : 194,230
producer-metrics:request-size-avg:{client-id=producer-1}                           : 20147,000
producer-metrics:request-size-max:{client-id=producer-1}                           : 20147,000
producer-metrics:request-total:{client-id=producer-1}                              : 80006,000
producer-metrics:requests-in-flight:{client-id=producer-1}                         : 0,000
producer-metrics:response-rate:{client-id=producer-1}                              : 194,250
producer-metrics:response-total:{client-id=producer-1}                             : 80006,000
producer-metrics:select-rate:{client-id=producer-1}                                : 582,553
producer-metrics:select-total:{client-id=producer-1}                               : 239953,000
producer-metrics:successful-authentication-no-reauth-total:{client-id=producer-1}  : 0,000
producer-metrics:successful-authentication-rate:{client-id=producer-1}             : 0,000
producer-metrics:successful-authentication-total:{client-id=producer-1}            : 0,000
producer-metrics:successful-reauthentication-rate:{client-id=producer-1}           : 0,000
producer-metrics:successful-reauthentication-total:{client-id=producer-1}          : 0,000
producer-metrics:waiting-threads:{client-id=producer-1}                            : 0,000
producer-node-metrics:incoming-byte-rate:{client-id=producer-1, node-id=node--3}   : 0,000
producer-node-metrics:incoming-byte-rate:{client-id=producer-1, node-id=node-1}    : 4099,025
producer-node-metrics:incoming-byte-rate:{client-id=producer-1, node-id=node-3}    : 3939,124
producer-node-metrics:incoming-byte-rate:{client-id=producer-1, node-id=node-6}    : 4007,775
producer-node-metrics:incoming-byte-total:{client-id=producer-1, node-id=node--3}  : 579,000
producer-node-metrics:incoming-byte-total:{client-id=producer-1, node-id=node-1}   : 1659662,000
producer-node-metrics:incoming-byte-total:{client-id=producer-1, node-id=node-3}   : 1646431,000
producer-node-metrics:incoming-byte-total:{client-id=producer-1, node-id=node-6}   : 1655074,000
producer-node-metrics:outgoing-byte-rate:{client-id=producer-1, node-id=node--3}   : 0,000
producer-node-metrics:outgoing-byte-rate:{client-id=producer-1, node-id=node-1}    : 1331864,458
producer-node-metrics:outgoing-byte-rate:{client-id=producer-1, node-id=node-3}    : 1279932,202
producer-node-metrics:outgoing-byte-rate:{client-id=producer-1, node-id=node-6}    : 1302262,331
producer-node-metrics:outgoing-byte-total:{client-id=producer-1, node-id=node--3}  : 67,000
producer-node-metrics:outgoing-byte-total:{client-id=producer-1, node-id=node-1}   : 539210513,000
producer-node-metrics:outgoing-byte-total:{client-id=producer-1, node-id=node-3}   : 534818732,000
producer-node-metrics:outgoing-byte-total:{client-id=producer-1, node-id=node-6}   : 537719760,000
producer-node-metrics:request-latency-avg:{client-id=producer-1, node-id=node--3}  : NaN
producer-node-metrics:request-latency-avg:{client-id=producer-1, node-id=node-1}   : 6,194
producer-node-metrics:request-latency-avg:{client-id=producer-1, node-id=node-3}   : 4,551
producer-node-metrics:request-latency-avg:{client-id=producer-1, node-id=node-6}   : 4,455
producer-node-metrics:request-latency-max:{client-id=producer-1, node-id=node--3}  : NaN
producer-node-metrics:request-latency-max:{client-id=producer-1, node-id=node-1}   : 36,000
producer-node-metrics:request-latency-max:{client-id=producer-1, node-id=node-3}   : 106,000
producer-node-metrics:request-latency-max:{client-id=producer-1, node-id=node-6}   : 47,000
producer-node-metrics:request-rate:{client-id=producer-1, node-id=node--3}         : 0,000
producer-node-metrics:request-rate:{client-id=producer-1, node-id=node-1}          : 66,106
producer-node-metrics:request-rate:{client-id=producer-1, node-id=node-3}          : 63,527
producer-node-metrics:request-rate:{client-id=producer-1, node-id=node-6}          : 64,636
producer-node-metrics:request-size-avg:{client-id=producer-1, node-id=node--3}     : NaN
producer-node-metrics:request-size-avg:{client-id=producer-1, node-id=node-1}      : 20147,000
producer-node-metrics:request-size-avg:{client-id=producer-1, node-id=node-3}      : 20147,000
producer-node-metrics:request-size-avg:{client-id=producer-1, node-id=node-6}      : 20147,000
producer-node-metrics:request-size-max:{client-id=producer-1, node-id=node--3}     : NaN
producer-node-metrics:request-size-max:{client-id=producer-1, node-id=node-1}      : 20147,000
producer-node-metrics:request-size-max:{client-id=producer-1, node-id=node-3}      : 20147,000
producer-node-metrics:request-size-max:{client-id=producer-1, node-id=node-6}      : 20147,000
producer-node-metrics:request-total:{client-id=producer-1, node-id=node--3}        : 2,000
producer-node-metrics:request-total:{client-id=producer-1, node-id=node-1}         : 26765,000
producer-node-metrics:request-total:{client-id=producer-1, node-id=node-3}         : 26548,000
producer-node-metrics:request-total:{client-id=producer-1, node-id=node-6}         : 26691,000
producer-node-metrics:response-rate:{client-id=producer-1, node-id=node--3}        : 0,000
producer-node-metrics:response-rate:{client-id=producer-1, node-id=node-1}         : 66,113
producer-node-metrics:response-rate:{client-id=producer-1, node-id=node-3}         : 63,534
producer-node-metrics:response-rate:{client-id=producer-1, node-id=node-6}         : 64,642
producer-node-metrics:response-total:{client-id=producer-1, node-id=node--3}       : 2,000
producer-node-metrics:response-total:{client-id=producer-1, node-id=node-1}        : 26765,000
producer-node-metrics:response-total:{client-id=producer-1, node-id=node-3}        : 26548,000
producer-node-metrics:response-total:{client-id=producer-1, node-id=node-6}        : 26691,000
producer-topic-metrics:byte-rate:{client-id=producer-1, topic=test-topic}          : 3900078,222
producer-topic-metrics:byte-total:{client-id=producer-1, topic=test-topic}         : 1606148890,000
producer-topic-metrics:compression-rate:{client-id=producer-1, topic=test-topic}   : 1,000
producer-topic-metrics:record-error-rate:{client-id=producer-1, topic=test-topic}  : 0,000
producer-topic-metrics:record-error-total:{client-id=producer-1, topic=test-topic} : 0,000
producer-topic-metrics:record-retry-rate:{client-id=producer-1, topic=test-topic}  : 0,000
producer-topic-metrics:record-retry-total:{client-id=producer-1, topic=test-topic} : 0,000
producer-topic-metrics:record-send-rate:{client-id=producer-1, topic=test-topic}   : 194,256
producer-topic-metrics:record-send-total:{client-id=producer-1, topic=test-topic}  : 80000,000
Produce Time: 415.671
Aplication time: 416.439
