Topic to send: test-topic
Topic to acks: 1
Records: 80000
Size:30000
636 records sent, 127,1 records/sec (3,64 MB/sec), 7,8 ms avg latency, 270,0 ms max latency.
716 records sent, 143,0 records/sec (4,09 MB/sec), 7,0 ms avg latency, 32,0 ms max latency.
710 records sent, 142,0 records/sec (4,06 MB/sec), 7,0 ms avg latency, 35,0 ms max latency.
695 records sent, 139,0 records/sec (3,98 MB/sec), 7,2 ms avg latency, 11,0 ms max latency.
727 records sent, 145,4 records/sec (4,16 MB/sec), 6,9 ms avg latency, 19,0 ms max latency.
699 records sent, 139,7 records/sec (4,00 MB/sec), 7,1 ms avg latency, 20,0 ms max latency.
689 records sent, 137,8 records/sec (3,94 MB/sec), 7,2 ms avg latency, 59,0 ms max latency.
719 records sent, 143,7 records/sec (4,11 MB/sec), 6,9 ms avg latency, 17,0 ms max latency.
722 records sent, 144,3 records/sec (4,13 MB/sec), 6,9 ms avg latency, 19,0 ms max latency.
729 records sent, 145,6 records/sec (4,16 MB/sec), 6,9 ms avg latency, 29,0 ms max latency.
729 records sent, 145,7 records/sec (4,17 MB/sec), 6,9 ms avg latency, 11,0 ms max latency.
744 records sent, 148,8 records/sec (4,26 MB/sec), 6,7 ms avg latency, 15,0 ms max latency.
734 records sent, 146,7 records/sec (4,20 MB/sec), 6,8 ms avg latency, 57,0 ms max latency.
749 records sent, 149,8 records/sec (4,28 MB/sec), 6,7 ms avg latency, 24,0 ms max latency.
662 records sent, 132,3 records/sec (3,78 MB/sec), 7,5 ms avg latency, 557,0 ms max latency.
732 records sent, 146,3 records/sec (4,19 MB/sec), 6,8 ms avg latency, 16,0 ms max latency.
730 records sent, 145,9 records/sec (4,17 MB/sec), 6,8 ms avg latency, 34,0 ms max latency.
744 records sent, 148,6 records/sec (4,25 MB/sec), 6,7 ms avg latency, 62,0 ms max latency.
703 records sent, 140,6 records/sec (4,02 MB/sec), 7,1 ms avg latency, 27,0 ms max latency.
743 records sent, 148,6 records/sec (4,25 MB/sec), 6,7 ms avg latency, 55,0 ms max latency.
741 records sent, 148,0 records/sec (4,23 MB/sec), 6,7 ms avg latency, 24,0 ms max latency.
750 records sent, 149,9 records/sec (4,29 MB/sec), 6,7 ms avg latency, 42,0 ms max latency.
748 records sent, 149,6 records/sec (4,28 MB/sec), 6,7 ms avg latency, 14,0 ms max latency.
749 records sent, 149,7 records/sec (4,28 MB/sec), 6,7 ms avg latency, 18,0 ms max latency.
768 records sent, 153,5 records/sec (4,39 MB/sec), 6,5 ms avg latency, 16,0 ms max latency.
753 records sent, 150,4 records/sec (4,30 MB/sec), 6,6 ms avg latency, 20,0 ms max latency.
777 records sent, 155,3 records/sec (4,44 MB/sec), 6,4 ms avg latency, 30,0 ms max latency.
763 records sent, 152,5 records/sec (4,36 MB/sec), 6,5 ms avg latency, 14,0 ms max latency.
772 records sent, 154,2 records/sec (4,41 MB/sec), 6,5 ms avg latency, 11,0 ms max latency.
737 records sent, 147,3 records/sec (4,22 MB/sec), 6,8 ms avg latency, 19,0 ms max latency.
747 records sent, 149,4 records/sec (4,27 MB/sec), 6,7 ms avg latency, 11,0 ms max latency.
712 records sent, 142,3 records/sec (4,07 MB/sec), 7,0 ms avg latency, 26,0 ms max latency.
707 records sent, 141,4 records/sec (4,04 MB/sec), 7,1 ms avg latency, 116,0 ms max latency.
729 records sent, 145,6 records/sec (4,17 MB/sec), 6,9 ms avg latency, 25,0 ms max latency.
740 records sent, 147,8 records/sec (4,23 MB/sec), 6,8 ms avg latency, 38,0 ms max latency.
739 records sent, 147,7 records/sec (4,23 MB/sec), 6,8 ms avg latency, 12,0 ms max latency.
714 records sent, 142,8 records/sec (4,09 MB/sec), 7,0 ms avg latency, 123,0 ms max latency.
736 records sent, 147,2 records/sec (4,21 MB/sec), 6,8 ms avg latency, 18,0 ms max latency.
715 records sent, 142,9 records/sec (4,09 MB/sec), 7,0 ms avg latency, 122,0 ms max latency.
706 records sent, 141,2 records/sec (4,04 MB/sec), 7,1 ms avg latency, 33,0 ms max latency.
707 records sent, 141,3 records/sec (4,04 MB/sec), 7,1 ms avg latency, 40,0 ms max latency.
741 records sent, 148,2 records/sec (4,24 MB/sec), 6,7 ms avg latency, 19,0 ms max latency.
646 records sent, 124,7 records/sec (3,57 MB/sec), 8,0 ms avg latency, 744,0 ms max latency.
758 records sent, 151,6 records/sec (4,34 MB/sec), 6,6 ms avg latency, 11,0 ms max latency.
711 records sent, 142,2 records/sec (4,07 MB/sec), 7,0 ms avg latency, 11,0 ms max latency.
740 records sent, 147,9 records/sec (4,23 MB/sec), 6,7 ms avg latency, 32,0 ms max latency.
730 records sent, 145,9 records/sec (4,17 MB/sec), 6,8 ms avg latency, 25,0 ms max latency.
712 records sent, 142,3 records/sec (4,07 MB/sec), 7,0 ms avg latency, 43,0 ms max latency.
707 records sent, 141,3 records/sec (4,04 MB/sec), 7,1 ms avg latency, 11,0 ms max latency.
724 records sent, 144,7 records/sec (4,14 MB/sec), 6,9 ms avg latency, 11,0 ms max latency.
728 records sent, 145,5 records/sec (4,16 MB/sec), 6,9 ms avg latency, 37,0 ms max latency.
726 records sent, 145,0 records/sec (4,15 MB/sec), 6,9 ms avg latency, 58,0 ms max latency.
710 records sent, 142,0 records/sec (4,06 MB/sec), 7,0 ms avg latency, 14,0 ms max latency.
730 records sent, 145,9 records/sec (4,17 MB/sec), 6,8 ms avg latency, 11,0 ms max latency.
722 records sent, 144,2 records/sec (4,13 MB/sec), 6,9 ms avg latency, 11,0 ms max latency.
739 records sent, 147,7 records/sec (4,23 MB/sec), 6,7 ms avg latency, 21,0 ms max latency.
745 records sent, 149,0 records/sec (4,26 MB/sec), 6,7 ms avg latency, 11,0 ms max latency.
739 records sent, 147,7 records/sec (4,23 MB/sec), 6,8 ms avg latency, 38,0 ms max latency.
720 records sent, 143,9 records/sec (4,12 MB/sec), 6,9 ms avg latency, 31,0 ms max latency.
737 records sent, 147,2 records/sec (4,21 MB/sec), 6,8 ms avg latency, 24,0 ms max latency.
705 records sent, 140,9 records/sec (4,03 MB/sec), 7,1 ms avg latency, 29,0 ms max latency.
706 records sent, 141,1 records/sec (4,04 MB/sec), 7,1 ms avg latency, 26,0 ms max latency.
727 records sent, 145,3 records/sec (4,16 MB/sec), 6,9 ms avg latency, 20,0 ms max latency.
712 records sent, 142,3 records/sec (4,07 MB/sec), 7,0 ms avg latency, 12,0 ms max latency.
709 records sent, 141,7 records/sec (4,05 MB/sec), 7,0 ms avg latency, 47,0 ms max latency.
699 records sent, 139,7 records/sec (4,00 MB/sec), 7,1 ms avg latency, 11,0 ms max latency.
721 records sent, 144,1 records/sec (4,12 MB/sec), 6,9 ms avg latency, 24,0 ms max latency.
742 records sent, 148,3 records/sec (4,24 MB/sec), 6,7 ms avg latency, 123,0 ms max latency.
686 records sent, 137,1 records/sec (3,92 MB/sec), 7,3 ms avg latency, 273,0 ms max latency.
727 records sent, 145,3 records/sec (4,16 MB/sec), 6,9 ms avg latency, 30,0 ms max latency.
729 records sent, 145,8 records/sec (4,17 MB/sec), 6,8 ms avg latency, 24,0 ms max latency.
749 records sent, 149,7 records/sec (4,28 MB/sec), 6,7 ms avg latency, 33,0 ms max latency.
707 records sent, 141,4 records/sec (4,05 MB/sec), 7,1 ms avg latency, 141,0 ms max latency.
710 records sent, 142,0 records/sec (4,06 MB/sec), 7,0 ms avg latency, 28,0 ms max latency.
714 records sent, 142,8 records/sec (4,08 MB/sec), 7,0 ms avg latency, 24,0 ms max latency.
734 records sent, 146,7 records/sec (4,20 MB/sec), 6,8 ms avg latency, 14,0 ms max latency.
717 records sent, 143,4 records/sec (4,10 MB/sec), 7,0 ms avg latency, 12,0 ms max latency.
735 records sent, 146,8 records/sec (4,20 MB/sec), 6,8 ms avg latency, 11,0 ms max latency.
731 records sent, 146,1 records/sec (4,18 MB/sec), 6,8 ms avg latency, 21,0 ms max latency.
729 records sent, 145,8 records/sec (4,17 MB/sec), 6,8 ms avg latency, 24,0 ms max latency.
687 records sent, 137,3 records/sec (3,93 MB/sec), 7,3 ms avg latency, 116,0 ms max latency.
709 records sent, 141,7 records/sec (4,05 MB/sec), 7,0 ms avg latency, 34,0 ms max latency.
703 records sent, 140,6 records/sec (4,02 MB/sec), 7,1 ms avg latency, 32,0 ms max latency.
732 records sent, 146,3 records/sec (4,19 MB/sec), 6,8 ms avg latency, 15,0 ms max latency.
731 records sent, 146,1 records/sec (4,18 MB/sec), 6,8 ms avg latency, 15,0 ms max latency.
736 records sent, 146,9 records/sec (4,20 MB/sec), 6,8 ms avg latency, 35,0 ms max latency.
716 records sent, 143,0 records/sec (4,09 MB/sec), 7,0 ms avg latency, 24,0 ms max latency.
681 records sent, 136,1 records/sec (3,90 MB/sec), 7,3 ms avg latency, 128,0 ms max latency.
713 records sent, 142,6 records/sec (4,08 MB/sec), 7,0 ms avg latency, 30,0 ms max latency.
754 records sent, 150,8 records/sec (4,31 MB/sec), 6,6 ms avg latency, 11,0 ms max latency.
721 records sent, 144,1 records/sec (4,12 MB/sec), 6,9 ms avg latency, 21,0 ms max latency.
724 records sent, 144,8 records/sec (4,14 MB/sec), 6,9 ms avg latency, 12,0 ms max latency.
719 records sent, 143,7 records/sec (4,11 MB/sec), 6,9 ms avg latency, 16,0 ms max latency.
698 records sent, 139,6 records/sec (3,99 MB/sec), 7,2 ms avg latency, 156,0 ms max latency.
711 records sent, 141,9 records/sec (4,06 MB/sec), 7,0 ms avg latency, 34,0 ms max latency.
749 records sent, 149,6 records/sec (4,28 MB/sec), 6,7 ms avg latency, 13,0 ms max latency.
724 records sent, 144,7 records/sec (4,14 MB/sec), 6,9 ms avg latency, 25,0 ms max latency.
708 records sent, 141,4 records/sec (4,04 MB/sec), 7,1 ms avg latency, 34,0 ms max latency.
732 records sent, 146,2 records/sec (4,18 MB/sec), 6,8 ms avg latency, 12,0 ms max latency.
706 records sent, 141,1 records/sec (4,04 MB/sec), 7,1 ms avg latency, 32,0 ms max latency.
711 records sent, 142,1 records/sec (4,07 MB/sec), 7,0 ms avg latency, 16,0 ms max latency.
707 records sent, 141,3 records/sec (4,04 MB/sec), 7,1 ms avg latency, 28,0 ms max latency.
749 records sent, 149,8 records/sec (4,29 MB/sec), 6,7 ms avg latency, 15,0 ms max latency.
708 records sent, 141,5 records/sec (4,05 MB/sec), 7,1 ms avg latency, 34,0 ms max latency.
704 records sent, 140,6 records/sec (4,02 MB/sec), 7,1 ms avg latency, 42,0 ms max latency.
683 records sent, 136,4 records/sec (3,90 MB/sec), 7,3 ms avg latency, 220,0 ms max latency.
726 records sent, 145,1 records/sec (4,15 MB/sec), 6,9 ms avg latency, 25,0 ms max latency.
673 records sent, 134,5 records/sec (3,85 MB/sec), 7,4 ms avg latency, 240,0 ms max latency.
729 records sent, 145,8 records/sec (4,17 MB/sec), 6,8 ms avg latency, 30,0 ms max latency.
727 records sent, 145,3 records/sec (4,16 MB/sec), 6,9 ms avg latency, 32,0 ms max latency.
80000 records sent, 144,282447 records/sec (4,13 MB/sec), 6,91 ms avg latency, 744,00 ms max latency, 7 ms 50th, 10 ms 95th, 11 ms 99th, 24 ms 99.9th.

Metric Name                                                                          Value
app-info:commit-id:{client-id=producer-1}                                          : d4284cbebb6f0a4c
app-info:start-time-ms:{client-id=producer-1}                                      : 1590140991283
app-info:version:{client-id=producer-1}                                            : 2.3.1
kafka-metrics-count:count:{client-id=producer-1}                                   : 126,000
producer-metrics:batch-size-avg:{client-id=producer-1}                             : 30077,000
producer-metrics:batch-size-max:{client-id=producer-1}                             : 30077,000
producer-metrics:batch-split-rate:{client-id=producer-1}                           : 0,000
producer-metrics:batch-split-total:{client-id=producer-1}                          : 0,000
producer-metrics:buffer-available-bytes:{client-id=producer-1}                     : 33554432,000
producer-metrics:buffer-exhausted-rate:{client-id=producer-1}                      : 0,000
producer-metrics:buffer-exhausted-total:{client-id=producer-1}                     : 0,000
producer-metrics:buffer-total-bytes:{client-id=producer-1}                         : 33554432,000
producer-metrics:bufferpool-wait-ratio:{client-id=producer-1}                      : 0,000
producer-metrics:bufferpool-wait-time-total:{client-id=producer-1}                 : 0,000
producer-metrics:compression-rate-avg:{client-id=producer-1}                       : 1,000
producer-metrics:connection-close-rate:{client-id=producer-1}                      : 0,023
producer-metrics:connection-close-total:{client-id=producer-1}                     : 1,000
producer-metrics:connection-count:{client-id=producer-1}                           : 3,000
producer-metrics:connection-creation-rate:{client-id=producer-1}                   : 0,000
producer-metrics:connection-creation-total:{client-id=producer-1}                  : 4,000
producer-metrics:failed-authentication-rate:{client-id=producer-1}                 : 0,000
producer-metrics:failed-authentication-total:{client-id=producer-1}                : 0,000
producer-metrics:failed-reauthentication-rate:{client-id=producer-1}               : 0,000
producer-metrics:failed-reauthentication-total:{client-id=producer-1}              : 0,000
producer-metrics:incoming-byte-rate:{client-id=producer-1}                         : 8836,362
producer-metrics:incoming-byte-total:{client-id=producer-1}                        : 4962031,000
producer-metrics:io-ratio:{client-id=producer-1}                                   : 0,011
producer-metrics:io-time-ns-avg:{client-id=producer-1}                             : 24974,306
producer-metrics:io-wait-ratio:{client-id=producer-1}                              : 0,971
producer-metrics:io-wait-time-ns-avg:{client-id=producer-1}                        : 2276012,623
producer-metrics:io-waittime-total:{client-id=producer-1}                          : 537687802990,000
producer-metrics:iotime-total:{client-id=producer-1}                               : 6215144899,000
producer-metrics:metadata-age:{client-id=producer-1}                               : 14,293
producer-metrics:network-io-rate:{client-id=producer-1}                            : 284,891
producer-metrics:network-io-total:{client-id=producer-1}                           : 160014,000
producer-metrics:outgoing-byte-rate:{client-id=producer-1}                         : 4293579,988
producer-metrics:outgoing-byte-total:{client-id=producer-1}                        : 2411749115,000
producer-metrics:produce-throttle-time-avg:{client-id=producer-1}                  : 0,000
producer-metrics:produce-throttle-time-max:{client-id=producer-1}                  : 0,000
producer-metrics:reauthentication-latency-avg:{client-id=producer-1}               : NaN
producer-metrics:reauthentication-latency-max:{client-id=producer-1}               : NaN
producer-metrics:record-error-rate:{client-id=producer-1}                          : 0,000
producer-metrics:record-error-total:{client-id=producer-1}                         : 0,000
producer-metrics:record-queue-time-avg:{client-id=producer-1}                      : 0,027
producer-metrics:record-queue-time-max:{client-id=producer-1}                      : 1,000
producer-metrics:record-retry-rate:{client-id=producer-1}                          : 0,000
producer-metrics:record-retry-total:{client-id=producer-1}                         : 0,000
producer-metrics:record-send-rate:{client-id=producer-1}                           : 142,408
producer-metrics:record-send-total:{client-id=producer-1}                          : 80000,000
producer-metrics:record-size-avg:{client-id=producer-1}                            : 30092,000
producer-metrics:record-size-max:{client-id=producer-1}                            : 30092,000
producer-metrics:records-per-request-avg:{client-id=producer-1}                    : 1,000
producer-metrics:request-latency-avg:{client-id=producer-1}                        : 6,931
producer-metrics:request-latency-max:{client-id=producer-1}                        : 240,000
producer-metrics:request-rate:{client-id=producer-1}                               : 142,434
producer-metrics:request-size-avg:{client-id=producer-1}                           : 30142,225
producer-metrics:request-size-max:{client-id=producer-1}                           : 30147,000
producer-metrics:request-total:{client-id=producer-1}                              : 80007,000
producer-metrics:requests-in-flight:{client-id=producer-1}                         : 0,000
producer-metrics:response-rate:{client-id=producer-1}                              : 142,437
producer-metrics:response-total:{client-id=producer-1}                             : 80007,000
producer-metrics:select-rate:{client-id=producer-1}                                : 426,742
producer-metrics:select-total:{client-id=producer-1}                               : 239486,000
producer-metrics:successful-authentication-no-reauth-total:{client-id=producer-1}  : 0,000
producer-metrics:successful-authentication-rate:{client-id=producer-1}             : 0,000
producer-metrics:successful-authentication-total:{client-id=producer-1}            : 0,000
producer-metrics:successful-reauthentication-rate:{client-id=producer-1}           : 0,000
producer-metrics:successful-reauthentication-total:{client-id=producer-1}          : 0,000
producer-metrics:waiting-threads:{client-id=producer-1}                            : 0,000
producer-node-metrics:incoming-byte-rate:{client-id=producer-1, node-id=node--3}   : 0,000
producer-node-metrics:incoming-byte-rate:{client-id=producer-1, node-id=node-1}    : 2967,094
producer-node-metrics:incoming-byte-rate:{client-id=producer-1, node-id=node-3}    : 2908,942
producer-node-metrics:incoming-byte-rate:{client-id=producer-1, node-id=node-6}    : 2958,295
producer-node-metrics:incoming-byte-total:{client-id=producer-1, node-id=node--3}  : 579,000
producer-node-metrics:incoming-byte-total:{client-id=producer-1, node-id=node-1}   : 1659947,000
producer-node-metrics:incoming-byte-total:{client-id=producer-1, node-id=node-3}   : 1646431,000
producer-node-metrics:incoming-byte-total:{client-id=producer-1, node-id=node-6}   : 1655074,000
producer-node-metrics:outgoing-byte-rate:{client-id=producer-1, node-id=node--3}   : 0,000
producer-node-metrics:outgoing-byte-rate:{client-id=producer-1, node-id=node-1}    : 1439303,716
producer-node-metrics:outgoing-byte-rate:{client-id=producer-1, node-id=node-3}    : 1414352,866
producer-node-metrics:outgoing-byte-rate:{client-id=producer-1, node-id=node-6}    : 1438283,568
producer-node-metrics:outgoing-byte-total:{client-id=producer-1, node-id=node--3}  : 67,000
producer-node-metrics:outgoing-byte-total:{client-id=producer-1, node-id=node-1}   : 806850556,000
producer-node-metrics:outgoing-byte-total:{client-id=producer-1, node-id=node-3}   : 800278732,000
producer-node-metrics:outgoing-byte-total:{client-id=producer-1, node-id=node-6}   : 804619760,000
producer-node-metrics:request-latency-avg:{client-id=producer-1, node-id=node--3}  : NaN
producer-node-metrics:request-latency-avg:{client-id=producer-1, node-id=node-1}   : 9,121
producer-node-metrics:request-latency-avg:{client-id=producer-1, node-id=node-3}   : 6,376
producer-node-metrics:request-latency-avg:{client-id=producer-1, node-id=node-6}   : 5,296
producer-node-metrics:request-latency-max:{client-id=producer-1, node-id=node--3}  : NaN
producer-node-metrics:request-latency-max:{client-id=producer-1, node-id=node-1}   : 240,000
producer-node-metrics:request-latency-max:{client-id=producer-1, node-id=node-3}   : 29,000
producer-node-metrics:request-latency-max:{client-id=producer-1, node-id=node-6}   : 220,000
producer-node-metrics:request-rate:{client-id=producer-1, node-id=node--3}         : 0,000
producer-node-metrics:request-rate:{client-id=producer-1, node-id=node-1}          : 47,763
producer-node-metrics:request-rate:{client-id=producer-1, node-id=node-3}          : 46,913
producer-node-metrics:request-rate:{client-id=producer-1, node-id=node-6}          : 47,708
producer-node-metrics:request-size-avg:{client-id=producer-1, node-id=node--3}     : NaN
producer-node-metrics:request-size-avg:{client-id=producer-1, node-id=node-1}      : 30132,631
producer-node-metrics:request-size-avg:{client-id=producer-1, node-id=node-3}      : 30147,000
producer-node-metrics:request-size-avg:{client-id=producer-1, node-id=node-6}      : 30147,000
producer-node-metrics:request-size-max:{client-id=producer-1, node-id=node--3}     : NaN
producer-node-metrics:request-size-max:{client-id=producer-1, node-id=node-1}      : 30147,000
producer-node-metrics:request-size-max:{client-id=producer-1, node-id=node-3}      : 30147,000
producer-node-metrics:request-size-max:{client-id=producer-1, node-id=node-6}      : 30147,000
producer-node-metrics:request-total:{client-id=producer-1, node-id=node--3}        : 2,000
producer-node-metrics:request-total:{client-id=producer-1, node-id=node-1}         : 26766,000
producer-node-metrics:request-total:{client-id=producer-1, node-id=node-3}         : 26548,000
producer-node-metrics:request-total:{client-id=producer-1, node-id=node-6}         : 26691,000
producer-node-metrics:response-rate:{client-id=producer-1, node-id=node--3}        : 0,000
producer-node-metrics:response-rate:{client-id=producer-1, node-id=node-1}         : 47,774
producer-node-metrics:response-rate:{client-id=producer-1, node-id=node-3}         : 46,918
producer-node-metrics:response-rate:{client-id=producer-1, node-id=node-6}         : 47,714
producer-node-metrics:response-total:{client-id=producer-1, node-id=node--3}       : 2,000
producer-node-metrics:response-total:{client-id=producer-1, node-id=node-1}        : 26766,000
producer-node-metrics:response-total:{client-id=producer-1, node-id=node-3}        : 26548,000
producer-node-metrics:response-total:{client-id=producer-1, node-id=node-6}        : 26691,000
producer-topic-metrics:byte-rate:{client-id=producer-1, topic=test-topic}          : 4283194,653
producer-topic-metrics:byte-total:{client-id=producer-1, topic=test-topic}         : 2406148890,000
producer-topic-metrics:compression-rate:{client-id=producer-1, topic=test-topic}   : 1,000
producer-topic-metrics:record-error-rate:{client-id=producer-1, topic=test-topic}  : 0,000
producer-topic-metrics:record-error-total:{client-id=producer-1, topic=test-topic} : 0,000
producer-topic-metrics:record-retry-rate:{client-id=producer-1, topic=test-topic}  : 0,000
producer-topic-metrics:record-retry-total:{client-id=producer-1, topic=test-topic} : 0,000
producer-topic-metrics:record-send-rate:{client-id=producer-1, topic=test-topic}   : 142,408
producer-topic-metrics:record-send-total:{client-id=producer-1, topic=test-topic}  : 80000,000
Produce Time: 554.468
Aplication time: 555.447
