Topic to send: test-topic
Topic to acks: 1
Records: 80000
Size:30000
571 records sent, 114,0 records/sec (3,26 MB/sec), 8,7 ms avg latency, 270,0 ms max latency.
661 records sent, 132,2 records/sec (3,78 MB/sec), 7,5 ms avg latency, 16,0 ms max latency.
647 records sent, 129,4 records/sec (3,70 MB/sec), 7,7 ms avg latency, 12,0 ms max latency.
646 records sent, 129,1 records/sec (3,69 MB/sec), 7,7 ms avg latency, 23,0 ms max latency.
631 records sent, 126,1 records/sec (3,61 MB/sec), 7,9 ms avg latency, 32,0 ms max latency.
647 records sent, 129,4 records/sec (3,70 MB/sec), 7,7 ms avg latency, 29,0 ms max latency.
637 records sent, 127,2 records/sec (3,64 MB/sec), 7,8 ms avg latency, 116,0 ms max latency.
652 records sent, 130,4 records/sec (3,73 MB/sec), 7,6 ms avg latency, 19,0 ms max latency.
635 records sent, 127,0 records/sec (3,63 MB/sec), 7,8 ms avg latency, 236,0 ms max latency.
670 records sent, 133,9 records/sec (3,83 MB/sec), 7,5 ms avg latency, 13,0 ms max latency.
667 records sent, 133,3 records/sec (3,82 MB/sec), 7,5 ms avg latency, 31,0 ms max latency.
666 records sent, 133,2 records/sec (3,81 MB/sec), 7,5 ms avg latency, 22,0 ms max latency.
674 records sent, 134,7 records/sec (3,86 MB/sec), 7,4 ms avg latency, 26,0 ms max latency.
697 records sent, 139,3 records/sec (3,99 MB/sec), 7,1 ms avg latency, 63,0 ms max latency.
660 records sent, 131,9 records/sec (3,78 MB/sec), 7,6 ms avg latency, 11,0 ms max latency.
668 records sent, 133,6 records/sec (3,82 MB/sec), 7,5 ms avg latency, 19,0 ms max latency.
662 records sent, 132,3 records/sec (3,78 MB/sec), 7,5 ms avg latency, 18,0 ms max latency.
646 records sent, 129,0 records/sec (3,69 MB/sec), 7,7 ms avg latency, 29,0 ms max latency.
657 records sent, 131,1 records/sec (3,75 MB/sec), 7,6 ms avg latency, 15,0 ms max latency.
653 records sent, 130,4 records/sec (3,73 MB/sec), 7,6 ms avg latency, 107,0 ms max latency.
680 records sent, 135,9 records/sec (3,89 MB/sec), 7,3 ms avg latency, 20,0 ms max latency.
668 records sent, 133,5 records/sec (3,82 MB/sec), 7,5 ms avg latency, 28,0 ms max latency.
657 records sent, 131,3 records/sec (3,76 MB/sec), 7,6 ms avg latency, 34,0 ms max latency.
559 records sent, 108,5 records/sec (3,10 MB/sec), 9,2 ms avg latency, 819,0 ms max latency.
681 records sent, 136,0 records/sec (3,89 MB/sec), 7,3 ms avg latency, 16,0 ms max latency.
647 records sent, 129,3 records/sec (3,70 MB/sec), 7,7 ms avg latency, 31,0 ms max latency.
646 records sent, 129,1 records/sec (3,69 MB/sec), 7,7 ms avg latency, 54,0 ms max latency.
651 records sent, 130,1 records/sec (3,72 MB/sec), 7,7 ms avg latency, 35,0 ms max latency.
650 records sent, 130,0 records/sec (3,72 MB/sec), 7,7 ms avg latency, 12,0 ms max latency.
652 records sent, 130,4 records/sec (3,73 MB/sec), 7,7 ms avg latency, 34,0 ms max latency.
669 records sent, 133,7 records/sec (3,83 MB/sec), 7,5 ms avg latency, 11,0 ms max latency.
676 records sent, 135,0 records/sec (3,86 MB/sec), 7,4 ms avg latency, 11,0 ms max latency.
645 records sent, 128,9 records/sec (3,69 MB/sec), 7,7 ms avg latency, 56,0 ms max latency.
662 records sent, 132,4 records/sec (3,79 MB/sec), 7,5 ms avg latency, 11,0 ms max latency.
670 records sent, 133,9 records/sec (3,83 MB/sec), 7,5 ms avg latency, 19,0 ms max latency.
664 records sent, 132,7 records/sec (3,80 MB/sec), 7,5 ms avg latency, 27,0 ms max latency.
659 records sent, 131,7 records/sec (3,77 MB/sec), 7,6 ms avg latency, 27,0 ms max latency.
672 records sent, 134,3 records/sec (3,84 MB/sec), 7,4 ms avg latency, 20,0 ms max latency.
644 records sent, 128,7 records/sec (3,68 MB/sec), 7,7 ms avg latency, 257,0 ms max latency.
667 records sent, 133,3 records/sec (3,81 MB/sec), 7,5 ms avg latency, 15,0 ms max latency.
675 records sent, 134,9 records/sec (3,86 MB/sec), 7,4 ms avg latency, 93,0 ms max latency.
657 records sent, 131,3 records/sec (3,76 MB/sec), 7,6 ms avg latency, 37,0 ms max latency.
651 records sent, 130,2 records/sec (3,72 MB/sec), 7,7 ms avg latency, 13,0 ms max latency.
655 records sent, 130,9 records/sec (3,75 MB/sec), 7,6 ms avg latency, 81,0 ms max latency.
540 records sent, 108,0 records/sec (3,09 MB/sec), 9,2 ms avg latency, 638,0 ms max latency.
687 records sent, 137,4 records/sec (3,93 MB/sec), 7,3 ms avg latency, 11,0 ms max latency.
686 records sent, 137,1 records/sec (3,92 MB/sec), 7,3 ms avg latency, 39,0 ms max latency.
688 records sent, 137,5 records/sec (3,93 MB/sec), 7,3 ms avg latency, 27,0 ms max latency.
669 records sent, 133,8 records/sec (3,83 MB/sec), 7,5 ms avg latency, 26,0 ms max latency.
691 records sent, 138,2 records/sec (3,95 MB/sec), 7,2 ms avg latency, 11,0 ms max latency.
677 records sent, 135,2 records/sec (3,87 MB/sec), 7,4 ms avg latency, 34,0 ms max latency.
650 records sent, 129,9 records/sec (3,72 MB/sec), 7,7 ms avg latency, 135,0 ms max latency.
660 records sent, 132,0 records/sec (3,78 MB/sec), 7,6 ms avg latency, 30,0 ms max latency.
668 records sent, 133,4 records/sec (3,82 MB/sec), 7,5 ms avg latency, 34,0 ms max latency.
672 records sent, 134,3 records/sec (3,84 MB/sec), 7,4 ms avg latency, 11,0 ms max latency.
695 records sent, 139,0 records/sec (3,98 MB/sec), 7,2 ms avg latency, 36,0 ms max latency.
668 records sent, 133,6 records/sec (3,82 MB/sec), 7,5 ms avg latency, 17,0 ms max latency.
639 records sent, 127,7 records/sec (3,65 MB/sec), 7,8 ms avg latency, 215,0 ms max latency.
691 records sent, 138,1 records/sec (3,95 MB/sec), 7,2 ms avg latency, 37,0 ms max latency.
680 records sent, 135,9 records/sec (3,89 MB/sec), 7,3 ms avg latency, 47,0 ms max latency.
682 records sent, 136,2 records/sec (3,90 MB/sec), 7,3 ms avg latency, 11,0 ms max latency.
672 records sent, 134,3 records/sec (3,84 MB/sec), 7,4 ms avg latency, 29,0 ms max latency.
683 records sent, 136,4 records/sec (3,90 MB/sec), 7,3 ms avg latency, 28,0 ms max latency.
674 records sent, 134,7 records/sec (3,86 MB/sec), 7,4 ms avg latency, 26,0 ms max latency.
683 records sent, 136,6 records/sec (3,91 MB/sec), 7,3 ms avg latency, 15,0 ms max latency.
670 records sent, 134,0 records/sec (3,83 MB/sec), 7,4 ms avg latency, 12,0 ms max latency.
644 records sent, 128,8 records/sec (3,68 MB/sec), 7,8 ms avg latency, 71,0 ms max latency.
650 records sent, 129,8 records/sec (3,71 MB/sec), 7,7 ms avg latency, 13,0 ms max latency.
683 records sent, 136,5 records/sec (3,91 MB/sec), 7,3 ms avg latency, 13,0 ms max latency.
665 records sent, 132,9 records/sec (3,80 MB/sec), 7,5 ms avg latency, 15,0 ms max latency.
677 records sent, 135,2 records/sec (3,87 MB/sec), 7,4 ms avg latency, 23,0 ms max latency.
654 records sent, 130,6 records/sec (3,74 MB/sec), 7,6 ms avg latency, 26,0 ms max latency.
652 records sent, 130,4 records/sec (3,73 MB/sec), 7,7 ms avg latency, 70,0 ms max latency.
667 records sent, 133,4 records/sec (3,82 MB/sec), 7,5 ms avg latency, 16,0 ms max latency.
652 records sent, 130,2 records/sec (3,73 MB/sec), 7,7 ms avg latency, 225,0 ms max latency.
673 records sent, 134,4 records/sec (3,85 MB/sec), 7,4 ms avg latency, 11,0 ms max latency.
669 records sent, 133,6 records/sec (3,82 MB/sec), 7,5 ms avg latency, 31,0 ms max latency.
670 records sent, 133,9 records/sec (3,83 MB/sec), 7,5 ms avg latency, 11,0 ms max latency.
670 records sent, 133,9 records/sec (3,83 MB/sec), 7,5 ms avg latency, 224,0 ms max latency.
698 records sent, 139,5 records/sec (3,99 MB/sec), 7,2 ms avg latency, 15,0 ms max latency.
692 records sent, 138,4 records/sec (3,96 MB/sec), 7,2 ms avg latency, 11,0 ms max latency.
700 records sent, 139,8 records/sec (4,00 MB/sec), 7,1 ms avg latency, 25,0 ms max latency.
702 records sent, 140,3 records/sec (4,02 MB/sec), 7,1 ms avg latency, 12,0 ms max latency.
699 records sent, 139,7 records/sec (4,00 MB/sec), 7,1 ms avg latency, 42,0 ms max latency.
687 records sent, 137,4 records/sec (3,93 MB/sec), 7,3 ms avg latency, 16,0 ms max latency.
688 records sent, 137,5 records/sec (3,93 MB/sec), 7,3 ms avg latency, 11,0 ms max latency.
689 records sent, 137,8 records/sec (3,94 MB/sec), 7,2 ms avg latency, 11,0 ms max latency.
674 records sent, 134,7 records/sec (3,85 MB/sec), 7,4 ms avg latency, 29,0 ms max latency.
675 records sent, 134,9 records/sec (3,86 MB/sec), 7,4 ms avg latency, 36,0 ms max latency.
661 records sent, 132,1 records/sec (3,78 MB/sec), 7,6 ms avg latency, 35,0 ms max latency.
667 records sent, 133,3 records/sec (3,81 MB/sec), 7,5 ms avg latency, 37,0 ms max latency.
647 records sent, 129,2 records/sec (3,70 MB/sec), 7,7 ms avg latency, 113,0 ms max latency.
669 records sent, 133,8 records/sec (3,83 MB/sec), 7,5 ms avg latency, 11,0 ms max latency.
708 records sent, 141,5 records/sec (4,05 MB/sec), 7,1 ms avg latency, 11,0 ms max latency.
681 records sent, 136,1 records/sec (3,89 MB/sec), 7,3 ms avg latency, 29,0 ms max latency.
678 records sent, 135,4 records/sec (3,87 MB/sec), 7,4 ms avg latency, 19,0 ms max latency.
647 records sent, 129,3 records/sec (3,70 MB/sec), 7,7 ms avg latency, 273,0 ms max latency.
709 records sent, 141,7 records/sec (4,05 MB/sec), 7,0 ms avg latency, 68,0 ms max latency.
680 records sent, 136,0 records/sec (3,89 MB/sec), 7,3 ms avg latency, 42,0 ms max latency.
683 records sent, 136,5 records/sec (3,91 MB/sec), 7,3 ms avg latency, 29,0 ms max latency.
645 records sent, 128,9 records/sec (3,69 MB/sec), 7,7 ms avg latency, 256,0 ms max latency.
697 records sent, 139,4 records/sec (3,99 MB/sec), 7,2 ms avg latency, 24,0 ms max latency.
663 records sent, 132,4 records/sec (3,79 MB/sec), 7,5 ms avg latency, 19,0 ms max latency.
670 records sent, 134,0 records/sec (3,83 MB/sec), 7,4 ms avg latency, 16,0 ms max latency.
667 records sent, 133,3 records/sec (3,81 MB/sec), 7,5 ms avg latency, 64,0 ms max latency.
661 records sent, 132,1 records/sec (3,78 MB/sec), 7,6 ms avg latency, 29,0 ms max latency.
675 records sent, 135,0 records/sec (3,86 MB/sec), 7,4 ms avg latency, 11,0 ms max latency.
682 records sent, 136,3 records/sec (3,90 MB/sec), 7,3 ms avg latency, 11,0 ms max latency.
653 records sent, 130,4 records/sec (3,73 MB/sec), 7,6 ms avg latency, 11,0 ms max latency.
685 records sent, 137,0 records/sec (3,92 MB/sec), 7,3 ms avg latency, 14,0 ms max latency.
654 records sent, 130,7 records/sec (3,74 MB/sec), 7,6 ms avg latency, 39,0 ms max latency.
666 records sent, 133,1 records/sec (3,81 MB/sec), 7,5 ms avg latency, 40,0 ms max latency.
663 records sent, 132,5 records/sec (3,79 MB/sec), 7,5 ms avg latency, 20,0 ms max latency.
662 records sent, 132,4 records/sec (3,79 MB/sec), 7,5 ms avg latency, 12,0 ms max latency.
663 records sent, 132,5 records/sec (3,79 MB/sec), 7,5 ms avg latency, 13,0 ms max latency.
651 records sent, 130,2 records/sec (3,73 MB/sec), 7,7 ms avg latency, 35,0 ms max latency.
651 records sent, 130,2 records/sec (3,72 MB/sec), 7,7 ms avg latency, 28,0 ms max latency.
651 records sent, 130,2 records/sec (3,73 MB/sec), 7,7 ms avg latency, 26,0 ms max latency.
651 records sent, 130,1 records/sec (3,72 MB/sec), 7,7 ms avg latency, 11,0 ms max latency.
600 records sent, 120,0 records/sec (3,43 MB/sec), 8,3 ms avg latency, 526,0 ms max latency.
80000 records sent, 132,714221 records/sec (3,80 MB/sec), 7,52 ms avg latency, 819,00 ms max latency, 7 ms 50th, 10 ms 95th, 11 ms 99th, 26 ms 99.9th.

Metric Name                                                                          Value
app-info:commit-id:{client-id=producer-1}                                          : d4284cbebb6f0a4c
app-info:start-time-ms:{client-id=producer-1}                                      : 1591614296795
app-info:version:{client-id=producer-1}                                            : 2.3.1
kafka-metrics-count:count:{client-id=producer-1}                                   : 126,000
producer-metrics:batch-size-avg:{client-id=producer-1}                             : 30077,000
producer-metrics:batch-size-max:{client-id=producer-1}                             : 30077,000
producer-metrics:batch-split-rate:{client-id=producer-1}                           : 0,000
producer-metrics:batch-split-total:{client-id=producer-1}                          : 0,000
producer-metrics:buffer-available-bytes:{client-id=producer-1}                     : 33554432,000
producer-metrics:buffer-exhausted-rate:{client-id=producer-1}                      : 0,000
producer-metrics:buffer-exhausted-total:{client-id=producer-1}                     : 0,000
producer-metrics:buffer-total-bytes:{client-id=producer-1}                         : 33554432,000
producer-metrics:bufferpool-wait-ratio:{client-id=producer-1}                      : 0,000
producer-metrics:bufferpool-wait-time-total:{client-id=producer-1}                 : 0,000
producer-metrics:compression-rate-avg:{client-id=producer-1}                       : 1,000
producer-metrics:connection-close-rate:{client-id=producer-1}                      : 0,000
producer-metrics:connection-close-total:{client-id=producer-1}                     : 1,000
producer-metrics:connection-count:{client-id=producer-1}                           : 3,000
producer-metrics:connection-creation-rate:{client-id=producer-1}                   : 0,000
producer-metrics:connection-creation-total:{client-id=producer-1}                  : 4,000
producer-metrics:failed-authentication-rate:{client-id=producer-1}                 : 0,000
producer-metrics:failed-authentication-total:{client-id=producer-1}                : 0,000
producer-metrics:failed-reauthentication-rate:{client-id=producer-1}               : 0,000
producer-metrics:failed-reauthentication-total:{client-id=producer-1}              : 0,000
producer-metrics:incoming-byte-rate:{client-id=producer-1}                         : 8023,417
producer-metrics:incoming-byte-total:{client-id=producer-1}                        : 4962031,000
producer-metrics:io-ratio:{client-id=producer-1}                                   : 0,010
producer-metrics:io-time-ns-avg:{client-id=producer-1}                             : 24901,966
producer-metrics:io-wait-ratio:{client-id=producer-1}                              : 0,974
producer-metrics:io-wait-time-ns-avg:{client-id=producer-1}                        : 2509752,107
producer-metrics:io-waittime-total:{client-id=producer-1}                          : 585924113437,000
producer-metrics:iotime-total:{client-id=producer-1}                               : 6358936219,000
producer-metrics:metadata-age:{client-id=producer-1}                               : 62,623
producer-metrics:network-io-rate:{client-id=producer-1}                            : 258,781
producer-metrics:network-io-total:{client-id=producer-1}                           : 160014,000
producer-metrics:outgoing-byte-rate:{client-id=producer-1}                         : 3900875,031
producer-metrics:outgoing-byte-total:{client-id=producer-1}                        : 2411749115,000
producer-metrics:produce-throttle-time-avg:{client-id=producer-1}                  : 0,000
producer-metrics:produce-throttle-time-max:{client-id=producer-1}                  : 0,000
producer-metrics:reauthentication-latency-avg:{client-id=producer-1}               : NaN
producer-metrics:reauthentication-latency-max:{client-id=producer-1}               : NaN
producer-metrics:record-error-rate:{client-id=producer-1}                          : 0,000
producer-metrics:record-error-total:{client-id=producer-1}                         : 0,000
producer-metrics:record-queue-time-avg:{client-id=producer-1}                      : 0,023
producer-metrics:record-queue-time-max:{client-id=producer-1}                      : 1,000
producer-metrics:record-retry-rate:{client-id=producer-1}                          : 0,000
producer-metrics:record-retry-total:{client-id=producer-1}                         : 0,000
producer-metrics:record-send-rate:{client-id=producer-1}                           : 129,384
producer-metrics:record-send-total:{client-id=producer-1}                          : 80000,000
producer-metrics:record-size-avg:{client-id=producer-1}                            : 30092,000
producer-metrics:record-size-max:{client-id=producer-1}                            : 30092,000
producer-metrics:records-per-request-avg:{client-id=producer-1}                    : 1,000
producer-metrics:request-latency-avg:{client-id=producer-1}                        : 7,650
producer-metrics:request-latency-max:{client-id=producer-1}                        : 526,000
producer-metrics:request-rate:{client-id=producer-1}                               : 129,383
producer-metrics:request-size-avg:{client-id=producer-1}                           : 30147,000
producer-metrics:request-size-max:{client-id=producer-1}                           : 30147,000
producer-metrics:request-total:{client-id=producer-1}                              : 80007,000
producer-metrics:requests-in-flight:{client-id=producer-1}                         : 0,000
producer-metrics:response-rate:{client-id=producer-1}                              : 129,406
producer-metrics:response-total:{client-id=producer-1}                             : 80007,000
producer-metrics:select-rate:{client-id=producer-1}                                : 388,199
producer-metrics:select-total:{client-id=producer-1}                               : 239981,000
producer-metrics:successful-authentication-no-reauth-total:{client-id=producer-1}  : 0,000
producer-metrics:successful-authentication-rate:{client-id=producer-1}             : 0,000
producer-metrics:successful-authentication-total:{client-id=producer-1}            : 0,000
producer-metrics:successful-reauthentication-rate:{client-id=producer-1}           : 0,000
producer-metrics:successful-reauthentication-total:{client-id=producer-1}          : 0,000
producer-metrics:waiting-threads:{client-id=producer-1}                            : 0,000
producer-node-metrics:incoming-byte-rate:{client-id=producer-1, node-id=node--2}   : 0,000
producer-node-metrics:incoming-byte-rate:{client-id=producer-1, node-id=node-1}    : 2699,509
producer-node-metrics:incoming-byte-rate:{client-id=producer-1, node-id=node-3}    : 2650,529
producer-node-metrics:incoming-byte-rate:{client-id=producer-1, node-id=node-6}    : 2674,171
producer-node-metrics:incoming-byte-total:{client-id=producer-1, node-id=node--2}  : 579,000
producer-node-metrics:incoming-byte-total:{client-id=producer-1, node-id=node-1}   : 1660232,000
producer-node-metrics:incoming-byte-total:{client-id=producer-1, node-id=node-3}   : 1646146,000
producer-node-metrics:incoming-byte-total:{client-id=producer-1, node-id=node-6}   : 1655074,000
producer-node-metrics:outgoing-byte-rate:{client-id=producer-1, node-id=node--2}   : 0,000
producer-node-metrics:outgoing-byte-rate:{client-id=producer-1, node-id=node-1}    : 1312410,212
producer-node-metrics:outgoing-byte-rate:{client-id=producer-1, node-id=node-3}    : 1288477,604
producer-node-metrics:outgoing-byte-rate:{client-id=producer-1, node-id=node-6}    : 1297178,918
producer-node-metrics:outgoing-byte-total:{client-id=producer-1, node-id=node--2}  : 67,000
producer-node-metrics:outgoing-byte-total:{client-id=producer-1, node-id=node-1}   : 806850599,000
producer-node-metrics:outgoing-byte-total:{client-id=producer-1, node-id=node-3}   : 800278689,000
producer-node-metrics:outgoing-byte-total:{client-id=producer-1, node-id=node-6}   : 804619760,000
producer-node-metrics:request-latency-avg:{client-id=producer-1, node-id=node--2}  : NaN
producer-node-metrics:request-latency-avg:{client-id=producer-1, node-id=node-1}   : 8,845
producer-node-metrics:request-latency-avg:{client-id=producer-1, node-id=node-3}   : 7,872
producer-node-metrics:request-latency-avg:{client-id=producer-1, node-id=node-6}   : 6,237
producer-node-metrics:request-latency-max:{client-id=producer-1, node-id=node--2}  : NaN
producer-node-metrics:request-latency-max:{client-id=producer-1, node-id=node-1}   : 526,000
producer-node-metrics:request-latency-max:{client-id=producer-1, node-id=node-3}   : 26,000
producer-node-metrics:request-latency-max:{client-id=producer-1, node-id=node-6}   : 9,000
producer-node-metrics:request-rate:{client-id=producer-1, node-id=node--2}         : 0,000
producer-node-metrics:request-rate:{client-id=producer-1, node-id=node-1}          : 43,532
producer-node-metrics:request-rate:{client-id=producer-1, node-id=node-3}          : 42,737
producer-node-metrics:request-rate:{client-id=producer-1, node-id=node-6}          : 43,026
producer-node-metrics:request-size-avg:{client-id=producer-1, node-id=node--2}     : NaN
producer-node-metrics:request-size-avg:{client-id=producer-1, node-id=node-1}      : 30147,000
producer-node-metrics:request-size-avg:{client-id=producer-1, node-id=node-3}      : 30147,000
producer-node-metrics:request-size-avg:{client-id=producer-1, node-id=node-6}      : 30147,000
producer-node-metrics:request-size-max:{client-id=producer-1, node-id=node--2}     : NaN
producer-node-metrics:request-size-max:{client-id=producer-1, node-id=node-1}      : 30147,000
producer-node-metrics:request-size-max:{client-id=producer-1, node-id=node-3}      : 30147,000
producer-node-metrics:request-size-max:{client-id=producer-1, node-id=node-6}      : 30147,000
producer-node-metrics:request-total:{client-id=producer-1, node-id=node--2}        : 2,000
producer-node-metrics:request-total:{client-id=producer-1, node-id=node-1}         : 26767,000
producer-node-metrics:request-total:{client-id=producer-1, node-id=node-3}         : 26547,000
producer-node-metrics:request-total:{client-id=producer-1, node-id=node-6}         : 26691,000
producer-node-metrics:response-rate:{client-id=producer-1, node-id=node--2}        : 0,000
producer-node-metrics:response-rate:{client-id=producer-1, node-id=node-1}         : 43,542
producer-node-metrics:response-rate:{client-id=producer-1, node-id=node-3}         : 42,752
producer-node-metrics:response-rate:{client-id=producer-1, node-id=node-6}         : 43,132
producer-node-metrics:response-total:{client-id=producer-1, node-id=node--2}       : 2,000
producer-node-metrics:response-total:{client-id=producer-1, node-id=node-1}        : 26767,000
producer-node-metrics:response-total:{client-id=producer-1, node-id=node-3}        : 26547,000
producer-node-metrics:response-total:{client-id=producer-1, node-id=node-6}        : 26691,000
producer-topic-metrics:byte-rate:{client-id=producer-1, topic=test-topic}          : 3891490,978
producer-topic-metrics:byte-total:{client-id=producer-1, topic=test-topic}         : 2406148890,000
producer-topic-metrics:compression-rate:{client-id=producer-1, topic=test-topic}   : 1,000
producer-topic-metrics:record-error-rate:{client-id=producer-1, topic=test-topic}  : 0,000
producer-topic-metrics:record-error-total:{client-id=producer-1, topic=test-topic} : 0,000
producer-topic-metrics:record-retry-rate:{client-id=producer-1, topic=test-topic}  : 0,000
producer-topic-metrics:record-retry-total:{client-id=producer-1, topic=test-topic} : 0,000
producer-topic-metrics:record-send-rate:{client-id=producer-1, topic=test-topic}   : 129,384
producer-topic-metrics:record-send-total:{client-id=producer-1, topic=test-topic}  : 80000,000
Produce Time: 602.798
Aplication time: 603.777
