Topic to send: test-topic
Topic to acks: 1
Records: 80000
Size:20000
743 records sent, 148,5 records/sec (2,83 MB/sec), 6,7 ms avg latency, 281,0 ms max latency.
840 records sent, 167,9 records/sec (3,20 MB/sec), 5,9 ms avg latency, 7,0 ms max latency.
848 records sent, 169,6 records/sec (3,23 MB/sec), 5,9 ms avg latency, 18,0 ms max latency.
868 records sent, 173,5 records/sec (3,31 MB/sec), 5,7 ms avg latency, 27,0 ms max latency.
860 records sent, 172,0 records/sec (3,28 MB/sec), 5,8 ms avg latency, 26,0 ms max latency.
863 records sent, 172,5 records/sec (3,29 MB/sec), 5,8 ms avg latency, 24,0 ms max latency.
868 records sent, 173,6 records/sec (3,31 MB/sec), 5,7 ms avg latency, 34,0 ms max latency.
837 records sent, 167,3 records/sec (3,19 MB/sec), 6,0 ms avg latency, 309,0 ms max latency.
877 records sent, 175,3 records/sec (3,34 MB/sec), 5,7 ms avg latency, 35,0 ms max latency.
882 records sent, 176,3 records/sec (3,36 MB/sec), 5,7 ms avg latency, 15,0 ms max latency.
891 records sent, 178,0 records/sec (3,40 MB/sec), 5,6 ms avg latency, 8,0 ms max latency.
875 records sent, 175,0 records/sec (3,34 MB/sec), 5,7 ms avg latency, 27,0 ms max latency.
872 records sent, 174,3 records/sec (3,33 MB/sec), 5,7 ms avg latency, 30,0 ms max latency.
724 records sent, 144,8 records/sec (2,76 MB/sec), 6,9 ms avg latency, 889,0 ms max latency.
881 records sent, 176,1 records/sec (3,36 MB/sec), 5,7 ms avg latency, 14,0 ms max latency.
882 records sent, 176,3 records/sec (3,36 MB/sec), 5,7 ms avg latency, 32,0 ms max latency.
886 records sent, 177,1 records/sec (3,38 MB/sec), 5,6 ms avg latency, 7,0 ms max latency.
877 records sent, 175,2 records/sec (3,34 MB/sec), 5,7 ms avg latency, 33,0 ms max latency.
893 records sent, 178,6 records/sec (3,41 MB/sec), 5,6 ms avg latency, 32,0 ms max latency.
894 records sent, 178,7 records/sec (3,41 MB/sec), 5,6 ms avg latency, 31,0 ms max latency.
883 records sent, 176,4 records/sec (3,37 MB/sec), 5,7 ms avg latency, 8,0 ms max latency.
875 records sent, 175,0 records/sec (3,34 MB/sec), 5,7 ms avg latency, 38,0 ms max latency.
886 records sent, 177,1 records/sec (3,38 MB/sec), 5,6 ms avg latency, 37,0 ms max latency.
877 records sent, 175,4 records/sec (3,35 MB/sec), 5,7 ms avg latency, 32,0 ms max latency.
864 records sent, 172,7 records/sec (3,29 MB/sec), 5,8 ms avg latency, 79,0 ms max latency.
870 records sent, 174,0 records/sec (3,32 MB/sec), 5,7 ms avg latency, 34,0 ms max latency.
875 records sent, 174,9 records/sec (3,34 MB/sec), 5,7 ms avg latency, 29,0 ms max latency.
869 records sent, 173,7 records/sec (3,31 MB/sec), 5,7 ms avg latency, 34,0 ms max latency.
880 records sent, 175,9 records/sec (3,36 MB/sec), 5,7 ms avg latency, 8,0 ms max latency.
887 records sent, 177,4 records/sec (3,38 MB/sec), 5,6 ms avg latency, 13,0 ms max latency.
884 records sent, 176,7 records/sec (3,37 MB/sec), 5,6 ms avg latency, 8,0 ms max latency.
872 records sent, 174,3 records/sec (3,33 MB/sec), 5,7 ms avg latency, 29,0 ms max latency.
872 records sent, 174,1 records/sec (3,32 MB/sec), 5,7 ms avg latency, 37,0 ms max latency.
878 records sent, 175,5 records/sec (3,35 MB/sec), 5,7 ms avg latency, 27,0 ms max latency.
888 records sent, 177,6 records/sec (3,39 MB/sec), 5,6 ms avg latency, 12,0 ms max latency.
890 records sent, 177,9 records/sec (3,39 MB/sec), 5,6 ms avg latency, 36,0 ms max latency.
886 records sent, 177,1 records/sec (3,38 MB/sec), 5,6 ms avg latency, 8,0 ms max latency.
891 records sent, 178,1 records/sec (3,40 MB/sec), 5,6 ms avg latency, 10,0 ms max latency.
878 records sent, 175,6 records/sec (3,35 MB/sec), 5,7 ms avg latency, 54,0 ms max latency.
879 records sent, 175,7 records/sec (3,35 MB/sec), 5,7 ms avg latency, 8,0 ms max latency.
880 records sent, 176,0 records/sec (3,36 MB/sec), 5,7 ms avg latency, 8,0 ms max latency.
876 records sent, 175,1 records/sec (3,34 MB/sec), 5,7 ms avg latency, 40,0 ms max latency.
759 records sent, 151,8 records/sec (2,90 MB/sec), 6,6 ms avg latency, 677,0 ms max latency.
882 records sent, 176,3 records/sec (3,36 MB/sec), 5,7 ms avg latency, 8,0 ms max latency.
889 records sent, 177,7 records/sec (3,39 MB/sec), 5,6 ms avg latency, 8,0 ms max latency.
854 records sent, 170,8 records/sec (3,26 MB/sec), 5,8 ms avg latency, 79,0 ms max latency.
871 records sent, 174,2 records/sec (3,32 MB/sec), 5,7 ms avg latency, 7,0 ms max latency.
869 records sent, 173,8 records/sec (3,31 MB/sec), 5,7 ms avg latency, 115,0 ms max latency.
864 records sent, 172,8 records/sec (3,30 MB/sec), 5,8 ms avg latency, 7,0 ms max latency.
863 records sent, 172,5 records/sec (3,29 MB/sec), 5,8 ms avg latency, 38,0 ms max latency.
878 records sent, 175,6 records/sec (3,35 MB/sec), 5,7 ms avg latency, 8,0 ms max latency.
874 records sent, 174,6 records/sec (3,33 MB/sec), 5,7 ms avg latency, 46,0 ms max latency.
871 records sent, 174,0 records/sec (3,32 MB/sec), 5,7 ms avg latency, 8,0 ms max latency.
870 records sent, 173,9 records/sec (3,32 MB/sec), 5,7 ms avg latency, 32,0 ms max latency.
868 records sent, 173,5 records/sec (3,31 MB/sec), 5,8 ms avg latency, 8,0 ms max latency.
867 records sent, 173,3 records/sec (3,31 MB/sec), 5,7 ms avg latency, 45,0 ms max latency.
870 records sent, 174,0 records/sec (3,32 MB/sec), 5,7 ms avg latency, 20,0 ms max latency.
852 records sent, 170,2 records/sec (3,25 MB/sec), 5,9 ms avg latency, 45,0 ms max latency.
813 records sent, 162,5 records/sec (3,10 MB/sec), 6,1 ms avg latency, 136,0 ms max latency.
864 records sent, 172,7 records/sec (3,29 MB/sec), 5,8 ms avg latency, 36,0 ms max latency.
871 records sent, 174,0 records/sec (3,32 MB/sec), 5,7 ms avg latency, 14,0 ms max latency.
865 records sent, 173,0 records/sec (3,30 MB/sec), 5,8 ms avg latency, 14,0 ms max latency.
863 records sent, 172,5 records/sec (3,29 MB/sec), 5,8 ms avg latency, 14,0 ms max latency.
868 records sent, 173,4 records/sec (3,31 MB/sec), 5,8 ms avg latency, 27,0 ms max latency.
860 records sent, 172,0 records/sec (3,28 MB/sec), 5,8 ms avg latency, 28,0 ms max latency.
852 records sent, 170,3 records/sec (3,25 MB/sec), 5,9 ms avg latency, 14,0 ms max latency.
853 records sent, 170,5 records/sec (3,25 MB/sec), 5,8 ms avg latency, 8,0 ms max latency.
844 records sent, 168,7 records/sec (3,22 MB/sec), 5,9 ms avg latency, 38,0 ms max latency.
858 records sent, 171,4 records/sec (3,27 MB/sec), 5,8 ms avg latency, 8,0 ms max latency.
863 records sent, 172,6 records/sec (3,29 MB/sec), 5,8 ms avg latency, 29,0 ms max latency.
873 records sent, 174,6 records/sec (3,33 MB/sec), 5,7 ms avg latency, 41,0 ms max latency.
876 records sent, 175,1 records/sec (3,34 MB/sec), 5,7 ms avg latency, 18,0 ms max latency.
875 records sent, 174,9 records/sec (3,34 MB/sec), 5,7 ms avg latency, 8,0 ms max latency.
865 records sent, 172,9 records/sec (3,30 MB/sec), 5,8 ms avg latency, 31,0 ms max latency.
870 records sent, 173,9 records/sec (3,32 MB/sec), 5,7 ms avg latency, 8,0 ms max latency.
859 records sent, 171,8 records/sec (3,28 MB/sec), 5,8 ms avg latency, 15,0 ms max latency.
855 records sent, 170,9 records/sec (3,26 MB/sec), 5,8 ms avg latency, 28,0 ms max latency.
854 records sent, 170,7 records/sec (3,26 MB/sec), 5,8 ms avg latency, 79,0 ms max latency.
842 records sent, 168,3 records/sec (3,21 MB/sec), 5,9 ms avg latency, 106,0 ms max latency.
856 records sent, 171,1 records/sec (3,26 MB/sec), 5,8 ms avg latency, 17,0 ms max latency.
864 records sent, 172,7 records/sec (3,29 MB/sec), 5,8 ms avg latency, 16,0 ms max latency.
845 records sent, 168,9 records/sec (3,22 MB/sec), 5,9 ms avg latency, 41,0 ms max latency.
857 records sent, 171,3 records/sec (3,27 MB/sec), 5,8 ms avg latency, 8,0 ms max latency.
852 records sent, 170,4 records/sec (3,25 MB/sec), 5,9 ms avg latency, 26,0 ms max latency.
825 records sent, 164,8 records/sec (3,14 MB/sec), 6,1 ms avg latency, 170,0 ms max latency.
831 records sent, 166,1 records/sec (3,17 MB/sec), 6,0 ms avg latency, 289,0 ms max latency.
876 records sent, 175,1 records/sec (3,34 MB/sec), 5,7 ms avg latency, 33,0 ms max latency.
885 records sent, 177,0 records/sec (3,38 MB/sec), 5,6 ms avg latency, 8,0 ms max latency.
879 records sent, 175,7 records/sec (3,35 MB/sec), 5,7 ms avg latency, 48,0 ms max latency.
870 records sent, 174,0 records/sec (3,32 MB/sec), 5,7 ms avg latency, 8,0 ms max latency.
868 records sent, 173,5 records/sec (3,31 MB/sec), 5,7 ms avg latency, 47,0 ms max latency.
877 records sent, 175,2 records/sec (3,34 MB/sec), 5,7 ms avg latency, 23,0 ms max latency.
80000 records sent, 172,785804 records/sec (3,30 MB/sec), 5,77 ms avg latency, 889,00 ms max latency, 6 ms 50th, 7 ms 95th, 7 ms 99th, 18 ms 99.9th.

Metric Name                                                                          Value
app-info:commit-id:{client-id=producer-1}                                          : d4284cbebb6f0a4c
app-info:start-time-ms:{client-id=producer-1}                                      : 1591598354457
app-info:version:{client-id=producer-1}                                            : 2.3.1
kafka-metrics-count:count:{client-id=producer-1}                                   : 126,000
producer-metrics:batch-size-avg:{client-id=producer-1}                             : 20077,000
producer-metrics:batch-size-max:{client-id=producer-1}                             : 20077,000
producer-metrics:batch-split-rate:{client-id=producer-1}                           : 0,000
producer-metrics:batch-split-total:{client-id=producer-1}                          : 0,000
producer-metrics:buffer-available-bytes:{client-id=producer-1}                     : 33554432,000
producer-metrics:buffer-exhausted-rate:{client-id=producer-1}                      : 0,000
producer-metrics:buffer-exhausted-total:{client-id=producer-1}                     : 0,000
producer-metrics:buffer-total-bytes:{client-id=producer-1}                         : 33554432,000
producer-metrics:bufferpool-wait-ratio:{client-id=producer-1}                      : 0,000
producer-metrics:bufferpool-wait-time-total:{client-id=producer-1}                 : 0,000
producer-metrics:compression-rate-avg:{client-id=producer-1}                       : 1,000
producer-metrics:connection-close-rate:{client-id=producer-1}                      : 0,000
producer-metrics:connection-close-total:{client-id=producer-1}                     : 0,000
producer-metrics:connection-count:{client-id=producer-1}                           : 4,000
producer-metrics:connection-creation-rate:{client-id=producer-1}                   : 0,000
producer-metrics:connection-creation-total:{client-id=producer-1}                  : 4,000
producer-metrics:failed-authentication-rate:{client-id=producer-1}                 : 0,000
producer-metrics:failed-authentication-total:{client-id=producer-1}                : 0,000
producer-metrics:failed-reauthentication-rate:{client-id=producer-1}               : 0,000
producer-metrics:failed-reauthentication-total:{client-id=producer-1}              : 0,000
producer-metrics:incoming-byte-rate:{client-id=producer-1}                         : 10703,243
producer-metrics:incoming-byte-total:{client-id=producer-1}                        : 4961746,000
producer-metrics:io-ratio:{client-id=producer-1}                                   : 0,011
producer-metrics:io-time-ns-avg:{client-id=producer-1}                             : 20850,792
producer-metrics:io-wait-ratio:{client-id=producer-1}                              : 0,972
producer-metrics:io-wait-time-ns-avg:{client-id=producer-1}                        : 1877874,793
producer-metrics:io-waittime-total:{client-id=producer-1}                          : 448873560853,000
producer-metrics:iotime-total:{client-id=producer-1}                               : 5401902212,000
producer-metrics:metadata-age:{client-id=producer-1}                               : 162,822
producer-metrics:network-io-rate:{client-id=producer-1}                            : 345,239
producer-metrics:network-io-total:{client-id=producer-1}                           : 160012,000
producer-metrics:outgoing-byte-rate:{client-id=producer-1}                         : 3477809,198
producer-metrics:outgoing-byte-total:{client-id=producer-1}                        : 1611749072,000
producer-metrics:produce-throttle-time-avg:{client-id=producer-1}                  : 0,000
producer-metrics:produce-throttle-time-max:{client-id=producer-1}                  : 0,000
producer-metrics:reauthentication-latency-avg:{client-id=producer-1}               : NaN
producer-metrics:reauthentication-latency-max:{client-id=producer-1}               : NaN
producer-metrics:record-error-rate:{client-id=producer-1}                          : 0,000
producer-metrics:record-error-total:{client-id=producer-1}                         : 0,000
producer-metrics:record-queue-time-avg:{client-id=producer-1}                      : 0,024
producer-metrics:record-queue-time-max:{client-id=producer-1}                      : 1,000
producer-metrics:record-retry-rate:{client-id=producer-1}                          : 0,000
producer-metrics:record-retry-total:{client-id=producer-1}                         : 0,000
producer-metrics:record-send-rate:{client-id=producer-1}                           : 172,617
producer-metrics:record-send-total:{client-id=producer-1}                          : 80000,000
producer-metrics:record-size-avg:{client-id=producer-1}                            : 20092,000
producer-metrics:record-size-max:{client-id=producer-1}                            : 20092,000
producer-metrics:records-per-request-avg:{client-id=producer-1}                    : 1,000
producer-metrics:request-latency-avg:{client-id=producer-1}                        : 5,721
producer-metrics:request-latency-max:{client-id=producer-1}                        : 289,000
producer-metrics:request-rate:{client-id=producer-1}                               : 172,610
producer-metrics:request-size-avg:{client-id=producer-1}                           : 20147,000
producer-metrics:request-size-max:{client-id=producer-1}                           : 20147,000
producer-metrics:request-total:{client-id=producer-1}                              : 80006,000
producer-metrics:requests-in-flight:{client-id=producer-1}                         : 0,000
producer-metrics:response-rate:{client-id=producer-1}                              : 172,633
producer-metrics:response-total:{client-id=producer-1}                             : 80006,000
producer-metrics:select-rate:{client-id=producer-1}                                : 517,828
producer-metrics:select-total:{client-id=producer-1}                               : 239928,000
producer-metrics:successful-authentication-no-reauth-total:{client-id=producer-1}  : 0,000
producer-metrics:successful-authentication-rate:{client-id=producer-1}             : 0,000
producer-metrics:successful-authentication-total:{client-id=producer-1}            : 0,000
producer-metrics:successful-reauthentication-rate:{client-id=producer-1}           : 0,000
producer-metrics:successful-reauthentication-total:{client-id=producer-1}          : 0,000
producer-metrics:waiting-threads:{client-id=producer-1}                            : 0,000
producer-node-metrics:incoming-byte-rate:{client-id=producer-1, node-id=node--1}   : 0,000
producer-node-metrics:incoming-byte-rate:{client-id=producer-1, node-id=node-1}    : 3589,762
producer-node-metrics:incoming-byte-rate:{client-id=producer-1, node-id=node-3}    : 3535,334
producer-node-metrics:incoming-byte-rate:{client-id=producer-1, node-id=node-6}    : 3587,412
producer-node-metrics:incoming-byte-total:{client-id=producer-1, node-id=node--1}  : 579,000
producer-node-metrics:incoming-byte-total:{client-id=producer-1, node-id=node-1}   : 1659662,000
producer-node-metrics:incoming-byte-total:{client-id=producer-1, node-id=node-3}   : 1646146,000
producer-node-metrics:incoming-byte-total:{client-id=producer-1, node-id=node-6}   : 1655359,000
producer-node-metrics:outgoing-byte-rate:{client-id=producer-1, node-id=node--1}   : 0,000
producer-node-metrics:outgoing-byte-rate:{client-id=producer-1, node-id=node-1}    : 1166359,697
producer-node-metrics:outgoing-byte-rate:{client-id=producer-1, node-id=node-3}    : 1151067,822
producer-node-metrics:outgoing-byte-rate:{client-id=producer-1, node-id=node-6}    : 1165651,974
producer-node-metrics:outgoing-byte-total:{client-id=producer-1, node-id=node--1}  : 67,000
producer-node-metrics:outgoing-byte-total:{client-id=producer-1, node-id=node-1}   : 539210513,000
producer-node-metrics:outgoing-byte-total:{client-id=producer-1, node-id=node-3}   : 534818689,000
producer-node-metrics:outgoing-byte-total:{client-id=producer-1, node-id=node-6}   : 537719803,000
producer-node-metrics:request-latency-avg:{client-id=producer-1, node-id=node--1}  : NaN
producer-node-metrics:request-latency-avg:{client-id=producer-1, node-id=node-1}   : 6,006
producer-node-metrics:request-latency-avg:{client-id=producer-1, node-id=node-3}   : 5,819
producer-node-metrics:request-latency-avg:{client-id=producer-1, node-id=node-6}   : 5,321
producer-node-metrics:request-latency-max:{client-id=producer-1, node-id=node--1}  : NaN
producer-node-metrics:request-latency-max:{client-id=producer-1, node-id=node-1}   : 33,000
producer-node-metrics:request-latency-max:{client-id=producer-1, node-id=node-3}   : 48,000
producer-node-metrics:request-latency-max:{client-id=producer-1, node-id=node-6}   : 289,000
producer-node-metrics:request-rate:{client-id=producer-1, node-id=node--1}         : 0,000
producer-node-metrics:request-rate:{client-id=producer-1, node-id=node-1}          : 57,891
producer-node-metrics:request-rate:{client-id=producer-1, node-id=node-3}          : 57,131
producer-node-metrics:request-rate:{client-id=producer-1, node-id=node-6}          : 57,855
producer-node-metrics:request-size-avg:{client-id=producer-1, node-id=node--1}     : NaN
producer-node-metrics:request-size-avg:{client-id=producer-1, node-id=node-1}      : 20147,000
producer-node-metrics:request-size-avg:{client-id=producer-1, node-id=node-3}      : 20147,000
producer-node-metrics:request-size-avg:{client-id=producer-1, node-id=node-6}      : 20147,000
producer-node-metrics:request-size-max:{client-id=producer-1, node-id=node--1}     : NaN
producer-node-metrics:request-size-max:{client-id=producer-1, node-id=node-1}      : 20147,000
producer-node-metrics:request-size-max:{client-id=producer-1, node-id=node-3}      : 20147,000
producer-node-metrics:request-size-max:{client-id=producer-1, node-id=node-6}      : 20147,000
producer-node-metrics:request-total:{client-id=producer-1, node-id=node--1}        : 2,000
producer-node-metrics:request-total:{client-id=producer-1, node-id=node-1}         : 26765,000
producer-node-metrics:request-total:{client-id=producer-1, node-id=node-3}         : 26547,000
producer-node-metrics:request-total:{client-id=producer-1, node-id=node-6}         : 26692,000
producer-node-metrics:response-rate:{client-id=producer-1, node-id=node--1}        : 0,000
producer-node-metrics:response-rate:{client-id=producer-1, node-id=node-1}         : 57,899
producer-node-metrics:response-rate:{client-id=producer-1, node-id=node-3}         : 57,022
producer-node-metrics:response-rate:{client-id=producer-1, node-id=node-6}         : 57,861
producer-node-metrics:response-total:{client-id=producer-1, node-id=node--1}       : 2,000
producer-node-metrics:response-total:{client-id=producer-1, node-id=node-1}        : 26765,000
producer-node-metrics:response-total:{client-id=producer-1, node-id=node-3}        : 26547,000
producer-node-metrics:response-total:{client-id=producer-1, node-id=node-6}        : 26692,000
producer-topic-metrics:byte-rate:{client-id=producer-1, topic=test-topic}          : 3465552,395
producer-topic-metrics:byte-total:{client-id=producer-1, topic=test-topic}         : 1606148890,000
producer-topic-metrics:compression-rate:{client-id=producer-1, topic=test-topic}   : 1,000
producer-topic-metrics:record-error-rate:{client-id=producer-1, topic=test-topic}  : 0,000
producer-topic-metrics:record-error-total:{client-id=producer-1, topic=test-topic} : 0,000
producer-topic-metrics:record-retry-rate:{client-id=producer-1, topic=test-topic}  : 0,000
producer-topic-metrics:record-retry-total:{client-id=producer-1, topic=test-topic} : 0,000
producer-topic-metrics:record-send-rate:{client-id=producer-1, topic=test-topic}   : 172,617
producer-topic-metrics:record-send-total:{client-id=producer-1, topic=test-topic}  : 80000,000
Produce Time: 463.0
Aplication time: 463.796
