Topic to send: test-topic
Topic to acks: -2
Records: 80000
Size:1000
[22:38:38]    __________  ________________ 
[22:38:38]   /  _/ ___/ |/ /  _/_  __/ __/ 
[22:38:38]  _/ // (7 7    // /  / / / _/   
[22:38:38] /___/\___/_/|_/___/ /_/ /___/  
[22:38:38] 
[22:38:38] ver. 2.7.6#20190911-sha1:21f7ca41
[22:38:38] 2019 Copyright(C) Apache Software Foundation
[22:38:38] 
[22:38:38] Ignite documentation: http://ignite.apache.org
[22:38:38] 
[22:38:38] Quiet mode.
[22:38:38]   ^-- Logging by 'JavaLogger [quiet=true, config=null]'
[22:38:38]   ^-- To see **FULL** console log here add -DIGNITE_QUIET=false or "-v" to ignite.{sh|bat}
[22:38:38] 
[22:38:38] OS: Linux 5.0.0-38-generic amd64
[22:38:38] VM information: OpenJDK Runtime Environment 11.0.5+10-post-Ubuntu-0ubuntu1.119.04 Private Build OpenJDK 64-Bit Server VM 11.0.5+10-post-Ubuntu-0ubuntu1.119.04
[22:38:38] Please set system property '-Djava.net.preferIPv4Stack=true' to avoid possible problems in mixed environments.
[22:38:38] Initial heap size is 126MB (should be no less than 512MB, use -Xms512m -Xmx512m).
[22:38:38] Configured plugins:
[22:38:38]   ^-- None
[22:38:38] 
[22:38:38] Configured failure handler: [hnd=StopNodeOrHaltFailureHandler [tryStop=false, timeout=0, super=AbstractFailureHandler [ignoredFailureTypes=[SYSTEM_WORKER_BLOCKED, SYSTEM_CRITICAL_OPERATION_TIMEOUT]]]]
[22:38:38] Message queue limit is set to 0 which may lead to potential OOMEs when running cache operations in FULL_ASYNC or PRIMARY_SYNC modes due to message queues growth on sender and receiver sides.
[22:38:38] Security status [authentication=off, tls/ssl=off]
[22:38:39] REST protocols do not start on client node. To start the protocols on client node set '-DIGNITE_REST_START_ON_CLIENT=true' system property.
[22:38:41] Performance suggestions for grid  (fix if possible)
[22:38:41] To disable, set -DIGNITE_PERFORMANCE_SUGGESTIONS_DISABLED=true
[22:38:41]   ^-- Switch to the most recent 1.8 JVM version
[22:38:41]   ^-- Specify JVM heap max size (add '-Xmx<size>[g|G|m|M|k|K]' to JVM options)
[22:38:41]   ^-- Set max direct memory size if getting 'OOME: Direct buffer memory' (add '-XX:MaxDirectMemorySize=<size>[g|G|m|M|k|K]' to JVM options)
[22:38:41]   ^-- Disable processing of calls to System.gc() (add '-XX:+DisableExplicitGC' to JVM options)
[22:38:41] Refer to this page for more performance suggestions: https://apacheignite.readme.io/docs/jvm-and-system-tuning
[22:38:41] 
[22:38:41] To start Console Management & Monitoring run ignitevisorcmd.{sh|bat}
[22:38:41] 
[22:38:41] Ignite node started OK (id=e41614fe)
[22:38:41] Topology snapshot [ver=18, locNode=e41614fe, servers=1, clients=1, state=ACTIVE, CPUs=8, offheap=1.5GB, heap=3.9GB]
2008 records sent, 393,4 records/sec (0,38 MB/sec), 2,5 ms avg latency, 1820,0 ms max latency.
3094 records sent, 617,3 records/sec (0,59 MB/sec), 1,6 ms avg latency, 429,0 ms max latency.
2725 records sent, 543,8 records/sec (0,52 MB/sec), 1,8 ms avg latency, 256,0 ms max latency.
2598 records sent, 505,5 records/sec (0,48 MB/sec), 2,0 ms avg latency, 727,0 ms max latency.
2617 records sent, 516,0 records/sec (0,49 MB/sec), 1,9 ms avg latency, 256,0 ms max latency.
1972 records sent, 392,9 records/sec (0,37 MB/sec), 2,5 ms avg latency, 1702,0 ms max latency.
2643 records sent, 518,9 records/sec (0,49 MB/sec), 1,9 ms avg latency, 961,0 ms max latency.
3047 records sent, 563,6 records/sec (0,54 MB/sec), 1,8 ms avg latency, 731,0 ms max latency.
2373 records sent, 474,6 records/sec (0,45 MB/sec), 2,1 ms avg latency, 660,0 ms max latency.
2342 records sent, 468,4 records/sec (0,45 MB/sec), 2,1 ms avg latency, 661,0 ms max latency.
2152 records sent, 425,7 records/sec (0,41 MB/sec), 2,3 ms avg latency, 727,0 ms max latency.
2981 records sent, 593,9 records/sec (0,57 MB/sec), 1,7 ms avg latency, 634,0 ms max latency.
2319 records sent, 463,8 records/sec (0,44 MB/sec), 2,1 ms avg latency, 598,0 ms max latency.
2431 records sent, 486,2 records/sec (0,46 MB/sec), 2,0 ms avg latency, 236,0 ms max latency.
3100 records sent, 618,8 records/sec (0,59 MB/sec), 1,6 ms avg latency, 434,0 ms max latency.
2403 records sent, 448,9 records/sec (0,43 MB/sec), 2,2 ms avg latency, 665,0 ms max latency.
2397 records sent, 478,7 records/sec (0,46 MB/sec), 2,1 ms avg latency, 881,0 ms max latency.
2855 records sent, 559,6 records/sec (0,53 MB/sec), 1,8 ms avg latency, 711,0 ms max latency.
2630 records sent, 521,1 records/sec (0,50 MB/sec), 1,9 ms avg latency, 869,0 ms max latency.
2712 records sent, 509,9 records/sec (0,49 MB/sec), 1,9 ms avg latency, 597,0 ms max latency.
2592 records sent, 518,4 records/sec (0,49 MB/sec), 1,9 ms avg latency, 542,0 ms max latency.
2836 records sent, 566,4 records/sec (0,54 MB/sec), 1,8 ms avg latency, 359,0 ms max latency.
2480 records sent, 495,5 records/sec (0,47 MB/sec), 2,0 ms avg latency, 552,0 ms max latency.
2433 records sent, 484,8 records/sec (0,46 MB/sec), 2,1 ms avg latency, 424,0 ms max latency.
2588 records sent, 517,6 records/sec (0,49 MB/sec), 1,9 ms avg latency, 692,0 ms max latency.
2415 records sent, 482,5 records/sec (0,46 MB/sec), 2,1 ms avg latency, 539,0 ms max latency.
2786 records sent, 557,2 records/sec (0,53 MB/sec), 1,8 ms avg latency, 707,0 ms max latency.
2323 records sent, 464,3 records/sec (0,44 MB/sec), 2,1 ms avg latency, 919,0 ms max latency.
2910 records sent, 580,3 records/sec (0,55 MB/sec), 1,7 ms avg latency, 1637,0 ms max latency.
2540 records sent, 507,3 records/sec (0,48 MB/sec), 2,0 ms avg latency, 796,0 ms max latency.
80000 records sent, 509,966661 records/sec (0,49 MB/sec), 1,95 ms avg latency, 1820,00 ms max latency, 0 ms 50th, 10 ms 95th, 31 ms 99th, 232 ms 99.9th.

Metric Name                                                                          Value
app-info:commit-id:{client-id=producer-1}                                          : d12590634290dbc4
app-info:start-time-ms:{client-id=producer-1}                                      : 1593049117845
app-info:version:{client-id=producer-1}                                            : 2.3.1
kafka-metrics-count:count:{client-id=producer-1}                                   : 126,000
producer-metrics:batch-size-avg:{client-id=producer-1}                             : 1075,000
producer-metrics:batch-size-max:{client-id=producer-1}                             : 1075,000
producer-metrics:batch-split-rate:{client-id=producer-1}                           : 0,000
producer-metrics:batch-split-total:{client-id=producer-1}                          : 0,000
producer-metrics:buffer-available-bytes:{client-id=producer-1}                     : 33554432,000
producer-metrics:buffer-exhausted-rate:{client-id=producer-1}                      : 0,000
producer-metrics:buffer-exhausted-total:{client-id=producer-1}                     : 0,000
producer-metrics:buffer-total-bytes:{client-id=producer-1}                         : 33554432,000
producer-metrics:bufferpool-wait-ratio:{client-id=producer-1}                      : 0,000
producer-metrics:bufferpool-wait-time-total:{client-id=producer-1}                 : 0,000
producer-metrics:compression-rate-avg:{client-id=producer-1}                       : 1,000
producer-metrics:connection-close-rate:{client-id=producer-1}                      : 0,249
producer-metrics:connection-close-total:{client-id=producer-1}                     : 35,000
producer-metrics:connection-count:{client-id=producer-1}                           : 4,000
producer-metrics:connection-creation-rate:{client-id=producer-1}                   : 0,249
producer-metrics:connection-creation-total:{client-id=producer-1}                  : 39,000
producer-metrics:failed-authentication-rate:{client-id=producer-1}                 : 0,000
producer-metrics:failed-authentication-total:{client-id=producer-1}                : 0,000
producer-metrics:failed-reauthentication-rate:{client-id=producer-1}               : 0,000
producer-metrics:failed-reauthentication-total:{client-id=producer-1}              : 0,000
producer-metrics:incoming-byte-rate:{client-id=producer-1}                         : 144,371
producer-metrics:incoming-byte-total:{client-id=producer-1}                        : 20871,000
producer-metrics:io-ratio:{client-id=producer-1}                                   : 0,008
producer-metrics:io-time-ns-avg:{client-id=producer-1}                             : 7416,046
producer-metrics:io-wait-ratio:{client-id=producer-1}                              : 0,975
producer-metrics:io-wait-time-ns-avg:{client-id=producer-1}                        : 940983,849
producer-metrics:io-waittime-total:{client-id=producer-1}                          : 150200902968,000
producer-metrics:iotime-total:{client-id=producer-1}                               : 1443603648,000
producer-metrics:metadata-age:{client-id=producer-1}                               : 6,349
producer-metrics:network-io-rate:{client-id=producer-1}                            : 520,468
producer-metrics:network-io-total:{client-id=producer-1}                           : 80146,000
producer-metrics:outgoing-byte-rate:{client-id=producer-1}                         : 599996,955
producer-metrics:outgoing-byte-total:{client-id=producer-1}                        : 92391335,000
producer-metrics:produce-throttle-time-avg:{client-id=producer-1}                  : 0,000
producer-metrics:produce-throttle-time-max:{client-id=producer-1}                  : 0,000
producer-metrics:reauthentication-latency-avg:{client-id=producer-1}               : NaN
producer-metrics:reauthentication-latency-max:{client-id=producer-1}               : NaN
producer-metrics:record-error-rate:{client-id=producer-1}                          : 0,000
producer-metrics:record-error-total:{client-id=producer-1}                         : 0,000
producer-metrics:record-queue-time-avg:{client-id=producer-1}                      : 0,324
producer-metrics:record-queue-time-max:{client-id=producer-1}                      : 1624,000
producer-metrics:record-retry-rate:{client-id=producer-1}                          : 0,208
producer-metrics:record-retry-total:{client-id=producer-1}                         : 31,000
producer-metrics:record-send-rate:{client-id=producer-1}                           : 519,612
producer-metrics:record-send-total:{client-id=producer-1}                          : 80031,000
producer-metrics:record-size-avg:{client-id=producer-1}                            : 1091,000
producer-metrics:record-size-max:{client-id=producer-1}                            : 1091,000
producer-metrics:records-per-request-avg:{client-id=producer-1}                    : 1,000
producer-metrics:request-latency-avg:{client-id=producer-1}                        : NaN
producer-metrics:request-latency-max:{client-id=producer-1}                        : NaN
producer-metrics:request-rate:{client-id=producer-1}                               : 519,929
producer-metrics:request-size-avg:{client-id=producer-1}                           : 1153,806
producer-metrics:request-size-max:{client-id=producer-1}                           : 1155,000
producer-metrics:request-total:{client-id=producer-1}                              : 80074,000
producer-metrics:requests-in-flight:{client-id=producer-1}                         : 0,000
producer-metrics:response-rate:{client-id=producer-1}                              : 0,499
producer-metrics:response-total:{client-id=producer-1}                             : 72,000
producer-metrics:select-rate:{client-id=producer-1}                                : 1036,343
producer-metrics:select-total:{client-id=producer-1}                               : 154852,000
producer-metrics:successful-authentication-no-reauth-total:{client-id=producer-1}  : 0,000
producer-metrics:successful-authentication-rate:{client-id=producer-1}             : 0,000
producer-metrics:successful-authentication-total:{client-id=producer-1}            : 0,000
producer-metrics:successful-reauthentication-rate:{client-id=producer-1}           : 0,000
producer-metrics:successful-reauthentication-total:{client-id=producer-1}          : 0,000
producer-metrics:waiting-threads:{client-id=producer-1}                            : 0,000
producer-node-metrics:incoming-byte-rate:{client-id=producer-1, node-id=node--2}   : 0,000
producer-node-metrics:incoming-byte-rate:{client-id=producer-1, node-id=node-1}    : 48,685
producer-node-metrics:incoming-byte-rate:{client-id=producer-1, node-id=node-3}    : 54,376
producer-node-metrics:incoming-byte-rate:{client-id=producer-1, node-id=node-6}    : 43,940
producer-node-metrics:incoming-byte-total:{client-id=producer-1, node-id=node--2}  : 579,000
producer-node-metrics:incoming-byte-total:{client-id=producer-1, node-id=node-1}   : 6993,000
producer-node-metrics:incoming-byte-total:{client-id=producer-1, node-id=node-3}   : 7794,000
producer-node-metrics:incoming-byte-total:{client-id=producer-1, node-id=node-6}   : 5505,000
producer-node-metrics:outgoing-byte-rate:{client-id=producer-1, node-id=node--2}   : 0,000
producer-node-metrics:outgoing-byte-rate:{client-id=producer-1, node-id=node-1}    : 200790,671
producer-node-metrics:outgoing-byte-rate:{client-id=producer-1, node-id=node-3}    : 198535,061
producer-node-metrics:outgoing-byte-rate:{client-id=producer-1, node-id=node-6}    : 200637,942
producer-node-metrics:outgoing-byte-total:{client-id=producer-1, node-id=node--2}  : 67,000
producer-node-metrics:outgoing-byte-total:{client-id=producer-1, node-id=node-1}   : 30909310,000
producer-node-metrics:outgoing-byte-total:{client-id=producer-1, node-id=node-3}   : 30658032,000
producer-node-metrics:outgoing-byte-total:{client-id=producer-1, node-id=node-6}   : 30823926,000
producer-node-metrics:request-latency-avg:{client-id=producer-1, node-id=node--2}  : NaN
producer-node-metrics:request-latency-avg:{client-id=producer-1, node-id=node-1}   : NaN
producer-node-metrics:request-latency-avg:{client-id=producer-1, node-id=node-3}   : NaN
producer-node-metrics:request-latency-avg:{client-id=producer-1, node-id=node-6}   : NaN
producer-node-metrics:request-latency-max:{client-id=producer-1, node-id=node--2}  : NaN
producer-node-metrics:request-latency-max:{client-id=producer-1, node-id=node-1}   : NaN
producer-node-metrics:request-latency-max:{client-id=producer-1, node-id=node-3}   : NaN
producer-node-metrics:request-latency-max:{client-id=producer-1, node-id=node-6}   : NaN
producer-node-metrics:request-rate:{client-id=producer-1, node-id=node--2}         : 0,000
producer-node-metrics:request-rate:{client-id=producer-1, node-id=node-1}          : 173,992
producer-node-metrics:request-rate:{client-id=producer-1, node-id=node-3}          : 172,083
producer-node-metrics:request-rate:{client-id=producer-1, node-id=node-6}          : 173,854
producer-node-metrics:request-size-avg:{client-id=producer-1, node-id=node--2}     : NaN
producer-node-metrics:request-size-avg:{client-id=producer-1, node-id=node-1}      : 1153,923
producer-node-metrics:request-size-avg:{client-id=producer-1, node-id=node-3}      : 1153,560
producer-node-metrics:request-size-avg:{client-id=producer-1, node-id=node-6}      : 1153,932
producer-node-metrics:request-size-max:{client-id=producer-1, node-id=node--2}     : NaN
producer-node-metrics:request-size-max:{client-id=producer-1, node-id=node-1}      : 1155,000
producer-node-metrics:request-size-max:{client-id=producer-1, node-id=node-3}      : 1155,000
producer-node-metrics:request-size-max:{client-id=producer-1, node-id=node-6}      : 1155,000
producer-node-metrics:request-total:{client-id=producer-1, node-id=node--2}        : 2,000
producer-node-metrics:request-total:{client-id=producer-1, node-id=node-1}         : 26788,000
producer-node-metrics:request-total:{client-id=producer-1, node-id=node-3}         : 26574,000
producer-node-metrics:request-total:{client-id=producer-1, node-id=node-6}         : 26710,000
producer-node-metrics:response-rate:{client-id=producer-1, node-id=node--2}        : 0,000
producer-node-metrics:response-rate:{client-id=producer-1, node-id=node-1}         : 0,166
producer-node-metrics:response-rate:{client-id=producer-1, node-id=node-3}         : 0,189
producer-node-metrics:response-rate:{client-id=producer-1, node-id=node-6}         : 0,153
producer-node-metrics:response-total:{client-id=producer-1, node-id=node--2}       : 2,000
producer-node-metrics:response-total:{client-id=producer-1, node-id=node-1}        : 24,000
producer-node-metrics:response-total:{client-id=producer-1, node-id=node-3}        : 27,000
producer-node-metrics:response-total:{client-id=producer-1, node-id=node-6}        : 19,000
producer-topic-metrics:byte-rate:{client-id=producer-1, topic=test-topic}          : 558552,468
producer-topic-metrics:byte-total:{client-id=producer-1, topic=test-topic}         : 86022215,000
producer-topic-metrics:compression-rate:{client-id=producer-1, topic=test-topic}   : 1,000
producer-topic-metrics:record-error-rate:{client-id=producer-1, topic=test-topic}  : 0,000
producer-topic-metrics:record-error-total:{client-id=producer-1, topic=test-topic} : 0,000
producer-topic-metrics:record-retry-rate:{client-id=producer-1, topic=test-topic}  : 0,208
producer-topic-metrics:record-retry-total:{client-id=producer-1, topic=test-topic} : 31,000
producer-topic-metrics:record-send-rate:{client-id=producer-1, topic=test-topic}   : 519,612
producer-topic-metrics:record-send-total:{client-id=producer-1, topic=test-topic}  : 80031,000
Produce Time: 156.869
[22:41:14] Ignite node stopped OK [uptime=00:02:33.818]
Aplication time: 157.562
*****Produção finalizada, esperando 180 s para buscar WM*****
Water mark: 719997
