Topic to send: test-topic
Topic to acks: -2
Records: 80000
Size:1000
[23:34:17]    __________  ________________ 
[23:34:17]   /  _/ ___/ |/ /  _/_  __/ __/ 
[23:34:17]  _/ // (7 7    // /  / / / _/   
[23:34:17] /___/\___/_/|_/___/ /_/ /___/  
[23:34:17] 
[23:34:17] ver. 2.7.6#20190911-sha1:21f7ca41
[23:34:17] 2019 Copyright(C) Apache Software Foundation
[23:34:17] 
[23:34:17] Ignite documentation: http://ignite.apache.org
[23:34:17] 
[23:34:17] Quiet mode.
[23:34:17]   ^-- Logging by 'JavaLogger [quiet=true, config=null]'
[23:34:17]   ^-- To see **FULL** console log here add -DIGNITE_QUIET=false or "-v" to ignite.{sh|bat}
[23:34:17] 
[23:34:17] OS: Linux 5.0.0-38-generic amd64
[23:34:17] VM information: OpenJDK Runtime Environment 11.0.5+10-post-Ubuntu-0ubuntu1.119.04 Private Build OpenJDK 64-Bit Server VM 11.0.5+10-post-Ubuntu-0ubuntu1.119.04
[23:34:17] Please set system property '-Djava.net.preferIPv4Stack=true' to avoid possible problems in mixed environments.
[23:34:17] Initial heap size is 126MB (should be no less than 512MB, use -Xms512m -Xmx512m).
[23:34:17] Configured plugins:
[23:34:17]   ^-- None
[23:34:17] 
[23:34:17] Configured failure handler: [hnd=StopNodeOrHaltFailureHandler [tryStop=false, timeout=0, super=AbstractFailureHandler [ignoredFailureTypes=[SYSTEM_WORKER_BLOCKED, SYSTEM_CRITICAL_OPERATION_TIMEOUT]]]]
[23:34:17] Message queue limit is set to 0 which may lead to potential OOMEs when running cache operations in FULL_ASYNC or PRIMARY_SYNC modes due to message queues growth on sender and receiver sides.
[23:34:17] Security status [authentication=off, tls/ssl=off]
[23:34:18] REST protocols do not start on client node. To start the protocols on client node set '-DIGNITE_REST_START_ON_CLIENT=true' system property.
[23:34:19] Performance suggestions for grid  (fix if possible)
[23:34:19] To disable, set -DIGNITE_PERFORMANCE_SUGGESTIONS_DISABLED=true
[23:34:19]   ^-- Switch to the most recent 1.8 JVM version
[23:34:19]   ^-- Specify JVM heap max size (add '-Xmx<size>[g|G|m|M|k|K]' to JVM options)
[23:34:19]   ^-- Set max direct memory size if getting 'OOME: Direct buffer memory' (add '-XX:MaxDirectMemorySize=<size>[g|G|m|M|k|K]' to JVM options)
[23:34:19]   ^-- Disable processing of calls to System.gc() (add '-XX:+DisableExplicitGC' to JVM options)
[23:34:19] Refer to this page for more performance suggestions: https://apacheignite.readme.io/docs/jvm-and-system-tuning
[23:34:19] 
[23:34:19] To start Console Management & Monitoring run ignitevisorcmd.{sh|bat}
[23:34:19] 
[23:34:19] Ignite node started OK (id=6f4c81e9)
[23:34:19] Topology snapshot [ver=36, locNode=6f4c81e9, servers=1, clients=1, state=ACTIVE, CPUs=8, offheap=1.5GB, heap=3.9GB]
1668 records sent, 333,5 records/sec (0,32 MB/sec), 2,9 ms avg latency, 1599,0 ms max latency.
2765 records sent, 478,0 records/sec (0,46 MB/sec), 2,1 ms avg latency, 797,0 ms max latency.
2807 records sent, 560,8 records/sec (0,53 MB/sec), 1,8 ms avg latency, 492,0 ms max latency.
2289 records sent, 457,8 records/sec (0,44 MB/sec), 2,2 ms avg latency, 345,0 ms max latency.
2616 records sent, 511,8 records/sec (0,49 MB/sec), 1,9 ms avg latency, 227,0 ms max latency.
2824 records sent, 559,8 records/sec (0,53 MB/sec), 1,8 ms avg latency, 635,0 ms max latency.
2456 records sent, 489,1 records/sec (0,47 MB/sec), 2,0 ms avg latency, 267,0 ms max latency.
2135 records sent, 394,1 records/sec (0,38 MB/sec), 2,5 ms avg latency, 646,0 ms max latency.
2911 records sent, 581,5 records/sec (0,55 MB/sec), 1,7 ms avg latency, 318,0 ms max latency.
2139 records sent, 378,9 records/sec (0,36 MB/sec), 2,6 ms avg latency, 921,0 ms max latency.
2792 records sent, 556,1 records/sec (0,53 MB/sec), 1,8 ms avg latency, 493,0 ms max latency.
2707 records sent, 538,2 records/sec (0,51 MB/sec), 1,8 ms avg latency, 725,0 ms max latency.
2273 records sent, 454,4 records/sec (0,43 MB/sec), 2,2 ms avg latency, 486,0 ms max latency.
2188 records sent, 430,5 records/sec (0,41 MB/sec), 2,3 ms avg latency, 692,0 ms max latency.
2674 records sent, 518,5 records/sec (0,49 MB/sec), 1,9 ms avg latency, 660,0 ms max latency.
2507 records sent, 447,4 records/sec (0,43 MB/sec), 2,2 ms avg latency, 1142,0 ms max latency.
3348 records sent, 644,0 records/sec (0,61 MB/sec), 1,5 ms avg latency, 611,0 ms max latency.
2587 records sent, 501,6 records/sec (0,48 MB/sec), 2,0 ms avg latency, 637,0 ms max latency.
2463 records sent, 487,6 records/sec (0,47 MB/sec), 2,0 ms avg latency, 515,0 ms max latency.
2432 records sent, 485,0 records/sec (0,46 MB/sec), 2,1 ms avg latency, 937,0 ms max latency.
2800 records sent, 535,6 records/sec (0,51 MB/sec), 1,9 ms avg latency, 237,0 ms max latency.
2665 records sent, 533,0 records/sec (0,51 MB/sec), 1,9 ms avg latency, 217,0 ms max latency.
2525 records sent, 503,9 records/sec (0,48 MB/sec), 2,0 ms avg latency, 450,0 ms max latency.
2827 records sent, 554,2 records/sec (0,53 MB/sec), 1,8 ms avg latency, 627,0 ms max latency.
2565 records sent, 511,1 records/sec (0,49 MB/sec), 1,9 ms avg latency, 766,0 ms max latency.
2638 records sent, 485,3 records/sec (0,46 MB/sec), 2,0 ms avg latency, 682,0 ms max latency.
2467 records sent, 486,4 records/sec (0,46 MB/sec), 2,0 ms avg latency, 232,0 ms max latency.
3053 records sent, 609,3 records/sec (0,58 MB/sec), 1,6 ms avg latency, 694,0 ms max latency.
2150 records sent, 429,3 records/sec (0,41 MB/sec), 2,3 ms avg latency, 1524,0 ms max latency.
2605 records sent, 512,2 records/sec (0,49 MB/sec), 1,9 ms avg latency, 896,0 ms max latency.
2645 records sent, 528,0 records/sec (0,50 MB/sec), 1,9 ms avg latency, 696,0 ms max latency.
80000 records sent, 500,150045 records/sec (0,48 MB/sec), 1,98 ms avg latency, 1599,00 ms max latency, 0 ms 50th, 10 ms 95th, 30 ms 99th, 228 ms 99.9th.

Metric Name                                                                          Value
app-info:commit-id:{client-id=producer-1}                                          : d12590634290dbc4
app-info:start-time-ms:{client-id=producer-1}                                      : 1593052456684
app-info:version:{client-id=producer-1}                                            : 2.3.1
kafka-metrics-count:count:{client-id=producer-1}                                   : 126,000
producer-metrics:batch-size-avg:{client-id=producer-1}                             : 1075,000
producer-metrics:batch-size-max:{client-id=producer-1}                             : 1075,000
producer-metrics:batch-split-rate:{client-id=producer-1}                           : 0,000
producer-metrics:batch-split-total:{client-id=producer-1}                          : 0,000
producer-metrics:buffer-available-bytes:{client-id=producer-1}                     : 33554432,000
producer-metrics:buffer-exhausted-rate:{client-id=producer-1}                      : 0,000
producer-metrics:buffer-exhausted-total:{client-id=producer-1}                     : 0,000
producer-metrics:buffer-total-bytes:{client-id=producer-1}                         : 33554432,000
producer-metrics:bufferpool-wait-ratio:{client-id=producer-1}                      : 0,000
producer-metrics:bufferpool-wait-time-total:{client-id=producer-1}                 : 0,000
producer-metrics:compression-rate-avg:{client-id=producer-1}                       : 1,000
producer-metrics:connection-close-rate:{client-id=producer-1}                      : 0,238
producer-metrics:connection-close-total:{client-id=producer-1}                     : 32,000
producer-metrics:connection-count:{client-id=producer-1}                           : 4,000
producer-metrics:connection-creation-rate:{client-id=producer-1}                   : 0,223
producer-metrics:connection-creation-total:{client-id=producer-1}                  : 36,000
producer-metrics:failed-authentication-rate:{client-id=producer-1}                 : 0,000
producer-metrics:failed-authentication-total:{client-id=producer-1}                : 0,000
producer-metrics:failed-reauthentication-rate:{client-id=producer-1}               : 0,000
producer-metrics:failed-reauthentication-total:{client-id=producer-1}              : 0,000
producer-metrics:incoming-byte-rate:{client-id=producer-1}                         : 119,448
producer-metrics:incoming-byte-total:{client-id=producer-1}                        : 18564,000
producer-metrics:io-ratio:{client-id=producer-1}                                   : 0,007
producer-metrics:io-time-ns-avg:{client-id=producer-1}                             : 7160,130
producer-metrics:io-wait-ratio:{client-id=producer-1}                              : 0,984
producer-metrics:io-wait-time-ns-avg:{client-id=producer-1}                        : 940109,726
producer-metrics:io-waittime-total:{client-id=producer-1}                          : 153474172834,000
producer-metrics:iotime-total:{client-id=producer-1}                               : 1457713387,000
producer-metrics:metadata-age:{client-id=producer-1}                               : 5,449
producer-metrics:network-io-rate:{client-id=producer-1}                            : 524,540
producer-metrics:network-io-total:{client-id=producer-1}                           : 80130,000
producer-metrics:outgoing-byte-rate:{client-id=producer-1}                         : 605282,840
producer-metrics:outgoing-byte-total:{client-id=producer-1}                        : 92391048,000
producer-metrics:produce-throttle-time-avg:{client-id=producer-1}                  : 0,000
producer-metrics:produce-throttle-time-max:{client-id=producer-1}                  : 0,000
producer-metrics:reauthentication-latency-avg:{client-id=producer-1}               : NaN
producer-metrics:reauthentication-latency-max:{client-id=producer-1}               : NaN
producer-metrics:record-error-rate:{client-id=producer-1}                          : 0,000
producer-metrics:record-error-total:{client-id=producer-1}                         : 0,000
producer-metrics:record-queue-time-avg:{client-id=producer-1}                      : 0,283
producer-metrics:record-queue-time-max:{client-id=producer-1}                      : 1524,000
producer-metrics:record-retry-rate:{client-id=producer-1}                          : 0,214
producer-metrics:record-retry-total:{client-id=producer-1}                         : 25,000
producer-metrics:record-send-rate:{client-id=producer-1}                           : 524,155
producer-metrics:record-send-total:{client-id=producer-1}                          : 80025,000
producer-metrics:record-size-avg:{client-id=producer-1}                            : 1091,000
producer-metrics:record-size-max:{client-id=producer-1}                            : 1091,000
producer-metrics:records-per-request-avg:{client-id=producer-1}                    : 1,000
producer-metrics:request-latency-avg:{client-id=producer-1}                        : NaN
producer-metrics:request-latency-max:{client-id=producer-1}                        : NaN
producer-metrics:request-rate:{client-id=producer-1}                               : 524,173
producer-metrics:request-size-avg:{client-id=producer-1}                           : 1154,241
producer-metrics:request-size-max:{client-id=producer-1}                           : 1155,000
producer-metrics:request-total:{client-id=producer-1}                              : 80066,000
producer-metrics:requests-in-flight:{client-id=producer-1}                         : 0,000
producer-metrics:response-rate:{client-id=producer-1}                              : 0,412
producer-metrics:response-total:{client-id=producer-1}                             : 64,000
producer-metrics:select-rate:{client-id=producer-1}                                : 1047,385
producer-metrics:select-total:{client-id=producer-1}                               : 157037,000
producer-metrics:successful-authentication-no-reauth-total:{client-id=producer-1}  : 0,000
producer-metrics:successful-authentication-rate:{client-id=producer-1}             : 0,000
producer-metrics:successful-authentication-total:{client-id=producer-1}            : 0,000
producer-metrics:successful-reauthentication-rate:{client-id=producer-1}           : 0,000
producer-metrics:successful-reauthentication-total:{client-id=producer-1}          : 0,000
producer-metrics:waiting-threads:{client-id=producer-1}                            : 0,000
producer-node-metrics:incoming-byte-rate:{client-id=producer-1, node-id=node--3}   : 0,000
producer-node-metrics:incoming-byte-rate:{client-id=producer-1, node-id=node-1}    : 37,343
producer-node-metrics:incoming-byte-rate:{client-id=producer-1, node-id=node-3}    : 49,909
producer-node-metrics:incoming-byte-rate:{client-id=producer-1, node-id=node-6}    : 44,348
producer-node-metrics:incoming-byte-total:{client-id=producer-1, node-id=node--3}  : 579,000
producer-node-metrics:incoming-byte-total:{client-id=producer-1, node-id=node-1}   : 5238,000
producer-node-metrics:incoming-byte-total:{client-id=producer-1, node-id=node-3}   : 6681,000
producer-node-metrics:incoming-byte-total:{client-id=producer-1, node-id=node-6}   : 6066,000
producer-node-metrics:outgoing-byte-rate:{client-id=producer-1, node-id=node--3}   : 0,000
producer-node-metrics:outgoing-byte-rate:{client-id=producer-1, node-id=node-1}    : 203157,088
producer-node-metrics:outgoing-byte-rate:{client-id=producer-1, node-id=node-3}    : 200825,749
producer-node-metrics:outgoing-byte-rate:{client-id=producer-1, node-id=node-6}    : 201264,224
producer-node-metrics:outgoing-byte-total:{client-id=producer-1, node-id=node--3}  : 67,000
producer-node-metrics:outgoing-byte-total:{client-id=producer-1, node-id=node-1}   : 30909190,000
producer-node-metrics:outgoing-byte-total:{client-id=producer-1, node-id=node-3}   : 30657760,000
producer-node-metrics:outgoing-byte-total:{client-id=producer-1, node-id=node-6}   : 30824031,000
producer-node-metrics:request-latency-avg:{client-id=producer-1, node-id=node--3}  : NaN
producer-node-metrics:request-latency-avg:{client-id=producer-1, node-id=node-1}   : NaN
producer-node-metrics:request-latency-avg:{client-id=producer-1, node-id=node-3}   : NaN
producer-node-metrics:request-latency-avg:{client-id=producer-1, node-id=node-6}   : NaN
producer-node-metrics:request-latency-max:{client-id=producer-1, node-id=node--3}  : NaN
producer-node-metrics:request-latency-max:{client-id=producer-1, node-id=node-1}   : NaN
producer-node-metrics:request-latency-max:{client-id=producer-1, node-id=node-3}   : NaN
producer-node-metrics:request-latency-max:{client-id=producer-1, node-id=node-6}   : NaN
producer-node-metrics:request-rate:{client-id=producer-1, node-id=node--3}         : 0,000
producer-node-metrics:request-rate:{client-id=producer-1, node-id=node-1}          : 175,926
producer-node-metrics:request-rate:{client-id=producer-1, node-id=node-3}          : 173,927
producer-node-metrics:request-rate:{client-id=producer-1, node-id=node-6}          : 174,307
producer-node-metrics:request-size-avg:{client-id=producer-1, node-id=node--3}     : NaN
producer-node-metrics:request-size-avg:{client-id=producer-1, node-id=node-1}      : 1154,349
producer-node-metrics:request-size-avg:{client-id=producer-1, node-id=node-3}      : 1154,186
producer-node-metrics:request-size-avg:{client-id=producer-1, node-id=node-6}      : 1154,188
producer-node-metrics:request-size-max:{client-id=producer-1, node-id=node--3}     : NaN
producer-node-metrics:request-size-max:{client-id=producer-1, node-id=node-1}      : 1155,000
producer-node-metrics:request-size-max:{client-id=producer-1, node-id=node-3}      : 1155,000
producer-node-metrics:request-size-max:{client-id=producer-1, node-id=node-6}      : 1155,000
producer-node-metrics:request-total:{client-id=producer-1, node-id=node--3}        : 2,000
producer-node-metrics:request-total:{client-id=producer-1, node-id=node-1}         : 26783,000
producer-node-metrics:request-total:{client-id=producer-1, node-id=node-3}         : 26569,000
producer-node-metrics:request-total:{client-id=producer-1, node-id=node-6}         : 26712,000
producer-node-metrics:response-rate:{client-id=producer-1, node-id=node--3}        : 0,000
producer-node-metrics:response-rate:{client-id=producer-1, node-id=node-1}         : 0,127
producer-node-metrics:response-rate:{client-id=producer-1, node-id=node-3}         : 0,172
producer-node-metrics:response-rate:{client-id=producer-1, node-id=node-6}         : 0,155
producer-node-metrics:response-total:{client-id=producer-1, node-id=node--3}       : 2,000
producer-node-metrics:response-total:{client-id=producer-1, node-id=node-1}        : 18,000
producer-node-metrics:response-total:{client-id=producer-1, node-id=node-3}        : 23,000
producer-node-metrics:response-total:{client-id=producer-1, node-id=node-6}        : 21,000
producer-topic-metrics:byte-rate:{client-id=producer-1, topic=test-topic}          : 563295,975
producer-topic-metrics:byte-total:{client-id=producer-1, topic=test-topic}         : 86015767,000
producer-topic-metrics:compression-rate:{client-id=producer-1, topic=test-topic}   : 1,000
producer-topic-metrics:record-error-rate:{client-id=producer-1, topic=test-topic}  : 0,000
producer-topic-metrics:record-error-total:{client-id=producer-1, topic=test-topic} : 0,000
producer-topic-metrics:record-retry-rate:{client-id=producer-1, topic=test-topic}  : 0,214
producer-topic-metrics:record-retry-total:{client-id=producer-1, topic=test-topic} : 25,000
producer-topic-metrics:record-send-rate:{client-id=producer-1, topic=test-topic}   : 524,155
producer-topic-metrics:record-send-total:{client-id=producer-1, topic=test-topic}  : 80025,000
Produce Time: 159.95
[23:36:56] Ignite node stopped OK [uptime=00:02:36.915]
Aplication time: 160.659
*****Produção finalizada, esperando 180 s para buscar WM*****
Water mark: 1439997
