Topic to send: test-topic
Topic to acks: -2
Records: 80000
Size:1000
[22:59:54]    __________  ________________ 
[22:59:54]   /  _/ ___/ |/ /  _/_  __/ __/ 
[22:59:54]  _/ // (7 7    // /  / / / _/   
[22:59:54] /___/\___/_/|_/___/ /_/ /___/  
[22:59:54] 
[22:59:54] ver. 2.7.6#20190911-sha1:21f7ca41
[22:59:54] 2019 Copyright(C) Apache Software Foundation
[22:59:54] 
[22:59:54] Ignite documentation: http://ignite.apache.org
[22:59:54] 
[22:59:54] Quiet mode.
[22:59:54]   ^-- Logging by 'JavaLogger [quiet=true, config=null]'
[22:59:54]   ^-- To see **FULL** console log here add -DIGNITE_QUIET=false or "-v" to ignite.{sh|bat}
[22:59:54] 
[22:59:54] OS: Linux 5.0.0-38-generic amd64
[22:59:54] VM information: OpenJDK Runtime Environment 11.0.5+10-post-Ubuntu-0ubuntu1.119.04 Private Build OpenJDK 64-Bit Server VM 11.0.5+10-post-Ubuntu-0ubuntu1.119.04
[22:59:54] Please set system property '-Djava.net.preferIPv4Stack=true' to avoid possible problems in mixed environments.
[22:59:54] Initial heap size is 126MB (should be no less than 512MB, use -Xms512m -Xmx512m).
[22:59:54] Configured plugins:
[22:59:54]   ^-- None
[22:59:54] 
[22:59:54] Configured failure handler: [hnd=StopNodeOrHaltFailureHandler [tryStop=false, timeout=0, super=AbstractFailureHandler [ignoredFailureTypes=[SYSTEM_WORKER_BLOCKED, SYSTEM_CRITICAL_OPERATION_TIMEOUT]]]]
[22:59:54] Message queue limit is set to 0 which may lead to potential OOMEs when running cache operations in FULL_ASYNC or PRIMARY_SYNC modes due to message queues growth on sender and receiver sides.
[22:59:55] Security status [authentication=off, tls/ssl=off]
[22:59:55] REST protocols do not start on client node. To start the protocols on client node set '-DIGNITE_REST_START_ON_CLIENT=true' system property.
[22:59:57] Performance suggestions for grid  (fix if possible)
[22:59:57] To disable, set -DIGNITE_PERFORMANCE_SUGGESTIONS_DISABLED=true
[22:59:57]   ^-- Switch to the most recent 1.8 JVM version
[22:59:57]   ^-- Specify JVM heap max size (add '-Xmx<size>[g|G|m|M|k|K]' to JVM options)
[22:59:57]   ^-- Set max direct memory size if getting 'OOME: Direct buffer memory' (add '-XX:MaxDirectMemorySize=<size>[g|G|m|M|k|K]' to JVM options)
[22:59:57]   ^-- Disable processing of calls to System.gc() (add '-XX:+DisableExplicitGC' to JVM options)
[22:59:57] Refer to this page for more performance suggestions: https://apacheignite.readme.io/docs/jvm-and-system-tuning
[22:59:57] 
[22:59:57] To start Console Management & Monitoring run ignitevisorcmd.{sh|bat}
[22:59:57] 
[22:59:57] Ignite node started OK (id=95a0433e)
[22:59:57] Topology snapshot [ver=24, locNode=95a0433e, servers=1, clients=1, state=ACTIVE, CPUs=8, offheap=1.5GB, heap=3.9GB]
1809 records sent, 360,9 records/sec (0,34 MB/sec), 2,7 ms avg latency, 1767,0 ms max latency.
2898 records sent, 579,6 records/sec (0,55 MB/sec), 1,7 ms avg latency, 707,0 ms max latency.
2640 records sent, 507,6 records/sec (0,48 MB/sec), 2,0 ms avg latency, 321,0 ms max latency.
1812 records sent, 361,7 records/sec (0,34 MB/sec), 2,7 ms avg latency, 834,0 ms max latency.
2350 records sent, 469,8 records/sec (0,45 MB/sec), 2,1 ms avg latency, 651,0 ms max latency.
3000 records sent, 599,8 records/sec (0,57 MB/sec), 1,6 ms avg latency, 577,0 ms max latency.
2467 records sent, 467,0 records/sec (0,45 MB/sec), 2,1 ms avg latency, 402,0 ms max latency.
2642 records sent, 526,1 records/sec (0,50 MB/sec), 1,9 ms avg latency, 236,0 ms max latency.
2921 records sent, 571,8 records/sec (0,55 MB/sec), 1,7 ms avg latency, 232,0 ms max latency.
2670 records sent, 531,0 records/sec (0,51 MB/sec), 1,9 ms avg latency, 889,0 ms max latency.
2593 records sent, 501,6 records/sec (0,48 MB/sec), 2,0 ms avg latency, 379,0 ms max latency.
2651 records sent, 530,0 records/sec (0,51 MB/sec), 1,9 ms avg latency, 478,0 ms max latency.
2560 records sent, 496,3 records/sec (0,47 MB/sec), 2,0 ms avg latency, 362,0 ms max latency.
2721 records sent, 543,2 records/sec (0,52 MB/sec), 1,8 ms avg latency, 513,0 ms max latency.
1882 records sent, 367,2 records/sec (0,35 MB/sec), 2,7 ms avg latency, 1412,0 ms max latency.
3125 records sent, 601,1 records/sec (0,57 MB/sec), 1,7 ms avg latency, 622,0 ms max latency.
2758 records sent, 408,0 records/sec (0,39 MB/sec), 2,4 ms avg latency, 1769,0 ms max latency.
2610 records sent, 521,3 records/sec (0,50 MB/sec), 1,9 ms avg latency, 715,0 ms max latency.
2540 records sent, 503,4 records/sec (0,48 MB/sec), 2,0 ms avg latency, 836,0 ms max latency.
3010 records sent, 601,2 records/sec (0,57 MB/sec), 1,7 ms avg latency, 304,0 ms max latency.
2261 records sent, 451,8 records/sec (0,43 MB/sec), 2,2 ms avg latency, 1544,0 ms max latency.
2609 records sent, 519,5 records/sec (0,50 MB/sec), 1,9 ms avg latency, 586,0 ms max latency.
2630 records sent, 525,8 records/sec (0,50 MB/sec), 1,9 ms avg latency, 894,0 ms max latency.
2600 records sent, 519,3 records/sec (0,50 MB/sec), 1,9 ms avg latency, 673,0 ms max latency.
2472 records sent, 494,1 records/sec (0,47 MB/sec), 2,0 ms avg latency, 393,0 ms max latency.
2678 records sent, 535,0 records/sec (0,51 MB/sec), 1,9 ms avg latency, 455,0 ms max latency.
2552 records sent, 500,0 records/sec (0,48 MB/sec), 2,0 ms avg latency, 448,0 ms max latency.
2432 records sent, 467,9 records/sec (0,45 MB/sec), 2,1 ms avg latency, 627,0 ms max latency.
2861 records sent, 545,6 records/sec (0,52 MB/sec), 1,8 ms avg latency, 323,0 ms max latency.
2553 records sent, 496,1 records/sec (0,47 MB/sec), 2,0 ms avg latency, 944,0 ms max latency.
80000 records sent, 503,924311 records/sec (0,48 MB/sec), 1,97 ms avg latency, 1769,00 ms max latency, 0 ms 50th, 10 ms 95th, 31 ms 99th, 225 ms 99.9th.

Metric Name                                                                          Value
app-info:commit-id:{client-id=producer-1}                                          : d12590634290dbc4
app-info:start-time-ms:{client-id=producer-1}                                      : 1593050394087
app-info:version:{client-id=producer-1}                                            : 2.3.1
kafka-metrics-count:count:{client-id=producer-1}                                   : 126,000
producer-metrics:batch-size-avg:{client-id=producer-1}                             : 1075,000
producer-metrics:batch-size-max:{client-id=producer-1}                             : 1075,000
producer-metrics:batch-split-rate:{client-id=producer-1}                           : 0,000
producer-metrics:batch-split-total:{client-id=producer-1}                          : 0,000
producer-metrics:buffer-available-bytes:{client-id=producer-1}                     : 33554432,000
producer-metrics:buffer-exhausted-rate:{client-id=producer-1}                      : 0,000
producer-metrics:buffer-exhausted-total:{client-id=producer-1}                     : 0,000
producer-metrics:buffer-total-bytes:{client-id=producer-1}                         : 33554432,000
producer-metrics:bufferpool-wait-ratio:{client-id=producer-1}                      : 0,000
producer-metrics:bufferpool-wait-time-total:{client-id=producer-1}                 : 0,000
producer-metrics:compression-rate-avg:{client-id=producer-1}                       : 1,000
producer-metrics:connection-close-rate:{client-id=producer-1}                      : 0,134
producer-metrics:connection-close-total:{client-id=producer-1}                     : 28,000
producer-metrics:connection-count:{client-id=producer-1}                           : 4,000
producer-metrics:connection-creation-rate:{client-id=producer-1}                   : 0,135
producer-metrics:connection-creation-total:{client-id=producer-1}                  : 32,000
producer-metrics:failed-authentication-rate:{client-id=producer-1}                 : 0,000
producer-metrics:failed-authentication-total:{client-id=producer-1}                : 0,000
producer-metrics:failed-reauthentication-rate:{client-id=producer-1}               : 0,000
producer-metrics:failed-reauthentication-total:{client-id=producer-1}              : 0,000
producer-metrics:incoming-byte-rate:{client-id=producer-1}                         : 77,811
producer-metrics:incoming-byte-total:{client-id=producer-1}                        : 17103,000
producer-metrics:io-ratio:{client-id=producer-1}                                   : 0,008
producer-metrics:io-time-ns-avg:{client-id=producer-1}                             : 7396,230
producer-metrics:io-wait-ratio:{client-id=producer-1}                              : 0,975
producer-metrics:io-wait-time-ns-avg:{client-id=producer-1}                        : 943066,183
producer-metrics:io-waittime-total:{client-id=producer-1}                          : 152307041618,000
producer-metrics:iotime-total:{client-id=producer-1}                               : 1407945087,000
producer-metrics:metadata-age:{client-id=producer-1}                               : 6,306
producer-metrics:network-io-rate:{client-id=producer-1}                            : 512,227
producer-metrics:network-io-total:{client-id=producer-1}                           : 80118,000
producer-metrics:outgoing-byte-rate:{client-id=producer-1}                         : 591374,366
producer-metrics:outgoing-byte-total:{client-id=producer-1}                        : 92390823,000
producer-metrics:produce-throttle-time-avg:{client-id=producer-1}                  : 0,000
producer-metrics:produce-throttle-time-max:{client-id=producer-1}                  : 0,000
producer-metrics:reauthentication-latency-avg:{client-id=producer-1}               : NaN
producer-metrics:reauthentication-latency-max:{client-id=producer-1}               : NaN
producer-metrics:record-error-rate:{client-id=producer-1}                          : 0,000
producer-metrics:record-error-total:{client-id=producer-1}                         : 0,000
producer-metrics:record-queue-time-avg:{client-id=producer-1}                      : 0,090
producer-metrics:record-queue-time-max:{client-id=producer-1}                      : 944,000
producer-metrics:record-retry-rate:{client-id=producer-1}                          : 0,115
producer-metrics:record-retry-total:{client-id=producer-1}                         : 24,000
producer-metrics:record-send-rate:{client-id=producer-1}                           : 512,020
producer-metrics:record-send-total:{client-id=producer-1}                          : 80024,000
producer-metrics:record-size-avg:{client-id=producer-1}                            : 1091,000
producer-metrics:record-size-max:{client-id=producer-1}                            : 1091,000
producer-metrics:records-per-request-avg:{client-id=producer-1}                    : 1,000
producer-metrics:request-latency-avg:{client-id=producer-1}                        : NaN
producer-metrics:request-latency-max:{client-id=producer-1}                        : NaN
producer-metrics:request-rate:{client-id=producer-1}                               : 512,084
producer-metrics:request-size-avg:{client-id=producer-1}                           : 1154,658
producer-metrics:request-size-max:{client-id=producer-1}                           : 1155,000
producer-metrics:request-total:{client-id=producer-1}                              : 80059,000
producer-metrics:requests-in-flight:{client-id=producer-1}                         : 0,000
producer-metrics:response-rate:{client-id=producer-1}                              : 0,269
producer-metrics:response-total:{client-id=producer-1}                             : 59,000
producer-metrics:select-rate:{client-id=producer-1}                                : 1033,710
producer-metrics:select-total:{client-id=producer-1}                               : 155496,000
producer-metrics:successful-authentication-no-reauth-total:{client-id=producer-1}  : 0,000
producer-metrics:successful-authentication-rate:{client-id=producer-1}             : 0,000
producer-metrics:successful-authentication-total:{client-id=producer-1}            : 0,000
producer-metrics:successful-reauthentication-rate:{client-id=producer-1}           : 0,000
producer-metrics:successful-reauthentication-total:{client-id=producer-1}          : 0,000
producer-metrics:waiting-threads:{client-id=producer-1}                            : 0,000
producer-node-metrics:incoming-byte-rate:{client-id=producer-1, node-id=node--1}   : 0,000
producer-node-metrics:incoming-byte-rate:{client-id=producer-1, node-id=node-1}    : 29,418
producer-node-metrics:incoming-byte-rate:{client-id=producer-1, node-id=node-3}    : 33,381
producer-node-metrics:incoming-byte-rate:{client-id=producer-1, node-id=node-6}    : 14,794
producer-node-metrics:incoming-byte-total:{client-id=producer-1, node-id=node--1}  : 579,000
producer-node-metrics:incoming-byte-total:{client-id=producer-1, node-id=node-1}   : 6699,000
producer-node-metrics:incoming-byte-total:{client-id=producer-1, node-id=node-3}   : 6057,000
producer-node-metrics:incoming-byte-total:{client-id=producer-1, node-id=node-6}   : 3768,000
producer-node-metrics:outgoing-byte-rate:{client-id=producer-1, node-id=node--1}   : 0,000
producer-node-metrics:outgoing-byte-rate:{client-id=producer-1, node-id=node-1}    : 198186,341
producer-node-metrics:outgoing-byte-rate:{client-id=producer-1, node-id=node-3}    : 195818,052
producer-node-metrics:outgoing-byte-rate:{client-id=producer-1, node-id=node-6}    : 197344,296
producer-node-metrics:outgoing-byte-total:{client-id=producer-1, node-id=node--1}  : 67,000
producer-node-metrics:outgoing-byte-total:{client-id=producer-1, node-id=node-1}   : 30909286,000
producer-node-metrics:outgoing-byte-total:{client-id=producer-1, node-id=node-3}   : 30657788,000
producer-node-metrics:outgoing-byte-total:{client-id=producer-1, node-id=node-6}   : 30823682,000
producer-node-metrics:request-latency-avg:{client-id=producer-1, node-id=node--1}  : NaN
producer-node-metrics:request-latency-avg:{client-id=producer-1, node-id=node-1}   : NaN
producer-node-metrics:request-latency-avg:{client-id=producer-1, node-id=node-3}   : NaN
producer-node-metrics:request-latency-avg:{client-id=producer-1, node-id=node-6}   : NaN
producer-node-metrics:request-latency-max:{client-id=producer-1, node-id=node--1}  : NaN
producer-node-metrics:request-latency-max:{client-id=producer-1, node-id=node-1}   : NaN
producer-node-metrics:request-latency-max:{client-id=producer-1, node-id=node-3}   : NaN
producer-node-metrics:request-latency-max:{client-id=producer-1, node-id=node-6}   : NaN
producer-node-metrics:request-rate:{client-id=producer-1, node-id=node--1}         : 0,000
producer-node-metrics:request-rate:{client-id=producer-1, node-id=node-1}          : 171,623
producer-node-metrics:request-rate:{client-id=producer-1, node-id=node-3}          : 169,593
producer-node-metrics:request-rate:{client-id=producer-1, node-id=node-6}          : 170,868
producer-node-metrics:request-size-avg:{client-id=producer-1, node-id=node--1}     : NaN
producer-node-metrics:request-size-avg:{client-id=producer-1, node-id=node-1}      : 1154,660
producer-node-metrics:request-size-avg:{client-id=producer-1, node-id=node-3}      : 1154,482
producer-node-metrics:request-size-avg:{client-id=producer-1, node-id=node-6}      : 1154,831
producer-node-metrics:request-size-max:{client-id=producer-1, node-id=node--1}     : NaN
producer-node-metrics:request-size-max:{client-id=producer-1, node-id=node-1}      : 1155,000
producer-node-metrics:request-size-max:{client-id=producer-1, node-id=node-3}      : 1155,000
producer-node-metrics:request-size-max:{client-id=producer-1, node-id=node-6}      : 1155,000
producer-node-metrics:request-total:{client-id=producer-1, node-id=node--1}        : 2,000
producer-node-metrics:request-total:{client-id=producer-1, node-id=node-1}         : 26787,000
producer-node-metrics:request-total:{client-id=producer-1, node-id=node-3}         : 26567,000
producer-node-metrics:request-total:{client-id=producer-1, node-id=node-6}         : 26703,000
producer-node-metrics:response-rate:{client-id=producer-1, node-id=node--1}        : 0,000
producer-node-metrics:response-rate:{client-id=producer-1, node-id=node-1}         : 0,101
producer-node-metrics:response-rate:{client-id=producer-1, node-id=node-3}         : 0,115
producer-node-metrics:response-rate:{client-id=producer-1, node-id=node-6}         : 0,051
producer-node-metrics:response-total:{client-id=producer-1, node-id=node--1}       : 2,000
producer-node-metrics:response-total:{client-id=producer-1, node-id=node-1}        : 23,000
producer-node-metrics:response-total:{client-id=producer-1, node-id=node-3}        : 21,000
producer-node-metrics:response-total:{client-id=producer-1, node-id=node-6}        : 13,000
producer-topic-metrics:byte-rate:{client-id=producer-1, topic=test-topic}          : 550392,840
producer-topic-metrics:byte-total:{client-id=producer-1, topic=test-topic}         : 86014691,000
producer-topic-metrics:compression-rate:{client-id=producer-1, topic=test-topic}   : 1,000
producer-topic-metrics:record-error-rate:{client-id=producer-1, topic=test-topic}  : 0,000
producer-topic-metrics:record-error-total:{client-id=producer-1, topic=test-topic} : 0,000
producer-topic-metrics:record-retry-rate:{client-id=producer-1, topic=test-topic}  : 0,115
producer-topic-metrics:record-retry-total:{client-id=producer-1, topic=test-topic} : 24,000
producer-topic-metrics:record-send-rate:{client-id=producer-1, topic=test-topic}   : 512,020
producer-topic-metrics:record-send-total:{client-id=producer-1, topic=test-topic}  : 80024,000
Produce Time: 158.753
[23:02:33] Ignite node stopped OK [uptime=00:02:35.747]
Aplication time: 159.49
*****Produção finalizada, esperando 180 s para buscar WM*****
Water mark: 959997
