Topic to send: test-topic
Topic to acks: -1
Records: 80000
Size:1000
65 records sent, 12,9 records/sec (0,01 MB/sec), 77,7 ms avg latency, 661,0 ms max latency.
200 records sent, 38,5 records/sec (0,04 MB/sec), 25,9 ms avg latency, 642,0 ms max latency.
94 records sent, 17,5 records/sec (0,02 MB/sec), 57,1 ms avg latency, 1527,0 ms max latency.
140 records sent, 28,0 records/sec (0,03 MB/sec), 35,7 ms avg latency, 1512,0 ms max latency.
174 records sent, 33,4 records/sec (0,03 MB/sec), 29,9 ms avg latency, 640,0 ms max latency.
131 records sent, 25,6 records/sec (0,02 MB/sec), 39,1 ms avg latency, 648,0 ms max latency.
138 records sent, 26,5 records/sec (0,03 MB/sec), 37,6 ms avg latency, 661,0 ms max latency.
211 records sent, 41,8 records/sec (0,04 MB/sec), 23,9 ms avg latency, 636,0 ms max latency.
367 records sent, 71,2 records/sec (0,07 MB/sec), 14,0 ms avg latency, 210,0 ms max latency.
255 records sent, 50,0 records/sec (0,05 MB/sec), 20,0 ms avg latency, 210,0 ms max latency.
111 records sent, 21,0 records/sec (0,02 MB/sec), 47,6 ms avg latency, 648,0 ms max latency.
103 records sent, 20,4 records/sec (0,02 MB/sec), 49,0 ms avg latency, 650,0 ms max latency.
148 records sent, 28,9 records/sec (0,03 MB/sec), 34,6 ms avg latency, 647,0 ms max latency.
180 records sent, 34,3 records/sec (0,03 MB/sec), 29,1 ms avg latency, 645,0 ms max latency.
342 records sent, 67,1 records/sec (0,06 MB/sec), 14,8 ms avg latency, 232,0 ms max latency.
178 records sent, 31,7 records/sec (0,03 MB/sec), 31,6 ms avg latency, 647,0 ms max latency.
183 records sent, 35,5 records/sec (0,03 MB/sec), 28,1 ms avg latency, 636,0 ms max latency.
213 records sent, 38,9 records/sec (0,04 MB/sec), 25,7 ms avg latency, 649,0 ms max latency.
239 records sent, 47,1 records/sec (0,04 MB/sec), 21,2 ms avg latency, 643,0 ms max latency.
278 records sent, 54,4 records/sec (0,05 MB/sec), 18,3 ms avg latency, 210,0 ms max latency.
195 records sent, 37,8 records/sec (0,04 MB/sec), 26,5 ms avg latency, 638,0 ms max latency.
175 records sent, 33,8 records/sec (0,03 MB/sec), 29,6 ms avg latency, 648,0 ms max latency.
163 records sent, 32,1 records/sec (0,03 MB/sec), 31,1 ms avg latency, 210,0 ms max latency.
131 records sent, 24,6 records/sec (0,02 MB/sec), 40,7 ms avg latency, 1534,0 ms max latency.
184 records sent, 35,8 records/sec (0,03 MB/sec), 27,9 ms avg latency, 628,0 ms max latency.
101 records sent, 16,4 records/sec (0,02 MB/sec), 60,9 ms avg latency, 1526,0 ms max latency.
103 records sent, 20,6 records/sec (0,02 MB/sec), 48,5 ms avg latency, 645,0 ms max latency.
220 records sent, 43,8 records/sec (0,04 MB/sec), 22,8 ms avg latency, 641,0 ms max latency.
140 records sent, 27,6 records/sec (0,03 MB/sec), 36,3 ms avg latency, 645,0 ms max latency.
164 records sent, 32,0 records/sec (0,03 MB/sec), 31,2 ms avg latency, 642,0 ms max latency.
221 records sent, 44,0 records/sec (0,04 MB/sec), 22,7 ms avg latency, 214,0 ms max latency.
250 records sent, 49,4 records/sec (0,05 MB/sec), 20,2 ms avg latency, 626,0 ms max latency.
246 records sent, 48,9 records/sec (0,05 MB/sec), 20,4 ms avg latency, 214,0 ms max latency.
121 records sent, 24,2 records/sec (0,02 MB/sec), 41,3 ms avg latency, 628,0 ms max latency.
242 records sent, 38,4 records/sec (0,04 MB/sec), 26,0 ms avg latency, 1498,0 ms max latency.
175 records sent, 34,1 records/sec (0,03 MB/sec), 29,3 ms avg latency, 648,0 ms max latency.
111 records sent, 21,0 records/sec (0,02 MB/sec), 47,5 ms avg latency, 1521,0 ms max latency.
135 records sent, 22,9 records/sec (0,02 MB/sec), 43,7 ms avg latency, 1716,0 ms max latency.
131 records sent, 25,7 records/sec (0,02 MB/sec), 38,9 ms avg latency, 649,0 ms max latency.
53 records sent, 10,6 records/sec (0,01 MB/sec), 94,3 ms avg latency, 1527,0 ms max latency.
164 records sent, 32,2 records/sec (0,03 MB/sec), 31,1 ms avg latency, 638,0 ms max latency.
96 records sent, 19,0 records/sec (0,02 MB/sec), 52,6 ms avg latency, 1511,0 ms max latency.
128 records sent, 25,0 records/sec (0,02 MB/sec), 39,9 ms avg latency, 1726,0 ms max latency.
189 records sent, 35,3 records/sec (0,03 MB/sec), 28,3 ms avg latency, 641,0 ms max latency.
102 records sent, 20,3 records/sec (0,02 MB/sec), 49,3 ms avg latency, 644,0 ms max latency.
204 records sent, 37,6 records/sec (0,04 MB/sec), 26,6 ms avg latency, 645,0 ms max latency.
141 records sent, 27,5 records/sec (0,03 MB/sec), 36,3 ms avg latency, 649,0 ms max latency.
174 records sent, 33,8 records/sec (0,03 MB/sec), 29,6 ms avg latency, 643,0 ms max latency.
127 records sent, 25,3 records/sec (0,02 MB/sec), 39,5 ms avg latency, 634,0 ms max latency.
245 records sent, 48,4 records/sec (0,05 MB/sec), 20,7 ms avg latency, 631,0 ms max latency.
127 records sent, 25,2 records/sec (0,02 MB/sec), 39,7 ms avg latency, 637,0 ms max latency.
140 records sent, 27,8 records/sec (0,03 MB/sec), 35,9 ms avg latency, 637,0 ms max latency.
209 records sent, 40,5 records/sec (0,04 MB/sec), 24,7 ms avg latency, 627,0 ms max latency.
177 records sent, 34,8 records/sec (0,03 MB/sec), 28,7 ms avg latency, 210,0 ms max latency.
204 records sent, 39,5 records/sec (0,04 MB/sec), 25,3 ms avg latency, 636,0 ms max latency.
149 records sent, 29,3 records/sec (0,03 MB/sec), 34,2 ms avg latency, 647,0 ms max latency.
230 records sent, 45,9 records/sec (0,04 MB/sec), 21,8 ms avg latency, 643,0 ms max latency.
178 records sent, 34,7 records/sec (0,03 MB/sec), 28,8 ms avg latency, 644,0 ms max latency.
165 records sent, 31,9 records/sec (0,03 MB/sec), 31,3 ms avg latency, 649,0 ms max latency.
158 records sent, 30,8 records/sec (0,03 MB/sec), 32,4 ms avg latency, 2143,0 ms max latency.
212 records sent, 41,0 records/sec (0,04 MB/sec), 24,4 ms avg latency, 210,0 ms max latency.
101 records sent, 20,1 records/sec (0,02 MB/sec), 49,8 ms avg latency, 2126,0 ms max latency.
184 records sent, 35,5 records/sec (0,03 MB/sec), 28,1 ms avg latency, 2129,0 ms max latency.
196 records sent, 36,3 records/sec (0,03 MB/sec), 27,5 ms avg latency, 649,0 ms max latency.
203 records sent, 40,4 records/sec (0,04 MB/sec), 24,7 ms avg latency, 1528,0 ms max latency.
180 records sent, 34,8 records/sec (0,03 MB/sec), 28,7 ms avg latency, 1503,0 ms max latency.
242 records sent, 48,3 records/sec (0,05 MB/sec), 20,7 ms avg latency, 210,0 ms max latency.
80 records sent, 15,9 records/sec (0,02 MB/sec), 62,9 ms avg latency, 1536,0 ms max latency.
175 records sent, 31,5 records/sec (0,03 MB/sec), 31,7 ms avg latency, 647,0 ms max latency.
159 records sent, 31,2 records/sec (0,03 MB/sec), 32,0 ms avg latency, 637,0 ms max latency.
141 records sent, 26,8 records/sec (0,03 MB/sec), 37,4 ms avg latency, 635,0 ms max latency.
174 records sent, 32,6 records/sec (0,03 MB/sec), 30,7 ms avg latency, 644,0 ms max latency.
202 records sent, 39,0 records/sec (0,04 MB/sec), 25,6 ms avg latency, 641,0 ms max latency.
187 records sent, 36,2 records/sec (0,03 MB/sec), 27,6 ms avg latency, 643,0 ms max latency.
215 records sent, 39,9 records/sec (0,04 MB/sec), 25,1 ms avg latency, 637,0 ms max latency.
234 records sent, 46,2 records/sec (0,04 MB/sec), 21,6 ms avg latency, 645,0 ms max latency.
215 records sent, 43,0 records/sec (0,04 MB/sec), 23,2 ms avg latency, 649,0 ms max latency.
239 records sent, 47,4 records/sec (0,05 MB/sec), 21,1 ms avg latency, 646,0 ms max latency.
208 records sent, 40,1 records/sec (0,04 MB/sec), 24,9 ms avg latency, 649,0 ms max latency.
238 records sent, 47,2 records/sec (0,05 MB/sec), 21,2 ms avg latency, 650,0 ms max latency.
210 records sent, 40,5 records/sec (0,04 MB/sec), 24,7 ms avg latency, 648,0 ms max latency.
199 records sent, 38,4 records/sec (0,04 MB/sec), 26,0 ms avg latency, 644,0 ms max latency.
179 records sent, 35,0 records/sec (0,03 MB/sec), 28,5 ms avg latency, 632,0 ms max latency.
273 records sent, 44,0 records/sec (0,04 MB/sec), 22,7 ms avg latency, 1528,0 ms max latency.
186 records sent, 31,0 records/sec (0,03 MB/sec), 32,2 ms avg latency, 1502,0 ms max latency.
214 records sent, 42,8 records/sec (0,04 MB/sec), 23,4 ms avg latency, 628,0 ms max latency.
165 records sent, 32,1 records/sec (0,03 MB/sec), 31,2 ms avg latency, 1709,0 ms max latency.
223 records sent, 44,1 records/sec (0,04 MB/sec), 22,6 ms avg latency, 647,0 ms max latency.
212 records sent, 40,7 records/sec (0,04 MB/sec), 24,5 ms avg latency, 644,0 ms max latency.
199 records sent, 38,5 records/sec (0,04 MB/sec), 26,0 ms avg latency, 638,0 ms max latency.
169 records sent, 31,8 records/sec (0,03 MB/sec), 31,4 ms avg latency, 634,0 ms max latency.
220 records sent, 44,0 records/sec (0,04 MB/sec), 22,7 ms avg latency, 639,0 ms max latency.
143 records sent, 28,1 records/sec (0,03 MB/sec), 35,6 ms avg latency, 640,0 ms max latency.
152 records sent, 29,8 records/sec (0,03 MB/sec), 33,5 ms avg latency, 649,0 ms max latency.
158 records sent, 28,5 records/sec (0,03 MB/sec), 35,1 ms avg latency, 638,0 ms max latency.
137 records sent, 27,2 records/sec (0,03 MB/sec), 36,8 ms avg latency, 639,0 ms max latency.
185 records sent, 36,1 records/sec (0,03 MB/sec), 27,7 ms avg latency, 642,0 ms max latency.
130 records sent, 26,0 records/sec (0,02 MB/sec), 38,5 ms avg latency, 210,0 ms max latency.
200 records sent, 38,6 records/sec (0,04 MB/sec), 25,9 ms avg latency, 645,0 ms max latency.
186 records sent, 36,3 records/sec (0,03 MB/sec), 27,5 ms avg latency, 634,0 ms max latency.
122 records sent, 24,0 records/sec (0,02 MB/sec), 41,6 ms avg latency, 648,0 ms max latency.
163 records sent, 31,6 records/sec (0,03 MB/sec), 31,6 ms avg latency, 648,0 ms max latency.
146 records sent, 28,7 records/sec (0,03 MB/sec), 34,8 ms avg latency, 649,0 ms max latency.
119 records sent, 23,7 records/sec (0,02 MB/sec), 42,1 ms avg latency, 636,0 ms max latency.
206 records sent, 39,7 records/sec (0,04 MB/sec), 25,2 ms avg latency, 642,0 ms max latency.
183 records sent, 35,8 records/sec (0,03 MB/sec), 27,9 ms avg latency, 634,0 ms max latency.
234 records sent, 43,1 records/sec (0,04 MB/sec), 23,2 ms avg latency, 628,0 ms max latency.
217 records sent, 41,7 records/sec (0,04 MB/sec), 23,9 ms avg latency, 211,0 ms max latency.
200 records sent, 39,0 records/sec (0,04 MB/sec), 25,7 ms avg latency, 210,0 ms max latency.
218 records sent, 42,0 records/sec (0,04 MB/sec), 23,8 ms avg latency, 620,0 ms max latency.
195 records sent, 37,9 records/sec (0,04 MB/sec), 26,4 ms avg latency, 630,0 ms max latency.
202 records sent, 39,1 records/sec (0,04 MB/sec), 25,5 ms avg latency, 640,0 ms max latency.
266 records sent, 52,6 records/sec (0,05 MB/sec), 19,0 ms avg latency, 622,0 ms max latency.
172 records sent, 33,6 records/sec (0,03 MB/sec), 29,7 ms avg latency, 640,0 ms max latency.
196 records sent, 38,1 records/sec (0,04 MB/sec), 26,2 ms avg latency, 209,0 ms max latency.
174 records sent, 34,2 records/sec (0,03 MB/sec), 29,3 ms avg latency, 209,0 ms max latency.
198 records sent, 38,5 records/sec (0,04 MB/sec), 26,0 ms avg latency, 212,0 ms max latency.
212 records sent, 41,1 records/sec (0,04 MB/sec), 24,3 ms avg latency, 210,0 ms max latency.
292 records sent, 57,3 records/sec (0,05 MB/sec), 17,4 ms avg latency, 210,0 ms max latency.
178 records sent, 34,9 records/sec (0,03 MB/sec), 28,7 ms avg latency, 210,0 ms max latency.
171 records sent, 33,6 records/sec (0,03 MB/sec), 29,8 ms avg latency, 209,0 ms max latency.
123 records sent, 23,5 records/sec (0,02 MB/sec), 42,5 ms avg latency, 640,0 ms max latency.
157 records sent, 30,8 records/sec (0,03 MB/sec), 32,4 ms avg latency, 647,0 ms max latency.
206 records sent, 39,8 records/sec (0,04 MB/sec), 25,1 ms avg latency, 650,0 ms max latency.
116 records sent, 23,2 records/sec (0,02 MB/sec), 43,1 ms avg latency, 640,0 ms max latency.
222 records sent, 42,7 records/sec (0,04 MB/sec), 23,4 ms avg latency, 650,0 ms max latency.
180 records sent, 35,1 records/sec (0,03 MB/sec), 28,5 ms avg latency, 637,0 ms max latency.
179 records sent, 33,2 records/sec (0,03 MB/sec), 30,1 ms avg latency, 1718,0 ms max latency.
122 records sent, 24,0 records/sec (0,02 MB/sec), 41,6 ms avg latency, 1715,0 ms max latency.
193 records sent, 37,5 records/sec (0,04 MB/sec), 26,7 ms avg latency, 641,0 ms max latency.
113 records sent, 22,4 records/sec (0,02 MB/sec), 44,6 ms avg latency, 1919,0 ms max latency.
195 records sent, 37,9 records/sec (0,04 MB/sec), 26,4 ms avg latency, 650,0 ms max latency.
159 records sent, 31,3 records/sec (0,03 MB/sec), 31,9 ms avg latency, 213,0 ms max latency.
251 records sent, 47,9 records/sec (0,05 MB/sec), 20,9 ms avg latency, 642,0 ms max latency.
162 records sent, 31,8 records/sec (0,03 MB/sec), 31,4 ms avg latency, 642,0 ms max latency.
114 records sent, 22,8 records/sec (0,02 MB/sec), 43,8 ms avg latency, 639,0 ms max latency.
170 records sent, 33,3 records/sec (0,03 MB/sec), 30,0 ms avg latency, 640,0 ms max latency.
107 records sent, 21,4 records/sec (0,02 MB/sec), 46,7 ms avg latency, 647,0 ms max latency.
144 records sent, 28,4 records/sec (0,03 MB/sec), 35,2 ms avg latency, 642,0 ms max latency.
80 records sent, 15,6 records/sec (0,01 MB/sec), 64,2 ms avg latency, 632,0 ms max latency.
139 records sent, 27,5 records/sec (0,03 MB/sec), 36,3 ms avg latency, 639,0 ms max latency.
208 records sent, 40,3 records/sec (0,04 MB/sec), 24,8 ms avg latency, 213,0 ms max latency.
156 records sent, 30,8 records/sec (0,03 MB/sec), 32,5 ms avg latency, 623,0 ms max latency.
170 records sent, 33,1 records/sec (0,03 MB/sec), 30,2 ms avg latency, 643,0 ms max latency.
156 records sent, 28,4 records/sec (0,03 MB/sec), 35,1 ms avg latency, 626,0 ms max latency.
137 records sent, 27,0 records/sec (0,03 MB/sec), 37,0 ms avg latency, 639,0 ms max latency.
103 records sent, 20,6 records/sec (0,02 MB/sec), 48,5 ms avg latency, 644,0 ms max latency.
236 records sent, 43,4 records/sec (0,04 MB/sec), 23,0 ms avg latency, 645,0 ms max latency.
238 records sent, 47,2 records/sec (0,05 MB/sec), 21,2 ms avg latency, 639,0 ms max latency.
121 records sent, 17,6 records/sec (0,02 MB/sec), 56,7 ms avg latency, 2173,0 ms max latency.
229 records sent, 35,1 records/sec (0,03 MB/sec), 28,5 ms avg latency, 1715,0 ms max latency.
61 records sent, 11,3 records/sec (0,01 MB/sec), 88,6 ms avg latency, 2147,0 ms max latency.
88 records sent, 13,4 records/sec (0,01 MB/sec), 74,9 ms avg latency, 2184,0 ms max latency.
190 records sent, 37,0 records/sec (0,04 MB/sec), 27,0 ms avg latency, 624,0 ms max latency.
212 records sent, 41,0 records/sec (0,04 MB/sec), 24,4 ms avg latency, 216,0 ms max latency.
226 records sent, 43,6 records/sec (0,04 MB/sec), 22,9 ms avg latency, 210,0 ms max latency.
183 records sent, 35,6 records/sec (0,03 MB/sec), 28,1 ms avg latency, 648,0 ms max latency.
236 records sent, 41,3 records/sec (0,04 MB/sec), 24,2 ms avg latency, 1520,0 ms max latency.
204 records sent, 40,8 records/sec (0,04 MB/sec), 24,5 ms avg latency, 642,0 ms max latency.
153 records sent, 29,8 records/sec (0,03 MB/sec), 33,6 ms avg latency, 1712,0 ms max latency.
182 records sent, 36,4 records/sec (0,03 MB/sec), 27,5 ms avg latency, 1537,0 ms max latency.
189 records sent, 36,7 records/sec (0,04 MB/sec), 27,2 ms avg latency, 639,0 ms max latency.
177 records sent, 34,5 records/sec (0,03 MB/sec), 29,0 ms avg latency, 648,0 ms max latency.
200 records sent, 38,8 records/sec (0,04 MB/sec), 25,8 ms avg latency, 222,0 ms max latency.
211 records sent, 40,9 records/sec (0,04 MB/sec), 24,4 ms avg latency, 622,0 ms max latency.
226 records sent, 43,6 records/sec (0,04 MB/sec), 22,9 ms avg latency, 210,0 ms max latency.
243 records sent, 48,6 records/sec (0,05 MB/sec), 20,6 ms avg latency, 209,0 ms max latency.
200 records sent, 39,9 records/sec (0,04 MB/sec), 25,0 ms avg latency, 1516,0 ms max latency.
123 records sent, 24,2 records/sec (0,02 MB/sec), 41,3 ms avg latency, 1535,0 ms max latency.
211 records sent, 41,9 records/sec (0,04 MB/sec), 23,9 ms avg latency, 1516,0 ms max latency.
193 records sent, 37,5 records/sec (0,04 MB/sec), 26,7 ms avg latency, 644,0 ms max latency.
240 records sent, 47,0 records/sec (0,04 MB/sec), 21,3 ms avg latency, 648,0 ms max latency.
224 records sent, 43,2 records/sec (0,04 MB/sec), 23,2 ms avg latency, 624,0 ms max latency.
292 records sent, 56,7 records/sec (0,05 MB/sec), 17,6 ms avg latency, 210,0 ms max latency.
316 records sent, 60,9 records/sec (0,06 MB/sec), 16,4 ms avg latency, 649,0 ms max latency.
262 records sent, 51,7 records/sec (0,05 MB/sec), 19,3 ms avg latency, 635,0 ms max latency.
254 records sent, 50,0 records/sec (0,05 MB/sec), 20,0 ms avg latency, 210,0 ms max latency.
188 records sent, 36,1 records/sec (0,03 MB/sec), 27,7 ms avg latency, 1514,0 ms max latency.
120 records sent, 23,6 records/sec (0,02 MB/sec), 42,4 ms avg latency, 1718,0 ms max latency.
133 records sent, 26,0 records/sec (0,02 MB/sec), 38,5 ms avg latency, 1525,0 ms max latency.
197 records sent, 38,3 records/sec (0,04 MB/sec), 26,1 ms avg latency, 642,0 ms max latency.
129 records sent, 25,6 records/sec (0,02 MB/sec), 39,0 ms avg latency, 642,0 ms max latency.
126 records sent, 25,2 records/sec (0,02 MB/sec), 39,7 ms avg latency, 635,0 ms max latency.
81 records sent, 15,6 records/sec (0,01 MB/sec), 64,0 ms avg latency, 646,0 ms max latency.
155 records sent, 30,5 records/sec (0,03 MB/sec), 32,8 ms avg latency, 648,0 ms max latency.
193 records sent, 37,4 records/sec (0,04 MB/sec), 26,7 ms avg latency, 639,0 ms max latency.
177 records sent, 34,6 records/sec (0,03 MB/sec), 28,9 ms avg latency, 638,0 ms max latency.
192 records sent, 37,4 records/sec (0,04 MB/sec), 26,7 ms avg latency, 636,0 ms max latency.
157 records sent, 30,7 records/sec (0,03 MB/sec), 32,5 ms avg latency, 647,0 ms max latency.
209 records sent, 40,2 records/sec (0,04 MB/sec), 24,9 ms avg latency, 649,0 ms max latency.
175 records sent, 34,3 records/sec (0,03 MB/sec), 29,1 ms avg latency, 638,0 ms max latency.
161 records sent, 31,6 records/sec (0,03 MB/sec), 31,7 ms avg latency, 639,0 ms max latency.
177 records sent, 33,2 records/sec (0,03 MB/sec), 30,1 ms avg latency, 638,0 ms max latency.
112 records sent, 20,6 records/sec (0,02 MB/sec), 48,6 ms avg latency, 649,0 ms max latency.
171 records sent, 33,2 records/sec (0,03 MB/sec), 30,1 ms avg latency, 647,0 ms max latency.
117 records sent, 23,2 records/sec (0,02 MB/sec), 43,0 ms avg latency, 650,0 ms max latency.
104 records sent, 20,8 records/sec (0,02 MB/sec), 48,1 ms avg latency, 632,0 ms max latency.
127 records sent, 25,3 records/sec (0,02 MB/sec), 39,4 ms avg latency, 636,0 ms max latency.
129 records sent, 23,8 records/sec (0,02 MB/sec), 42,0 ms avg latency, 629,0 ms max latency.
130 records sent, 25,7 records/sec (0,02 MB/sec), 38,8 ms avg latency, 645,0 ms max latency.
205 records sent, 41,0 records/sec (0,04 MB/sec), 24,4 ms avg latency, 648,0 ms max latency.
199 records sent, 38,6 records/sec (0,04 MB/sec), 25,9 ms avg latency, 621,0 ms max latency.
188 records sent, 36,5 records/sec (0,03 MB/sec), 27,4 ms avg latency, 211,0 ms max latency.
209 records sent, 40,5 records/sec (0,04 MB/sec), 24,7 ms avg latency, 619,0 ms max latency.
216 records sent, 41,6 records/sec (0,04 MB/sec), 24,0 ms avg latency, 631,0 ms max latency.
275 records sent, 54,1 records/sec (0,05 MB/sec), 18,5 ms avg latency, 635,0 ms max latency.
241 records sent, 47,8 records/sec (0,05 MB/sec), 20,9 ms avg latency, 642,0 ms max latency.
282 records sent, 55,0 records/sec (0,05 MB/sec), 18,2 ms avg latency, 643,0 ms max latency.
220 records sent, 44,0 records/sec (0,04 MB/sec), 22,7 ms avg latency, 632,0 ms max latency.
260 records sent, 51,4 records/sec (0,05 MB/sec), 19,5 ms avg latency, 619,0 ms max latency.
188 records sent, 36,4 records/sec (0,03 MB/sec), 27,4 ms avg latency, 641,0 ms max latency.
120 records sent, 23,8 records/sec (0,02 MB/sec), 42,0 ms avg latency, 650,0 ms max latency.
150 records sent, 28,4 records/sec (0,03 MB/sec), 35,2 ms avg latency, 639,0 ms max latency.
176 records sent, 34,4 records/sec (0,03 MB/sec), 29,0 ms avg latency, 631,0 ms max latency.
146 records sent, 27,6 records/sec (0,03 MB/sec), 36,2 ms avg latency, 646,0 ms max latency.
148 records sent, 28,9 records/sec (0,03 MB/sec), 34,6 ms avg latency, 641,0 ms max latency.
160 records sent, 31,3 records/sec (0,03 MB/sec), 31,9 ms avg latency, 647,0 ms max latency.
183 records sent, 35,3 records/sec (0,03 MB/sec), 28,3 ms avg latency, 1511,0 ms max latency.
123 records sent, 24,1 records/sec (0,02 MB/sec), 41,4 ms avg latency, 1720,0 ms max latency.
149 records sent, 25,1 records/sec (0,02 MB/sec), 39,9 ms avg latency, 1507,0 ms max latency.
167 records sent, 32,7 records/sec (0,03 MB/sec), 30,6 ms avg latency, 643,0 ms max latency.
140 records sent, 27,6 records/sec (0,03 MB/sec), 36,3 ms avg latency, 648,0 ms max latency.
164 records sent, 32,2 records/sec (0,03 MB/sec), 31,0 ms avg latency, 641,0 ms max latency.
237 records sent, 47,1 records/sec (0,04 MB/sec), 21,2 ms avg latency, 624,0 ms max latency.
176 records sent, 34,2 records/sec (0,03 MB/sec), 29,3 ms avg latency, 647,0 ms max latency.
247 records sent, 48,4 records/sec (0,05 MB/sec), 20,6 ms avg latency, 646,0 ms max latency.
187 records sent, 36,4 records/sec (0,03 MB/sec), 27,5 ms avg latency, 621,0 ms max latency.
249 records sent, 49,6 records/sec (0,05 MB/sec), 20,2 ms avg latency, 210,0 ms max latency.
232 records sent, 46,4 records/sec (0,04 MB/sec), 21,5 ms avg latency, 213,0 ms max latency.
197 records sent, 37,8 records/sec (0,04 MB/sec), 26,4 ms avg latency, 648,0 ms max latency.
241 records sent, 47,9 records/sec (0,05 MB/sec), 20,8 ms avg latency, 628,0 ms max latency.
152 records sent, 30,0 records/sec (0,03 MB/sec), 33,3 ms avg latency, 642,0 ms max latency.
139 records sent, 27,7 records/sec (0,03 MB/sec), 36,0 ms avg latency, 622,0 ms max latency.
153 records sent, 30,0 records/sec (0,03 MB/sec), 33,4 ms avg latency, 648,0 ms max latency.
234 records sent, 45,1 records/sec (0,04 MB/sec), 22,2 ms avg latency, 209,0 ms max latency.
234 records sent, 46,8 records/sec (0,04 MB/sec), 21,4 ms avg latency, 210,0 ms max latency.
182 records sent, 35,6 records/sec (0,03 MB/sec), 28,1 ms avg latency, 210,0 ms max latency.
144 records sent, 28,5 records/sec (0,03 MB/sec), 35,0 ms avg latency, 647,0 ms max latency.
137 records sent, 27,1 records/sec (0,03 MB/sec), 36,9 ms avg latency, 647,0 ms max latency.
111 records sent, 21,9 records/sec (0,02 MB/sec), 45,5 ms avg latency, 1518,0 ms max latency.
120 records sent, 23,8 records/sec (0,02 MB/sec), 42,1 ms avg latency, 1705,0 ms max latency.
74 records sent, 13,0 records/sec (0,01 MB/sec), 77,1 ms avg latency, 1553,0 ms max latency.
209 records sent, 39,9 records/sec (0,04 MB/sec), 25,1 ms avg latency, 1722,0 ms max latency.
148 records sent, 28,9 records/sec (0,03 MB/sec), 34,6 ms avg latency, 1523,0 ms max latency.
204 records sent, 37,8 records/sec (0,04 MB/sec), 26,4 ms avg latency, 636,0 ms max latency.
138 records sent, 25,1 records/sec (0,02 MB/sec), 39,9 ms avg latency, 647,0 ms max latency.
162 records sent, 31,6 records/sec (0,03 MB/sec), 31,6 ms avg latency, 645,0 ms max latency.
119 records sent, 22,7 records/sec (0,02 MB/sec), 44,1 ms avg latency, 647,0 ms max latency.
118 records sent, 23,4 records/sec (0,02 MB/sec), 42,7 ms avg latency, 640,0 ms max latency.
176 records sent, 34,7 records/sec (0,03 MB/sec), 28,9 ms avg latency, 210,0 ms max latency.
146 records sent, 28,7 records/sec (0,03 MB/sec), 34,9 ms avg latency, 646,0 ms max latency.
165 records sent, 32,5 records/sec (0,03 MB/sec), 30,8 ms avg latency, 620,0 ms max latency.
106 records sent, 21,1 records/sec (0,02 MB/sec), 47,3 ms avg latency, 648,0 ms max latency.
123 records sent, 24,5 records/sec (0,02 MB/sec), 40,8 ms avg latency, 649,0 ms max latency.
164 records sent, 32,1 records/sec (0,03 MB/sec), 31,2 ms avg latency, 644,0 ms max latency.
188 records sent, 36,5 records/sec (0,03 MB/sec), 27,4 ms avg latency, 644,0 ms max latency.
149 records sent, 26,9 records/sec (0,03 MB/sec), 37,1 ms avg latency, 648,0 ms max latency.
220 records sent, 42,5 records/sec (0,04 MB/sec), 23,5 ms avg latency, 627,0 ms max latency.
220 records sent, 44,0 records/sec (0,04 MB/sec), 22,7 ms avg latency, 630,0 ms max latency.
196 records sent, 38,1 records/sec (0,04 MB/sec), 26,2 ms avg latency, 637,0 ms max latency.
227 records sent, 43,7 records/sec (0,04 MB/sec), 22,9 ms avg latency, 210,0 ms max latency.
168 records sent, 30,2 records/sec (0,03 MB/sec), 33,0 ms avg latency, 637,0 ms max latency.
226 records sent, 41,8 records/sec (0,04 MB/sec), 23,9 ms avg latency, 633,0 ms max latency.
224 records sent, 44,8 records/sec (0,04 MB/sec), 22,3 ms avg latency, 647,0 ms max latency.
224 records sent, 43,0 records/sec (0,04 MB/sec), 23,2 ms avg latency, 643,0 ms max latency.
250 records sent, 49,5 records/sec (0,05 MB/sec), 20,2 ms avg latency, 637,0 ms max latency.
149 records sent, 29,5 records/sec (0,03 MB/sec), 33,9 ms avg latency, 644,0 ms max latency.
161 records sent, 31,6 records/sec (0,03 MB/sec), 31,6 ms avg latency, 637,0 ms max latency.
197 records sent, 38,1 records/sec (0,04 MB/sec), 26,3 ms avg latency, 213,0 ms max latency.
74 records sent, 14,4 records/sec (0,01 MB/sec), 69,5 ms avg latency, 643,0 ms max latency.
131 records sent, 26,0 records/sec (0,02 MB/sec), 38,5 ms avg latency, 644,0 ms max latency.
91 records sent, 18,0 records/sec (0,02 MB/sec), 55,4 ms avg latency, 1740,0 ms max latency.
132 records sent, 26,3 records/sec (0,03 MB/sec), 38,1 ms avg latency, 649,0 ms max latency.
209 records sent, 40,5 records/sec (0,04 MB/sec), 24,7 ms avg latency, 619,0 ms max latency.
127 records sent, 25,4 records/sec (0,02 MB/sec), 39,4 ms avg latency, 629,0 ms max latency.
90 records sent, 16,4 records/sec (0,02 MB/sec), 60,9 ms avg latency, 1722,0 ms max latency.
137 records sent, 24,8 records/sec (0,02 MB/sec), 40,4 ms avg latency, 1741,0 ms max latency.
252 records sent, 50,3 records/sec (0,05 MB/sec), 19,9 ms avg latency, 210,0 ms max latency.
231 records sent, 46,2 records/sec (0,04 MB/sec), 21,6 ms avg latency, 626,0 ms max latency.
302 records sent, 59,1 records/sec (0,06 MB/sec), 16,9 ms avg latency, 210,0 ms max latency.
296 records sent, 53,3 records/sec (0,05 MB/sec), 18,7 ms avg latency, 645,0 ms max latency.
241 records sent, 48,2 records/sec (0,05 MB/sec), 20,7 ms avg latency, 210,0 ms max latency.
225 records sent, 40,0 records/sec (0,04 MB/sec), 25,0 ms avg latency, 648,0 ms max latency.
208 records sent, 40,3 records/sec (0,04 MB/sec), 24,8 ms avg latency, 631,0 ms max latency.
275 records sent, 53,6 records/sec (0,05 MB/sec), 18,6 ms avg latency, 637,0 ms max latency.
269 records sent, 53,2 records/sec (0,05 MB/sec), 18,8 ms avg latency, 633,0 ms max latency.
252 records sent, 49,5 records/sec (0,05 MB/sec), 20,2 ms avg latency, 645,0 ms max latency.
168 records sent, 33,0 records/sec (0,03 MB/sec), 30,3 ms avg latency, 633,0 ms max latency.
258 records sent, 47,1 records/sec (0,04 MB/sec), 21,2 ms avg latency, 644,0 ms max latency.
110 records sent, 21,9 records/sec (0,02 MB/sec), 45,7 ms avg latency, 644,0 ms max latency.
310 records sent, 58,0 records/sec (0,06 MB/sec), 17,2 ms avg latency, 623,0 ms max latency.
132 records sent, 26,1 records/sec (0,02 MB/sec), 38,3 ms avg latency, 649,0 ms max latency.
225 records sent, 40,0 records/sec (0,04 MB/sec), 25,0 ms avg latency, 647,0 ms max latency.
153 records sent, 28,8 records/sec (0,03 MB/sec), 34,7 ms avg latency, 649,0 ms max latency.
242 records sent, 48,4 records/sec (0,05 MB/sec), 20,6 ms avg latency, 209,0 ms max latency.
165 records sent, 32,1 records/sec (0,03 MB/sec), 31,1 ms avg latency, 1495,0 ms max latency.
166 records sent, 32,3 records/sec (0,03 MB/sec), 31,0 ms avg latency, 1523,0 ms max latency.
189 records sent, 36,4 records/sec (0,03 MB/sec), 27,5 ms avg latency, 1722,0 ms max latency.
254 records sent, 50,3 records/sec (0,05 MB/sec), 19,9 ms avg latency, 647,0 ms max latency.
224 records sent, 43,0 records/sec (0,04 MB/sec), 23,2 ms avg latency, 210,0 ms max latency.
193 records sent, 36,2 records/sec (0,03 MB/sec), 27,6 ms avg latency, 619,0 ms max latency.
198 records sent, 35,6 records/sec (0,03 MB/sec), 28,1 ms avg latency, 640,0 ms max latency.
229 records sent, 43,9 records/sec (0,04 MB/sec), 22,8 ms avg latency, 650,0 ms max latency.
202 records sent, 39,1 records/sec (0,04 MB/sec), 25,5 ms avg latency, 625,0 ms max latency.
114 records sent, 22,7 records/sec (0,02 MB/sec), 44,0 ms avg latency, 640,0 ms max latency.
134 records sent, 26,6 records/sec (0,03 MB/sec), 37,5 ms avg latency, 650,0 ms max latency.
186 records sent, 33,7 records/sec (0,03 MB/sec), 29,7 ms avg latency, 635,0 ms max latency.
81 records sent, 15,5 records/sec (0,01 MB/sec), 64,3 ms avg latency, 1533,0 ms max latency.
198 records sent, 38,1 records/sec (0,04 MB/sec), 26,2 ms avg latency, 1511,0 ms max latency.
242 records sent, 47,9 records/sec (0,05 MB/sec), 20,9 ms avg latency, 211,0 ms max latency.
124 records sent, 24,4 records/sec (0,02 MB/sec), 41,0 ms avg latency, 1537,0 ms max latency.
282 records sent, 55,3 records/sec (0,05 MB/sec), 18,1 ms avg latency, 618,0 ms max latency.
225 records sent, 45,0 records/sec (0,04 MB/sec), 22,2 ms avg latency, 646,0 ms max latency.
199 records sent, 38,6 records/sec (0,04 MB/sec), 25,9 ms avg latency, 641,0 ms max latency.
205 records sent, 39,8 records/sec (0,04 MB/sec), 25,1 ms avg latency, 620,0 ms max latency.
156 records sent, 30,8 records/sec (0,03 MB/sec), 32,4 ms avg latency, 210,0 ms max latency.
193 records sent, 37,4 records/sec (0,04 MB/sec), 26,8 ms avg latency, 647,0 ms max latency.
253 records sent, 50,3 records/sec (0,05 MB/sec), 19,9 ms avg latency, 210,0 ms max latency.
160 records sent, 26,5 records/sec (0,03 MB/sec), 37,7 ms avg latency, 1522,0 ms max latency.
221 records sent, 44,1 records/sec (0,04 MB/sec), 22,7 ms avg latency, 634,0 ms max latency.
174 records sent, 30,9 records/sec (0,03 MB/sec), 32,3 ms avg latency, 1536,0 ms max latency.
195 records sent, 36,3 records/sec (0,03 MB/sec), 27,6 ms avg latency, 643,0 ms max latency.
165 records sent, 32,3 records/sec (0,03 MB/sec), 31,0 ms avg latency, 635,0 ms max latency.
179 records sent, 34,8 records/sec (0,03 MB/sec), 28,7 ms avg latency, 648,0 ms max latency.
80 records sent, 12,3 records/sec (0,01 MB/sec), 81,3 ms avg latency, 1719,0 ms max latency.
125 records sent, 24,7 records/sec (0,02 MB/sec), 40,5 ms avg latency, 643,0 ms max latency.
174 records sent, 34,0 records/sec (0,03 MB/sec), 29,4 ms avg latency, 643,0 ms max latency.
122 records sent, 23,1 records/sec (0,02 MB/sec), 43,3 ms avg latency, 1949,0 ms max latency.
213 records sent, 40,9 records/sec (0,04 MB/sec), 24,4 ms avg latency, 626,0 ms max latency.
246 records sent, 48,9 records/sec (0,05 MB/sec), 20,4 ms avg latency, 210,0 ms max latency.
78 records sent, 12,4 records/sec (0,01 MB/sec), 80,9 ms avg latency, 1732,0 ms max latency.
113 records sent, 21,6 records/sec (0,02 MB/sec), 46,3 ms avg latency, 645,0 ms max latency.
145 records sent, 28,6 records/sec (0,03 MB/sec), 34,9 ms avg latency, 644,0 ms max latency.
127 records sent, 25,0 records/sec (0,02 MB/sec), 40,0 ms avg latency, 1919,0 ms max latency.
162 records sent, 31,8 records/sec (0,03 MB/sec), 31,4 ms avg latency, 633,0 ms max latency.
166 records sent, 32,4 records/sec (0,03 MB/sec), 30,8 ms avg latency, 648,0 ms max latency.
227 records sent, 43,7 records/sec (0,04 MB/sec), 22,9 ms avg latency, 209,0 ms max latency.
166 records sent, 32,4 records/sec (0,03 MB/sec), 30,8 ms avg latency, 644,0 ms max latency.
126 records sent, 25,2 records/sec (0,02 MB/sec), 39,7 ms avg latency, 621,0 ms max latency.
111 records sent, 21,9 records/sec (0,02 MB/sec), 45,6 ms avg latency, 1512,0 ms max latency.
149 records sent, 29,4 records/sec (0,03 MB/sec), 34,0 ms avg latency, 647,0 ms max latency.
86 records sent, 16,6 records/sec (0,02 MB/sec), 60,3 ms avg latency, 1508,0 ms max latency.
209 records sent, 39,9 records/sec (0,04 MB/sec), 25,1 ms avg latency, 1728,0 ms max latency.
164 records sent, 29,8 records/sec (0,03 MB/sec), 33,6 ms avg latency, 650,0 ms max latency.
247 records sent, 48,8 records/sec (0,05 MB/sec), 20,5 ms avg latency, 638,0 ms max latency.
218 records sent, 43,6 records/sec (0,04 MB/sec), 22,9 ms avg latency, 635,0 ms max latency.
179 records sent, 33,6 records/sec (0,03 MB/sec), 29,8 ms avg latency, 641,0 ms max latency.
320 records sent, 61,6 records/sec (0,06 MB/sec), 16,2 ms avg latency, 640,0 ms max latency.
230 records sent, 46,0 records/sec (0,04 MB/sec), 21,7 ms avg latency, 624,0 ms max latency.
207 records sent, 39,8 records/sec (0,04 MB/sec), 25,1 ms avg latency, 641,0 ms max latency.
131 records sent, 25,8 records/sec (0,02 MB/sec), 38,7 ms avg latency, 1523,0 ms max latency.
110 records sent, 21,9 records/sec (0,02 MB/sec), 45,7 ms avg latency, 1496,0 ms max latency.
173 records sent, 33,9 records/sec (0,03 MB/sec), 29,5 ms avg latency, 636,0 ms max latency.
147 records sent, 28,5 records/sec (0,03 MB/sec), 35,1 ms avg latency, 1726,0 ms max latency.
106 records sent, 20,5 records/sec (0,02 MB/sec), 48,8 ms avg latency, 622,0 ms max latency.
110 records sent, 21,8 records/sec (0,02 MB/sec), 45,8 ms avg latency, 648,0 ms max latency.
110 records sent, 22,0 records/sec (0,02 MB/sec), 45,4 ms avg latency, 647,0 ms max latency.
140 records sent, 22,5 records/sec (0,02 MB/sec), 44,4 ms avg latency, 1531,0 ms max latency.
127 records sent, 25,3 records/sec (0,02 MB/sec), 39,6 ms avg latency, 645,0 ms max latency.
136 records sent, 27,0 records/sec (0,03 MB/sec), 37,0 ms avg latency, 632,0 ms max latency.
143 records sent, 24,2 records/sec (0,02 MB/sec), 41,3 ms avg latency, 1710,0 ms max latency.
200 records sent, 38,8 records/sec (0,04 MB/sec), 25,8 ms avg latency, 634,0 ms max latency.
138 records sent, 27,4 records/sec (0,03 MB/sec), 36,4 ms avg latency, 231,0 ms max latency.
115 records sent, 22,1 records/sec (0,02 MB/sec), 45,3 ms avg latency, 639,0 ms max latency.
153 records sent, 28,8 records/sec (0,03 MB/sec), 34,7 ms avg latency, 648,0 ms max latency.
130 records sent, 25,8 records/sec (0,02 MB/sec), 38,7 ms avg latency, 648,0 ms max latency.
126 records sent, 23,7 records/sec (0,02 MB/sec), 42,2 ms avg latency, 1518,0 ms max latency.
118 records sent, 23,2 records/sec (0,02 MB/sec), 43,0 ms avg latency, 1517,0 ms max latency.
87 records sent, 16,8 records/sec (0,02 MB/sec), 59,5 ms avg latency, 649,0 ms max latency.
174 records sent, 34,2 records/sec (0,03 MB/sec), 29,2 ms avg latency, 210,0 ms max latency.
98 records sent, 18,8 records/sec (0,02 MB/sec), 53,2 ms avg latency, 1703,0 ms max latency.
222 records sent, 44,1 records/sec (0,04 MB/sec), 22,7 ms avg latency, 642,0 ms max latency.
178 records sent, 34,5 records/sec (0,03 MB/sec), 29,0 ms avg latency, 644,0 ms max latency.
186 records sent, 36,0 records/sec (0,03 MB/sec), 27,7 ms avg latency, 649,0 ms max latency.
189 records sent, 37,8 records/sec (0,04 MB/sec), 26,4 ms avg latency, 649,0 ms max latency.
170 records sent, 30,9 records/sec (0,03 MB/sec), 32,3 ms avg latency, 623,0 ms max latency.
174 records sent, 34,2 records/sec (0,03 MB/sec), 29,2 ms avg latency, 620,0 ms max latency.
226 records sent, 43,5 records/sec (0,04 MB/sec), 23,0 ms avg latency, 210,0 ms max latency.
223 records sent, 43,0 records/sec (0,04 MB/sec), 23,3 ms avg latency, 636,0 ms max latency.
277 records sent, 54,5 records/sec (0,05 MB/sec), 18,3 ms avg latency, 210,0 ms max latency.
135 records sent, 26,8 records/sec (0,03 MB/sec), 37,2 ms avg latency, 631,0 ms max latency.
185 records sent, 36,0 records/sec (0,03 MB/sec), 27,8 ms avg latency, 636,0 ms max latency.
173 records sent, 33,8 records/sec (0,03 MB/sec), 29,6 ms avg latency, 645,0 ms max latency.
219 records sent, 43,8 records/sec (0,04 MB/sec), 22,8 ms avg latency, 638,0 ms max latency.
142 records sent, 28,1 records/sec (0,03 MB/sec), 35,5 ms avg latency, 642,0 ms max latency.
191 records sent, 37,0 records/sec (0,04 MB/sec), 27,0 ms avg latency, 646,0 ms max latency.
130 records sent, 25,8 records/sec (0,02 MB/sec), 38,8 ms avg latency, 649,0 ms max latency.
221 records sent, 42,6 records/sec (0,04 MB/sec), 23,5 ms avg latency, 631,0 ms max latency.
260 records sent, 51,3 records/sec (0,05 MB/sec), 19,5 ms avg latency, 210,0 ms max latency.
261 records sent, 51,3 records/sec (0,05 MB/sec), 19,5 ms avg latency, 648,0 ms max latency.
205 records sent, 39,5 records/sec (0,04 MB/sec), 25,3 ms avg latency, 639,0 ms max latency.
220 records sent, 42,6 records/sec (0,04 MB/sec), 23,5 ms avg latency, 210,0 ms max latency.
231 records sent, 42,1 records/sec (0,04 MB/sec), 23,7 ms avg latency, 642,0 ms max latency.
191 records sent, 37,1 records/sec (0,04 MB/sec), 27,0 ms avg latency, 638,0 ms max latency.
272 records sent, 53,2 records/sec (0,05 MB/sec), 18,8 ms avg latency, 649,0 ms max latency.
236 records sent, 47,2 records/sec (0,05 MB/sec), 21,2 ms avg latency, 636,0 ms max latency.
207 records sent, 40,1 records/sec (0,04 MB/sec), 25,0 ms avg latency, 631,0 ms max latency.
213 records sent, 39,5 records/sec (0,04 MB/sec), 25,3 ms avg latency, 634,0 ms max latency.
159 records sent, 31,4 records/sec (0,03 MB/sec), 31,8 ms avg latency, 210,0 ms max latency.
230 records sent, 46,0 records/sec (0,04 MB/sec), 21,7 ms avg latency, 638,0 ms max latency.
204 records sent, 39,5 records/sec (0,04 MB/sec), 25,3 ms avg latency, 641,0 ms max latency.
236 records sent, 46,6 records/sec (0,04 MB/sec), 21,5 ms avg latency, 1514,0 ms max latency.
234 records sent, 46,7 records/sec (0,04 MB/sec), 21,4 ms avg latency, 629,0 ms max latency.
118 records sent, 23,2 records/sec (0,02 MB/sec), 43,1 ms avg latency, 1513,0 ms max latency.
225 records sent, 39,7 records/sec (0,04 MB/sec), 25,2 ms avg latency, 1713,0 ms max latency.
176 records sent, 34,3 records/sec (0,03 MB/sec), 29,1 ms avg latency, 644,0 ms max latency.
175 records sent, 34,1 records/sec (0,03 MB/sec), 29,3 ms avg latency, 647,0 ms max latency.
281 records sent, 54,9 records/sec (0,05 MB/sec), 18,2 ms avg latency, 639,0 ms max latency.
137 records sent, 26,8 records/sec (0,03 MB/sec), 37,3 ms avg latency, 648,0 ms max latency.
240 records sent, 47,5 records/sec (0,05 MB/sec), 21,0 ms avg latency, 233,0 ms max latency.
207 records sent, 39,9 records/sec (0,04 MB/sec), 25,0 ms avg latency, 644,0 ms max latency.
283 records sent, 55,5 records/sec (0,05 MB/sec), 18,0 ms avg latency, 211,0 ms max latency.
207 records sent, 39,7 records/sec (0,04 MB/sec), 25,1 ms avg latency, 643,0 ms max latency.
316 records sent, 60,9 records/sec (0,06 MB/sec), 16,4 ms avg latency, 647,0 ms max latency.
334 records sent, 64,3 records/sec (0,06 MB/sec), 15,5 ms avg latency, 619,0 ms max latency.
319 records sent, 61,6 records/sec (0,06 MB/sec), 16,2 ms avg latency, 210,0 ms max latency.
292 records sent, 56,8 records/sec (0,05 MB/sec), 17,6 ms avg latency, 210,0 ms max latency.
222 records sent, 42,8 records/sec (0,04 MB/sec), 23,4 ms avg latency, 210,0 ms max latency.
185 records sent, 36,0 records/sec (0,03 MB/sec), 27,8 ms avg latency, 641,0 ms max latency.
157 records sent, 31,0 records/sec (0,03 MB/sec), 32,3 ms avg latency, 637,0 ms max latency.
211 records sent, 38,5 records/sec (0,04 MB/sec), 26,0 ms avg latency, 1530,0 ms max latency.
123 records sent, 24,2 records/sec (0,02 MB/sec), 41,3 ms avg latency, 1527,0 ms max latency.
122 records sent, 24,3 records/sec (0,02 MB/sec), 41,1 ms avg latency, 639,0 ms max latency.
214 records sent, 41,3 records/sec (0,04 MB/sec), 24,2 ms avg latency, 618,0 ms max latency.
138 records sent, 27,1 records/sec (0,03 MB/sec), 36,9 ms avg latency, 1711,0 ms max latency.
135 records sent, 24,7 records/sec (0,02 MB/sec), 40,5 ms avg latency, 642,0 ms max latency.
190 records sent, 37,1 records/sec (0,04 MB/sec), 26,9 ms avg latency, 618,0 ms max latency.
243 records sent, 48,2 records/sec (0,05 MB/sec), 20,7 ms avg latency, 210,0 ms max latency.
171 records sent, 31,0 records/sec (0,03 MB/sec), 32,2 ms avg latency, 647,0 ms max latency.
179 records sent, 35,0 records/sec (0,03 MB/sec), 28,6 ms avg latency, 638,0 ms max latency.
271 records sent, 53,3 records/sec (0,05 MB/sec), 18,8 ms avg latency, 623,0 ms max latency.
191 records sent, 34,3 records/sec (0,03 MB/sec), 29,1 ms avg latency, 639,0 ms max latency.
221 records sent, 39,2 records/sec (0,04 MB/sec), 25,5 ms avg latency, 639,0 ms max latency.
225 records sent, 43,4 records/sec (0,04 MB/sec), 23,0 ms avg latency, 623,0 ms max latency.
216 records sent, 41,5 records/sec (0,04 MB/sec), 24,1 ms avg latency, 649,0 ms max latency.
149 records sent, 29,2 records/sec (0,03 MB/sec), 34,2 ms avg latency, 648,0 ms max latency.
205 records sent, 39,5 records/sec (0,04 MB/sec), 25,3 ms avg latency, 210,0 ms max latency.
134 records sent, 26,4 records/sec (0,03 MB/sec), 37,9 ms avg latency, 646,0 ms max latency.
219 records sent, 43,8 records/sec (0,04 MB/sec), 22,8 ms avg latency, 641,0 ms max latency.
80000 records sent, 35,099589 records/sec (0,03 MB/sec), 28,47 ms avg latency, 2184,00 ms max latency, 2 ms 50th, 208 ms 95th, 620 ms 99th, 1503 ms 99.9th.

Metric Name                                                                          Value
app-info:commit-id:{client-id=producer-1}                                          : d12590634290dbc4
app-info:start-time-ms:{client-id=producer-1}                                      : 1593113492779
app-info:version:{client-id=producer-1}                                            : 2.3.1
kafka-metrics-count:count:{client-id=producer-1}                                   : 126,000
producer-metrics:batch-size-avg:{client-id=producer-1}                             : 1075,000
producer-metrics:batch-size-max:{client-id=producer-1}                             : 1075,000
producer-metrics:batch-split-rate:{client-id=producer-1}                           : 0,000
producer-metrics:batch-split-total:{client-id=producer-1}                          : 0,000
producer-metrics:buffer-available-bytes:{client-id=producer-1}                     : 33554432,000
producer-metrics:buffer-exhausted-rate:{client-id=producer-1}                      : 0,000
producer-metrics:buffer-exhausted-total:{client-id=producer-1}                     : 0,000
producer-metrics:buffer-total-bytes:{client-id=producer-1}                         : 33554432,000
producer-metrics:bufferpool-wait-ratio:{client-id=producer-1}                      : 0,000
producer-metrics:bufferpool-wait-time-total:{client-id=producer-1}                 : 0,000
producer-metrics:compression-rate-avg:{client-id=producer-1}                       : 1,000
producer-metrics:connection-close-rate:{client-id=producer-1}                      : 0,000
producer-metrics:connection-close-total:{client-id=producer-1}                     : 85,000
producer-metrics:connection-count:{client-id=producer-1}                           : 3,000
producer-metrics:connection-creation-rate:{client-id=producer-1}                   : 0,000
producer-metrics:connection-creation-total:{client-id=producer-1}                  : 88,000
producer-metrics:failed-authentication-rate:{client-id=producer-1}                 : 0,000
producer-metrics:failed-authentication-total:{client-id=producer-1}                : 0,000
producer-metrics:failed-reauthentication-rate:{client-id=producer-1}               : 0,000
producer-metrics:failed-reauthentication-total:{client-id=producer-1}              : 0,000
producer-metrics:incoming-byte-rate:{client-id=producer-1}                         : 2304,599
producer-metrics:incoming-byte-total:{client-id=producer-1}                        : 5010382,000
producer-metrics:io-ratio:{client-id=producer-1}                                   : 0,001
producer-metrics:io-time-ns-avg:{client-id=producer-1}                             : 12617,722
producer-metrics:io-wait-ratio:{client-id=producer-1}                              : 1,000
producer-metrics:io-wait-time-ns-avg:{client-id=producer-1}                        : 8973078,389
producer-metrics:io-waittime-total:{client-id=producer-1}                          : 2269961881545,000
producer-metrics:iotime-total:{client-id=producer-1}                               : 3340430796,000
producer-metrics:metadata-age:{client-id=producer-1}                               : 77,435
producer-metrics:network-io-rate:{client-id=producer-1}                            : 74,318
producer-metrics:network-io-total:{client-id=producer-1}                           : 160432,000
producer-metrics:outgoing-byte-rate:{client-id=producer-1}                         : 42538,309
producer-metrics:outgoing-byte-total:{client-id=producer-1}                        : 91690869,000
producer-metrics:produce-throttle-time-avg:{client-id=producer-1}                  : 0,000
producer-metrics:produce-throttle-time-max:{client-id=producer-1}                  : 0,000
producer-metrics:reauthentication-latency-avg:{client-id=producer-1}               : NaN
producer-metrics:reauthentication-latency-max:{client-id=producer-1}               : NaN
producer-metrics:record-error-rate:{client-id=producer-1}                          : 0,000
producer-metrics:record-error-total:{client-id=producer-1}                         : 0,000
producer-metrics:record-queue-time-avg:{client-id=producer-1}                      : 0,031
producer-metrics:record-queue-time-max:{client-id=producer-1}                      : 1,000
producer-metrics:record-retry-rate:{client-id=producer-1}                          : 0,000
producer-metrics:record-retry-total:{client-id=producer-1}                         : 84,000
producer-metrics:record-send-rate:{client-id=producer-1}                           : 37,149
producer-metrics:record-send-total:{client-id=producer-1}                          : 80084,000
producer-metrics:record-size-avg:{client-id=producer-1}                            : 1091,000
producer-metrics:record-size-max:{client-id=producer-1}                            : 1091,000
producer-metrics:records-per-request-avg:{client-id=producer-1}                    : 1,000
producer-metrics:request-latency-avg:{client-id=producer-1}                        : 26,949
producer-metrics:request-latency-max:{client-id=producer-1}                        : 649,000
producer-metrics:request-rate:{client-id=producer-1}                               : 37,149
producer-metrics:request-size-avg:{client-id=producer-1}                           : 1145,000
producer-metrics:request-size-max:{client-id=producer-1}                           : 1145,000
producer-metrics:request-total:{client-id=producer-1}                              : 80258,000
producer-metrics:requests-in-flight:{client-id=producer-1}                         : 0,000
producer-metrics:response-rate:{client-id=producer-1}                              : 37,170
producer-metrics:response-total:{client-id=producer-1}                             : 80174,000
producer-metrics:select-rate:{client-id=producer-1}                                : 111,469
producer-metrics:select-total:{client-id=producer-1}                               : 240567,000
producer-metrics:successful-authentication-no-reauth-total:{client-id=producer-1}  : 0,000
producer-metrics:successful-authentication-rate:{client-id=producer-1}             : 0,000
producer-metrics:successful-authentication-total:{client-id=producer-1}            : 0,000
producer-metrics:successful-reauthentication-rate:{client-id=producer-1}           : 0,000
producer-metrics:successful-reauthentication-total:{client-id=producer-1}          : 0,000
producer-metrics:waiting-threads:{client-id=producer-1}                            : 0,000
producer-node-metrics:incoming-byte-rate:{client-id=producer-1, node-id=node--3}   : 0,000
producer-node-metrics:incoming-byte-rate:{client-id=producer-1, node-id=node-1}    : 780,151
producer-node-metrics:incoming-byte-rate:{client-id=producer-1, node-id=node-3}    : 777,035
producer-node-metrics:incoming-byte-rate:{client-id=producer-1, node-id=node-6}    : 784,755
producer-node-metrics:incoming-byte-total:{client-id=producer-1, node-id=node--3}  : 579,000
producer-node-metrics:incoming-byte-total:{client-id=producer-1, node-id=node-1}   : 1663213,000
producer-node-metrics:incoming-byte-total:{client-id=producer-1, node-id=node-3}   : 1670146,000
producer-node-metrics:incoming-byte-total:{client-id=producer-1, node-id=node-6}   : 1676444,000
producer-node-metrics:outgoing-byte-rate:{client-id=producer-1, node-id=node--3}   : 0,000
producer-node-metrics:outgoing-byte-rate:{client-id=producer-1, node-id=node-1}    : 14413,190
producer-node-metrics:outgoing-byte-rate:{client-id=producer-1, node-id=node-3}    : 14564,194
producer-node-metrics:outgoing-byte-rate:{client-id=producer-1, node-id=node-6}    : 14492,648
producer-node-metrics:outgoing-byte-total:{client-id=producer-1, node-id=node--3}  : 67,000
producer-node-metrics:outgoing-byte-total:{client-id=producer-1, node-id=node-1}   : 30425661,000
producer-node-metrics:outgoing-byte-total:{client-id=producer-1, node-id=node-3}   : 30590139,000
producer-node-metrics:outgoing-byte-total:{client-id=producer-1, node-id=node-6}   : 30675002,000
producer-node-metrics:request-latency-avg:{client-id=producer-1, node-id=node--3}  : NaN
producer-node-metrics:request-latency-avg:{client-id=producer-1, node-id=node-1}   : 26,235
producer-node-metrics:request-latency-avg:{client-id=producer-1, node-id=node-3}   : 28,436
producer-node-metrics:request-latency-avg:{client-id=producer-1, node-id=node-6}   : 26,429
producer-node-metrics:request-latency-max:{client-id=producer-1, node-id=node--3}  : NaN
producer-node-metrics:request-latency-max:{client-id=producer-1, node-id=node-1}   : 649,000
producer-node-metrics:request-latency-max:{client-id=producer-1, node-id=node-3}   : 646,000
producer-node-metrics:request-latency-max:{client-id=producer-1, node-id=node-6}   : 648,000
producer-node-metrics:request-rate:{client-id=producer-1, node-id=node--3}         : 0,000
producer-node-metrics:request-rate:{client-id=producer-1, node-id=node-1}          : 12,587
producer-node-metrics:request-rate:{client-id=producer-1, node-id=node-3}          : 12,719
producer-node-metrics:request-rate:{client-id=producer-1, node-id=node-6}          : 12,657
producer-node-metrics:request-size-avg:{client-id=producer-1, node-id=node--3}     : NaN
producer-node-metrics:request-size-avg:{client-id=producer-1, node-id=node-1}      : 1145,000
producer-node-metrics:request-size-avg:{client-id=producer-1, node-id=node-3}      : 1145,000
producer-node-metrics:request-size-avg:{client-id=producer-1, node-id=node-6}      : 1145,000
producer-node-metrics:request-size-max:{client-id=producer-1, node-id=node--3}     : NaN
producer-node-metrics:request-size-max:{client-id=producer-1, node-id=node-1}      : 1145,000
producer-node-metrics:request-size-max:{client-id=producer-1, node-id=node-3}      : 1145,000
producer-node-metrics:request-size-max:{client-id=producer-1, node-id=node-6}      : 1145,000
producer-node-metrics:request-total:{client-id=producer-1, node-id=node--3}        : 2,000
producer-node-metrics:request-total:{client-id=producer-1, node-id=node-1}         : 26634,000
producer-node-metrics:request-total:{client-id=producer-1, node-id=node-3}         : 26771,000
producer-node-metrics:request-total:{client-id=producer-1, node-id=node-6}         : 26851,000
producer-node-metrics:response-rate:{client-id=producer-1, node-id=node--3}        : 0,000
producer-node-metrics:response-rate:{client-id=producer-1, node-id=node-1}         : 12,583
producer-node-metrics:response-rate:{client-id=producer-1, node-id=node-3}         : 12,533
producer-node-metrics:response-rate:{client-id=producer-1, node-id=node-6}         : 12,658
producer-node-metrics:response-total:{client-id=producer-1, node-id=node--3}       : 2,000
producer-node-metrics:response-total:{client-id=producer-1, node-id=node-1}        : 26606,000
producer-node-metrics:response-total:{client-id=producer-1, node-id=node-3}        : 26743,000
producer-node-metrics:response-total:{client-id=producer-1, node-id=node-6}        : 26823,000
producer-topic-metrics:byte-rate:{client-id=producer-1, topic=test-topic}          : 39935,072
producer-topic-metrics:byte-total:{client-id=producer-1, topic=test-topic}         : 86079179,000
producer-topic-metrics:compression-rate:{client-id=producer-1, topic=test-topic}   : 1,000
producer-topic-metrics:record-error-rate:{client-id=producer-1, topic=test-topic}  : 0,000
producer-topic-metrics:record-error-total:{client-id=producer-1, topic=test-topic} : 0,000
producer-topic-metrics:record-retry-rate:{client-id=producer-1, topic=test-topic}  : 0,000
producer-topic-metrics:record-retry-total:{client-id=producer-1, topic=test-topic} : 84,000
producer-topic-metrics:record-send-rate:{client-id=producer-1, topic=test-topic}   : 37,149
producer-topic-metrics:record-send-total:{client-id=producer-1, topic=test-topic}  : 80084,000
Produce Time: 2279.228
Aplication time: 2279.917
*****Produo finalizada, esperando 180 s para buscar WM*****
Water mark: 80000
