Topic to send: test-topic
Topic to acks: -1
Records: 80000
Size:1000
182 records sent, 29,1 records/sec (0,03 MB/sec), 34,3 ms avg latency, 1506,0 ms max latency.
212 records sent, 39,6 records/sec (0,04 MB/sec), 25,2 ms avg latency, 642,0 ms max latency.
137 records sent, 24,8 records/sec (0,02 MB/sec), 40,4 ms avg latency, 647,0 ms max latency.
179 records sent, 35,8 records/sec (0,03 MB/sec), 27,9 ms avg latency, 640,0 ms max latency.
92 records sent, 18,3 records/sec (0,02 MB/sec), 54,7 ms avg latency, 1523,0 ms max latency.
126 records sent, 24,9 records/sec (0,02 MB/sec), 40,1 ms avg latency, 649,0 ms max latency.
152 records sent, 29,4 records/sec (0,03 MB/sec), 34,0 ms avg latency, 1531,0 ms max latency.
186 records sent, 35,4 records/sec (0,03 MB/sec), 28,2 ms avg latency, 1513,0 ms max latency.
179 records sent, 34,6 records/sec (0,03 MB/sec), 28,9 ms avg latency, 646,0 ms max latency.
244 records sent, 48,0 records/sec (0,05 MB/sec), 20,8 ms avg latency, 631,0 ms max latency.
163 records sent, 30,5 records/sec (0,03 MB/sec), 32,8 ms avg latency, 632,0 ms max latency.
229 records sent, 45,5 records/sec (0,04 MB/sec), 22,0 ms avg latency, 227,0 ms max latency.
192 records sent, 36,9 records/sec (0,04 MB/sec), 27,1 ms avg latency, 634,0 ms max latency.
246 records sent, 46,6 records/sec (0,04 MB/sec), 21,4 ms avg latency, 632,0 ms max latency.
163 records sent, 31,8 records/sec (0,03 MB/sec), 31,4 ms avg latency, 636,0 ms max latency.
214 records sent, 41,2 records/sec (0,04 MB/sec), 24,3 ms avg latency, 217,0 ms max latency.
150 records sent, 29,6 records/sec (0,03 MB/sec), 33,8 ms avg latency, 644,0 ms max latency.
144 records sent, 28,4 records/sec (0,03 MB/sec), 35,2 ms avg latency, 623,0 ms max latency.
254 records sent, 50,2 records/sec (0,05 MB/sec), 19,9 ms avg latency, 638,0 ms max latency.
58 records sent, 11,2 records/sec (0,01 MB/sec), 89,1 ms avg latency, 1506,0 ms max latency.
159 records sent, 30,9 records/sec (0,03 MB/sec), 32,3 ms avg latency, 1526,0 ms max latency.
128 records sent, 25,2 records/sec (0,02 MB/sec), 39,7 ms avg latency, 1522,0 ms max latency.
142 records sent, 27,5 records/sec (0,03 MB/sec), 36,4 ms avg latency, 1534,0 ms max latency.
163 records sent, 32,0 records/sec (0,03 MB/sec), 31,2 ms avg latency, 210,0 ms max latency.
227 records sent, 45,4 records/sec (0,04 MB/sec), 22,0 ms avg latency, 637,0 ms max latency.
235 records sent, 46,4 records/sec (0,04 MB/sec), 21,5 ms avg latency, 1499,0 ms max latency.
130 records sent, 25,6 records/sec (0,02 MB/sec), 39,1 ms avg latency, 1506,0 ms max latency.
184 records sent, 36,0 records/sec (0,03 MB/sec), 27,8 ms avg latency, 619,0 ms max latency.
276 records sent, 51,9 records/sec (0,05 MB/sec), 19,2 ms avg latency, 633,0 ms max latency.
101 records sent, 20,0 records/sec (0,02 MB/sec), 49,9 ms avg latency, 1522,0 ms max latency.
195 records sent, 38,9 records/sec (0,04 MB/sec), 25,7 ms avg latency, 1526,0 ms max latency.
323 records sent, 57,5 records/sec (0,05 MB/sec), 17,4 ms avg latency, 638,0 ms max latency.
169 records sent, 31,8 records/sec (0,03 MB/sec), 31,4 ms avg latency, 636,0 ms max latency.
223 records sent, 43,1 records/sec (0,04 MB/sec), 23,2 ms avg latency, 210,0 ms max latency.
177 records sent, 34,7 records/sec (0,03 MB/sec), 28,8 ms avg latency, 634,0 ms max latency.
297 records sent, 57,6 records/sec (0,05 MB/sec), 17,4 ms avg latency, 634,0 ms max latency.
209 records sent, 40,1 records/sec (0,04 MB/sec), 24,9 ms avg latency, 649,0 ms max latency.
152 records sent, 30,0 records/sec (0,03 MB/sec), 33,3 ms avg latency, 647,0 ms max latency.
193 records sent, 37,6 records/sec (0,04 MB/sec), 26,6 ms avg latency, 210,0 ms max latency.
148 records sent, 29,0 records/sec (0,03 MB/sec), 34,5 ms avg latency, 1516,0 ms max latency.
141 records sent, 27,9 records/sec (0,03 MB/sec), 35,8 ms avg latency, 648,0 ms max latency.
198 records sent, 38,5 records/sec (0,04 MB/sec), 26,0 ms avg latency, 640,0 ms max latency.
219 records sent, 42,3 records/sec (0,04 MB/sec), 23,6 ms avg latency, 627,0 ms max latency.
188 records sent, 33,7 records/sec (0,03 MB/sec), 29,6 ms avg latency, 641,0 ms max latency.
204 records sent, 39,7 records/sec (0,04 MB/sec), 25,2 ms avg latency, 210,0 ms max latency.
191 records sent, 38,2 records/sec (0,04 MB/sec), 26,2 ms avg latency, 1538,0 ms max latency.
137 records sent, 27,1 records/sec (0,03 MB/sec), 36,9 ms avg latency, 648,0 ms max latency.
167 records sent, 32,9 records/sec (0,03 MB/sec), 30,4 ms avg latency, 625,0 ms max latency.
94 records sent, 18,7 records/sec (0,02 MB/sec), 53,3 ms avg latency, 1511,0 ms max latency.
192 records sent, 37,2 records/sec (0,04 MB/sec), 26,9 ms avg latency, 1511,0 ms max latency.
159 records sent, 31,3 records/sec (0,03 MB/sec), 32,0 ms avg latency, 638,0 ms max latency.
177 records sent, 34,0 records/sec (0,03 MB/sec), 29,4 ms avg latency, 1543,0 ms max latency.
192 records sent, 35,5 records/sec (0,03 MB/sec), 28,1 ms avg latency, 1522,0 ms max latency.
211 records sent, 38,6 records/sec (0,04 MB/sec), 25,9 ms avg latency, 1523,0 ms max latency.
216 records sent, 43,1 records/sec (0,04 MB/sec), 23,2 ms avg latency, 637,0 ms max latency.
229 records sent, 45,8 records/sec (0,04 MB/sec), 21,8 ms avg latency, 629,0 ms max latency.
172 records sent, 33,8 records/sec (0,03 MB/sec), 29,5 ms avg latency, 639,0 ms max latency.
192 records sent, 37,3 records/sec (0,04 MB/sec), 26,8 ms avg latency, 632,0 ms max latency.
217 records sent, 42,0 records/sec (0,04 MB/sec), 23,8 ms avg latency, 622,0 ms max latency.
179 records sent, 34,8 records/sec (0,03 MB/sec), 28,7 ms avg latency, 649,0 ms max latency.
226 records sent, 45,2 records/sec (0,04 MB/sec), 22,1 ms avg latency, 649,0 ms max latency.
215 records sent, 41,6 records/sec (0,04 MB/sec), 24,0 ms avg latency, 628,0 ms max latency.
113 records sent, 22,2 records/sec (0,02 MB/sec), 44,9 ms avg latency, 1532,0 ms max latency.
134 records sent, 23,4 records/sec (0,02 MB/sec), 42,8 ms avg latency, 1509,0 ms max latency.
108 records sent, 21,5 records/sec (0,02 MB/sec), 46,5 ms avg latency, 1711,0 ms max latency.
140 records sent, 27,1 records/sec (0,03 MB/sec), 36,9 ms avg latency, 1720,0 ms max latency.
91 records sent, 18,2 records/sec (0,02 MB/sec), 54,9 ms avg latency, 1730,0 ms max latency.
228 records sent, 45,2 records/sec (0,04 MB/sec), 22,1 ms avg latency, 641,0 ms max latency.
135 records sent, 26,8 records/sec (0,03 MB/sec), 37,3 ms avg latency, 647,0 ms max latency.
153 records sent, 30,2 records/sec (0,03 MB/sec), 33,0 ms avg latency, 634,0 ms max latency.
198 records sent, 38,1 records/sec (0,04 MB/sec), 26,3 ms avg latency, 648,0 ms max latency.
270 records sent, 48,8 records/sec (0,05 MB/sec), 20,5 ms avg latency, 646,0 ms max latency.
170 records sent, 32,9 records/sec (0,03 MB/sec), 30,4 ms avg latency, 645,0 ms max latency.
198 records sent, 36,3 records/sec (0,03 MB/sec), 27,5 ms avg latency, 1529,0 ms max latency.
106 records sent, 20,4 records/sec (0,02 MB/sec), 49,1 ms avg latency, 1701,0 ms max latency.
250 records sent, 49,5 records/sec (0,05 MB/sec), 20,2 ms avg latency, 647,0 ms max latency.
279 records sent, 54,9 records/sec (0,05 MB/sec), 18,2 ms avg latency, 210,0 ms max latency.
133 records sent, 26,4 records/sec (0,03 MB/sec), 37,9 ms avg latency, 637,0 ms max latency.
192 records sent, 37,1 records/sec (0,04 MB/sec), 26,9 ms avg latency, 648,0 ms max latency.
214 records sent, 42,8 records/sec (0,04 MB/sec), 23,3 ms avg latency, 642,0 ms max latency.
207 records sent, 39,9 records/sec (0,04 MB/sec), 25,0 ms avg latency, 648,0 ms max latency.
182 records sent, 35,5 records/sec (0,03 MB/sec), 28,1 ms avg latency, 642,0 ms max latency.
169 records sent, 33,2 records/sec (0,03 MB/sec), 30,0 ms avg latency, 631,0 ms max latency.
170 records sent, 33,2 records/sec (0,03 MB/sec), 30,1 ms avg latency, 633,0 ms max latency.
182 records sent, 35,7 records/sec (0,03 MB/sec), 28,0 ms avg latency, 210,0 ms max latency.
209 records sent, 40,4 records/sec (0,04 MB/sec), 24,7 ms avg latency, 641,0 ms max latency.
122 records sent, 23,9 records/sec (0,02 MB/sec), 41,8 ms avg latency, 1512,0 ms max latency.
142 records sent, 26,0 records/sec (0,02 MB/sec), 38,5 ms avg latency, 639,0 ms max latency.
122 records sent, 24,0 records/sec (0,02 MB/sec), 41,6 ms avg latency, 1528,0 ms max latency.
217 records sent, 43,4 records/sec (0,04 MB/sec), 23,0 ms avg latency, 639,0 ms max latency.
145 records sent, 26,1 records/sec (0,02 MB/sec), 38,4 ms avg latency, 1514,0 ms max latency.
171 records sent, 28,6 records/sec (0,03 MB/sec), 34,9 ms avg latency, 1505,0 ms max latency.
203 records sent, 39,1 records/sec (0,04 MB/sec), 25,5 ms avg latency, 210,0 ms max latency.
178 records sent, 33,4 records/sec (0,03 MB/sec), 29,9 ms avg latency, 633,0 ms max latency.
205 records sent, 39,9 records/sec (0,04 MB/sec), 25,1 ms avg latency, 622,0 ms max latency.
129 records sent, 25,5 records/sec (0,02 MB/sec), 39,3 ms avg latency, 1710,0 ms max latency.
229 records sent, 45,5 records/sec (0,04 MB/sec), 21,9 ms avg latency, 646,0 ms max latency.
231 records sent, 45,7 records/sec (0,04 MB/sec), 21,8 ms avg latency, 640,0 ms max latency.
297 records sent, 58,2 records/sec (0,06 MB/sec), 17,2 ms avg latency, 627,0 ms max latency.
180 records sent, 34,9 records/sec (0,03 MB/sec), 28,6 ms avg latency, 1712,0 ms max latency.
141 records sent, 27,5 records/sec (0,03 MB/sec), 36,3 ms avg latency, 1513,0 ms max latency.
291 records sent, 56,5 records/sec (0,05 MB/sec), 17,7 ms avg latency, 649,0 ms max latency.
220 records sent, 42,5 records/sec (0,04 MB/sec), 23,5 ms avg latency, 636,0 ms max latency.
164 records sent, 32,4 records/sec (0,03 MB/sec), 30,9 ms avg latency, 627,0 ms max latency.
201 records sent, 39,2 records/sec (0,04 MB/sec), 25,5 ms avg latency, 210,0 ms max latency.
183 records sent, 35,8 records/sec (0,03 MB/sec), 27,9 ms avg latency, 632,0 ms max latency.
239 records sent, 47,3 records/sec (0,05 MB/sec), 21,1 ms avg latency, 641,0 ms max latency.
193 records sent, 37,7 records/sec (0,04 MB/sec), 26,5 ms avg latency, 212,0 ms max latency.
182 records sent, 35,7 records/sec (0,03 MB/sec), 28,0 ms avg latency, 636,0 ms max latency.
125 records sent, 23,7 records/sec (0,02 MB/sec), 42,2 ms avg latency, 1505,0 ms max latency.
106 records sent, 21,1 records/sec (0,02 MB/sec), 47,5 ms avg latency, 1732,0 ms max latency.
220 records sent, 42,5 records/sec (0,04 MB/sec), 23,5 ms avg latency, 210,0 ms max latency.
201 records sent, 39,0 records/sec (0,04 MB/sec), 25,6 ms avg latency, 627,0 ms max latency.
144 records sent, 28,5 records/sec (0,03 MB/sec), 35,0 ms avg latency, 634,0 ms max latency.
156 records sent, 30,7 records/sec (0,03 MB/sec), 32,5 ms avg latency, 637,0 ms max latency.
173 records sent, 33,8 records/sec (0,03 MB/sec), 29,5 ms avg latency, 639,0 ms max latency.
232 records sent, 46,2 records/sec (0,04 MB/sec), 21,6 ms avg latency, 634,0 ms max latency.
147 records sent, 29,0 records/sec (0,03 MB/sec), 34,4 ms avg latency, 643,0 ms max latency.
147 records sent, 28,8 records/sec (0,03 MB/sec), 34,8 ms avg latency, 1726,0 ms max latency.
155 records sent, 30,2 records/sec (0,03 MB/sec), 33,1 ms avg latency, 1521,0 ms max latency.
185 records sent, 34,7 records/sec (0,03 MB/sec), 28,8 ms avg latency, 635,0 ms max latency.
161 records sent, 30,3 records/sec (0,03 MB/sec), 33,0 ms avg latency, 640,0 ms max latency.
266 records sent, 52,6 records/sec (0,05 MB/sec), 19,0 ms avg latency, 210,0 ms max latency.
219 records sent, 42,0 records/sec (0,04 MB/sec), 23,8 ms avg latency, 644,0 ms max latency.
104 records sent, 20,6 records/sec (0,02 MB/sec), 48,4 ms avg latency, 1497,0 ms max latency.
277 records sent, 50,5 records/sec (0,05 MB/sec), 19,8 ms avg latency, 620,0 ms max latency.
162 records sent, 31,9 records/sec (0,03 MB/sec), 31,3 ms avg latency, 642,0 ms max latency.
144 records sent, 28,5 records/sec (0,03 MB/sec), 35,1 ms avg latency, 646,0 ms max latency.
180 records sent, 33,8 records/sec (0,03 MB/sec), 29,6 ms avg latency, 643,0 ms max latency.
234 records sent, 45,0 records/sec (0,04 MB/sec), 22,2 ms avg latency, 209,0 ms max latency.
209 records sent, 38,5 records/sec (0,04 MB/sec), 26,0 ms avg latency, 647,0 ms max latency.
235 records sent, 45,2 records/sec (0,04 MB/sec), 22,1 ms avg latency, 620,0 ms max latency.
130 records sent, 25,7 records/sec (0,02 MB/sec), 38,9 ms avg latency, 646,0 ms max latency.
126 records sent, 24,8 records/sec (0,02 MB/sec), 40,3 ms avg latency, 1501,0 ms max latency.
219 records sent, 43,8 records/sec (0,04 MB/sec), 22,8 ms avg latency, 635,0 ms max latency.
128 records sent, 25,1 records/sec (0,02 MB/sec), 39,9 ms avg latency, 1530,0 ms max latency.
290 records sent, 52,4 records/sec (0,05 MB/sec), 19,1 ms avg latency, 628,0 ms max latency.
205 records sent, 36,6 records/sec (0,03 MB/sec), 27,3 ms avg latency, 641,0 ms max latency.
124 records sent, 24,6 records/sec (0,02 MB/sec), 40,6 ms avg latency, 648,0 ms max latency.
150 records sent, 29,4 records/sec (0,03 MB/sec), 34,0 ms avg latency, 645,0 ms max latency.
240 records sent, 45,4 records/sec (0,04 MB/sec), 22,0 ms avg latency, 645,0 ms max latency.
206 records sent, 38,3 records/sec (0,04 MB/sec), 26,1 ms avg latency, 637,0 ms max latency.
144 records sent, 28,5 records/sec (0,03 MB/sec), 35,1 ms avg latency, 644,0 ms max latency.
204 records sent, 39,6 records/sec (0,04 MB/sec), 25,2 ms avg latency, 625,0 ms max latency.
234 records sent, 42,6 records/sec (0,04 MB/sec), 23,5 ms avg latency, 1503,0 ms max latency.
138 records sent, 27,1 records/sec (0,03 MB/sec), 36,9 ms avg latency, 648,0 ms max latency.
239 records sent, 47,6 records/sec (0,05 MB/sec), 21,0 ms avg latency, 642,0 ms max latency.
173 records sent, 33,6 records/sec (0,03 MB/sec), 29,8 ms avg latency, 645,0 ms max latency.
138 records sent, 27,2 records/sec (0,03 MB/sec), 36,8 ms avg latency, 643,0 ms max latency.
233 records sent, 42,8 records/sec (0,04 MB/sec), 23,4 ms avg latency, 639,0 ms max latency.
195 records sent, 37,8 records/sec (0,04 MB/sec), 26,5 ms avg latency, 648,0 ms max latency.
171 records sent, 33,6 records/sec (0,03 MB/sec), 29,8 ms avg latency, 629,0 ms max latency.
170 records sent, 33,4 records/sec (0,03 MB/sec), 29,9 ms avg latency, 619,0 ms max latency.
206 records sent, 39,7 records/sec (0,04 MB/sec), 25,2 ms avg latency, 640,0 ms max latency.
106 records sent, 21,1 records/sec (0,02 MB/sec), 47,4 ms avg latency, 1519,0 ms max latency.
151 records sent, 29,9 records/sec (0,03 MB/sec), 33,5 ms avg latency, 636,0 ms max latency.
130 records sent, 25,9 records/sec (0,02 MB/sec), 38,6 ms avg latency, 643,0 ms max latency.
172 records sent, 33,5 records/sec (0,03 MB/sec), 29,8 ms avg latency, 649,0 ms max latency.
135 records sent, 26,7 records/sec (0,03 MB/sec), 37,4 ms avg latency, 643,0 ms max latency.
154 records sent, 30,4 records/sec (0,03 MB/sec), 32,9 ms avg latency, 639,0 ms max latency.
173 records sent, 34,0 records/sec (0,03 MB/sec), 29,3 ms avg latency, 621,0 ms max latency.
173 records sent, 34,0 records/sec (0,03 MB/sec), 29,4 ms avg latency, 628,0 ms max latency.
195 records sent, 38,1 records/sec (0,04 MB/sec), 26,3 ms avg latency, 639,0 ms max latency.
263 records sent, 52,0 records/sec (0,05 MB/sec), 19,2 ms avg latency, 631,0 ms max latency.
130 records sent, 26,0 records/sec (0,02 MB/sec), 38,5 ms avg latency, 645,0 ms max latency.
117 records sent, 21,5 records/sec (0,02 MB/sec), 46,5 ms avg latency, 644,0 ms max latency.
205 records sent, 37,9 records/sec (0,04 MB/sec), 26,4 ms avg latency, 646,0 ms max latency.
230 records sent, 42,5 records/sec (0,04 MB/sec), 23,5 ms avg latency, 629,0 ms max latency.
202 records sent, 39,3 records/sec (0,04 MB/sec), 25,4 ms avg latency, 210,0 ms max latency.
144 records sent, 28,6 records/sec (0,03 MB/sec), 34,9 ms avg latency, 645,0 ms max latency.
150 records sent, 29,3 records/sec (0,03 MB/sec), 34,1 ms avg latency, 1727,0 ms max latency.
289 records sent, 56,3 records/sec (0,05 MB/sec), 17,7 ms avg latency, 628,0 ms max latency.
273 records sent, 53,7 records/sec (0,05 MB/sec), 18,6 ms avg latency, 632,0 ms max latency.
187 records sent, 36,4 records/sec (0,03 MB/sec), 27,5 ms avg latency, 645,0 ms max latency.
286 records sent, 53,8 records/sec (0,05 MB/sec), 18,6 ms avg latency, 633,0 ms max latency.
238 records sent, 47,0 records/sec (0,04 MB/sec), 21,2 ms avg latency, 647,0 ms max latency.
236 records sent, 47,2 records/sec (0,05 MB/sec), 21,2 ms avg latency, 210,0 ms max latency.
166 records sent, 32,7 records/sec (0,03 MB/sec), 30,5 ms avg latency, 628,0 ms max latency.
226 records sent, 40,4 records/sec (0,04 MB/sec), 24,8 ms avg latency, 624,0 ms max latency.
189 records sent, 36,5 records/sec (0,03 MB/sec), 27,4 ms avg latency, 1511,0 ms max latency.
198 records sent, 38,6 records/sec (0,04 MB/sec), 25,9 ms avg latency, 211,0 ms max latency.
142 records sent, 28,1 records/sec (0,03 MB/sec), 35,6 ms avg latency, 643,0 ms max latency.
227 records sent, 45,0 records/sec (0,04 MB/sec), 22,2 ms avg latency, 1522,0 ms max latency.
238 records sent, 47,1 records/sec (0,04 MB/sec), 21,2 ms avg latency, 650,0 ms max latency.
177 records sent, 33,1 records/sec (0,03 MB/sec), 30,2 ms avg latency, 648,0 ms max latency.
154 records sent, 30,2 records/sec (0,03 MB/sec), 33,1 ms avg latency, 647,0 ms max latency.
118 records sent, 21,3 records/sec (0,02 MB/sec), 46,9 ms avg latency, 1714,0 ms max latency.
168 records sent, 33,2 records/sec (0,03 MB/sec), 30,1 ms avg latency, 625,0 ms max latency.
118 records sent, 23,4 records/sec (0,02 MB/sec), 42,7 ms avg latency, 644,0 ms max latency.
223 records sent, 37,9 records/sec (0,04 MB/sec), 26,3 ms avg latency, 1713,0 ms max latency.
242 records sent, 48,4 records/sec (0,05 MB/sec), 20,7 ms avg latency, 621,0 ms max latency.
106 records sent, 21,2 records/sec (0,02 MB/sec), 47,2 ms avg latency, 645,0 ms max latency.
257 records sent, 50,7 records/sec (0,05 MB/sec), 19,7 ms avg latency, 641,0 ms max latency.
151 records sent, 29,8 records/sec (0,03 MB/sec), 33,5 ms avg latency, 641,0 ms max latency.
180 records sent, 35,2 records/sec (0,03 MB/sec), 28,4 ms avg latency, 639,0 ms max latency.
176 records sent, 32,9 records/sec (0,03 MB/sec), 30,4 ms avg latency, 636,0 ms max latency.
290 records sent, 56,8 records/sec (0,05 MB/sec), 17,6 ms avg latency, 642,0 ms max latency.
179 records sent, 34,6 records/sec (0,03 MB/sec), 28,9 ms avg latency, 654,0 ms max latency.
194 records sent, 37,6 records/sec (0,04 MB/sec), 26,6 ms avg latency, 631,0 ms max latency.
133 records sent, 25,4 records/sec (0,02 MB/sec), 39,4 ms avg latency, 644,0 ms max latency.
157 records sent, 31,1 records/sec (0,03 MB/sec), 32,2 ms avg latency, 626,0 ms max latency.
223 records sent, 42,9 records/sec (0,04 MB/sec), 23,3 ms avg latency, 644,0 ms max latency.
150 records sent, 29,5 records/sec (0,03 MB/sec), 33,9 ms avg latency, 648,0 ms max latency.
269 records sent, 42,3 records/sec (0,04 MB/sec), 23,6 ms avg latency, 1508,0 ms max latency.
214 records sent, 41,4 records/sec (0,04 MB/sec), 24,1 ms avg latency, 624,0 ms max latency.
129 records sent, 24,6 records/sec (0,02 MB/sec), 40,7 ms avg latency, 645,0 ms max latency.
97 records sent, 19,4 records/sec (0,02 MB/sec), 51,6 ms avg latency, 648,0 ms max latency.
172 records sent, 33,3 records/sec (0,03 MB/sec), 30,0 ms avg latency, 1502,0 ms max latency.
222 records sent, 44,2 records/sec (0,04 MB/sec), 22,6 ms avg latency, 634,0 ms max latency.
211 records sent, 40,8 records/sec (0,04 MB/sec), 24,5 ms avg latency, 639,0 ms max latency.
188 records sent, 35,1 records/sec (0,03 MB/sec), 28,4 ms avg latency, 643,0 ms max latency.
154 records sent, 29,8 records/sec (0,03 MB/sec), 33,5 ms avg latency, 1534,0 ms max latency.
203 records sent, 39,0 records/sec (0,04 MB/sec), 25,6 ms avg latency, 643,0 ms max latency.
230 records sent, 38,8 records/sec (0,04 MB/sec), 25,7 ms avg latency, 1731,0 ms max latency.
254 records sent, 46,5 records/sec (0,04 MB/sec), 21,5 ms avg latency, 647,0 ms max latency.
155 records sent, 30,6 records/sec (0,03 MB/sec), 32,7 ms avg latency, 629,0 ms max latency.
246 records sent, 44,8 records/sec (0,04 MB/sec), 22,3 ms avg latency, 643,0 ms max latency.
158 records sent, 31,2 records/sec (0,03 MB/sec), 32,0 ms avg latency, 625,0 ms max latency.
261 records sent, 51,3 records/sec (0,05 MB/sec), 19,5 ms avg latency, 641,0 ms max latency.
125 records sent, 22,9 records/sec (0,02 MB/sec), 43,6 ms avg latency, 641,0 ms max latency.
241 records sent, 48,0 records/sec (0,05 MB/sec), 20,8 ms avg latency, 633,0 ms max latency.
117 records sent, 22,5 records/sec (0,02 MB/sec), 44,4 ms avg latency, 640,0 ms max latency.
219 records sent, 40,4 records/sec (0,04 MB/sec), 24,8 ms avg latency, 629,0 ms max latency.
158 records sent, 31,3 records/sec (0,03 MB/sec), 32,0 ms avg latency, 630,0 ms max latency.
225 records sent, 45,0 records/sec (0,04 MB/sec), 22,2 ms avg latency, 627,0 ms max latency.
239 records sent, 47,8 records/sec (0,05 MB/sec), 20,9 ms avg latency, 210,0 ms max latency.
269 records sent, 53,2 records/sec (0,05 MB/sec), 18,8 ms avg latency, 214,0 ms max latency.
131 records sent, 26,2 records/sec (0,02 MB/sec), 38,1 ms avg latency, 622,0 ms max latency.
148 records sent, 28,7 records/sec (0,03 MB/sec), 34,9 ms avg latency, 1535,0 ms max latency.
189 records sent, 33,8 records/sec (0,03 MB/sec), 29,6 ms avg latency, 640,0 ms max latency.
246 records sent, 49,0 records/sec (0,05 MB/sec), 20,4 ms avg latency, 634,0 ms max latency.
188 records sent, 36,8 records/sec (0,04 MB/sec), 27,1 ms avg latency, 210,0 ms max latency.
183 records sent, 33,2 records/sec (0,03 MB/sec), 30,2 ms avg latency, 635,0 ms max latency.
237 records sent, 45,6 records/sec (0,04 MB/sec), 21,9 ms avg latency, 627,0 ms max latency.
172 records sent, 33,6 records/sec (0,03 MB/sec), 29,7 ms avg latency, 640,0 ms max latency.
249 records sent, 49,7 records/sec (0,05 MB/sec), 20,1 ms avg latency, 622,0 ms max latency.
308 records sent, 59,7 records/sec (0,06 MB/sec), 16,7 ms avg latency, 630,0 ms max latency.
226 records sent, 38,3 records/sec (0,04 MB/sec), 26,1 ms avg latency, 1527,0 ms max latency.
202 records sent, 36,0 records/sec (0,03 MB/sec), 27,7 ms avg latency, 647,0 ms max latency.
224 records sent, 44,8 records/sec (0,04 MB/sec), 22,3 ms avg latency, 639,0 ms max latency.
140 records sent, 27,8 records/sec (0,03 MB/sec), 36,0 ms avg latency, 637,0 ms max latency.
240 records sent, 47,9 records/sec (0,05 MB/sec), 20,9 ms avg latency, 625,0 ms max latency.
171 records sent, 33,5 records/sec (0,03 MB/sec), 29,9 ms avg latency, 640,0 ms max latency.
200 records sent, 38,9 records/sec (0,04 MB/sec), 25,7 ms avg latency, 625,0 ms max latency.
186 records sent, 35,8 records/sec (0,03 MB/sec), 27,9 ms avg latency, 1706,0 ms max latency.
147 records sent, 28,9 records/sec (0,03 MB/sec), 34,6 ms avg latency, 635,0 ms max latency.
196 records sent, 37,9 records/sec (0,04 MB/sec), 26,3 ms avg latency, 643,0 ms max latency.
213 records sent, 42,4 records/sec (0,04 MB/sec), 23,6 ms avg latency, 1730,0 ms max latency.
332 records sent, 63,9 records/sec (0,06 MB/sec), 15,6 ms avg latency, 210,0 ms max latency.
147 records sent, 27,9 records/sec (0,03 MB/sec), 35,8 ms avg latency, 647,0 ms max latency.
171 records sent, 30,5 records/sec (0,03 MB/sec), 32,7 ms avg latency, 1524,0 ms max latency.
122 records sent, 22,2 records/sec (0,02 MB/sec), 45,1 ms avg latency, 1521,0 ms max latency.
179 records sent, 35,0 records/sec (0,03 MB/sec), 28,6 ms avg latency, 632,0 ms max latency.
239 records sent, 43,9 records/sec (0,04 MB/sec), 22,8 ms avg latency, 650,0 ms max latency.
124 records sent, 19,0 records/sec (0,02 MB/sec), 52,7 ms avg latency, 1733,0 ms max latency.
218 records sent, 41,6 records/sec (0,04 MB/sec), 24,0 ms avg latency, 643,0 ms max latency.
191 records sent, 37,2 records/sec (0,04 MB/sec), 26,9 ms avg latency, 629,0 ms max latency.
236 records sent, 46,8 records/sec (0,04 MB/sec), 21,4 ms avg latency, 648,0 ms max latency.
155 records sent, 30,7 records/sec (0,03 MB/sec), 32,5 ms avg latency, 622,0 ms max latency.
158 records sent, 31,1 records/sec (0,03 MB/sec), 32,2 ms avg latency, 647,0 ms max latency.
217 records sent, 41,9 records/sec (0,04 MB/sec), 23,9 ms avg latency, 631,0 ms max latency.
183 records sent, 35,8 records/sec (0,03 MB/sec), 27,9 ms avg latency, 626,0 ms max latency.
111 records sent, 21,9 records/sec (0,02 MB/sec), 45,6 ms avg latency, 1513,0 ms max latency.
209 records sent, 37,3 records/sec (0,04 MB/sec), 26,8 ms avg latency, 643,0 ms max latency.
202 records sent, 39,0 records/sec (0,04 MB/sec), 25,6 ms avg latency, 637,0 ms max latency.
194 records sent, 37,5 records/sec (0,04 MB/sec), 26,6 ms avg latency, 640,0 ms max latency.
292 records sent, 57,1 records/sec (0,05 MB/sec), 17,5 ms avg latency, 210,0 ms max latency.
195 records sent, 39,0 records/sec (0,04 MB/sec), 25,6 ms avg latency, 633,0 ms max latency.
224 records sent, 39,2 records/sec (0,04 MB/sec), 25,5 ms avg latency, 1534,0 ms max latency.
141 records sent, 25,7 records/sec (0,02 MB/sec), 38,8 ms avg latency, 641,0 ms max latency.
271 records sent, 52,9 records/sec (0,05 MB/sec), 18,9 ms avg latency, 663,0 ms max latency.
266 records sent, 52,6 records/sec (0,05 MB/sec), 19,0 ms avg latency, 210,0 ms max latency.
265 records sent, 52,3 records/sec (0,05 MB/sec), 19,1 ms avg latency, 640,0 ms max latency.
161 records sent, 31,7 records/sec (0,03 MB/sec), 31,5 ms avg latency, 639,0 ms max latency.
154 records sent, 30,0 records/sec (0,03 MB/sec), 33,4 ms avg latency, 1539,0 ms max latency.
133 records sent, 26,1 records/sec (0,02 MB/sec), 38,3 ms avg latency, 649,0 ms max latency.
147 records sent, 28,9 records/sec (0,03 MB/sec), 34,6 ms avg latency, 649,0 ms max latency.
209 records sent, 41,5 records/sec (0,04 MB/sec), 24,1 ms avg latency, 1520,0 ms max latency.
167 records sent, 32,8 records/sec (0,03 MB/sec), 30,4 ms avg latency, 633,0 ms max latency.
197 records sent, 37,0 records/sec (0,04 MB/sec), 27,0 ms avg latency, 618,0 ms max latency.
123 records sent, 24,6 records/sec (0,02 MB/sec), 40,6 ms avg latency, 631,0 ms max latency.
159 records sent, 31,3 records/sec (0,03 MB/sec), 31,9 ms avg latency, 637,0 ms max latency.
175 records sent, 33,9 records/sec (0,03 MB/sec), 29,5 ms avg latency, 644,0 ms max latency.
205 records sent, 37,7 records/sec (0,04 MB/sec), 26,5 ms avg latency, 645,0 ms max latency.
152 records sent, 30,0 records/sec (0,03 MB/sec), 33,3 ms avg latency, 630,0 ms max latency.
219 records sent, 43,7 records/sec (0,04 MB/sec), 22,9 ms avg latency, 649,0 ms max latency.
124 records sent, 24,6 records/sec (0,02 MB/sec), 40,7 ms avg latency, 672,0 ms max latency.
183 records sent, 34,4 records/sec (0,03 MB/sec), 29,1 ms avg latency, 646,0 ms max latency.
171 records sent, 33,7 records/sec (0,03 MB/sec), 29,7 ms avg latency, 620,0 ms max latency.
189 records sent, 36,9 records/sec (0,04 MB/sec), 27,1 ms avg latency, 624,0 ms max latency.
232 records sent, 46,4 records/sec (0,04 MB/sec), 21,6 ms avg latency, 635,0 ms max latency.
199 records sent, 38,8 records/sec (0,04 MB/sec), 25,7 ms avg latency, 210,0 ms max latency.
225 records sent, 43,3 records/sec (0,04 MB/sec), 23,1 ms avg latency, 618,0 ms max latency.
160 records sent, 24,9 records/sec (0,02 MB/sec), 40,1 ms avg latency, 1512,0 ms max latency.
284 records sent, 55,8 records/sec (0,05 MB/sec), 17,9 ms avg latency, 210,0 ms max latency.
239 records sent, 47,5 records/sec (0,05 MB/sec), 21,0 ms avg latency, 622,0 ms max latency.
233 records sent, 46,5 records/sec (0,04 MB/sec), 21,5 ms avg latency, 627,0 ms max latency.
135 records sent, 26,9 records/sec (0,03 MB/sec), 37,1 ms avg latency, 630,0 ms max latency.
113 records sent, 22,5 records/sec (0,02 MB/sec), 44,5 ms avg latency, 1507,0 ms max latency.
193 records sent, 37,5 records/sec (0,04 MB/sec), 26,7 ms avg latency, 632,0 ms max latency.
135 records sent, 26,7 records/sec (0,03 MB/sec), 37,5 ms avg latency, 647,0 ms max latency.
126 records sent, 25,1 records/sec (0,02 MB/sec), 39,7 ms avg latency, 638,0 ms max latency.
66 records sent, 12,6 records/sec (0,01 MB/sec), 79,6 ms avg latency, 1536,0 ms max latency.
157 records sent, 30,5 records/sec (0,03 MB/sec), 32,8 ms avg latency, 1507,0 ms max latency.
138 records sent, 27,4 records/sec (0,03 MB/sec), 36,5 ms avg latency, 647,0 ms max latency.
197 records sent, 38,2 records/sec (0,04 MB/sec), 26,2 ms avg latency, 636,0 ms max latency.
181 records sent, 32,3 records/sec (0,03 MB/sec), 30,9 ms avg latency, 646,0 ms max latency.
182 records sent, 32,5 records/sec (0,03 MB/sec), 30,7 ms avg latency, 1725,0 ms max latency.
206 records sent, 39,7 records/sec (0,04 MB/sec), 25,2 ms avg latency, 642,0 ms max latency.
183 records sent, 34,3 records/sec (0,03 MB/sec), 29,1 ms avg latency, 644,0 ms max latency.
276 records sent, 54,1 records/sec (0,05 MB/sec), 18,5 ms avg latency, 210,0 ms max latency.
223 records sent, 43,1 records/sec (0,04 MB/sec), 23,2 ms avg latency, 626,0 ms max latency.
230 records sent, 45,9 records/sec (0,04 MB/sec), 21,8 ms avg latency, 640,0 ms max latency.
125 records sent, 23,8 records/sec (0,02 MB/sec), 42,0 ms avg latency, 644,0 ms max latency.
116 records sent, 20,3 records/sec (0,02 MB/sec), 49,2 ms avg latency, 1513,0 ms max latency.
155 records sent, 30,6 records/sec (0,03 MB/sec), 32,6 ms avg latency, 632,0 ms max latency.
164 records sent, 32,4 records/sec (0,03 MB/sec), 30,9 ms avg latency, 623,0 ms max latency.
234 records sent, 46,8 records/sec (0,04 MB/sec), 21,3 ms avg latency, 622,0 ms max latency.
298 records sent, 58,2 records/sec (0,06 MB/sec), 17,2 ms avg latency, 222,0 ms max latency.
118 records sent, 23,5 records/sec (0,02 MB/sec), 42,6 ms avg latency, 649,0 ms max latency.
233 records sent, 46,4 records/sec (0,04 MB/sec), 21,5 ms avg latency, 636,0 ms max latency.
156 records sent, 28,0 records/sec (0,03 MB/sec), 35,7 ms avg latency, 1520,0 ms max latency.
256 records sent, 51,0 records/sec (0,05 MB/sec), 19,6 ms avg latency, 210,0 ms max latency.
173 records sent, 34,0 records/sec (0,03 MB/sec), 29,5 ms avg latency, 623,0 ms max latency.
194 records sent, 37,7 records/sec (0,04 MB/sec), 26,5 ms avg latency, 637,0 ms max latency.
164 records sent, 32,1 records/sec (0,03 MB/sec), 31,2 ms avg latency, 644,0 ms max latency.
97 records sent, 18,7 records/sec (0,02 MB/sec), 53,6 ms avg latency, 1505,0 ms max latency.
136 records sent, 26,7 records/sec (0,03 MB/sec), 37,4 ms avg latency, 1515,0 ms max latency.
159 records sent, 31,2 records/sec (0,03 MB/sec), 32,0 ms avg latency, 647,0 ms max latency.
185 records sent, 36,0 records/sec (0,03 MB/sec), 27,8 ms avg latency, 635,0 ms max latency.
226 records sent, 45,2 records/sec (0,04 MB/sec), 22,1 ms avg latency, 642,0 ms max latency.
227 records sent, 44,9 records/sec (0,04 MB/sec), 22,3 ms avg latency, 649,0 ms max latency.
162 records sent, 31,9 records/sec (0,03 MB/sec), 31,3 ms avg latency, 210,0 ms max latency.
194 records sent, 37,7 records/sec (0,04 MB/sec), 26,5 ms avg latency, 639,0 ms max latency.
184 records sent, 35,7 records/sec (0,03 MB/sec), 28,0 ms avg latency, 648,0 ms max latency.
276 records sent, 54,3 records/sec (0,05 MB/sec), 18,4 ms avg latency, 210,0 ms max latency.
158 records sent, 29,8 records/sec (0,03 MB/sec), 33,5 ms avg latency, 640,0 ms max latency.
105 records sent, 19,3 records/sec (0,02 MB/sec), 51,8 ms avg latency, 1506,0 ms max latency.
154 records sent, 30,1 records/sec (0,03 MB/sec), 33,2 ms avg latency, 647,0 ms max latency.
184 records sent, 35,7 records/sec (0,03 MB/sec), 28,0 ms avg latency, 648,0 ms max latency.
131 records sent, 25,8 records/sec (0,02 MB/sec), 38,7 ms avg latency, 1719,0 ms max latency.
193 records sent, 37,1 records/sec (0,04 MB/sec), 26,9 ms avg latency, 1514,0 ms max latency.
233 records sent, 44,7 records/sec (0,04 MB/sec), 22,3 ms avg latency, 638,0 ms max latency.
205 records sent, 39,8 records/sec (0,04 MB/sec), 25,1 ms avg latency, 625,0 ms max latency.
179 records sent, 34,9 records/sec (0,03 MB/sec), 28,6 ms avg latency, 639,0 ms max latency.
145 records sent, 27,3 records/sec (0,03 MB/sec), 36,6 ms avg latency, 1516,0 ms max latency.
186 records sent, 37,2 records/sec (0,04 MB/sec), 26,9 ms avg latency, 1721,0 ms max latency.
218 records sent, 41,9 records/sec (0,04 MB/sec), 23,9 ms avg latency, 648,0 ms max latency.
162 records sent, 25,4 records/sec (0,02 MB/sec), 39,4 ms avg latency, 1511,0 ms max latency.
269 records sent, 53,2 records/sec (0,05 MB/sec), 18,8 ms avg latency, 626,0 ms max latency.
156 records sent, 30,6 records/sec (0,03 MB/sec), 32,7 ms avg latency, 627,0 ms max latency.
173 records sent, 33,9 records/sec (0,03 MB/sec), 29,5 ms avg latency, 635,0 ms max latency.
133 records sent, 26,4 records/sec (0,03 MB/sec), 37,9 ms avg latency, 647,0 ms max latency.
253 records sent, 46,2 records/sec (0,04 MB/sec), 21,6 ms avg latency, 649,0 ms max latency.
231 records sent, 45,7 records/sec (0,04 MB/sec), 21,9 ms avg latency, 1736,0 ms max latency.
211 records sent, 40,8 records/sec (0,04 MB/sec), 24,5 ms avg latency, 210,0 ms max latency.
179 records sent, 32,2 records/sec (0,03 MB/sec), 31,0 ms avg latency, 650,0 ms max latency.
142 records sent, 28,0 records/sec (0,03 MB/sec), 35,7 ms avg latency, 646,0 ms max latency.
195 records sent, 38,0 records/sec (0,04 MB/sec), 26,3 ms avg latency, 621,0 ms max latency.
137 records sent, 27,2 records/sec (0,03 MB/sec), 36,8 ms avg latency, 639,0 ms max latency.
191 records sent, 37,3 records/sec (0,04 MB/sec), 26,8 ms avg latency, 626,0 ms max latency.
Aplication time: 1877.7
*****Produção finalizada, esperando 180 s para buscar WM*****
Water mark: 1579509
