Topic to send: test-topic
Topic to acks: 1
Records: 80000
Size:1000
296 records sent, 57,4 records/sec (0,05 MB/sec), 17,3 ms avg latency, 634,0 ms max latency.
359 records sent, 70,4 records/sec (0,07 MB/sec), 14,2 ms avg latency, 210,0 ms max latency.
380 records sent, 75,0 records/sec (0,07 MB/sec), 13,3 ms avg latency, 209,0 ms max latency.
405 records sent, 79,3 records/sec (0,08 MB/sec), 12,6 ms avg latency, 625,0 ms max latency.
441 records sent, 86,6 records/sec (0,08 MB/sec), 11,5 ms avg latency, 629,0 ms max latency.
377 records sent, 75,1 records/sec (0,07 MB/sec), 13,3 ms avg latency, 641,0 ms max latency.
211 records sent, 40,1 records/sec (0,04 MB/sec), 24,9 ms avg latency, 644,0 ms max latency.
378 records sent, 75,6 records/sec (0,07 MB/sec), 13,2 ms avg latency, 213,0 ms max latency.
317 records sent, 62,0 records/sec (0,06 MB/sec), 16,1 ms avg latency, 639,0 ms max latency.
319 records sent, 62,8 records/sec (0,06 MB/sec), 15,9 ms avg latency, 209,0 ms max latency.
288 records sent, 56,5 records/sec (0,05 MB/sec), 17,7 ms avg latency, 648,0 ms max latency.
278 records sent, 54,6 records/sec (0,05 MB/sec), 18,3 ms avg latency, 641,0 ms max latency.
233 records sent, 44,5 records/sec (0,04 MB/sec), 22,5 ms avg latency, 647,0 ms max latency.
361 records sent, 70,4 records/sec (0,07 MB/sec), 14,2 ms avg latency, 209,0 ms max latency.
356 records sent, 69,2 records/sec (0,07 MB/sec), 14,4 ms avg latency, 624,0 ms max latency.
209 records sent, 41,6 records/sec (0,04 MB/sec), 24,0 ms avg latency, 646,0 ms max latency.
319 records sent, 62,4 records/sec (0,06 MB/sec), 16,0 ms avg latency, 635,0 ms max latency.
279 records sent, 55,2 records/sec (0,05 MB/sec), 18,1 ms avg latency, 630,0 ms max latency.
152 records sent, 30,3 records/sec (0,03 MB/sec), 33,0 ms avg latency, 1520,0 ms max latency.
352 records sent, 68,2 records/sec (0,07 MB/sec), 14,7 ms avg latency, 645,0 ms max latency.
420 records sent, 80,7 records/sec (0,08 MB/sec), 12,4 ms avg latency, 213,0 ms max latency.
253 records sent, 50,2 records/sec (0,05 MB/sec), 19,9 ms avg latency, 631,0 ms max latency.
393 records sent, 75,8 records/sec (0,07 MB/sec), 13,2 ms avg latency, 640,0 ms max latency.
334 records sent, 64,8 records/sec (0,06 MB/sec), 15,4 ms avg latency, 641,0 ms max latency.
343 records sent, 66,8 records/sec (0,06 MB/sec), 14,9 ms avg latency, 640,0 ms max latency.
307 records sent, 60,4 records/sec (0,06 MB/sec), 16,5 ms avg latency, 209,0 ms max latency.
412 records sent, 82,4 records/sec (0,08 MB/sec), 12,1 ms avg latency, 645,0 ms max latency.
321 records sent, 63,3 records/sec (0,06 MB/sec), 15,8 ms avg latency, 209,0 ms max latency.
339 records sent, 66,3 records/sec (0,06 MB/sec), 15,1 ms avg latency, 646,0 ms max latency.
400 records sent, 71,4 records/sec (0,07 MB/sec), 14,0 ms avg latency, 641,0 ms max latency.
245 records sent, 48,5 records/sec (0,05 MB/sec), 20,6 ms avg latency, 643,0 ms max latency.
447 records sent, 89,2 records/sec (0,09 MB/sec), 11,2 ms avg latency, 647,0 ms max latency.
306 records sent, 60,3 records/sec (0,06 MB/sec), 16,6 ms avg latency, 212,0 ms max latency.
193 records sent, 36,9 records/sec (0,04 MB/sec), 27,1 ms avg latency, 1735,0 ms max latency.
442 records sent, 88,0 records/sec (0,08 MB/sec), 11,3 ms avg latency, 645,0 ms max latency.
218 records sent, 42,0 records/sec (0,04 MB/sec), 23,8 ms avg latency, 624,0 ms max latency.
302 records sent, 59,3 records/sec (0,06 MB/sec), 16,9 ms avg latency, 648,0 ms max latency.
330 records sent, 59,1 records/sec (0,06 MB/sec), 16,9 ms avg latency, 1513,0 ms max latency.
310 records sent, 61,1 records/sec (0,06 MB/sec), 16,4 ms avg latency, 633,0 ms max latency.
279 records sent, 55,0 records/sec (0,05 MB/sec), 18,2 ms avg latency, 645,0 ms max latency.
240 records sent, 48,0 records/sec (0,05 MB/sec), 20,8 ms avg latency, 626,0 ms max latency.
255 records sent, 46,8 records/sec (0,04 MB/sec), 21,4 ms avg latency, 636,0 ms max latency.
269 records sent, 53,2 records/sec (0,05 MB/sec), 18,8 ms avg latency, 644,0 ms max latency.
241 records sent, 48,2 records/sec (0,05 MB/sec), 20,8 ms avg latency, 633,0 ms max latency.
384 records sent, 74,5 records/sec (0,07 MB/sec), 13,4 ms avg latency, 209,0 ms max latency.
228 records sent, 43,8 records/sec (0,04 MB/sec), 22,8 ms avg latency, 638,0 ms max latency.
414 records sent, 80,2 records/sec (0,08 MB/sec), 12,5 ms avg latency, 622,0 ms max latency.
319 records sent, 62,8 records/sec (0,06 MB/sec), 15,9 ms avg latency, 624,0 ms max latency.
303 records sent, 59,8 records/sec (0,06 MB/sec), 16,7 ms avg latency, 626,0 ms max latency.
356 records sent, 69,8 records/sec (0,07 MB/sec), 14,3 ms avg latency, 209,0 ms max latency.
241 records sent, 47,5 records/sec (0,05 MB/sec), 21,0 ms avg latency, 649,0 ms max latency.
401 records sent, 74,7 records/sec (0,07 MB/sec), 13,4 ms avg latency, 620,0 ms max latency.
341 records sent, 64,2 records/sec (0,06 MB/sec), 15,6 ms avg latency, 634,0 ms max latency.
240 records sent, 48,0 records/sec (0,05 MB/sec), 20,8 ms avg latency, 628,0 ms max latency.
348 records sent, 68,1 records/sec (0,06 MB/sec), 14,7 ms avg latency, 634,0 ms max latency.
451 records sent, 86,7 records/sec (0,08 MB/sec), 11,5 ms avg latency, 209,0 ms max latency.
402 records sent, 77,6 records/sec (0,07 MB/sec), 12,9 ms avg latency, 632,0 ms max latency.
576 records sent, 112,3 records/sec (0,11 MB/sec), 8,9 ms avg latency, 626,0 ms max latency.
269 records sent, 53,5 records/sec (0,05 MB/sec), 18,7 ms avg latency, 638,0 ms max latency.
256 records sent, 51,2 records/sec (0,05 MB/sec), 19,5 ms avg latency, 620,0 ms max latency.
112 records sent, 20,7 records/sec (0,02 MB/sec), 48,2 ms avg latency, 1510,0 ms max latency.
245 records sent, 48,3 records/sec (0,05 MB/sec), 20,7 ms avg latency, 1723,0 ms max latency.
434 records sent, 83,5 records/sec (0,08 MB/sec), 12,0 ms avg latency, 209,0 ms max latency.
354 records sent, 66,2 records/sec (0,06 MB/sec), 15,1 ms avg latency, 636,0 ms max latency.
326 records sent, 56,4 records/sec (0,05 MB/sec), 17,7 ms avg latency, 1523,0 ms max latency.
276 records sent, 54,5 records/sec (0,05 MB/sec), 18,3 ms avg latency, 646,0 ms max latency.
345 records sent, 67,1 records/sec (0,06 MB/sec), 14,9 ms avg latency, 648,0 ms max latency.
234 records sent, 46,7 records/sec (0,04 MB/sec), 21,4 ms avg latency, 636,0 ms max latency.
228 records sent, 45,4 records/sec (0,04 MB/sec), 22,0 ms avg latency, 648,0 ms max latency.
343 records sent, 66,8 records/sec (0,06 MB/sec), 14,9 ms avg latency, 643,0 ms max latency.
179 records sent, 34,5 records/sec (0,03 MB/sec), 29,0 ms avg latency, 640,0 ms max latency.
228 records sent, 45,6 records/sec (0,04 MB/sec), 21,9 ms avg latency, 647,0 ms max latency.
273 records sent, 54,2 records/sec (0,05 MB/sec), 18,4 ms avg latency, 620,0 ms max latency.
340 records sent, 66,1 records/sec (0,06 MB/sec), 15,1 ms avg latency, 645,0 ms max latency.
298 records sent, 58,4 records/sec (0,06 MB/sec), 17,1 ms avg latency, 637,0 ms max latency.
363 records sent, 70,6 records/sec (0,07 MB/sec), 14,1 ms avg latency, 636,0 ms max latency.
296 records sent, 58,0 records/sec (0,06 MB/sec), 17,2 ms avg latency, 637,0 ms max latency.
285 records sent, 56,4 records/sec (0,05 MB/sec), 17,7 ms avg latency, 209,0 ms max latency.
418 records sent, 80,6 records/sec (0,08 MB/sec), 12,4 ms avg latency, 209,0 ms max latency.
350 records sent, 68,1 records/sec (0,06 MB/sec), 14,7 ms avg latency, 628,0 ms max latency.
316 records sent, 57,4 records/sec (0,05 MB/sec), 17,4 ms avg latency, 643,0 ms max latency.
213 records sent, 42,6 records/sec (0,04 MB/sec), 23,5 ms avg latency, 628,0 ms max latency.
313 records sent, 61,6 records/sec (0,06 MB/sec), 16,2 ms avg latency, 209,0 ms max latency.
215 records sent, 43,0 records/sec (0,04 MB/sec), 23,2 ms avg latency, 641,0 ms max latency.
405 records sent, 78,5 records/sec (0,07 MB/sec), 12,7 ms avg latency, 622,0 ms max latency.
348 records sent, 68,1 records/sec (0,06 MB/sec), 14,7 ms avg latency, 630,0 ms max latency.
412 records sent, 79,4 records/sec (0,08 MB/sec), 12,6 ms avg latency, 634,0 ms max latency.
354 records sent, 69,1 records/sec (0,07 MB/sec), 14,4 ms avg latency, 630,0 ms max latency.
211 records sent, 42,2 records/sec (0,04 MB/sec), 23,7 ms avg latency, 647,0 ms max latency.
251 records sent, 49,8 records/sec (0,05 MB/sec), 20,1 ms avg latency, 647,0 ms max latency.
99 records sent, 19,2 records/sec (0,02 MB/sec), 52,0 ms avg latency, 1514,0 ms max latency.
343 records sent, 61,6 records/sec (0,06 MB/sec), 16,2 ms avg latency, 644,0 ms max latency.
421 records sent, 81,3 records/sec (0,08 MB/sec), 12,3 ms avg latency, 210,0 ms max latency.
205 records sent, 39,6 records/sec (0,04 MB/sec), 25,3 ms avg latency, 634,0 ms max latency.
367 records sent, 66,2 records/sec (0,06 MB/sec), 15,1 ms avg latency, 643,0 ms max latency.
343 records sent, 67,4 records/sec (0,06 MB/sec), 14,8 ms avg latency, 633,0 ms max latency.
267 records sent, 52,6 records/sec (0,05 MB/sec), 19,0 ms avg latency, 649,0 ms max latency.
247 records sent, 48,6 records/sec (0,05 MB/sec), 20,6 ms avg latency, 1517,0 ms max latency.
369 records sent, 72,2 records/sec (0,07 MB/sec), 13,8 ms avg latency, 209,0 ms max latency.
240 records sent, 47,9 records/sec (0,05 MB/sec), 20,8 ms avg latency, 640,0 ms max latency.
173 records sent, 33,3 records/sec (0,03 MB/sec), 30,0 ms avg latency, 1502,0 ms max latency.
311 records sent, 61,4 records/sec (0,06 MB/sec), 16,3 ms avg latency, 209,0 ms max latency.
331 records sent, 64,9 records/sec (0,06 MB/sec), 15,4 ms avg latency, 618,0 ms max latency.
418 records sent, 82,5 records/sec (0,08 MB/sec), 12,1 ms avg latency, 648,0 ms max latency.
195 records sent, 39,0 records/sec (0,04 MB/sec), 25,6 ms avg latency, 1521,0 ms max latency.
454 records sent, 90,7 records/sec (0,09 MB/sec), 11,0 ms avg latency, 623,0 ms max latency.
311 records sent, 52,2 records/sec (0,05 MB/sec), 19,2 ms avg latency, 1520,0 ms max latency.
319 records sent, 62,6 records/sec (0,06 MB/sec), 16,0 ms avg latency, 643,0 ms max latency.
302 records sent, 59,2 records/sec (0,06 MB/sec), 16,9 ms avg latency, 647,0 ms max latency.
330 records sent, 64,7 records/sec (0,06 MB/sec), 15,5 ms avg latency, 637,0 ms max latency.
384 records sent, 74,0 records/sec (0,07 MB/sec), 13,5 ms avg latency, 644,0 ms max latency.
367 records sent, 71,4 records/sec (0,07 MB/sec), 14,0 ms avg latency, 636,0 ms max latency.
380 records sent, 73,8 records/sec (0,07 MB/sec), 13,5 ms avg latency, 636,0 ms max latency.
311 records sent, 61,4 records/sec (0,06 MB/sec), 16,3 ms avg latency, 209,0 ms max latency.
192 records sent, 33,0 records/sec (0,03 MB/sec), 30,3 ms avg latency, 1907,0 ms max latency.
511 records sent, 100,9 records/sec (0,10 MB/sec), 9,9 ms avg latency, 209,0 ms max latency.
214 records sent, 41,1 records/sec (0,04 MB/sec), 24,3 ms avg latency, 631,0 ms max latency.
356 records sent, 69,6 records/sec (0,07 MB/sec), 14,4 ms avg latency, 209,0 ms max latency.
247 records sent, 48,6 records/sec (0,05 MB/sec), 20,6 ms avg latency, 1737,0 ms max latency.
349 records sent, 68,2 records/sec (0,07 MB/sec), 14,7 ms avg latency, 210,0 ms max latency.
307 records sent, 58,1 records/sec (0,06 MB/sec), 17,2 ms avg latency, 635,0 ms max latency.
293 records sent, 57,9 records/sec (0,06 MB/sec), 17,2 ms avg latency, 622,0 ms max latency.
346 records sent, 67,6 records/sec (0,06 MB/sec), 14,8 ms avg latency, 624,0 ms max latency.
319 records sent, 62,9 records/sec (0,06 MB/sec), 15,9 ms avg latency, 212,0 ms max latency.
323 records sent, 56,1 records/sec (0,05 MB/sec), 17,8 ms avg latency, 1503,0 ms max latency.
321 records sent, 62,4 records/sec (0,06 MB/sec), 16,0 ms avg latency, 634,0 ms max latency.
316 records sent, 61,9 records/sec (0,06 MB/sec), 16,1 ms avg latency, 633,0 ms max latency.
197 records sent, 39,0 records/sec (0,04 MB/sec), 25,6 ms avg latency, 1539,0 ms max latency.
293 records sent, 56,9 records/sec (0,05 MB/sec), 17,6 ms avg latency, 1519,0 ms max latency.
294 records sent, 57,9 records/sec (0,06 MB/sec), 17,3 ms avg latency, 644,0 ms max latency.
339 records sent, 66,2 records/sec (0,06 MB/sec), 15,1 ms avg latency, 647,0 ms max latency.
382 records sent, 76,4 records/sec (0,07 MB/sec), 13,1 ms avg latency, 1512,0 ms max latency.
419 records sent, 81,1 records/sec (0,08 MB/sec), 12,3 ms avg latency, 619,0 ms max latency.
248 records sent, 48,9 records/sec (0,05 MB/sec), 20,4 ms avg latency, 1497,0 ms max latency.
236 records sent, 45,3 records/sec (0,04 MB/sec), 22,0 ms avg latency, 622,0 ms max latency.
351 records sent, 68,5 records/sec (0,07 MB/sec), 14,6 ms avg latency, 209,0 ms max latency.
317 records sent, 62,1 records/sec (0,06 MB/sec), 16,1 ms avg latency, 632,0 ms max latency.
321 records sent, 60,3 records/sec (0,06 MB/sec), 16,6 ms avg latency, 649,0 ms max latency.
497 records sent, 97,8 records/sec (0,09 MB/sec), 10,2 ms avg latency, 209,0 ms max latency.
362 records sent, 70,3 records/sec (0,07 MB/sec), 14,2 ms avg latency, 643,0 ms max latency.
238 records sent, 47,3 records/sec (0,05 MB/sec), 21,1 ms avg latency, 641,0 ms max latency.
244 records sent, 48,7 records/sec (0,05 MB/sec), 20,5 ms avg latency, 628,0 ms max latency.
186 records sent, 37,1 records/sec (0,04 MB/sec), 27,0 ms avg latency, 1512,0 ms max latency.
537 records sent, 105,6 records/sec (0,10 MB/sec), 9,5 ms avg latency, 209,0 ms max latency.
347 records sent, 68,0 records/sec (0,06 MB/sec), 14,7 ms avg latency, 624,0 ms max latency.
413 records sent, 79,9 records/sec (0,08 MB/sec), 12,5 ms avg latency, 209,0 ms max latency.
271 records sent, 53,8 records/sec (0,05 MB/sec), 18,6 ms avg latency, 633,0 ms max latency.
300 records sent, 58,9 records/sec (0,06 MB/sec), 17,0 ms avg latency, 640,0 ms max latency.
310 records sent, 60,7 records/sec (0,06 MB/sec), 16,5 ms avg latency, 646,0 ms max latency.
336 records sent, 66,0 records/sec (0,06 MB/sec), 15,1 ms avg latency, 209,0 ms max latency.
286 records sent, 56,4 records/sec (0,05 MB/sec), 17,7 ms avg latency, 640,0 ms max latency.
344 records sent, 67,1 records/sec (0,06 MB/sec), 14,9 ms avg latency, 632,0 ms max latency.
234 records sent, 46,8 records/sec (0,04 MB/sec), 21,4 ms avg latency, 209,0 ms max latency.
259 records sent, 51,4 records/sec (0,05 MB/sec), 19,4 ms avg latency, 634,0 ms max latency.
330 records sent, 64,7 records/sec (0,06 MB/sec), 15,4 ms avg latency, 630,0 ms max latency.
241 records sent, 47,6 records/sec (0,05 MB/sec), 21,0 ms avg latency, 1511,0 ms max latency.
321 records sent, 63,1 records/sec (0,06 MB/sec), 15,8 ms avg latency, 209,0 ms max latency.
309 records sent, 60,7 records/sec (0,06 MB/sec), 16,4 ms avg latency, 624,0 ms max latency.
280 records sent, 55,2 records/sec (0,05 MB/sec), 18,1 ms avg latency, 640,0 ms max latency.
360 records sent, 70,3 records/sec (0,07 MB/sec), 14,2 ms avg latency, 209,0 ms max latency.
248 records sent, 45,6 records/sec (0,04 MB/sec), 21,9 ms avg latency, 636,0 ms max latency.
270 records sent, 53,0 records/sec (0,05 MB/sec), 18,9 ms avg latency, 648,0 ms max latency.
255 records sent, 50,5 records/sec (0,05 MB/sec), 19,8 ms avg latency, 635,0 ms max latency.
311 records sent, 60,8 records/sec (0,06 MB/sec), 16,4 ms avg latency, 644,0 ms max latency.
242 records sent, 48,2 records/sec (0,05 MB/sec), 20,7 ms avg latency, 626,0 ms max latency.
305 records sent, 59,9 records/sec (0,06 MB/sec), 16,7 ms avg latency, 632,0 ms max latency.
344 records sent, 66,3 records/sec (0,06 MB/sec), 15,1 ms avg latency, 1520,0 ms max latency.
435 records sent, 87,0 records/sec (0,08 MB/sec), 11,5 ms avg latency, 209,0 ms max latency.
290 records sent, 52,9 records/sec (0,05 MB/sec), 18,9 ms avg latency, 637,0 ms max latency.
315 records sent, 59,3 records/sec (0,06 MB/sec), 16,9 ms avg latency, 642,0 ms max latency.
432 records sent, 83,0 records/sec (0,08 MB/sec), 12,0 ms avg latency, 211,0 ms max latency.
388 records sent, 74,7 records/sec (0,07 MB/sec), 13,4 ms avg latency, 648,0 ms max latency.
446 records sent, 85,7 records/sec (0,08 MB/sec), 11,7 ms avg latency, 209,0 ms max latency.
355 records sent, 68,9 records/sec (0,07 MB/sec), 14,5 ms avg latency, 638,0 ms max latency.
346 records sent, 67,5 records/sec (0,06 MB/sec), 14,8 ms avg latency, 644,0 ms max latency.
355 records sent, 69,4 records/sec (0,07 MB/sec), 14,4 ms avg latency, 209,0 ms max latency.
215 records sent, 42,5 records/sec (0,04 MB/sec), 23,5 ms avg latency, 1533,0 ms max latency.
303 records sent, 59,7 records/sec (0,06 MB/sec), 16,7 ms avg latency, 641,0 ms max latency.
366 records sent, 71,4 records/sec (0,07 MB/sec), 14,0 ms avg latency, 209,0 ms max latency.
197 records sent, 39,0 records/sec (0,04 MB/sec), 25,6 ms avg latency, 1735,0 ms max latency.
393 records sent, 76,1 records/sec (0,07 MB/sec), 13,1 ms avg latency, 212,0 ms max latency.
409 records sent, 78,8 records/sec (0,08 MB/sec), 12,7 ms avg latency, 645,0 ms max latency.
360 records sent, 69,2 records/sec (0,07 MB/sec), 14,4 ms avg latency, 1517,0 ms max latency.
416 records sent, 83,2 records/sec (0,08 MB/sec), 12,0 ms avg latency, 209,0 ms max latency.
323 records sent, 54,0 records/sec (0,05 MB/sec), 18,5 ms avg latency, 1504,0 ms max latency.
227 records sent, 45,4 records/sec (0,04 MB/sec), 22,0 ms avg latency, 629,0 ms max latency.
269 records sent, 53,6 records/sec (0,05 MB/sec), 18,6 ms avg latency, 209,0 ms max latency.
200 records sent, 40,0 records/sec (0,04 MB/sec), 25,0 ms avg latency, 643,0 ms max latency.
306 records sent, 60,5 records/sec (0,06 MB/sec), 16,5 ms avg latency, 627,0 ms max latency.
394 records sent, 78,8 records/sec (0,08 MB/sec), 12,7 ms avg latency, 645,0 ms max latency.
387 records sent, 75,1 records/sec (0,07 MB/sec), 13,3 ms avg latency, 621,0 ms max latency.
309 records sent, 53,7 records/sec (0,05 MB/sec), 18,6 ms avg latency, 1519,0 ms max latency.
268 records sent, 53,0 records/sec (0,05 MB/sec), 18,9 ms avg latency, 648,0 ms max latency.
393 records sent, 76,6 records/sec (0,07 MB/sec), 13,0 ms avg latency, 209,0 ms max latency.
195 records sent, 39,0 records/sec (0,04 MB/sec), 25,6 ms avg latency, 1508,0 ms max latency.
302 records sent, 59,4 records/sec (0,06 MB/sec), 16,8 ms avg latency, 648,0 ms max latency.
317 records sent, 62,0 records/sec (0,06 MB/sec), 16,1 ms avg latency, 644,0 ms max latency.
351 records sent, 68,5 records/sec (0,07 MB/sec), 14,6 ms avg latency, 634,0 ms max latency.
322 records sent, 63,0 records/sec (0,06 MB/sec), 15,9 ms avg latency, 646,0 ms max latency.
386 records sent, 74,5 records/sec (0,07 MB/sec), 13,4 ms avg latency, 647,0 ms max latency.
502 records sent, 99,4 records/sec (0,09 MB/sec), 10,0 ms avg latency, 209,0 ms max latency.
347 records sent, 67,9 records/sec (0,06 MB/sec), 14,7 ms avg latency, 644,0 ms max latency.
450 records sent, 86,5 records/sec (0,08 MB/sec), 11,5 ms avg latency, 209,0 ms max latency.
358 records sent, 70,1 records/sec (0,07 MB/sec), 14,2 ms avg latency, 212,0 ms max latency.
216 records sent, 41,5 records/sec (0,04 MB/sec), 24,1 ms avg latency, 644,0 ms max latency.
200 records sent, 39,6 records/sec (0,04 MB/sec), 25,2 ms avg latency, 1519,0 ms max latency.
400 records sent, 77,3 records/sec (0,07 MB/sec), 12,9 ms avg latency, 209,0 ms max latency.
339 records sent, 66,4 records/sec (0,06 MB/sec), 15,1 ms avg latency, 634,0 ms max latency.
302 records sent, 55,1 records/sec (0,05 MB/sec), 18,1 ms avg latency, 620,0 ms max latency.
446 records sent, 85,8 records/sec (0,08 MB/sec), 11,7 ms avg latency, 209,0 ms max latency.
340 records sent, 66,7 records/sec (0,06 MB/sec), 15,0 ms avg latency, 209,0 ms max latency.
278 records sent, 55,3 records/sec (0,05 MB/sec), 18,1 ms avg latency, 209,0 ms max latency.
240 records sent, 43,6 records/sec (0,04 MB/sec), 22,9 ms avg latency, 1508,0 ms max latency.
290 records sent, 53,0 records/sec (0,05 MB/sec), 18,9 ms avg latency, 635,0 ms max latency.
308 records sent, 58,3 records/sec (0,06 MB/sec), 17,1 ms avg latency, 638,0 ms max latency.
340 records sent, 66,6 records/sec (0,06 MB/sec), 15,0 ms avg latency, 636,0 ms max latency.
451 records sent, 86,8 records/sec (0,08 MB/sec), 11,5 ms avg latency, 209,0 ms max latency.
298 records sent, 58,5 records/sec (0,06 MB/sec), 17,1 ms avg latency, 638,0 ms max latency.
293 records sent, 57,9 records/sec (0,06 MB/sec), 17,2 ms avg latency, 636,0 ms max latency.
364 records sent, 56,5 records/sec (0,05 MB/sec), 17,7 ms avg latency, 1527,0 ms max latency.
374 records sent, 72,3 records/sec (0,07 MB/sec), 13,8 ms avg latency, 648,0 ms max latency.
312 records sent, 61,2 records/sec (0,06 MB/sec), 16,3 ms avg latency, 636,0 ms max latency.
426 records sent, 82,2 records/sec (0,08 MB/sec), 12,2 ms avg latency, 209,0 ms max latency.
366 records sent, 70,9 records/sec (0,07 MB/sec), 14,1 ms avg latency, 647,0 ms max latency.
433 records sent, 86,6 records/sec (0,08 MB/sec), 11,5 ms avg latency, 641,0 ms max latency.
346 records sent, 67,5 records/sec (0,06 MB/sec), 14,8 ms avg latency, 641,0 ms max latency.
242 records sent, 48,0 records/sec (0,05 MB/sec), 20,8 ms avg latency, 640,0 ms max latency.
237 records sent, 47,1 records/sec (0,04 MB/sec), 21,2 ms avg latency, 644,0 ms max latency.
370 records sent, 72,1 records/sec (0,07 MB/sec), 13,9 ms avg latency, 622,0 ms max latency.
463 records sent, 92,1 records/sec (0,09 MB/sec), 10,9 ms avg latency, 626,0 ms max latency.
253 records sent, 50,2 records/sec (0,05 MB/sec), 19,9 ms avg latency, 647,0 ms max latency.
336 records sent, 60,6 records/sec (0,06 MB/sec), 16,5 ms avg latency, 641,0 ms max latency.
368 records sent, 71,7 records/sec (0,07 MB/sec), 13,9 ms avg latency, 209,0 ms max latency.
317 records sent, 62,5 records/sec (0,06 MB/sec), 16,0 ms avg latency, 620,0 ms max latency.
290 records sent, 57,1 records/sec (0,05 MB/sec), 17,5 ms avg latency, 633,0 ms max latency.
261 records sent, 51,9 records/sec (0,05 MB/sec), 19,2 ms avg latency, 628,0 ms max latency.
328 records sent, 64,4 records/sec (0,06 MB/sec), 15,5 ms avg latency, 209,0 ms max latency.
319 records sent, 62,8 records/sec (0,06 MB/sec), 15,9 ms avg latency, 209,0 ms max latency.
61 records sent, 12,0 records/sec (0,01 MB/sec), 83,6 ms avg latency, 1501,0 ms max latency.
392 records sent, 75,5 records/sec (0,07 MB/sec), 13,2 ms avg latency, 209,0 ms max latency.
292 records sent, 57,7 records/sec (0,05 MB/sec), 17,3 ms avg latency, 638,0 ms max latency.
264 records sent, 52,4 records/sec (0,05 MB/sec), 19,1 ms avg latency, 630,0 ms max latency.
440 records sent, 69,7 records/sec (0,07 MB/sec), 14,3 ms avg latency, 1518,0 ms max latency.
253 records sent, 50,1 records/sec (0,05 MB/sec), 19,9 ms avg latency, 644,0 ms max latency.
303 records sent, 59,3 records/sec (0,06 MB/sec), 16,9 ms avg latency, 647,0 ms max latency.
293 records sent, 57,5 records/sec (0,05 MB/sec), 17,4 ms avg latency, 644,0 ms max latency.
276 records sent, 51,8 records/sec (0,05 MB/sec), 19,3 ms avg latency, 1515,0 ms max latency.
297 records sent, 58,5 records/sec (0,06 MB/sec), 17,1 ms avg latency, 649,0 ms max latency.
356 records sent, 69,1 records/sec (0,07 MB/sec), 14,5 ms avg latency, 649,0 ms max latency.
444 records sent, 88,6 records/sec (0,08 MB/sec), 11,3 ms avg latency, 209,0 ms max latency.
80000 records sent, 61,995512 records/sec (0,06 MB/sec), 16,12 ms avg latency, 1907,00 ms max latency, 1 ms 50th, 206 ms 95th, 209 ms 99th, 644 ms 99.9th.

Metric Name                                                                          Value
app-info:commit-id:{client-id=producer-1}                                          : d4284cbebb6f0a4c
app-info:start-time-ms:{client-id=producer-1}                                      : 1592770349783
app-info:version:{client-id=producer-1}                                            : 2.3.1
kafka-metrics-count:count:{client-id=producer-1}                                   : 126,000
producer-metrics:batch-size-avg:{client-id=producer-1}                             : 1075,000
producer-metrics:batch-size-max:{client-id=producer-1}                             : 1075,000
producer-metrics:batch-split-rate:{client-id=producer-1}                           : 0,000
producer-metrics:batch-split-total:{client-id=producer-1}                          : 0,000
producer-metrics:buffer-available-bytes:{client-id=producer-1}                     : 33554432,000
producer-metrics:buffer-exhausted-rate:{client-id=producer-1}                      : 0,000
producer-metrics:buffer-exhausted-total:{client-id=producer-1}                     : 0,000
producer-metrics:buffer-total-bytes:{client-id=producer-1}                         : 33554432,000
producer-metrics:bufferpool-wait-ratio:{client-id=producer-1}                      : 0,000
producer-metrics:bufferpool-wait-time-total:{client-id=producer-1}                 : 0,000
producer-metrics:compression-rate-avg:{client-id=producer-1}                       : 1,000
producer-metrics:connection-close-rate:{client-id=producer-1}                      : 0,021
producer-metrics:connection-close-total:{client-id=producer-1}                     : 34,000
producer-metrics:connection-count:{client-id=producer-1}                           : 3,000
producer-metrics:connection-creation-rate:{client-id=producer-1}                   : 0,021
producer-metrics:connection-creation-total:{client-id=producer-1}                  : 37,000
producer-metrics:failed-authentication-rate:{client-id=producer-1}                 : 0,000
producer-metrics:failed-authentication-total:{client-id=producer-1}                : 0,000
producer-metrics:failed-reauthentication-rate:{client-id=producer-1}               : 0,000
producer-metrics:failed-reauthentication-total:{client-id=producer-1}              : 0,000
producer-metrics:incoming-byte-rate:{client-id=producer-1}                         : 3946,162
producer-metrics:incoming-byte-total:{client-id=producer-1}                        : 4980853,000
producer-metrics:io-ratio:{client-id=producer-1}                                   : 0,002
producer-metrics:io-time-ns-avg:{client-id=producer-1}                             : 11931,939
producer-metrics:io-wait-ratio:{client-id=producer-1}                              : 0,997
producer-metrics:io-wait-time-ns-avg:{client-id=producer-1}                        : 5265688,893
producer-metrics:io-waittime-total:{client-id=producer-1}                          : 1281433932509,000
producer-metrics:iotime-total:{client-id=producer-1}                               : 3129158481,000
producer-metrics:metadata-age:{client-id=producer-1}                               : 18,480
producer-metrics:network-io-rate:{client-id=producer-1}                            : 126,774
producer-metrics:network-io-total:{client-id=producer-1}                           : 160177,000
producer-metrics:outgoing-byte-rate:{client-id=producer-1}                         : 72512,481
producer-metrics:outgoing-byte-total:{client-id=producer-1}                        : 91629067,000
producer-metrics:produce-throttle-time-avg:{client-id=producer-1}                  : 0,000
producer-metrics:produce-throttle-time-max:{client-id=producer-1}                  : 0,000
producer-metrics:reauthentication-latency-avg:{client-id=producer-1}               : NaN
producer-metrics:reauthentication-latency-max:{client-id=producer-1}               : NaN
producer-metrics:record-error-rate:{client-id=producer-1}                          : 0,000
producer-metrics:record-error-total:{client-id=producer-1}                         : 0,000
producer-metrics:record-queue-time-avg:{client-id=producer-1}                      : 0,899
producer-metrics:record-queue-time-max:{client-id=producer-1}                      : 1516,000
producer-metrics:record-retry-rate:{client-id=producer-1}                          : 0,021
producer-metrics:record-retry-total:{client-id=producer-1}                         : 33,000
producer-metrics:record-send-rate:{client-id=producer-1}                           : 63,325
producer-metrics:record-send-total:{client-id=producer-1}                          : 80033,000
producer-metrics:record-size-avg:{client-id=producer-1}                            : 1091,000
producer-metrics:record-size-max:{client-id=producer-1}                            : 1091,000
producer-metrics:records-per-request-avg:{client-id=producer-1}                    : 1,000
producer-metrics:request-latency-avg:{client-id=producer-1}                        : 14,927
producer-metrics:request-latency-max:{client-id=producer-1}                        : 649,000
producer-metrics:request-rate:{client-id=producer-1}                               : 63,397
producer-metrics:request-size-avg:{client-id=producer-1}                           : 1143,716
producer-metrics:request-size-max:{client-id=producer-1}                           : 1145,000
producer-metrics:request-total:{client-id=producer-1}                              : 80105,000
producer-metrics:requests-in-flight:{client-id=producer-1}                         : 0,000
producer-metrics:response-rate:{client-id=producer-1}                              : 63,379
producer-metrics:response-total:{client-id=producer-1}                             : 80072,000
producer-metrics:select-rate:{client-id=producer-1}                                : 189,345
producer-metrics:select-total:{client-id=producer-1}                               : 240035,000
producer-metrics:successful-authentication-no-reauth-total:{client-id=producer-1}  : 0,000
producer-metrics:successful-authentication-rate:{client-id=producer-1}             : 0,000
producer-metrics:successful-authentication-total:{client-id=producer-1}            : 0,000
producer-metrics:successful-reauthentication-rate:{client-id=producer-1}           : 0,000
producer-metrics:successful-reauthentication-total:{client-id=producer-1}          : 0,000
producer-metrics:waiting-threads:{client-id=producer-1}                            : 0,000
producer-node-metrics:incoming-byte-rate:{client-id=producer-1, node-id=node--3}   : 0,000
producer-node-metrics:incoming-byte-rate:{client-id=producer-1, node-id=node-1}    : 1316,829
producer-node-metrics:incoming-byte-rate:{client-id=producer-1, node-id=node-3}    : 1300,460
producer-node-metrics:incoming-byte-rate:{client-id=producer-1, node-id=node-6}    : 1335,732
producer-node-metrics:incoming-byte-total:{client-id=producer-1, node-id=node--3}  : 579,000
producer-node-metrics:incoming-byte-total:{client-id=producer-1, node-id=node-1}   : 1651651,000
producer-node-metrics:incoming-byte-total:{client-id=producer-1, node-id=node-3}   : 1662013,000
producer-node-metrics:incoming-byte-total:{client-id=producer-1, node-id=node-6}   : 1666610,000
producer-node-metrics:outgoing-byte-rate:{client-id=producer-1, node-id=node--3}   : 0,000
producer-node-metrics:outgoing-byte-rate:{client-id=producer-1, node-id=node-1}    : 24068,140
producer-node-metrics:outgoing-byte-rate:{client-id=producer-1, node-id=node-3}    : 23919,810
producer-node-metrics:outgoing-byte-rate:{client-id=producer-1, node-id=node-6}    : 24688,103
producer-node-metrics:outgoing-byte-total:{client-id=producer-1, node-id=node--3}  : 67,000
producer-node-metrics:outgoing-byte-total:{client-id=producer-1, node-id=node-1}   : 30403673,000
producer-node-metrics:outgoing-byte-total:{client-id=producer-1, node-id=node-3}   : 30569798,000
producer-node-metrics:outgoing-byte-total:{client-id=producer-1, node-id=node-6}   : 30655529,000
producer-node-metrics:request-latency-avg:{client-id=producer-1, node-id=node--3}  : NaN
producer-node-metrics:request-latency-avg:{client-id=producer-1, node-id=node-1}   : 13,972
producer-node-metrics:request-latency-avg:{client-id=producer-1, node-id=node-3}   : 13,801
producer-node-metrics:request-latency-avg:{client-id=producer-1, node-id=node-6}   : 17,015
producer-node-metrics:request-latency-max:{client-id=producer-1, node-id=node--3}  : NaN
producer-node-metrics:request-latency-max:{client-id=producer-1, node-id=node-1}   : 649,000
producer-node-metrics:request-latency-max:{client-id=producer-1, node-id=node-3}   : 644,000
producer-node-metrics:request-latency-max:{client-id=producer-1, node-id=node-6}   : 649,000
producer-node-metrics:request-rate:{client-id=producer-1, node-id=node--3}         : 0,000
producer-node-metrics:request-rate:{client-id=producer-1, node-id=node-1}          : 21,056
producer-node-metrics:request-rate:{client-id=producer-1, node-id=node-3}          : 20,908
producer-node-metrics:request-rate:{client-id=producer-1, node-id=node-6}          : 21,579
producer-node-metrics:request-size-avg:{client-id=producer-1, node-id=node--3}     : NaN
producer-node-metrics:request-size-avg:{client-id=producer-1, node-id=node-1}      : 1143,034
producer-node-metrics:request-size-avg:{client-id=producer-1, node-id=node-3}      : 1144,019
producer-node-metrics:request-size-avg:{client-id=producer-1, node-id=node-6}      : 1144,025
producer-node-metrics:request-size-max:{client-id=producer-1, node-id=node--3}     : NaN
producer-node-metrics:request-size-max:{client-id=producer-1, node-id=node-1}      : 1145,000
producer-node-metrics:request-size-max:{client-id=producer-1, node-id=node-3}      : 1145,000
producer-node-metrics:request-size-max:{client-id=producer-1, node-id=node-6}      : 1145,000
producer-node-metrics:request-total:{client-id=producer-1, node-id=node--3}        : 2,000
producer-node-metrics:request-total:{client-id=producer-1, node-id=node-1}         : 26576,000
producer-node-metrics:request-total:{client-id=producer-1, node-id=node-3}         : 26726,000
producer-node-metrics:request-total:{client-id=producer-1, node-id=node-6}         : 26801,000
producer-node-metrics:response-rate:{client-id=producer-1, node-id=node--3}        : 0,000
producer-node-metrics:response-rate:{client-id=producer-1, node-id=node-1}         : 21,102
producer-node-metrics:response-rate:{client-id=producer-1, node-id=node-3}         : 20,908
producer-node-metrics:response-rate:{client-id=producer-1, node-id=node-6}         : 21,475
producer-node-metrics:response-total:{client-id=producer-1, node-id=node--3}       : 2,000
producer-node-metrics:response-total:{client-id=producer-1, node-id=node-1}        : 26566,000
producer-node-metrics:response-total:{client-id=producer-1, node-id=node-3}        : 26715,000
producer-node-metrics:response-total:{client-id=producer-1, node-id=node-6}        : 26789,000
producer-topic-metrics:byte-rate:{client-id=producer-1, topic=test-topic}          : 68073,359
producer-topic-metrics:byte-total:{client-id=producer-1, topic=test-topic}         : 86024364,000
producer-topic-metrics:compression-rate:{client-id=producer-1, topic=test-topic}   : 1,000
producer-topic-metrics:record-error-rate:{client-id=producer-1, topic=test-topic}  : 0,000
producer-topic-metrics:record-error-total:{client-id=producer-1, topic=test-topic} : 0,000
producer-topic-metrics:record-retry-rate:{client-id=producer-1, topic=test-topic}  : 0,021
producer-topic-metrics:record-retry-total:{client-id=producer-1, topic=test-topic} : 33,000
producer-topic-metrics:record-send-rate:{client-id=producer-1, topic=test-topic}   : 63,325
producer-topic-metrics:record-send-total:{client-id=producer-1, topic=test-topic}  : 80033,000
Produce Time: 1290.415
Aplication time: 1291.088
*****Produção finalizada, esperando 180 s para buscar WM*****
Water mark: 1440000
