Topic to send: test-topic
Topic to acks: 1
Records: 80000
Size:1000
355 records sent, 70,6 records/sec (0,07 MB/sec), 14,1 ms avg latency, 235,0 ms max latency.
345 records sent, 67,7 records/sec (0,06 MB/sec), 14,7 ms avg latency, 641,0 ms max latency.
322 records sent, 60,8 records/sec (0,06 MB/sec), 16,4 ms avg latency, 1532,0 ms max latency.
413 records sent, 80,4 records/sec (0,08 MB/sec), 12,4 ms avg latency, 646,0 ms max latency.
345 records sent, 69,0 records/sec (0,07 MB/sec), 14,5 ms avg latency, 647,0 ms max latency.
303 records sent, 59,0 records/sec (0,06 MB/sec), 16,9 ms avg latency, 627,0 ms max latency.
357 records sent, 68,8 records/sec (0,07 MB/sec), 14,5 ms avg latency, 626,0 ms max latency.
345 records sent, 66,3 records/sec (0,06 MB/sec), 15,1 ms avg latency, 641,0 ms max latency.
277 records sent, 52,1 records/sec (0,05 MB/sec), 19,2 ms avg latency, 1501,0 ms max latency.
316 records sent, 61,6 records/sec (0,06 MB/sec), 16,2 ms avg latency, 629,0 ms max latency.
234 records sent, 46,3 records/sec (0,04 MB/sec), 21,6 ms avg latency, 645,0 ms max latency.
189 records sent, 37,5 records/sec (0,04 MB/sec), 26,7 ms avg latency, 1511,0 ms max latency.
396 records sent, 72,9 records/sec (0,07 MB/sec), 13,7 ms avg latency, 648,0 ms max latency.
272 records sent, 53,8 records/sec (0,05 MB/sec), 18,6 ms avg latency, 625,0 ms max latency.
311 records sent, 61,0 records/sec (0,06 MB/sec), 16,4 ms avg latency, 629,0 ms max latency.
316 records sent, 61,8 records/sec (0,06 MB/sec), 16,2 ms avg latency, 636,0 ms max latency.
308 records sent, 55,7 records/sec (0,05 MB/sec), 17,9 ms avg latency, 636,0 ms max latency.
224 records sent, 43,4 records/sec (0,04 MB/sec), 23,0 ms avg latency, 1525,0 ms max latency.
410 records sent, 78,8 records/sec (0,08 MB/sec), 12,7 ms avg latency, 209,0 ms max latency.
288 records sent, 57,1 records/sec (0,05 MB/sec), 17,5 ms avg latency, 209,0 ms max latency.
258 records sent, 51,2 records/sec (0,05 MB/sec), 19,5 ms avg latency, 209,0 ms max latency.
287 records sent, 56,6 records/sec (0,05 MB/sec), 17,7 ms avg latency, 635,0 ms max latency.
341 records sent, 66,2 records/sec (0,06 MB/sec), 15,1 ms avg latency, 643,0 ms max latency.
240 records sent, 47,5 records/sec (0,05 MB/sec), 21,0 ms avg latency, 645,0 ms max latency.
259 records sent, 51,2 records/sec (0,05 MB/sec), 19,5 ms avg latency, 634,0 ms max latency.
259 records sent, 51,3 records/sec (0,05 MB/sec), 19,5 ms avg latency, 641,0 ms max latency.
368 records sent, 71,1 records/sec (0,07 MB/sec), 14,1 ms avg latency, 639,0 ms max latency.
199 records sent, 35,5 records/sec (0,03 MB/sec), 28,1 ms avg latency, 642,0 ms max latency.
336 records sent, 65,4 records/sec (0,06 MB/sec), 15,3 ms avg latency, 639,0 ms max latency.
227 records sent, 45,4 records/sec (0,04 MB/sec), 22,0 ms avg latency, 637,0 ms max latency.
508 records sent, 99,3 records/sec (0,09 MB/sec), 10,1 ms avg latency, 648,0 ms max latency.
479 records sent, 94,8 records/sec (0,09 MB/sec), 10,5 ms avg latency, 212,0 ms max latency.
353 records sent, 68,5 records/sec (0,07 MB/sec), 14,6 ms avg latency, 645,0 ms max latency.
416 records sent, 80,3 records/sec (0,08 MB/sec), 12,4 ms avg latency, 209,0 ms max latency.
366 records sent, 71,4 records/sec (0,07 MB/sec), 14,0 ms avg latency, 210,0 ms max latency.
330 records sent, 64,2 records/sec (0,06 MB/sec), 15,6 ms avg latency, 647,0 ms max latency.
309 records sent, 60,9 records/sec (0,06 MB/sec), 16,4 ms avg latency, 619,0 ms max latency.
267 records sent, 52,9 records/sec (0,05 MB/sec), 18,9 ms avg latency, 628,0 ms max latency.
446 records sent, 88,9 records/sec (0,08 MB/sec), 11,2 ms avg latency, 637,0 ms max latency.
324 records sent, 63,6 records/sec (0,06 MB/sec), 15,7 ms avg latency, 619,0 ms max latency.
315 records sent, 61,6 records/sec (0,06 MB/sec), 16,2 ms avg latency, 636,0 ms max latency.
392 records sent, 75,4 records/sec (0,07 MB/sec), 13,3 ms avg latency, 642,0 ms max latency.
261 records sent, 51,7 records/sec (0,05 MB/sec), 19,3 ms avg latency, 642,0 ms max latency.
333 records sent, 65,0 records/sec (0,06 MB/sec), 15,4 ms avg latency, 644,0 ms max latency.
241 records sent, 47,5 records/sec (0,05 MB/sec), 21,0 ms avg latency, 649,0 ms max latency.
353 records sent, 68,7 records/sec (0,07 MB/sec), 14,5 ms avg latency, 627,0 ms max latency.
200 records sent, 38,4 records/sec (0,04 MB/sec), 26,0 ms avg latency, 649,0 ms max latency.
252 records sent, 49,9 records/sec (0,05 MB/sec), 20,0 ms avg latency, 638,0 ms max latency.
311 records sent, 61,0 records/sec (0,06 MB/sec), 16,4 ms avg latency, 642,0 ms max latency.
322 records sent, 63,4 records/sec (0,06 MB/sec), 15,8 ms avg latency, 208,0 ms max latency.
261 records sent, 51,6 records/sec (0,05 MB/sec), 19,4 ms avg latency, 640,0 ms max latency.
361 records sent, 70,2 records/sec (0,07 MB/sec), 14,2 ms avg latency, 621,0 ms max latency.
312 records sent, 61,1 records/sec (0,06 MB/sec), 16,3 ms avg latency, 638,0 ms max latency.
238 records sent, 44,0 records/sec (0,04 MB/sec), 22,7 ms avg latency, 622,0 ms max latency.
324 records sent, 62,7 records/sec (0,06 MB/sec), 15,9 ms avg latency, 1513,0 ms max latency.
459 records sent, 91,8 records/sec (0,09 MB/sec), 10,9 ms avg latency, 209,0 ms max latency.
343 records sent, 67,2 records/sec (0,06 MB/sec), 14,9 ms avg latency, 633,0 ms max latency.
403 records sent, 77,4 records/sec (0,07 MB/sec), 12,9 ms avg latency, 641,0 ms max latency.
264 records sent, 52,0 records/sec (0,05 MB/sec), 19,2 ms avg latency, 648,0 ms max latency.
300 records sent, 58,9 records/sec (0,06 MB/sec), 17,0 ms avg latency, 209,0 ms max latency.
220 records sent, 43,7 records/sec (0,04 MB/sec), 22,9 ms avg latency, 1514,0 ms max latency.
398 records sent, 79,6 records/sec (0,08 MB/sec), 12,6 ms avg latency, 646,0 ms max latency.
197 records sent, 38,6 records/sec (0,04 MB/sec), 25,9 ms avg latency, 1737,0 ms max latency.
389 records sent, 75,2 records/sec (0,07 MB/sec), 13,3 ms avg latency, 626,0 ms max latency.
229 records sent, 45,5 records/sec (0,04 MB/sec), 22,0 ms avg latency, 649,0 ms max latency.
363 records sent, 67,5 records/sec (0,06 MB/sec), 14,8 ms avg latency, 645,0 ms max latency.
341 records sent, 66,9 records/sec (0,06 MB/sec), 14,9 ms avg latency, 209,0 ms max latency.
368 records sent, 71,4 records/sec (0,07 MB/sec), 14,0 ms avg latency, 621,0 ms max latency.
243 records sent, 47,8 records/sec (0,05 MB/sec), 20,9 ms avg latency, 1517,0 ms max latency.
266 records sent, 52,9 records/sec (0,05 MB/sec), 18,9 ms avg latency, 209,0 ms max latency.
319 records sent, 62,8 records/sec (0,06 MB/sec), 15,9 ms avg latency, 625,0 ms max latency.
247 records sent, 49,1 records/sec (0,05 MB/sec), 20,3 ms avg latency, 648,0 ms max latency.
335 records sent, 65,4 records/sec (0,06 MB/sec), 15,3 ms avg latency, 649,0 ms max latency.
319 records sent, 62,3 records/sec (0,06 MB/sec), 16,0 ms avg latency, 647,0 ms max latency.
186 records sent, 37,1 records/sec (0,04 MB/sec), 27,0 ms avg latency, 647,0 ms max latency.
453 records sent, 90,6 records/sec (0,09 MB/sec), 11,0 ms avg latency, 209,0 ms max latency.
364 records sent, 70,8 records/sec (0,07 MB/sec), 14,1 ms avg latency, 637,0 ms max latency.
313 records sent, 61,5 records/sec (0,06 MB/sec), 16,2 ms avg latency, 640,0 ms max latency.
309 records sent, 60,6 records/sec (0,06 MB/sec), 16,5 ms avg latency, 645,0 ms max latency.
365 records sent, 65,6 records/sec (0,06 MB/sec), 15,2 ms avg latency, 644,0 ms max latency.
362 records sent, 70,2 records/sec (0,07 MB/sec), 14,2 ms avg latency, 644,0 ms max latency.
456 records sent, 91,0 records/sec (0,09 MB/sec), 11,0 ms avg latency, 209,0 ms max latency.
420 records sent, 81,0 records/sec (0,08 MB/sec), 12,3 ms avg latency, 637,0 ms max latency.
402 records sent, 77,7 records/sec (0,07 MB/sec), 12,9 ms avg latency, 645,0 ms max latency.
445 records sent, 85,6 records/sec (0,08 MB/sec), 11,7 ms avg latency, 209,0 ms max latency.
199 records sent, 39,8 records/sec (0,04 MB/sec), 25,1 ms avg latency, 644,0 ms max latency.
256 records sent, 50,9 records/sec (0,05 MB/sec), 19,6 ms avg latency, 638,0 ms max latency.
268 records sent, 50,8 records/sec (0,05 MB/sec), 19,7 ms avg latency, 634,0 ms max latency.
409 records sent, 78,2 records/sec (0,07 MB/sec), 12,8 ms avg latency, 1511,0 ms max latency.
421 records sent, 81,4 records/sec (0,08 MB/sec), 12,3 ms avg latency, 209,0 ms max latency.
383 records sent, 74,5 records/sec (0,07 MB/sec), 13,4 ms avg latency, 640,0 ms max latency.
248 records sent, 49,6 records/sec (0,05 MB/sec), 20,2 ms avg latency, 209,0 ms max latency.
371 records sent, 72,3 records/sec (0,07 MB/sec), 13,8 ms avg latency, 635,0 ms max latency.
398 records sent, 73,9 records/sec (0,07 MB/sec), 13,5 ms avg latency, 643,0 ms max latency.
307 records sent, 60,5 records/sec (0,06 MB/sec), 16,5 ms avg latency, 645,0 ms max latency.
231 records sent, 44,5 records/sec (0,04 MB/sec), 22,5 ms avg latency, 627,0 ms max latency.
341 records sent, 66,9 records/sec (0,06 MB/sec), 14,9 ms avg latency, 209,0 ms max latency.
354 records sent, 69,4 records/sec (0,07 MB/sec), 14,4 ms avg latency, 209,0 ms max latency.
263 records sent, 52,1 records/sec (0,05 MB/sec), 19,2 ms avg latency, 646,0 ms max latency.
241 records sent, 48,1 records/sec (0,05 MB/sec), 20,8 ms avg latency, 641,0 ms max latency.
356 records sent, 66,3 records/sec (0,06 MB/sec), 15,1 ms avg latency, 647,0 ms max latency.
297 records sent, 58,7 records/sec (0,06 MB/sec), 17,0 ms avg latency, 634,0 ms max latency.
266 records sent, 48,7 records/sec (0,05 MB/sec), 20,5 ms avg latency, 632,0 ms max latency.
256 records sent, 50,7 records/sec (0,05 MB/sec), 19,7 ms avg latency, 642,0 ms max latency.
434 records sent, 83,5 records/sec (0,08 MB/sec), 12,0 ms avg latency, 213,0 ms max latency.
336 records sent, 65,6 records/sec (0,06 MB/sec), 15,2 ms avg latency, 648,0 ms max latency.
462 records sent, 92,0 records/sec (0,09 MB/sec), 10,9 ms avg latency, 631,0 ms max latency.
270 records sent, 51,3 records/sec (0,05 MB/sec), 19,5 ms avg latency, 634,0 ms max latency.
356 records sent, 69,5 records/sec (0,07 MB/sec), 14,4 ms avg latency, 630,0 ms max latency.
232 records sent, 46,3 records/sec (0,04 MB/sec), 21,6 ms avg latency, 645,0 ms max latency.
373 records sent, 72,8 records/sec (0,07 MB/sec), 13,7 ms avg latency, 209,0 ms max latency.
373 records sent, 72,5 records/sec (0,07 MB/sec), 13,8 ms avg latency, 639,0 ms max latency.
276 records sent, 50,7 records/sec (0,05 MB/sec), 19,7 ms avg latency, 622,0 ms max latency.
245 records sent, 48,6 records/sec (0,05 MB/sec), 20,5 ms avg latency, 647,0 ms max latency.
372 records sent, 72,6 records/sec (0,07 MB/sec), 13,8 ms avg latency, 635,0 ms max latency.
398 records sent, 77,0 records/sec (0,07 MB/sec), 13,0 ms avg latency, 209,0 ms max latency.
332 records sent, 64,9 records/sec (0,06 MB/sec), 15,4 ms avg latency, 647,0 ms max latency.
246 records sent, 49,2 records/sec (0,05 MB/sec), 20,3 ms avg latency, 209,0 ms max latency.
244 records sent, 46,9 records/sec (0,04 MB/sec), 21,3 ms avg latency, 209,0 ms max latency.
267 records sent, 53,0 records/sec (0,05 MB/sec), 18,9 ms avg latency, 644,0 ms max latency.
320 records sent, 63,0 records/sec (0,06 MB/sec), 15,9 ms avg latency, 619,0 ms max latency.
404 records sent, 78,1 records/sec (0,07 MB/sec), 12,8 ms avg latency, 633,0 ms max latency.
158 records sent, 30,7 records/sec (0,03 MB/sec), 32,6 ms avg latency, 645,0 ms max latency.
212 records sent, 42,4 records/sec (0,04 MB/sec), 23,6 ms avg latency, 645,0 ms max latency.
425 records sent, 82,2 records/sec (0,08 MB/sec), 12,2 ms avg latency, 209,0 ms max latency.
484 records sent, 95,7 records/sec (0,09 MB/sec), 10,4 ms avg latency, 209,0 ms max latency.
317 records sent, 62,3 records/sec (0,06 MB/sec), 16,0 ms avg latency, 637,0 ms max latency.
276 records sent, 54,4 records/sec (0,05 MB/sec), 18,4 ms avg latency, 644,0 ms max latency.
256 records sent, 50,8 records/sec (0,05 MB/sec), 19,7 ms avg latency, 633,0 ms max latency.
512 records sent, 100,8 records/sec (0,10 MB/sec), 9,9 ms avg latency, 632,0 ms max latency.
356 records sent, 69,8 records/sec (0,07 MB/sec), 14,3 ms avg latency, 209,0 ms max latency.
389 records sent, 75,4 records/sec (0,07 MB/sec), 13,2 ms avg latency, 209,0 ms max latency.
334 records sent, 65,5 records/sec (0,06 MB/sec), 15,3 ms avg latency, 625,0 ms max latency.
263 records sent, 52,5 records/sec (0,05 MB/sec), 19,0 ms avg latency, 623,0 ms max latency.
298 records sent, 58,6 records/sec (0,06 MB/sec), 17,0 ms avg latency, 649,0 ms max latency.
302 records sent, 59,7 records/sec (0,06 MB/sec), 16,7 ms avg latency, 209,0 ms max latency.
335 records sent, 65,8 records/sec (0,06 MB/sec), 15,2 ms avg latency, 209,0 ms max latency.
406 records sent, 81,1 records/sec (0,08 MB/sec), 12,3 ms avg latency, 1507,0 ms max latency.
389 records sent, 75,2 records/sec (0,07 MB/sec), 13,3 ms avg latency, 635,0 ms max latency.
390 records sent, 78,0 records/sec (0,07 MB/sec), 12,8 ms avg latency, 644,0 ms max latency.
324 records sent, 63,7 records/sec (0,06 MB/sec), 15,7 ms avg latency, 628,0 ms max latency.
349 records sent, 68,1 records/sec (0,06 MB/sec), 14,7 ms avg latency, 622,0 ms max latency.
196 records sent, 37,7 records/sec (0,04 MB/sec), 26,5 ms avg latency, 644,0 ms max latency.
279 records sent, 55,2 records/sec (0,05 MB/sec), 18,1 ms avg latency, 633,0 ms max latency.
198 records sent, 38,1 records/sec (0,04 MB/sec), 26,2 ms avg latency, 641,0 ms max latency.
221 records sent, 44,1 records/sec (0,04 MB/sec), 22,7 ms avg latency, 646,0 ms max latency.
240 records sent, 48,0 records/sec (0,05 MB/sec), 20,8 ms avg latency, 629,0 ms max latency.
361 records sent, 70,7 records/sec (0,07 MB/sec), 14,1 ms avg latency, 209,0 ms max latency.
378 records sent, 73,6 records/sec (0,07 MB/sec), 13,6 ms avg latency, 209,0 ms max latency.
288 records sent, 57,0 records/sec (0,05 MB/sec), 17,5 ms avg latency, 628,0 ms max latency.
387 records sent, 75,2 records/sec (0,07 MB/sec), 13,3 ms avg latency, 625,0 ms max latency.
444 records sent, 85,3 records/sec (0,08 MB/sec), 11,7 ms avg latency, 627,0 ms max latency.
312 records sent, 61,0 records/sec (0,06 MB/sec), 16,4 ms avg latency, 643,0 ms max latency.
184 records sent, 34,0 records/sec (0,03 MB/sec), 29,4 ms avg latency, 648,0 ms max latency.
261 records sent, 49,1 records/sec (0,05 MB/sec), 20,3 ms avg latency, 1504,0 ms max latency.
317 records sent, 62,5 records/sec (0,06 MB/sec), 16,0 ms avg latency, 209,0 ms max latency.
262 records sent, 51,8 records/sec (0,05 MB/sec), 19,3 ms avg latency, 643,0 ms max latency.
310 records sent, 61,1 records/sec (0,06 MB/sec), 16,3 ms avg latency, 209,0 ms max latency.
510 records sent, 100,3 records/sec (0,10 MB/sec), 10,0 ms avg latency, 647,0 ms max latency.
349 records sent, 68,3 records/sec (0,07 MB/sec), 14,6 ms avg latency, 621,0 ms max latency.
244 records sent, 48,4 records/sec (0,05 MB/sec), 20,7 ms avg latency, 646,0 ms max latency.
420 records sent, 74,7 records/sec (0,07 MB/sec), 13,4 ms avg latency, 639,0 ms max latency.
216 records sent, 43,2 records/sec (0,04 MB/sec), 23,1 ms avg latency, 636,0 ms max latency.
306 records sent, 60,1 records/sec (0,06 MB/sec), 16,6 ms avg latency, 638,0 ms max latency.
403 records sent, 77,7 records/sec (0,07 MB/sec), 12,9 ms avg latency, 644,0 ms max latency.
377 records sent, 67,9 records/sec (0,06 MB/sec), 14,7 ms avg latency, 620,0 ms max latency.
299 records sent, 59,1 records/sec (0,06 MB/sec), 16,9 ms avg latency, 620,0 ms max latency.
270 records sent, 53,7 records/sec (0,05 MB/sec), 18,6 ms avg latency, 628,0 ms max latency.
333 records sent, 65,3 records/sec (0,06 MB/sec), 15,3 ms avg latency, 630,0 ms max latency.
248 records sent, 49,6 records/sec (0,05 MB/sec), 20,1 ms avg latency, 620,0 ms max latency.
259 records sent, 51,2 records/sec (0,05 MB/sec), 19,5 ms avg latency, 643,0 ms max latency.
396 records sent, 76,9 records/sec (0,07 MB/sec), 13,0 ms avg latency, 209,0 ms max latency.
192 records sent, 37,0 records/sec (0,04 MB/sec), 27,0 ms avg latency, 644,0 ms max latency.
365 records sent, 71,2 records/sec (0,07 MB/sec), 14,0 ms avg latency, 209,0 ms max latency.
370 records sent, 72,0 records/sec (0,07 MB/sec), 13,9 ms avg latency, 209,0 ms max latency.
463 records sent, 85,1 records/sec (0,08 MB/sec), 11,7 ms avg latency, 624,0 ms max latency.
352 records sent, 65,5 records/sec (0,06 MB/sec), 15,3 ms avg latency, 649,0 ms max latency.
249 records sent, 49,4 records/sec (0,05 MB/sec), 20,2 ms avg latency, 632,0 ms max latency.
290 records sent, 57,2 records/sec (0,05 MB/sec), 17,5 ms avg latency, 628,0 ms max latency.
329 records sent, 64,2 records/sec (0,06 MB/sec), 15,6 ms avg latency, 635,0 ms max latency.
209 records sent, 39,8 records/sec (0,04 MB/sec), 25,1 ms avg latency, 1511,0 ms max latency.
254 records sent, 50,6 records/sec (0,05 MB/sec), 19,7 ms avg latency, 209,0 ms max latency.
417 records sent, 80,4 records/sec (0,08 MB/sec), 12,4 ms avg latency, 619,0 ms max latency.
171 records sent, 33,4 records/sec (0,03 MB/sec), 30,0 ms avg latency, 622,0 ms max latency.
287 records sent, 56,9 records/sec (0,05 MB/sec), 17,5 ms avg latency, 624,0 ms max latency.
301 records sent, 54,8 records/sec (0,05 MB/sec), 18,2 ms avg latency, 631,0 ms max latency.
466 records sent, 92,5 records/sec (0,09 MB/sec), 10,8 ms avg latency, 621,0 ms max latency.
311 records sent, 61,0 records/sec (0,06 MB/sec), 16,4 ms avg latency, 637,0 ms max latency.
445 records sent, 85,6 records/sec (0,08 MB/sec), 11,7 ms avg latency, 209,0 ms max latency.
297 records sent, 53,3 records/sec (0,05 MB/sec), 18,7 ms avg latency, 1528,0 ms max latency.
428 records sent, 82,5 records/sec (0,08 MB/sec), 12,1 ms avg latency, 209,0 ms max latency.
398 records sent, 77,1 records/sec (0,07 MB/sec), 12,9 ms avg latency, 209,0 ms max latency.
355 records sent, 69,2 records/sec (0,07 MB/sec), 14,4 ms avg latency, 220,0 ms max latency.
275 records sent, 54,4 records/sec (0,05 MB/sec), 18,4 ms avg latency, 629,0 ms max latency.
295 records sent, 58,3 records/sec (0,06 MB/sec), 17,1 ms avg latency, 622,0 ms max latency.
216 records sent, 41,7 records/sec (0,04 MB/sec), 24,0 ms avg latency, 627,0 ms max latency.
334 records sent, 65,3 records/sec (0,06 MB/sec), 15,3 ms avg latency, 641,0 ms max latency.
250 records sent, 49,6 records/sec (0,05 MB/sec), 20,1 ms avg latency, 643,0 ms max latency.
282 records sent, 55,5 records/sec (0,05 MB/sec), 18,0 ms avg latency, 648,0 ms max latency.
239 records sent, 47,6 records/sec (0,05 MB/sec), 21,0 ms avg latency, 643,0 ms max latency.
388 records sent, 75,1 records/sec (0,07 MB/sec), 13,3 ms avg latency, 209,0 ms max latency.
431 records sent, 83,3 records/sec (0,08 MB/sec), 12,0 ms avg latency, 209,0 ms max latency.
223 records sent, 44,4 records/sec (0,04 MB/sec), 22,5 ms avg latency, 647,0 ms max latency.
341 records sent, 63,9 records/sec (0,06 MB/sec), 15,6 ms avg latency, 637,0 ms max latency.
347 records sent, 67,1 records/sec (0,06 MB/sec), 14,9 ms avg latency, 646,0 ms max latency.
318 records sent, 61,9 records/sec (0,06 MB/sec), 16,2 ms avg latency, 648,0 ms max latency.
475 records sent, 93,8 records/sec (0,09 MB/sec), 10,7 ms avg latency, 639,0 ms max latency.
316 records sent, 61,8 records/sec (0,06 MB/sec), 16,2 ms avg latency, 646,0 ms max latency.
360 records sent, 70,0 records/sec (0,07 MB/sec), 14,3 ms avg latency, 634,0 ms max latency.
275 records sent, 54,5 records/sec (0,05 MB/sec), 18,3 ms avg latency, 638,0 ms max latency.
260 records sent, 51,6 records/sec (0,05 MB/sec), 19,4 ms avg latency, 647,0 ms max latency.
413 records sent, 76,6 records/sec (0,07 MB/sec), 13,1 ms avg latency, 631,0 ms max latency.
283 records sent, 56,0 records/sec (0,05 MB/sec), 17,8 ms avg latency, 618,0 ms max latency.
223 records sent, 44,6 records/sec (0,04 MB/sec), 22,4 ms avg latency, 644,0 ms max latency.
364 records sent, 70,7 records/sec (0,07 MB/sec), 14,1 ms avg latency, 642,0 ms max latency.
273 records sent, 53,6 records/sec (0,05 MB/sec), 18,6 ms avg latency, 1496,0 ms max latency.
243 records sent, 48,2 records/sec (0,05 MB/sec), 20,7 ms avg latency, 641,0 ms max latency.
413 records sent, 82,6 records/sec (0,08 MB/sec), 12,1 ms avg latency, 647,0 ms max latency.
200 records sent, 35,7 records/sec (0,03 MB/sec), 28,0 ms avg latency, 630,0 ms max latency.
341 records sent, 66,7 records/sec (0,06 MB/sec), 15,0 ms avg latency, 209,0 ms max latency.
230 records sent, 46,0 records/sec (0,04 MB/sec), 21,7 ms avg latency, 634,0 ms max latency.
255 records sent, 50,5 records/sec (0,05 MB/sec), 19,8 ms avg latency, 636,0 ms max latency.
253 records sent, 50,2 records/sec (0,05 MB/sec), 19,9 ms avg latency, 645,0 ms max latency.
318 records sent, 62,6 records/sec (0,06 MB/sec), 16,0 ms avg latency, 632,0 ms max latency.
398 records sent, 77,3 records/sec (0,07 MB/sec), 12,9 ms avg latency, 209,0 ms max latency.
289 records sent, 57,2 records/sec (0,05 MB/sec), 17,5 ms avg latency, 626,0 ms max latency.
416 records sent, 80,1 records/sec (0,08 MB/sec), 12,5 ms avg latency, 209,0 ms max latency.
444 records sent, 85,3 records/sec (0,08 MB/sec), 11,7 ms avg latency, 209,0 ms max latency.
239 records sent, 47,6 records/sec (0,05 MB/sec), 21,0 ms avg latency, 649,0 ms max latency.
289 records sent, 56,8 records/sec (0,05 MB/sec), 17,6 ms avg latency, 635,0 ms max latency.
432 records sent, 86,4 records/sec (0,08 MB/sec), 11,6 ms avg latency, 209,0 ms max latency.
302 records sent, 55,9 records/sec (0,05 MB/sec), 17,9 ms avg latency, 1529,0 ms max latency.
267 records sent, 53,0 records/sec (0,05 MB/sec), 18,9 ms avg latency, 632,0 ms max latency.
246 records sent, 48,9 records/sec (0,05 MB/sec), 20,4 ms avg latency, 634,0 ms max latency.
226 records sent, 45,1 records/sec (0,04 MB/sec), 22,2 ms avg latency, 644,0 ms max latency.
233 records sent, 44,8 records/sec (0,04 MB/sec), 22,3 ms avg latency, 213,0 ms max latency.
343 records sent, 67,1 records/sec (0,06 MB/sec), 14,9 ms avg latency, 209,0 ms max latency.
352 records sent, 68,6 records/sec (0,07 MB/sec), 14,6 ms avg latency, 632,0 ms max latency.
389 records sent, 69,3 records/sec (0,07 MB/sec), 14,4 ms avg latency, 644,0 ms max latency.
264 records sent, 52,3 records/sec (0,05 MB/sec), 19,1 ms avg latency, 649,0 ms max latency.
336 records sent, 65,5 records/sec (0,06 MB/sec), 15,2 ms avg latency, 648,0 ms max latency.
242 records sent, 46,6 records/sec (0,04 MB/sec), 21,5 ms avg latency, 620,0 ms max latency.
373 records sent, 72,5 records/sec (0,07 MB/sec), 13,8 ms avg latency, 631,0 ms max latency.
442 records sent, 88,4 records/sec (0,08 MB/sec), 11,3 ms avg latency, 639,0 ms max latency.
285 records sent, 54,2 records/sec (0,05 MB/sec), 18,5 ms avg latency, 626,0 ms max latency.
203 records sent, 40,5 records/sec (0,04 MB/sec), 24,7 ms avg latency, 644,0 ms max latency.
360 records sent, 70,1 records/sec (0,07 MB/sec), 14,3 ms avg latency, 646,0 ms max latency.
233 records sent, 46,5 records/sec (0,04 MB/sec), 21,5 ms avg latency, 635,0 ms max latency.
232 records sent, 46,2 records/sec (0,04 MB/sec), 21,7 ms avg latency, 644,0 ms max latency.
326 records sent, 64,1 records/sec (0,06 MB/sec), 15,6 ms avg latency, 619,0 ms max latency.
80000 records sent, 62,244409 records/sec (0,06 MB/sec), 16,05 ms avg latency, 1737,00 ms max latency, 1 ms 50th, 206 ms 95th, 209 ms 99th, 644 ms 99.9th.

Metric Name                                                                          Value
app-info:commit-id:{client-id=producer-1}                                          : d4284cbebb6f0a4c
app-info:start-time-ms:{client-id=producer-1}                                      : 1592768881263
app-info:version:{client-id=producer-1}                                            : 2.3.1
kafka-metrics-count:count:{client-id=producer-1}                                   : 126,000
producer-metrics:batch-size-avg:{client-id=producer-1}                             : 1075,000
producer-metrics:batch-size-max:{client-id=producer-1}                             : 1075,000
producer-metrics:batch-split-rate:{client-id=producer-1}                           : 0,000
producer-metrics:batch-split-total:{client-id=producer-1}                          : 0,000
producer-metrics:buffer-available-bytes:{client-id=producer-1}                     : 33554432,000
producer-metrics:buffer-exhausted-rate:{client-id=producer-1}                      : 0,000
producer-metrics:buffer-exhausted-total:{client-id=producer-1}                     : 0,000
producer-metrics:buffer-total-bytes:{client-id=producer-1}                         : 33554432,000
producer-metrics:bufferpool-wait-ratio:{client-id=producer-1}                      : 0,000
producer-metrics:bufferpool-wait-time-total:{client-id=producer-1}                 : 0,000
producer-metrics:compression-rate-avg:{client-id=producer-1}                       : 1,000
producer-metrics:connection-close-rate:{client-id=producer-1}                      : 0,000
producer-metrics:connection-close-total:{client-id=producer-1}                     : 18,000
producer-metrics:connection-count:{client-id=producer-1}                           : 3,000
producer-metrics:connection-creation-rate:{client-id=producer-1}                   : 0,000
producer-metrics:connection-creation-total:{client-id=producer-1}                  : 21,000
producer-metrics:failed-authentication-rate:{client-id=producer-1}                 : 0,000
producer-metrics:failed-authentication-total:{client-id=producer-1}                : 0,000
producer-metrics:failed-reauthentication-rate:{client-id=producer-1}               : 0,000
producer-metrics:failed-reauthentication-total:{client-id=producer-1}              : 0,000
producer-metrics:incoming-byte-rate:{client-id=producer-1}                         : 3803,272
producer-metrics:incoming-byte-total:{client-id=producer-1}                        : 4971589,000
producer-metrics:io-ratio:{client-id=producer-1}                                   : 0,002
producer-metrics:io-time-ns-avg:{client-id=producer-1}                             : 12338,655
producer-metrics:io-wait-ratio:{client-id=producer-1}                              : 0,998
producer-metrics:io-wait-time-ns-avg:{client-id=producer-1}                        : 5424337,811
producer-metrics:io-waittime-total:{client-id=producer-1}                          : 1276277138147,000
producer-metrics:iotime-total:{client-id=producer-1}                               : 3273709803,000
producer-metrics:metadata-age:{client-id=producer-1}                               : 94,310
producer-metrics:network-io-rate:{client-id=producer-1}                            : 122,664
producer-metrics:network-io-total:{client-id=producer-1}                           : 160097,000
producer-metrics:outgoing-byte-rate:{client-id=producer-1}                         : 70219,252
producer-metrics:outgoing-byte-total:{client-id=producer-1}                        : 91609671,000
producer-metrics:produce-throttle-time-avg:{client-id=producer-1}                  : 0,000
producer-metrics:produce-throttle-time-max:{client-id=producer-1}                  : 0,000
producer-metrics:reauthentication-latency-avg:{client-id=producer-1}               : NaN
producer-metrics:reauthentication-latency-max:{client-id=producer-1}               : NaN
producer-metrics:record-error-rate:{client-id=producer-1}                          : 0,000
producer-metrics:record-error-total:{client-id=producer-1}                         : 0,000
producer-metrics:record-queue-time-avg:{client-id=producer-1}                      : 0,014
producer-metrics:record-queue-time-max:{client-id=producer-1}                      : 1,000
producer-metrics:record-retry-rate:{client-id=producer-1}                          : 0,000
producer-metrics:record-retry-total:{client-id=producer-1}                         : 17,000
producer-metrics:record-send-rate:{client-id=producer-1}                           : 61,323
producer-metrics:record-send-total:{client-id=producer-1}                          : 80017,000
producer-metrics:record-size-avg:{client-id=producer-1}                            : 1091,000
producer-metrics:record-size-max:{client-id=producer-1}                            : 1091,000
producer-metrics:records-per-request-avg:{client-id=producer-1}                    : 1,000
producer-metrics:request-latency-avg:{client-id=producer-1}                        : 16,319
producer-metrics:request-latency-max:{client-id=producer-1}                        : 646,000
producer-metrics:request-rate:{client-id=producer-1}                               : 61,323
producer-metrics:request-size-avg:{client-id=producer-1}                           : 1145,000
producer-metrics:request-size-max:{client-id=producer-1}                           : 1145,000
producer-metrics:request-total:{client-id=producer-1}                              : 80057,000
producer-metrics:requests-in-flight:{client-id=producer-1}                         : 0,000
producer-metrics:response-rate:{client-id=producer-1}                              : 61,343
producer-metrics:response-total:{client-id=producer-1}                             : 80040,000
producer-metrics:select-rate:{client-id=producer-1}                                : 183,910
producer-metrics:select-total:{client-id=producer-1}                               : 240013,000
producer-metrics:successful-authentication-no-reauth-total:{client-id=producer-1}  : 0,000
producer-metrics:successful-authentication-rate:{client-id=producer-1}             : 0,000
producer-metrics:successful-authentication-total:{client-id=producer-1}            : 0,000
producer-metrics:successful-reauthentication-rate:{client-id=producer-1}           : 0,000
producer-metrics:successful-reauthentication-total:{client-id=producer-1}          : 0,000
producer-metrics:waiting-threads:{client-id=producer-1}                            : 0,000
producer-node-metrics:incoming-byte-rate:{client-id=producer-1, node-id=node--2}   : 0,000
producer-node-metrics:incoming-byte-rate:{client-id=producer-1, node-id=node-1}    : 1194,024
producer-node-metrics:incoming-byte-rate:{client-id=producer-1, node-id=node-3}    : 1256,235
producer-node-metrics:incoming-byte-rate:{client-id=producer-1, node-id=node-6}    : 1234,542
producer-node-metrics:incoming-byte-total:{client-id=producer-1, node-id=node--2}  : 579,000
producer-node-metrics:incoming-byte-total:{client-id=producer-1, node-id=node-1}   : 1649344,000
producer-node-metrics:incoming-byte-total:{client-id=producer-1, node-id=node-3}   : 1658557,000
producer-node-metrics:incoming-byte-total:{client-id=producer-1, node-id=node-6}   : 1663109,000
producer-node-metrics:outgoing-byte-rate:{client-id=producer-1, node-id=node--2}   : 0,000
producer-node-metrics:outgoing-byte-rate:{client-id=producer-1, node-id=node-1}    : 22234,202
producer-node-metrics:outgoing-byte-rate:{client-id=producer-1, node-id=node-3}    : 23177,765
producer-node-metrics:outgoing-byte-rate:{client-id=producer-1, node-id=node-6}    : 22700,735
producer-node-metrics:outgoing-byte-total:{client-id=producer-1, node-id=node--2}  : 67,000
producer-node-metrics:outgoing-byte-total:{client-id=producer-1, node-id=node-1}   : 30399951,000
producer-node-metrics:outgoing-byte-total:{client-id=producer-1, node-id=node-3}   : 30564774,000
producer-node-metrics:outgoing-byte-total:{client-id=producer-1, node-id=node-6}   : 30644879,000
producer-node-metrics:request-latency-avg:{client-id=producer-1, node-id=node--2}  : NaN
producer-node-metrics:request-latency-avg:{client-id=producer-1, node-id=node-1}   : 13,769
producer-node-metrics:request-latency-avg:{client-id=producer-1, node-id=node-3}   : 18,541
producer-node-metrics:request-latency-avg:{client-id=producer-1, node-id=node-6}   : 18,032
producer-node-metrics:request-latency-max:{client-id=producer-1, node-id=node--2}  : NaN
producer-node-metrics:request-latency-max:{client-id=producer-1, node-id=node-1}   : 635,000
producer-node-metrics:request-latency-max:{client-id=producer-1, node-id=node-3}   : 644,000
producer-node-metrics:request-latency-max:{client-id=producer-1, node-id=node-6}   : 646,000
producer-node-metrics:request-rate:{client-id=producer-1, node-id=node--2}         : 0,000
producer-node-metrics:request-rate:{client-id=producer-1, node-id=node-1}          : 19,418
producer-node-metrics:request-rate:{client-id=producer-1, node-id=node-3}          : 20,242
producer-node-metrics:request-rate:{client-id=producer-1, node-id=node-6}          : 19,825
producer-node-metrics:request-size-avg:{client-id=producer-1, node-id=node--2}     : NaN
producer-node-metrics:request-size-avg:{client-id=producer-1, node-id=node-1}      : 1145,000
producer-node-metrics:request-size-avg:{client-id=producer-1, node-id=node-3}      : 1145,000
producer-node-metrics:request-size-avg:{client-id=producer-1, node-id=node-6}      : 1145,000
producer-node-metrics:request-size-max:{client-id=producer-1, node-id=node--2}     : NaN
producer-node-metrics:request-size-max:{client-id=producer-1, node-id=node-1}      : 1145,000
producer-node-metrics:request-size-max:{client-id=producer-1, node-id=node-3}      : 1145,000
producer-node-metrics:request-size-max:{client-id=producer-1, node-id=node-6}      : 1145,000
producer-node-metrics:request-total:{client-id=producer-1, node-id=node--2}        : 2,000
producer-node-metrics:request-total:{client-id=producer-1, node-id=node-1}         : 26565,000
producer-node-metrics:request-total:{client-id=producer-1, node-id=node-3}         : 26710,000
producer-node-metrics:request-total:{client-id=producer-1, node-id=node-6}         : 26780,000
producer-node-metrics:response-rate:{client-id=producer-1, node-id=node--2}        : 0,000
producer-node-metrics:response-rate:{client-id=producer-1, node-id=node-1}         : 19,258
producer-node-metrics:response-rate:{client-id=producer-1, node-id=node-3}         : 20,262
producer-node-metrics:response-rate:{client-id=producer-1, node-id=node-6}         : 19,912
producer-node-metrics:response-total:{client-id=producer-1, node-id=node--2}       : 2,000
producer-node-metrics:response-total:{client-id=producer-1, node-id=node-1}        : 26558,000
producer-node-metrics:response-total:{client-id=producer-1, node-id=node-3}        : 26703,000
producer-node-metrics:response-total:{client-id=producer-1, node-id=node-6}        : 26777,000
producer-topic-metrics:byte-rate:{client-id=producer-1, topic=test-topic}          : 65922,435
producer-topic-metrics:byte-total:{client-id=producer-1, topic=test-topic}         : 86007160,000
producer-topic-metrics:compression-rate:{client-id=producer-1, topic=test-topic}   : 1,000
producer-topic-metrics:record-error-rate:{client-id=producer-1, topic=test-topic}  : 0,000
producer-topic-metrics:record-error-total:{client-id=producer-1, topic=test-topic} : 0,000
producer-topic-metrics:record-retry-rate:{client-id=producer-1, topic=test-topic}  : 0,000
producer-topic-metrics:record-retry-total:{client-id=producer-1, topic=test-topic} : 17,000
producer-topic-metrics:record-send-rate:{client-id=producer-1, topic=test-topic}   : 61,323
producer-topic-metrics:record-send-total:{client-id=producer-1, topic=test-topic}  : 80017,000
Produce Time: 1285.255
Aplication time: 1285.929
*****Produção finalizada, esperando 180 s para buscar WM*****
Water mark: 1360000
