Topic to send: test-topic
Topic to acks: 1
Records: 80000
Size:1000
184 records sent, 35,5 records/sec (0,03 MB/sec), 28,1 ms avg latency, 642,0 ms max latency.
342 records sent, 66,4 records/sec (0,06 MB/sec), 15,0 ms avg latency, 647,0 ms max latency.
406 records sent, 78,0 records/sec (0,07 MB/sec), 12,8 ms avg latency, 643,0 ms max latency.
277 records sent, 55,4 records/sec (0,05 MB/sec), 18,0 ms avg latency, 1519,0 ms max latency.
285 records sent, 55,4 records/sec (0,05 MB/sec), 18,0 ms avg latency, 640,0 ms max latency.
368 records sent, 72,9 records/sec (0,07 MB/sec), 13,7 ms avg latency, 648,0 ms max latency.
334 records sent, 64,6 records/sec (0,06 MB/sec), 15,5 ms avg latency, 212,0 ms max latency.
269 records sent, 52,9 records/sec (0,05 MB/sec), 18,9 ms avg latency, 213,0 ms max latency.
376 records sent, 75,2 records/sec (0,07 MB/sec), 13,3 ms avg latency, 624,0 ms max latency.
328 records sent, 63,5 records/sec (0,06 MB/sec), 15,7 ms avg latency, 648,0 ms max latency.
288 records sent, 56,8 records/sec (0,05 MB/sec), 17,6 ms avg latency, 622,0 ms max latency.
245 records sent, 48,7 records/sec (0,05 MB/sec), 20,5 ms avg latency, 631,0 ms max latency.
395 records sent, 79,0 records/sec (0,08 MB/sec), 12,6 ms avg latency, 626,0 ms max latency.
357 records sent, 68,8 records/sec (0,07 MB/sec), 14,5 ms avg latency, 642,0 ms max latency.
335 records sent, 59,9 records/sec (0,06 MB/sec), 16,7 ms avg latency, 635,0 ms max latency.
301 records sent, 58,8 records/sec (0,06 MB/sec), 17,0 ms avg latency, 622,0 ms max latency.
393 records sent, 78,1 records/sec (0,07 MB/sec), 12,8 ms avg latency, 631,0 ms max latency.
339 records sent, 66,3 records/sec (0,06 MB/sec), 15,1 ms avg latency, 209,0 ms max latency.
339 records sent, 65,9 records/sec (0,06 MB/sec), 15,2 ms avg latency, 638,0 ms max latency.
343 records sent, 66,6 records/sec (0,06 MB/sec), 15,0 ms avg latency, 647,0 ms max latency.
342 records sent, 66,5 records/sec (0,06 MB/sec), 15,0 ms avg latency, 209,0 ms max latency.
474 records sent, 93,6 records/sec (0,09 MB/sec), 10,7 ms avg latency, 212,0 ms max latency.
216 records sent, 41,7 records/sec (0,04 MB/sec), 24,0 ms avg latency, 624,0 ms max latency.
363 records sent, 70,5 records/sec (0,07 MB/sec), 14,2 ms avg latency, 209,0 ms max latency.
440 records sent, 88,0 records/sec (0,08 MB/sec), 11,3 ms avg latency, 622,0 ms max latency.
287 records sent, 48,0 records/sec (0,05 MB/sec), 20,8 ms avg latency, 1525,0 ms max latency.
306 records sent, 59,7 records/sec (0,06 MB/sec), 16,7 ms avg latency, 647,0 ms max latency.
334 records sent, 65,0 records/sec (0,06 MB/sec), 15,4 ms avg latency, 630,0 ms max latency.
328 records sent, 64,4 records/sec (0,06 MB/sec), 15,5 ms avg latency, 209,0 ms max latency.
163 records sent, 32,5 records/sec (0,03 MB/sec), 30,8 ms avg latency, 1527,0 ms max latency.
342 records sent, 66,8 records/sec (0,06 MB/sec), 14,9 ms avg latency, 630,0 ms max latency.
244 records sent, 48,2 records/sec (0,05 MB/sec), 20,7 ms avg latency, 1520,0 ms max latency.
239 records sent, 47,8 records/sec (0,05 MB/sec), 20,9 ms avg latency, 640,0 ms max latency.
277 records sent, 54,6 records/sec (0,05 MB/sec), 18,3 ms avg latency, 647,0 ms max latency.
200 records sent, 40,0 records/sec (0,04 MB/sec), 25,0 ms avg latency, 645,0 ms max latency.
307 records sent, 61,0 records/sec (0,06 MB/sec), 16,4 ms avg latency, 209,0 ms max latency.
613 records sent, 118,5 records/sec (0,11 MB/sec), 8,4 ms avg latency, 209,0 ms max latency.
392 records sent, 75,2 records/sec (0,07 MB/sec), 13,3 ms avg latency, 648,0 ms max latency.
240 records sent, 47,5 records/sec (0,05 MB/sec), 21,1 ms avg latency, 647,0 ms max latency.
455 records sent, 87,4 records/sec (0,08 MB/sec), 11,4 ms avg latency, 623,0 ms max latency.
320 records sent, 63,0 records/sec (0,06 MB/sec), 15,9 ms avg latency, 209,0 ms max latency.
311 records sent, 58,4 records/sec (0,06 MB/sec), 17,1 ms avg latency, 642,0 ms max latency.
214 records sent, 41,4 records/sec (0,04 MB/sec), 24,1 ms avg latency, 209,0 ms max latency.
340 records sent, 66,8 records/sec (0,06 MB/sec), 15,0 ms avg latency, 211,0 ms max latency.
375 records sent, 72,5 records/sec (0,07 MB/sec), 13,8 ms avg latency, 209,0 ms max latency.
295 records sent, 58,6 records/sec (0,06 MB/sec), 17,1 ms avg latency, 620,0 ms max latency.
290 records sent, 57,4 records/sec (0,05 MB/sec), 17,4 ms avg latency, 628,0 ms max latency.
317 records sent, 62,5 records/sec (0,06 MB/sec), 16,0 ms avg latency, 209,0 ms max latency.
578 records sent, 112,6 records/sec (0,11 MB/sec), 8,9 ms avg latency, 637,0 ms max latency.
307 records sent, 60,5 records/sec (0,06 MB/sec), 16,5 ms avg latency, 625,0 ms max latency.
431 records sent, 86,2 records/sec (0,08 MB/sec), 11,6 ms avg latency, 632,0 ms max latency.
372 records sent, 72,3 records/sec (0,07 MB/sec), 13,8 ms avg latency, 209,0 ms max latency.
275 records sent, 45,9 records/sec (0,04 MB/sec), 21,8 ms avg latency, 1510,0 ms max latency.
310 records sent, 61,1 records/sec (0,06 MB/sec), 16,4 ms avg latency, 618,0 ms max latency.
243 records sent, 48,3 records/sec (0,05 MB/sec), 20,7 ms avg latency, 640,0 ms max latency.
276 records sent, 54,6 records/sec (0,05 MB/sec), 18,3 ms avg latency, 636,0 ms max latency.
232 records sent, 44,0 records/sec (0,04 MB/sec), 22,7 ms avg latency, 644,0 ms max latency.
299 records sent, 58,9 records/sec (0,06 MB/sec), 17,0 ms avg latency, 635,0 ms max latency.
331 records sent, 64,8 records/sec (0,06 MB/sec), 15,4 ms avg latency, 644,0 ms max latency.
503 records sent, 99,2 records/sec (0,09 MB/sec), 10,1 ms avg latency, 624,0 ms max latency.
425 records sent, 81,7 records/sec (0,08 MB/sec), 12,2 ms avg latency, 626,0 ms max latency.
309 records sent, 61,0 records/sec (0,06 MB/sec), 16,4 ms avg latency, 630,0 ms max latency.
337 records sent, 65,6 records/sec (0,06 MB/sec), 15,2 ms avg latency, 240,0 ms max latency.
325 records sent, 63,5 records/sec (0,06 MB/sec), 15,7 ms avg latency, 637,0 ms max latency.
196 records sent, 37,6 records/sec (0,04 MB/sec), 26,6 ms avg latency, 645,0 ms max latency.
333 records sent, 65,2 records/sec (0,06 MB/sec), 15,3 ms avg latency, 209,0 ms max latency.
393 records sent, 75,6 records/sec (0,07 MB/sec), 13,2 ms avg latency, 210,0 ms max latency.
318 records sent, 62,7 records/sec (0,06 MB/sec), 15,9 ms avg latency, 209,0 ms max latency.
366 records sent, 56,9 records/sec (0,05 MB/sec), 17,6 ms avg latency, 1525,0 ms max latency.
361 records sent, 54,3 records/sec (0,05 MB/sec), 18,4 ms avg latency, 1737,0 ms max latency.
318 records sent, 61,9 records/sec (0,06 MB/sec), 16,1 ms avg latency, 644,0 ms max latency.
315 records sent, 61,8 records/sec (0,06 MB/sec), 16,2 ms avg latency, 648,0 ms max latency.
237 records sent, 47,0 records/sec (0,04 MB/sec), 21,3 ms avg latency, 633,0 ms max latency.
322 records sent, 62,8 records/sec (0,06 MB/sec), 15,9 ms avg latency, 636,0 ms max latency.
224 records sent, 42,6 records/sec (0,04 MB/sec), 23,4 ms avg latency, 1509,0 ms max latency.
403 records sent, 77,6 records/sec (0,07 MB/sec), 12,9 ms avg latency, 635,0 ms max latency.
297 records sent, 55,8 records/sec (0,05 MB/sec), 17,9 ms avg latency, 1506,0 ms max latency.
343 records sent, 66,8 records/sec (0,06 MB/sec), 15,0 ms avg latency, 644,0 ms max latency.
488 records sent, 96,4 records/sec (0,09 MB/sec), 10,4 ms avg latency, 209,0 ms max latency.
334 records sent, 65,5 records/sec (0,06 MB/sec), 15,3 ms avg latency, 622,0 ms max latency.
297 records sent, 58,4 records/sec (0,06 MB/sec), 17,1 ms avg latency, 628,0 ms max latency.
258 records sent, 50,6 records/sec (0,05 MB/sec), 19,7 ms avg latency, 649,0 ms max latency.
374 records sent, 69,7 records/sec (0,07 MB/sec), 14,3 ms avg latency, 636,0 ms max latency.
256 records sent, 51,0 records/sec (0,05 MB/sec), 19,6 ms avg latency, 209,0 ms max latency.
424 records sent, 84,7 records/sec (0,08 MB/sec), 11,8 ms avg latency, 645,0 ms max latency.
457 records sent, 91,0 records/sec (0,09 MB/sec), 11,0 ms avg latency, 209,0 ms max latency.
317 records sent, 62,0 records/sec (0,06 MB/sec), 16,1 ms avg latency, 637,0 ms max latency.
305 records sent, 59,8 records/sec (0,06 MB/sec), 16,7 ms avg latency, 645,0 ms max latency.
264 records sent, 52,4 records/sec (0,05 MB/sec), 19,1 ms avg latency, 639,0 ms max latency.
452 records sent, 90,3 records/sec (0,09 MB/sec), 11,1 ms avg latency, 628,0 ms max latency.
327 records sent, 63,9 records/sec (0,06 MB/sec), 15,6 ms avg latency, 209,0 ms max latency.
295 records sent, 57,8 records/sec (0,06 MB/sec), 17,3 ms avg latency, 1505,0 ms max latency.
421 records sent, 81,3 records/sec (0,08 MB/sec), 12,3 ms avg latency, 632,0 ms max latency.
302 records sent, 59,7 records/sec (0,06 MB/sec), 16,7 ms avg latency, 627,0 ms max latency.
246 records sent, 49,2 records/sec (0,05 MB/sec), 20,3 ms avg latency, 209,0 ms max latency.
296 records sent, 46,6 records/sec (0,04 MB/sec), 21,5 ms avg latency, 1722,0 ms max latency.
385 records sent, 74,8 records/sec (0,07 MB/sec), 13,4 ms avg latency, 631,0 ms max latency.
171 records sent, 32,8 records/sec (0,03 MB/sec), 30,4 ms avg latency, 1514,0 ms max latency.
221 records sent, 44,1 records/sec (0,04 MB/sec), 22,7 ms avg latency, 640,0 ms max latency.
310 records sent, 60,6 records/sec (0,06 MB/sec), 16,5 ms avg latency, 647,0 ms max latency.
363 records sent, 70,7 records/sec (0,07 MB/sec), 14,1 ms avg latency, 209,0 ms max latency.
458 records sent, 91,6 records/sec (0,09 MB/sec), 10,9 ms avg latency, 209,0 ms max latency.
345 records sent, 67,7 records/sec (0,06 MB/sec), 14,8 ms avg latency, 209,0 ms max latency.
387 records sent, 74,7 records/sec (0,07 MB/sec), 13,4 ms avg latency, 635,0 ms max latency.
254 records sent, 50,4 records/sec (0,05 MB/sec), 19,8 ms avg latency, 637,0 ms max latency.
316 records sent, 61,9 records/sec (0,06 MB/sec), 16,2 ms avg latency, 647,0 ms max latency.
223 records sent, 42,9 records/sec (0,04 MB/sec), 23,3 ms avg latency, 623,0 ms max latency.
324 records sent, 62,9 records/sec (0,06 MB/sec), 15,9 ms avg latency, 648,0 ms max latency.
327 records sent, 63,7 records/sec (0,06 MB/sec), 15,7 ms avg latency, 644,0 ms max latency.
402 records sent, 77,6 records/sec (0,07 MB/sec), 12,9 ms avg latency, 209,0 ms max latency.
284 records sent, 55,6 records/sec (0,05 MB/sec), 18,0 ms avg latency, 649,0 ms max latency.
338 records sent, 66,0 records/sec (0,06 MB/sec), 15,1 ms avg latency, 631,0 ms max latency.
320 records sent, 62,6 records/sec (0,06 MB/sec), 15,9 ms avg latency, 209,0 ms max latency.
342 records sent, 66,7 records/sec (0,06 MB/sec), 15,0 ms avg latency, 645,0 ms max latency.
432 records sent, 79,2 records/sec (0,08 MB/sec), 12,6 ms avg latency, 645,0 ms max latency.
209 records sent, 41,8 records/sec (0,04 MB/sec), 23,9 ms avg latency, 649,0 ms max latency.
357 records sent, 68,9 records/sec (0,07 MB/sec), 14,5 ms avg latency, 648,0 ms max latency.
454 records sent, 90,4 records/sec (0,09 MB/sec), 11,1 ms avg latency, 644,0 ms max latency.
201 records sent, 38,7 records/sec (0,04 MB/sec), 25,9 ms avg latency, 640,0 ms max latency.
297 records sent, 53,7 records/sec (0,05 MB/sec), 18,6 ms avg latency, 1508,0 ms max latency.
422 records sent, 81,6 records/sec (0,08 MB/sec), 12,2 ms avg latency, 209,0 ms max latency.
450 records sent, 86,5 records/sec (0,08 MB/sec), 11,5 ms avg latency, 209,0 ms max latency.
316 records sent, 61,3 records/sec (0,06 MB/sec), 16,3 ms avg latency, 645,0 ms max latency.
493 records sent, 97,0 records/sec (0,09 MB/sec), 10,3 ms avg latency, 629,0 ms max latency.
267 records sent, 52,9 records/sec (0,05 MB/sec), 18,9 ms avg latency, 649,0 ms max latency.
367 records sent, 71,2 records/sec (0,07 MB/sec), 14,0 ms avg latency, 635,0 ms max latency.
271 records sent, 53,5 records/sec (0,05 MB/sec), 18,7 ms avg latency, 647,0 ms max latency.
292 records sent, 57,9 records/sec (0,06 MB/sec), 17,2 ms avg latency, 622,0 ms max latency.
443 records sent, 78,9 records/sec (0,08 MB/sec), 12,7 ms avg latency, 619,0 ms max latency.
263 records sent, 52,4 records/sec (0,05 MB/sec), 19,1 ms avg latency, 624,0 ms max latency.
234 records sent, 46,5 records/sec (0,04 MB/sec), 21,5 ms avg latency, 643,0 ms max latency.
387 records sent, 72,0 records/sec (0,07 MB/sec), 13,9 ms avg latency, 627,0 ms max latency.
353 records sent, 63,8 records/sec (0,06 MB/sec), 15,7 ms avg latency, 632,0 ms max latency.
361 records sent, 70,5 records/sec (0,07 MB/sec), 14,2 ms avg latency, 209,0 ms max latency.
258 records sent, 51,0 records/sec (0,05 MB/sec), 19,6 ms avg latency, 1500,0 ms max latency.
334 records sent, 65,2 records/sec (0,06 MB/sec), 15,3 ms avg latency, 643,0 ms max latency.
319 records sent, 57,7 records/sec (0,06 MB/sec), 17,3 ms avg latency, 645,0 ms max latency.
244 records sent, 48,8 records/sec (0,05 MB/sec), 20,5 ms avg latency, 209,0 ms max latency.
188 records sent, 36,3 records/sec (0,03 MB/sec), 27,5 ms avg latency, 648,0 ms max latency.
361 records sent, 70,0 records/sec (0,07 MB/sec), 14,3 ms avg latency, 648,0 ms max latency.
287 records sent, 56,7 records/sec (0,05 MB/sec), 17,6 ms avg latency, 641,0 ms max latency.
181 records sent, 34,8 records/sec (0,03 MB/sec), 28,7 ms avg latency, 1698,0 ms max latency.
289 records sent, 54,4 records/sec (0,05 MB/sec), 18,4 ms avg latency, 634,0 ms max latency.
390 records sent, 75,7 records/sec (0,07 MB/sec), 13,2 ms avg latency, 209,0 ms max latency.
268 records sent, 53,2 records/sec (0,05 MB/sec), 18,8 ms avg latency, 625,0 ms max latency.
426 records sent, 85,2 records/sec (0,08 MB/sec), 11,7 ms avg latency, 209,0 ms max latency.
235 records sent, 46,3 records/sec (0,04 MB/sec), 21,6 ms avg latency, 646,0 ms max latency.
380 records sent, 73,5 records/sec (0,07 MB/sec), 13,6 ms avg latency, 642,0 ms max latency.
348 records sent, 67,7 records/sec (0,06 MB/sec), 14,8 ms avg latency, 644,0 ms max latency.
314 records sent, 61,3 records/sec (0,06 MB/sec), 16,3 ms avg latency, 638,0 ms max latency.
243 records sent, 48,2 records/sec (0,05 MB/sec), 20,8 ms avg latency, 648,0 ms max latency.
245 records sent, 48,8 records/sec (0,05 MB/sec), 20,5 ms avg latency, 209,0 ms max latency.
443 records sent, 88,5 records/sec (0,08 MB/sec), 11,3 ms avg latency, 209,0 ms max latency.
298 records sent, 57,8 records/sec (0,06 MB/sec), 17,3 ms avg latency, 1531,0 ms max latency.
279 records sent, 54,8 records/sec (0,05 MB/sec), 18,2 ms avg latency, 648,0 ms max latency.
371 records sent, 72,0 records/sec (0,07 MB/sec), 13,9 ms avg latency, 633,0 ms max latency.
313 records sent, 61,4 records/sec (0,06 MB/sec), 16,3 ms avg latency, 621,0 ms max latency.
404 records sent, 77,7 records/sec (0,07 MB/sec), 12,9 ms avg latency, 632,0 ms max latency.
284 records sent, 53,9 records/sec (0,05 MB/sec), 18,5 ms avg latency, 635,0 ms max latency.
318 records sent, 62,5 records/sec (0,06 MB/sec), 16,0 ms avg latency, 209,0 ms max latency.
263 records sent, 51,8 records/sec (0,05 MB/sec), 19,3 ms avg latency, 644,0 ms max latency.
328 records sent, 64,2 records/sec (0,06 MB/sec), 15,6 ms avg latency, 636,0 ms max latency.
279 records sent, 55,0 records/sec (0,05 MB/sec), 18,2 ms avg latency, 643,0 ms max latency.
267 records sent, 53,1 records/sec (0,05 MB/sec), 18,8 ms avg latency, 209,0 ms max latency.
558 records sent, 108,7 records/sec (0,10 MB/sec), 9,2 ms avg latency, 209,0 ms max latency.
326 records sent, 61,2 records/sec (0,06 MB/sec), 16,3 ms avg latency, 648,0 ms max latency.
488 records sent, 96,8 records/sec (0,09 MB/sec), 10,3 ms avg latency, 621,0 ms max latency.
359 records sent, 69,4 records/sec (0,07 MB/sec), 14,4 ms avg latency, 648,0 ms max latency.
304 records sent, 59,7 records/sec (0,06 MB/sec), 16,7 ms avg latency, 209,0 ms max latency.
256 records sent, 50,4 records/sec (0,05 MB/sec), 19,9 ms avg latency, 643,0 ms max latency.
387 records sent, 75,0 records/sec (0,07 MB/sec), 13,3 ms avg latency, 618,0 ms max latency.
257 records sent, 50,9 records/sec (0,05 MB/sec), 19,6 ms avg latency, 641,0 ms max latency.
261 records sent, 51,6 records/sec (0,05 MB/sec), 19,4 ms avg latency, 637,0 ms max latency.
414 records sent, 79,6 records/sec (0,08 MB/sec), 12,6 ms avg latency, 633,0 ms max latency.
307 records sent, 60,4 records/sec (0,06 MB/sec), 16,6 ms avg latency, 620,0 ms max latency.
346 records sent, 55,5 records/sec (0,05 MB/sec), 18,0 ms avg latency, 1522,0 ms max latency.
292 records sent, 57,4 records/sec (0,05 MB/sec), 17,4 ms avg latency, 636,0 ms max latency.
352 records sent, 68,3 records/sec (0,07 MB/sec), 14,6 ms avg latency, 635,0 ms max latency.
317 records sent, 62,1 records/sec (0,06 MB/sec), 16,1 ms avg latency, 640,0 ms max latency.
361 records sent, 69,8 records/sec (0,07 MB/sec), 14,3 ms avg latency, 633,0 ms max latency.
463 records sent, 92,0 records/sec (0,09 MB/sec), 10,9 ms avg latency, 210,0 ms max latency.
273 records sent, 53,8 records/sec (0,05 MB/sec), 18,6 ms avg latency, 643,0 ms max latency.
245 records sent, 48,6 records/sec (0,05 MB/sec), 20,6 ms avg latency, 634,0 ms max latency.
287 records sent, 52,0 records/sec (0,05 MB/sec), 19,2 ms avg latency, 640,0 ms max latency.
290 records sent, 56,8 records/sec (0,05 MB/sec), 17,6 ms avg latency, 649,0 ms max latency.
295 records sent, 58,0 records/sec (0,06 MB/sec), 17,2 ms avg latency, 622,0 ms max latency.
401 records sent, 77,3 records/sec (0,07 MB/sec), 12,9 ms avg latency, 633,0 ms max latency.
335 records sent, 62,9 records/sec (0,06 MB/sec), 15,9 ms avg latency, 640,0 ms max latency.
396 records sent, 79,2 records/sec (0,08 MB/sec), 12,6 ms avg latency, 648,0 ms max latency.
396 records sent, 79,1 records/sec (0,08 MB/sec), 12,6 ms avg latency, 643,0 ms max latency.
384 records sent, 76,8 records/sec (0,07 MB/sec), 13,0 ms avg latency, 640,0 ms max latency.
285 records sent, 56,2 records/sec (0,05 MB/sec), 17,8 ms avg latency, 209,0 ms max latency.
393 records sent, 76,1 records/sec (0,07 MB/sec), 13,1 ms avg latency, 628,0 ms max latency.
340 records sent, 66,0 records/sec (0,06 MB/sec), 15,1 ms avg latency, 638,0 ms max latency.
277 records sent, 55,0 records/sec (0,05 MB/sec), 18,2 ms avg latency, 209,0 ms max latency.
412 records sent, 82,4 records/sec (0,08 MB/sec), 12,1 ms avg latency, 209,0 ms max latency.
357 records sent, 69,6 records/sec (0,07 MB/sec), 14,4 ms avg latency, 626,0 ms max latency.
308 records sent, 60,4 records/sec (0,06 MB/sec), 16,6 ms avg latency, 636,0 ms max latency.
421 records sent, 74,8 records/sec (0,07 MB/sec), 13,4 ms avg latency, 649,0 ms max latency.
289 records sent, 56,8 records/sec (0,05 MB/sec), 17,6 ms avg latency, 647,0 ms max latency.
427 records sent, 85,3 records/sec (0,08 MB/sec), 11,7 ms avg latency, 630,0 ms max latency.
375 records sent, 72,3 records/sec (0,07 MB/sec), 13,8 ms avg latency, 649,0 ms max latency.
351 records sent, 67,9 records/sec (0,06 MB/sec), 14,7 ms avg latency, 647,0 ms max latency.
278 records sent, 54,7 records/sec (0,05 MB/sec), 18,3 ms avg latency, 641,0 ms max latency.
212 records sent, 40,9 records/sec (0,04 MB/sec), 24,4 ms avg latency, 629,0 ms max latency.
223 records sent, 44,6 records/sec (0,04 MB/sec), 22,4 ms avg latency, 632,0 ms max latency.
329 records sent, 64,2 records/sec (0,06 MB/sec), 15,6 ms avg latency, 648,0 ms max latency.
376 records sent, 73,0 records/sec (0,07 MB/sec), 13,7 ms avg latency, 209,0 ms max latency.
336 records sent, 63,1 records/sec (0,06 MB/sec), 15,8 ms avg latency, 628,0 ms max latency.
252 records sent, 46,3 records/sec (0,04 MB/sec), 21,6 ms avg latency, 627,0 ms max latency.
345 records sent, 67,0 records/sec (0,06 MB/sec), 14,9 ms avg latency, 642,0 ms max latency.
375 records sent, 72,8 records/sec (0,07 MB/sec), 13,7 ms avg latency, 209,0 ms max latency.
303 records sent, 59,5 records/sec (0,06 MB/sec), 16,8 ms avg latency, 639,0 ms max latency.
216 records sent, 43,1 records/sec (0,04 MB/sec), 23,2 ms avg latency, 640,0 ms max latency.
415 records sent, 82,9 records/sec (0,08 MB/sec), 12,1 ms avg latency, 638,0 ms max latency.
268 records sent, 52,9 records/sec (0,05 MB/sec), 18,9 ms avg latency, 645,0 ms max latency.
283 records sent, 55,9 records/sec (0,05 MB/sec), 17,9 ms avg latency, 627,0 ms max latency.
284 records sent, 56,1 records/sec (0,05 MB/sec), 17,8 ms avg latency, 629,0 ms max latency.
366 records sent, 71,4 records/sec (0,07 MB/sec), 14,0 ms avg latency, 209,0 ms max latency.
381 records sent, 74,0 records/sec (0,07 MB/sec), 13,5 ms avg latency, 209,0 ms max latency.
265 records sent, 52,0 records/sec (0,05 MB/sec), 19,2 ms avg latency, 1515,0 ms max latency.
307 records sent, 60,0 records/sec (0,06 MB/sec), 16,7 ms avg latency, 634,0 ms max latency.
259 records sent, 49,5 records/sec (0,05 MB/sec), 20,2 ms avg latency, 630,0 ms max latency.
400 records sent, 77,5 records/sec (0,07 MB/sec), 12,9 ms avg latency, 627,0 ms max latency.
374 records sent, 72,3 records/sec (0,07 MB/sec), 13,8 ms avg latency, 642,0 ms max latency.
334 records sent, 64,9 records/sec (0,06 MB/sec), 15,4 ms avg latency, 639,0 ms max latency.
356 records sent, 69,6 records/sec (0,07 MB/sec), 14,3 ms avg latency, 209,0 ms max latency.
260 records sent, 52,0 records/sec (0,05 MB/sec), 19,2 ms avg latency, 618,0 ms max latency.
272 records sent, 54,0 records/sec (0,05 MB/sec), 18,5 ms avg latency, 209,0 ms max latency.
418 records sent, 80,4 records/sec (0,08 MB/sec), 12,4 ms avg latency, 631,0 ms max latency.
403 records sent, 80,5 records/sec (0,08 MB/sec), 12,4 ms avg latency, 645,0 ms max latency.
395 records sent, 75,9 records/sec (0,07 MB/sec), 13,2 ms avg latency, 212,0 ms max latency.
293 records sent, 57,2 records/sec (0,05 MB/sec), 17,5 ms avg latency, 645,0 ms max latency.
359 records sent, 69,7 records/sec (0,07 MB/sec), 14,3 ms avg latency, 645,0 ms max latency.
355 records sent, 68,6 records/sec (0,07 MB/sec), 14,6 ms avg latency, 649,0 ms max latency.
319 records sent, 57,7 records/sec (0,06 MB/sec), 17,3 ms avg latency, 643,0 ms max latency.
461 records sent, 91,1 records/sec (0,09 MB/sec), 11,0 ms avg latency, 643,0 ms max latency.
286 records sent, 56,3 records/sec (0,05 MB/sec), 17,8 ms avg latency, 641,0 ms max latency.
319 records sent, 62,6 records/sec (0,06 MB/sec), 16,0 ms avg latency, 646,0 ms max latency.
280 records sent, 55,4 records/sec (0,05 MB/sec), 18,0 ms avg latency, 644,0 ms max latency.
437 records sent, 84,2 records/sec (0,08 MB/sec), 11,9 ms avg latency, 209,0 ms max latency.
516 records sent, 100,9 records/sec (0,10 MB/sec), 9,9 ms avg latency, 638,0 ms max latency.
80000 records sent, 64,017413 records/sec (0,06 MB/sec), 15,61 ms avg latency, 1737,00 ms max latency, 1 ms 50th, 206 ms 95th, 209 ms 99th, 643 ms 99.9th.

Metric Name                                                                          Value
app-info:commit-id:{client-id=producer-1}                                          : d4284cbebb6f0a4c
app-info:start-time-ms:{client-id=producer-1}                                      : 1592763143231
app-info:version:{client-id=producer-1}                                            : 2.3.1
kafka-metrics-count:count:{client-id=producer-1}                                   : 126,000
producer-metrics:batch-size-avg:{client-id=producer-1}                             : 1075,000
producer-metrics:batch-size-max:{client-id=producer-1}                             : 1075,000
producer-metrics:batch-split-rate:{client-id=producer-1}                           : 0,000
producer-metrics:batch-split-total:{client-id=producer-1}                          : 0,000
producer-metrics:buffer-available-bytes:{client-id=producer-1}                     : 33554432,000
producer-metrics:buffer-exhausted-rate:{client-id=producer-1}                      : 0,000
producer-metrics:buffer-exhausted-total:{client-id=producer-1}                     : 0,000
producer-metrics:buffer-total-bytes:{client-id=producer-1}                         : 33554432,000
producer-metrics:bufferpool-wait-ratio:{client-id=producer-1}                      : 0,000
producer-metrics:bufferpool-wait-time-total:{client-id=producer-1}                 : 0,000
producer-metrics:compression-rate-avg:{client-id=producer-1}                       : 1,000
producer-metrics:connection-close-rate:{client-id=producer-1}                      : 0,000
producer-metrics:connection-close-total:{client-id=producer-1}                     : 20,000
producer-metrics:connection-count:{client-id=producer-1}                           : 3,000
producer-metrics:connection-creation-rate:{client-id=producer-1}                   : 0,000
producer-metrics:connection-creation-total:{client-id=producer-1}                  : 23,000
producer-metrics:failed-authentication-rate:{client-id=producer-1}                 : 0,000
producer-metrics:failed-authentication-total:{client-id=producer-1}                : 0,000
producer-metrics:failed-reauthentication-rate:{client-id=producer-1}               : 0,000
producer-metrics:failed-reauthentication-total:{client-id=producer-1}              : 0,000
producer-metrics:incoming-byte-rate:{client-id=producer-1}                         : 4449,427
producer-metrics:incoming-byte-total:{client-id=producer-1}                        : 4972747,000
producer-metrics:io-ratio:{client-id=producer-1}                                   : 0,003
producer-metrics:io-time-ns-avg:{client-id=producer-1}                             : 12442,768
producer-metrics:io-wait-ratio:{client-id=producer-1}                              : 0,997
producer-metrics:io-wait-time-ns-avg:{client-id=producer-1}                        : 4634290,381
producer-metrics:io-waittime-total:{client-id=producer-1}                          : 1240630312854,000
producer-metrics:iotime-total:{client-id=producer-1}                               : 3290130278,000
producer-metrics:metadata-age:{client-id=producer-1}                               : 110,504
producer-metrics:network-io-rate:{client-id=producer-1}                            : 143,506
producer-metrics:network-io-total:{client-id=producer-1}                           : 160107,000
producer-metrics:outgoing-byte-rate:{client-id=producer-1}                         : 82159,445
producer-metrics:outgoing-byte-total:{client-id=producer-1}                        : 91612097,000
producer-metrics:produce-throttle-time-avg:{client-id=producer-1}                  : 0,000
producer-metrics:produce-throttle-time-max:{client-id=producer-1}                  : 0,000
producer-metrics:reauthentication-latency-avg:{client-id=producer-1}               : NaN
producer-metrics:reauthentication-latency-max:{client-id=producer-1}               : NaN
producer-metrics:record-error-rate:{client-id=producer-1}                          : 0,000
producer-metrics:record-error-total:{client-id=producer-1}                         : 0,000
producer-metrics:record-queue-time-avg:{client-id=producer-1}                      : 0,014
producer-metrics:record-queue-time-max:{client-id=producer-1}                      : 1,000
producer-metrics:record-retry-rate:{client-id=producer-1}                          : 0,000
producer-metrics:record-retry-total:{client-id=producer-1}                         : 19,000
producer-metrics:record-send-rate:{client-id=producer-1}                           : 71,750
producer-metrics:record-send-total:{client-id=producer-1}                          : 80019,000
producer-metrics:record-size-avg:{client-id=producer-1}                            : 1091,000
producer-metrics:record-size-max:{client-id=producer-1}                            : 1091,000
producer-metrics:records-per-request-avg:{client-id=producer-1}                    : 1,000
producer-metrics:request-latency-avg:{client-id=producer-1}                        : 13,956
producer-metrics:request-latency-max:{client-id=producer-1}                        : 649,000
producer-metrics:request-rate:{client-id=producer-1}                               : 71,742
producer-metrics:request-size-avg:{client-id=producer-1}                           : 1145,000
producer-metrics:request-size-max:{client-id=producer-1}                           : 1145,000
producer-metrics:request-total:{client-id=producer-1}                              : 80063,000
producer-metrics:requests-in-flight:{client-id=producer-1}                         : 0,000
producer-metrics:response-rate:{client-id=producer-1}                              : 71,765
producer-metrics:response-total:{client-id=producer-1}                             : 80044,000
producer-metrics:select-rate:{client-id=producer-1}                                : 215,226
producer-metrics:select-total:{client-id=producer-1}                               : 239945,000
producer-metrics:successful-authentication-no-reauth-total:{client-id=producer-1}  : 0,000
producer-metrics:successful-authentication-rate:{client-id=producer-1}             : 0,000
producer-metrics:successful-authentication-total:{client-id=producer-1}            : 0,000
producer-metrics:successful-reauthentication-rate:{client-id=producer-1}           : 0,000
producer-metrics:successful-reauthentication-total:{client-id=producer-1}          : 0,000
producer-metrics:waiting-threads:{client-id=producer-1}                            : 0,000
producer-node-metrics:incoming-byte-rate:{client-id=producer-1, node-id=node--3}   : 0,000
producer-node-metrics:incoming-byte-rate:{client-id=producer-1, node-id=node-1}    : 1468,814
producer-node-metrics:incoming-byte-rate:{client-id=producer-1, node-id=node-3}    : 1469,511
producer-node-metrics:incoming-byte-rate:{client-id=producer-1, node-id=node-6}    : 1536,565
producer-node-metrics:incoming-byte-total:{client-id=producer-1, node-id=node--3}  : 579,000
producer-node-metrics:incoming-byte-total:{client-id=producer-1, node-id=node-1}   : 1649629,000
producer-node-metrics:incoming-byte-total:{client-id=producer-1, node-id=node-3}   : 1658263,000
producer-node-metrics:incoming-byte-total:{client-id=producer-1, node-id=node-6}   : 1664276,000
producer-node-metrics:outgoing-byte-rate:{client-id=producer-1, node-id=node--3}   : 0,000
producer-node-metrics:outgoing-byte-rate:{client-id=producer-1, node-id=node-1}    : 27128,384
producer-node-metrics:outgoing-byte-rate:{client-id=producer-1, node-id=node-3}    : 27766,250
producer-node-metrics:outgoing-byte-rate:{client-id=producer-1, node-id=node-6}    : 27834,071
producer-node-metrics:outgoing-byte-total:{client-id=producer-1, node-id=node--3}  : 67,000
producer-node-metrics:outgoing-byte-total:{client-id=producer-1, node-id=node-1}   : 30399995,000
producer-node-metrics:outgoing-byte-total:{client-id=producer-1, node-id=node-3}   : 30563608,000
producer-node-metrics:outgoing-byte-total:{client-id=producer-1, node-id=node-6}   : 30648427,000
producer-node-metrics:request-latency-avg:{client-id=producer-1, node-id=node--3}  : NaN
producer-node-metrics:request-latency-avg:{client-id=producer-1, node-id=node-1}   : 13,900
producer-node-metrics:request-latency-avg:{client-id=producer-1, node-id=node-3}   : 14,897
producer-node-metrics:request-latency-avg:{client-id=producer-1, node-id=node-6}   : 13,052
producer-node-metrics:request-latency-max:{client-id=producer-1, node-id=node--3}  : NaN
producer-node-metrics:request-latency-max:{client-id=producer-1, node-id=node-1}   : 643,000
producer-node-metrics:request-latency-max:{client-id=producer-1, node-id=node-3}   : 643,000
producer-node-metrics:request-latency-max:{client-id=producer-1, node-id=node-6}   : 649,000
producer-node-metrics:request-rate:{client-id=producer-1, node-id=node--3}         : 0,000
producer-node-metrics:request-rate:{client-id=producer-1, node-id=node-1}          : 23,689
producer-node-metrics:request-rate:{client-id=producer-1, node-id=node-3}          : 24,246
producer-node-metrics:request-rate:{client-id=producer-1, node-id=node-6}          : 24,306
producer-node-metrics:request-size-avg:{client-id=producer-1, node-id=node--3}     : NaN
producer-node-metrics:request-size-avg:{client-id=producer-1, node-id=node-1}      : 1145,000
producer-node-metrics:request-size-avg:{client-id=producer-1, node-id=node-3}      : 1145,000
producer-node-metrics:request-size-avg:{client-id=producer-1, node-id=node-6}      : 1145,000
producer-node-metrics:request-size-max:{client-id=producer-1, node-id=node--3}     : NaN
producer-node-metrics:request-size-max:{client-id=producer-1, node-id=node-1}      : 1145,000
producer-node-metrics:request-size-max:{client-id=producer-1, node-id=node-3}      : 1145,000
producer-node-metrics:request-size-max:{client-id=producer-1, node-id=node-6}      : 1145,000
producer-node-metrics:request-total:{client-id=producer-1, node-id=node--3}        : 2,000
producer-node-metrics:request-total:{client-id=producer-1, node-id=node-1}         : 26566,000
producer-node-metrics:request-total:{client-id=producer-1, node-id=node-3}         : 26708,000
producer-node-metrics:request-total:{client-id=producer-1, node-id=node-6}         : 26787,000
producer-node-metrics:response-rate:{client-id=producer-1, node-id=node--3}        : 0,000
producer-node-metrics:response-rate:{client-id=producer-1, node-id=node-1}         : 23,691
producer-node-metrics:response-rate:{client-id=producer-1, node-id=node-3}         : 23,705
producer-node-metrics:response-rate:{client-id=producer-1, node-id=node-6}         : 24,786
producer-node-metrics:response-total:{client-id=producer-1, node-id=node--3}       : 2,000
producer-node-metrics:response-total:{client-id=producer-1, node-id=node-1}        : 26559,000
producer-node-metrics:response-total:{client-id=producer-1, node-id=node-3}        : 26702,000
producer-node-metrics:response-total:{client-id=producer-1, node-id=node-6}        : 26781,000
producer-topic-metrics:byte-rate:{client-id=producer-1, topic=test-topic}          : 77131,174
producer-topic-metrics:byte-total:{client-id=producer-1, topic=test-topic}         : 86009312,000
producer-topic-metrics:compression-rate:{client-id=producer-1, topic=test-topic}   : 1,000
producer-topic-metrics:record-error-rate:{client-id=producer-1, topic=test-topic}  : 0,000
producer-topic-metrics:record-error-total:{client-id=producer-1, topic=test-topic} : 0,000
producer-topic-metrics:record-retry-rate:{client-id=producer-1, topic=test-topic}  : 0,000
producer-topic-metrics:record-retry-total:{client-id=producer-1, topic=test-topic} : 19,000
producer-topic-metrics:record-send-rate:{client-id=producer-1, topic=test-topic}   : 71,750
producer-topic-metrics:record-send-total:{client-id=producer-1, topic=test-topic}  : 80019,000
Produce Time: 1249.658
Aplication time: 1250.334
*****Produção finalizada, esperando 180 s para buscar WM*****
Water mark: 1040000
