Topic to send: test-topic
Topic to acks: 1
Records: 80000
Size:1000
238 records sent, 46,4 records/sec (0,04 MB/sec), 21,5 ms avg latency, 646,0 ms max latency.
257 records sent, 51,4 records/sec (0,05 MB/sec), 19,4 ms avg latency, 647,0 ms max latency.
242 records sent, 47,3 records/sec (0,05 MB/sec), 21,1 ms avg latency, 626,0 ms max latency.
398 records sent, 77,9 records/sec (0,07 MB/sec), 12,8 ms avg latency, 635,0 ms max latency.
292 records sent, 56,9 records/sec (0,05 MB/sec), 17,6 ms avg latency, 212,0 ms max latency.
358 records sent, 71,5 records/sec (0,07 MB/sec), 13,9 ms avg latency, 626,0 ms max latency.
315 records sent, 61,2 records/sec (0,06 MB/sec), 16,3 ms avg latency, 211,0 ms max latency.
310 records sent, 61,9 records/sec (0,06 MB/sec), 16,1 ms avg latency, 647,0 ms max latency.
363 records sent, 69,4 records/sec (0,07 MB/sec), 14,4 ms avg latency, 638,0 ms max latency.
472 records sent, 85,8 records/sec (0,08 MB/sec), 11,6 ms avg latency, 625,0 ms max latency.
322 records sent, 63,0 records/sec (0,06 MB/sec), 15,8 ms avg latency, 209,0 ms max latency.
320 records sent, 62,4 records/sec (0,06 MB/sec), 16,0 ms avg latency, 640,0 ms max latency.
277 records sent, 54,2 records/sec (0,05 MB/sec), 18,4 ms avg latency, 648,0 ms max latency.
371 records sent, 74,1 records/sec (0,07 MB/sec), 13,5 ms avg latency, 651,0 ms max latency.
313 records sent, 61,5 records/sec (0,06 MB/sec), 16,3 ms avg latency, 627,0 ms max latency.
267 records sent, 52,7 records/sec (0,05 MB/sec), 19,0 ms avg latency, 632,0 ms max latency.
327 records sent, 63,6 records/sec (0,06 MB/sec), 15,7 ms avg latency, 642,0 ms max latency.
326 records sent, 63,0 records/sec (0,06 MB/sec), 15,8 ms avg latency, 636,0 ms max latency.
201 records sent, 40,0 records/sec (0,04 MB/sec), 25,0 ms avg latency, 640,0 ms max latency.
263 records sent, 52,0 records/sec (0,05 MB/sec), 19,2 ms avg latency, 644,0 ms max latency.
203 records sent, 39,9 records/sec (0,04 MB/sec), 25,0 ms avg latency, 1533,0 ms max latency.
267 records sent, 52,5 records/sec (0,05 MB/sec), 19,0 ms avg latency, 629,0 ms max latency.
356 records sent, 68,7 records/sec (0,07 MB/sec), 14,5 ms avg latency, 648,0 ms max latency.
299 records sent, 58,8 records/sec (0,06 MB/sec), 17,0 ms avg latency, 209,0 ms max latency.
410 records sent, 81,7 records/sec (0,08 MB/sec), 12,2 ms avg latency, 622,0 ms max latency.
292 records sent, 54,9 records/sec (0,05 MB/sec), 18,2 ms avg latency, 619,0 ms max latency.
275 records sent, 54,2 records/sec (0,05 MB/sec), 18,4 ms avg latency, 639,0 ms max latency.
440 records sent, 87,7 records/sec (0,08 MB/sec), 11,4 ms avg latency, 213,0 ms max latency.
304 records sent, 59,7 records/sec (0,06 MB/sec), 16,7 ms avg latency, 648,0 ms max latency.
384 records sent, 74,6 records/sec (0,07 MB/sec), 13,4 ms avg latency, 622,0 ms max latency.
372 records sent, 72,1 records/sec (0,07 MB/sec), 13,9 ms avg latency, 212,0 ms max latency.
369 records sent, 70,9 records/sec (0,07 MB/sec), 14,1 ms avg latency, 645,0 ms max latency.
529 records sent, 103,4 records/sec (0,10 MB/sec), 9,7 ms avg latency, 209,0 ms max latency.
328 records sent, 63,9 records/sec (0,06 MB/sec), 15,6 ms avg latency, 643,0 ms max latency.
229 records sent, 45,4 records/sec (0,04 MB/sec), 22,0 ms avg latency, 1498,0 ms max latency.
353 records sent, 68,5 records/sec (0,07 MB/sec), 14,6 ms avg latency, 630,0 ms max latency.
313 records sent, 61,3 records/sec (0,06 MB/sec), 16,3 ms avg latency, 640,0 ms max latency.
244 records sent, 48,4 records/sec (0,05 MB/sec), 20,6 ms avg latency, 644,0 ms max latency.
442 records sent, 85,0 records/sec (0,08 MB/sec), 11,7 ms avg latency, 209,0 ms max latency.
302 records sent, 59,5 records/sec (0,06 MB/sec), 16,8 ms avg latency, 631,0 ms max latency.
385 records sent, 74,7 records/sec (0,07 MB/sec), 13,4 ms avg latency, 630,0 ms max latency.
316 records sent, 61,7 records/sec (0,06 MB/sec), 16,2 ms avg latency, 631,0 ms max latency.
346 records sent, 67,7 records/sec (0,06 MB/sec), 14,8 ms avg latency, 624,0 ms max latency.
260 records sent, 47,4 records/sec (0,05 MB/sec), 21,1 ms avg latency, 646,0 ms max latency.
367 records sent, 68,3 records/sec (0,07 MB/sec), 14,6 ms avg latency, 646,0 ms max latency.
231 records sent, 44,3 records/sec (0,04 MB/sec), 22,6 ms avg latency, 619,0 ms max latency.
245 records sent, 48,7 records/sec (0,05 MB/sec), 20,5 ms avg latency, 648,0 ms max latency.
211 records sent, 42,0 records/sec (0,04 MB/sec), 23,8 ms avg latency, 645,0 ms max latency.
248 records sent, 49,1 records/sec (0,05 MB/sec), 20,4 ms avg latency, 648,0 ms max latency.
351 records sent, 68,4 records/sec (0,07 MB/sec), 14,6 ms avg latency, 212,0 ms max latency.
291 records sent, 57,7 records/sec (0,05 MB/sec), 17,3 ms avg latency, 630,0 ms max latency.
231 records sent, 46,1 records/sec (0,04 MB/sec), 21,7 ms avg latency, 633,0 ms max latency.
325 records sent, 59,1 records/sec (0,06 MB/sec), 16,9 ms avg latency, 625,0 ms max latency.
431 records sent, 83,1 records/sec (0,08 MB/sec), 12,0 ms avg latency, 209,0 ms max latency.
247 records sent, 48,7 records/sec (0,05 MB/sec), 20,5 ms avg latency, 1507,0 ms max latency.
366 records sent, 64,9 records/sec (0,06 MB/sec), 15,4 ms avg latency, 649,0 ms max latency.
221 records sent, 44,2 records/sec (0,04 MB/sec), 22,6 ms avg latency, 629,0 ms max latency.
243 records sent, 48,3 records/sec (0,05 MB/sec), 20,7 ms avg latency, 635,0 ms max latency.
406 records sent, 78,0 records/sec (0,07 MB/sec), 12,8 ms avg latency, 209,0 ms max latency.
399 records sent, 74,3 records/sec (0,07 MB/sec), 13,5 ms avg latency, 623,0 ms max latency.
396 records sent, 76,7 records/sec (0,07 MB/sec), 13,0 ms avg latency, 209,0 ms max latency.
263 records sent, 51,6 records/sec (0,05 MB/sec), 19,4 ms avg latency, 1505,0 ms max latency.
364 records sent, 70,5 records/sec (0,07 MB/sec), 14,2 ms avg latency, 643,0 ms max latency.
272 records sent, 53,6 records/sec (0,05 MB/sec), 18,6 ms avg latency, 638,0 ms max latency.
416 records sent, 83,1 records/sec (0,08 MB/sec), 12,0 ms avg latency, 629,0 ms max latency.
430 records sent, 86,0 records/sec (0,08 MB/sec), 11,6 ms avg latency, 209,0 ms max latency.
275 records sent, 52,2 records/sec (0,05 MB/sec), 19,2 ms avg latency, 629,0 ms max latency.
349 records sent, 67,9 records/sec (0,06 MB/sec), 14,7 ms avg latency, 637,0 ms max latency.
361 records sent, 70,4 records/sec (0,07 MB/sec), 14,2 ms avg latency, 209,0 ms max latency.
283 records sent, 56,0 records/sec (0,05 MB/sec), 17,8 ms avg latency, 628,0 ms max latency.
451 records sent, 83,3 records/sec (0,08 MB/sec), 12,0 ms avg latency, 623,0 ms max latency.
245 records sent, 48,3 records/sec (0,05 MB/sec), 20,7 ms avg latency, 649,0 ms max latency.
427 records sent, 85,4 records/sec (0,08 MB/sec), 11,7 ms avg latency, 209,0 ms max latency.
228 records sent, 45,5 records/sec (0,04 MB/sec), 21,9 ms avg latency, 630,0 ms max latency.
253 records sent, 48,4 records/sec (0,05 MB/sec), 20,7 ms avg latency, 644,0 ms max latency.
322 records sent, 63,1 records/sec (0,06 MB/sec), 15,8 ms avg latency, 209,0 ms max latency.
196 records sent, 37,7 records/sec (0,04 MB/sec), 26,5 ms avg latency, 640,0 ms max latency.
383 records sent, 76,6 records/sec (0,07 MB/sec), 13,0 ms avg latency, 620,0 ms max latency.
397 records sent, 76,4 records/sec (0,07 MB/sec), 13,1 ms avg latency, 642,0 ms max latency.
324 records sent, 63,3 records/sec (0,06 MB/sec), 15,8 ms avg latency, 649,0 ms max latency.
323 records sent, 64,5 records/sec (0,06 MB/sec), 15,5 ms avg latency, 1537,0 ms max latency.
292 records sent, 57,7 records/sec (0,06 MB/sec), 17,3 ms avg latency, 211,0 ms max latency.
373 records sent, 72,3 records/sec (0,07 MB/sec), 13,8 ms avg latency, 222,0 ms max latency.
425 records sent, 85,0 records/sec (0,08 MB/sec), 11,8 ms avg latency, 209,0 ms max latency.
377 records sent, 73,4 records/sec (0,07 MB/sec), 13,6 ms avg latency, 209,0 ms max latency.
431 records sent, 86,2 records/sec (0,08 MB/sec), 11,6 ms avg latency, 623,0 ms max latency.
383 records sent, 74,2 records/sec (0,07 MB/sec), 13,4 ms avg latency, 630,0 ms max latency.
175 records sent, 27,0 records/sec (0,03 MB/sec), 37,0 ms avg latency, 1713,0 ms max latency.
312 records sent, 61,6 records/sec (0,06 MB/sec), 16,2 ms avg latency, 209,0 ms max latency.
360 records sent, 67,0 records/sec (0,06 MB/sec), 14,9 ms avg latency, 640,0 ms max latency.
259 records sent, 51,5 records/sec (0,05 MB/sec), 19,4 ms avg latency, 633,0 ms max latency.
453 records sent, 83,8 records/sec (0,08 MB/sec), 11,9 ms avg latency, 619,0 ms max latency.
344 records sent, 67,5 records/sec (0,06 MB/sec), 14,8 ms avg latency, 627,0 ms max latency.
292 records sent, 57,8 records/sec (0,06 MB/sec), 17,3 ms avg latency, 636,0 ms max latency.
301 records sent, 59,4 records/sec (0,06 MB/sec), 16,8 ms avg latency, 632,0 ms max latency.
439 records sent, 87,7 records/sec (0,08 MB/sec), 11,4 ms avg latency, 619,0 ms max latency.
321 records sent, 63,0 records/sec (0,06 MB/sec), 15,8 ms avg latency, 646,0 ms max latency.
394 records sent, 78,8 records/sec (0,08 MB/sec), 12,7 ms avg latency, 640,0 ms max latency.
304 records sent, 59,9 records/sec (0,06 MB/sec), 16,7 ms avg latency, 631,0 ms max latency.
296 records sent, 58,5 records/sec (0,06 MB/sec), 17,1 ms avg latency, 624,0 ms max latency.
282 records sent, 55,8 records/sec (0,05 MB/sec), 17,9 ms avg latency, 647,0 ms max latency.
409 records sent, 81,8 records/sec (0,08 MB/sec), 12,2 ms avg latency, 640,0 ms max latency.
164 records sent, 28,3 records/sec (0,03 MB/sec), 35,3 ms avg latency, 1517,0 ms max latency.
399 records sent, 77,6 records/sec (0,07 MB/sec), 12,9 ms avg latency, 209,0 ms max latency.
375 records sent, 73,0 records/sec (0,07 MB/sec), 13,7 ms avg latency, 209,0 ms max latency.
240 records sent, 47,7 records/sec (0,05 MB/sec), 20,9 ms avg latency, 642,0 ms max latency.
256 records sent, 50,8 records/sec (0,05 MB/sec), 19,7 ms avg latency, 643,0 ms max latency.
406 records sent, 78,3 records/sec (0,07 MB/sec), 12,7 ms avg latency, 623,0 ms max latency.
251 records sent, 49,9 records/sec (0,05 MB/sec), 20,0 ms avg latency, 639,0 ms max latency.
259 records sent, 51,5 records/sec (0,05 MB/sec), 19,4 ms avg latency, 622,0 ms max latency.
347 records sent, 64,9 records/sec (0,06 MB/sec), 15,4 ms avg latency, 618,0 ms max latency.
318 records sent, 57,4 records/sec (0,05 MB/sec), 17,4 ms avg latency, 645,0 ms max latency.
388 records sent, 75,3 records/sec (0,07 MB/sec), 13,3 ms avg latency, 209,0 ms max latency.
374 records sent, 74,8 records/sec (0,07 MB/sec), 13,4 ms avg latency, 1519,0 ms max latency.
321 records sent, 62,9 records/sec (0,06 MB/sec), 15,9 ms avg latency, 623,0 ms max latency.
301 records sent, 59,3 records/sec (0,06 MB/sec), 16,8 ms avg latency, 619,0 ms max latency.
456 records sent, 87,1 records/sec (0,08 MB/sec), 11,5 ms avg latency, 632,0 ms max latency.
358 records sent, 69,6 records/sec (0,07 MB/sec), 14,4 ms avg latency, 632,0 ms max latency.
492 records sent, 89,8 records/sec (0,09 MB/sec), 11,1 ms avg latency, 633,0 ms max latency.
396 records sent, 75,9 records/sec (0,07 MB/sec), 13,2 ms avg latency, 646,0 ms max latency.
129 records sent, 25,0 records/sec (0,02 MB/sec), 40,0 ms avg latency, 1519,0 ms max latency.
291 records sent, 57,6 records/sec (0,05 MB/sec), 17,4 ms avg latency, 619,0 ms max latency.
343 records sent, 61,7 records/sec (0,06 MB/sec), 16,2 ms avg latency, 648,0 ms max latency.
218 records sent, 43,6 records/sec (0,04 MB/sec), 22,9 ms avg latency, 627,0 ms max latency.
407 records sent, 77,7 records/sec (0,07 MB/sec), 12,8 ms avg latency, 643,0 ms max latency.
326 records sent, 58,9 records/sec (0,06 MB/sec), 17,0 ms avg latency, 637,0 ms max latency.
353 records sent, 63,4 records/sec (0,06 MB/sec), 15,8 ms avg latency, 636,0 ms max latency.
377 records sent, 73,0 records/sec (0,07 MB/sec), 13,7 ms avg latency, 212,0 ms max latency.
276 records sent, 54,3 records/sec (0,05 MB/sec), 18,4 ms avg latency, 648,0 ms max latency.
241 records sent, 46,3 records/sec (0,04 MB/sec), 21,6 ms avg latency, 628,0 ms max latency.
362 records sent, 70,4 records/sec (0,07 MB/sec), 14,2 ms avg latency, 633,0 ms max latency.
425 records sent, 81,7 records/sec (0,08 MB/sec), 12,2 ms avg latency, 637,0 ms max latency.
279 records sent, 55,2 records/sec (0,05 MB/sec), 18,1 ms avg latency, 634,0 ms max latency.
287 records sent, 56,5 records/sec (0,05 MB/sec), 17,7 ms avg latency, 637,0 ms max latency.
376 records sent, 72,9 records/sec (0,07 MB/sec), 13,7 ms avg latency, 209,0 ms max latency.
401 records sent, 77,1 records/sec (0,07 MB/sec), 13,0 ms avg latency, 648,0 ms max latency.
254 records sent, 50,3 records/sec (0,05 MB/sec), 19,9 ms avg latency, 636,0 ms max latency.
369 records sent, 68,9 records/sec (0,07 MB/sec), 14,5 ms avg latency, 637,0 ms max latency.
373 records sent, 72,2 records/sec (0,07 MB/sec), 13,8 ms avg latency, 635,0 ms max latency.
296 records sent, 58,6 records/sec (0,06 MB/sec), 17,1 ms avg latency, 209,0 ms max latency.
162 records sent, 31,2 records/sec (0,03 MB/sec), 32,1 ms avg latency, 648,0 ms max latency.
322 records sent, 63,2 records/sec (0,06 MB/sec), 15,8 ms avg latency, 209,0 ms max latency.
338 records sent, 66,1 records/sec (0,06 MB/sec), 15,1 ms avg latency, 631,0 ms max latency.
246 records sent, 46,6 records/sec (0,04 MB/sec), 21,5 ms avg latency, 646,0 ms max latency.
311 records sent, 61,4 records/sec (0,06 MB/sec), 16,3 ms avg latency, 209,0 ms max latency.
359 records sent, 71,8 records/sec (0,07 MB/sec), 13,9 ms avg latency, 649,0 ms max latency.
302 records sent, 58,8 records/sec (0,06 MB/sec), 17,0 ms avg latency, 648,0 ms max latency.
398 records sent, 76,6 records/sec (0,07 MB/sec), 13,0 ms avg latency, 649,0 ms max latency.
407 records sent, 78,3 records/sec (0,07 MB/sec), 12,8 ms avg latency, 647,0 ms max latency.
395 records sent, 79,0 records/sec (0,08 MB/sec), 12,6 ms avg latency, 646,0 ms max latency.
304 records sent, 59,7 records/sec (0,06 MB/sec), 16,7 ms avg latency, 618,0 ms max latency.
330 records sent, 64,5 records/sec (0,06 MB/sec), 15,5 ms avg latency, 632,0 ms max latency.
270 records sent, 53,5 records/sec (0,05 MB/sec), 18,6 ms avg latency, 619,0 ms max latency.
333 records sent, 62,3 records/sec (0,06 MB/sec), 16,0 ms avg latency, 644,0 ms max latency.
317 records sent, 61,8 records/sec (0,06 MB/sec), 16,2 ms avg latency, 642,0 ms max latency.
183 records sent, 35,4 records/sec (0,03 MB/sec), 28,3 ms avg latency, 637,0 ms max latency.
128 records sent, 19,7 records/sec (0,02 MB/sec), 50,6 ms avg latency, 1718,0 ms max latency.
275 records sent, 54,3 records/sec (0,05 MB/sec), 18,4 ms avg latency, 635,0 ms max latency.
159 records sent, 30,8 records/sec (0,03 MB/sec), 32,4 ms avg latency, 641,0 ms max latency.
358 records sent, 69,7 records/sec (0,07 MB/sec), 14,3 ms avg latency, 209,0 ms max latency.
253 records sent, 50,2 records/sec (0,05 MB/sec), 19,9 ms avg latency, 642,0 ms max latency.
264 records sent, 52,5 records/sec (0,05 MB/sec), 19,0 ms avg latency, 209,0 ms max latency.
297 records sent, 58,5 records/sec (0,06 MB/sec), 17,1 ms avg latency, 643,0 ms max latency.
247 records sent, 45,3 records/sec (0,04 MB/sec), 22,0 ms avg latency, 637,0 ms max latency.
327 records sent, 60,8 records/sec (0,06 MB/sec), 16,4 ms avg latency, 649,0 ms max latency.
326 records sent, 64,1 records/sec (0,06 MB/sec), 15,6 ms avg latency, 209,0 ms max latency.
368 records sent, 71,2 records/sec (0,07 MB/sec), 14,0 ms avg latency, 618,0 ms max latency.
265 records sent, 52,5 records/sec (0,05 MB/sec), 19,1 ms avg latency, 644,0 ms max latency.
415 records sent, 80,2 records/sec (0,08 MB/sec), 12,5 ms avg latency, 209,0 ms max latency.
257 records sent, 51,1 records/sec (0,05 MB/sec), 19,6 ms avg latency, 640,0 ms max latency.
363 records sent, 70,2 records/sec (0,07 MB/sec), 14,2 ms avg latency, 644,0 ms max latency.
334 records sent, 65,5 records/sec (0,06 MB/sec), 15,2 ms avg latency, 209,0 ms max latency.
305 records sent, 55,5 records/sec (0,05 MB/sec), 18,0 ms avg latency, 632,0 ms max latency.
399 records sent, 77,2 records/sec (0,07 MB/sec), 12,9 ms avg latency, 644,0 ms max latency.
270 records sent, 53,6 records/sec (0,05 MB/sec), 18,7 ms avg latency, 633,0 ms max latency.
295 records sent, 58,3 records/sec (0,06 MB/sec), 17,2 ms avg latency, 635,0 ms max latency.
200 records sent, 40,0 records/sec (0,04 MB/sec), 25,0 ms avg latency, 1498,0 ms max latency.
230 records sent, 44,0 records/sec (0,04 MB/sec), 22,7 ms avg latency, 640,0 ms max latency.
284 records sent, 44,4 records/sec (0,04 MB/sec), 22,5 ms avg latency, 1532,0 ms max latency.
404 records sent, 77,9 records/sec (0,07 MB/sec), 12,8 ms avg latency, 633,0 ms max latency.
357 records sent, 69,5 records/sec (0,07 MB/sec), 14,4 ms avg latency, 209,0 ms max latency.
286 records sent, 56,5 records/sec (0,05 MB/sec), 17,7 ms avg latency, 636,0 ms max latency.
220 records sent, 43,9 records/sec (0,04 MB/sec), 22,8 ms avg latency, 644,0 ms max latency.
233 records sent, 46,3 records/sec (0,04 MB/sec), 21,6 ms avg latency, 648,0 ms max latency.
293 records sent, 58,0 records/sec (0,06 MB/sec), 17,2 ms avg latency, 630,0 ms max latency.
347 records sent, 67,4 records/sec (0,06 MB/sec), 14,8 ms avg latency, 643,0 ms max latency.
236 records sent, 46,9 records/sec (0,04 MB/sec), 21,3 ms avg latency, 645,0 ms max latency.
224 records sent, 44,8 records/sec (0,04 MB/sec), 22,3 ms avg latency, 639,0 ms max latency.
274 records sent, 54,0 records/sec (0,05 MB/sec), 18,5 ms avg latency, 635,0 ms max latency.
312 records sent, 61,2 records/sec (0,06 MB/sec), 16,3 ms avg latency, 638,0 ms max latency.
378 records sent, 73,4 records/sec (0,07 MB/sec), 13,6 ms avg latency, 209,0 ms max latency.
318 records sent, 62,5 records/sec (0,06 MB/sec), 16,0 ms avg latency, 637,0 ms max latency.
346 records sent, 67,9 records/sec (0,06 MB/sec), 14,7 ms avg latency, 622,0 ms max latency.
323 records sent, 63,2 records/sec (0,06 MB/sec), 15,8 ms avg latency, 640,0 ms max latency.
252 records sent, 46,2 records/sec (0,04 MB/sec), 21,6 ms avg latency, 639,0 ms max latency.
246 records sent, 48,4 records/sec (0,05 MB/sec), 20,7 ms avg latency, 649,0 ms max latency.
204 records sent, 40,8 records/sec (0,04 MB/sec), 24,5 ms avg latency, 649,0 ms max latency.
337 records sent, 65,5 records/sec (0,06 MB/sec), 15,3 ms avg latency, 645,0 ms max latency.
309 records sent, 60,2 records/sec (0,06 MB/sec), 16,6 ms avg latency, 1513,0 ms max latency.
303 records sent, 59,9 records/sec (0,06 MB/sec), 16,7 ms avg latency, 618,0 ms max latency.
354 records sent, 69,2 records/sec (0,07 MB/sec), 14,4 ms avg latency, 211,0 ms max latency.
234 records sent, 46,0 records/sec (0,04 MB/sec), 21,7 ms avg latency, 647,0 ms max latency.
449 records sent, 85,6 records/sec (0,08 MB/sec), 11,7 ms avg latency, 645,0 ms max latency.
315 records sent, 61,8 records/sec (0,06 MB/sec), 16,2 ms avg latency, 229,0 ms max latency.
419 records sent, 80,8 records/sec (0,08 MB/sec), 12,4 ms avg latency, 209,0 ms max latency.
350 records sent, 68,0 records/sec (0,06 MB/sec), 14,7 ms avg latency, 209,0 ms max latency.
218 records sent, 41,9 records/sec (0,04 MB/sec), 23,8 ms avg latency, 641,0 ms max latency.
446 records sent, 89,2 records/sec (0,09 MB/sec), 11,2 ms avg latency, 621,0 ms max latency.
317 records sent, 62,0 records/sec (0,06 MB/sec), 16,1 ms avg latency, 620,0 ms max latency.
283 records sent, 55,7 records/sec (0,05 MB/sec), 18,0 ms avg latency, 646,0 ms max latency.
458 records sent, 91,5 records/sec (0,09 MB/sec), 10,9 ms avg latency, 209,0 ms max latency.
171 records sent, 31,8 records/sec (0,03 MB/sec), 31,4 ms avg latency, 641,0 ms max latency.
314 records sent, 61,9 records/sec (0,06 MB/sec), 16,1 ms avg latency, 623,0 ms max latency.
249 records sent, 49,1 records/sec (0,05 MB/sec), 20,4 ms avg latency, 644,0 ms max latency.
213 records sent, 42,2 records/sec (0,04 MB/sec), 23,7 ms avg latency, 644,0 ms max latency.
171 records sent, 34,2 records/sec (0,03 MB/sec), 29,2 ms avg latency, 1507,0 ms max latency.
220 records sent, 43,9 records/sec (0,04 MB/sec), 22,8 ms avg latency, 647,0 ms max latency.
418 records sent, 80,7 records/sec (0,08 MB/sec), 12,4 ms avg latency, 209,0 ms max latency.
211 records sent, 42,1 records/sec (0,04 MB/sec), 23,7 ms avg latency, 648,0 ms max latency.
342 records sent, 62,1 records/sec (0,06 MB/sec), 16,1 ms avg latency, 621,0 ms max latency.
201 records sent, 40,2 records/sec (0,04 MB/sec), 24,9 ms avg latency, 636,0 ms max latency.
362 records sent, 70,3 records/sec (0,07 MB/sec), 14,2 ms avg latency, 640,0 ms max latency.
346 records sent, 67,4 records/sec (0,06 MB/sec), 14,8 ms avg latency, 638,0 ms max latency.
235 records sent, 45,3 records/sec (0,04 MB/sec), 22,1 ms avg latency, 209,0 ms max latency.
357 records sent, 69,8 records/sec (0,07 MB/sec), 14,3 ms avg latency, 629,0 ms max latency.
336 records sent, 66,0 records/sec (0,06 MB/sec), 15,1 ms avg latency, 622,0 ms max latency.
267 records sent, 52,8 records/sec (0,05 MB/sec), 18,9 ms avg latency, 649,0 ms max latency.
325 records sent, 58,9 records/sec (0,06 MB/sec), 17,0 ms avg latency, 649,0 ms max latency.
307 records sent, 60,6 records/sec (0,06 MB/sec), 16,5 ms avg latency, 630,0 ms max latency.
383 records sent, 74,1 records/sec (0,07 MB/sec), 13,5 ms avg latency, 646,0 ms max latency.
379 records sent, 74,0 records/sec (0,07 MB/sec), 13,5 ms avg latency, 622,0 ms max latency.
277 records sent, 54,4 records/sec (0,05 MB/sec), 18,4 ms avg latency, 648,0 ms max latency.
290 records sent, 57,4 records/sec (0,05 MB/sec), 17,4 ms avg latency, 209,0 ms max latency.
251 records sent, 49,9 records/sec (0,05 MB/sec), 20,0 ms avg latency, 634,0 ms max latency.
217 records sent, 41,9 records/sec (0,04 MB/sec), 23,8 ms avg latency, 622,0 ms max latency.
326 records sent, 64,5 records/sec (0,06 MB/sec), 15,5 ms avg latency, 209,0 ms max latency.
261 records sent, 52,2 records/sec (0,05 MB/sec), 19,2 ms avg latency, 621,0 ms max latency.
270 records sent, 52,5 records/sec (0,05 MB/sec), 19,0 ms avg latency, 1527,0 ms max latency.
327 records sent, 63,4 records/sec (0,06 MB/sec), 15,8 ms avg latency, 645,0 ms max latency.
415 records sent, 83,0 records/sec (0,08 MB/sec), 12,0 ms avg latency, 633,0 ms max latency.
310 records sent, 60,8 records/sec (0,06 MB/sec), 16,4 ms avg latency, 643,0 ms max latency.
305 records sent, 60,2 records/sec (0,06 MB/sec), 16,6 ms avg latency, 624,0 ms max latency.
167 records sent, 32,4 records/sec (0,03 MB/sec), 30,9 ms avg latency, 640,0 ms max latency.
409 records sent, 78,8 records/sec (0,08 MB/sec), 12,7 ms avg latency, 209,0 ms max latency.
247 records sent, 49,3 records/sec (0,05 MB/sec), 20,3 ms avg latency, 629,0 ms max latency.
320 records sent, 57,6 records/sec (0,05 MB/sec), 17,4 ms avg latency, 647,0 ms max latency.
350 records sent, 68,2 records/sec (0,07 MB/sec), 14,7 ms avg latency, 634,0 ms max latency.
350 records sent, 68,5 records/sec (0,07 MB/sec), 14,6 ms avg latency, 631,0 ms max latency.
281 records sent, 55,2 records/sec (0,05 MB/sec), 18,1 ms avg latency, 646,0 ms max latency.
461 records sent, 91,8 records/sec (0,09 MB/sec), 10,9 ms avg latency, 631,0 ms max latency.
254 records sent, 50,0 records/sec (0,05 MB/sec), 20,0 ms avg latency, 649,0 ms max latency.
259 records sent, 51,5 records/sec (0,05 MB/sec), 19,4 ms avg latency, 642,0 ms max latency.
365 records sent, 70,8 records/sec (0,07 MB/sec), 14,1 ms avg latency, 638,0 ms max latency.
80000 records sent, 61,249833 records/sec (0,06 MB/sec), 16,31 ms avg latency, 1718,00 ms max latency, 1 ms 50th, 206 ms 95th, 209 ms 99th, 644 ms 99.9th.

Metric Name                                                                          Value
app-info:commit-id:{client-id=producer-1}                                          : d4284cbebb6f0a4c
app-info:start-time-ms:{client-id=producer-1}                                      : 1592752791257
app-info:version:{client-id=producer-1}                                            : 2.3.1
kafka-metrics-count:count:{client-id=producer-1}                                   : 126,000
producer-metrics:batch-size-avg:{client-id=producer-1}                             : 1075,000
producer-metrics:batch-size-max:{client-id=producer-1}                             : 1075,000
producer-metrics:batch-split-rate:{client-id=producer-1}                           : 0,000
producer-metrics:batch-split-total:{client-id=producer-1}                          : 0,000
producer-metrics:buffer-available-bytes:{client-id=producer-1}                     : 33554432,000
producer-metrics:buffer-exhausted-rate:{client-id=producer-1}                      : 0,000
producer-metrics:buffer-exhausted-total:{client-id=producer-1}                     : 0,000
producer-metrics:buffer-total-bytes:{client-id=producer-1}                         : 33554432,000
producer-metrics:bufferpool-wait-ratio:{client-id=producer-1}                      : 0,000
producer-metrics:bufferpool-wait-time-total:{client-id=producer-1}                 : 0,000
producer-metrics:compression-rate-avg:{client-id=producer-1}                       : 1,000
producer-metrics:connection-close-rate:{client-id=producer-1}                      : 0,000
producer-metrics:connection-close-total:{client-id=producer-1}                     : 17,000
producer-metrics:connection-count:{client-id=producer-1}                           : 3,000
producer-metrics:connection-creation-rate:{client-id=producer-1}                   : 0,000
producer-metrics:connection-creation-total:{client-id=producer-1}                  : 20,000
producer-metrics:failed-authentication-rate:{client-id=producer-1}                 : 0,000
producer-metrics:failed-authentication-total:{client-id=producer-1}                : 0,000
producer-metrics:failed-reauthentication-rate:{client-id=producer-1}               : 0,000
producer-metrics:failed-reauthentication-total:{client-id=producer-1}              : 0,000
producer-metrics:incoming-byte-rate:{client-id=producer-1}                         : 3923,330
producer-metrics:incoming-byte-total:{client-id=producer-1}                        : 4971010,000
producer-metrics:io-ratio:{client-id=producer-1}                                   : 0,002
producer-metrics:io-time-ns-avg:{client-id=producer-1}                             : 12059,337
producer-metrics:io-wait-ratio:{client-id=producer-1}                              : 0,998
producer-metrics:io-wait-time-ns-avg:{client-id=producer-1}                        : 5270077,336
producer-metrics:io-waittime-total:{client-id=producer-1}                          : 1297086797550,000
producer-metrics:iotime-total:{client-id=producer-1}                               : 3166033986,000
producer-metrics:metadata-age:{client-id=producer-1}                               : 82,770
producer-metrics:network-io-rate:{client-id=producer-1}                            : 126,530
producer-metrics:network-io-total:{client-id=producer-1}                           : 160092,000
producer-metrics:outgoing-byte-rate:{client-id=producer-1}                         : 72431,385
producer-metrics:outgoing-byte-total:{client-id=producer-1}                        : 91608463,000
producer-metrics:produce-throttle-time-avg:{client-id=producer-1}                  : 0,000
producer-metrics:produce-throttle-time-max:{client-id=producer-1}                  : 0,000
producer-metrics:reauthentication-latency-avg:{client-id=producer-1}               : NaN
producer-metrics:reauthentication-latency-max:{client-id=producer-1}               : NaN
producer-metrics:record-error-rate:{client-id=producer-1}                          : 0,000
producer-metrics:record-error-total:{client-id=producer-1}                         : 0,000
producer-metrics:record-queue-time-avg:{client-id=producer-1}                      : 0,017
producer-metrics:record-queue-time-max:{client-id=producer-1}                      : 1,000
producer-metrics:record-retry-rate:{client-id=producer-1}                          : 0,000
producer-metrics:record-retry-total:{client-id=producer-1}                         : 16,000
producer-metrics:record-send-rate:{client-id=producer-1}                           : 63,256
producer-metrics:record-send-total:{client-id=producer-1}                          : 80016,000
producer-metrics:record-size-avg:{client-id=producer-1}                            : 1091,000
producer-metrics:record-size-max:{client-id=producer-1}                            : 1091,000
producer-metrics:records-per-request-avg:{client-id=producer-1}                    : 1,000
producer-metrics:request-latency-avg:{client-id=producer-1}                        : 15,827
producer-metrics:request-latency-max:{client-id=producer-1}                        : 649,000
producer-metrics:request-rate:{client-id=producer-1}                               : 63,254
producer-metrics:request-size-avg:{client-id=producer-1}                           : 1145,000
producer-metrics:request-size-max:{client-id=producer-1}                           : 1145,000
producer-metrics:request-total:{client-id=producer-1}                              : 80054,000
producer-metrics:requests-in-flight:{client-id=producer-1}                         : 0,000
producer-metrics:response-rate:{client-id=producer-1}                              : 63,280
producer-metrics:response-total:{client-id=producer-1}                             : 80038,000
producer-metrics:select-rate:{client-id=producer-1}                                : 189,410
producer-metrics:select-total:{client-id=producer-1}                               : 239924,000
producer-metrics:successful-authentication-no-reauth-total:{client-id=producer-1}  : 0,000
producer-metrics:successful-authentication-rate:{client-id=producer-1}             : 0,000
producer-metrics:successful-authentication-total:{client-id=producer-1}            : 0,000
producer-metrics:successful-reauthentication-rate:{client-id=producer-1}           : 0,000
producer-metrics:successful-reauthentication-total:{client-id=producer-1}          : 0,000
producer-metrics:waiting-threads:{client-id=producer-1}                            : 0,000
producer-node-metrics:incoming-byte-rate:{client-id=producer-1, node-id=node--2}   : 0,000
producer-node-metrics:incoming-byte-rate:{client-id=producer-1, node-id=node-1}    : 1320,586
producer-node-metrics:incoming-byte-rate:{client-id=producer-1, node-id=node-3}    : 1329,215
producer-node-metrics:incoming-byte-rate:{client-id=producer-1, node-id=node-6}    : 1327,055
producer-node-metrics:incoming-byte-total:{client-id=producer-1, node-id=node--2}  : 579,000
producer-node-metrics:incoming-byte-total:{client-id=producer-1, node-id=node-1}   : 1648765,000
producer-node-metrics:incoming-byte-total:{client-id=producer-1, node-id=node-3}   : 1658824,000
producer-node-metrics:incoming-byte-total:{client-id=producer-1, node-id=node-6}   : 1662842,000
producer-node-metrics:outgoing-byte-rate:{client-id=producer-1, node-id=node--2}   : 0,000
producer-node-metrics:outgoing-byte-rate:{client-id=producer-1, node-id=node-1}    : 24487,775
producer-node-metrics:outgoing-byte-rate:{client-id=producer-1, node-id=node-3}    : 24152,914
producer-node-metrics:outgoing-byte-rate:{client-id=producer-1, node-id=node-6}    : 24550,184
producer-node-metrics:outgoing-byte-total:{client-id=producer-1, node-id=node--2}  : 67,000
producer-node-metrics:outgoing-byte-total:{client-id=producer-1, node-id=node-1}   : 30398739,000
producer-node-metrics:outgoing-byte-total:{client-id=producer-1, node-id=node-3}   : 30562569,000
producer-node-metrics:outgoing-byte-total:{client-id=producer-1, node-id=node-6}   : 30647088,000
producer-node-metrics:request-latency-avg:{client-id=producer-1, node-id=node--2}  : NaN
producer-node-metrics:request-latency-avg:{client-id=producer-1, node-id=node-1}   : 15,854
producer-node-metrics:request-latency-avg:{client-id=producer-1, node-id=node-3}   : 16,905
producer-node-metrics:request-latency-avg:{client-id=producer-1, node-id=node-6}   : 14,121
producer-node-metrics:request-latency-max:{client-id=producer-1, node-id=node--2}  : NaN
producer-node-metrics:request-latency-max:{client-id=producer-1, node-id=node-1}   : 649,000
producer-node-metrics:request-latency-max:{client-id=producer-1, node-id=node-3}   : 642,000
producer-node-metrics:request-latency-max:{client-id=producer-1, node-id=node-6}   : 646,000
producer-node-metrics:request-rate:{client-id=producer-1, node-id=node--2}         : 0,000
producer-node-metrics:request-rate:{client-id=producer-1, node-id=node-1}          : 21,386
producer-node-metrics:request-rate:{client-id=producer-1, node-id=node-3}          : 21,093
producer-node-metrics:request-rate:{client-id=producer-1, node-id=node-6}          : 21,440
producer-node-metrics:request-size-avg:{client-id=producer-1, node-id=node--2}     : NaN
producer-node-metrics:request-size-avg:{client-id=producer-1, node-id=node-1}      : 1145,000
producer-node-metrics:request-size-avg:{client-id=producer-1, node-id=node-3}      : 1145,000
producer-node-metrics:request-size-avg:{client-id=producer-1, node-id=node-6}      : 1145,000
producer-node-metrics:request-size-max:{client-id=producer-1, node-id=node--2}     : NaN
producer-node-metrics:request-size-max:{client-id=producer-1, node-id=node-1}      : 1145,000
producer-node-metrics:request-size-max:{client-id=producer-1, node-id=node-3}      : 1145,000
producer-node-metrics:request-size-max:{client-id=producer-1, node-id=node-6}      : 1145,000
producer-node-metrics:request-total:{client-id=producer-1, node-id=node--2}        : 2,000
producer-node-metrics:request-total:{client-id=producer-1, node-id=node-1}         : 26562,000
producer-node-metrics:request-total:{client-id=producer-1, node-id=node-3}         : 26709,000
producer-node-metrics:request-total:{client-id=producer-1, node-id=node-6}         : 26781,000
producer-node-metrics:response-rate:{client-id=producer-1, node-id=node--2}        : 0,000
producer-node-metrics:response-rate:{client-id=producer-1, node-id=node-1}         : 21,300
producer-node-metrics:response-rate:{client-id=producer-1, node-id=node-3}         : 21,439
producer-node-metrics:response-rate:{client-id=producer-1, node-id=node-6}         : 21,404
producer-node-metrics:response-total:{client-id=producer-1, node-id=node--2}       : 2,000
producer-node-metrics:response-total:{client-id=producer-1, node-id=node-1}        : 26556,000
producer-node-metrics:response-total:{client-id=producer-1, node-id=node-3}        : 26704,000
producer-node-metrics:response-total:{client-id=producer-1, node-id=node-6}        : 26776,000
producer-topic-metrics:byte-rate:{client-id=producer-1, topic=test-topic}          : 67999,796
producer-topic-metrics:byte-total:{client-id=producer-1, topic=test-topic}         : 86006089,000
producer-topic-metrics:compression-rate:{client-id=producer-1, topic=test-topic}   : 1,000
producer-topic-metrics:record-error-rate:{client-id=producer-1, topic=test-topic}  : 0,000
producer-topic-metrics:record-error-total:{client-id=producer-1, topic=test-topic} : 0,000
producer-topic-metrics:record-retry-rate:{client-id=producer-1, topic=test-topic}  : 0,000
producer-topic-metrics:record-retry-total:{client-id=producer-1, topic=test-topic} : 16,000
producer-topic-metrics:record-send-rate:{client-id=producer-1, topic=test-topic}   : 63,256
producer-topic-metrics:record-send-total:{client-id=producer-1, topic=test-topic}  : 80016,000
Produce Time: 1306.125
Aplication time: 1306.802
*****Produção finalizada, esperando 180 s para buscar WM*****
Water mark: 480000
