Topic to send: test-topic
Topic to acks: -1
Records: 80000
Size:1000
339 records sent, 67,8 records/sec (0,06 MB/sec), 14,7 ms avg latency, 1520,0 ms max latency.
496 records sent, 97,3 records/sec (0,09 MB/sec), 10,2 ms avg latency, 212,0 ms max latency.
684 records sent, 136,4 records/sec (0,13 MB/sec), 7,3 ms avg latency, 210,0 ms max latency.
324 records sent, 64,1 records/sec (0,06 MB/sec), 15,6 ms avg latency, 643,0 ms max latency.
321 records sent, 64,2 records/sec (0,06 MB/sec), 15,6 ms avg latency, 212,0 ms max latency.
434 records sent, 76,0 records/sec (0,07 MB/sec), 13,1 ms avg latency, 1514,0 ms max latency.
573 records sent, 113,1 records/sec (0,11 MB/sec), 8,8 ms avg latency, 210,0 ms max latency.
618 records sent, 119,4 records/sec (0,11 MB/sec), 8,4 ms avg latency, 210,0 ms max latency.
376 records sent, 73,4 records/sec (0,07 MB/sec), 13,6 ms avg latency, 645,0 ms max latency.
371 records sent, 72,4 records/sec (0,07 MB/sec), 13,8 ms avg latency, 632,0 ms max latency.
435 records sent, 87,0 records/sec (0,08 MB/sec), 11,5 ms avg latency, 210,0 ms max latency.
402 records sent, 77,7 records/sec (0,07 MB/sec), 12,8 ms avg latency, 224,0 ms max latency.
470 records sent, 84,5 records/sec (0,08 MB/sec), 11,8 ms avg latency, 646,0 ms max latency.
475 records sent, 93,7 records/sec (0,09 MB/sec), 10,7 ms avg latency, 210,0 ms max latency.
466 records sent, 91,6 records/sec (0,09 MB/sec), 10,9 ms avg latency, 213,0 ms max latency.
474 records sent, 93,6 records/sec (0,09 MB/sec), 10,7 ms avg latency, 209,0 ms max latency.
464 records sent, 92,2 records/sec (0,09 MB/sec), 10,8 ms avg latency, 210,0 ms max latency.
356 records sent, 64,4 records/sec (0,06 MB/sec), 15,5 ms avg latency, 1540,0 ms max latency.
424 records sent, 84,1 records/sec (0,08 MB/sec), 11,9 ms avg latency, 640,0 ms max latency.
476 records sent, 93,9 records/sec (0,09 MB/sec), 10,6 ms avg latency, 626,0 ms max latency.
538 records sent, 103,6 records/sec (0,10 MB/sec), 9,6 ms avg latency, 212,0 ms max latency.
527 records sent, 105,4 records/sec (0,10 MB/sec), 9,5 ms avg latency, 209,0 ms max latency.
566 records sent, 112,8 records/sec (0,11 MB/sec), 8,9 ms avg latency, 627,0 ms max latency.
530 records sent, 102,4 records/sec (0,10 MB/sec), 9,8 ms avg latency, 644,0 ms max latency.
450 records sent, 89,5 records/sec (0,09 MB/sec), 11,2 ms avg latency, 637,0 ms max latency.
411 records sent, 79,7 records/sec (0,08 MB/sec), 12,5 ms avg latency, 641,0 ms max latency.
563 records sent, 112,6 records/sec (0,11 MB/sec), 8,9 ms avg latency, 210,0 ms max latency.
527 records sent, 102,9 records/sec (0,10 MB/sec), 9,7 ms avg latency, 214,0 ms max latency.
391 records sent, 66,8 records/sec (0,06 MB/sec), 14,9 ms avg latency, 1525,0 ms max latency.
540 records sent, 105,0 records/sec (0,10 MB/sec), 9,5 ms avg latency, 639,0 ms max latency.
496 records sent, 97,4 records/sec (0,09 MB/sec), 10,2 ms avg latency, 210,0 ms max latency.
473 records sent, 94,2 records/sec (0,09 MB/sec), 10,6 ms avg latency, 210,0 ms max latency.
685 records sent, 131,8 records/sec (0,13 MB/sec), 7,6 ms avg latency, 210,0 ms max latency.
459 records sent, 91,8 records/sec (0,09 MB/sec), 10,9 ms avg latency, 210,0 ms max latency.
470 records sent, 94,0 records/sec (0,09 MB/sec), 10,6 ms avg latency, 628,0 ms max latency.
547 records sent, 106,2 records/sec (0,10 MB/sec), 9,4 ms avg latency, 620,0 ms max latency.
460 records sent, 92,0 records/sec (0,09 MB/sec), 10,9 ms avg latency, 210,0 ms max latency.
553 records sent, 110,6 records/sec (0,11 MB/sec), 9,0 ms avg latency, 623,0 ms max latency.
460 records sent, 88,5 records/sec (0,08 MB/sec), 11,3 ms avg latency, 210,0 ms max latency.
588 records sent, 116,4 records/sec (0,11 MB/sec), 8,6 ms avg latency, 642,0 ms max latency.
577 records sent, 115,4 records/sec (0,11 MB/sec), 8,7 ms avg latency, 210,0 ms max latency.
457 records sent, 91,4 records/sec (0,09 MB/sec), 10,9 ms avg latency, 212,0 ms max latency.
548 records sent, 106,5 records/sec (0,10 MB/sec), 9,4 ms avg latency, 210,0 ms max latency.
469 records sent, 93,6 records/sec (0,09 MB/sec), 10,7 ms avg latency, 211,0 ms max latency.
343 records sent, 65,0 records/sec (0,06 MB/sec), 15,4 ms avg latency, 631,0 ms max latency.
653 records sent, 127,1 records/sec (0,12 MB/sec), 7,9 ms avg latency, 627,0 ms max latency.
379 records sent, 75,8 records/sec (0,07 MB/sec), 13,2 ms avg latency, 1525,0 ms max latency.
458 records sent, 91,1 records/sec (0,09 MB/sec), 11,0 ms avg latency, 211,0 ms max latency.
453 records sent, 90,1 records/sec (0,09 MB/sec), 11,1 ms avg latency, 637,0 ms max latency.
359 records sent, 71,2 records/sec (0,07 MB/sec), 14,0 ms avg latency, 620,0 ms max latency.
409 records sent, 79,2 records/sec (0,08 MB/sec), 12,6 ms avg latency, 630,0 ms max latency.
573 records sent, 113,8 records/sec (0,11 MB/sec), 8,8 ms avg latency, 210,0 ms max latency.
459 records sent, 90,6 records/sec (0,09 MB/sec), 11,0 ms avg latency, 1508,0 ms max latency.
505 records sent, 98,8 records/sec (0,09 MB/sec), 10,1 ms avg latency, 210,0 ms max latency.
326 records sent, 65,2 records/sec (0,06 MB/sec), 15,3 ms avg latency, 647,0 ms max latency.
454 records sent, 90,8 records/sec (0,09 MB/sec), 11,0 ms avg latency, 210,0 ms max latency.
280 records sent, 54,7 records/sec (0,05 MB/sec), 18,3 ms avg latency, 641,0 ms max latency.
476 records sent, 74,6 records/sec (0,07 MB/sec), 13,4 ms avg latency, 1534,0 ms max latency.
337 records sent, 66,6 records/sec (0,06 MB/sec), 15,0 ms avg latency, 639,0 ms max latency.
572 records sent, 113,4 records/sec (0,11 MB/sec), 8,8 ms avg latency, 210,0 ms max latency.
499 records sent, 98,3 records/sec (0,09 MB/sec), 10,2 ms avg latency, 211,0 ms max latency.
410 records sent, 79,8 records/sec (0,08 MB/sec), 12,5 ms avg latency, 631,0 ms max latency.
479 records sent, 94,8 records/sec (0,09 MB/sec), 10,5 ms avg latency, 210,0 ms max latency.
401 records sent, 78,6 records/sec (0,07 MB/sec), 12,7 ms avg latency, 210,0 ms max latency.
436 records sent, 87,2 records/sec (0,08 MB/sec), 11,5 ms avg latency, 650,0 ms max latency.
474 records sent, 93,9 records/sec (0,09 MB/sec), 10,6 ms avg latency, 210,0 ms max latency.
452 records sent, 90,2 records/sec (0,09 MB/sec), 11,1 ms avg latency, 632,0 ms max latency.
766 records sent, 147,6 records/sec (0,14 MB/sec), 6,8 ms avg latency, 210,0 ms max latency.
446 records sent, 86,2 records/sec (0,08 MB/sec), 11,6 ms avg latency, 624,0 ms max latency.
469 records sent, 92,6 records/sec (0,09 MB/sec), 10,8 ms avg latency, 210,0 ms max latency.
458 records sent, 91,3 records/sec (0,09 MB/sec), 10,9 ms avg latency, 210,0 ms max latency.
499 records sent, 90,5 records/sec (0,09 MB/sec), 11,0 ms avg latency, 623,0 ms max latency.
530 records sent, 106,0 records/sec (0,10 MB/sec), 9,4 ms avg latency, 210,0 ms max latency.
578 records sent, 114,5 records/sec (0,11 MB/sec), 8,7 ms avg latency, 226,0 ms max latency.
333 records sent, 65,9 records/sec (0,06 MB/sec), 15,1 ms avg latency, 1523,0 ms max latency.
437 records sent, 87,3 records/sec (0,08 MB/sec), 11,4 ms avg latency, 624,0 ms max latency.
353 records sent, 70,0 records/sec (0,07 MB/sec), 14,3 ms avg latency, 635,0 ms max latency.
423 records sent, 81,5 records/sec (0,08 MB/sec), 12,3 ms avg latency, 644,0 ms max latency.
518 records sent, 101,3 records/sec (0,10 MB/sec), 9,8 ms avg latency, 210,0 ms max latency.
490 records sent, 95,2 records/sec (0,09 MB/sec), 10,5 ms avg latency, 1524,0 ms max latency.
479 records sent, 93,7 records/sec (0,09 MB/sec), 10,7 ms avg latency, 212,0 ms max latency.
431 records sent, 85,5 records/sec (0,08 MB/sec), 11,7 ms avg latency, 645,0 ms max latency.
319 records sent, 63,7 records/sec (0,06 MB/sec), 15,7 ms avg latency, 648,0 ms max latency.
595 records sent, 117,6 records/sec (0,11 MB/sec), 8,5 ms avg latency, 210,0 ms max latency.
467 records sent, 93,2 records/sec (0,09 MB/sec), 10,7 ms avg latency, 637,0 ms max latency.
510 records sent, 98,9 records/sec (0,09 MB/sec), 10,1 ms avg latency, 211,0 ms max latency.
382 records sent, 74,9 records/sec (0,07 MB/sec), 13,3 ms avg latency, 649,0 ms max latency.
338 records sent, 67,6 records/sec (0,06 MB/sec), 14,8 ms avg latency, 644,0 ms max latency.
449 records sent, 89,7 records/sec (0,09 MB/sec), 11,1 ms avg latency, 649,0 ms max latency.
396 records sent, 77,4 records/sec (0,07 MB/sec), 12,9 ms avg latency, 210,0 ms max latency.
491 records sent, 96,7 records/sec (0,09 MB/sec), 10,3 ms avg latency, 210,0 ms max latency.
492 records sent, 95,7 records/sec (0,09 MB/sec), 10,4 ms avg latency, 645,0 ms max latency.
421 records sent, 82,1 records/sec (0,08 MB/sec), 12,2 ms avg latency, 210,0 ms max latency.
565 records sent, 113,0 records/sec (0,11 MB/sec), 8,8 ms avg latency, 210,0 ms max latency.
691 records sent, 135,6 records/sec (0,13 MB/sec), 7,4 ms avg latency, 621,0 ms max latency.
331 records sent, 63,6 records/sec (0,06 MB/sec), 15,7 ms avg latency, 627,0 ms max latency.
462 records sent, 92,3 records/sec (0,09 MB/sec), 10,8 ms avg latency, 623,0 ms max latency.
365 records sent, 72,0 records/sec (0,07 MB/sec), 13,9 ms avg latency, 619,0 ms max latency.
393 records sent, 77,1 records/sec (0,07 MB/sec), 13,0 ms avg latency, 626,0 ms max latency.
480 records sent, 94,5 records/sec (0,09 MB/sec), 10,6 ms avg latency, 618,0 ms max latency.
293 records sent, 56,7 records/sec (0,05 MB/sec), 17,6 ms avg latency, 1508,0 ms max latency.
423 records sent, 78,4 records/sec (0,07 MB/sec), 12,7 ms avg latency, 626,0 ms max latency.
373 records sent, 73,5 records/sec (0,07 MB/sec), 13,6 ms avg latency, 210,0 ms max latency.
381 records sent, 75,1 records/sec (0,07 MB/sec), 13,3 ms avg latency, 627,0 ms max latency.
283 records sent, 55,5 records/sec (0,05 MB/sec), 18,0 ms avg latency, 622,0 ms max latency.
336 records sent, 67,0 records/sec (0,06 MB/sec), 14,9 ms avg latency, 639,0 ms max latency.
411 records sent, 80,3 records/sec (0,08 MB/sec), 12,4 ms avg latency, 621,0 ms max latency.
464 records sent, 92,8 records/sec (0,09 MB/sec), 10,8 ms avg latency, 210,0 ms max latency.
445 records sent, 88,6 records/sec (0,08 MB/sec), 11,3 ms avg latency, 645,0 ms max latency.
329 records sent, 63,4 records/sec (0,06 MB/sec), 15,8 ms avg latency, 210,0 ms max latency.
426 records sent, 82,0 records/sec (0,08 MB/sec), 12,2 ms avg latency, 646,0 ms max latency.
435 records sent, 84,1 records/sec (0,08 MB/sec), 11,9 ms avg latency, 633,0 ms max latency.
417 records sent, 81,1 records/sec (0,08 MB/sec), 12,3 ms avg latency, 211,0 ms max latency.
440 records sent, 84,8 records/sec (0,08 MB/sec), 11,8 ms avg latency, 631,0 ms max latency.
426 records sent, 82,6 records/sec (0,08 MB/sec), 12,1 ms avg latency, 634,0 ms max latency.
402 records sent, 79,0 records/sec (0,08 MB/sec), 12,6 ms avg latency, 210,0 ms max latency.
427 records sent, 82,8 records/sec (0,08 MB/sec), 12,1 ms avg latency, 210,0 ms max latency.
573 records sent, 110,4 records/sec (0,11 MB/sec), 9,0 ms avg latency, 210,0 ms max latency.
565 records sent, 108,6 records/sec (0,10 MB/sec), 9,2 ms avg latency, 219,0 ms max latency.
442 records sent, 85,2 records/sec (0,08 MB/sec), 11,7 ms avg latency, 210,0 ms max latency.
506 records sent, 98,3 records/sec (0,09 MB/sec), 10,2 ms avg latency, 650,0 ms max latency.
484 records sent, 88,5 records/sec (0,08 MB/sec), 11,3 ms avg latency, 635,0 ms max latency.
447 records sent, 89,4 records/sec (0,09 MB/sec), 11,2 ms avg latency, 210,0 ms max latency.
460 records sent, 88,4 records/sec (0,08 MB/sec), 11,3 ms avg latency, 210,0 ms max latency.
561 records sent, 112,0 records/sec (0,11 MB/sec), 8,9 ms avg latency, 1498,0 ms max latency.
585 records sent, 116,1 records/sec (0,11 MB/sec), 8,6 ms avg latency, 642,0 ms max latency.
416 records sent, 74,7 records/sec (0,07 MB/sec), 13,4 ms avg latency, 627,0 ms max latency.
567 records sent, 113,4 records/sec (0,11 MB/sec), 8,8 ms avg latency, 211,0 ms max latency.
531 records sent, 103,0 records/sec (0,10 MB/sec), 9,7 ms avg latency, 630,0 ms max latency.
637 records sent, 124,6 records/sec (0,12 MB/sec), 8,0 ms avg latency, 619,0 ms max latency.
406 records sent, 75,6 records/sec (0,07 MB/sec), 13,2 ms avg latency, 646,0 ms max latency.
545 records sent, 109,0 records/sec (0,10 MB/sec), 9,2 ms avg latency, 221,0 ms max latency.
392 records sent, 76,4 records/sec (0,07 MB/sec), 13,1 ms avg latency, 640,0 ms max latency.
478 records sent, 94,9 records/sec (0,09 MB/sec), 10,5 ms avg latency, 210,0 ms max latency.
409 records sent, 81,8 records/sec (0,08 MB/sec), 12,2 ms avg latency, 647,0 ms max latency.
489 records sent, 97,1 records/sec (0,09 MB/sec), 10,3 ms avg latency, 210,0 ms max latency.
459 records sent, 90,9 records/sec (0,09 MB/sec), 11,0 ms avg latency, 637,0 ms max latency.
497 records sent, 97,5 records/sec (0,09 MB/sec), 10,2 ms avg latency, 638,0 ms max latency.
652 records sent, 126,7 records/sec (0,12 MB/sec), 7,9 ms avg latency, 209,0 ms max latency.
457 records sent, 91,4 records/sec (0,09 MB/sec), 10,9 ms avg latency, 621,0 ms max latency.
351 records sent, 69,9 records/sec (0,07 MB/sec), 14,3 ms avg latency, 639,0 ms max latency.
409 records sent, 79,4 records/sec (0,08 MB/sec), 12,6 ms avg latency, 210,0 ms max latency.
465 records sent, 92,6 records/sec (0,09 MB/sec), 10,8 ms avg latency, 639,0 ms max latency.
513 records sent, 101,1 records/sec (0,10 MB/sec), 9,9 ms avg latency, 637,0 ms max latency.
522 records sent, 102,2 records/sec (0,10 MB/sec), 9,8 ms avg latency, 209,0 ms max latency.
329 records sent, 65,8 records/sec (0,06 MB/sec), 15,2 ms avg latency, 644,0 ms max latency.
515 records sent, 100,7 records/sec (0,10 MB/sec), 9,9 ms avg latency, 211,0 ms max latency.
430 records sent, 83,1 records/sec (0,08 MB/sec), 12,0 ms avg latency, 623,0 ms max latency.
352 records sent, 70,1 records/sec (0,07 MB/sec), 14,3 ms avg latency, 635,0 ms max latency.
441 records sent, 88,1 records/sec (0,08 MB/sec), 11,3 ms avg latency, 649,0 ms max latency.
321 records sent, 64,1 records/sec (0,06 MB/sec), 15,6 ms avg latency, 650,0 ms max latency.
480 records sent, 94,7 records/sec (0,09 MB/sec), 10,6 ms avg latency, 633,0 ms max latency.
288 records sent, 56,2 records/sec (0,05 MB/sec), 17,8 ms avg latency, 646,0 ms max latency.
380 records sent, 74,6 records/sec (0,07 MB/sec), 13,4 ms avg latency, 641,0 ms max latency.
609 records sent, 120,5 records/sec (0,11 MB/sec), 8,3 ms avg latency, 210,0 ms max latency.
406 records sent, 79,3 records/sec (0,08 MB/sec), 12,6 ms avg latency, 640,0 ms max latency.
497 records sent, 98,0 records/sec (0,09 MB/sec), 10,2 ms avg latency, 210,0 ms max latency.
577 records sent, 115,4 records/sec (0,11 MB/sec), 8,7 ms avg latency, 210,0 ms max latency.
453 records sent, 90,6 records/sec (0,09 MB/sec), 11,0 ms avg latency, 629,0 ms max latency.
423 records sent, 82,0 records/sec (0,08 MB/sec), 12,2 ms avg latency, 642,0 ms max latency.
463 records sent, 92,6 records/sec (0,09 MB/sec), 10,8 ms avg latency, 624,0 ms max latency.
338 records sent, 67,6 records/sec (0,06 MB/sec), 14,8 ms avg latency, 645,0 ms max latency.
386 records sent, 76,0 records/sec (0,07 MB/sec), 13,1 ms avg latency, 210,0 ms max latency.
408 records sent, 79,9 records/sec (0,08 MB/sec), 12,5 ms avg latency, 210,0 ms max latency.
609 records sent, 119,9 records/sec (0,11 MB/sec), 8,3 ms avg latency, 210,0 ms max latency.
367 records sent, 72,9 records/sec (0,07 MB/sec), 13,7 ms avg latency, 210,0 ms max latency.
452 records sent, 90,4 records/sec (0,09 MB/sec), 11,1 ms avg latency, 626,0 ms max latency.
446 records sent, 79,3 records/sec (0,08 MB/sec), 12,6 ms avg latency, 640,0 ms max latency.
502 records sent, 97,9 records/sec (0,09 MB/sec), 10,2 ms avg latency, 236,0 ms max latency.
547 records sent, 109,4 records/sec (0,10 MB/sec), 9,1 ms avg latency, 632,0 ms max latency.
677 records sent, 130,6 records/sec (0,12 MB/sec), 7,6 ms avg latency, 210,0 ms max latency.
571 records sent, 112,9 records/sec (0,11 MB/sec), 8,8 ms avg latency, 640,0 ms max latency.
80000 records sent, 90,576223 records/sec (0,09 MB/sec), 11,02 ms avg latency, 1540,00 ms max latency, 2 ms 50th, 3 ms 95th, 209 ms 99th, 632 ms 99.9th.

Metric Name                                                                          Value
app-info:commit-id:{client-id=producer-1}                                          : d4284cbebb6f0a4c
app-info:start-time-ms:{client-id=producer-1}                                      : 1592622439083
app-info:version:{client-id=producer-1}                                            : 2.3.1
kafka-metrics-count:count:{client-id=producer-1}                                   : 126,000
producer-metrics:batch-size-avg:{client-id=producer-1}                             : 1075,000
producer-metrics:batch-size-max:{client-id=producer-1}                             : 1075,000
producer-metrics:batch-split-rate:{client-id=producer-1}                           : 0,000
producer-metrics:batch-split-total:{client-id=producer-1}                          : 0,000
producer-metrics:buffer-available-bytes:{client-id=producer-1}                     : 33554432,000
producer-metrics:buffer-exhausted-rate:{client-id=producer-1}                      : 0,000
producer-metrics:buffer-exhausted-total:{client-id=producer-1}                     : 0,000
producer-metrics:buffer-total-bytes:{client-id=producer-1}                         : 33554432,000
producer-metrics:bufferpool-wait-ratio:{client-id=producer-1}                      : 0,000
producer-metrics:bufferpool-wait-time-total:{client-id=producer-1}                 : 0,000
producer-metrics:compression-rate-avg:{client-id=producer-1}                       : 1,000
producer-metrics:connection-close-rate:{client-id=producer-1}                      : 0,000
producer-metrics:connection-close-total:{client-id=producer-1}                     : 12,000
producer-metrics:connection-count:{client-id=producer-1}                           : 3,000
producer-metrics:connection-creation-rate:{client-id=producer-1}                   : 0,000
producer-metrics:connection-creation-total:{client-id=producer-1}                  : 15,000
producer-metrics:failed-authentication-rate:{client-id=producer-1}                 : 0,000
producer-metrics:failed-authentication-total:{client-id=producer-1}                : 0,000
producer-metrics:failed-reauthentication-rate:{client-id=producer-1}               : 0,000
producer-metrics:failed-reauthentication-total:{client-id=producer-1}              : 0,000
producer-metrics:incoming-byte-rate:{client-id=producer-1}                         : 6280,427
producer-metrics:incoming-byte-total:{client-id=producer-1}                        : 4968115,000
producer-metrics:io-ratio:{client-id=producer-1}                                   : 0,004
producer-metrics:io-time-ns-avg:{client-id=producer-1}                             : 12300,253
producer-metrics:io-wait-ratio:{client-id=producer-1}                              : 0,995
producer-metrics:io-wait-time-ns-avg:{client-id=producer-1}                        : 3275536,777
producer-metrics:io-waittime-total:{client-id=producer-1}                          : 874285521354,000
producer-metrics:iotime-total:{client-id=producer-1}                               : 3283736535,000
producer-metrics:metadata-age:{client-id=producer-1}                               : 245,402
producer-metrics:network-io-rate:{client-id=producer-1}                            : 202,563
producer-metrics:network-io-total:{client-id=producer-1}                           : 160067,000
producer-metrics:outgoing-byte-rate:{client-id=producer-1}                         : 115964,500
producer-metrics:outgoing-byte-total:{client-id=producer-1}                        : 91602400,000
producer-metrics:produce-throttle-time-avg:{client-id=producer-1}                  : 0,000
producer-metrics:produce-throttle-time-max:{client-id=producer-1}                  : 0,000
producer-metrics:reauthentication-latency-avg:{client-id=producer-1}               : NaN
producer-metrics:reauthentication-latency-max:{client-id=producer-1}               : NaN
producer-metrics:record-error-rate:{client-id=producer-1}                          : 0,000
producer-metrics:record-error-total:{client-id=producer-1}                         : 0,000
producer-metrics:record-queue-time-avg:{client-id=producer-1}                      : 0,020
producer-metrics:record-queue-time-max:{client-id=producer-1}                      : 1,000
producer-metrics:record-retry-rate:{client-id=producer-1}                          : 0,000
producer-metrics:record-retry-total:{client-id=producer-1}                         : 11,000
producer-metrics:record-send-rate:{client-id=producer-1}                           : 101,271
producer-metrics:record-send-total:{client-id=producer-1}                          : 80011,000
producer-metrics:record-size-avg:{client-id=producer-1}                            : 1091,000
producer-metrics:record-size-max:{client-id=producer-1}                            : 1091,000
producer-metrics:records-per-request-avg:{client-id=producer-1}                    : 1,000
producer-metrics:request-latency-avg:{client-id=producer-1}                        : 9,872
producer-metrics:request-latency-max:{client-id=producer-1}                        : 640,000
producer-metrics:request-rate:{client-id=producer-1}                               : 101,271
producer-metrics:request-size-avg:{client-id=producer-1}                           : 1145,000
producer-metrics:request-size-max:{client-id=producer-1}                           : 1145,000
producer-metrics:request-total:{client-id=producer-1}                              : 80039,000
producer-metrics:requests-in-flight:{client-id=producer-1}                         : 0,000
producer-metrics:response-rate:{client-id=producer-1}                              : 101,295
producer-metrics:response-total:{client-id=producer-1}                             : 80028,000
producer-metrics:select-rate:{client-id=producer-1}                                : 303,735
producer-metrics:select-total:{client-id=producer-1}                               : 239886,000
producer-metrics:successful-authentication-no-reauth-total:{client-id=producer-1}  : 0,000
producer-metrics:successful-authentication-rate:{client-id=producer-1}             : 0,000
producer-metrics:successful-authentication-total:{client-id=producer-1}            : 0,000
producer-metrics:successful-reauthentication-rate:{client-id=producer-1}           : 0,000
producer-metrics:successful-reauthentication-total:{client-id=producer-1}          : 0,000
producer-metrics:waiting-threads:{client-id=producer-1}                            : 0,000
producer-node-metrics:incoming-byte-rate:{client-id=producer-1, node-id=node--2}   : 0,000
producer-node-metrics:incoming-byte-rate:{client-id=producer-1, node-id=node-1}    : 2133,131
producer-node-metrics:incoming-byte-rate:{client-id=producer-1, node-id=node-3}    : 2073,829
producer-node-metrics:incoming-byte-rate:{client-id=producer-1, node-id=node-6}    : 2091,405
producer-node-metrics:incoming-byte-total:{client-id=producer-1, node-id=node--2}  : 579,000
producer-node-metrics:incoming-byte-total:{client-id=producer-1, node-id=node-1}   : 1663127,000
producer-node-metrics:incoming-byte-total:{client-id=producer-1, node-id=node-3}   : 1647313,000
producer-node-metrics:incoming-byte-total:{client-id=producer-1, node-id=node-6}   : 1657096,000
producer-node-metrics:outgoing-byte-rate:{client-id=producer-1, node-id=node--2}   : 0,000
producer-node-metrics:outgoing-byte-rate:{client-id=producer-1, node-id=node-1}    : 39534,594
producer-node-metrics:outgoing-byte-rate:{client-id=producer-1, node-id=node-3}    : 38298,939
producer-node-metrics:outgoing-byte-rate:{client-id=producer-1, node-id=node-6}    : 38596,519
producer-node-metrics:outgoing-byte-total:{client-id=producer-1, node-id=node--2}  : 67,000
producer-node-metrics:outgoing-byte-total:{client-id=producer-1, node-id=node-1}   : 30647130,000
producer-node-metrics:outgoing-byte-total:{client-id=producer-1, node-id=node-3}   : 30395146,000
producer-node-metrics:outgoing-byte-total:{client-id=producer-1, node-id=node-6}   : 30560057,000
producer-node-metrics:request-latency-avg:{client-id=producer-1, node-id=node--2}  : NaN
producer-node-metrics:request-latency-avg:{client-id=producer-1, node-id=node-1}   : 8,256
producer-node-metrics:request-latency-avg:{client-id=producer-1, node-id=node-3}   : 11,740
producer-node-metrics:request-latency-avg:{client-id=producer-1, node-id=node-6}   : 9,541
producer-node-metrics:request-latency-max:{client-id=producer-1, node-id=node--2}  : NaN
producer-node-metrics:request-latency-max:{client-id=producer-1, node-id=node-1}   : 210,000
producer-node-metrics:request-latency-max:{client-id=producer-1, node-id=node-3}   : 640,000
producer-node-metrics:request-latency-max:{client-id=producer-1, node-id=node-6}   : 638,000
producer-node-metrics:request-rate:{client-id=producer-1, node-id=node--2}         : 0,000
producer-node-metrics:request-rate:{client-id=producer-1, node-id=node-1}          : 34,527
producer-node-metrics:request-rate:{client-id=producer-1, node-id=node-3}          : 33,447
producer-node-metrics:request-rate:{client-id=producer-1, node-id=node-6}          : 33,707
producer-node-metrics:request-size-avg:{client-id=producer-1, node-id=node--2}     : NaN
producer-node-metrics:request-size-avg:{client-id=producer-1, node-id=node-1}      : 1145,000
producer-node-metrics:request-size-avg:{client-id=producer-1, node-id=node-3}      : 1145,000
producer-node-metrics:request-size-avg:{client-id=producer-1, node-id=node-6}      : 1145,000
producer-node-metrics:request-size-max:{client-id=producer-1, node-id=node--2}     : NaN
producer-node-metrics:request-size-max:{client-id=producer-1, node-id=node-1}      : 1145,000
producer-node-metrics:request-size-max:{client-id=producer-1, node-id=node-3}      : 1145,000
producer-node-metrics:request-size-max:{client-id=producer-1, node-id=node-6}      : 1145,000
producer-node-metrics:request-total:{client-id=producer-1, node-id=node--2}        : 2,000
producer-node-metrics:request-total:{client-id=producer-1, node-id=node-1}         : 26782,000
producer-node-metrics:request-total:{client-id=producer-1, node-id=node-3}         : 26554,000
producer-node-metrics:request-total:{client-id=producer-1, node-id=node-6}         : 26701,000
producer-node-metrics:response-rate:{client-id=producer-1, node-id=node--2}        : 0,000
producer-node-metrics:response-rate:{client-id=producer-1, node-id=node-1}         : 34,405
producer-node-metrics:response-rate:{client-id=producer-1, node-id=node-3}         : 33,449
producer-node-metrics:response-rate:{client-id=producer-1, node-id=node-6}         : 33,732
producer-node-metrics:response-total:{client-id=producer-1, node-id=node--2}       : 2,000
producer-node-metrics:response-total:{client-id=producer-1, node-id=node-1}        : 26777,000
producer-node-metrics:response-total:{client-id=producer-1, node-id=node-3}        : 26551,000
producer-node-metrics:response-total:{client-id=producer-1, node-id=node-6}        : 26698,000
producer-topic-metrics:byte-rate:{client-id=producer-1, topic=test-topic}          : 108866,442
producer-topic-metrics:byte-total:{client-id=producer-1, topic=test-topic}         : 86000711,000
producer-topic-metrics:compression-rate:{client-id=producer-1, topic=test-topic}   : 1,000
producer-topic-metrics:record-error-rate:{client-id=producer-1, topic=test-topic}  : 0,000
producer-topic-metrics:record-error-total:{client-id=producer-1, topic=test-topic} : 0,000
producer-topic-metrics:record-retry-rate:{client-id=producer-1, topic=test-topic}  : 0,000
producer-topic-metrics:record-retry-total:{client-id=producer-1, topic=test-topic} : 11,000
producer-topic-metrics:record-send-rate:{client-id=producer-1, topic=test-topic}   : 101,271
producer-topic-metrics:record-send-total:{client-id=producer-1, topic=test-topic}  : 80011,000
Produce Time: 883.234
Aplication time: 883.925
*****Produção finalizada, esperando 180 s para buscar WM*****
Water mark: 160000
