Topic to send: test-topic
Topic to acks: -1
Records: 80000
Size:1000
282 records sent, 56,4 records/sec (0,05 MB/sec), 17,6 ms avg latency, 251,0 ms max latency.
435 records sent, 83,6 records/sec (0,08 MB/sec), 11,9 ms avg latency, 622,0 ms max latency.
371 records sent, 74,2 records/sec (0,07 MB/sec), 13,5 ms avg latency, 660,0 ms max latency.
485 records sent, 93,3 records/sec (0,09 MB/sec), 10,7 ms avg latency, 651,0 ms max latency.
389 records sent, 77,8 records/sec (0,07 MB/sec), 12,8 ms avg latency, 646,0 ms max latency.
333 records sent, 66,2 records/sec (0,06 MB/sec), 15,1 ms avg latency, 210,0 ms max latency.
467 records sent, 90,5 records/sec (0,09 MB/sec), 11,0 ms avg latency, 626,0 ms max latency.
423 records sent, 84,6 records/sec (0,08 MB/sec), 11,8 ms avg latency, 643,0 ms max latency.
206 records sent, 40,5 records/sec (0,04 MB/sec), 24,7 ms avg latency, 1525,0 ms max latency.
498 records sent, 95,8 records/sec (0,09 MB/sec), 10,4 ms avg latency, 213,0 ms max latency.
579 records sent, 113,0 records/sec (0,11 MB/sec), 8,8 ms avg latency, 210,0 ms max latency.
446 records sent, 88,4 records/sec (0,08 MB/sec), 11,3 ms avg latency, 210,0 ms max latency.
344 records sent, 68,2 records/sec (0,07 MB/sec), 14,6 ms avg latency, 636,0 ms max latency.
523 records sent, 93,1 records/sec (0,09 MB/sec), 10,7 ms avg latency, 625,0 ms max latency.
406 records sent, 80,8 records/sec (0,08 MB/sec), 12,4 ms avg latency, 645,0 ms max latency.
654 records sent, 125,9 records/sec (0,12 MB/sec), 7,9 ms avg latency, 210,0 ms max latency.
427 records sent, 85,1 records/sec (0,08 MB/sec), 11,7 ms avg latency, 1503,0 ms max latency.
487 records sent, 95,9 records/sec (0,09 MB/sec), 10,4 ms avg latency, 213,0 ms max latency.
411 records sent, 79,5 records/sec (0,08 MB/sec), 12,6 ms avg latency, 639,0 ms max latency.
457 records sent, 91,3 records/sec (0,09 MB/sec), 10,9 ms avg latency, 209,0 ms max latency.
537 records sent, 107,4 records/sec (0,10 MB/sec), 9,3 ms avg latency, 649,0 ms max latency.
457 records sent, 90,6 records/sec (0,09 MB/sec), 11,0 ms avg latency, 210,0 ms max latency.
432 records sent, 86,4 records/sec (0,08 MB/sec), 11,6 ms avg latency, 627,0 ms max latency.
394 records sent, 77,1 records/sec (0,07 MB/sec), 13,0 ms avg latency, 633,0 ms max latency.
648 records sent, 125,1 records/sec (0,12 MB/sec), 8,0 ms avg latency, 211,0 ms max latency.
482 records sent, 95,1 records/sec (0,09 MB/sec), 10,5 ms avg latency, 210,0 ms max latency.
422 records sent, 81,9 records/sec (0,08 MB/sec), 12,2 ms avg latency, 618,0 ms max latency.
488 records sent, 96,5 records/sec (0,09 MB/sec), 10,4 ms avg latency, 628,0 ms max latency.
548 records sent, 97,6 records/sec (0,09 MB/sec), 10,2 ms avg latency, 641,0 ms max latency.
494 records sent, 96,9 records/sec (0,09 MB/sec), 10,3 ms avg latency, 640,0 ms max latency.
554 records sent, 106,7 records/sec (0,10 MB/sec), 9,4 ms avg latency, 210,0 ms max latency.
333 records sent, 66,2 records/sec (0,06 MB/sec), 15,1 ms avg latency, 625,0 ms max latency.
397 records sent, 77,9 records/sec (0,07 MB/sec), 12,8 ms avg latency, 626,0 ms max latency.
382 records sent, 74,6 records/sec (0,07 MB/sec), 13,4 ms avg latency, 642,0 ms max latency.
580 records sent, 114,8 records/sec (0,11 MB/sec), 8,7 ms avg latency, 210,0 ms max latency.
539 records sent, 104,6 records/sec (0,10 MB/sec), 9,5 ms avg latency, 209,0 ms max latency.
325 records sent, 65,0 records/sec (0,06 MB/sec), 15,4 ms avg latency, 647,0 ms max latency.
546 records sent, 105,1 records/sec (0,10 MB/sec), 9,5 ms avg latency, 210,0 ms max latency.
487 records sent, 96,0 records/sec (0,09 MB/sec), 10,4 ms avg latency, 210,0 ms max latency.
589 records sent, 116,8 records/sec (0,11 MB/sec), 8,5 ms avg latency, 210,0 ms max latency.
508 records sent, 97,8 records/sec (0,09 MB/sec), 10,2 ms avg latency, 649,0 ms max latency.
538 records sent, 104,2 records/sec (0,10 MB/sec), 9,6 ms avg latency, 621,0 ms max latency.
516 records sent, 101,2 records/sec (0,10 MB/sec), 9,9 ms avg latency, 210,0 ms max latency.
402 records sent, 78,7 records/sec (0,08 MB/sec), 12,7 ms avg latency, 627,0 ms max latency.
400 records sent, 78,5 records/sec (0,07 MB/sec), 12,7 ms avg latency, 210,0 ms max latency.
465 records sent, 92,4 records/sec (0,09 MB/sec), 10,8 ms avg latency, 627,0 ms max latency.
684 records sent, 136,7 records/sec (0,13 MB/sec), 7,3 ms avg latency, 209,0 ms max latency.
567 records sent, 113,4 records/sec (0,11 MB/sec), 8,8 ms avg latency, 210,0 ms max latency.
421 records sent, 81,3 records/sec (0,08 MB/sec), 12,3 ms avg latency, 628,0 ms max latency.
514 records sent, 100,4 records/sec (0,10 MB/sec), 9,9 ms avg latency, 210,0 ms max latency.
386 records sent, 75,5 records/sec (0,07 MB/sec), 13,2 ms avg latency, 638,0 ms max latency.
457 records sent, 91,3 records/sec (0,09 MB/sec), 11,0 ms avg latency, 210,0 ms max latency.
309 records sent, 61,8 records/sec (0,06 MB/sec), 16,2 ms avg latency, 1501,0 ms max latency.
371 records sent, 73,4 records/sec (0,07 MB/sec), 13,6 ms avg latency, 647,0 ms max latency.
427 records sent, 83,2 records/sec (0,08 MB/sec), 12,0 ms avg latency, 210,0 ms max latency.
684 records sent, 136,7 records/sec (0,13 MB/sec), 7,3 ms avg latency, 210,0 ms max latency.
420 records sent, 81,1 records/sec (0,08 MB/sec), 12,3 ms avg latency, 213,0 ms max latency.
471 records sent, 93,6 records/sec (0,09 MB/sec), 10,7 ms avg latency, 626,0 ms max latency.
380 records sent, 74,3 records/sec (0,07 MB/sec), 13,4 ms avg latency, 210,0 ms max latency.
576 records sent, 115,2 records/sec (0,11 MB/sec), 8,7 ms avg latency, 625,0 ms max latency.
639 records sent, 119,9 records/sec (0,11 MB/sec), 8,3 ms avg latency, 629,0 ms max latency.
502 records sent, 98,5 records/sec (0,09 MB/sec), 10,1 ms avg latency, 628,0 ms max latency.
460 records sent, 92,0 records/sec (0,09 MB/sec), 10,9 ms avg latency, 622,0 ms max latency.
497 records sent, 98,4 records/sec (0,09 MB/sec), 10,1 ms avg latency, 619,0 ms max latency.
429 records sent, 83,3 records/sec (0,08 MB/sec), 12,0 ms avg latency, 621,0 ms max latency.
441 records sent, 84,8 records/sec (0,08 MB/sec), 11,8 ms avg latency, 646,0 ms max latency.
475 records sent, 94,9 records/sec (0,09 MB/sec), 10,5 ms avg latency, 209,0 ms max latency.
347 records sent, 69,2 records/sec (0,07 MB/sec), 14,4 ms avg latency, 629,0 ms max latency.
571 records sent, 110,4 records/sec (0,11 MB/sec), 9,0 ms avg latency, 628,0 ms max latency.
487 records sent, 96,9 records/sec (0,09 MB/sec), 10,3 ms avg latency, 210,0 ms max latency.
590 records sent, 117,5 records/sec (0,11 MB/sec), 8,5 ms avg latency, 210,0 ms max latency.
560 records sent, 112,0 records/sec (0,11 MB/sec), 8,9 ms avg latency, 642,0 ms max latency.
433 records sent, 83,8 records/sec (0,08 MB/sec), 11,9 ms avg latency, 641,0 ms max latency.
449 records sent, 86,7 records/sec (0,08 MB/sec), 11,5 ms avg latency, 210,0 ms max latency.
451 records sent, 86,9 records/sec (0,08 MB/sec), 11,5 ms avg latency, 210,0 ms max latency.
582 records sent, 106,8 records/sec (0,10 MB/sec), 9,4 ms avg latency, 629,0 ms max latency.
460 records sent, 91,9 records/sec (0,09 MB/sec), 10,9 ms avg latency, 210,0 ms max latency.
507 records sent, 100,1 records/sec (0,10 MB/sec), 10,0 ms avg latency, 210,0 ms max latency.
299 records sent, 57,6 records/sec (0,05 MB/sec), 17,3 ms avg latency, 1506,0 ms max latency.
634 records sent, 123,8 records/sec (0,12 MB/sec), 8,1 ms avg latency, 214,0 ms max latency.
447 records sent, 86,0 records/sec (0,08 MB/sec), 11,6 ms avg latency, 210,0 ms max latency.
471 records sent, 94,2 records/sec (0,09 MB/sec), 10,6 ms avg latency, 211,0 ms max latency.
401 records sent, 78,7 records/sec (0,08 MB/sec), 12,7 ms avg latency, 632,0 ms max latency.
398 records sent, 78,0 records/sec (0,07 MB/sec), 12,8 ms avg latency, 629,0 ms max latency.
599 records sent, 118,5 records/sec (0,11 MB/sec), 8,4 ms avg latency, 623,0 ms max latency.
384 records sent, 76,0 records/sec (0,07 MB/sec), 13,2 ms avg latency, 628,0 ms max latency.
234 records sent, 44,2 records/sec (0,04 MB/sec), 22,6 ms avg latency, 1522,0 ms max latency.
706 records sent, 140,7 records/sec (0,13 MB/sec), 7,1 ms avg latency, 210,0 ms max latency.
394 records sent, 77,7 records/sec (0,07 MB/sec), 12,9 ms avg latency, 210,0 ms max latency.
468 records sent, 92,8 records/sec (0,09 MB/sec), 10,8 ms avg latency, 644,0 ms max latency.
437 records sent, 87,4 records/sec (0,08 MB/sec), 11,4 ms avg latency, 641,0 ms max latency.
508 records sent, 99,5 records/sec (0,09 MB/sec), 10,0 ms avg latency, 633,0 ms max latency.
541 records sent, 104,6 records/sec (0,10 MB/sec), 9,5 ms avg latency, 647,0 ms max latency.
301 records sent, 58,6 records/sec (0,06 MB/sec), 17,1 ms avg latency, 647,0 ms max latency.
452 records sent, 90,0 records/sec (0,09 MB/sec), 11,1 ms avg latency, 209,0 ms max latency.
480 records sent, 95,2 records/sec (0,09 MB/sec), 10,5 ms avg latency, 212,0 ms max latency.
630 records sent, 123,6 records/sec (0,12 MB/sec), 8,1 ms avg latency, 209,0 ms max latency.
545 records sent, 105,4 records/sec (0,10 MB/sec), 9,5 ms avg latency, 627,0 ms max latency.
669 records sent, 133,6 records/sec (0,13 MB/sec), 7,5 ms avg latency, 210,0 ms max latency.
625 records sent, 117,2 records/sec (0,11 MB/sec), 8,5 ms avg latency, 645,0 ms max latency.
428 records sent, 82,7 records/sec (0,08 MB/sec), 12,1 ms avg latency, 644,0 ms max latency.
442 records sent, 88,2 records/sec (0,08 MB/sec), 11,3 ms avg latency, 641,0 ms max latency.
443 records sent, 86,1 records/sec (0,08 MB/sec), 11,6 ms avg latency, 210,0 ms max latency.
549 records sent, 102,3 records/sec (0,10 MB/sec), 9,8 ms avg latency, 622,0 ms max latency.
345 records sent, 68,7 records/sec (0,07 MB/sec), 14,6 ms avg latency, 627,0 ms max latency.
668 records sent, 128,9 records/sec (0,12 MB/sec), 7,7 ms avg latency, 647,0 ms max latency.
491 records sent, 96,8 records/sec (0,09 MB/sec), 10,3 ms avg latency, 210,0 ms max latency.
435 records sent, 84,6 records/sec (0,08 MB/sec), 11,8 ms avg latency, 210,0 ms max latency.
404 records sent, 78,9 records/sec (0,08 MB/sec), 12,7 ms avg latency, 224,0 ms max latency.
677 records sent, 135,4 records/sec (0,13 MB/sec), 7,4 ms avg latency, 212,0 ms max latency.
513 records sent, 101,0 records/sec (0,10 MB/sec), 9,9 ms avg latency, 619,0 ms max latency.
569 records sent, 113,8 records/sec (0,11 MB/sec), 8,8 ms avg latency, 632,0 ms max latency.
260 records sent, 51,6 records/sec (0,05 MB/sec), 19,4 ms avg latency, 633,0 ms max latency.
739 records sent, 145,5 records/sec (0,14 MB/sec), 6,9 ms avg latency, 210,0 ms max latency.
462 records sent, 92,3 records/sec (0,09 MB/sec), 10,8 ms avg latency, 640,0 ms max latency.
471 records sent, 93,6 records/sec (0,09 MB/sec), 10,7 ms avg latency, 209,0 ms max latency.
520 records sent, 101,9 records/sec (0,10 MB/sec), 9,8 ms avg latency, 209,0 ms max latency.
504 records sent, 99,2 records/sec (0,09 MB/sec), 10,1 ms avg latency, 632,0 ms max latency.
356 records sent, 71,2 records/sec (0,07 MB/sec), 14,0 ms avg latency, 210,0 ms max latency.
501 records sent, 98,3 records/sec (0,09 MB/sec), 10,2 ms avg latency, 646,0 ms max latency.
426 records sent, 82,7 records/sec (0,08 MB/sec), 12,1 ms avg latency, 629,0 ms max latency.
505 records sent, 99,3 records/sec (0,09 MB/sec), 10,1 ms avg latency, 221,0 ms max latency.
242 records sent, 45,2 records/sec (0,04 MB/sec), 22,1 ms avg latency, 1536,0 ms max latency.
565 records sent, 113,0 records/sec (0,11 MB/sec), 8,8 ms avg latency, 648,0 ms max latency.
468 records sent, 93,3 records/sec (0,09 MB/sec), 10,7 ms avg latency, 210,0 ms max latency.
433 records sent, 84,2 records/sec (0,08 MB/sec), 11,9 ms avg latency, 210,0 ms max latency.
448 records sent, 86,2 records/sec (0,08 MB/sec), 11,6 ms avg latency, 633,0 ms max latency.
344 records sent, 61,1 records/sec (0,06 MB/sec), 16,4 ms avg latency, 644,0 ms max latency.
518 records sent, 101,4 records/sec (0,10 MB/sec), 9,8 ms avg latency, 209,0 ms max latency.
332 records sent, 66,4 records/sec (0,06 MB/sec), 15,1 ms avg latency, 646,0 ms max latency.
364 records sent, 72,4 records/sec (0,07 MB/sec), 13,8 ms avg latency, 212,0 ms max latency.
585 records sent, 115,8 records/sec (0,11 MB/sec), 8,6 ms avg latency, 639,0 ms max latency.
700 records sent, 139,0 records/sec (0,13 MB/sec), 7,2 ms avg latency, 210,0 ms max latency.
407 records sent, 80,1 records/sec (0,08 MB/sec), 12,5 ms avg latency, 210,0 ms max latency.
404 records sent, 79,1 records/sec (0,08 MB/sec), 12,6 ms avg latency, 634,0 ms max latency.
450 records sent, 80,3 records/sec (0,08 MB/sec), 12,4 ms avg latency, 643,0 ms max latency.
433 records sent, 83,2 records/sec (0,08 MB/sec), 12,0 ms avg latency, 645,0 ms max latency.
423 records sent, 75,8 records/sec (0,07 MB/sec), 13,2 ms avg latency, 650,0 ms max latency.
398 records sent, 78,3 records/sec (0,07 MB/sec), 12,8 ms avg latency, 210,0 ms max latency.
497 records sent, 98,4 records/sec (0,09 MB/sec), 10,1 ms avg latency, 210,0 ms max latency.
584 records sent, 116,2 records/sec (0,11 MB/sec), 8,6 ms avg latency, 210,0 ms max latency.
668 records sent, 133,6 records/sec (0,13 MB/sec), 7,5 ms avg latency, 210,0 ms max latency.
366 records sent, 72,6 records/sec (0,07 MB/sec), 13,8 ms avg latency, 212,0 ms max latency.
452 records sent, 86,9 records/sec (0,08 MB/sec), 11,5 ms avg latency, 619,0 ms max latency.
370 records sent, 73,0 records/sec (0,07 MB/sec), 13,7 ms avg latency, 645,0 ms max latency.
500 records sent, 98,8 records/sec (0,09 MB/sec), 10,1 ms avg latency, 210,0 ms max latency.
477 records sent, 95,4 records/sec (0,09 MB/sec), 10,5 ms avg latency, 621,0 ms max latency.
571 records sent, 114,2 records/sec (0,11 MB/sec), 8,8 ms avg latency, 210,0 ms max latency.
338 records sent, 67,4 records/sec (0,06 MB/sec), 14,8 ms avg latency, 645,0 ms max latency.
413 records sent, 74,6 records/sec (0,07 MB/sec), 13,4 ms avg latency, 646,0 ms max latency.
653 records sent, 127,2 records/sec (0,12 MB/sec), 7,8 ms avg latency, 210,0 ms max latency.
524 records sent, 102,3 records/sec (0,10 MB/sec), 9,8 ms avg latency, 210,0 ms max latency.
420 records sent, 81,5 records/sec (0,08 MB/sec), 12,3 ms avg latency, 210,0 ms max latency.
434 records sent, 84,8 records/sec (0,08 MB/sec), 11,8 ms avg latency, 209,0 ms max latency.
553 records sent, 106,7 records/sec (0,10 MB/sec), 9,4 ms avg latency, 224,0 ms max latency.
578 records sent, 115,6 records/sec (0,11 MB/sec), 8,6 ms avg latency, 210,0 ms max latency.
513 records sent, 100,0 records/sec (0,10 MB/sec), 10,0 ms avg latency, 210,0 ms max latency.
428 records sent, 83,2 records/sec (0,08 MB/sec), 12,0 ms avg latency, 630,0 ms max latency.
618 records sent, 122,4 records/sec (0,12 MB/sec), 8,2 ms avg latency, 210,0 ms max latency.
660 records sent, 129,1 records/sec (0,12 MB/sec), 7,7 ms avg latency, 210,0 ms max latency.
440 records sent, 85,5 records/sec (0,08 MB/sec), 11,7 ms avg latency, 209,0 ms max latency.
528 records sent, 102,4 records/sec (0,10 MB/sec), 9,8 ms avg latency, 630,0 ms max latency.
447 records sent, 89,3 records/sec (0,09 MB/sec), 11,2 ms avg latency, 633,0 ms max latency.
305 records sent, 59,5 records/sec (0,06 MB/sec), 16,8 ms avg latency, 210,0 ms max latency.
611 records sent, 120,0 records/sec (0,11 MB/sec), 8,3 ms avg latency, 214,0 ms max latency.
444 records sent, 85,3 records/sec (0,08 MB/sec), 11,7 ms avg latency, 210,0 ms max latency.
507 records sent, 99,1 records/sec (0,09 MB/sec), 10,1 ms avg latency, 630,0 ms max latency.
265 records sent, 52,1 records/sec (0,05 MB/sec), 19,2 ms avg latency, 644,0 ms max latency.
80000 records sent, 92,832948 records/sec (0,09 MB/sec), 10,76 ms avg latency, 1536,00 ms max latency, 2 ms 50th, 3 ms 95th, 209 ms 99th, 628 ms 99.9th.

Metric Name                                                                          Value
app-info:commit-id:{client-id=producer-1}                                          : d4284cbebb6f0a4c
app-info:start-time-ms:{client-id=producer-1}                                      : 1592625649829
app-info:version:{client-id=producer-1}                                            : 2.3.1
kafka-metrics-count:count:{client-id=producer-1}                                   : 126,000
producer-metrics:batch-size-avg:{client-id=producer-1}                             : 1075,000
producer-metrics:batch-size-max:{client-id=producer-1}                             : 1075,000
producer-metrics:batch-split-rate:{client-id=producer-1}                           : 0,000
producer-metrics:batch-split-total:{client-id=producer-1}                          : 0,000
producer-metrics:buffer-available-bytes:{client-id=producer-1}                     : 33554432,000
producer-metrics:buffer-exhausted-rate:{client-id=producer-1}                      : 0,000
producer-metrics:buffer-exhausted-total:{client-id=producer-1}                     : 0,000
producer-metrics:buffer-total-bytes:{client-id=producer-1}                         : 33554432,000
producer-metrics:bufferpool-wait-ratio:{client-id=producer-1}                      : 0,000
producer-metrics:bufferpool-wait-time-total:{client-id=producer-1}                 : 0,000
producer-metrics:compression-rate-avg:{client-id=producer-1}                       : 1,000
producer-metrics:connection-close-rate:{client-id=producer-1}                      : 0,000
producer-metrics:connection-close-total:{client-id=producer-1}                     : 7,000
producer-metrics:connection-count:{client-id=producer-1}                           : 3,000
producer-metrics:connection-creation-rate:{client-id=producer-1}                   : 0,000
producer-metrics:connection-creation-total:{client-id=producer-1}                  : 10,000
producer-metrics:failed-authentication-rate:{client-id=producer-1}                 : 0,000
producer-metrics:failed-authentication-total:{client-id=producer-1}                : 0,000
producer-metrics:failed-reauthentication-rate:{client-id=producer-1}               : 0,000
producer-metrics:failed-reauthentication-total:{client-id=producer-1}              : 0,000
producer-metrics:incoming-byte-rate:{client-id=producer-1}                         : 5775,322
producer-metrics:incoming-byte-total:{client-id=producer-1}                        : 4965220,000
producer-metrics:io-ratio:{client-id=producer-1}                                   : 0,003
producer-metrics:io-time-ns-avg:{client-id=producer-1}                             : 11723,036
producer-metrics:io-wait-ratio:{client-id=producer-1}                              : 0,995
producer-metrics:io-wait-time-ns-avg:{client-id=producer-1}                        : 3587656,045
producer-metrics:io-waittime-total:{client-id=producer-1}                          : 852798966420,000
producer-metrics:iotime-total:{client-id=producer-1}                               : 3138993816,000
producer-metrics:metadata-age:{client-id=producer-1}                               : 233,818
producer-metrics:network-io-rate:{client-id=producer-1}                            : 186,277
producer-metrics:network-io-total:{client-id=producer-1}                           : 160042,000
producer-metrics:outgoing-byte-rate:{client-id=producer-1}                         : 106642,500
producer-metrics:outgoing-byte-total:{client-id=producer-1}                        : 91596342,000
producer-metrics:produce-throttle-time-avg:{client-id=producer-1}                  : 0,000
producer-metrics:produce-throttle-time-max:{client-id=producer-1}                  : 0,000
producer-metrics:reauthentication-latency-avg:{client-id=producer-1}               : NaN
producer-metrics:reauthentication-latency-max:{client-id=producer-1}               : NaN
producer-metrics:record-error-rate:{client-id=producer-1}                          : 0,000
producer-metrics:record-error-total:{client-id=producer-1}                         : 0,000
producer-metrics:record-queue-time-avg:{client-id=producer-1}                      : 0,020
producer-metrics:record-queue-time-max:{client-id=producer-1}                      : 1,000
producer-metrics:record-retry-rate:{client-id=producer-1}                          : 0,000
producer-metrics:record-retry-total:{client-id=producer-1}                         : 6,000
producer-metrics:record-send-rate:{client-id=producer-1}                           : 93,851
producer-metrics:record-send-total:{client-id=producer-1}                          : 80006,000
producer-metrics:record-size-avg:{client-id=producer-1}                            : 1091,000
producer-metrics:record-size-max:{client-id=producer-1}                            : 1091,000
producer-metrics:records-per-request-avg:{client-id=producer-1}                    : 1,000
producer-metrics:request-latency-avg:{client-id=producer-1}                        : 10,649
producer-metrics:request-latency-max:{client-id=producer-1}                        : 644,000
producer-metrics:request-rate:{client-id=producer-1}                               : 93,132
producer-metrics:request-size-avg:{client-id=producer-1}                           : 1145,000
producer-metrics:request-size-max:{client-id=producer-1}                           : 1145,000
producer-metrics:request-total:{client-id=producer-1}                              : 80024,000
producer-metrics:requests-in-flight:{client-id=producer-1}                         : 0,000
producer-metrics:response-rate:{client-id=producer-1}                              : 93,150
producer-metrics:response-total:{client-id=producer-1}                             : 80018,000
producer-metrics:select-rate:{client-id=producer-1}                                : 277,248
producer-metrics:select-total:{client-id=producer-1}                               : 239766,000
producer-metrics:successful-authentication-no-reauth-total:{client-id=producer-1}  : 0,000
producer-metrics:successful-authentication-rate:{client-id=producer-1}             : 0,000
producer-metrics:successful-authentication-total:{client-id=producer-1}            : 0,000
producer-metrics:successful-reauthentication-rate:{client-id=producer-1}           : 0,000
producer-metrics:successful-reauthentication-total:{client-id=producer-1}          : 0,000
producer-metrics:waiting-threads:{client-id=producer-1}                            : 0,000
producer-node-metrics:incoming-byte-rate:{client-id=producer-1, node-id=node--2}   : 0,000
producer-node-metrics:incoming-byte-rate:{client-id=producer-1, node-id=node-1}    : 1909,141
producer-node-metrics:incoming-byte-rate:{client-id=producer-1, node-id=node-3}    : 1932,318
producer-node-metrics:incoming-byte-rate:{client-id=producer-1, node-id=node-6}    : 1942,802
producer-node-metrics:incoming-byte-total:{client-id=producer-1, node-id=node--2}  : 579,000
producer-node-metrics:incoming-byte-total:{client-id=producer-1, node-id=node-1}   : 1661105,000
producer-node-metrics:incoming-byte-total:{client-id=producer-1, node-id=node-3}   : 1647304,000
producer-node-metrics:incoming-byte-total:{client-id=producer-1, node-id=node-6}   : 1656232,000
producer-node-metrics:outgoing-byte-rate:{client-id=producer-1, node-id=node--2}   : 0,000
producer-node-metrics:outgoing-byte-rate:{client-id=producer-1, node-id=node-1}    : 35237,086
producer-node-metrics:outgoing-byte-rate:{client-id=producer-1, node-id=node-3}    : 35685,559
producer-node-metrics:outgoing-byte-rate:{client-id=producer-1, node-id=node-6}    : 35823,876
producer-node-metrics:outgoing-byte-total:{client-id=producer-1, node-id=node--2}  : 67,000
producer-node-metrics:outgoing-byte-total:{client-id=producer-1, node-id=node-1}   : 30643452,000
producer-node-metrics:outgoing-byte-total:{client-id=producer-1, node-id=node-3}   : 30394020,000
producer-node-metrics:outgoing-byte-total:{client-id=producer-1, node-id=node-6}   : 30558803,000
producer-node-metrics:request-latency-avg:{client-id=producer-1, node-id=node--2}  : NaN
producer-node-metrics:request-latency-avg:{client-id=producer-1, node-id=node-1}   : 11,988
producer-node-metrics:request-latency-avg:{client-id=producer-1, node-id=node-3}   : 8,024
producer-node-metrics:request-latency-avg:{client-id=producer-1, node-id=node-6}   : 12,069
producer-node-metrics:request-latency-max:{client-id=producer-1, node-id=node--2}  : NaN
producer-node-metrics:request-latency-max:{client-id=producer-1, node-id=node-1}   : 644,000
producer-node-metrics:request-latency-max:{client-id=producer-1, node-id=node-3}   : 210,000
producer-node-metrics:request-latency-max:{client-id=producer-1, node-id=node-6}   : 630,000
producer-node-metrics:request-rate:{client-id=producer-1, node-id=node--2}         : 0,000
producer-node-metrics:request-rate:{client-id=producer-1, node-id=node-1}          : 30,774
producer-node-metrics:request-rate:{client-id=producer-1, node-id=node-3}          : 31,165
producer-node-metrics:request-rate:{client-id=producer-1, node-id=node-6}          : 31,286
producer-node-metrics:request-size-avg:{client-id=producer-1, node-id=node--2}     : NaN
producer-node-metrics:request-size-avg:{client-id=producer-1, node-id=node-1}      : 1145,000
producer-node-metrics:request-size-avg:{client-id=producer-1, node-id=node-3}      : 1145,000
producer-node-metrics:request-size-avg:{client-id=producer-1, node-id=node-6}      : 1145,000
producer-node-metrics:request-size-max:{client-id=producer-1, node-id=node--2}     : NaN
producer-node-metrics:request-size-max:{client-id=producer-1, node-id=node-1}      : 1145,000
producer-node-metrics:request-size-max:{client-id=producer-1, node-id=node-3}      : 1145,000
producer-node-metrics:request-size-max:{client-id=producer-1, node-id=node-6}      : 1145,000
producer-node-metrics:request-total:{client-id=producer-1, node-id=node--2}        : 2,000
producer-node-metrics:request-total:{client-id=producer-1, node-id=node-1}         : 26772,000
producer-node-metrics:request-total:{client-id=producer-1, node-id=node-3}         : 26553,000
producer-node-metrics:request-total:{client-id=producer-1, node-id=node-6}         : 26697,000
producer-node-metrics:response-rate:{client-id=producer-1, node-id=node--2}        : 0,000
producer-node-metrics:response-rate:{client-id=producer-1, node-id=node-1}         : 30,793
producer-node-metrics:response-rate:{client-id=producer-1, node-id=node-3}         : 31,166
producer-node-metrics:response-rate:{client-id=producer-1, node-id=node-6}         : 31,336
producer-node-metrics:response-total:{client-id=producer-1, node-id=node--2}       : 2,000
producer-node-metrics:response-total:{client-id=producer-1, node-id=node-1}        : 26770,000
producer-node-metrics:response-total:{client-id=producer-1, node-id=node-3}        : 26551,000
producer-node-metrics:response-total:{client-id=producer-1, node-id=node-6}        : 26695,000
producer-topic-metrics:byte-rate:{client-id=producer-1, topic=test-topic}          : 100887,206
producer-topic-metrics:byte-total:{client-id=producer-1, topic=test-topic}         : 85995338,000
producer-topic-metrics:compression-rate:{client-id=producer-1, topic=test-topic}   : 1,000
producer-topic-metrics:record-error-rate:{client-id=producer-1, topic=test-topic}  : 0,000
producer-topic-metrics:record-error-total:{client-id=producer-1, topic=test-topic} : 0,000
producer-topic-metrics:record-retry-rate:{client-id=producer-1, topic=test-topic}  : 0,000
producer-topic-metrics:record-retry-total:{client-id=producer-1, topic=test-topic} : 6,000
producer-topic-metrics:record-send-rate:{client-id=producer-1, topic=test-topic}   : 93,851
producer-topic-metrics:record-send-total:{client-id=producer-1, topic=test-topic}  : 80006,000
Produce Time: 861.762
Aplication time: 862.436
*****Produção finalizada, esperando 180 s para buscar WM*****
Water mark: 400000
