Topic to send: test-topic
Topic to acks: -1
Records: 80000
Size:1000
388 records sent, 77,1 records/sec (0,07 MB/sec), 12,9 ms avg latency, 624,0 ms max latency.
270 records sent, 54,0 records/sec (0,05 MB/sec), 18,5 ms avg latency, 636,0 ms max latency.
486 records sent, 93,5 records/sec (0,09 MB/sec), 10,7 ms avg latency, 211,0 ms max latency.
397 records sent, 79,3 records/sec (0,08 MB/sec), 12,6 ms avg latency, 644,0 ms max latency.
307 records sent, 59,2 records/sec (0,06 MB/sec), 16,8 ms avg latency, 620,0 ms max latency.
387 records sent, 75,0 records/sec (0,07 MB/sec), 13,3 ms avg latency, 214,0 ms max latency.
499 records sent, 96,8 records/sec (0,09 MB/sec), 10,3 ms avg latency, 218,0 ms max latency.
311 records sent, 62,2 records/sec (0,06 MB/sec), 16,1 ms avg latency, 242,0 ms max latency.
307 records sent, 60,6 records/sec (0,06 MB/sec), 16,5 ms avg latency, 1523,0 ms max latency.
497 records sent, 88,4 records/sec (0,08 MB/sec), 11,3 ms avg latency, 638,0 ms max latency.
372 records sent, 73,0 records/sec (0,07 MB/sec), 13,7 ms avg latency, 212,0 ms max latency.
530 records sent, 106,0 records/sec (0,10 MB/sec), 9,4 ms avg latency, 210,0 ms max latency.
354 records sent, 69,6 records/sec (0,07 MB/sec), 14,4 ms avg latency, 645,0 ms max latency.
302 records sent, 54,1 records/sec (0,05 MB/sec), 18,5 ms avg latency, 644,0 ms max latency.
341 records sent, 67,4 records/sec (0,06 MB/sec), 14,8 ms avg latency, 648,0 ms max latency.
506 records sent, 99,1 records/sec (0,09 MB/sec), 10,1 ms avg latency, 210,0 ms max latency.
273 records sent, 53,2 records/sec (0,05 MB/sec), 18,8 ms avg latency, 646,0 ms max latency.
644 records sent, 124,5 records/sec (0,12 MB/sec), 8,0 ms avg latency, 646,0 ms max latency.
470 records sent, 93,0 records/sec (0,09 MB/sec), 10,7 ms avg latency, 642,0 ms max latency.
730 records sent, 141,6 records/sec (0,14 MB/sec), 7,0 ms avg latency, 641,0 ms max latency.
441 records sent, 85,0 records/sec (0,08 MB/sec), 11,8 ms avg latency, 210,0 ms max latency.
438 records sent, 84,1 records/sec (0,08 MB/sec), 11,9 ms avg latency, 645,0 ms max latency.
457 records sent, 91,3 records/sec (0,09 MB/sec), 10,9 ms avg latency, 210,0 ms max latency.
554 records sent, 110,5 records/sec (0,11 MB/sec), 9,0 ms avg latency, 650,0 ms max latency.
514 records sent, 100,6 records/sec (0,10 MB/sec), 9,9 ms avg latency, 627,0 ms max latency.
472 records sent, 89,8 records/sec (0,09 MB/sec), 11,1 ms avg latency, 619,0 ms max latency.
613 records sent, 120,5 records/sec (0,11 MB/sec), 8,3 ms avg latency, 210,0 ms max latency.
459 records sent, 91,8 records/sec (0,09 MB/sec), 10,9 ms avg latency, 210,0 ms max latency.
489 records sent, 97,2 records/sec (0,09 MB/sec), 10,3 ms avg latency, 210,0 ms max latency.
574 records sent, 114,8 records/sec (0,11 MB/sec), 8,7 ms avg latency, 210,0 ms max latency.
459 records sent, 91,8 records/sec (0,09 MB/sec), 10,9 ms avg latency, 630,0 ms max latency.
547 records sent, 106,0 records/sec (0,10 MB/sec), 9,4 ms avg latency, 210,0 ms max latency.
388 records sent, 76,5 records/sec (0,07 MB/sec), 13,1 ms avg latency, 210,0 ms max latency.
518 records sent, 101,0 records/sec (0,10 MB/sec), 9,9 ms avg latency, 650,0 ms max latency.
295 records sent, 57,3 records/sec (0,05 MB/sec), 17,4 ms avg latency, 642,0 ms max latency.
519 records sent, 101,6 records/sec (0,10 MB/sec), 9,8 ms avg latency, 210,0 ms max latency.
433 records sent, 84,0 records/sec (0,08 MB/sec), 11,9 ms avg latency, 210,0 ms max latency.
408 records sent, 79,5 records/sec (0,08 MB/sec), 12,6 ms avg latency, 628,0 ms max latency.
486 records sent, 96,1 records/sec (0,09 MB/sec), 10,4 ms avg latency, 621,0 ms max latency.
598 records sent, 118,8 records/sec (0,11 MB/sec), 8,4 ms avg latency, 210,0 ms max latency.
272 records sent, 49,7 records/sec (0,05 MB/sec), 20,1 ms avg latency, 628,0 ms max latency.
443 records sent, 85,7 records/sec (0,08 MB/sec), 11,7 ms avg latency, 210,0 ms max latency.
477 records sent, 94,6 records/sec (0,09 MB/sec), 10,6 ms avg latency, 210,0 ms max latency.
305 records sent, 60,9 records/sec (0,06 MB/sec), 16,4 ms avg latency, 1542,0 ms max latency.
410 records sent, 80,7 records/sec (0,08 MB/sec), 12,4 ms avg latency, 211,0 ms max latency.
412 records sent, 80,7 records/sec (0,08 MB/sec), 12,4 ms avg latency, 211,0 ms max latency.
371 records sent, 73,7 records/sec (0,07 MB/sec), 13,5 ms avg latency, 210,0 ms max latency.
558 records sent, 111,6 records/sec (0,11 MB/sec), 8,9 ms avg latency, 240,0 ms max latency.
269 records sent, 52,1 records/sec (0,05 MB/sec), 19,2 ms avg latency, 1722,0 ms max latency.
336 records sent, 67,2 records/sec (0,06 MB/sec), 14,9 ms avg latency, 626,0 ms max latency.
285 records sent, 55,9 records/sec (0,05 MB/sec), 17,9 ms avg latency, 641,0 ms max latency.
459 records sent, 91,8 records/sec (0,09 MB/sec), 10,9 ms avg latency, 213,0 ms max latency.
299 records sent, 57,7 records/sec (0,06 MB/sec), 17,3 ms avg latency, 1528,0 ms max latency.
429 records sent, 82,7 records/sec (0,08 MB/sec), 12,1 ms avg latency, 632,0 ms max latency.
461 records sent, 92,2 records/sec (0,09 MB/sec), 10,8 ms avg latency, 210,0 ms max latency.
452 records sent, 90,4 records/sec (0,09 MB/sec), 11,0 ms avg latency, 210,0 ms max latency.
411 records sent, 80,4 records/sec (0,08 MB/sec), 12,4 ms avg latency, 210,0 ms max latency.
397 records sent, 78,0 records/sec (0,07 MB/sec), 12,8 ms avg latency, 644,0 ms max latency.
501 records sent, 98,3 records/sec (0,09 MB/sec), 10,2 ms avg latency, 638,0 ms max latency.
456 records sent, 91,1 records/sec (0,09 MB/sec), 11,0 ms avg latency, 625,0 ms max latency.
432 records sent, 83,7 records/sec (0,08 MB/sec), 11,9 ms avg latency, 642,0 ms max latency.
457 records sent, 87,5 records/sec (0,08 MB/sec), 11,4 ms avg latency, 640,0 ms max latency.
380 records sent, 72,0 records/sec (0,07 MB/sec), 13,9 ms avg latency, 640,0 ms max latency.
538 records sent, 104,7 records/sec (0,10 MB/sec), 9,5 ms avg latency, 637,0 ms max latency.
375 records sent, 74,2 records/sec (0,07 MB/sec), 13,5 ms avg latency, 645,0 ms max latency.
499 records sent, 90,4 records/sec (0,09 MB/sec), 11,0 ms avg latency, 641,0 ms max latency.
643 records sent, 125,9 records/sec (0,12 MB/sec), 7,9 ms avg latency, 626,0 ms max latency.
506 records sent, 99,9 records/sec (0,10 MB/sec), 10,0 ms avg latency, 621,0 ms max latency.
465 records sent, 89,4 records/sec (0,09 MB/sec), 11,2 ms avg latency, 210,0 ms max latency.
339 records sent, 67,6 records/sec (0,06 MB/sec), 14,8 ms avg latency, 632,0 ms max latency.
558 records sent, 108,2 records/sec (0,10 MB/sec), 9,2 ms avg latency, 210,0 ms max latency.
455 records sent, 87,9 records/sec (0,08 MB/sec), 11,4 ms avg latency, 210,0 ms max latency.
580 records sent, 116,0 records/sec (0,11 MB/sec), 8,6 ms avg latency, 210,0 ms max latency.
493 records sent, 97,5 records/sec (0,09 MB/sec), 10,2 ms avg latency, 642,0 ms max latency.
408 records sent, 80,0 records/sec (0,08 MB/sec), 12,5 ms avg latency, 630,0 ms max latency.
324 records sent, 62,9 records/sec (0,06 MB/sec), 15,9 ms avg latency, 620,0 ms max latency.
366 records sent, 72,7 records/sec (0,07 MB/sec), 13,7 ms avg latency, 209,0 ms max latency.
652 records sent, 127,5 records/sec (0,12 MB/sec), 7,8 ms avg latency, 209,0 ms max latency.
425 records sent, 82,8 records/sec (0,08 MB/sec), 12,1 ms avg latency, 210,0 ms max latency.
465 records sent, 93,0 records/sec (0,09 MB/sec), 10,7 ms avg latency, 209,0 ms max latency.
411 records sent, 80,1 records/sec (0,08 MB/sec), 12,5 ms avg latency, 647,0 ms max latency.
290 records sent, 56,6 records/sec (0,05 MB/sec), 17,6 ms avg latency, 641,0 ms max latency.
512 records sent, 100,8 records/sec (0,10 MB/sec), 9,9 ms avg latency, 210,0 ms max latency.
467 records sent, 93,0 records/sec (0,09 MB/sec), 10,7 ms avg latency, 639,0 ms max latency.
381 records sent, 75,4 records/sec (0,07 MB/sec), 13,3 ms avg latency, 629,0 ms max latency.
480 records sent, 95,6 records/sec (0,09 MB/sec), 10,5 ms avg latency, 210,0 ms max latency.
363 records sent, 71,6 records/sec (0,07 MB/sec), 13,9 ms avg latency, 213,0 ms max latency.
589 records sent, 117,4 records/sec (0,11 MB/sec), 8,5 ms avg latency, 210,0 ms max latency.
603 records sent, 118,7 records/sec (0,11 MB/sec), 8,4 ms avg latency, 641,0 ms max latency.
420 records sent, 75,8 records/sec (0,07 MB/sec), 13,2 ms avg latency, 626,0 ms max latency.
370 records sent, 72,9 records/sec (0,07 MB/sec), 13,7 ms avg latency, 210,0 ms max latency.
418 records sent, 81,5 records/sec (0,08 MB/sec), 12,3 ms avg latency, 627,0 ms max latency.
234 records sent, 46,3 records/sec (0,04 MB/sec), 21,6 ms avg latency, 1720,0 ms max latency.
607 records sent, 120,3 records/sec (0,11 MB/sec), 8,3 ms avg latency, 210,0 ms max latency.
404 records sent, 78,8 records/sec (0,08 MB/sec), 12,7 ms avg latency, 647,0 ms max latency.
516 records sent, 93,1 records/sec (0,09 MB/sec), 10,7 ms avg latency, 626,0 ms max latency.
523 records sent, 97,9 records/sec (0,09 MB/sec), 10,2 ms avg latency, 620,0 ms max latency.
488 records sent, 96,7 records/sec (0,09 MB/sec), 10,3 ms avg latency, 210,0 ms max latency.
475 records sent, 90,4 records/sec (0,09 MB/sec), 11,0 ms avg latency, 635,0 ms max latency.
280 records sent, 54,9 records/sec (0,05 MB/sec), 18,2 ms avg latency, 629,0 ms max latency.
624 records sent, 121,2 records/sec (0,12 MB/sec), 8,2 ms avg latency, 210,0 ms max latency.
461 records sent, 92,2 records/sec (0,09 MB/sec), 10,8 ms avg latency, 629,0 ms max latency.
526 records sent, 102,4 records/sec (0,10 MB/sec), 9,8 ms avg latency, 622,0 ms max latency.
436 records sent, 87,2 records/sec (0,08 MB/sec), 11,5 ms avg latency, 210,0 ms max latency.
397 records sent, 78,1 records/sec (0,07 MB/sec), 12,8 ms avg latency, 210,0 ms max latency.
496 records sent, 97,3 records/sec (0,09 MB/sec), 10,3 ms avg latency, 647,0 ms max latency.
365 records sent, 71,9 records/sec (0,07 MB/sec), 13,9 ms avg latency, 643,0 ms max latency.
505 records sent, 99,1 records/sec (0,09 MB/sec), 10,1 ms avg latency, 647,0 ms max latency.
457 records sent, 87,4 records/sec (0,08 MB/sec), 11,4 ms avg latency, 643,0 ms max latency.
511 records sent, 100,0 records/sec (0,10 MB/sec), 10,0 ms avg latency, 643,0 ms max latency.
555 records sent, 107,2 records/sec (0,10 MB/sec), 9,3 ms avg latency, 210,0 ms max latency.
361 records sent, 72,2 records/sec (0,07 MB/sec), 13,8 ms avg latency, 210,0 ms max latency.
636 records sent, 124,0 records/sec (0,12 MB/sec), 8,1 ms avg latency, 639,0 ms max latency.
561 records sent, 112,2 records/sec (0,11 MB/sec), 8,9 ms avg latency, 648,0 ms max latency.
447 records sent, 86,4 records/sec (0,08 MB/sec), 11,6 ms avg latency, 210,0 ms max latency.
393 records sent, 77,3 records/sec (0,07 MB/sec), 12,9 ms avg latency, 625,0 ms max latency.
411 records sent, 80,2 records/sec (0,08 MB/sec), 12,5 ms avg latency, 648,0 ms max latency.
570 records sent, 113,5 records/sec (0,11 MB/sec), 8,8 ms avg latency, 637,0 ms max latency.
388 records sent, 76,5 records/sec (0,07 MB/sec), 13,1 ms avg latency, 638,0 ms max latency.
538 records sent, 104,9 records/sec (0,10 MB/sec), 9,5 ms avg latency, 619,0 ms max latency.
375 records sent, 73,8 records/sec (0,07 MB/sec), 13,5 ms avg latency, 649,0 ms max latency.
332 records sent, 64,0 records/sec (0,06 MB/sec), 15,6 ms avg latency, 643,0 ms max latency.
343 records sent, 68,6 records/sec (0,07 MB/sec), 14,6 ms avg latency, 632,0 ms max latency.
422 records sent, 81,8 records/sec (0,08 MB/sec), 12,2 ms avg latency, 648,0 ms max latency.
421 records sent, 81,7 records/sec (0,08 MB/sec), 12,2 ms avg latency, 632,0 ms max latency.
569 records sent, 109,8 records/sec (0,10 MB/sec), 9,1 ms avg latency, 209,0 ms max latency.
248 records sent, 48,4 records/sec (0,05 MB/sec), 20,6 ms avg latency, 1515,0 ms max latency.
607 records sent, 120,7 records/sec (0,12 MB/sec), 8,3 ms avg latency, 210,0 ms max latency.
375 records sent, 73,7 records/sec (0,07 MB/sec), 13,5 ms avg latency, 645,0 ms max latency.
459 records sent, 91,8 records/sec (0,09 MB/sec), 10,9 ms avg latency, 641,0 ms max latency.
336 records sent, 64,6 records/sec (0,06 MB/sec), 15,5 ms avg latency, 641,0 ms max latency.
326 records sent, 63,1 records/sec (0,06 MB/sec), 15,8 ms avg latency, 630,0 ms max latency.
396 records sent, 77,8 records/sec (0,07 MB/sec), 12,8 ms avg latency, 632,0 ms max latency.
342 records sent, 68,4 records/sec (0,07 MB/sec), 14,6 ms avg latency, 637,0 ms max latency.
709 records sent, 139,9 records/sec (0,13 MB/sec), 7,1 ms avg latency, 210,0 ms max latency.
469 records sent, 92,0 records/sec (0,09 MB/sec), 10,8 ms avg latency, 1521,0 ms max latency.
455 records sent, 89,9 records/sec (0,09 MB/sec), 11,1 ms avg latency, 211,0 ms max latency.
480 records sent, 95,2 records/sec (0,09 MB/sec), 10,5 ms avg latency, 647,0 ms max latency.
349 records sent, 69,5 records/sec (0,07 MB/sec), 14,4 ms avg latency, 641,0 ms max latency.
318 records sent, 61,5 records/sec (0,06 MB/sec), 16,2 ms avg latency, 632,0 ms max latency.
448 records sent, 86,8 records/sec (0,08 MB/sec), 11,5 ms avg latency, 210,0 ms max latency.
388 records sent, 76,8 records/sec (0,07 MB/sec), 13,0 ms avg latency, 620,0 ms max latency.
450 records sent, 86,7 records/sec (0,08 MB/sec), 11,5 ms avg latency, 647,0 ms max latency.
489 records sent, 93,1 records/sec (0,09 MB/sec), 10,7 ms avg latency, 631,0 ms max latency.
493 records sent, 98,0 records/sec (0,09 MB/sec), 10,2 ms avg latency, 210,0 ms max latency.
579 records sent, 115,4 records/sec (0,11 MB/sec), 8,7 ms avg latency, 627,0 ms max latency.
418 records sent, 81,5 records/sec (0,08 MB/sec), 12,3 ms avg latency, 210,0 ms max latency.
254 records sent, 50,5 records/sec (0,05 MB/sec), 19,8 ms avg latency, 636,0 ms max latency.
630 records sent, 124,1 records/sec (0,12 MB/sec), 8,0 ms avg latency, 213,0 ms max latency.
492 records sent, 98,0 records/sec (0,09 MB/sec), 10,2 ms avg latency, 210,0 ms max latency.
533 records sent, 102,9 records/sec (0,10 MB/sec), 9,7 ms avg latency, 210,0 ms max latency.
505 records sent, 99,7 records/sec (0,10 MB/sec), 10,0 ms avg latency, 210,0 ms max latency.
587 records sent, 117,4 records/sec (0,11 MB/sec), 8,5 ms avg latency, 210,0 ms max latency.
485 records sent, 96,2 records/sec (0,09 MB/sec), 10,4 ms avg latency, 233,0 ms max latency.
596 records sent, 118,1 records/sec (0,11 MB/sec), 8,5 ms avg latency, 210,0 ms max latency.
465 records sent, 92,4 records/sec (0,09 MB/sec), 10,8 ms avg latency, 649,0 ms max latency.
524 records sent, 102,4 records/sec (0,10 MB/sec), 9,7 ms avg latency, 210,0 ms max latency.
571 records sent, 114,2 records/sec (0,11 MB/sec), 8,7 ms avg latency, 210,0 ms max latency.
558 records sent, 107,7 records/sec (0,10 MB/sec), 9,3 ms avg latency, 210,0 ms max latency.
535 records sent, 103,5 records/sec (0,10 MB/sec), 9,6 ms avg latency, 635,0 ms max latency.
365 records sent, 72,8 records/sec (0,07 MB/sec), 13,7 ms avg latency, 623,0 ms max latency.
469 records sent, 93,8 records/sec (0,09 MB/sec), 10,7 ms avg latency, 211,0 ms max latency.
442 records sent, 85,1 records/sec (0,08 MB/sec), 11,7 ms avg latency, 648,0 ms max latency.
355 records sent, 71,0 records/sec (0,07 MB/sec), 14,1 ms avg latency, 628,0 ms max latency.
562 records sent, 108,6 records/sec (0,10 MB/sec), 9,2 ms avg latency, 620,0 ms max latency.
462 records sent, 88,9 records/sec (0,08 MB/sec), 11,2 ms avg latency, 621,0 ms max latency.
470 records sent, 94,0 records/sec (0,09 MB/sec), 10,6 ms avg latency, 210,0 ms max latency.
523 records sent, 103,2 records/sec (0,10 MB/sec), 9,7 ms avg latency, 626,0 ms max latency.
347 records sent, 66,8 records/sec (0,06 MB/sec), 15,0 ms avg latency, 626,0 ms max latency.
374 records sent, 68,1 records/sec (0,06 MB/sec), 14,7 ms avg latency, 640,0 ms max latency.
484 records sent, 96,4 records/sec (0,09 MB/sec), 10,4 ms avg latency, 623,0 ms max latency.
324 records sent, 64,6 records/sec (0,06 MB/sec), 15,5 ms avg latency, 649,0 ms max latency.
579 records sent, 110,9 records/sec (0,11 MB/sec), 9,0 ms avg latency, 626,0 ms max latency.
427 records sent, 82,2 records/sec (0,08 MB/sec), 12,1 ms avg latency, 1508,0 ms max latency.
463 records sent, 92,2 records/sec (0,09 MB/sec), 10,8 ms avg latency, 210,0 ms max latency.
557 records sent, 111,3 records/sec (0,11 MB/sec), 9,0 ms avg latency, 210,0 ms max latency.
437 records sent, 84,1 records/sec (0,08 MB/sec), 11,9 ms avg latency, 645,0 ms max latency.
80000 records sent, 88,194990 records/sec (0,08 MB/sec), 11,32 ms avg latency, 1722,00 ms max latency, 2 ms 50th, 3 ms 95th, 209 ms 99th, 635 ms 99.9th.

Metric Name                                                                          Value
app-info:commit-id:{client-id=producer-1}                                          : d4284cbebb6f0a4c
app-info:start-time-ms:{client-id=producer-1}                                      : 1592624559483
app-info:version:{client-id=producer-1}                                            : 2.3.1
kafka-metrics-count:count:{client-id=producer-1}                                   : 126,000
producer-metrics:batch-size-avg:{client-id=producer-1}                             : 1075,000
producer-metrics:batch-size-max:{client-id=producer-1}                             : 1075,000
producer-metrics:batch-split-rate:{client-id=producer-1}                           : 0,000
producer-metrics:batch-split-total:{client-id=producer-1}                          : 0,000
producer-metrics:buffer-available-bytes:{client-id=producer-1}                     : 33554432,000
producer-metrics:buffer-exhausted-rate:{client-id=producer-1}                      : 0,000
producer-metrics:buffer-exhausted-total:{client-id=producer-1}                     : 0,000
producer-metrics:buffer-total-bytes:{client-id=producer-1}                         : 33554432,000
producer-metrics:bufferpool-wait-ratio:{client-id=producer-1}                      : 0,000
producer-metrics:bufferpool-wait-time-total:{client-id=producer-1}                 : 0,000
producer-metrics:compression-rate-avg:{client-id=producer-1}                       : 1,000
producer-metrics:connection-close-rate:{client-id=producer-1}                      : 0,020
producer-metrics:connection-close-total:{client-id=producer-1}                     : 9,000
producer-metrics:connection-count:{client-id=producer-1}                           : 3,000
producer-metrics:connection-creation-rate:{client-id=producer-1}                   : 0,020
producer-metrics:connection-creation-total:{client-id=producer-1}                  : 12,000
producer-metrics:failed-authentication-rate:{client-id=producer-1}                 : 0,000
producer-metrics:failed-authentication-total:{client-id=producer-1}                : 0,000
producer-metrics:failed-reauthentication-rate:{client-id=producer-1}               : 0,000
producer-metrics:failed-reauthentication-total:{client-id=producer-1}              : 0,000
producer-metrics:incoming-byte-rate:{client-id=producer-1}                         : 5661,522
producer-metrics:incoming-byte-total:{client-id=producer-1}                        : 4966378,000
producer-metrics:io-ratio:{client-id=producer-1}                                   : 0,003
producer-metrics:io-time-ns-avg:{client-id=producer-1}                             : 11780,717
producer-metrics:io-wait-ratio:{client-id=producer-1}                              : 0,990
producer-metrics:io-wait-time-ns-avg:{client-id=producer-1}                        : 3623759,550
producer-metrics:io-waittime-total:{client-id=producer-1}                          : 898238639398,000
producer-metrics:iotime-total:{client-id=producer-1}                               : 3129484169,000
producer-metrics:metadata-age:{client-id=producer-1}                               : 20,530
producer-metrics:network-io-rate:{client-id=producer-1}                            : 182,168
producer-metrics:network-io-total:{client-id=producer-1}                           : 160052,000
producer-metrics:outgoing-byte-rate:{client-id=producer-1}                         : 104235,239
producer-metrics:outgoing-byte-total:{client-id=producer-1}                        : 91598767,000
producer-metrics:produce-throttle-time-avg:{client-id=producer-1}                  : 0,000
producer-metrics:produce-throttle-time-max:{client-id=producer-1}                  : 0,000
producer-metrics:reauthentication-latency-avg:{client-id=producer-1}               : NaN
producer-metrics:reauthentication-latency-max:{client-id=producer-1}               : NaN
producer-metrics:record-error-rate:{client-id=producer-1}                          : 0,000
producer-metrics:record-error-total:{client-id=producer-1}                         : 0,000
producer-metrics:record-queue-time-avg:{client-id=producer-1}                      : 0,534
producer-metrics:record-queue-time-max:{client-id=producer-1}                      : 1505,000
producer-metrics:record-retry-rate:{client-id=producer-1}                          : 0,020
producer-metrics:record-retry-total:{client-id=producer-1}                         : 8,000
producer-metrics:record-send-rate:{client-id=producer-1}                           : 91,025
producer-metrics:record-send-total:{client-id=producer-1}                          : 80008,000
producer-metrics:record-size-avg:{client-id=producer-1}                            : 1091,000
producer-metrics:record-size-max:{client-id=producer-1}                            : 1091,000
producer-metrics:records-per-request-avg:{client-id=producer-1}                    : 1,000
producer-metrics:request-latency-avg:{client-id=producer-1}                        : 10,411
producer-metrics:request-latency-max:{client-id=producer-1}                        : 649,000
producer-metrics:request-rate:{client-id=producer-1}                               : 91,087
producer-metrics:request-size-avg:{client-id=producer-1}                           : 1144,242
producer-metrics:request-size-max:{client-id=producer-1}                           : 1145,000
producer-metrics:request-total:{client-id=producer-1}                              : 80030,000
producer-metrics:requests-in-flight:{client-id=producer-1}                         : 0,000
producer-metrics:response-rate:{client-id=producer-1}                              : 91,084
producer-metrics:response-total:{client-id=producer-1}                             : 80022,000
producer-metrics:select-rate:{client-id=producer-1}                                : 273,261
producer-metrics:select-total:{client-id=producer-1}                               : 239680,000
producer-metrics:successful-authentication-no-reauth-total:{client-id=producer-1}  : 0,000
producer-metrics:successful-authentication-rate:{client-id=producer-1}             : 0,000
producer-metrics:successful-authentication-total:{client-id=producer-1}            : 0,000
producer-metrics:successful-reauthentication-rate:{client-id=producer-1}           : 0,000
producer-metrics:successful-reauthentication-total:{client-id=producer-1}          : 0,000
producer-metrics:waiting-threads:{client-id=producer-1}                            : 0,000
producer-node-metrics:incoming-byte-rate:{client-id=producer-1, node-id=node--3}   : 0,000
producer-node-metrics:incoming-byte-rate:{client-id=producer-1, node-id=node-1}    : 1936,212
producer-node-metrics:incoming-byte-rate:{client-id=producer-1, node-id=node-3}    : 1851,817
producer-node-metrics:incoming-byte-rate:{client-id=producer-1, node-id=node-6}    : 1897,929
producer-node-metrics:incoming-byte-total:{client-id=producer-1, node-id=node--3}  : 579,000
producer-node-metrics:incoming-byte-total:{client-id=producer-1, node-id=node-1}   : 1660829,000
producer-node-metrics:incoming-byte-total:{client-id=producer-1, node-id=node-3}   : 1647313,000
producer-node-metrics:incoming-byte-total:{client-id=producer-1, node-id=node-6}   : 1657657,000
producer-node-metrics:outgoing-byte-rate:{client-id=producer-1, node-id=node--3}   : 0,000
producer-node-metrics:outgoing-byte-rate:{client-id=producer-1, node-id=node-1}    : 35589,556
producer-node-metrics:outgoing-byte-rate:{client-id=producer-1, node-id=node-3}    : 34198,880
producer-node-metrics:outgoing-byte-rate:{client-id=producer-1, node-id=node-6}    : 34709,081
producer-node-metrics:outgoing-byte-total:{client-id=producer-1, node-id=node--3}  : 67,000
producer-node-metrics:outgoing-byte-total:{client-id=producer-1, node-id=node-1}   : 30644535,000
producer-node-metrics:outgoing-byte-total:{client-id=producer-1, node-id=node-3}   : 30395146,000
producer-node-metrics:outgoing-byte-total:{client-id=producer-1, node-id=node-6}   : 30559019,000
producer-node-metrics:request-latency-avg:{client-id=producer-1, node-id=node--3}  : NaN
producer-node-metrics:request-latency-avg:{client-id=producer-1, node-id=node-1}   : 9,645
producer-node-metrics:request-latency-avg:{client-id=producer-1, node-id=node-3}   : 11,146
producer-node-metrics:request-latency-avg:{client-id=producer-1, node-id=node-6}   : 10,544
producer-node-metrics:request-latency-max:{client-id=producer-1, node-id=node--3}  : NaN
producer-node-metrics:request-latency-max:{client-id=producer-1, node-id=node-1}   : 636,000
producer-node-metrics:request-latency-max:{client-id=producer-1, node-id=node-3}   : 622,000
producer-node-metrics:request-latency-max:{client-id=producer-1, node-id=node-6}   : 649,000
producer-node-metrics:request-rate:{client-id=producer-1, node-id=node--3}         : 0,000
producer-node-metrics:request-rate:{client-id=producer-1, node-id=node-1}          : 31,112
producer-node-metrics:request-rate:{client-id=producer-1, node-id=node-3}          : 29,866
producer-node-metrics:request-rate:{client-id=producer-1, node-id=node-6}          : 30,342
producer-node-metrics:request-size-avg:{client-id=producer-1, node-id=node--3}     : NaN
producer-node-metrics:request-size-avg:{client-id=producer-1, node-id=node-1}      : 1143,873
producer-node-metrics:request-size-avg:{client-id=producer-1, node-id=node-3}      : 1145,000
producer-node-metrics:request-size-avg:{client-id=producer-1, node-id=node-6}      : 1143,872
producer-node-metrics:request-size-max:{client-id=producer-1, node-id=node--3}     : NaN
producer-node-metrics:request-size-max:{client-id=producer-1, node-id=node-1}      : 1145,000
producer-node-metrics:request-size-max:{client-id=producer-1, node-id=node-3}      : 1145,000
producer-node-metrics:request-size-max:{client-id=producer-1, node-id=node-6}      : 1145,000
producer-node-metrics:request-total:{client-id=producer-1, node-id=node--3}        : 2,000
producer-node-metrics:request-total:{client-id=producer-1, node-id=node-1}         : 26772,000
producer-node-metrics:request-total:{client-id=producer-1, node-id=node-3}         : 26554,000
producer-node-metrics:request-total:{client-id=producer-1, node-id=node-6}         : 26702,000
producer-node-metrics:response-rate:{client-id=producer-1, node-id=node--3}        : 0,000
producer-node-metrics:response-rate:{client-id=producer-1, node-id=node-1}         : 31,112
producer-node-metrics:response-rate:{client-id=producer-1, node-id=node-3}         : 29,868
producer-node-metrics:response-rate:{client-id=producer-1, node-id=node-6}         : 30,499
producer-node-metrics:response-total:{client-id=producer-1, node-id=node--3}       : 2,000
producer-node-metrics:response-total:{client-id=producer-1, node-id=node-1}        : 26769,000
producer-node-metrics:response-total:{client-id=producer-1, node-id=node-3}        : 26551,000
producer-node-metrics:response-total:{client-id=producer-1, node-id=node-6}        : 26700,000
producer-topic-metrics:byte-rate:{client-id=producer-1, topic=test-topic}          : 97851,708
producer-topic-metrics:byte-total:{client-id=producer-1, topic=test-topic}         : 85997489,000
producer-topic-metrics:compression-rate:{client-id=producer-1, topic=test-topic}   : 1,000
producer-topic-metrics:record-error-rate:{client-id=producer-1, topic=test-topic}  : 0,000
producer-topic-metrics:record-error-total:{client-id=producer-1, topic=test-topic} : 0,000
producer-topic-metrics:record-retry-rate:{client-id=producer-1, topic=test-topic}  : 0,020
producer-topic-metrics:record-retry-total:{client-id=producer-1, topic=test-topic} : 8,000
producer-topic-metrics:record-send-rate:{client-id=producer-1, topic=test-topic}   : 91,025
producer-topic-metrics:record-send-total:{client-id=producer-1, topic=test-topic}  : 80008,000
Produce Time: 907.08
Aplication time: 907.773
*****Produção finalizada, esperando 180 s para buscar WM*****
Water mark: 320000
